[INFO] 
[INFO] --- maven-resources-plugin:3.2.0:testResources (default-testResources) @ byte-buddy-agent ---
[INFO] Using 'UTF-8' encoding to copy filtered resources.
[INFO] Using 'UTF-8' encoding to copy filtered properties files.
[INFO] skip non existing resourceDirectory /usr/src/RPM/BUILD/byte-buddy-byte-buddy-1.12.0/byte-buddy-agent/src/test/resources
[INFO] 
[INFO] --- maven-compiler-plugin:3.8.1:testCompile (default-testCompile) @ byte-buddy-agent ---
[INFO] Changes detected - recompiling the module!
[INFO] Compiling 12 source files to /usr/src/RPM/BUILD/byte-buddy-byte-buddy-1.12.0/byte-buddy-agent/target/test-classes
[INFO] -------------------------------------------------------------
[ERROR] COMPILATION ERROR : 
[INFO] -------------------------------------------------------------
[ERROR] /usr/src/RPM/BUILD/byte-buddy-byte-buddy-1.12.0/byte-buddy-agent/src/test/java/net/bytebuddy/agent/VirtualMachineForHotSpotTest.java:[4,19] package org.mockito does not exist
[ERROR] /usr/src/RPM/BUILD/byte-buddy-byte-buddy-1.12.0/byte-buddy-agent/src/test/java/net/bytebuddy/agent/VirtualMachineForHotSpotTest.java:[5,30] package org.mockito.invocation does not exist
[ERROR] /usr/src/RPM/BUILD/byte-buddy-byte-buddy-1.12.0/byte-buddy-agent/src/test/java/net/bytebuddy/agent/VirtualMachineForHotSpotTest.java:[6,28] package org.mockito.stubbing does not exist
[ERROR] /usr/src/RPM/BUILD/byte-buddy-byte-buddy-1.12.0/byte-buddy-agent/src/test/java/net/bytebuddy/agent/VirtualMachineForHotSpotTest.java:[13,26] package org.mockito does not exist
[ERROR] /usr/src/RPM/BUILD/byte-buddy-byte-buddy-1.12.0/byte-buddy-agent/src/test/java/net/bytebuddy/agent/VirtualMachineForHotSpotTest.java:[214,48] cannot find symbol
  symbol:   class Answer
  location: class net.bytebuddy.agent.VirtualMachineForHotSpotTest
[ERROR] /usr/src/RPM/BUILD/byte-buddy-byte-buddy-1.12.0/byte-buddy-agent/src/test/java/net/bytebuddy/agent/VirtualMachineForHotSpotTest.java:[222,31] cannot find symbol
  symbol:   class InvocationOnMock
[INFO] Byte Buddy agent ................................... FAILURE [  5.654 s]
[INFO] Byte Buddy (with dependencies) ..................... SKIPPED
[INFO] Byte Buddy (without dependencies) .................. SKIPPED
[INFO] Byte Buddy Maven plugin ............................ SKIPPED
[INFO] ------------------------------------------------------------------------
[INFO] BUILD FAILURE
[INFO] ------------------------------------------------------------------------
[INFO] Total time:  6.517 s
[INFO] Finished at: 2025-05-16T05:40:33Z
[INFO] ------------------------------------------------------------------------
[ERROR] Failed to execute goal org.apache.maven.plugins:maven-compiler-plugin:3.8.1:testCompile (default-testCompile) on project byte-buddy-agent: Compilation failure: Compilation failure: 
[ERROR] /usr/src/RPM/BUILD/byte-buddy-byte-buddy-1.12.0/byte-buddy-agent/src/test/java/net/bytebuddy/agent/VirtualMachineForHotSpotTest.java:[4,19] package org.mockito does not exist
[ERROR] /usr/src/RPM/BUILD/byte-buddy-byte-buddy-1.12.0/byte-buddy-agent/src/test/java/net/bytebuddy/agent/VirtualMachineForHotSpotTest.java:[5,30] package org.mockito.invocation does not exist
[ERROR] /usr/src/RPM/BUILD/byte-buddy-byte-buddy-1.12.0/byte-buddy-agent/src/test/java/net/bytebuddy/agent/VirtualMachineForHotSpotTest.java:[6,28] package org.mockito.stubbing does not exist
[ERROR] /usr/src/RPM/BUILD/byte-buddy-byte-buddy-1.12.0/byte-buddy-agent/src/test/java/net/bytebuddy/agent/VirtualMachineForHotSpotTest.java:[13,26] package org.mockito does not exist
[ERROR] /usr/src/RPM/BUILD/byte-buddy-byte-buddy-1.12.0/byte-buddy-agent/src/test/java/net/bytebuddy/agent/VirtualMachineForHotSpotTest.java:[214,48] cannot find symbol
[ERROR]   symbol:   class Answer
[ERROR]   location: class net.bytebuddy.agent.VirtualMachineForHotSpotTest
[ERROR] /usr/src/RPM/BUILD/byte-buddy-byte-buddy-1.12.0/byte-buddy-agent/src/test/java/net/bytebuddy/agent/VirtualMachineForHotSpotTest.java:[222,31] cannot find symbol
[ERROR]   symbol:   class InvocationOnMock
[ERROR]   location: class net.bytebuddy.agent.VirtualMachineForHotSpotTest.ByteAnswer
[ERROR] -> [Help 1]
[ERROR] 
[ERROR] To see the full stack trace of the errors, re-run Maven with the -e switch.
[ERROR] Re-run Maven using the -X switch to enable full debug logging.
[ERROR] 
[ERROR] For more information about the errors and possible solutions, please read the following articles:
[ERROR] [Help 1] http://cwiki.apache.org/confluence/display/MAVEN/MojoFailureException
[ERROR] 
[ERROR] After correcting the problems, you can resume the build with the command
[ERROR] After correcting the problems, you can resume the build with the command
[ERROR]   mvn <args> -rf :byte-buddy-agent
[ERROR]   mvn <args> -rf :byte-buddy-agent
error: Bad exit status from /usr/src/tmp/rpm-tmp.86832 (%build)
error: Bad exit status from /usr/src/tmp/rpm-tmp.86832 (%build)




RPM build errors:
RPM build errors:
    Bad exit status from /usr/src/tmp/rpm-tmp.86832 (%build)
    Bad exit status from /usr/src/tmp/rpm-tmp.86832 (%build)
Command exited with non-zero status 1
Command exited with non-zero status 1
15.66user 1.01system 0:12.15elapsed 137%CPU (0avgtext+0avgdata 378944maxresident)k
15.66user 1.01system 0:12.15elapsed 137%CPU (0avgtext+0avgdata 378944maxresident)k
0inputs+0outputs (0major+138074minor)pagefaults 0swaps
0inputs+0outputs (0major+138074minor)pagefaults 0swaps
hsh-rebuild: rebuild of `byte-buddy-1.12.0-alt1_3jpp11.src.rpm' failed.
hsh-rebuild: rebuild of `byte-buddy-1.12.0-alt1_3jpp11.src.rpm' failed.
Command exited with non-zero status 1
Command exited with non-zero status 1
14.50user 3.07system 0:43.57elapsed 40%CPU (0avgtext+0avgdata 142384maxresident)k
14.50user 3.07system 0:43.57elapsed 40%CPU (0avgtext+0avgdata 142384maxresident)k
0inputs+0outputs (0major+280168minor)pagefaults 0swaps
