configure.ac:73: You should run autoupdate.
./lib/autoconf/general.m4:2920: AC_TRY_LINK is expanded from...
lib/m4sugar/m4sh.m4:692: _AS_IF_ELSE is expanded from...
lib/m4sugar/m4sh.m4:699: AS_IF is expanded from...
./lib/autoconf/general.m4:2249: AC_CACHE_VAL is expanded from...
./lib/autoconf/general.m4:2249: AC_CACHE_VAL is expanded from...
../m4/woe32-dll.m4:29: gl_WOE32_DLL is expanded from...
../m4/woe32-dll.m4:29: gl_WOE32_DLL is expanded from...
../m4/woe32-dll.m4:29: gl_WOE32_DLL is expanded from...
configure.ac:73: the top level
configure.ac:73: the top level
configure.ac:73: the top level
configure.ac: installing '../build-aux/ylwrap'
configure.ac: installing '../build-aux/ylwrap'
configure.ac: installing '../build-aux/ylwrap'
parallel-tests: installing '../build-aux/test-driver'
parallel-tests: installing '../build-aux/test-driver'
parallel-tests: installing '../build-aux/test-driver'
./autogen.sh: generating files in libtextstyle...
./autogen.sh: generating files in libtextstyle...
./autogen.sh: generating files in libtextstyle...
configure.ac:25: error: AC_INIT should be called with package and version arguments
configure.ac:25: error: AC_INIT should be called with package and version arguments
configure.ac:25: error: AC_INIT should be called with package and version arguments
: gl_AM_INIT_AUTOMAKE is expanded from...
: gl_AM_INIT_AUTOMAKE is expanded from...
: gl_AM_INIT_AUTOMAKE is expanded from...
/usr/share/aclocal-1.16/init.m4:29: AM_INIT_AUTOMAKE is expanded from...
/usr/share/aclocal-1.16/init.m4:29: AM_INIT_AUTOMAKE is expanded from...
/usr/share/aclocal-1.16/init.m4:29: AM_INIT_AUTOMAKE is expanded from...
configure.ac:25: the top level
configure.ac:25: the top level
configure.ac:25: the top level
autom4te-default: error: /usr/bin/m4 failed with exit status: 1
autom4te-default: error: /usr/bin/m4 failed with exit status: 1
autom4te-default: error: /usr/bin/m4 failed with exit status: 1
aclocal-default: error: autom4te failed with exit status: 1
aclocal-default: error: autom4te failed with exit status: 1
aclocal-default: error: autom4te failed with exit status: 1
aclocal.m4:17: warning: this file was generated for autoconf 2.69.
aclocal.m4:17: warning: this file was generated for autoconf 2.69.
aclocal.m4:17: warning: this file was generated for autoconf 2.69.
You have another version of autoconf.  It may work, but is not guaranteed to.
You have another version of autoconf.  It may work, but is not guaranteed to.
You have another version of autoconf.  It may work, but is not guaranteed to.
If you have problems, you may need to regenerate the build system entirely.
If you have problems, you may need to regenerate the build system entirely.
If you have problems, you may need to regenerate the build system entirely.
To do so, use the procedure documented by the package, typically 'autoreconf'.
To do so, use the procedure documented by the package, typically 'autoreconf'.
To do so, use the procedure documented by the package, typically 'autoreconf'.
configure.ac:26: warning: 'AM_CONFIG_HEADER': this macro is obsolete.
configure.ac:26: warning: 'AM_CONFIG_HEADER': this macro is obsolete.
configure.ac:26: warning: 'AM_CONFIG_HEADER': this macro is obsolete.
configure.ac:26: You should use the 'AC_CONFIG_HEADERS' macro instead.
configure.ac:26: You should use the 'AC_CONFIG_HEADERS' macro instead.
./lib/autoconf/general.m4:2434: AC_DIAGNOSE is expanded from...
./lib/autoconf/general.m4:2434: AC_DIAGNOSE is expanded from...
aclocal.m4:732: AM_CONFIG_HEADER is expanded from...
aclocal.m4:732: AM_CONFIG_HEADER is expanded from...
configure.ac:26: the top level
configure.ac:26: the top level
configure.ac:44: warning: The macro `AC_GNU_SOURCE' is obsolete.
configure.ac:71: the top level
configure.ac:127: warning: The macro `AC_PROG_NM' is obsolete.
configure.ac:127: You should run autoupdate.
m4/libtool.m4:3755: AC_PROG_NM is expanded from...
m4/exported.m4:9: gt_GLOBAL_SYMBOL_PIPE is expanded from...
configure.ac:127: the top level
aclocal.m4:17: warning: this file was generated for autoconf 2.69.
You have another version of autoconf.  It may work, but is not guaranteed to.
If you have problems, you may need to regenerate the build system entirely.
To do so, use the procedure documented by the package, typically 'autoreconf'.
configure.ac:25: error: version mismatch.  This is Automake 1.16.5,
configure.ac:25: error: version mismatch.  This is Automake 1.16.5,
configure.ac:25: but the definition used by this AM_INIT_AUTOMAKE
configure.ac:25: but the definition used by this AM_INIT_AUTOMAKE
configure.ac:25: but the definition used by this AM_INIT_AUTOMAKE
configure.ac:25: comes from Automake 1.16.2.  You should recreate
configure.ac:25: comes from Automake 1.16.2.  You should recreate
configure.ac:25: comes from Automake 1.16.2.  You should recreate
configure.ac:25: aclocal.m4 with aclocal and run automake again.
configure.ac:25: aclocal.m4 with aclocal and run automake again.
configure.ac:25: aclocal.m4 with aclocal and run automake again.
configure.ac:25: installing 'build-aux/install-sh'
configure.ac:25: installing 'build-aux/install-sh'
configure.ac:25: installing 'build-aux/install-sh'
configure.ac:25: installing 'build-aux/install-sh'
configure.ac:25: installing 'build-aux/missing'
configure.ac:25: installing 'build-aux/missing'
configure.ac:25: installing 'build-aux/missing'
configure.ac:25: installing 'build-aux/missing'
adhoc-tests/Makefile.am: installing 'build-aux/depcomp'
adhoc-tests/Makefile.am: installing 'build-aux/depcomp'
adhoc-tests/Makefile.am: installing 'build-aux/depcomp'
adhoc-tests/Makefile.am: installing 'build-aux/depcomp'
doc/Makefile.am:32: installing 'build-aux/mdate-sh'
doc/Makefile.am:32: installing 'build-aux/mdate-sh'
doc/Makefile.am:32: installing 'build-aux/mdate-sh'
doc/Makefile.am:32: installing 'build-aux/mdate-sh'
parallel-tests: installing 'build-aux/test-driver'
parallel-tests: installing 'build-aux/test-driver'
parallel-tests: installing 'build-aux/test-driver'
parallel-tests: installing 'build-aux/test-driver'
patching file build-aux/test-driver
patching file build-aux/test-driver
patching file build-aux/test-driver
patching file build-aux/test-driver
Hunk #1 FAILED at 104.
Hunk #1 FAILED at 104.
Hunk #1 FAILED at 104.
Hunk #1 FAILED at 104.
1 out of 1 hunk FAILED -- saving rejects to file build-aux/test-driver.rej
1 out of 1 hunk FAILED -- saving rejects to file build-aux/test-driver.rej
1 out of 1 hunk FAILED -- saving rejects to file build-aux/test-driver.rej
./autogen.sh: generating configure in gettext-tools/examples...
./autogen.sh: generating configure in gettext-tools/examples...
./autogen.sh: generating configure in gettext-tools/examples...
./autogen.sh: copying common files from gettext-runtime to gettext-tools...
./autogen.sh: copying common files from gettext-runtime to gettext-tools...
./autogen.sh: copying common files from gettext-runtime to gettext-tools...
./autogen.sh: line 455: gettext-tools/gnulib-m4/po.m4: No such file or directory
./autogen.sh: line 455: gettext-tools/gnulib-m4/po.m4: No such file or directory
./autogen.sh: line 455: gettext-tools/gnulib-m4/po.m4: No such file or directory
./autogen.sh: generating configure in gettext-tools...
./autogen.sh: generating configure in gettext-tools...
./autogen.sh: generating configure in gettext-tools...
configure.ac:83: warning: The macro `AC_GNU_SOURCE' is obsolete.
configure.ac:83: warning: The macro `AC_GNU_SOURCE' is obsolete.
configure.ac:83: warning: The macro `AC_GNU_SOURCE' is obsolete.
configure.ac:83: You should run autoupdate.
configure.ac:83: You should run autoupdate.
configure.ac:83: You should run autoupdate.
./lib/autoconf/specific.m4:298: AC_GNU_SOURCE is expanded from...
./lib/autoconf/specific.m4:298: AC_GNU_SOURCE is expanded from...
./lib/autoconf/specific.m4:298: AC_GNU_SOURCE is expanded from...
gnulib-m4/gnulib-comp.m4:34: gl_EARLY is expanded from...
gnulib-m4/gnulib-comp.m4:34: gl_EARLY is expanded from...
gnulib-m4/gnulib-comp.m4:34: gl_EARLY is expanded from...
configure.ac:83: the top level
configure.ac:83: the top level
configure.ac:83: the top level
configure.ac:83: warning: The macro `AC_PROG_CC_STDC' is obsolete.
configure.ac:83: warning: The macro `AC_PROG_CC_STDC' is obsolete.
configure.ac:83: You should run autoupdate.
gnulib-m4/std-gnu11.m4:476: AC_PROG_CC_STDC is expanded from...
gnulib-m4/gnulib-common.m4:492: gl_PROG_CC_C99 is expanded from...
checking for getppriv... no
checking for pthread_t... yes
checking for pthread_spinlock_t... yes
checking for PTHREAD_CREATE_DETACHED... yes
checking for PTHREAD_MUTEX_RECURSIVE... yes
checking for PTHREAD_MUTEX_ROBUST... yes
checking for PTHREAD_PROCESS_SHARED... yes
checking whether pthread_create exists as a global function... yes
checking whether pthread_sigmask is a macro... no
checking whether pthread_sigmask works without -lpthread... yes
checking whether pthread_sigmask returns error numbers... yes
checking whether pthread_sigmask unblocks signals correctly... guessing yes
checking for putenv compatible with GNU and SVID... yes
checking for mmap... (cached) yes
checking for MAP_ANONYMOUS... yes
checking for mmap... (cached) yes
checking for MAP_ANONYMOUS... yes
checking whether select supports a 0 argument... (cached) yes
checking whether select detects invalid fds... (cached) yes
checking for a traditional french locale... (cached) fr_FR
checking for a french Unicode locale... (cached) fr_FR.UTF-8
libtool: compile:  x86_64-alt-linux-gcc -DLOCALEDIR=\"/usr/share/locale\" -DBISON_LOCALEDIR=\"/usr/share/locale\" -DLOCALE_ALIAS_PATH=\"/usr/share/locale\" -DUSEJAVA=0 -DGETTEXTJAR=\"/usr/share/gettext/gettext.jar\" -DLIBDIR=\"/usr/lib64\" -DGETTEXTDATADIR=\"/usr/share/gettext\" -DPROJECTSDIR=\"/usr/share/gettext/projects\" -DEXEEXT=\"\" -DHAVE_CONFIG_H -I. -I.. -I. -I. -I.. -I.. -I../libgrep -I../gnulib-lib -I../gnulib-lib -I../intl -I../../gettext-runtime/intl -I../libgettextpo -I../libgettextpo -I///usr/include/libxml2 -pipe -frecord-gcc-switches -Wall -g -O2 -flto=auto -fno-strict-aliasing -c format-gfc-internal.c  -fPIC -DPIC -o .libs/libgettextsrc_la-format-gfc-internal.o
make[5]: Leaving directory '/usr/src/RPM/BUILD/gettext-0.21/gettext-tools/src'
make[5]: Entering directory '/usr/src/RPM/BUILD/gettext-0.21/gettext-tools/src'
/bin/sh ../libtool  --tag=CC   --mode=compile x86_64-alt-linux-gcc -DLOCALEDIR=\"/usr/share/locale\" -DBISON_LOCALEDIR=\"/usr/share/locale\" -DLOCALE_ALIAS_PATH=\"/usr/share/locale\" -DUSEJAVA=0 -DGETTEXTJAR=\"/usr/share/gettext/gettext.jar\" -DLIBDIR=\"/usr/lib64\" -DGETTEXTDATADIR=\"/usr/share/gettext\" -DPROJECTSDIR=\"/usr/share/gettext/projects\" -DEXEEXT=\"\" -DHAVE_CONFIG_H -I. -I..  -I. -I. -I.. -I.. -I../libgrep -I../gnulib-lib -I../gnulib-lib -I../intl -I../../gettext-runtime/intl -I../libgettextpo -I../libgettextpo -I///usr/include/libxml2    -pipe -frecord-gcc-switches -Wall -g -O2 -flto=auto -fno-strict-aliasing -c -o libgettextsrc_la-read-desktop.lo `test -f 'read-desktop.c' || echo './'`read-desktop.c
libtool: compile:  x86_64-alt-linux-gcc -DLOCALEDIR=\"/usr/share/locale\" -DBISON_LOCALEDIR=\"/usr/share/locale\" -DLOCALE_ALIAS_PATH=\"/usr/share/locale\" -DUSEJAVA=0 -DGETTEXTJAR=\"/usr/share/gettext/gettext.jar\" -DLIBDIR=\"/usr/lib64\" -DGETTEXTDATADIR=\"/usr/share/gettext\" -DPROJECTSDIR=\"/usr/share/gettext/projects\" -DEXEEXT=\"\" -DHAVE_CONFIG_H -I. -I.. -I. -I. -I.. -I.. -I../libgrep -I../gnulib-lib -I../gnulib-lib -I../intl -I../../gettext-runtime/intl -I../libgettextpo -I../libgettextpo -I///usr/include/libxml2 -pipe -frecord-gcc-switches -Wall -g -O2 -flto=auto -fno-strict-aliasing -c read-desktop.c  -fPIC -DPIC -o .libs/libgettextsrc_la-read-desktop.o
make[5]: Leaving directory '/usr/src/RPM/BUILD/gettext-0.21/gettext-tools/src'
make[5]: Entering directory '/usr/src/RPM/BUILD/gettext-0.21/gettext-tools/src'
/bin/sh ../libtool  --tag=CC   --mode=compile x86_64-alt-linux-gcc -DLOCALEDIR=\"/usr/share/locale\" -DBISON_LOCALEDIR=\"/usr/share/locale\" -DLOCALE_ALIAS_PATH=\"/usr/share/locale\" -DUSEJAVA=0 -DGETTEXTJAR=\"/usr/share/gettext/gettext.jar\" -DLIBDIR=\"/usr/lib64\" -DGETTEXTDATADIR=\"/usr/share/gettext\" -DPROJECTSDIR=\"/usr/share/gettext/projects\" -DEXEEXT=\"\" -DHAVE_CONFIG_H -I. -I..  -I. -I. -I.. -I.. -I../libgrep -I../gnulib-lib -I../gnulib-lib -I../intl -I../../gettext-runtime/intl -I../libgettextpo -I../libgettextpo -I///usr/include/libxml2    -pipe -frecord-gcc-switches -Wall -g -O2 -flto=auto -fno-strict-aliasing -c -o libgettextsrc_la-locating-rule.lo `test -f 'locating-rule.c' || echo './'`locating-rule.c
libtool: compile:  x86_64-alt-linux-gcc -DLOCALEDIR=\"/usr/share/locale\" -DBISON_LOCALEDIR=\"/usr/share/locale\" -DLOCALE_ALIAS_PATH=\"/usr/share/locale\" -DUSEJAVA=0 -DGETTEXTJAR=\"/usr/share/gettext/gettext.jar\" -DLIBDIR=\"/usr/lib64\" -DGETTEXTDATADIR=\"/usr/share/gettext\" -DPROJECTSDIR=\"/usr/share/gettext/projects\" -DEXEEXT=\"\" -DHAVE_CONFIG_H -I. -I.. -I. -I. -I.. -I.. -I../libgrep -I../gnulib-lib -I../gnulib-lib -I../intl -I../../gettext-runtime/intl -I../libgettextpo -I../libgettextpo -I///usr/include/libxml2 -pipe -frecord-gcc-switches -Wall -g -O2 -flto=auto -fno-strict-aliasing -c locating-rule.c  -fPIC -DPIC -o .libs/libgettextsrc_la-locating-rule.o
locating-rule.c: In function 'locating_rule_match':
locating-rule.c:150:7: error: implicit declaration of function 'free' [-Wimplicit-function-declaration]
  150 |       free (reduced);
      |       ^~~~
locating-rule.c:50:1: note: include '<stdlib.h>' or provide a declaration of 'free'
   49 | #include "xalloc.h"
  +++ |+#include <stdlib.h>
   50 | 
locating-rule.c:150:7: warning: incompatible implicit declaration of built-in function 'free' [-Wbuiltin-declaration-mismatch]
  150 |       free (reduced);
      |       ^~~~
locating-rule.c:150:7: note: include '<stdlib.h>' or provide a declaration of 'free'
locating-rule.c: In function 'locating_rule_list_destroy':
locating-rule.c:431:3: warning: incompatible implicit declaration of built-in function 'free' [-Wbuiltin-declaration-mismatch]
  431 |   free (rules->items);
  431 |   free (rules->items);
      |   ^~~~
      |   ^~~~
      |   ^~~~
locating-rule.c:431:3: note: include '<stdlib.h>' or provide a declaration of 'free'
locating-rule.c:431:3: note: include '<stdlib.h>' or provide a declaration of 'free'
locating-rule.c:431:3: note: include '<stdlib.h>' or provide a declaration of 'free'
locating-rule.c:431:3: note: include '<stdlib.h>' or provide a declaration of 'free'
locating-rule.c: In function 'locating_rule_list_free':
locating-rule.c: In function 'locating_rule_list_free':
locating-rule.c: In function 'locating_rule_list_free':
locating-rule.c: In function 'locating_rule_list_free':
locating-rule.c: In function 'locating_rule_list_free':
locating-rule.c:439:3: warning: incompatible implicit declaration of built-in function 'free' [-Wbuiltin-declaration-mismatch]
locating-rule.c:439:3: warning: incompatible implicit declaration of built-in function 'free' [-Wbuiltin-declaration-mismatch]
locating-rule.c:439:3: warning: incompatible implicit declaration of built-in function 'free' [-Wbuiltin-declaration-mismatch]
locating-rule.c:439:3: warning: incompatible implicit declaration of built-in function 'free' [-Wbuiltin-declaration-mismatch]
locating-rule.c:439:3: warning: incompatible implicit declaration of built-in function 'free' [-Wbuiltin-declaration-mismatch]
locating-rule.c:439:3: warning: incompatible implicit declaration of built-in function 'free' [-Wbuiltin-declaration-mismatch]
  439 |   free (rules);
  439 |   free (rules);
  439 |   free (rules);
  439 |   free (rules);
  439 |   free (rules);
  439 |   free (rules);
  439 |   free (rules);
      |   ^~~~
      |   ^~~~
      |   ^~~~
      |   ^~~~
      |   ^~~~
      |   ^~~~
      |   ^~~~
locating-rule.c:439:3: note: include '<stdlib.h>' or provide a declaration of 'free'
locating-rule.c:439:3: note: include '<stdlib.h>' or provide a declaration of 'free'
locating-rule.c:439:3: note: include '<stdlib.h>' or provide a declaration of 'free'
locating-rule.c:439:3: note: include '<stdlib.h>' or provide a declaration of 'free'
locating-rule.c:439:3: note: include '<stdlib.h>' or provide a declaration of 'free'
locating-rule.c:439:3: note: include '<stdlib.h>' or provide a declaration of 'free'
locating-rule.c:439:3: note: include '<stdlib.h>' or provide a declaration of 'free'
make[5]: *** [Makefile:3415: libgettextsrc_la-locating-rule.lo] Error 1
make[5]: *** [Makefile:3415: libgettextsrc_la-locating-rule.lo] Error 1
make[5]: *** [Makefile:3415: libgettextsrc_la-locating-rule.lo] Error 1
make[5]: *** [Makefile:3415: libgettextsrc_la-locating-rule.lo] Error 1
make[5]: *** [Makefile:3415: libgettextsrc_la-locating-rule.lo] Error 1
make[5]: *** [Makefile:3415: libgettextsrc_la-locating-rule.lo] Error 1
make[5]: *** [Makefile:3415: libgettextsrc_la-locating-rule.lo] Error 1
make[5]: Leaving directory '/usr/src/RPM/BUILD/gettext-0.21/gettext-tools/src'
make[5]: Leaving directory '/usr/src/RPM/BUILD/gettext-0.21/gettext-tools/src'
make[5]: Leaving directory '/usr/src/RPM/BUILD/gettext-0.21/gettext-tools/src'
make[5]: Leaving directory '/usr/src/RPM/BUILD/gettext-0.21/gettext-tools/src'
make[5]: Leaving directory '/usr/src/RPM/BUILD/gettext-0.21/gettext-tools/src'
make[5]: Leaving directory '/usr/src/RPM/BUILD/gettext-0.21/gettext-tools/src'
make[5]: Leaving directory '/usr/src/RPM/BUILD/gettext-0.21/gettext-tools/src'
make[4]: *** [Makefile:2954: all] Error 2
make[4]: *** [Makefile:2954: all] Error 2
make[4]: *** [Makefile:2954: all] Error 2
make[4]: *** [Makefile:2954: all] Error 2
make[4]: *** [Makefile:2954: all] Error 2
make[4]: *** [Makefile:2954: all] Error 2
make[4]: *** [Makefile:2954: all] Error 2
make[3]: *** [Makefile:2357: all-recursive] Error 1
make[3]: *** [Makefile:2357: all-recursive] Error 1
make[3]: *** [Makefile:2357: all-recursive] Error 1
make[3]: *** [Makefile:2357: all-recursive] Error 1
make[3]: *** [Makefile:2357: all-recursive] Error 1
make[3]: *** [Makefile:2357: all-recursive] Error 1
make[3]: *** [Makefile:2357: all-recursive] Error 1
make[2]: *** [Makefile:2225: all] Error 2
make[2]: *** [Makefile:2225: all] Error 2
make[2]: *** [Makefile:2225: all] Error 2
make[2]: *** [Makefile:2225: all] Error 2
make[2]: *** [Makefile:2225: all] Error 2
make[2]: *** [Makefile:2225: all] Error 2
make[2]: *** [Makefile:2225: all] Error 2
make[1]: *** [Makefile:406: all-recursive] Error 1
make[1]: *** [Makefile:406: all-recursive] Error 1
make[1]: *** [Makefile:406: all-recursive] Error 1
make[1]: *** [Makefile:406: all-recursive] Error 1
make[1]: *** [Makefile:406: all-recursive] Error 1
make[1]: *** [Makefile:406: all-recursive] Error 1
make[1]: *** [Makefile:406: all-recursive] Error 1
make[1]: *** [Makefile:406: all-recursive] Error 1
make: *** [Makefile:362: all] Error 2
make: *** [Makefile:362: all] Error 2
make: *** [Makefile:362: all] Error 2
make: *** [Makefile:362: all] Error 2
make: *** [Makefile:362: all] Error 2
make: *** [Makefile:362: all] Error 2
make: *** [Makefile:362: all] Error 2
make: *** [Makefile:362: all] Error 2
error: Bad exit status from /usr/src/tmp/rpm-tmp.53399 (%build)
error: Bad exit status from /usr/src/tmp/rpm-tmp.53399 (%build)
error: Bad exit status from /usr/src/tmp/rpm-tmp.53399 (%build)
error: Bad exit status from /usr/src/tmp/rpm-tmp.53399 (%build)
error: Bad exit status from /usr/src/tmp/rpm-tmp.53399 (%build)
error: Bad exit status from /usr/src/tmp/rpm-tmp.53399 (%build)
error: Bad exit status from /usr/src/tmp/rpm-tmp.53399 (%build)
error: Bad exit status from /usr/src/tmp/rpm-tmp.53399 (%build)
















RPM build errors:
RPM build errors:
RPM build errors:
RPM build errors:
RPM build errors:
RPM build errors:
RPM build errors:
RPM build errors:
    Bad exit status from /usr/src/tmp/rpm-tmp.53399 (%build)
    Bad exit status from /usr/src/tmp/rpm-tmp.53399 (%build)
    Bad exit status from /usr/src/tmp/rpm-tmp.53399 (%build)
    Bad exit status from /usr/src/tmp/rpm-tmp.53399 (%build)
    Bad exit status from /usr/src/tmp/rpm-tmp.53399 (%build)
    Bad exit status from /usr/src/tmp/rpm-tmp.53399 (%build)
    Bad exit status from /usr/src/tmp/rpm-tmp.53399 (%build)
Command exited with non-zero status 1
Command exited with non-zero status 1
Command exited with non-zero status 1
Command exited with non-zero status 1
Command exited with non-zero status 1
Command exited with non-zero status 1
Command exited with non-zero status 1
103.73user 87.16system 2:19.82elapsed 136%CPU (0avgtext+0avgdata 248692maxresident)k
103.73user 87.16system 2:19.82elapsed 136%CPU (0avgtext+0avgdata 248692maxresident)k
103.73user 87.16system 2:19.82elapsed 136%CPU (0avgtext+0avgdata 248692maxresident)k
103.73user 87.16system 2:19.82elapsed 136%CPU (0avgtext+0avgdata 248692maxresident)k
103.73user 87.16system 2:19.82elapsed 136%CPU (0avgtext+0avgdata 248692maxresident)k
103.73user 87.16system 2:19.82elapsed 136%CPU (0avgtext+0avgdata 248692maxresident)k
0inputs+0outputs (0major+17242433minor)pagefaults 0swaps
0inputs+0outputs (0major+17242433minor)pagefaults 0swaps
0inputs+0outputs (0major+17242433minor)pagefaults 0swaps
0inputs+0outputs (0major+17242433minor)pagefaults 0swaps
0inputs+0outputs (0major+17242433minor)pagefaults 0swaps
hsh-rebuild: rebuild of `gettext-0.21-alt2.src.rpm' failed.
hsh-rebuild: rebuild of `gettext-0.21-alt2.src.rpm' failed.
hsh-rebuild: rebuild of `gettext-0.21-alt2.src.rpm' failed.
hsh-rebuild: rebuild of `gettext-0.21-alt2.src.rpm' failed.
Command exited with non-zero status 1
Command exited with non-zero status 1
Command exited with non-zero status 1
3.97user 2.76system 2:37.02elapsed 4%CPU (0avgtext+0avgdata 141796maxresident)k
3.97user 2.76system 2:37.02elapsed 4%CPU (0avgtext+0avgdata 141796maxresident)k
0inputs+0outputs (0major+244657minor)pagefaults 0swaps
