[WARNING] /usr/src/RPM/BUILD/httpcomponents-client-4.5.13/httpclient/src/test/java/org/apache/http/client/utils/TestURLEncodedUtils.java:[130,15] <T>assertThat(T,org.hamcrest.Matcher<? super T>) in org.junit.Assert has been deprecated
[WARNING] /usr/src/RPM/BUILD/httpcomponents-client-4.5.13/httpclient/src/test/java/org/apache/http/client/utils/TestURLEncodedUtils.java:[132,15] <T>assertThat(T,org.hamcrest.Matcher<? super T>) in org.junit.Assert has been deprecated
[WARNING] /usr/src/RPM/BUILD/httpcomponents-client-4.5.13/httpclient/src/test/java/org/apache/http/client/utils/TestURLEncodedUtils.java:[134,15] <T>assertThat(T,org.hamcrest.Matcher<? super T>) in org.junit.Assert has been deprecated
[WARNING] /usr/src/RPM/BUILD/httpcomponents-client-4.5.13/httpclient/src/test/java/org/apache/http/client/utils/TestURLEncodedUtils.java:[136,15] <T>assertThat(T,org.hamcrest.Matcher<? super T>) in org.junit.Assert has been deprecated
[WARNING] /usr/src/RPM/BUILD/httpcomponents-client-4.5.13/httpclient/src/test/java/org/apache/http/client/utils/TestURLEncodedUtils.java:[138,15] <T>assertThat(T,org.hamcrest.Matcher<? super T>) in org.junit.Assert has been deprecated
[WARNING] /usr/src/RPM/BUILD/httpcomponents-client-4.5.13/httpclient/src/test/java/org/apache/http/client/utils/TestURLEncodedUtils.java:[140,15] <T>assertThat(T,org.hamcrest.Matcher<? super T>) in org.junit.Assert has been deprecated
[WARNING] /usr/src/RPM/BUILD/httpcomponents-client-4.5.13/httpclient/src/test/java/org/apache/http/impl/auth/TestRFC2617Scheme.java:[64,23] authenticate(org.apache.http.auth.Credentials,org.apache.http.HttpRequest) in org.apache.http.auth.AuthScheme has been deprecated
[INFO] 35 warnings 
[INFO] -------------------------------------------------------------
[INFO] -------------------------------------------------------------
[ERROR] COMPILATION ERROR : 
[INFO] -------------------------------------------------------------
[ERROR] /usr/src/RPM/BUILD/httpcomponents-client-4.5.13/httpclient/src/test/java/org/apache/http/impl/execchain/TestRetryExec.java:[45,19] package org.mockito does not exist
[ERROR] /usr/src/RPM/BUILD/httpcomponents-client-4.5.13/httpclient/src/test/java/org/apache/http/impl/execchain/TestRetryExec.java:[46,19] package org.mockito does not exist
[ERROR] /usr/src/RPM/BUILD/httpcomponents-client-4.5.13/httpclient/src/test/java/org/apache/http/impl/execchain/TestRetryExec.java:[47,19] package org.mockito does not exist
[ERROR] /usr/src/RPM/BUILD/httpcomponents-client-4.5.13/httpclient/src/test/java/org/apache/http/impl/execchain/TestRetryExec.java:[48,30] package org.mockito.invocation does not exist
[ERROR] /usr/src/RPM/BUILD/httpcomponents-client-4.5.13/httpclient/src/test/java/org/apache/http/impl/execchain/TestRetryExec.java:[49,28] package org.mockito.stubbing does not exist
[ERROR] /usr/src/RPM/BUILD/httpcomponents-client-4.5.13/httpclient/src/test/java/org/apache/http/impl/auth/TestHttpAuthenticator.java:[65,19] package org.mockito does not exist
[ERROR] /usr/src/RPM/BUILD/httpcomponents-client-4.5.13/httpclient/src/test/java/org/apache/http/impl/execchain/TestMainClientExec.java:[86,19] package org.mockito does not exist
[ERROR] /usr/src/RPM/BUILD/httpcomponents-client-4.5.13/httpclient/src/test/java/org/apache/http/impl/execchain/TestMainClientExec.java:[87,19] package org.mockito does not exist
[ERROR] /usr/src/RPM/BUILD/httpcomponents-client-4.5.13/httpclient/src/test/java/org/apache/http/impl/execchain/TestMainClientExec.java:[88,19] package org.mockito does not exist
[INFO] Reactor Summary for Apache HttpComponents Client 4.5.13:
[INFO] 
[INFO] Apache HttpComponents Client ....................... SUCCESS [  0.601 s]
[INFO] Apache HttpClient .................................. FAILURE [  3.872 s]
[INFO] ------------------------------------------------------------------------
[INFO] BUILD FAILURE
[INFO] ------------------------------------------------------------------------
[INFO] Total time:  4.735 s
[INFO] Finished at: 2025-05-16T04:53:39Z
[INFO] ------------------------------------------------------------------------
[ERROR] Failed to execute goal org.apache.maven.plugins:maven-compiler-plugin:3.8.1:testCompile (default-testCompile) on project httpclient: Compilation failure: Compilation failure: 
[ERROR] /usr/src/RPM/BUILD/httpcomponents-client-4.5.13/httpclient/src/test/java/org/apache/http/impl/execchain/TestRetryExec.java:[45,19] package org.mockito does not exist
[ERROR] /usr/src/RPM/BUILD/httpcomponents-client-4.5.13/httpclient/src/test/java/org/apache/http/impl/execchain/TestRetryExec.java:[46,19] package org.mockito does not exist
[ERROR] /usr/src/RPM/BUILD/httpcomponents-client-4.5.13/httpclient/src/test/java/org/apache/http/impl/execchain/TestRetryExec.java:[47,19] package org.mockito does not exist
[ERROR] /usr/src/RPM/BUILD/httpcomponents-client-4.5.13/httpclient/src/test/java/org/apache/http/impl/execchain/TestRetryExec.java:[48,30] package org.mockito.invocation does not exist
[ERROR] /usr/src/RPM/BUILD/httpcomponents-client-4.5.13/httpclient/src/test/java/org/apache/http/impl/execchain/TestRetryExec.java:[49,28] package org.mockito.stubbing does not exist
[ERROR] /usr/src/RPM/BUILD/httpcomponents-client-4.5.13/httpclient/src/test/java/org/apache/http/impl/auth/TestHttpAuthenticator.java:[65,19] package org.mockito does not exist
[ERROR] /usr/src/RPM/BUILD/httpcomponents-client-4.5.13/httpclient/src/test/java/org/apache/http/impl/execchain/TestMainClientExec.java:[86,19] package org.mockito does not exist
[ERROR] /usr/src/RPM/BUILD/httpcomponents-client-4.5.13/httpclient/src/test/java/org/apache/http/impl/execchain/TestMainClientExec.java:[87,19] package org.mockito does not exist
[ERROR] /usr/src/RPM/BUILD/httpcomponents-client-4.5.13/httpclient/src/test/java/org/apache/http/impl/execchain/TestMainClientExec.java:[88,19] package org.mockito does not exist
[ERROR] /usr/src/RPM/BUILD/httpcomponents-client-4.5.13/httpclient/src/test/java/org/apache/http/impl/execchain/TestMainClientExec.java:[89,19] package org.mockito does not exist
[ERROR] -> [Help 1]
[ERROR] 
[ERROR] To see the full stack trace of the errors, re-run Maven with the -e switch.
[ERROR] Re-run Maven using the -X switch to enable full debug logging.
[ERROR] 
[ERROR] For more information about the errors and possible solutions, please read the following articles:
[ERROR] [Help 1] http://cwiki.apache.org/confluence/display/MAVEN/MojoFailureException
[ERROR] 
[ERROR] After correcting the problems, you can resume the build with the command
[ERROR] After correcting the problems, you can resume the build with the command
[ERROR]   mvn <args> -rf :httpclient
[ERROR]   mvn <args> -rf :httpclient
error: Bad exit status from /usr/src/tmp/rpm-tmp.33648 (%build)
error: Bad exit status from /usr/src/tmp/rpm-tmp.33648 (%build)




RPM build errors:
RPM build errors:
    Bad exit status from /usr/src/tmp/rpm-tmp.33648 (%build)
    Bad exit status from /usr/src/tmp/rpm-tmp.33648 (%build)
Command exited with non-zero status 1
Command exited with non-zero status 1
35.76user 4.77system 0:06.59elapsed 614%CPU (0avgtext+0avgdata 797696maxresident)k
35.76user 4.77system 0:06.59elapsed 614%CPU (0avgtext+0avgdata 797696maxresident)k
0inputs+0outputs (0major+177645minor)pagefaults 0swaps
0inputs+0outputs (0major+177645minor)pagefaults 0swaps
hsh-rebuild: rebuild of `httpcomponents-client-4.5.13-alt1_2jpp11.src.rpm' failed.
hsh-rebuild: rebuild of `httpcomponents-client-4.5.13-alt1_2jpp11.src.rpm' failed.
Command exited with non-zero status 1
Command exited with non-zero status 1
8.90user 4.46system 0:31.82elapsed 41%CPU (0avgtext+0avgdata 139836maxresident)k
8.90user 4.46system 0:31.82elapsed 41%CPU (0avgtext+0avgdata 139836maxresident)k
32inputs+0outputs (0major+343621minor)pagefaults 0swaps
