warning: user igor does not exist - using root
warning: group igor does not exist - using root
warning: group igor does not exist - using root
warning: user igor does not exist - using root
warning: user igor does not exist - using root
warning: group igor does not exist - using root
warning: group igor does not exist - using root
warning: user igor does not exist - using root
warning: user igor does not exist - using root
warning: group igor does not exist - using root
warning: group igor does not exist - using root
warning: user igor does not exist - using root
warning: user igor does not exist - using root
warning: group igor does not exist - using root
warning: group igor does not exist - using root
warning: user igor does not exist - using root
warning: user igor does not exist - using root
warning: group igor does not exist - using root
warning: group igor does not exist - using root
sh: line 1: find-jar: command not found
sh: line 1: find-jar: command not found
sh: line 1: find-jar: command not found
sh: line 1: find-jar: command not found
warning: Macro %mvn_build not found
warning: Macro %mvn_build not found
warning: Macro %mvn_install not found
warning: Macro %mvn_install not found
<13>May 16 04:31:18 rpmi: javapackages-filesystem-1:6.0.0-alt3 sisyphus+378353.100.1.1 1742277151 installed
<13>May 16 04:31:18 rpmi: javapackages-filesystem-1:6.0.0-alt3 sisyphus+378353.100.1.1 1742277151 installed
<13>May 16 04:31:18 rpmi: plexus-utils-0:3.3.0-alt1_7jpp11 sisyphus+283216.100.1.3 1629255397 installed
<13>May 16 04:31:18 rpmi: plexus-utils-0:3.3.0-alt1_7jpp11 sisyphus+283216.100.1.3 1629255397 installed
<13>May 16 04:31:18 rpmi: plexus-containers-component-annotations-0:2.1.1-alt1_2jpp11 sisyphus+318726.100.1.3 1681809130 installed
<13>May 16 04:31:18 rpmi: plexus-containers-component-annotations-0:2.1.1-alt1_2jpp11 sisyphus+318726.100.1.3 1681809130 installed
<13>May 16 04:31:18 rpmi: apache-commons-io-1:2.11.0-alt1_2jpp11 sisyphus+318723.100.1.1 1681807648 installed
<13>May 16 04:31:18 rpmi: apache-commons-io-1:2.11.0-alt1_2jpp11 sisyphus+318723.100.1.1 1681807648 installed
<13>May 16 04:31:18 rpmi: maven-shared-utils-3.3.4-alt1_2jpp11 sisyphus+302881.100.1.1 1656671461 installed
<13>May 16 04:31:18 rpmi: maven-shared-utils-3.3.4-alt1_2jpp11 sisyphus+302881.100.1.1 1656671461 installed
<13>May 16 04:31:18 rpmi: slf4j-0:1.7.36-alt1 sisyphus+382913.300.3.1 1746015802 installed
<13>May 16 04:31:18 rpmi: slf4j-0:1.7.36-alt1 sisyphus+382913.300.3.1 1746015802 installed
<13>May 16 04:31:18 rpmi: apache-commons-lang3-3.17.0-alt1 sisyphus+382425.100.5.2 1747315776 installed
<13>May 16 04:31:18 rpmi: apache-commons-lang3-3.17.0-alt1 sisyphus+382425.100.5.2 1747315776 installed
<13>May 16 04:31:18 rpmi: atinject-0:1.0.5-alt1_3jpp11 sisyphus+303043.100.1.1 1656765531 installed
[INFO] Using 'UTF-8' encoding to copy filtered properties files.
[INFO] Copying 45 resources
[INFO] Copying 5 resources
[INFO] 
[INFO] --- maven-compiler-plugin:3.8.1:testCompile (default-testCompile) @ maven-compiler-plugin ---
[INFO] Changes detected - recompiling the module!
[INFO] Compiling 4 source files to /usr/src/RPM/BUILD/maven-compiler-plugin-3.8.1/target/test-classes
[INFO] /usr/src/RPM/BUILD/maven-compiler-plugin-3.8.1/src/test/java/org/apache/maven/plugin/compiler/stubs/CompilerStub.java: /usr/src/RPM/BUILD/maven-compiler-plugin-3.8.1/src/test/java/org/apache/maven/plugin/compiler/stubs/CompilerStub.java uses or overrides a deprecated API.
[INFO] /usr/src/RPM/BUILD/maven-compiler-plugin-3.8.1/src/test/java/org/apache/maven/plugin/compiler/stubs/CompilerStub.java: Recompile with -Xlint:deprecation for details.
[INFO] -------------------------------------------------------------
[ERROR] COMPILATION ERROR : 
[INFO] -------------------------------------------------------------
[ERROR] /usr/src/RPM/BUILD/maven-compiler-plugin-3.8.1/src/test/java/org/apache/maven/plugin/compiler/CompilerMojoTestCase.java:[22,26] package org.mockito does not exist
[ERROR] /usr/src/RPM/BUILD/maven-compiler-plugin-3.8.1/src/test/java/org/apache/maven/plugin/compiler/CompilerMojoTestCase.java:[22,1] static import only from classes and interfaces
[ERROR] /usr/src/RPM/BUILD/maven-compiler-plugin-3.8.1/src/test/java/org/apache/maven/plugin/compiler/CompilerMojoTestCase.java:[23,26] package org.mockito does not exist
[ERROR] /usr/src/RPM/BUILD/maven-compiler-plugin-3.8.1/src/test/java/org/apache/maven/plugin/compiler/CompilerMojoTestCase.java:[23,1] static import only from classes and interfaces
[ERROR] /usr/src/RPM/BUILD/maven-compiler-plugin-3.8.1/src/test/java/org/apache/maven/plugin/compiler/CompilerMojoTestCase.java:[24,26] package org.mockito does not exist
[ERROR] /usr/src/RPM/BUILD/maven-compiler-plugin-3.8.1/src/test/java/org/apache/maven/plugin/compiler/CompilerMojoTestCase.java:[24,1] static import only from classes and interfaces
[ERROR] /usr/src/RPM/BUILD/maven-compiler-plugin-3.8.1/src/test/java/org/apache/maven/plugin/compiler/CompilerMojoTestCase.java:[25,26] package org.mockito does not exist
[ERROR] /usr/src/RPM/BUILD/maven-compiler-plugin-3.8.1/src/test/java/org/apache/maven/plugin/compiler/CompilerMojoTestCase.java:[25,1] static import only from classes and interfaces
[ERROR] /usr/src/RPM/BUILD/maven-compiler-plugin-3.8.1/src/test/java/org/apache/maven/plugin/compiler/CompilerMojoTestCase.java:[26,26] package org.mockito does not exist
[INFO] ------------------------------------------------------------------------
[INFO] Skipping Apache Maven Compiler Plugin
[INFO] This project has been banned from the build due to previous failures.
[INFO] ------------------------------------------------------------------------
[INFO] ------------------------------------------------------------------------
[INFO] BUILD FAILURE
[INFO] ------------------------------------------------------------------------
[INFO] Total time:  3.548 s
[INFO] Finished at: 2025-05-16T04:31:39Z
[INFO] ------------------------------------------------------------------------
[ERROR] Failed to execute goal org.apache.maven.plugins:maven-compiler-plugin:3.8.1:testCompile (default-testCompile) on project maven-compiler-plugin: Compilation failure: Compilation failure: 
[ERROR] /usr/src/RPM/BUILD/maven-compiler-plugin-3.8.1/src/test/java/org/apache/maven/plugin/compiler/CompilerMojoTestCase.java:[22,26] package org.mockito does not exist
[ERROR] /usr/src/RPM/BUILD/maven-compiler-plugin-3.8.1/src/test/java/org/apache/maven/plugin/compiler/CompilerMojoTestCase.java:[22,1] static import only from classes and interfaces
[ERROR] /usr/src/RPM/BUILD/maven-compiler-plugin-3.8.1/src/test/java/org/apache/maven/plugin/compiler/CompilerMojoTestCase.java:[23,26] package org.mockito does not exist
[ERROR] /usr/src/RPM/BUILD/maven-compiler-plugin-3.8.1/src/test/java/org/apache/maven/plugin/compiler/CompilerMojoTestCase.java:[23,1] static import only from classes and interfaces
[ERROR] /usr/src/RPM/BUILD/maven-compiler-plugin-3.8.1/src/test/java/org/apache/maven/plugin/compiler/CompilerMojoTestCase.java:[24,26] package org.mockito does not exist
[ERROR] /usr/src/RPM/BUILD/maven-compiler-plugin-3.8.1/src/test/java/org/apache/maven/plugin/compiler/CompilerMojoTestCase.java:[24,1] static import only from classes and interfaces
[ERROR] /usr/src/RPM/BUILD/maven-compiler-plugin-3.8.1/src/test/java/org/apache/maven/plugin/compiler/CompilerMojoTestCase.java:[25,26] package org.mockito does not exist
[ERROR] /usr/src/RPM/BUILD/maven-compiler-plugin-3.8.1/src/test/java/org/apache/maven/plugin/compiler/CompilerMojoTestCase.java:[25,1] static import only from classes and interfaces
[ERROR] /usr/src/RPM/BUILD/maven-compiler-plugin-3.8.1/src/test/java/org/apache/maven/plugin/compiler/CompilerMojoTestCase.java:[26,26] package org.mockito does not exist
[ERROR] /usr/src/RPM/BUILD/maven-compiler-plugin-3.8.1/src/test/java/org/apache/maven/plugin/compiler/CompilerMojoTestCase.java:[26,1] static import only from classes and interfaces
[ERROR] /usr/src/RPM/BUILD/maven-compiler-plugin-3.8.1/src/test/java/org/apache/maven/plugin/compiler/CompilerMojoTestCase.java:[476,9] cannot find symbol
[ERROR]   symbol:   method when(org.apache.maven.project.MavenProject)
[ERROR]   location: class org.apache.maven.plugin.compiler.CompilerMojoTestCase
[ERROR] -> [Help 1]
[ERROR] 
[ERROR] To see the full stack trace of the errors, re-run Maven with the -e switch.
[ERROR] Re-run Maven using the -X switch to enable full debug logging.
[ERROR] 
[ERROR] For more information about the errors and possible solutions, please read the following articles:
[ERROR] For more information about the errors and possible solutions, please read the following articles:
[ERROR] [Help 1] http://cwiki.apache.org/confluence/display/MAVEN/MojoFailureException
[ERROR] [Help 1] http://cwiki.apache.org/confluence/display/MAVEN/MojoFailureException
error: Bad exit status from /usr/src/tmp/rpm-tmp.40354 (%build)
error: Bad exit status from /usr/src/tmp/rpm-tmp.40354 (%build)




RPM build errors:
RPM build errors:
    Bad exit status from /usr/src/tmp/rpm-tmp.40354 (%build)
    Bad exit status from /usr/src/tmp/rpm-tmp.40354 (%build)
Command exited with non-zero status 1
Command exited with non-zero status 1
16.69user 0.88system 0:04.89elapsed 359%CPU (0avgtext+0avgdata 538324maxresident)k
16.69user 0.88system 0:04.89elapsed 359%CPU (0avgtext+0avgdata 538324maxresident)k
0inputs+0outputs (0major+74877minor)pagefaults 0swaps
0inputs+0outputs (0major+74877minor)pagefaults 0swaps
hsh-rebuild: rebuild of `maven-compiler-plugin-3.8.1-alt1_10jpp11.src.rpm' failed.
hsh-rebuild: rebuild of `maven-compiler-plugin-3.8.1-alt1_10jpp11.src.rpm' failed.
Command exited with non-zero status 1
Command exited with non-zero status 1
18.94user 4.99system 0:43.06elapsed 55%CPU (0avgtext+0avgdata 142228maxresident)k
18.94user 4.99system 0:43.06elapsed 55%CPU (0avgtext+0avgdata 142228maxresident)k
232inputs+0outputs (0major+282543minor)pagefaults 0swaps
