t/10.basic.t .... 
Dubious, test returned 2 (wstat 512, 0x200)
All 4 subtests passed 
Can't use an undefined value as a subroutine reference at /usr/share/perl5/YAML/PP/Representer.pm line 159.
Can't use an undefined value as a subroutine reference at /usr/share/perl5/YAML/PP/Representer.pm line 159.
t/11.width.t .... 
t/11.width.t .... 
Dubious, test returned 2 (wstat 512, 0x200)
Dubious, test returned 2 (wstat 512, 0x200)
No subtests run 
No subtests run 



Test Summary Report
Test Summary Report
Test Summary Report
Test Summary Report
-------------------
-------------------
-------------------
-------------------
-------------------
t/10.basic.t  (Wstat: 512 (exited 2) Tests: 4 Failed: 0)
t/10.basic.t  (Wstat: 512 (exited 2) Tests: 4 Failed: 0)
t/10.basic.t  (Wstat: 512 (exited 2) Tests: 4 Failed: 0)
t/10.basic.t  (Wstat: 512 (exited 2) Tests: 4 Failed: 0)
t/10.basic.t  (Wstat: 512 (exited 2) Tests: 4 Failed: 0)
  Non-zero exit status: 2
  Non-zero exit status: 2
  Non-zero exit status: 2
  Non-zero exit status: 2
  Non-zero exit status: 2
  Non-zero exit status: 2
  Parse errors: No plan found in TAP output
  Parse errors: No plan found in TAP output
  Parse errors: No plan found in TAP output
  Parse errors: No plan found in TAP output
  Parse errors: No plan found in TAP output
  Parse errors: No plan found in TAP output
t/11.width.t  (Wstat: 512 (exited 2) Tests: 0 Failed: 0)
t/11.width.t  (Wstat: 512 (exited 2) Tests: 0 Failed: 0)
t/11.width.t  (Wstat: 512 (exited 2) Tests: 0 Failed: 0)
t/11.width.t  (Wstat: 512 (exited 2) Tests: 0 Failed: 0)
t/11.width.t  (Wstat: 512 (exited 2) Tests: 0 Failed: 0)
t/11.width.t  (Wstat: 512 (exited 2) Tests: 0 Failed: 0)
  Non-zero exit status: 2
  Non-zero exit status: 2
  Non-zero exit status: 2
  Non-zero exit status: 2
  Non-zero exit status: 2
  Non-zero exit status: 2
  Parse errors: No plan found in TAP output
  Parse errors: No plan found in TAP output
  Parse errors: No plan found in TAP output
  Parse errors: No plan found in TAP output
  Parse errors: No plan found in TAP output
  Parse errors: No plan found in TAP output
Files=3, Tests=7,  0 wallclock secs ( 0.01 usr  0.01 sys +  0.24 cusr  0.06 csys =  0.32 CPU)
Files=3, Tests=7,  0 wallclock secs ( 0.01 usr  0.01 sys +  0.24 cusr  0.06 csys =  0.32 CPU)
Files=3, Tests=7,  0 wallclock secs ( 0.01 usr  0.01 sys +  0.24 cusr  0.06 csys =  0.32 CPU)
Files=3, Tests=7,  0 wallclock secs ( 0.01 usr  0.01 sys +  0.24 cusr  0.06 csys =  0.32 CPU)
Files=3, Tests=7,  0 wallclock secs ( 0.01 usr  0.01 sys +  0.24 cusr  0.06 csys =  0.32 CPU)
Files=3, Tests=7,  0 wallclock secs ( 0.01 usr  0.01 sys +  0.24 cusr  0.06 csys =  0.32 CPU)
Result: FAIL
Result: FAIL
Result: FAIL
Result: FAIL
Result: FAIL
Result: FAIL
Failed 2/3 test programs. 0/7 subtests failed.
Failed 2/3 test programs. 0/7 subtests failed.
Failed 2/3 test programs. 0/7 subtests failed.
Failed 2/3 test programs. 0/7 subtests failed.
Failed 2/3 test programs. 0/7 subtests failed.
Failed 2/3 test programs. 0/7 subtests failed.
make: *** [Makefile:779: test_dynamic] Error 2
make: *** [Makefile:779: test_dynamic] Error 2
make: *** [Makefile:779: test_dynamic] Error 2
make: *** [Makefile:779: test_dynamic] Error 2
make: *** [Makefile:779: test_dynamic] Error 2
make: *** [Makefile:779: test_dynamic] Error 2
make: *** [Makefile:779: test_dynamic] Error 2
make: Leaving directory '/usr/src/RPM/BUILD/YAML-PP-LibYAML-0.005'
make: Leaving directory '/usr/src/RPM/BUILD/YAML-PP-LibYAML-0.005'
make: Leaving directory '/usr/src/RPM/BUILD/YAML-PP-LibYAML-0.005'
make: Leaving directory '/usr/src/RPM/BUILD/YAML-PP-LibYAML-0.005'
make: Leaving directory '/usr/src/RPM/BUILD/YAML-PP-LibYAML-0.005'
make: Leaving directory '/usr/src/RPM/BUILD/YAML-PP-LibYAML-0.005'
make: Leaving directory '/usr/src/RPM/BUILD/YAML-PP-LibYAML-0.005'
error: Bad exit status from /usr/src/tmp/rpm-tmp.33756 (%build)
error: Bad exit status from /usr/src/tmp/rpm-tmp.33756 (%build)
error: Bad exit status from /usr/src/tmp/rpm-tmp.33756 (%build)
error: Bad exit status from /usr/src/tmp/rpm-tmp.33756 (%build)
error: Bad exit status from /usr/src/tmp/rpm-tmp.33756 (%build)
error: Bad exit status from /usr/src/tmp/rpm-tmp.33756 (%build)












RPM build errors:
RPM build errors:
RPM build errors:
RPM build errors:
RPM build errors:
    Bad exit status from /usr/src/tmp/rpm-tmp.33756 (%build)
    Bad exit status from /usr/src/tmp/rpm-tmp.33756 (%build)
    Bad exit status from /usr/src/tmp/rpm-tmp.33756 (%build)
    Bad exit status from /usr/src/tmp/rpm-tmp.33756 (%build)
    Bad exit status from /usr/src/tmp/rpm-tmp.33756 (%build)
Command exited with non-zero status 1
Command exited with non-zero status 1
Command exited with non-zero status 1
Command exited with non-zero status 1
Command exited with non-zero status 1
0.58user 0.25system 0:00.67elapsed 124%CPU (0avgtext+0avgdata 18624maxresident)k
0.58user 0.25system 0:00.67elapsed 124%CPU (0avgtext+0avgdata 18624maxresident)k
0.58user 0.25system 0:00.67elapsed 124%CPU (0avgtext+0avgdata 18624maxresident)k
0.58user 0.25system 0:00.67elapsed 124%CPU (0avgtext+0avgdata 18624maxresident)k
0.58user 0.25system 0:00.67elapsed 124%CPU (0avgtext+0avgdata 18624maxresident)k
0inputs+0outputs (0major+49791minor)pagefaults 0swaps
0inputs+0outputs (0major+49791minor)pagefaults 0swaps
0inputs+0outputs (0major+49791minor)pagefaults 0swaps
0inputs+0outputs (0major+49791minor)pagefaults 0swaps
hsh-rebuild: rebuild of `perl-YAML-PP-LibYAML-0.005-alt2.src.rpm' failed.
hsh-rebuild: rebuild of `perl-YAML-PP-LibYAML-0.005-alt2.src.rpm' failed.
hsh-rebuild: rebuild of `perl-YAML-PP-LibYAML-0.005-alt2.src.rpm' failed.
Command exited with non-zero status 1
Command exited with non-zero status 1
7.95user 2.66system 0:13.88elapsed 76%CPU (0avgtext+0avgdata 140724maxresident)k
7.95user 2.66system 0:13.88elapsed 76%CPU (0avgtext+0avgdata 140724maxresident)k
128inputs+0outputs (0major+209681minor)pagefaults 0swaps
