tests/test_future/test_urllibnet.py::urlopenNetworkTests::test_getcode
  /usr/src/RPM/BUILD/python3-module-future-1.0.0/tests/test_future/test_urllibnet.py:103: DeprecationWarning: FancyURLopener style of invoking requests is deprecated. Use newer urlopen functions/methods
  /usr/src/RPM/BUILD/python3-module-future-1.0.0/tests/test_future/test_urllibnet.py:103: DeprecationWarning: FancyURLopener style of invoking requests is deprecated. Use newer urlopen functions/methods
    open_url = urllib_request.FancyURLopener().open(URL)
    open_url = urllib_request.FancyURLopener().open(URL)
    open_url = urllib_request.FancyURLopener().open(URL)




tests/test_past/test_oldstr.py::TestOldStr::test_unescape
tests/test_past/test_oldstr.py::TestOldStr::test_unescape
tests/test_past/test_oldstr.py::TestOldStr::test_unescape
tests/test_past/test_oldstr.py::TestOldStr::test_unescape
tests/test_past/test_oldstr.py::TestOldStr::test_unescape
  /usr/src/RPM/BUILD/python3-module-future-1.0.0/.tox/py3/lib/python3/site-packages/past/types/oldstr.py:37: DeprecationWarning: invalid escape sequence '\c'
  /usr/src/RPM/BUILD/python3-module-future-1.0.0/.tox/py3/lib/python3/site-packages/past/types/oldstr.py:37: DeprecationWarning: invalid escape sequence '\c'
  /usr/src/RPM/BUILD/python3-module-future-1.0.0/.tox/py3/lib/python3/site-packages/past/types/oldstr.py:37: DeprecationWarning: invalid escape sequence '\c'
  /usr/src/RPM/BUILD/python3-module-future-1.0.0/.tox/py3/lib/python3/site-packages/past/types/oldstr.py:37: DeprecationWarning: invalid escape sequence '\c'
  /usr/src/RPM/BUILD/python3-module-future-1.0.0/.tox/py3/lib/python3/site-packages/past/types/oldstr.py:37: DeprecationWarning: invalid escape sequence '\c'
  /usr/src/RPM/BUILD/python3-module-future-1.0.0/.tox/py3/lib/python3/site-packages/past/types/oldstr.py:37: DeprecationWarning: invalid escape sequence '\c'
    return s.encode().decode('unicode_escape')
    return s.encode().decode('unicode_escape')
    return s.encode().decode('unicode_escape')
    return s.encode().decode('unicode_escape')
    return s.encode().decode('unicode_escape')
    return s.encode().decode('unicode_escape')
    return s.encode().decode('unicode_escape')








-- Docs: https://docs.pytest.org/en/stable/how-to/capture-warnings.html
-- Docs: https://docs.pytest.org/en/stable/how-to/capture-warnings.html
-- Docs: https://docs.pytest.org/en/stable/how-to/capture-warnings.html
-- Docs: https://docs.pytest.org/en/stable/how-to/capture-warnings.html
-- Docs: https://docs.pytest.org/en/stable/how-to/capture-warnings.html
-- Docs: https://docs.pytest.org/en/stable/how-to/capture-warnings.html
-- Docs: https://docs.pytest.org/en/stable/how-to/capture-warnings.html
-- Docs: https://docs.pytest.org/en/stable/how-to/capture-warnings.html
-- Docs: https://docs.pytest.org/en/stable/how-to/capture-warnings.html
=========================== short test summary info ============================
=========================== short test summary info ============================
=========================== short test summary info ============================
=========================== short test summary info ============================
=========================== short test summary info ============================
=========================== short test summary info ============================
=========================== short test summary info ============================
=========================== short test summary info ============================
=========================== short test summary info ============================
=========================== short test summary info ============================
FAILED tests/test_future/test_urllib.py::URL2PathNameTests::test_converting_when_no_drive_letter
FAILED tests/test_future/test_urllib.py::URL2PathNameTests::test_converting_when_no_drive_letter
FAILED tests/test_future/test_urllib.py::URL2PathNameTests::test_converting_when_no_drive_letter
FAILED tests/test_future/test_urllib.py::URL2PathNameTests::test_converting_when_no_drive_letter
FAILED tests/test_future/test_urllib.py::URL2PathNameTests::test_converting_when_no_drive_letter
FAILED tests/test_future/test_urllib.py::URL2PathNameTests::test_converting_when_no_drive_letter
FAILED tests/test_future/test_urllib.py::URL2PathNameTests::test_converting_when_no_drive_letter
FAILED tests/test_future/test_urllib.py::URL2PathNameTests::test_converting_when_no_drive_letter
FAILED tests/test_future/test_urllib.py::URL2PathNameTests::test_converting_when_no_drive_letter
FAILED tests/test_future/test_urllib.py::URL2PathNameTests::test_converting_when_no_drive_letter
FAILED tests/test_future/test_urllib.py::URL2PathNameTests::test_converting_when_no_drive_letter
FAILED tests/test_future/test_urllib.py::URL2PathNameTests::test_roundtrip_url2pathname
FAILED tests/test_future/test_urllib.py::URL2PathNameTests::test_roundtrip_url2pathname
FAILED tests/test_future/test_urllib.py::URL2PathNameTests::test_roundtrip_url2pathname
FAILED tests/test_future/test_urllib.py::URL2PathNameTests::test_roundtrip_url2pathname
FAILED tests/test_future/test_urllib.py::URL2PathNameTests::test_roundtrip_url2pathname
FAILED tests/test_future/test_urllib.py::URL2PathNameTests::test_roundtrip_url2pathname
FAILED tests/test_future/test_urllib.py::URL2PathNameTests::test_roundtrip_url2pathname
FAILED tests/test_future/test_urllib.py::URL2PathNameTests::test_roundtrip_url2pathname
FAILED tests/test_future/test_urllib.py::URL2PathNameTests::test_roundtrip_url2pathname
FAILED tests/test_future/test_urllib.py::URL2PathNameTests::test_roundtrip_url2pathname
FAILED tests/test_future/test_urllib.py::URL2PathNameTests::test_roundtrip_url2pathname
FAILED tests/test_future/test_urllib.py::PathName2URLTests::test_converting_drive_letter
FAILED tests/test_future/test_urllib.py::PathName2URLTests::test_converting_drive_letter
FAILED tests/test_future/test_urllib.py::PathName2URLTests::test_converting_drive_letter
FAILED tests/test_future/test_urllib.py::PathName2URLTests::test_converting_drive_letter
FAILED tests/test_future/test_urllib.py::PathName2URLTests::test_converting_drive_letter
FAILED tests/test_future/test_urllib.py::PathName2URLTests::test_converting_drive_letter
FAILED tests/test_future/test_urllib.py::PathName2URLTests::test_converting_drive_letter
FAILED tests/test_future/test_urllib.py::PathName2URLTests::test_converting_drive_letter
FAILED tests/test_future/test_urllib.py::PathName2URLTests::test_converting_drive_letter
FAILED tests/test_future/test_urllib.py::PathName2URLTests::test_converting_drive_letter
FAILED tests/test_future/test_urllib.py::PathName2URLTests::test_converting_drive_letter
FAILED tests/test_future/test_urllib.py::PathName2URLTests::test_converting_drive_letter
FAILED tests/test_future/test_urllib.py::PathName2URLTests::test_converting_when_no_drive_letter
FAILED tests/test_future/test_urllib.py::PathName2URLTests::test_converting_when_no_drive_letter
FAILED tests/test_future/test_urllib.py::PathName2URLTests::test_converting_when_no_drive_letter
FAILED tests/test_future/test_urllib.py::PathName2URLTests::test_converting_when_no_drive_letter
FAILED tests/test_future/test_urllib.py::PathName2URLTests::test_converting_when_no_drive_letter
FAILED tests/test_future/test_urllib.py::PathName2URLTests::test_converting_when_no_drive_letter
FAILED tests/test_future/test_urllib.py::PathName2URLTests::test_converting_when_no_drive_letter
FAILED tests/test_future/test_urllib.py::PathName2URLTests::test_converting_when_no_drive_letter
FAILED tests/test_future/test_urllib.py::PathName2URLTests::test_converting_when_no_drive_letter
FAILED tests/test_future/test_urllib.py::PathName2URLTests::test_converting_when_no_drive_letter
FAILED tests/test_future/test_urllib.py::PathName2URLTests::test_converting_when_no_drive_letter
FAILED tests/test_future/test_urllib.py::PathName2URLTests::test_converting_when_no_drive_letter
FAILED tests/test_future/test_urllib.py::PathName2URLTests::test_converting_when_no_drive_letter
FAILED tests/test_future/test_urllib.py::PathName2URLTests::test_roundtrip_pathname2url
FAILED tests/test_future/test_urllib.py::PathName2URLTests::test_roundtrip_pathname2url
FAILED tests/test_future/test_urllib.py::PathName2URLTests::test_roundtrip_pathname2url
FAILED tests/test_future/test_urllib.py::PathName2URLTests::test_roundtrip_pathname2url
FAILED tests/test_future/test_urllib.py::PathName2URLTests::test_roundtrip_pathname2url
FAILED tests/test_future/test_urllib.py::PathName2URLTests::test_roundtrip_pathname2url
FAILED tests/test_future/test_urllib.py::PathName2URLTests::test_roundtrip_pathname2url
FAILED tests/test_future/test_urllib.py::PathName2URLTests::test_roundtrip_pathname2url
FAILED tests/test_future/test_urllib.py::PathName2URLTests::test_roundtrip_pathname2url
FAILED tests/test_future/test_urllib.py::PathName2URLTests::test_roundtrip_pathname2url
FAILED tests/test_future/test_urllib.py::PathName2URLTests::test_roundtrip_pathname2url
FAILED tests/test_future/test_urllib.py::PathName2URLTests::test_roundtrip_pathname2url
FAILED tests/test_future/test_urllib.py::PathName2URLTests::test_roundtrip_pathname2url
FAILED tests/test_future/test_urllib.py::PathName2URLTests::test_roundtrip_pathname2url
FAILED tests/test_future/test_urllib_toplevel.py::URL2PathNameTests::test_converting_when_no_drive_letter
FAILED tests/test_future/test_urllib_toplevel.py::URL2PathNameTests::test_converting_when_no_drive_letter
FAILED tests/test_future/test_urllib_toplevel.py::URL2PathNameTests::test_converting_when_no_drive_letter
FAILED tests/test_future/test_urllib_toplevel.py::URL2PathNameTests::test_converting_when_no_drive_letter
FAILED tests/test_future/test_urllib_toplevel.py::URL2PathNameTests::test_converting_when_no_drive_letter
FAILED tests/test_future/test_urllib_toplevel.py::URL2PathNameTests::test_converting_when_no_drive_letter
FAILED tests/test_future/test_urllib_toplevel.py::URL2PathNameTests::test_converting_when_no_drive_letter
FAILED tests/test_future/test_urllib_toplevel.py::URL2PathNameTests::test_converting_when_no_drive_letter
FAILED tests/test_future/test_urllib_toplevel.py::URL2PathNameTests::test_converting_when_no_drive_letter
FAILED tests/test_future/test_urllib_toplevel.py::URL2PathNameTests::test_converting_when_no_drive_letter
FAILED tests/test_future/test_urllib_toplevel.py::URL2PathNameTests::test_converting_when_no_drive_letter
FAILED tests/test_future/test_urllib_toplevel.py::URL2PathNameTests::test_converting_when_no_drive_letter
FAILED tests/test_future/test_urllib_toplevel.py::URL2PathNameTests::test_converting_when_no_drive_letter
FAILED tests/test_future/test_urllib_toplevel.py::URL2PathNameTests::test_converting_when_no_drive_letter
FAILED tests/test_future/test_urllib_toplevel.py::URL2PathNameTests::test_roundtrip_url2pathname
FAILED tests/test_future/test_urllib_toplevel.py::URL2PathNameTests::test_roundtrip_url2pathname
FAILED tests/test_future/test_urllib_toplevel.py::URL2PathNameTests::test_roundtrip_url2pathname
FAILED tests/test_future/test_urllib_toplevel.py::URL2PathNameTests::test_roundtrip_url2pathname
FAILED tests/test_future/test_urllib_toplevel.py::URL2PathNameTests::test_roundtrip_url2pathname
FAILED tests/test_future/test_urllib_toplevel.py::URL2PathNameTests::test_roundtrip_url2pathname
FAILED tests/test_future/test_urllib_toplevel.py::URL2PathNameTests::test_roundtrip_url2pathname
FAILED tests/test_future/test_urllib_toplevel.py::URL2PathNameTests::test_roundtrip_url2pathname
FAILED tests/test_future/test_urllib_toplevel.py::URL2PathNameTests::test_roundtrip_url2pathname
FAILED tests/test_future/test_urllib_toplevel.py::URL2PathNameTests::test_roundtrip_url2pathname
FAILED tests/test_future/test_urllib_toplevel.py::URL2PathNameTests::test_roundtrip_url2pathname
FAILED tests/test_future/test_urllib_toplevel.py::URL2PathNameTests::test_roundtrip_url2pathname
FAILED tests/test_future/test_urllib_toplevel.py::URL2PathNameTests::test_roundtrip_url2pathname
FAILED tests/test_future/test_urllib_toplevel.py::URL2PathNameTests::test_roundtrip_url2pathname
FAILED tests/test_future/test_urllib_toplevel.py::PathName2URLTests::test_converting_drive_letter
FAILED tests/test_future/test_urllib_toplevel.py::PathName2URLTests::test_converting_drive_letter
FAILED tests/test_future/test_urllib_toplevel.py::PathName2URLTests::test_converting_drive_letter
FAILED tests/test_future/test_urllib_toplevel.py::PathName2URLTests::test_converting_drive_letter
FAILED tests/test_future/test_urllib_toplevel.py::PathName2URLTests::test_converting_drive_letter
FAILED tests/test_future/test_urllib_toplevel.py::PathName2URLTests::test_converting_drive_letter
FAILED tests/test_future/test_urllib_toplevel.py::PathName2URLTests::test_converting_drive_letter
FAILED tests/test_future/test_urllib_toplevel.py::PathName2URLTests::test_converting_drive_letter
FAILED tests/test_future/test_urllib_toplevel.py::PathName2URLTests::test_converting_drive_letter
FAILED tests/test_future/test_urllib_toplevel.py::PathName2URLTests::test_converting_drive_letter
FAILED tests/test_future/test_urllib_toplevel.py::PathName2URLTests::test_converting_drive_letter
FAILED tests/test_future/test_urllib_toplevel.py::PathName2URLTests::test_converting_drive_letter
FAILED tests/test_future/test_urllib_toplevel.py::PathName2URLTests::test_converting_drive_letter
FAILED tests/test_future/test_urllib_toplevel.py::PathName2URLTests::test_converting_drive_letter
FAILED tests/test_future/test_urllib_toplevel.py::PathName2URLTests::test_converting_when_no_drive_letter
FAILED tests/test_future/test_urllib_toplevel.py::PathName2URLTests::test_converting_when_no_drive_letter
FAILED tests/test_future/test_urllib_toplevel.py::PathName2URLTests::test_converting_when_no_drive_letter
FAILED tests/test_future/test_urllib_toplevel.py::PathName2URLTests::test_converting_when_no_drive_letter
FAILED tests/test_future/test_urllib_toplevel.py::PathName2URLTests::test_converting_when_no_drive_letter
FAILED tests/test_future/test_urllib_toplevel.py::PathName2URLTests::test_converting_when_no_drive_letter
FAILED tests/test_future/test_urllib_toplevel.py::PathName2URLTests::test_converting_when_no_drive_letter
FAILED tests/test_future/test_urllib_toplevel.py::PathName2URLTests::test_converting_when_no_drive_letter
FAILED tests/test_future/test_urllib_toplevel.py::PathName2URLTests::test_converting_when_no_drive_letter
FAILED tests/test_future/test_urllib_toplevel.py::PathName2URLTests::test_converting_when_no_drive_letter
FAILED tests/test_future/test_urllib_toplevel.py::PathName2URLTests::test_converting_when_no_drive_letter
FAILED tests/test_future/test_urllib_toplevel.py::PathName2URLTests::test_converting_when_no_drive_letter
FAILED tests/test_future/test_urllib_toplevel.py::PathName2URLTests::test_converting_when_no_drive_letter
FAILED tests/test_future/test_urllib_toplevel.py::PathName2URLTests::test_converting_when_no_drive_letter
FAILED tests/test_future/test_urllib_toplevel.py::PathName2URLTests::test_roundtrip_pathname2url
FAILED tests/test_future/test_urllib_toplevel.py::PathName2URLTests::test_roundtrip_pathname2url
FAILED tests/test_future/test_urllib_toplevel.py::PathName2URLTests::test_roundtrip_pathname2url
FAILED tests/test_future/test_urllib_toplevel.py::PathName2URLTests::test_roundtrip_pathname2url
FAILED tests/test_future/test_urllib_toplevel.py::PathName2URLTests::test_roundtrip_pathname2url
FAILED tests/test_future/test_urllib_toplevel.py::PathName2URLTests::test_roundtrip_pathname2url
FAILED tests/test_future/test_urllib_toplevel.py::PathName2URLTests::test_roundtrip_pathname2url
FAILED tests/test_future/test_urllib_toplevel.py::PathName2URLTests::test_roundtrip_pathname2url
FAILED tests/test_future/test_urllib_toplevel.py::PathName2URLTests::test_roundtrip_pathname2url
FAILED tests/test_future/test_urllib_toplevel.py::PathName2URLTests::test_roundtrip_pathname2url
FAILED tests/test_future/test_urllib_toplevel.py::PathName2URLTests::test_roundtrip_pathname2url
FAILED tests/test_future/test_urllib_toplevel.py::PathName2URLTests::test_roundtrip_pathname2url
FAILED tests/test_future/test_urllib_toplevel.py::PathName2URLTests::test_roundtrip_pathname2url
FAILED tests/test_future/test_urllib_toplevel.py::PathName2URLTests::test_roundtrip_pathname2url
= 10 failed, 1024 passed, 52 skipped, 11 deselected, 46 xfailed, 50 warnings in 19.04s =
= 10 failed, 1024 passed, 52 skipped, 11 deselected, 46 xfailed, 50 warnings in 19.04s =
= 10 failed, 1024 passed, 52 skipped, 11 deselected, 46 xfailed, 50 warnings in 19.04s =
= 10 failed, 1024 passed, 52 skipped, 11 deselected, 46 xfailed, 50 warnings in 19.04s =
= 10 failed, 1024 passed, 52 skipped, 11 deselected, 46 xfailed, 50 warnings in 19.04s =
= 10 failed, 1024 passed, 52 skipped, 11 deselected, 46 xfailed, 50 warnings in 19.04s =
= 10 failed, 1024 passed, 52 skipped, 11 deselected, 46 xfailed, 50 warnings in 19.04s =
= 10 failed, 1024 passed, 52 skipped, 11 deselected, 46 xfailed, 50 warnings in 19.04s =
= 10 failed, 1024 passed, 52 skipped, 11 deselected, 46 xfailed, 50 warnings in 19.04s =
= 10 failed, 1024 passed, 52 skipped, 11 deselected, 46 xfailed, 50 warnings in 19.04s =
= 10 failed, 1024 passed, 52 skipped, 11 deselected, 46 xfailed, 50 warnings in 19.04s =
= 10 failed, 1024 passed, 52 skipped, 11 deselected, 46 xfailed, 50 warnings in 19.04s =
= 10 failed, 1024 passed, 52 skipped, 11 deselected, 46 xfailed, 50 warnings in 19.04s =
= 10 failed, 1024 passed, 52 skipped, 11 deselected, 46 xfailed, 50 warnings in 19.04s =
py3: exit 1 (19.51 seconds) /usr/src/RPM/BUILD/python3-module-future-1.0.0> pytest -k 'not test_isinstance_recursion_limit and not test_subclass_recursion_limit and not test_main and not test_ftp' pid=2034462
py3: exit 1 (19.51 seconds) /usr/src/RPM/BUILD/python3-module-future-1.0.0> pytest -k 'not test_isinstance_recursion_limit and not test_subclass_recursion_limit and not test_main and not test_ftp' pid=2034462
py3: exit 1 (19.51 seconds) /usr/src/RPM/BUILD/python3-module-future-1.0.0> pytest -k 'not test_isinstance_recursion_limit and not test_subclass_recursion_limit and not test_main and not test_ftp' pid=2034462
py3: exit 1 (19.51 seconds) /usr/src/RPM/BUILD/python3-module-future-1.0.0> pytest -k 'not test_isinstance_recursion_limit and not test_subclass_recursion_limit and not test_main and not test_ftp' pid=2034462
py3: exit 1 (19.51 seconds) /usr/src/RPM/BUILD/python3-module-future-1.0.0> pytest -k 'not test_isinstance_recursion_limit and not test_subclass_recursion_limit and not test_main and not test_ftp' pid=2034462
py3: exit 1 (19.51 seconds) /usr/src/RPM/BUILD/python3-module-future-1.0.0> pytest -k 'not test_isinstance_recursion_limit and not test_subclass_recursion_limit and not test_main and not test_ftp' pid=2034462
py3: exit 1 (19.51 seconds) /usr/src/RPM/BUILD/python3-module-future-1.0.0> pytest -k 'not test_isinstance_recursion_limit and not test_subclass_recursion_limit and not test_main and not test_ftp' pid=2034462
py3: exit 1 (19.51 seconds) /usr/src/RPM/BUILD/python3-module-future-1.0.0> pytest -k 'not test_isinstance_recursion_limit and not test_subclass_recursion_limit and not test_main and not test_ftp' pid=2034462
py3: exit 1 (19.51 seconds) /usr/src/RPM/BUILD/python3-module-future-1.0.0> pytest -k 'not test_isinstance_recursion_limit and not test_subclass_recursion_limit and not test_main and not test_ftp' pid=2034462
py3: exit 1 (19.51 seconds) /usr/src/RPM/BUILD/python3-module-future-1.0.0> pytest -k 'not test_isinstance_recursion_limit and not test_subclass_recursion_limit and not test_main and not test_ftp' pid=2034462
py3: exit 1 (19.51 seconds) /usr/src/RPM/BUILD/python3-module-future-1.0.0> pytest -k 'not test_isinstance_recursion_limit and not test_subclass_recursion_limit and not test_main and not test_ftp' pid=2034462
py3: exit 1 (19.51 seconds) /usr/src/RPM/BUILD/python3-module-future-1.0.0> pytest -k 'not test_isinstance_recursion_limit and not test_subclass_recursion_limit and not test_main and not test_ftp' pid=2034462
py3: exit 1 (19.51 seconds) /usr/src/RPM/BUILD/python3-module-future-1.0.0> pytest -k 'not test_isinstance_recursion_limit and not test_subclass_recursion_limit and not test_main and not test_ftp' pid=2034462
  py3: FAIL code 1 (21.08=setup[1.56]+cmd[19.51] seconds)
  py3: FAIL code 1 (21.08=setup[1.56]+cmd[19.51] seconds)
  py3: FAIL code 1 (21.08=setup[1.56]+cmd[19.51] seconds)
  py3: FAIL code 1 (21.08=setup[1.56]+cmd[19.51] seconds)
  py3: FAIL code 1 (21.08=setup[1.56]+cmd[19.51] seconds)
  py3: FAIL code 1 (21.08=setup[1.56]+cmd[19.51] seconds)
  py3: FAIL code 1 (21.08=setup[1.56]+cmd[19.51] seconds)
  py3: FAIL code 1 (21.08=setup[1.56]+cmd[19.51] seconds)
  py3: FAIL code 1 (21.08=setup[1.56]+cmd[19.51] seconds)
  py3: FAIL code 1 (21.08=setup[1.56]+cmd[19.51] seconds)
  py3: FAIL code 1 (21.08=setup[1.56]+cmd[19.51] seconds)
  py3: FAIL code 1 (21.08=setup[1.56]+cmd[19.51] seconds)
  evaluation failed :( (21.18 seconds)
  evaluation failed :( (21.18 seconds)
  evaluation failed :( (21.18 seconds)
  evaluation failed :( (21.18 seconds)
  evaluation failed :( (21.18 seconds)
  evaluation failed :( (21.18 seconds)
  evaluation failed :( (21.18 seconds)
  evaluation failed :( (21.18 seconds)
  evaluation failed :( (21.18 seconds)
  evaluation failed :( (21.18 seconds)
  evaluation failed :( (21.18 seconds)
  evaluation failed :( (21.18 seconds)
error: Bad exit status from /usr/src/tmp/rpm-tmp.33317 (%check)
error: Bad exit status from /usr/src/tmp/rpm-tmp.33317 (%check)
error: Bad exit status from /usr/src/tmp/rpm-tmp.33317 (%check)
error: Bad exit status from /usr/src/tmp/rpm-tmp.33317 (%check)
error: Bad exit status from /usr/src/tmp/rpm-tmp.33317 (%check)
error: Bad exit status from /usr/src/tmp/rpm-tmp.33317 (%check)
error: Bad exit status from /usr/src/tmp/rpm-tmp.33317 (%check)
error: Bad exit status from /usr/src/tmp/rpm-tmp.33317 (%check)
error: Bad exit status from /usr/src/tmp/rpm-tmp.33317 (%check)
error: Bad exit status from /usr/src/tmp/rpm-tmp.33317 (%check)
error: Bad exit status from /usr/src/tmp/rpm-tmp.33317 (%check)



















RPM build errors:
RPM build errors:
RPM build errors:
RPM build errors:
RPM build errors:
RPM build errors:
RPM build errors:
RPM build errors:
    File /usr/src/RPM/SOURCES/python3-module-future-1.0.0-alt.patch is smaller than 8 bytes
    File /usr/src/RPM/SOURCES/python3-module-future-1.0.0-alt.patch is smaller than 8 bytes
    File /usr/src/RPM/SOURCES/python3-module-future-1.0.0-alt.patch is smaller than 8 bytes
    File /usr/src/RPM/SOURCES/python3-module-future-1.0.0-alt.patch is smaller than 8 bytes
    File /usr/src/RPM/SOURCES/python3-module-future-1.0.0-alt.patch is smaller than 8 bytes
    File /usr/src/RPM/SOURCES/python3-module-future-1.0.0-alt.patch is smaller than 8 bytes
    File /usr/src/RPM/SOURCES/python3-module-future-1.0.0-alt.patch is smaller than 8 bytes
    Bad exit status from /usr/src/tmp/rpm-tmp.33317 (%check)
    Bad exit status from /usr/src/tmp/rpm-tmp.33317 (%check)
    Bad exit status from /usr/src/tmp/rpm-tmp.33317 (%check)
    Bad exit status from /usr/src/tmp/rpm-tmp.33317 (%check)
    Bad exit status from /usr/src/tmp/rpm-tmp.33317 (%check)
    Bad exit status from /usr/src/tmp/rpm-tmp.33317 (%check)
Command exited with non-zero status 1
Command exited with non-zero status 1
Command exited with non-zero status 1
Command exited with non-zero status 1
Command exited with non-zero status 1
19.72user 4.57system 0:26.06elapsed 93%CPU (0avgtext+0avgdata 63272maxresident)k
19.72user 4.57system 0:26.06elapsed 93%CPU (0avgtext+0avgdata 63272maxresident)k
19.72user 4.57system 0:26.06elapsed 93%CPU (0avgtext+0avgdata 63272maxresident)k
19.72user 4.57system 0:26.06elapsed 93%CPU (0avgtext+0avgdata 63272maxresident)k
0inputs+0outputs (0major+567559minor)pagefaults 0swaps
0inputs+0outputs (0major+567559minor)pagefaults 0swaps
0inputs+0outputs (0major+567559minor)pagefaults 0swaps
0inputs+0outputs (0major+567559minor)pagefaults 0swaps
hsh-rebuild: rebuild of `python3-module-future-1.0.0-alt1.1.src.rpm' failed.
hsh-rebuild: rebuild of `python3-module-future-1.0.0-alt1.1.src.rpm' failed.
hsh-rebuild: rebuild of `python3-module-future-1.0.0-alt1.1.src.rpm' failed.
Command exited with non-zero status 1
Command exited with non-zero status 1
7.37user 3.37system 0:42.35elapsed 25%CPU (0avgtext+0avgdata 140816maxresident)k
0inputs+0outputs (0major+328558minor)pagefaults 0swaps
