tests/hypothesis/test_line.py::test_shape PASSED                         [  3%]
tests/hypothesis/test_line.py::test_bounds PASSED                        [  3%]
tests/hypothesis/test_line.py::test_convex_hull PASSED                   [  4%]
tests/hypothesis/test_line.py::test_convex_hull_bounds PASSED            [  4%]
tests/hypothesis/test_linear_ring.py::test_max_points_lt_3 PASSED        [  4%]
tests/hypothesis/test_linear_ring.py::test_from_wkt_epsg_4326 PASSED     [  4%]
tests/hypothesis/test_linear_ring.py::test_repr_eval PASSED              [  5%]
tests/hypothesis/test_linear_ring.py::test_shape PASSED                  [  5%]
tests/hypothesis/test_multilinestring.py::test_from_wkt_epsg_4326 PASSED [  5%]
tests/hypothesis/test_multilinestring.py::test_repr_eval PASSED          [  5%]
tests/hypothesis/test_multilinestring.py::test_shape FAILED              [  6%]
tests/hypothesis/test_multilinestring.py::test_bounds PASSED             [  6%]
tests/hypothesis/test_multilinestring.py::test_convex_hull PASSED        [  6%]
tests/hypothesis/test_multilinestring.py::test_convex_hull_bounds PASSED [  6%]
tests/hypothesis/test_multipoint.py::test_from_wkt_epsg_4326 PASSED      [  6%]
tests/hypothesis/test_multipoint.py::test_repr_eval PASSED               [  7%]
tests/hypothesis/test_multipoint.py::test_shape PASSED                   [  7%]
tests/hypothesis/test_multipoint.py::test_bounds PASSED                  [  7%]
tests/hypothesis/test_multipoint.py::test_convex_hull PASSED             [  7%]
tests/hypothesis/test_multipolygon.py::test_from_wkt_epsg_4326 PASSED    [  8%]
tests/hypothesis/test_multipolygon.py::test_repr_eval PASSED             [  8%]
tests/hypothesis/test_multipolygon.py::test_bounds PASSED                [  8%]
tests/hypothesis/test_multipolygon.py::test_convex_hull PASSED           [  9%]
tests/hypothesis/test_multipolygon.py::test_convex_hull_bounds PASSED    [  9%]
tests/hypothesis/test_multipolygon.py::test_convex_hull_bounds PASSED    [  9%]
tests/hypothesis/test_point.py::test_from_wkt_epsg_4326 PASSED           [  9%]
tests/hypothesis/test_point.py::test_from_wkt_epsg_4326 PASSED           [  9%]
tests/hypothesis/test_point.py::test_from_wkt_epsg_4326 PASSED           [  9%]
tests/hypothesis/test_point.py::test_repr_eval PASSED                    [  9%]
tests/hypothesis/test_point.py::test_repr_eval PASSED                    [  9%]
tests/hypothesis/test_point.py::test_repr_eval PASSED                    [  9%]
tests/hypothesis/test_point.py::test_repr_eval PASSED                    [  9%]
tests/hypothesis/test_point.py::test_shape PASSED                        [ 10%]
tests/hypothesis/test_point.py::test_shape PASSED                        [ 10%]
tests/hypothesis/test_point.py::test_shape PASSED                        [ 10%]
tests/hypothesis/test_point.py::test_shape PASSED                        [ 10%]
tests/hypothesis/test_point.py::test_bounds PASSED                       [ 10%]
tests/hypothesis/test_point.py::test_bounds PASSED                       [ 10%]
tests/hypothesis/test_point.py::test_bounds PASSED                       [ 10%]
tests/hypothesis/test_point.py::test_bounds PASSED                       [ 10%]
tests/hypothesis/test_point.py::test_convex_hull PASSED                  [ 10%]
tests/hypothesis/test_point.py::test_convex_hull PASSED                  [ 10%]
tests/hypothesis/test_point.py::test_convex_hull PASSED                  [ 10%]
tests/hypothesis/test_point.py::test_convex_hull PASSED                  [ 10%]
tests/hypothesis/test_polygon.py::test_max_points_lt_3 PASSED            [ 10%]
tests/hypothesis/test_polygon.py::test_max_points_lt_3 PASSED            [ 10%]
tests/hypothesis/test_polygon.py::test_max_points_lt_3 PASSED            [ 10%]
tests/hypothesis/test_polygon.py::test_max_points_lt_3 PASSED            [ 10%]
tests/hypothesis/test_polygon.py::test_from_wkt_epsg_4326 PASSED         [ 10%]
tests/hypothesis/test_polygon.py::test_from_wkt_epsg_4326 PASSED         [ 10%]
tests/hypothesis/test_polygon.py::test_from_wkt_epsg_4326 PASSED         [ 10%]
tests/hypothesis/test_polygon.py::test_from_wkt_epsg_4326 PASSED         [ 10%]
tests/hypothesis/test_polygon.py::test_repr_eval FAILED                  [ 11%]
tests/hypothesis/test_polygon.py::test_repr_eval FAILED                  [ 11%]
tests/hypothesis/test_polygon.py::test_repr_eval FAILED                  [ 11%]
tests/hypothesis/test_polygon.py::test_repr_eval FAILED                  [ 11%]
tests/hypothesis/test_polygon.py::test_shape PASSED                      [ 11%]
tests/hypothesis/test_polygon.py::test_shape PASSED                      [ 11%]
tests/hypothesis/test_polygon.py::test_shape PASSED                      [ 11%]
tests/hypothesis/test_polygon.py::test_shape PASSED                      [ 11%]
tests/hypothesis/test_polygon.py::test_bounds FAILED                     [ 11%]
tests/hypothesis/test_polygon.py::test_bounds FAILED                     [ 11%]
tests/hypothesis/test_polygon.py::test_bounds FAILED                     [ 11%]
tests/hypothesis/test_polygon.py::test_bounds FAILED                     [ 11%]
tests/hypothesis/test_polygon.py::test_convex_hull_bounds FAILED         [ 11%]
tests/hypothesis/test_polygon.py::test_convex_hull_bounds FAILED         [ 11%]
tests/hypothesis/test_polygon.py::test_convex_hull_bounds FAILED         [ 11%]
tests/hypothesis/test_polygon.py::test_convex_hull_bounds FAILED         [ 11%]
tests/hypothesis/test_polygon.py::test_interiors FAILED                  [ 12%]
tests/hypothesis/test_polygon.py::test_interiors FAILED                  [ 12%]
tests/hypothesis/test_polygon.py::test_interiors FAILED                  [ 12%]
tests/hypothesis/test_polygon.py::test_interiors FAILED                  [ 12%]
tests/hypothesis/test_polygon.py::test_no_interiors PASSED               [ 12%]
tests/hypothesis/test_polygon.py::test_no_interiors PASSED               [ 12%]
tests/hypothesis/test_polygon.py::test_no_interiors PASSED               [ 12%]
tests/hypothesis/test_polygon.py::test_no_interiors PASSED               [ 12%]
tests/test_base.py::test_geometry_interface PASSED                       [ 12%]
tests/test_base.py::test_geometry_interface PASSED                       [ 12%]
tests/test_base.py::test_geometry_interface PASSED                       [ 12%]
tests/test_base.py::test_geometry_interface PASSED                       [ 12%]
tests/test_base.py::test_bounds PASSED                                   [ 12%]
tests/test_base.py::test_bounds PASSED                                   [ 12%]
tests/test_base.py::test_bounds PASSED                                   [ 12%]
tests/test_base.py::test_bounds PASSED                                   [ 12%]
tests/test_base.py::test_wkt PASSED                                      [ 13%]
tests/test_base.py::test_wkt PASSED                                      [ 13%]
tests/test_base.py::test_wkt PASSED                                      [ 13%]
tests/test_base.py::test_wkt PASSED                                      [ 13%]
tests/test_base.py::test_empty PASSED                                    [ 13%]
tests/test_base.py::test_empty PASSED                                    [ 13%]
tests/test_base.py::test_empty PASSED                                    [ 13%]
tests/test_base.py::test_empty PASSED                                    [ 13%]
tests/test_base.py::test_wkt_inset PASSED                                [ 13%]
tests/test_base.py::test_wkt_inset PASSED                                [ 13%]
tests/test_base.py::test_wkt_inset PASSED                                [ 13%]
tests/test_base.py::test_wkt_inset PASSED                                [ 13%]
tests/test_base.py::test_wkt_coordinates PASSED                          [ 13%]
tests/test_base.py::test_wkt_coordinates PASSED                          [ 13%]
tests/test_base.py::test_wkt_coordinates PASSED                          [ 13%]
tests/test_base.py::test_from_dict PASSED                                [ 13%]
tests/test_base.py::test_from_dict PASSED                                [ 13%]
tests/test_base.py::test_from_dict PASSED                                [ 13%]
tests/test_base.py::test_has_z PASSED                                    [ 14%]
tests/test_base.py::test_has_z PASSED                                    [ 14%]
tests/test_base.py::test_convex_hull PASSED                              [ 14%]
tests/test_polygon.py::test_convex_hull_3d
  /usr/src/RPM/BUILD/python3-module-pygeoif-1.5.1/tests/test_polygon.py:226: UserWarning: The convex Hull will only return the projection to 2 dimensions xy coordinates
  /usr/src/RPM/BUILD/python3-module-pygeoif-1.5.1/tests/test_polygon.py:226: UserWarning: The convex Hull will only return the projection to 2 dimensions xy coordinates
    assert polygon.convex_hull == geometry.LineString([(0, 0), (2, 2)])
    assert polygon.convex_hull == geometry.LineString([(0, 0), (2, 2)])
    assert polygon.convex_hull == geometry.LineString([(0, 0), (2, 2)])




tests/test_polygon.py::test_convex_hull_3d_collapsed_to_point
tests/test_polygon.py::test_convex_hull_3d_collapsed_to_point
tests/test_polygon.py::test_convex_hull_3d_collapsed_to_point
tests/test_polygon.py::test_convex_hull_3d_collapsed_to_point
tests/test_polygon.py::test_convex_hull_3d_collapsed_to_point
  /usr/src/RPM/BUILD/python3-module-pygeoif-1.5.1/tests/test_polygon.py:232: UserWarning: The convex Hull will only return the projection to 2 dimensions xy coordinates
  /usr/src/RPM/BUILD/python3-module-pygeoif-1.5.1/tests/test_polygon.py:232: UserWarning: The convex Hull will only return the projection to 2 dimensions xy coordinates
  /usr/src/RPM/BUILD/python3-module-pygeoif-1.5.1/tests/test_polygon.py:232: UserWarning: The convex Hull will only return the projection to 2 dimensions xy coordinates
  /usr/src/RPM/BUILD/python3-module-pygeoif-1.5.1/tests/test_polygon.py:232: UserWarning: The convex Hull will only return the projection to 2 dimensions xy coordinates
  /usr/src/RPM/BUILD/python3-module-pygeoif-1.5.1/tests/test_polygon.py:232: UserWarning: The convex Hull will only return the projection to 2 dimensions xy coordinates
  /usr/src/RPM/BUILD/python3-module-pygeoif-1.5.1/tests/test_polygon.py:232: UserWarning: The convex Hull will only return the projection to 2 dimensions xy coordinates
    assert polygon.convex_hull == geometry.Point(0, 0)
    assert polygon.convex_hull == geometry.Point(0, 0)
    assert polygon.convex_hull == geometry.Point(0, 0)
    assert polygon.convex_hull == geometry.Point(0, 0)
    assert polygon.convex_hull == geometry.Point(0, 0)
    assert polygon.convex_hull == geometry.Point(0, 0)







-- Docs: https://docs.pytest.org/en/stable/how-to/capture-warnings.html
-- Docs: https://docs.pytest.org/en/stable/how-to/capture-warnings.html
-- Docs: https://docs.pytest.org/en/stable/how-to/capture-warnings.html
-- Docs: https://docs.pytest.org/en/stable/how-to/capture-warnings.html
-- Docs: https://docs.pytest.org/en/stable/how-to/capture-warnings.html
-- Docs: https://docs.pytest.org/en/stable/how-to/capture-warnings.html
-- Docs: https://docs.pytest.org/en/stable/how-to/capture-warnings.html
-- Docs: https://docs.pytest.org/en/stable/how-to/capture-warnings.html
=========================== short test summary info ============================
=========================== short test summary info ============================
=========================== short test summary info ============================
=========================== short test summary info ============================
=========================== short test summary info ============================
=========================== short test summary info ============================
=========================== short test summary info ============================
=========================== short test summary info ============================
FAILED tests/hypothesis/test_multilinestring.py::test_shape - hypothesis.erro...
FAILED tests/hypothesis/test_multilinestring.py::test_shape - hypothesis.erro...
FAILED tests/hypothesis/test_multilinestring.py::test_shape - hypothesis.erro...
FAILED tests/hypothesis/test_multilinestring.py::test_shape - hypothesis.erro...
FAILED tests/hypothesis/test_multilinestring.py::test_shape - hypothesis.erro...
FAILED tests/hypothesis/test_multilinestring.py::test_shape - hypothesis.erro...
FAILED tests/hypothesis/test_multilinestring.py::test_shape - hypothesis.erro...
FAILED tests/hypothesis/test_multilinestring.py::test_shape - hypothesis.erro...
FAILED tests/hypothesis/test_polygon.py::test_repr_eval - hypothesis.errors.F...
FAILED tests/hypothesis/test_polygon.py::test_repr_eval - hypothesis.errors.F...
FAILED tests/hypothesis/test_polygon.py::test_repr_eval - hypothesis.errors.F...
FAILED tests/hypothesis/test_polygon.py::test_repr_eval - hypothesis.errors.F...
FAILED tests/hypothesis/test_polygon.py::test_repr_eval - hypothesis.errors.F...
FAILED tests/hypothesis/test_polygon.py::test_repr_eval - hypothesis.errors.F...
FAILED tests/hypothesis/test_polygon.py::test_repr_eval - hypothesis.errors.F...
FAILED tests/hypothesis/test_polygon.py::test_repr_eval - hypothesis.errors.F...
FAILED tests/hypothesis/test_polygon.py::test_bounds - hypothesis.errors.Fail...
FAILED tests/hypothesis/test_polygon.py::test_bounds - hypothesis.errors.Fail...
FAILED tests/hypothesis/test_polygon.py::test_bounds - hypothesis.errors.Fail...
FAILED tests/hypothesis/test_polygon.py::test_bounds - hypothesis.errors.Fail...
FAILED tests/hypothesis/test_polygon.py::test_bounds - hypothesis.errors.Fail...
FAILED tests/hypothesis/test_polygon.py::test_bounds - hypothesis.errors.Fail...
FAILED tests/hypothesis/test_polygon.py::test_bounds - hypothesis.errors.Fail...
FAILED tests/hypothesis/test_polygon.py::test_bounds - hypothesis.errors.Fail...
FAILED tests/hypothesis/test_polygon.py::test_convex_hull_bounds - hypothesis...
FAILED tests/hypothesis/test_polygon.py::test_convex_hull_bounds - hypothesis...
FAILED tests/hypothesis/test_polygon.py::test_convex_hull_bounds - hypothesis...
FAILED tests/hypothesis/test_polygon.py::test_convex_hull_bounds - hypothesis...
FAILED tests/hypothesis/test_polygon.py::test_convex_hull_bounds - hypothesis...
FAILED tests/hypothesis/test_polygon.py::test_convex_hull_bounds - hypothesis...
FAILED tests/hypothesis/test_polygon.py::test_convex_hull_bounds - hypothesis...
FAILED tests/hypothesis/test_polygon.py::test_convex_hull_bounds - hypothesis...
FAILED tests/hypothesis/test_polygon.py::test_interiors - hypothesis.errors.F...
FAILED tests/hypothesis/test_polygon.py::test_interiors - hypothesis.errors.F...
FAILED tests/hypothesis/test_polygon.py::test_interiors - hypothesis.errors.F...
FAILED tests/hypothesis/test_polygon.py::test_interiors - hypothesis.errors.F...
FAILED tests/hypothesis/test_polygon.py::test_interiors - hypothesis.errors.F...
FAILED tests/hypothesis/test_polygon.py::test_interiors - hypothesis.errors.F...
FAILED tests/hypothesis/test_polygon.py::test_interiors - hypothesis.errors.F...
FAILED tests/hypothesis/test_polygon.py::test_interiors - hypothesis.errors.F...
=========== 5 failed, 424 passed, 1109 warnings in 81.13s (0:01:21) ============
=========== 5 failed, 424 passed, 1109 warnings in 81.13s (0:01:21) ============
=========== 5 failed, 424 passed, 1109 warnings in 81.13s (0:01:21) ============
=========== 5 failed, 424 passed, 1109 warnings in 81.13s (0:01:21) ============
=========== 5 failed, 424 passed, 1109 warnings in 81.13s (0:01:21) ============
=========== 5 failed, 424 passed, 1109 warnings in 81.13s (0:01:21) ============
=========== 5 failed, 424 passed, 1109 warnings in 81.13s (0:01:21) ============
=========== 5 failed, 424 passed, 1109 warnings in 81.13s (0:01:21) ============
INFO     : Command's result: FAILURE
INFO     : Command's result: FAILURE
INFO     : Command's result: FAILURE
INFO     : Command's result: FAILURE
INFO     : Command's result: FAILURE
INFO     : Command's result: FAILURE
INFO     : Command's result: FAILURE
INFO     : Command's result: FAILURE
INFO     : Command's result: FAILURE
INFO     : Command's error: Command '['python3', '-m', 'pytest', '-v']' returned non-zero exit status 1.
INFO     : Command's error: Command '['python3', '-m', 'pytest', '-v']' returned non-zero exit status 1.
INFO     : Command's error: Command '['python3', '-m', 'pytest', '-v']' returned non-zero exit status 1.
INFO     : Command's error: Command '['python3', '-m', 'pytest', '-v']' returned non-zero exit status 1.
INFO     : Command's error: Command '['python3', '-m', 'pytest', '-v']' returned non-zero exit status 1.
INFO     : Command's error: Command '['python3', '-m', 'pytest', '-v']' returned non-zero exit status 1.
INFO     : Command's error: Command '['python3', '-m', 'pytest', '-v']' returned non-zero exit status 1.
INFO     : Command's error: Command '['python3', '-m', 'pytest', '-v']' returned non-zero exit status 1.
INFO     : Command's error: Command '['python3', '-m', 'pytest', '-v']' returned non-zero exit status 1.
error: Bad exit status from /usr/src/tmp/rpm-tmp.35938 (%check)
error: Bad exit status from /usr/src/tmp/rpm-tmp.35938 (%check)
error: Bad exit status from /usr/src/tmp/rpm-tmp.35938 (%check)
error: Bad exit status from /usr/src/tmp/rpm-tmp.35938 (%check)
error: Bad exit status from /usr/src/tmp/rpm-tmp.35938 (%check)
error: Bad exit status from /usr/src/tmp/rpm-tmp.35938 (%check)
error: Bad exit status from /usr/src/tmp/rpm-tmp.35938 (%check)
error: Bad exit status from /usr/src/tmp/rpm-tmp.35938 (%check)
error: Bad exit status from /usr/src/tmp/rpm-tmp.35938 (%check)


















RPM build errors:
RPM build errors:
RPM build errors:
RPM build errors:
RPM build errors:
RPM build errors:
RPM build errors:
RPM build errors:
    Bad exit status from /usr/src/tmp/rpm-tmp.35938 (%check)
    Bad exit status from /usr/src/tmp/rpm-tmp.35938 (%check)
    Bad exit status from /usr/src/tmp/rpm-tmp.35938 (%check)
    Bad exit status from /usr/src/tmp/rpm-tmp.35938 (%check)
    Bad exit status from /usr/src/tmp/rpm-tmp.35938 (%check)
    Bad exit status from /usr/src/tmp/rpm-tmp.35938 (%check)
    Bad exit status from /usr/src/tmp/rpm-tmp.35938 (%check)
Command exited with non-zero status 1
Command exited with non-zero status 1
Command exited with non-zero status 1
Command exited with non-zero status 1
Command exited with non-zero status 1
Command exited with non-zero status 1
60.11user 5.06system 1:23.60elapsed 77%CPU (0avgtext+0avgdata 82456maxresident)k
60.11user 5.06system 1:23.60elapsed 77%CPU (0avgtext+0avgdata 82456maxresident)k
60.11user 5.06system 1:23.60elapsed 77%CPU (0avgtext+0avgdata 82456maxresident)k
60.11user 5.06system 1:23.60elapsed 77%CPU (0avgtext+0avgdata 82456maxresident)k
60.11user 5.06system 1:23.60elapsed 77%CPU (0avgtext+0avgdata 82456maxresident)k
0inputs+0outputs (0major+807785minor)pagefaults 0swaps
0inputs+0outputs (0major+807785minor)pagefaults 0swaps
0inputs+0outputs (0major+807785minor)pagefaults 0swaps
0inputs+0outputs (0major+807785minor)pagefaults 0swaps
hsh-rebuild: rebuild of `python3-module-pygeoif-1.5.1-alt1.src.rpm' failed.
hsh-rebuild: rebuild of `python3-module-pygeoif-1.5.1-alt1.src.rpm' failed.
hsh-rebuild: rebuild of `python3-module-pygeoif-1.5.1-alt1.src.rpm' failed.
Command exited with non-zero status 1
Command exited with non-zero status 1
Command exited with non-zero status 1
7.37user 2.58system 1:43.61elapsed 9%CPU (0avgtext+0avgdata 142248maxresident)k
7.37user 2.58system 1:43.61elapsed 9%CPU (0avgtext+0avgdata 142248maxresident)k
0inputs+0outputs (0major+352558minor)pagefaults 0swaps
