+ PYTHONPATH=/usr/src/RPM/BUILD/brotlicffi-1.1.0.0
+ make SPHINXBUILD=sphinx-build-3 -C docs man
make: Entering directory '/usr/src/RPM/BUILD/brotlicffi-1.1.0.0/docs'
sphinx-build-3 -b man -d build/doctrees   source build/man
Running Sphinx v8.2.1
WARNING: Invalid configuration value found: 'language = None'. Update your configuration to a valid language code. Falling back to 'en' (English).
loading translations [en]... done
making output directory... done
WARNING: html_static_path entry '_static' does not exist
Converting `source_suffix = '.rst'` to `source_suffix = {'.rst': 'restructuredtext'}`.
ERROR: Invalid value `None` in intersphinx_mapping['https://docs.python.org/']. Expected a two-element tuple or list.

Configuration error!

Versions
========

* Platform:         linux; (Linux-6.12.24-6.12-alt1-x86_64-with-glibc2.40)
* Python version:   3.12.10 (CPython)
* Sphinx version:   8.2.1
* Docutils version: 0.20.1
Last Messages
=============

None.

Loaded Extensions
=================

None.
None.


Traceback
Traceback
=========
=========
=========




      File "/usr/lib/python3/site-packages/sphinx/ext/intersphinx/_load.py", line 132, in validate_intersphinx_mapping
      File "/usr/lib/python3/site-packages/sphinx/ext/intersphinx/_load.py", line 132, in validate_intersphinx_mapping
      File "/usr/lib/python3/site-packages/sphinx/ext/intersphinx/_load.py", line 132, in validate_intersphinx_mapping
      File "/usr/lib/python3/site-packages/sphinx/ext/intersphinx/_load.py", line 132, in validate_intersphinx_mapping
      File "/usr/lib/python3/site-packages/sphinx/ext/intersphinx/_load.py", line 132, in validate_intersphinx_mapping
        raise ConfigError(msg)
        raise ConfigError(msg)
        raise ConfigError(msg)
        raise ConfigError(msg)
        raise ConfigError(msg)
    sphinx.errors.ConfigError: Invalid `intersphinx_mapping` configuration (1 error).
    sphinx.errors.ConfigError: Invalid `intersphinx_mapping` configuration (1 error).
    sphinx.errors.ConfigError: Invalid `intersphinx_mapping` configuration (1 error).
    sphinx.errors.ConfigError: Invalid `intersphinx_mapping` configuration (1 error).
    sphinx.errors.ConfigError: Invalid `intersphinx_mapping` configuration (1 error).
    sphinx.errors.ConfigError: Invalid `intersphinx_mapping` configuration (1 error).












The full traceback has been saved in:
The full traceback has been saved in:
The full traceback has been saved in:
The full traceback has been saved in:
The full traceback has been saved in:
The full traceback has been saved in:
/usr/src/tmp/sphinx-err-600yyiq6.log
/usr/src/tmp/sphinx-err-600yyiq6.log
/usr/src/tmp/sphinx-err-600yyiq6.log
/usr/src/tmp/sphinx-err-600yyiq6.log
/usr/src/tmp/sphinx-err-600yyiq6.log
/usr/src/tmp/sphinx-err-600yyiq6.log






To report this error to the developers, please open an issue at <https://github.com/sphinx-doc/sphinx/issues/>. Thanks!
To report this error to the developers, please open an issue at <https://github.com/sphinx-doc/sphinx/issues/>. Thanks!
To report this error to the developers, please open an issue at <https://github.com/sphinx-doc/sphinx/issues/>. Thanks!
To report this error to the developers, please open an issue at <https://github.com/sphinx-doc/sphinx/issues/>. Thanks!
To report this error to the developers, please open an issue at <https://github.com/sphinx-doc/sphinx/issues/>. Thanks!
Please also report this if it was a user error, so that a better error message can be provided next time.
Please also report this if it was a user error, so that a better error message can be provided next time.
Please also report this if it was a user error, so that a better error message can be provided next time.
Please also report this if it was a user error, so that a better error message can be provided next time.
Please also report this if it was a user error, so that a better error message can be provided next time.
make: *** [Makefile:141: man] Error 2
make: *** [Makefile:141: man] Error 2
make: *** [Makefile:141: man] Error 2
make: *** [Makefile:141: man] Error 2
make: *** [Makefile:141: man] Error 2
make: *** [Makefile:141: man] Error 2
make: Leaving directory '/usr/src/RPM/BUILD/brotlicffi-1.1.0.0/docs'
make: Leaving directory '/usr/src/RPM/BUILD/brotlicffi-1.1.0.0/docs'
make: Leaving directory '/usr/src/RPM/BUILD/brotlicffi-1.1.0.0/docs'
make: Leaving directory '/usr/src/RPM/BUILD/brotlicffi-1.1.0.0/docs'
make: Leaving directory '/usr/src/RPM/BUILD/brotlicffi-1.1.0.0/docs'
make: Leaving directory '/usr/src/RPM/BUILD/brotlicffi-1.1.0.0/docs'
error: Bad exit status from /usr/src/tmp/rpm-tmp.81501 (%build)
error: Bad exit status from /usr/src/tmp/rpm-tmp.81501 (%build)
error: Bad exit status from /usr/src/tmp/rpm-tmp.81501 (%build)
error: Bad exit status from /usr/src/tmp/rpm-tmp.81501 (%build)
error: Bad exit status from /usr/src/tmp/rpm-tmp.81501 (%build)
error: Bad exit status from /usr/src/tmp/rpm-tmp.81501 (%build)












RPM build errors:
RPM build errors:
RPM build errors:
RPM build errors:
RPM build errors:
RPM build errors:
    Bad exit status from /usr/src/tmp/rpm-tmp.81501 (%build)
    Bad exit status from /usr/src/tmp/rpm-tmp.81501 (%build)
    Bad exit status from /usr/src/tmp/rpm-tmp.81501 (%build)
    Bad exit status from /usr/src/tmp/rpm-tmp.81501 (%build)
    Bad exit status from /usr/src/tmp/rpm-tmp.81501 (%build)
Command exited with non-zero status 1
Command exited with non-zero status 1
Command exited with non-zero status 1
Command exited with non-zero status 1
Command exited with non-zero status 1
31.78user 2.61system 0:23.61elapsed 145%CPU (0avgtext+0avgdata 189608maxresident)k
31.78user 2.61system 0:23.61elapsed 145%CPU (0avgtext+0avgdata 189608maxresident)k
31.78user 2.61system 0:23.61elapsed 145%CPU (0avgtext+0avgdata 189608maxresident)k
31.78user 2.61system 0:23.61elapsed 145%CPU (0avgtext+0avgdata 189608maxresident)k
31.78user 2.61system 0:23.61elapsed 145%CPU (0avgtext+0avgdata 189608maxresident)k
0inputs+0outputs (0major+610274minor)pagefaults 0swaps
0inputs+0outputs (0major+610274minor)pagefaults 0swaps
0inputs+0outputs (0major+610274minor)pagefaults 0swaps
0inputs+0outputs (0major+610274minor)pagefaults 0swaps
hsh-rebuild: rebuild of `python3-module-brotlicffi-1.1.0.0-alt1.src.rpm' failed.
hsh-rebuild: rebuild of `python3-module-brotlicffi-1.1.0.0-alt1.src.rpm' failed.
hsh-rebuild: rebuild of `python3-module-brotlicffi-1.1.0.0-alt1.src.rpm' failed.
Command exited with non-zero status 1
Command exited with non-zero status 1
5.42user 4.16system 0:44.64elapsed 21%CPU (0avgtext+0avgdata 141048maxresident)k
5.42user 4.16system 0:44.64elapsed 21%CPU (0avgtext+0avgdata 141048maxresident)k
0inputs+0outputs (0major+386863minor)pagefaults 0swaps
