SKIPPED [1] tests/test_commonmark/test_commonmark.py:24: Expects '+++' to be unconverted (not block break).
SKIPPED [2] tests/test_commonmark/test_commonmark.py:29: Thematic breaks on the first line conflict with front matter syntax
SKIPPED [2] tests/test_commonmark/test_commonmark.py:29: Thematic breaks on the first line conflict with front matter syntax
SKIPPED [2] tests/test_renderers/test_fixtures_sphinx.py:95: SKIP: Tested in sphinx builds
SKIPPED [2] tests/test_renderers/test_fixtures_sphinx.py:95: SKIP: Tested in sphinx builds
SKIPPED [2] tests/test_renderers/test_fixtures_sphinx.py:95: SKIP: Tested in sphinx builds
SKIPPED [1] tests/test_renderers/test_fixtures_sphinx.py:95: SKIP: MockingError: MockState has not yet implemented attribute 'nested_list_parse'
SKIPPED [1] tests/test_renderers/test_fixtures_sphinx.py:95: SKIP: MockingError: MockState has not yet implemented attribute 'nested_list_parse'
SKIPPED [1] tests/test_renderers/test_fixtures_sphinx.py:95: SKIP: MockingError: MockState has not yet implemented attribute 'nested_list_parse'
SKIPPED [1] tests/test_renderers/test_fixtures_sphinx.py:95: SKIP: MockingError: MockState has not yet implemented attribute 'nested_list_parse'
SKIPPED [1] tests/test_renderers/test_fixtures_sphinx.py:95: SPHINX4-SKIP productionlist (`sphinx.domains.std.ProductionList`):
SKIPPED [1] tests/test_renderers/test_fixtures_sphinx.py:95: SPHINX4-SKIP productionlist (`sphinx.domains.std.ProductionList`):
SKIPPED [1] tests/test_renderers/test_fixtures_sphinx.py:95: SPHINX4-SKIP productionlist (`sphinx.domains.std.ProductionList`):
SKIPPED [1] tests/test_renderers/test_fixtures_sphinx.py:95: SPHINX4-SKIP productionlist (`sphinx.domains.std.ProductionList`):
SKIPPED [1] tests/test_renderers/test_fixtures_sphinx.py:95: SPHINX4-SKIP productionlist (`sphinx.domains.std.ProductionList`):
SKIPPED [1] tests/test_renderers/test_fixtures_sphinx.py:95: SPHINX4-SKIP rst:directive:option (`sphinx.domains.rst.ReSTDirectiveOption`):
SKIPPED [1] tests/test_renderers/test_fixtures_sphinx.py:95: SPHINX4-SKIP rst:directive:option (`sphinx.domains.rst.ReSTDirectiveOption`):
SKIPPED [1] tests/test_renderers/test_fixtures_sphinx.py:95: SPHINX4-SKIP rst:directive:option (`sphinx.domains.rst.ReSTDirectiveOption`):
SKIPPED [1] tests/test_renderers/test_fixtures_sphinx.py:95: SPHINX4-SKIP rst:directive:option (`sphinx.domains.rst.ReSTDirectiveOption`):
SKIPPED [1] tests/test_renderers/test_fixtures_sphinx.py:95: SPHINX4-SKIP rst:directive:option (`sphinx.domains.rst.ReSTDirectiveOption`):
SKIPPED [1] tests/test_renderers/test_fixtures_sphinx.py:132: SKIP cpp:expr (`sphinx.domains.cpp.CPPExprRole`):
SKIPPED [1] tests/test_renderers/test_fixtures_sphinx.py:132: SKIP cpp:expr (`sphinx.domains.cpp.CPPExprRole`):
SKIPPED [1] tests/test_renderers/test_fixtures_sphinx.py:132: SKIP cpp:expr (`sphinx.domains.cpp.CPPExprRole`):
SKIPPED [1] tests/test_renderers/test_fixtures_sphinx.py:132: SKIP cpp:expr (`sphinx.domains.cpp.CPPExprRole`):
SKIPPED [1] tests/test_renderers/test_fixtures_sphinx.py:132: SKIP cpp:expr (`sphinx.domains.cpp.CPPExprRole`):
SKIPPED [1] tests/test_renderers/test_fixtures_sphinx.py:132: SKIP cpp:expr (`sphinx.domains.cpp.CPPExprRole`):
SKIPPED [1] tests/test_renderers/test_fixtures_sphinx.py:132: SKIP cpp:texpr (`sphinx.domains.cpp.CPPExprRole`):
SKIPPED [1] tests/test_renderers/test_fixtures_sphinx.py:132: SKIP cpp:texpr (`sphinx.domains.cpp.CPPExprRole`):
SKIPPED [1] tests/test_renderers/test_fixtures_sphinx.py:132: SKIP cpp:texpr (`sphinx.domains.cpp.CPPExprRole`):
SKIPPED [1] tests/test_renderers/test_fixtures_sphinx.py:132: SKIP cpp:texpr (`sphinx.domains.cpp.CPPExprRole`):
SKIPPED [1] tests/test_renderers/test_fixtures_sphinx.py:132: SKIP cpp:texpr (`sphinx.domains.cpp.CPPExprRole`):
SKIPPED [1] tests/test_renderers/test_fixtures_sphinx.py:132: SKIP cpp:texpr (`sphinx.domains.cpp.CPPExprRole`):
SKIPPED [1] tests/test_renderers/test_fixtures_sphinx.py:132: SKIP cpp:texpr (`sphinx.domains.cpp.CPPExprRole`):
SKIPPED [1] tests/test_renderers/test_fixtures_sphinx.py:132: SKIP: Non-deterministic output
SKIPPED [1] tests/test_renderers/test_fixtures_sphinx.py:132: SKIP: Non-deterministic output
SKIPPED [1] tests/test_renderers/test_fixtures_sphinx.py:132: SKIP: Non-deterministic output
SKIPPED [1] tests/test_renderers/test_fixtures_sphinx.py:132: SKIP: Non-deterministic output
SKIPPED [1] tests/test_renderers/test_fixtures_sphinx.py:132: SKIP: Non-deterministic output
SKIPPED [1] tests/test_renderers/test_fixtures_sphinx.py:132: SKIP: Non-deterministic output
SKIPPED [1] tests/test_renderers/test_fixtures_sphinx.py:132: SKIP: Non-deterministic output
XFAIL tests/test_sphinx/test_sphinx_builds.py::test_includes - Not adapted to Pygments 2.19: https://github.com/executablebooks/MyST-Parser/pull/1014
XFAIL tests/test_sphinx/test_sphinx_builds.py::test_includes - Not adapted to Pygments 2.19: https://github.com/executablebooks/MyST-Parser/pull/1014
XFAIL tests/test_sphinx/test_sphinx_builds.py::test_includes - Not adapted to Pygments 2.19: https://github.com/executablebooks/MyST-Parser/pull/1014
XFAIL tests/test_sphinx/test_sphinx_builds.py::test_includes - Not adapted to Pygments 2.19: https://github.com/executablebooks/MyST-Parser/pull/1014
XFAIL tests/test_sphinx/test_sphinx_builds.py::test_includes - Not adapted to Pygments 2.19: https://github.com/executablebooks/MyST-Parser/pull/1014
XFAIL tests/test_sphinx/test_sphinx_builds.py::test_includes - Not adapted to Pygments 2.19: https://github.com/executablebooks/MyST-Parser/pull/1014
XFAIL tests/test_sphinx/test_sphinx_builds.py::test_includes - Not adapted to Pygments 2.19: https://github.com/executablebooks/MyST-Parser/pull/1014
FAILED tests/test_renderers/test_fixtures_sphinx.py::test_sphinx_directives[320-math (`sphinx.directives.patches.MathDirective`):]
FAILED tests/test_renderers/test_fixtures_sphinx.py::test_sphinx_directives[320-math (`sphinx.directives.patches.MathDirective`):]
FAILED tests/test_renderers/test_fixtures_sphinx.py::test_sphinx_directives[320-math (`sphinx.directives.patches.MathDirective`):]
FAILED tests/test_renderers/test_fixtures_sphinx.py::test_sphinx_directives[320-math (`sphinx.directives.patches.MathDirective`):]
FAILED tests/test_renderers/test_fixtures_sphinx.py::test_sphinx_directives[320-math (`sphinx.directives.patches.MathDirective`):]
FAILED tests/test_renderers/test_fixtures_sphinx.py::test_sphinx_directives[320-math (`sphinx.directives.patches.MathDirective`):]
FAILED tests/test_renderers/test_fixtures_sphinx.py::test_sphinx_directives[320-math (`sphinx.directives.patches.MathDirective`):]
FAILED tests/test_sphinx/test_sphinx_builds.py::test_references_singlehtml - ...
FAILED tests/test_sphinx/test_sphinx_builds.py::test_references_singlehtml - ...
FAILED tests/test_sphinx/test_sphinx_builds.py::test_references_singlehtml - ...
FAILED tests/test_sphinx/test_sphinx_builds.py::test_references_singlehtml - ...
FAILED tests/test_sphinx/test_sphinx_builds.py::test_references_singlehtml - ...
FAILED tests/test_sphinx/test_sphinx_builds.py::test_references_singlehtml - ...
FAILED tests/test_sphinx/test_sphinx_builds.py::test_references_singlehtml - ...
FAILED tests/test_sphinx/test_sphinx_builds.py::test_extended_syntaxes - Asse...
FAILED tests/test_sphinx/test_sphinx_builds.py::test_extended_syntaxes - Asse...
FAILED tests/test_sphinx/test_sphinx_builds.py::test_extended_syntaxes - Asse...
FAILED tests/test_sphinx/test_sphinx_builds.py::test_extended_syntaxes - Asse...
FAILED tests/test_sphinx/test_sphinx_builds.py::test_extended_syntaxes - Asse...
FAILED tests/test_sphinx/test_sphinx_builds.py::test_extended_syntaxes - Asse...
FAILED tests/test_sphinx/test_sphinx_builds.py::test_extended_syntaxes - Asse...
FAILED tests/test_sphinx/test_sphinx_builds.py::test_fieldlist_extension - As...
FAILED tests/test_sphinx/test_sphinx_builds.py::test_fieldlist_extension - As...
FAILED tests/test_sphinx/test_sphinx_builds.py::test_fieldlist_extension - As...
FAILED tests/test_sphinx/test_sphinx_builds.py::test_fieldlist_extension - As...
FAILED tests/test_sphinx/test_sphinx_builds.py::test_fieldlist_extension - As...
FAILED tests/test_sphinx/test_sphinx_builds.py::test_fieldlist_extension - As...
FAILED tests/test_sphinx/test_sphinx_builds.py::test_fieldlist_extension - As...
====== 4 failed, 1079 passed, 11 skipped, 1 xfailed, 32 warnings in 6.80s ======
====== 4 failed, 1079 passed, 11 skipped, 1 xfailed, 32 warnings in 6.80s ======
====== 4 failed, 1079 passed, 11 skipped, 1 xfailed, 32 warnings in 6.80s ======
====== 4 failed, 1079 passed, 11 skipped, 1 xfailed, 32 warnings in 6.80s ======
====== 4 failed, 1079 passed, 11 skipped, 1 xfailed, 32 warnings in 6.80s ======
====== 4 failed, 1079 passed, 11 skipped, 1 xfailed, 32 warnings in 6.80s ======
====== 4 failed, 1079 passed, 11 skipped, 1 xfailed, 32 warnings in 6.80s ======
INFO     : Command's result: FAILURE
INFO     : Command's result: FAILURE
INFO     : Command's result: FAILURE
INFO     : Command's result: FAILURE
INFO     : Command's result: FAILURE
INFO     : Command's result: FAILURE
INFO     : Command's result: FAILURE
INFO     : Command's result: FAILURE
INFO     : Command's error: Command '['python3', '-m', 'pytest', '-ra']' returned non-zero exit status 1.
INFO     : Command's error: Command '['python3', '-m', 'pytest', '-ra']' returned non-zero exit status 1.
INFO     : Command's error: Command '['python3', '-m', 'pytest', '-ra']' returned non-zero exit status 1.
INFO     : Command's error: Command '['python3', '-m', 'pytest', '-ra']' returned non-zero exit status 1.
INFO     : Command's error: Command '['python3', '-m', 'pytest', '-ra']' returned non-zero exit status 1.
INFO     : Command's error: Command '['python3', '-m', 'pytest', '-ra']' returned non-zero exit status 1.
INFO     : Command's error: Command '['python3', '-m', 'pytest', '-ra']' returned non-zero exit status 1.
INFO     : Command's error: Command '['python3', '-m', 'pytest', '-ra']' returned non-zero exit status 1.
error: Bad exit status from /usr/src/tmp/rpm-tmp.57215 (%check)
error: Bad exit status from /usr/src/tmp/rpm-tmp.57215 (%check)
error: Bad exit status from /usr/src/tmp/rpm-tmp.57215 (%check)
error: Bad exit status from /usr/src/tmp/rpm-tmp.57215 (%check)
error: Bad exit status from /usr/src/tmp/rpm-tmp.57215 (%check)
error: Bad exit status from /usr/src/tmp/rpm-tmp.57215 (%check)
error: Bad exit status from /usr/src/tmp/rpm-tmp.57215 (%check)
error: Bad exit status from /usr/src/tmp/rpm-tmp.57215 (%check)
















RPM build errors:
RPM build errors:
RPM build errors:
RPM build errors:
RPM build errors:
RPM build errors:
RPM build errors:
RPM build errors:
    Bad exit status from /usr/src/tmp/rpm-tmp.57215 (%check)
    Bad exit status from /usr/src/tmp/rpm-tmp.57215 (%check)
    Bad exit status from /usr/src/tmp/rpm-tmp.57215 (%check)
    Bad exit status from /usr/src/tmp/rpm-tmp.57215 (%check)
    Bad exit status from /usr/src/tmp/rpm-tmp.57215 (%check)
    Bad exit status from /usr/src/tmp/rpm-tmp.57215 (%check)
    Bad exit status from /usr/src/tmp/rpm-tmp.57215 (%check)
Command exited with non-zero status 1
Command exited with non-zero status 1
Command exited with non-zero status 1
Command exited with non-zero status 1
Command exited with non-zero status 1
Command exited with non-zero status 1
8.58user 1.28system 0:09.80elapsed 100%CPU (0avgtext+0avgdata 127744maxresident)k
8.58user 1.28system 0:09.80elapsed 100%CPU (0avgtext+0avgdata 127744maxresident)k
8.58user 1.28system 0:09.80elapsed 100%CPU (0avgtext+0avgdata 127744maxresident)k
8.58user 1.28system 0:09.80elapsed 100%CPU (0avgtext+0avgdata 127744maxresident)k
8.58user 1.28system 0:09.80elapsed 100%CPU (0avgtext+0avgdata 127744maxresident)k
0inputs+0outputs (0major+192822minor)pagefaults 0swaps
0inputs+0outputs (0major+192822minor)pagefaults 0swaps
0inputs+0outputs (0major+192822minor)pagefaults 0swaps
0inputs+0outputs (0major+192822minor)pagefaults 0swaps
hsh-rebuild: rebuild of `python3-module-myst-parser-4.0.1-alt1.src.rpm' failed.
hsh-rebuild: rebuild of `python3-module-myst-parser-4.0.1-alt1.src.rpm' failed.
hsh-rebuild: rebuild of `python3-module-myst-parser-4.0.1-alt1.src.rpm' failed.
Command exited with non-zero status 1
Command exited with non-zero status 1
Command exited with non-zero status 1
6.21user 2.91system 0:25.42elapsed 35%CPU (0avgtext+0avgdata 144860maxresident)k
6.21user 2.91system 0:25.42elapsed 35%CPU (0avgtext+0avgdata 144860maxresident)k
384inputs+0outputs (0major+289252minor)pagefaults 0swaps
