            markcoroutinefunction(self)
>       super().__init__()
E       TypeError: MiddlewareMixin.__init__() missing 1 required positional argument: 'get_response'

/usr/lib/python3/site-packages/django/contrib/auth/middleware.py:120: TypeError
________________________ TestViewLog.test_view_log_404 _________________________

self = <tests.test_view_log.TestViewLog testMethod=test_view_log_404>

    def test_view_log_404(self):
        """Fetching of non-existent logs should yield error 404"""
>       response = self.get_log('missing.htm')

tests/test_view_log.py:139: 
_ _ _ _ _ _ _ _ _ _ _ _ _ _ _ _ _ _ _ _ _ _ _ _ _ _ _ _ _ _ _ _ _ _ _ _ _ _ _ _ 
tests/test_view_log.py:484: in get_log
    return self.client.get(url, data)
/usr/lib/python3/site-packages/django/test/client.py:1124: in get
    response = super().get(
/usr/lib/python3/site-packages/django/test/client.py:475: in get
    return self.generic(
            markcoroutinefunction(self)
>       super().__init__()
E       TypeError: MiddlewareMixin.__init__() missing 1 required positional argument: 'get_response'

/usr/lib/python3/site-packages/django/contrib/auth/middleware.py:120: TypeError
________________________ TestTaskView.test_list_failed _________________________

self = <tests.test_views.TestTaskView testMethod=test_list_failed>

    def test_list_failed(self):
>       response = self.client.get('/task/failed/')

tests/test_views.py:138: 
_ _ _ _ _ _ _ _ _ _ _ _ _ _ _ _ _ _ _ _ _ _ _ _ _ _ _ _ _ _ _ _ _ _ _ _ _ _ _ _ 
/usr/lib/python3/site-packages/django/test/client.py:1124: in get
    response = super().get(
/usr/lib/python3/site-packages/django/test/client.py:475: in get
    return self.generic(
/usr/lib/python3/site-packages/django/test/client.py:671: in generic
    return self.request(**r)
/usr/lib/python3/site-packages/django/test/client.py:1082: in request
tests/test_xmlrpc_worker.py: 22 warnings
  /usr/src/RPM/BUILD/python3-module-kobo-0.37.0/kobo/hub/models.py:277: DeprecationWarning: datetime.datetime.utcfromtimestamp() is deprecated and scheduled for removal in a future version. Use timezone-aware objects to represent datetimes in UTC: datetime.datetime.fromtimestamp(timestamp, datetime.UTC).
  /usr/src/RPM/BUILD/python3-module-kobo-0.37.0/kobo/hub/models.py:277: DeprecationWarning: datetime.datetime.utcfromtimestamp() is deprecated and scheduled for removal in a future version. Use timezone-aware objects to represent datetimes in UTC: datetime.datetime.fromtimestamp(timestamp, datetime.UTC).
    return datetime.datetime.utcfromtimestamp(stat.st_mtime)
    return datetime.datetime.utcfromtimestamp(stat.st_mtime)
    return datetime.datetime.utcfromtimestamp(stat.st_mtime)




tests/test_models.py::TestWorker::test_last_seen
tests/test_models.py::TestWorker::test_last_seen
tests/test_models.py::TestWorker::test_last_seen
tests/test_models.py::TestWorker::test_last_seen
tests/test_models.py::TestWorker::test_last_seen
  /usr/src/RPM/BUILD/python3-module-kobo-0.37.0/tests/test_models.py:240: DeprecationWarning: datetime.datetime.utcnow() is deprecated and scheduled for removal in a future version. Use timezone-aware objects to represent datetimes in UTC: datetime.datetime.now(datetime.UTC).
  /usr/src/RPM/BUILD/python3-module-kobo-0.37.0/tests/test_models.py:240: DeprecationWarning: datetime.datetime.utcnow() is deprecated and scheduled for removal in a future version. Use timezone-aware objects to represent datetimes in UTC: datetime.datetime.now(datetime.UTC).
  /usr/src/RPM/BUILD/python3-module-kobo-0.37.0/tests/test_models.py:240: DeprecationWarning: datetime.datetime.utcnow() is deprecated and scheduled for removal in a future version. Use timezone-aware objects to represent datetimes in UTC: datetime.datetime.now(datetime.UTC).
  /usr/src/RPM/BUILD/python3-module-kobo-0.37.0/tests/test_models.py:240: DeprecationWarning: datetime.datetime.utcnow() is deprecated and scheduled for removal in a future version. Use timezone-aware objects to represent datetimes in UTC: datetime.datetime.now(datetime.UTC).
  /usr/src/RPM/BUILD/python3-module-kobo-0.37.0/tests/test_models.py:240: DeprecationWarning: datetime.datetime.utcnow() is deprecated and scheduled for removal in a future version. Use timezone-aware objects to represent datetimes in UTC: datetime.datetime.now(datetime.UTC).
  /usr/src/RPM/BUILD/python3-module-kobo-0.37.0/tests/test_models.py:240: DeprecationWarning: datetime.datetime.utcnow() is deprecated and scheduled for removal in a future version. Use timezone-aware objects to represent datetimes in UTC: datetime.datetime.now(datetime.UTC).
    last_seen_delta = datetime.utcnow() - worker.last_seen
    last_seen_delta = datetime.utcnow() - worker.last_seen
    last_seen_delta = datetime.utcnow() - worker.last_seen
    last_seen_delta = datetime.utcnow() - worker.last_seen
    last_seen_delta = datetime.utcnow() - worker.last_seen
    last_seen_delta = datetime.utcnow() - worker.last_seen
    last_seen_delta = datetime.utcnow() - worker.last_seen








-- Docs: https://docs.pytest.org/en/stable/how-to/capture-warnings.html
-- Docs: https://docs.pytest.org/en/stable/how-to/capture-warnings.html
-- Docs: https://docs.pytest.org/en/stable/how-to/capture-warnings.html
-- Docs: https://docs.pytest.org/en/stable/how-to/capture-warnings.html
-- Docs: https://docs.pytest.org/en/stable/how-to/capture-warnings.html
-- Docs: https://docs.pytest.org/en/stable/how-to/capture-warnings.html
-- Docs: https://docs.pytest.org/en/stable/how-to/capture-warnings.html
-- Docs: https://docs.pytest.org/en/stable/how-to/capture-warnings.html
-- Docs: https://docs.pytest.org/en/stable/how-to/capture-warnings.html
=========================== short test summary info ============================
=========================== short test summary info ============================
=========================== short test summary info ============================
=========================== short test summary info ============================
=========================== short test summary info ============================
=========================== short test summary info ============================
=========================== short test summary info ============================
=========================== short test summary info ============================
=========================== short test summary info ============================
=========================== short test summary info ============================
FAILED tests/test_view_log.py::TestViewLog::test_view_big_html_wrapped - Type...
FAILED tests/test_view_log.py::TestViewLog::test_view_big_html_wrapped - Type...
FAILED tests/test_view_log.py::TestViewLog::test_view_big_html_wrapped - Type...
FAILED tests/test_view_log.py::TestViewLog::test_view_big_html_wrapped - Type...
FAILED tests/test_view_log.py::TestViewLog::test_view_big_html_wrapped - Type...
FAILED tests/test_view_log.py::TestViewLog::test_view_big_html_wrapped - Type...
FAILED tests/test_view_log.py::TestViewLog::test_view_big_html_wrapped - Type...
FAILED tests/test_view_log.py::TestViewLog::test_view_big_html_wrapped - Type...
FAILED tests/test_view_log.py::TestViewLog::test_view_big_html_wrapped - Type...
FAILED tests/test_view_log.py::TestViewLog::test_view_big_html_wrapped - Type...
FAILED tests/test_view_log.py::TestViewLog::test_view_big_html_wrapped - Type...
FAILED tests/test_view_log.py::TestViewLog::test_view_big_html_wrapped_with_offset
FAILED tests/test_view_log.py::TestViewLog::test_view_big_html_wrapped_with_offset
FAILED tests/test_view_log.py::TestViewLog::test_view_big_html_wrapped_with_offset
FAILED tests/test_view_log.py::TestViewLog::test_view_big_html_wrapped_with_offset
FAILED tests/test_view_log.py::TestViewLog::test_view_big_html_wrapped_with_offset
FAILED tests/test_view_log.py::TestViewLog::test_view_big_html_wrapped_with_offset
FAILED tests/test_view_log.py::TestViewLog::test_view_big_html_wrapped_with_offset
FAILED tests/test_view_log.py::TestViewLog::test_view_big_html_wrapped_with_offset
FAILED tests/test_view_log.py::TestViewLog::test_view_big_html_wrapped_with_offset
FAILED tests/test_view_log.py::TestViewLog::test_view_big_html_wrapped_with_offset
FAILED tests/test_view_log.py::TestViewLog::test_view_big_html_wrapped_with_offset
FAILED tests/test_view_log.py::TestViewLog::test_view_big_html_wrapped_with_offset
FAILED tests/test_view_log.py::TestViewLog::test_view_big_json - TypeError: M...
FAILED tests/test_view_log.py::TestViewLog::test_view_big_json - TypeError: M...
FAILED tests/test_view_log.py::TestViewLog::test_view_big_json - TypeError: M...
FAILED tests/test_view_log.py::TestViewLog::test_view_big_json - TypeError: M...
FAILED tests/test_view_log.py::TestViewLog::test_view_big_json - TypeError: M...
FAILED tests/test_view_log.py::TestViewLog::test_view_big_json - TypeError: M...
FAILED tests/test_view_log.py::TestViewLog::test_view_big_json - TypeError: M...
FAILED tests/test_view_log.py::TestViewLog::test_view_big_json - TypeError: M...
FAILED tests/test_view_log.py::TestViewLog::test_view_big_json - TypeError: M...
FAILED tests/test_view_log.py::TestViewLog::test_view_big_json - TypeError: M...
FAILED tests/test_view_log.py::TestViewLog::test_view_big_json - TypeError: M...
FAILED tests/test_view_log.py::TestViewLog::test_view_big_json - TypeError: M...
FAILED tests/test_view_log.py::TestViewLog::test_view_big_json - TypeError: M...
FAILED tests/test_view_log.py::TestViewLog::test_view_big_json_iterate - Type...
FAILED tests/test_view_log.py::TestViewLog::test_view_big_json_iterate - Type...
FAILED tests/test_view_log.py::TestViewLog::test_view_big_json_iterate - Type...
FAILED tests/test_view_log.py::TestViewLog::test_view_big_json_iterate - Type...
FAILED tests/test_view_log.py::TestViewLog::test_view_big_json_iterate - Type...
FAILED tests/test_view_log.py::TestViewLog::test_view_big_json_iterate - Type...
FAILED tests/test_view_log.py::TestViewLog::test_view_big_json_iterate - Type...
FAILED tests/test_view_log.py::TestViewLog::test_view_big_json_iterate - Type...
FAILED tests/test_view_log.py::TestViewLog::test_view_big_json_iterate - Type...
FAILED tests/test_view_log.py::TestViewLog::test_view_big_json_iterate - Type...
FAILED tests/test_view_log.py::TestViewLog::test_view_big_json_iterate - Type...
FAILED tests/test_view_log.py::TestViewLog::test_view_big_json_iterate - Type...
FAILED tests/test_view_log.py::TestViewLog::test_view_big_json_iterate - Type...
FAILED tests/test_view_log.py::TestViewLog::test_view_big_json_iterate - Type...
FAILED tests/test_view_log.py::TestViewLog::test_view_big_raw - TypeError: Mi...
FAILED tests/test_view_log.py::TestViewLog::test_view_big_raw - TypeError: Mi...
FAILED tests/test_view_log.py::TestViewLog::test_view_big_raw - TypeError: Mi...
FAILED tests/test_view_log.py::TestViewLog::test_view_big_raw - TypeError: Mi...
FAILED tests/test_view_log.py::TestViewLog::test_view_big_raw - TypeError: Mi...
FAILED tests/test_view_log.py::TestViewLog::test_view_big_raw - TypeError: Mi...
FAILED tests/test_view_log.py::TestViewLog::test_view_big_raw - TypeError: Mi...
FAILED tests/test_view_log.py::TestViewLog::test_view_big_raw - TypeError: Mi...
FAILED tests/test_view_log.py::TestViewLog::test_view_big_raw - TypeError: Mi...
FAILED tests/test_view_log.py::TestViewLog::test_view_big_raw - TypeError: Mi...
FAILED tests/test_view_log.py::TestViewLog::test_view_big_raw - TypeError: Mi...
FAILED tests/test_view_log.py::TestViewLog::test_view_big_raw - TypeError: Mi...
FAILED tests/test_view_log.py::TestViewLog::test_view_big_raw - TypeError: Mi...
FAILED tests/test_view_log.py::TestViewLog::test_view_big_raw - TypeError: Mi...
FAILED tests/test_view_log.py::TestViewLog::test_view_big_raw - TypeError: Mi...
FAILED tests/test_view_log.py::TestViewLog::test_view_html_passthrough - Type...
FAILED tests/test_view_log.py::TestViewLog::test_view_html_passthrough - Type...
FAILED tests/test_view_log.py::TestViewLog::test_view_html_passthrough - Type...
FAILED tests/test_view_log.py::TestViewLog::test_view_html_passthrough - Type...
FAILED tests/test_view_log.py::TestViewLog::test_view_html_passthrough - Type...
FAILED tests/test_view_log.py::TestViewLog::test_view_html_passthrough - Type...
FAILED tests/test_view_log.py::TestViewLog::test_view_html_passthrough - Type...
FAILED tests/test_view_log.py::TestViewLog::test_view_html_passthrough - Type...
FAILED tests/test_view_log.py::TestViewLog::test_view_html_passthrough - Type...
FAILED tests/test_view_log.py::TestViewLog::test_view_html_passthrough - Type...
FAILED tests/test_view_log.py::TestViewLog::test_view_html_passthrough - Type...
FAILED tests/test_view_log.py::TestViewLog::test_view_html_passthrough - Type...
FAILED tests/test_view_log.py::TestViewLog::test_view_html_passthrough - Type...
FAILED tests/test_view_log.py::TestViewLog::test_view_html_passthrough - Type...
FAILED tests/test_view_log.py::TestViewLog::test_view_html_passthrough - Type...
FAILED tests/test_view_log.py::TestViewLog::test_view_html_passthrough - Type...
FAILED tests/test_view_log.py::TestViewLog::test_view_html_wrapped - TypeErro...
FAILED tests/test_view_log.py::TestViewLog::test_view_html_wrapped - TypeErro...
FAILED tests/test_view_log.py::TestViewLog::test_view_html_wrapped - TypeErro...
FAILED tests/test_view_log.py::TestViewLog::test_view_html_wrapped - TypeErro...
FAILED tests/test_view_log.py::TestViewLog::test_view_html_wrapped - TypeErro...
FAILED tests/test_view_log.py::TestViewLog::test_view_html_wrapped - TypeErro...
FAILED tests/test_view_log.py::TestViewLog::test_view_html_wrapped - TypeErro...
FAILED tests/test_view_log.py::TestViewLog::test_view_html_wrapped - TypeErro...
FAILED tests/test_view_log.py::TestViewLog::test_view_html_wrapped - TypeErro...
FAILED tests/test_view_log.py::TestViewLog::test_view_html_wrapped - TypeErro...
FAILED tests/test_view_log.py::TestViewLog::test_view_html_wrapped - TypeErro...
FAILED tests/test_view_log.py::TestViewLog::test_view_html_wrapped - TypeErro...
FAILED tests/test_view_log.py::TestViewLog::test_view_html_wrapped - TypeErro...
FAILED tests/test_view_log.py::TestViewLog::test_view_html_wrapped - TypeErro...
FAILED tests/test_view_log.py::TestViewLog::test_view_html_wrapped - TypeErro...
FAILED tests/test_view_log.py::TestViewLog::test_view_html_wrapped - TypeErro...
FAILED tests/test_view_log.py::TestViewLog::test_view_html_wrapped - TypeErro...
FAILED tests/test_view_log.py::TestViewLog::test_view_log_404 - TypeError: Mi...
FAILED tests/test_view_log.py::TestViewLog::test_view_log_404 - TypeError: Mi...
FAILED tests/test_view_log.py::TestViewLog::test_view_log_404 - TypeError: Mi...
FAILED tests/test_view_log.py::TestViewLog::test_view_log_404 - TypeError: Mi...
FAILED tests/test_view_log.py::TestViewLog::test_view_log_404 - TypeError: Mi...
FAILED tests/test_view_log.py::TestViewLog::test_view_log_404 - TypeError: Mi...
FAILED tests/test_view_log.py::TestViewLog::test_view_log_404 - TypeError: Mi...
FAILED tests/test_view_log.py::TestViewLog::test_view_log_404 - TypeError: Mi...
FAILED tests/test_view_log.py::TestViewLog::test_view_log_404 - TypeError: Mi...
FAILED tests/test_view_log.py::TestViewLog::test_view_log_404 - TypeError: Mi...
FAILED tests/test_view_log.py::TestViewLog::test_view_log_404 - TypeError: Mi...
FAILED tests/test_view_log.py::TestViewLog::test_view_log_404 - TypeError: Mi...
FAILED tests/test_view_log.py::TestViewLog::test_view_log_404 - TypeError: Mi...
FAILED tests/test_view_log.py::TestViewLog::test_view_log_404 - TypeError: Mi...
FAILED tests/test_view_log.py::TestViewLog::test_view_log_404 - TypeError: Mi...
FAILED tests/test_view_log.py::TestViewLog::test_view_log_404 - TypeError: Mi...
FAILED tests/test_view_log.py::TestViewLog::test_view_log_404 - TypeError: Mi...
FAILED tests/test_view_log.py::TestViewLog::test_view_log_404 - TypeError: Mi...
FAILED tests/test_view_log.py::TestViewLog::test_view_small_json - TypeError:...
FAILED tests/test_view_log.py::TestViewLog::test_view_small_json - TypeError:...
FAILED tests/test_view_log.py::TestViewLog::test_view_small_json - TypeError:...
FAILED tests/test_view_log.py::TestViewLog::test_view_small_json - TypeError:...
FAILED tests/test_view_log.py::TestViewLog::test_view_small_json - TypeError:...
FAILED tests/test_view_log.py::TestViewLog::test_view_small_json - TypeError:...
FAILED tests/test_view_log.py::TestViewLog::test_view_small_json - TypeError:...
FAILED tests/test_view_log.py::TestViewLog::test_view_small_json - TypeError:...
FAILED tests/test_view_log.py::TestViewLog::test_view_small_json - TypeError:...
FAILED tests/test_view_log.py::TestViewLog::test_view_small_json - TypeError:...
FAILED tests/test_view_log.py::TestViewLog::test_view_small_json - TypeError:...
FAILED tests/test_view_log.py::TestViewLog::test_view_small_json - TypeError:...
FAILED tests/test_view_log.py::TestViewLog::test_view_small_json - TypeError:...
FAILED tests/test_view_log.py::TestViewLog::test_view_small_json - TypeError:...
FAILED tests/test_view_log.py::TestViewLog::test_view_small_json - TypeError:...
FAILED tests/test_view_log.py::TestViewLog::test_view_small_json - TypeError:...
FAILED tests/test_view_log.py::TestViewLog::test_view_small_json - TypeError:...
FAILED tests/test_view_log.py::TestViewLog::test_view_small_json - TypeError:...
FAILED tests/test_view_log.py::TestViewLog::test_view_small_json - TypeError:...
FAILED tests/test_view_log.py::TestViewLog::test_view_small_json_offset - Typ...
FAILED tests/test_view_log.py::TestViewLog::test_view_small_json_offset - Typ...
FAILED tests/test_view_log.py::TestViewLog::test_view_small_json_offset - Typ...
FAILED tests/test_view_log.py::TestViewLog::test_view_small_json_offset - Typ...
FAILED tests/test_view_log.py::TestViewLog::test_view_small_json_offset - Typ...
FAILED tests/test_view_log.py::TestViewLog::test_view_small_json_offset - Typ...
FAILED tests/test_view_log.py::TestViewLog::test_view_small_json_offset - Typ...
FAILED tests/test_view_log.py::TestViewLog::test_view_small_json_offset - Typ...
FAILED tests/test_view_log.py::TestViewLog::test_view_small_json_offset - Typ...
FAILED tests/test_view_log.py::TestViewLog::test_view_small_json_offset - Typ...
FAILED tests/test_view_log.py::TestViewLog::test_view_small_json_offset - Typ...
FAILED tests/test_view_log.py::TestViewLog::test_view_small_json_offset - Typ...
FAILED tests/test_view_log.py::TestViewLog::test_view_small_json_offset - Typ...
FAILED tests/test_view_log.py::TestViewLog::test_view_small_json_offset - Typ...
FAILED tests/test_view_log.py::TestViewLog::test_view_small_json_offset - Typ...
FAILED tests/test_view_log.py::TestViewLog::test_view_small_json_offset - Typ...
FAILED tests/test_view_log.py::TestViewLog::test_view_small_json_offset - Typ...
FAILED tests/test_view_log.py::TestViewLog::test_view_small_json_offset - Typ...
FAILED tests/test_view_log.py::TestViewLog::test_view_small_json_offset - Typ...
FAILED tests/test_view_log.py::TestViewLog::test_view_small_json_offset - Typ...
FAILED tests/test_view_log.py::TestViewLog::test_view_small_raw_offset - Type...
FAILED tests/test_view_log.py::TestViewLog::test_view_small_raw_offset - Type...
FAILED tests/test_view_log.py::TestViewLog::test_view_small_raw_offset - Type...
FAILED tests/test_view_log.py::TestViewLog::test_view_small_raw_offset - Type...
FAILED tests/test_view_log.py::TestViewLog::test_view_small_raw_offset - Type...
FAILED tests/test_view_log.py::TestViewLog::test_view_small_raw_offset - Type...
FAILED tests/test_view_log.py::TestViewLog::test_view_small_raw_offset - Type...
FAILED tests/test_view_log.py::TestViewLog::test_view_small_raw_offset - Type...
FAILED tests/test_view_log.py::TestViewLog::test_view_small_raw_offset - Type...
FAILED tests/test_view_log.py::TestViewLog::test_view_small_raw_offset - Type...
FAILED tests/test_view_log.py::TestViewLog::test_view_small_raw_offset - Type...
FAILED tests/test_view_log.py::TestViewLog::test_view_small_raw_offset - Type...
FAILED tests/test_view_log.py::TestViewLog::test_view_small_raw_offset - Type...
FAILED tests/test_view_log.py::TestViewLog::test_view_small_raw_offset - Type...
FAILED tests/test_view_log.py::TestViewLog::test_view_small_raw_offset - Type...
FAILED tests/test_view_log.py::TestViewLog::test_view_small_raw_offset - Type...
FAILED tests/test_view_log.py::TestViewLog::test_view_small_raw_offset - Type...
FAILED tests/test_view_log.py::TestViewLog::test_view_small_raw_offset - Type...
FAILED tests/test_view_log.py::TestViewLog::test_view_small_raw_offset - Type...
FAILED tests/test_view_log.py::TestViewLog::test_view_small_raw_offset - Type...
FAILED tests/test_view_log.py::TestViewLog::test_view_small_raw_offset - Type...
FAILED tests/test_view_log.py::TestViewLog::test_view_tiny_html_wrapped - Typ...
FAILED tests/test_view_log.py::TestViewLog::test_view_tiny_html_wrapped - Typ...
FAILED tests/test_view_log.py::TestViewLog::test_view_tiny_html_wrapped - Typ...
FAILED tests/test_view_log.py::TestViewLog::test_view_tiny_html_wrapped - Typ...
FAILED tests/test_view_log.py::TestViewLog::test_view_tiny_html_wrapped - Typ...
FAILED tests/test_view_log.py::TestViewLog::test_view_tiny_html_wrapped - Typ...
FAILED tests/test_view_log.py::TestViewLog::test_view_tiny_html_wrapped - Typ...
FAILED tests/test_view_log.py::TestViewLog::test_view_tiny_html_wrapped - Typ...
FAILED tests/test_view_log.py::TestViewLog::test_view_tiny_html_wrapped - Typ...
FAILED tests/test_view_log.py::TestViewLog::test_view_tiny_html_wrapped - Typ...
FAILED tests/test_view_log.py::TestViewLog::test_view_tiny_html_wrapped - Typ...
FAILED tests/test_view_log.py::TestViewLog::test_view_tiny_html_wrapped - Typ...
FAILED tests/test_view_log.py::TestViewLog::test_view_tiny_html_wrapped - Typ...
FAILED tests/test_view_log.py::TestViewLog::test_view_tiny_html_wrapped - Typ...
FAILED tests/test_view_log.py::TestViewLog::test_view_tiny_html_wrapped - Typ...
FAILED tests/test_view_log.py::TestViewLog::test_view_tiny_html_wrapped - Typ...
FAILED tests/test_view_log.py::TestViewLog::test_view_tiny_html_wrapped - Typ...
FAILED tests/test_view_log.py::TestViewLog::test_view_tiny_html_wrapped - Typ...
FAILED tests/test_view_log.py::TestViewLog::test_view_tiny_html_wrapped - Typ...
FAILED tests/test_view_log.py::TestViewLog::test_view_tiny_html_wrapped - Typ...
FAILED tests/test_view_log.py::TestViewLog::test_view_tiny_html_wrapped - Typ...
FAILED tests/test_view_log.py::TestViewLog::test_view_zipped_big_html_context
FAILED tests/test_view_log.py::TestViewLog::test_view_zipped_big_html_context
FAILED tests/test_view_log.py::TestViewLog::test_view_zipped_big_html_context
FAILED tests/test_view_log.py::TestViewLog::test_view_zipped_big_html_context
FAILED tests/test_view_log.py::TestViewLog::test_view_zipped_big_html_context
FAILED tests/test_view_log.py::TestViewLog::test_view_zipped_big_html_context
FAILED tests/test_view_log.py::TestViewLog::test_view_zipped_big_html_context
FAILED tests/test_view_log.py::TestViewLog::test_view_zipped_big_html_context
FAILED tests/test_view_log.py::TestViewLog::test_view_zipped_big_html_context
FAILED tests/test_view_log.py::TestViewLog::test_view_zipped_big_html_context
FAILED tests/test_view_log.py::TestViewLog::test_view_zipped_big_html_context
FAILED tests/test_view_log.py::TestViewLog::test_view_zipped_big_html_context
FAILED tests/test_view_log.py::TestViewLog::test_view_zipped_big_html_context
FAILED tests/test_view_log.py::TestViewLog::test_view_zipped_big_html_context
FAILED tests/test_view_log.py::TestViewLog::test_view_zipped_big_html_context
FAILED tests/test_view_log.py::TestViewLog::test_view_zipped_big_html_context
FAILED tests/test_view_log.py::TestViewLog::test_view_zipped_big_html_context
FAILED tests/test_view_log.py::TestViewLog::test_view_zipped_big_html_context
FAILED tests/test_view_log.py::TestViewLog::test_view_zipped_big_html_context
FAILED tests/test_view_log.py::TestViewLog::test_view_zipped_big_html_context
FAILED tests/test_view_log.py::TestViewLog::test_view_zipped_big_html_context
FAILED tests/test_view_log.py::TestViewLog::test_view_zipped_big_json - TypeE...
FAILED tests/test_view_log.py::TestViewLog::test_view_zipped_big_json - TypeE...
FAILED tests/test_view_log.py::TestViewLog::test_view_zipped_big_json - TypeE...
FAILED tests/test_view_log.py::TestViewLog::test_view_zipped_big_json - TypeE...
FAILED tests/test_view_log.py::TestViewLog::test_view_zipped_big_json - TypeE...
FAILED tests/test_view_log.py::TestViewLog::test_view_zipped_big_json - TypeE...
FAILED tests/test_view_log.py::TestViewLog::test_view_zipped_big_json - TypeE...
FAILED tests/test_view_log.py::TestViewLog::test_view_zipped_big_json - TypeE...
FAILED tests/test_view_log.py::TestViewLog::test_view_zipped_big_json - TypeE...
FAILED tests/test_view_log.py::TestViewLog::test_view_zipped_big_json - TypeE...
FAILED tests/test_view_log.py::TestViewLog::test_view_zipped_big_json - TypeE...
FAILED tests/test_view_log.py::TestViewLog::test_view_zipped_big_json - TypeE...
FAILED tests/test_view_log.py::TestViewLog::test_view_zipped_big_json - TypeE...
FAILED tests/test_view_log.py::TestViewLog::test_view_zipped_big_json - TypeE...
FAILED tests/test_view_log.py::TestViewLog::test_view_zipped_big_json - TypeE...
FAILED tests/test_view_log.py::TestViewLog::test_view_zipped_big_json - TypeE...
FAILED tests/test_view_log.py::TestViewLog::test_view_zipped_big_json - TypeE...
FAILED tests/test_view_log.py::TestViewLog::test_view_zipped_big_json - TypeE...
FAILED tests/test_view_log.py::TestViewLog::test_view_zipped_big_json - TypeE...
FAILED tests/test_view_log.py::TestViewLog::test_view_zipped_big_json - TypeE...
FAILED tests/test_view_log.py::TestViewLog::test_view_zipped_big_json - TypeE...
FAILED tests/test_view_log.py::TestViewLog::test_view_zipped_big_json_offset
FAILED tests/test_view_log.py::TestViewLog::test_view_zipped_big_json_offset
FAILED tests/test_view_log.py::TestViewLog::test_view_zipped_big_json_offset
FAILED tests/test_view_log.py::TestViewLog::test_view_zipped_big_json_offset
FAILED tests/test_view_log.py::TestViewLog::test_view_zipped_big_json_offset
FAILED tests/test_view_log.py::TestViewLog::test_view_zipped_big_json_offset
FAILED tests/test_view_log.py::TestViewLog::test_view_zipped_big_json_offset
FAILED tests/test_view_log.py::TestViewLog::test_view_zipped_big_json_offset
FAILED tests/test_view_log.py::TestViewLog::test_view_zipped_big_json_offset
FAILED tests/test_view_log.py::TestViewLog::test_view_zipped_big_json_offset
FAILED tests/test_view_log.py::TestViewLog::test_view_zipped_big_json_offset
FAILED tests/test_view_log.py::TestViewLog::test_view_zipped_big_json_offset
FAILED tests/test_view_log.py::TestViewLog::test_view_zipped_big_json_offset
FAILED tests/test_view_log.py::TestViewLog::test_view_zipped_big_json_offset
FAILED tests/test_view_log.py::TestViewLog::test_view_zipped_big_json_offset
FAILED tests/test_view_log.py::TestViewLog::test_view_zipped_big_json_offset
FAILED tests/test_view_log.py::TestViewLog::test_view_zipped_big_json_offset
FAILED tests/test_view_log.py::TestViewLog::test_view_zipped_big_json_offset
FAILED tests/test_view_log.py::TestViewLog::test_view_zipped_big_json_offset
FAILED tests/test_view_log.py::TestViewLog::test_view_zipped_big_json_offset
FAILED tests/test_view_log.py::TestViewLog::test_view_zipped_big_json_offset
FAILED tests/test_view_log.py::TestViewLog::test_view_zipped_big_raw - TypeEr...
FAILED tests/test_view_log.py::TestViewLog::test_view_zipped_big_raw - TypeEr...
FAILED tests/test_view_log.py::TestViewLog::test_view_zipped_big_raw - TypeEr...
FAILED tests/test_view_log.py::TestViewLog::test_view_zipped_big_raw - TypeEr...
FAILED tests/test_view_log.py::TestViewLog::test_view_zipped_big_raw - TypeEr...
FAILED tests/test_view_log.py::TestViewLog::test_view_zipped_big_raw - TypeEr...
FAILED tests/test_view_log.py::TestViewLog::test_view_zipped_big_raw - TypeEr...
FAILED tests/test_view_log.py::TestViewLog::test_view_zipped_big_raw - TypeEr...
FAILED tests/test_view_log.py::TestViewLog::test_view_zipped_big_raw - TypeEr...
FAILED tests/test_view_log.py::TestViewLog::test_view_zipped_big_raw - TypeEr...
FAILED tests/test_view_log.py::TestViewLog::test_view_zipped_big_raw - TypeEr...
FAILED tests/test_view_log.py::TestViewLog::test_view_zipped_big_raw - TypeEr...
FAILED tests/test_view_log.py::TestViewLog::test_view_zipped_big_raw - TypeEr...
FAILED tests/test_view_log.py::TestViewLog::test_view_zipped_big_raw - TypeEr...
FAILED tests/test_view_log.py::TestViewLog::test_view_zipped_big_raw - TypeEr...
FAILED tests/test_view_log.py::TestViewLog::test_view_zipped_big_raw - TypeEr...
FAILED tests/test_view_log.py::TestViewLog::test_view_zipped_big_raw - TypeEr...
FAILED tests/test_view_log.py::TestViewLog::test_view_zipped_big_raw - TypeEr...
FAILED tests/test_view_log.py::TestViewLog::test_view_zipped_big_raw - TypeEr...
FAILED tests/test_view_log.py::TestViewLog::test_view_zipped_big_raw - TypeEr...
FAILED tests/test_view_log.py::TestViewLog::test_view_zipped_big_raw - TypeEr...
FAILED tests/test_view_log.py::TestViewLog::test_view_zipped_small_json - Typ...
FAILED tests/test_view_log.py::TestViewLog::test_view_zipped_small_json - Typ...
FAILED tests/test_view_log.py::TestViewLog::test_view_zipped_small_json - Typ...
FAILED tests/test_view_log.py::TestViewLog::test_view_zipped_small_json - Typ...
FAILED tests/test_view_log.py::TestViewLog::test_view_zipped_small_json - Typ...
FAILED tests/test_view_log.py::TestViewLog::test_view_zipped_small_json - Typ...
FAILED tests/test_view_log.py::TestViewLog::test_view_zipped_small_json - Typ...
FAILED tests/test_view_log.py::TestViewLog::test_view_zipped_small_json - Typ...
FAILED tests/test_view_log.py::TestViewLog::test_view_zipped_small_json - Typ...
FAILED tests/test_view_log.py::TestViewLog::test_view_zipped_small_json - Typ...
FAILED tests/test_view_log.py::TestViewLog::test_view_zipped_small_json - Typ...
FAILED tests/test_view_log.py::TestViewLog::test_view_zipped_small_json - Typ...
FAILED tests/test_view_log.py::TestViewLog::test_view_zipped_small_json - Typ...
FAILED tests/test_view_log.py::TestViewLog::test_view_zipped_small_json - Typ...
FAILED tests/test_view_log.py::TestViewLog::test_view_zipped_small_json - Typ...
FAILED tests/test_view_log.py::TestViewLog::test_view_zipped_small_json - Typ...
FAILED tests/test_view_log.py::TestViewLog::test_view_zipped_small_json - Typ...
FAILED tests/test_view_log.py::TestViewLog::test_view_zipped_small_json - Typ...
FAILED tests/test_view_log.py::TestViewLog::test_view_zipped_small_json - Typ...
FAILED tests/test_view_log.py::TestViewLog::test_view_zipped_small_json - Typ...
FAILED tests/test_view_log.py::TestViewLog::test_view_zipped_small_json - Typ...
FAILED tests/test_view_log.py::TestViewLog::test_view_zipped_small_raw - Type...
FAILED tests/test_view_log.py::TestViewLog::test_view_zipped_small_raw - Type...
FAILED tests/test_view_log.py::TestViewLog::test_view_zipped_small_raw - Type...
FAILED tests/test_view_log.py::TestViewLog::test_view_zipped_small_raw - Type...
FAILED tests/test_view_log.py::TestViewLog::test_view_zipped_small_raw - Type...
FAILED tests/test_view_log.py::TestViewLog::test_view_zipped_small_raw - Type...
FAILED tests/test_view_log.py::TestViewLog::test_view_zipped_small_raw - Type...
FAILED tests/test_view_log.py::TestViewLog::test_view_zipped_small_raw - Type...
FAILED tests/test_view_log.py::TestViewLog::test_view_zipped_small_raw - Type...
FAILED tests/test_view_log.py::TestViewLog::test_view_zipped_small_raw - Type...
FAILED tests/test_view_log.py::TestViewLog::test_view_zipped_small_raw - Type...
FAILED tests/test_view_log.py::TestViewLog::test_view_zipped_small_raw - Type...
FAILED tests/test_view_log.py::TestViewLog::test_view_zipped_small_raw - Type...
FAILED tests/test_view_log.py::TestViewLog::test_view_zipped_small_raw - Type...
FAILED tests/test_view_log.py::TestViewLog::test_view_zipped_small_raw - Type...
FAILED tests/test_view_log.py::TestViewLog::test_view_zipped_small_raw - Type...
FAILED tests/test_view_log.py::TestViewLog::test_view_zipped_small_raw - Type...
FAILED tests/test_view_log.py::TestViewLog::test_view_zipped_small_raw - Type...
FAILED tests/test_view_log.py::TestViewLog::test_view_zipped_small_raw - Type...
FAILED tests/test_view_log.py::TestViewLog::test_view_zipped_small_raw - Type...
FAILED tests/test_view_log.py::TestViewLog::test_view_zipped_small_raw - Type...
FAILED tests/test_views.py::TestAuthView::test_krb5login - TypeError: Middlew...
FAILED tests/test_views.py::TestAuthView::test_krb5login - TypeError: Middlew...
FAILED tests/test_views.py::TestAuthView::test_krb5login - TypeError: Middlew...
FAILED tests/test_views.py::TestAuthView::test_krb5login - TypeError: Middlew...
FAILED tests/test_views.py::TestAuthView::test_krb5login - TypeError: Middlew...
FAILED tests/test_views.py::TestAuthView::test_krb5login - TypeError: Middlew...
FAILED tests/test_views.py::TestAuthView::test_krb5login - TypeError: Middlew...
FAILED tests/test_views.py::TestAuthView::test_krb5login - TypeError: Middlew...
FAILED tests/test_views.py::TestAuthView::test_krb5login - TypeError: Middlew...
FAILED tests/test_views.py::TestAuthView::test_krb5login - TypeError: Middlew...
FAILED tests/test_views.py::TestAuthView::test_krb5login - TypeError: Middlew...
FAILED tests/test_views.py::TestAuthView::test_krb5login - TypeError: Middlew...
FAILED tests/test_views.py::TestAuthView::test_krb5login - TypeError: Middlew...
FAILED tests/test_views.py::TestAuthView::test_krb5login - TypeError: Middlew...
FAILED tests/test_views.py::TestAuthView::test_krb5login - TypeError: Middlew...
FAILED tests/test_views.py::TestAuthView::test_krb5login - TypeError: Middlew...
FAILED tests/test_views.py::TestAuthView::test_krb5login - TypeError: Middlew...
FAILED tests/test_views.py::TestAuthView::test_krb5login - TypeError: Middlew...
FAILED tests/test_views.py::TestAuthView::test_krb5login - TypeError: Middlew...
FAILED tests/test_views.py::TestAuthView::test_krb5login - TypeError: Middlew...
FAILED tests/test_views.py::TestAuthView::test_krb5login - TypeError: Middlew...
FAILED tests/test_views.py::TestAuthView::test_krb5login_redirect_to - TypeEr...
FAILED tests/test_views.py::TestAuthView::test_krb5login_redirect_to - TypeEr...
FAILED tests/test_views.py::TestAuthView::test_krb5login_redirect_to - TypeEr...
FAILED tests/test_views.py::TestAuthView::test_krb5login_redirect_to - TypeEr...
FAILED tests/test_views.py::TestAuthView::test_krb5login_redirect_to - TypeEr...
FAILED tests/test_views.py::TestAuthView::test_krb5login_redirect_to - TypeEr...
FAILED tests/test_views.py::TestAuthView::test_krb5login_redirect_to - TypeEr...
FAILED tests/test_views.py::TestAuthView::test_krb5login_redirect_to - TypeEr...
FAILED tests/test_views.py::TestAuthView::test_krb5login_redirect_to - TypeEr...
FAILED tests/test_views.py::TestAuthView::test_krb5login_redirect_to - TypeEr...
FAILED tests/test_views.py::TestAuthView::test_krb5login_redirect_to - TypeEr...
FAILED tests/test_views.py::TestAuthView::test_krb5login_redirect_to - TypeEr...
FAILED tests/test_views.py::TestAuthView::test_krb5login_redirect_to - TypeEr...
FAILED tests/test_views.py::TestAuthView::test_krb5login_redirect_to - TypeEr...
FAILED tests/test_views.py::TestAuthView::test_krb5login_redirect_to - TypeEr...
FAILED tests/test_views.py::TestAuthView::test_krb5login_redirect_to - TypeEr...
FAILED tests/test_views.py::TestAuthView::test_krb5login_redirect_to - TypeEr...
FAILED tests/test_views.py::TestAuthView::test_krb5login_redirect_to - TypeEr...
FAILED tests/test_views.py::TestAuthView::test_krb5login_redirect_to - TypeEr...
FAILED tests/test_views.py::TestAuthView::test_krb5login_redirect_to - TypeEr...
FAILED tests/test_views.py::TestAuthView::test_krb5login_redirect_to - TypeEr...
FAILED tests/test_views.py::TestAuthView::test_login - TypeError: MiddlewareM...
FAILED tests/test_views.py::TestAuthView::test_login - TypeError: MiddlewareM...
FAILED tests/test_views.py::TestAuthView::test_login - TypeError: MiddlewareM...
FAILED tests/test_views.py::TestAuthView::test_login - TypeError: MiddlewareM...
FAILED tests/test_views.py::TestAuthView::test_login - TypeError: MiddlewareM...
FAILED tests/test_views.py::TestAuthView::test_login - TypeError: MiddlewareM...
FAILED tests/test_views.py::TestAuthView::test_login - TypeError: MiddlewareM...
FAILED tests/test_views.py::TestAuthView::test_login - TypeError: MiddlewareM...
FAILED tests/test_views.py::TestAuthView::test_login - TypeError: MiddlewareM...
FAILED tests/test_views.py::TestAuthView::test_login - TypeError: MiddlewareM...
FAILED tests/test_views.py::TestAuthView::test_login - TypeError: MiddlewareM...
FAILED tests/test_views.py::TestAuthView::test_login - TypeError: MiddlewareM...
FAILED tests/test_views.py::TestAuthView::test_login - TypeError: MiddlewareM...
FAILED tests/test_views.py::TestAuthView::test_login - TypeError: MiddlewareM...
FAILED tests/test_views.py::TestAuthView::test_login - TypeError: MiddlewareM...
FAILED tests/test_views.py::TestAuthView::test_login - TypeError: MiddlewareM...
FAILED tests/test_views.py::TestAuthView::test_login - TypeError: MiddlewareM...
FAILED tests/test_views.py::TestAuthView::test_login - TypeError: MiddlewareM...
FAILED tests/test_views.py::TestAuthView::test_login - TypeError: MiddlewareM...
FAILED tests/test_views.py::TestAuthView::test_login - TypeError: MiddlewareM...
FAILED tests/test_views.py::TestAuthView::test_login - TypeError: MiddlewareM...
FAILED tests/test_views.py::TestAuthView::test_logout - TypeError: Middleware...
FAILED tests/test_views.py::TestAuthView::test_logout - TypeError: Middleware...
FAILED tests/test_views.py::TestAuthView::test_logout - TypeError: Middleware...
FAILED tests/test_views.py::TestAuthView::test_logout - TypeError: Middleware...
FAILED tests/test_views.py::TestAuthView::test_logout - TypeError: Middleware...
FAILED tests/test_views.py::TestAuthView::test_logout - TypeError: Middleware...
FAILED tests/test_views.py::TestAuthView::test_logout - TypeError: Middleware...
FAILED tests/test_views.py::TestAuthView::test_logout - TypeError: Middleware...
FAILED tests/test_views.py::TestAuthView::test_logout - TypeError: Middleware...
FAILED tests/test_views.py::TestAuthView::test_logout - TypeError: Middleware...
FAILED tests/test_views.py::TestAuthView::test_logout - TypeError: Middleware...
FAILED tests/test_views.py::TestAuthView::test_logout - TypeError: Middleware...
FAILED tests/test_views.py::TestAuthView::test_logout - TypeError: Middleware...
FAILED tests/test_views.py::TestAuthView::test_logout - TypeError: Middleware...
FAILED tests/test_views.py::TestAuthView::test_logout - TypeError: Middleware...
FAILED tests/test_views.py::TestAuthView::test_logout - TypeError: Middleware...
FAILED tests/test_views.py::TestAuthView::test_logout - TypeError: Middleware...
FAILED tests/test_views.py::TestAuthView::test_logout - TypeError: Middleware...
FAILED tests/test_views.py::TestAuthView::test_logout - TypeError: Middleware...
FAILED tests/test_views.py::TestAuthView::test_logout - TypeError: Middleware...
FAILED tests/test_views.py::TestAuthView::test_logout - TypeError: Middleware...
FAILED tests/test_views.py::TestTaskView::test_detail - TypeError: Middleware...
FAILED tests/test_views.py::TestTaskView::test_detail - TypeError: Middleware...
FAILED tests/test_views.py::TestTaskView::test_detail - TypeError: Middleware...
FAILED tests/test_views.py::TestTaskView::test_detail - TypeError: Middleware...
FAILED tests/test_views.py::TestTaskView::test_detail - TypeError: Middleware...
FAILED tests/test_views.py::TestTaskView::test_detail - TypeError: Middleware...
FAILED tests/test_views.py::TestTaskView::test_detail - TypeError: Middleware...
FAILED tests/test_views.py::TestTaskView::test_detail - TypeError: Middleware...
FAILED tests/test_views.py::TestTaskView::test_detail - TypeError: Middleware...
FAILED tests/test_views.py::TestTaskView::test_detail - TypeError: Middleware...
FAILED tests/test_views.py::TestTaskView::test_detail - TypeError: Middleware...
FAILED tests/test_views.py::TestTaskView::test_detail - TypeError: Middleware...
FAILED tests/test_views.py::TestTaskView::test_detail - TypeError: Middleware...
FAILED tests/test_views.py::TestTaskView::test_detail - TypeError: Middleware...
FAILED tests/test_views.py::TestTaskView::test_detail - TypeError: Middleware...
FAILED tests/test_views.py::TestTaskView::test_detail - TypeError: Middleware...
FAILED tests/test_views.py::TestTaskView::test_detail - TypeError: Middleware...
FAILED tests/test_views.py::TestTaskView::test_detail - TypeError: Middleware...
FAILED tests/test_views.py::TestTaskView::test_detail - TypeError: Middleware...
FAILED tests/test_views.py::TestTaskView::test_detail - TypeError: Middleware...
FAILED tests/test_views.py::TestTaskView::test_detail - TypeError: Middleware...
FAILED tests/test_views.py::TestTaskView::test_list - TypeError: MiddlewareMi...
FAILED tests/test_views.py::TestTaskView::test_list - TypeError: MiddlewareMi...
FAILED tests/test_views.py::TestTaskView::test_list - TypeError: MiddlewareMi...
FAILED tests/test_views.py::TestTaskView::test_list - TypeError: MiddlewareMi...
FAILED tests/test_views.py::TestTaskView::test_list - TypeError: MiddlewareMi...
FAILED tests/test_views.py::TestTaskView::test_list - TypeError: MiddlewareMi...
FAILED tests/test_views.py::TestTaskView::test_list - TypeError: MiddlewareMi...
FAILED tests/test_views.py::TestTaskView::test_list - TypeError: MiddlewareMi...
FAILED tests/test_views.py::TestTaskView::test_list - TypeError: MiddlewareMi...
FAILED tests/test_views.py::TestTaskView::test_list - TypeError: MiddlewareMi...
FAILED tests/test_views.py::TestTaskView::test_list - TypeError: MiddlewareMi...
FAILED tests/test_views.py::TestTaskView::test_list - TypeError: MiddlewareMi...
FAILED tests/test_views.py::TestTaskView::test_list - TypeError: MiddlewareMi...
FAILED tests/test_views.py::TestTaskView::test_list - TypeError: MiddlewareMi...
FAILED tests/test_views.py::TestTaskView::test_list - TypeError: MiddlewareMi...
FAILED tests/test_views.py::TestTaskView::test_list - TypeError: MiddlewareMi...
FAILED tests/test_views.py::TestTaskView::test_list - TypeError: MiddlewareMi...
FAILED tests/test_views.py::TestTaskView::test_list - TypeError: MiddlewareMi...
FAILED tests/test_views.py::TestTaskView::test_list - TypeError: MiddlewareMi...
FAILED tests/test_views.py::TestTaskView::test_list - TypeError: MiddlewareMi...
FAILED tests/test_views.py::TestTaskView::test_list - TypeError: MiddlewareMi...
FAILED tests/test_views.py::TestTaskView::test_list_failed - TypeError: Middl...
FAILED tests/test_views.py::TestTaskView::test_list_failed - TypeError: Middl...
FAILED tests/test_views.py::TestTaskView::test_list_failed - TypeError: Middl...
FAILED tests/test_views.py::TestTaskView::test_list_failed - TypeError: Middl...
FAILED tests/test_views.py::TestTaskView::test_list_failed - TypeError: Middl...
FAILED tests/test_views.py::TestTaskView::test_list_failed - TypeError: Middl...
FAILED tests/test_views.py::TestTaskView::test_list_failed - TypeError: Middl...
FAILED tests/test_views.py::TestTaskView::test_list_failed - TypeError: Middl...
FAILED tests/test_views.py::TestTaskView::test_list_failed - TypeError: Middl...
FAILED tests/test_views.py::TestTaskView::test_list_failed - TypeError: Middl...
FAILED tests/test_views.py::TestTaskView::test_list_failed - TypeError: Middl...
FAILED tests/test_views.py::TestTaskView::test_list_failed - TypeError: Middl...
FAILED tests/test_views.py::TestTaskView::test_list_failed - TypeError: Middl...
FAILED tests/test_views.py::TestTaskView::test_list_failed - TypeError: Middl...
FAILED tests/test_views.py::TestTaskView::test_list_failed - TypeError: Middl...
FAILED tests/test_views.py::TestTaskView::test_list_failed - TypeError: Middl...
FAILED tests/test_views.py::TestTaskView::test_list_failed - TypeError: Middl...
FAILED tests/test_views.py::TestTaskView::test_list_failed - TypeError: Middl...
FAILED tests/test_views.py::TestTaskView::test_list_failed - TypeError: Middl...
FAILED tests/test_views.py::TestTaskView::test_list_failed - TypeError: Middl...
FAILED tests/test_views.py::TestTaskView::test_list_failed - TypeError: Middl...
FAILED tests/test_views.py::TestTaskView::test_list_finished - TypeError: Mid...
FAILED tests/test_views.py::TestTaskView::test_list_finished - TypeError: Mid...
FAILED tests/test_views.py::TestTaskView::test_list_finished - TypeError: Mid...
FAILED tests/test_views.py::TestTaskView::test_list_finished - TypeError: Mid...
FAILED tests/test_views.py::TestTaskView::test_list_finished - TypeError: Mid...
FAILED tests/test_views.py::TestTaskView::test_list_finished - TypeError: Mid...
FAILED tests/test_views.py::TestTaskView::test_list_finished - TypeError: Mid...
FAILED tests/test_views.py::TestTaskView::test_list_finished - TypeError: Mid...
FAILED tests/test_views.py::TestTaskView::test_list_finished - TypeError: Mid...
FAILED tests/test_views.py::TestTaskView::test_list_finished - TypeError: Mid...
FAILED tests/test_views.py::TestTaskView::test_list_finished - TypeError: Mid...
FAILED tests/test_views.py::TestTaskView::test_list_finished - TypeError: Mid...
FAILED tests/test_views.py::TestTaskView::test_list_finished - TypeError: Mid...
FAILED tests/test_views.py::TestTaskView::test_list_finished - TypeError: Mid...
FAILED tests/test_views.py::TestTaskView::test_list_finished - TypeError: Mid...
FAILED tests/test_views.py::TestTaskView::test_list_finished - TypeError: Mid...
FAILED tests/test_views.py::TestTaskView::test_list_finished - TypeError: Mid...
FAILED tests/test_views.py::TestTaskView::test_list_finished - TypeError: Mid...
FAILED tests/test_views.py::TestTaskView::test_list_finished - TypeError: Mid...
FAILED tests/test_views.py::TestTaskView::test_list_finished - TypeError: Mid...
FAILED tests/test_views.py::TestTaskView::test_list_finished - TypeError: Mid...
FAILED tests/test_views.py::TestTaskView::test_list_running - TypeError: Midd...
FAILED tests/test_views.py::TestTaskView::test_list_running - TypeError: Midd...
FAILED tests/test_views.py::TestTaskView::test_list_running - TypeError: Midd...
FAILED tests/test_views.py::TestTaskView::test_list_running - TypeError: Midd...
FAILED tests/test_views.py::TestTaskView::test_list_running - TypeError: Midd...
FAILED tests/test_views.py::TestTaskView::test_list_running - TypeError: Midd...
FAILED tests/test_views.py::TestTaskView::test_list_running - TypeError: Midd...
FAILED tests/test_views.py::TestTaskView::test_list_running - TypeError: Midd...
FAILED tests/test_views.py::TestTaskView::test_list_running - TypeError: Midd...
FAILED tests/test_views.py::TestTaskView::test_list_running - TypeError: Midd...
FAILED tests/test_views.py::TestTaskView::test_list_running - TypeError: Midd...
FAILED tests/test_views.py::TestTaskView::test_list_running - TypeError: Midd...
FAILED tests/test_views.py::TestTaskView::test_list_running - TypeError: Midd...
FAILED tests/test_views.py::TestTaskView::test_list_running - TypeError: Midd...
FAILED tests/test_views.py::TestTaskView::test_list_running - TypeError: Midd...
FAILED tests/test_views.py::TestTaskView::test_list_running - TypeError: Midd...
FAILED tests/test_views.py::TestTaskView::test_list_running - TypeError: Midd...
FAILED tests/test_views.py::TestTaskView::test_list_running - TypeError: Midd...
FAILED tests/test_views.py::TestTaskView::test_list_running - TypeError: Midd...
FAILED tests/test_views.py::TestTaskView::test_list_running - TypeError: Midd...
FAILED tests/test_views.py::TestTaskView::test_list_running - TypeError: Midd...
FAILED tests/test_views.py::TestArchView::test_detail - TypeError: Middleware...
FAILED tests/test_views.py::TestArchView::test_detail - TypeError: Middleware...
FAILED tests/test_views.py::TestArchView::test_detail - TypeError: Middleware...
FAILED tests/test_views.py::TestArchView::test_detail - TypeError: Middleware...
FAILED tests/test_views.py::TestArchView::test_detail - TypeError: Middleware...
FAILED tests/test_views.py::TestArchView::test_detail - TypeError: Middleware...
FAILED tests/test_views.py::TestArchView::test_detail - TypeError: Middleware...
FAILED tests/test_views.py::TestArchView::test_detail - TypeError: Middleware...
FAILED tests/test_views.py::TestArchView::test_detail - TypeError: Middleware...
FAILED tests/test_views.py::TestArchView::test_detail - TypeError: Middleware...
FAILED tests/test_views.py::TestArchView::test_detail - TypeError: Middleware...
FAILED tests/test_views.py::TestArchView::test_detail - TypeError: Middleware...
FAILED tests/test_views.py::TestArchView::test_detail - TypeError: Middleware...
FAILED tests/test_views.py::TestArchView::test_detail - TypeError: Middleware...
FAILED tests/test_views.py::TestArchView::test_detail - TypeError: Middleware...
FAILED tests/test_views.py::TestArchView::test_detail - TypeError: Middleware...
FAILED tests/test_views.py::TestArchView::test_detail - TypeError: Middleware...
FAILED tests/test_views.py::TestArchView::test_detail - TypeError: Middleware...
FAILED tests/test_views.py::TestArchView::test_detail - TypeError: Middleware...
FAILED tests/test_views.py::TestArchView::test_detail - TypeError: Middleware...
FAILED tests/test_views.py::TestArchView::test_detail - TypeError: Middleware...
FAILED tests/test_views.py::TestArchView::test_list - TypeError: MiddlewareMi...
FAILED tests/test_views.py::TestArchView::test_list - TypeError: MiddlewareMi...
FAILED tests/test_views.py::TestArchView::test_list - TypeError: MiddlewareMi...
FAILED tests/test_views.py::TestArchView::test_list - TypeError: MiddlewareMi...
FAILED tests/test_views.py::TestArchView::test_list - TypeError: MiddlewareMi...
FAILED tests/test_views.py::TestArchView::test_list - TypeError: MiddlewareMi...
FAILED tests/test_views.py::TestArchView::test_list - TypeError: MiddlewareMi...
FAILED tests/test_views.py::TestArchView::test_list - TypeError: MiddlewareMi...
FAILED tests/test_views.py::TestArchView::test_list - TypeError: MiddlewareMi...
FAILED tests/test_views.py::TestArchView::test_list - TypeError: MiddlewareMi...
FAILED tests/test_views.py::TestArchView::test_list - TypeError: MiddlewareMi...
FAILED tests/test_views.py::TestArchView::test_list - TypeError: MiddlewareMi...
FAILED tests/test_views.py::TestArchView::test_list - TypeError: MiddlewareMi...
FAILED tests/test_views.py::TestArchView::test_list - TypeError: MiddlewareMi...
FAILED tests/test_views.py::TestArchView::test_list - TypeError: MiddlewareMi...
FAILED tests/test_views.py::TestArchView::test_list - TypeError: MiddlewareMi...
FAILED tests/test_views.py::TestArchView::test_list - TypeError: MiddlewareMi...
FAILED tests/test_views.py::TestArchView::test_list - TypeError: MiddlewareMi...
FAILED tests/test_views.py::TestArchView::test_list - TypeError: MiddlewareMi...
FAILED tests/test_views.py::TestArchView::test_list - TypeError: MiddlewareMi...
FAILED tests/test_views.py::TestArchView::test_list - TypeError: MiddlewareMi...
FAILED tests/test_views.py::TestChannelView::test_detail - TypeError: Middlew...
FAILED tests/test_views.py::TestChannelView::test_detail - TypeError: Middlew...
FAILED tests/test_views.py::TestChannelView::test_detail - TypeError: Middlew...
FAILED tests/test_views.py::TestChannelView::test_detail - TypeError: Middlew...
FAILED tests/test_views.py::TestChannelView::test_detail - TypeError: Middlew...
FAILED tests/test_views.py::TestChannelView::test_detail - TypeError: Middlew...
FAILED tests/test_views.py::TestChannelView::test_detail - TypeError: Middlew...
FAILED tests/test_views.py::TestChannelView::test_detail - TypeError: Middlew...
FAILED tests/test_views.py::TestChannelView::test_detail - TypeError: Middlew...
FAILED tests/test_views.py::TestChannelView::test_detail - TypeError: Middlew...
FAILED tests/test_views.py::TestChannelView::test_detail - TypeError: Middlew...
FAILED tests/test_views.py::TestChannelView::test_detail - TypeError: Middlew...
FAILED tests/test_views.py::TestChannelView::test_detail - TypeError: Middlew...
FAILED tests/test_views.py::TestChannelView::test_detail - TypeError: Middlew...
FAILED tests/test_views.py::TestChannelView::test_detail - TypeError: Middlew...
FAILED tests/test_views.py::TestChannelView::test_detail - TypeError: Middlew...
FAILED tests/test_views.py::TestChannelView::test_detail - TypeError: Middlew...
FAILED tests/test_views.py::TestChannelView::test_detail - TypeError: Middlew...
FAILED tests/test_views.py::TestChannelView::test_detail - TypeError: Middlew...
FAILED tests/test_views.py::TestChannelView::test_detail - TypeError: Middlew...
FAILED tests/test_views.py::TestChannelView::test_detail - TypeError: Middlew...
FAILED tests/test_views.py::TestChannelView::test_list - TypeError: Middlewar...
FAILED tests/test_views.py::TestChannelView::test_list - TypeError: Middlewar...
FAILED tests/test_views.py::TestChannelView::test_list - TypeError: Middlewar...
FAILED tests/test_views.py::TestChannelView::test_list - TypeError: Middlewar...
FAILED tests/test_views.py::TestChannelView::test_list - TypeError: Middlewar...
FAILED tests/test_views.py::TestChannelView::test_list - TypeError: Middlewar...
FAILED tests/test_views.py::TestChannelView::test_list - TypeError: Middlewar...
FAILED tests/test_views.py::TestChannelView::test_list - TypeError: Middlewar...
FAILED tests/test_views.py::TestChannelView::test_list - TypeError: Middlewar...
FAILED tests/test_views.py::TestChannelView::test_list - TypeError: Middlewar...
FAILED tests/test_views.py::TestChannelView::test_list - TypeError: Middlewar...
FAILED tests/test_views.py::TestChannelView::test_list - TypeError: Middlewar...
FAILED tests/test_views.py::TestChannelView::test_list - TypeError: Middlewar...
FAILED tests/test_views.py::TestChannelView::test_list - TypeError: Middlewar...
FAILED tests/test_views.py::TestChannelView::test_list - TypeError: Middlewar...
FAILED tests/test_views.py::TestChannelView::test_list - TypeError: Middlewar...
FAILED tests/test_views.py::TestChannelView::test_list - TypeError: Middlewar...
FAILED tests/test_views.py::TestChannelView::test_list - TypeError: Middlewar...
FAILED tests/test_views.py::TestChannelView::test_list - TypeError: Middlewar...
FAILED tests/test_views.py::TestChannelView::test_list - TypeError: Middlewar...
FAILED tests/test_views.py::TestUserView::test_authenticated_access_user_detail
FAILED tests/test_views.py::TestUserView::test_authenticated_access_user_detail
FAILED tests/test_views.py::TestUserView::test_authenticated_access_user_detail
FAILED tests/test_views.py::TestUserView::test_authenticated_access_user_detail
FAILED tests/test_views.py::TestUserView::test_authenticated_access_user_detail
FAILED tests/test_views.py::TestUserView::test_authenticated_access_user_detail
FAILED tests/test_views.py::TestUserView::test_authenticated_access_user_detail
FAILED tests/test_views.py::TestUserView::test_authenticated_access_user_detail
FAILED tests/test_views.py::TestUserView::test_authenticated_access_user_detail
FAILED tests/test_views.py::TestUserView::test_authenticated_access_user_detail
FAILED tests/test_views.py::TestUserView::test_authenticated_access_user_detail
FAILED tests/test_views.py::TestUserView::test_authenticated_access_user_detail
FAILED tests/test_views.py::TestUserView::test_authenticated_access_user_detail
FAILED tests/test_views.py::TestUserView::test_authenticated_access_user_detail
FAILED tests/test_views.py::TestUserView::test_authenticated_access_user_detail
FAILED tests/test_views.py::TestUserView::test_authenticated_access_user_detail
FAILED tests/test_views.py::TestUserView::test_authenticated_access_user_detail
FAILED tests/test_views.py::TestUserView::test_authenticated_access_user_detail
FAILED tests/test_views.py::TestUserView::test_authenticated_access_user_detail
FAILED tests/test_views.py::TestUserView::test_authenticated_access_user_detail
FAILED tests/test_views.py::TestUserView::test_authenticated_access_user_list
FAILED tests/test_views.py::TestUserView::test_authenticated_access_user_list
FAILED tests/test_views.py::TestUserView::test_authenticated_access_user_list
FAILED tests/test_views.py::TestUserView::test_authenticated_access_user_list
FAILED tests/test_views.py::TestUserView::test_authenticated_access_user_list
FAILED tests/test_views.py::TestUserView::test_authenticated_access_user_list
FAILED tests/test_views.py::TestUserView::test_authenticated_access_user_list
FAILED tests/test_views.py::TestUserView::test_authenticated_access_user_list
FAILED tests/test_views.py::TestUserView::test_authenticated_access_user_list
FAILED tests/test_views.py::TestUserView::test_authenticated_access_user_list
FAILED tests/test_views.py::TestUserView::test_authenticated_access_user_list
FAILED tests/test_views.py::TestUserView::test_authenticated_access_user_list
FAILED tests/test_views.py::TestUserView::test_authenticated_access_user_list
FAILED tests/test_views.py::TestUserView::test_authenticated_access_user_list
FAILED tests/test_views.py::TestUserView::test_authenticated_access_user_list
FAILED tests/test_views.py::TestUserView::test_authenticated_access_user_list
FAILED tests/test_views.py::TestUserView::test_authenticated_access_user_list
FAILED tests/test_views.py::TestUserView::test_authenticated_access_user_list
FAILED tests/test_views.py::TestUserView::test_authenticated_access_user_list
FAILED tests/test_views.py::TestUserView::test_authenticated_access_user_list
FAILED tests/test_views.py::TestUserView::test_detail - TypeError: Middleware...
FAILED tests/test_views.py::TestUserView::test_detail - TypeError: Middleware...
FAILED tests/test_views.py::TestUserView::test_detail - TypeError: Middleware...
FAILED tests/test_views.py::TestUserView::test_detail - TypeError: Middleware...
FAILED tests/test_views.py::TestUserView::test_detail - TypeError: Middleware...
FAILED tests/test_views.py::TestUserView::test_detail - TypeError: Middleware...
FAILED tests/test_views.py::TestUserView::test_detail - TypeError: Middleware...
FAILED tests/test_views.py::TestUserView::test_detail - TypeError: Middleware...
FAILED tests/test_views.py::TestUserView::test_detail - TypeError: Middleware...
FAILED tests/test_views.py::TestUserView::test_detail - TypeError: Middleware...
FAILED tests/test_views.py::TestUserView::test_detail - TypeError: Middleware...
FAILED tests/test_views.py::TestUserView::test_detail - TypeError: Middleware...
FAILED tests/test_views.py::TestUserView::test_detail - TypeError: Middleware...
FAILED tests/test_views.py::TestUserView::test_detail - TypeError: Middleware...
FAILED tests/test_views.py::TestUserView::test_detail - TypeError: Middleware...
FAILED tests/test_views.py::TestUserView::test_detail - TypeError: Middleware...
FAILED tests/test_views.py::TestUserView::test_detail - TypeError: Middleware...
FAILED tests/test_views.py::TestUserView::test_detail - TypeError: Middleware...
FAILED tests/test_views.py::TestUserView::test_detail - TypeError: Middleware...
FAILED tests/test_views.py::TestUserView::test_detail - TypeError: Middleware...
FAILED tests/test_views.py::TestUserView::test_list - TypeError: MiddlewareMi...
FAILED tests/test_views.py::TestUserView::test_list - TypeError: MiddlewareMi...
FAILED tests/test_views.py::TestUserView::test_list - TypeError: MiddlewareMi...
FAILED tests/test_views.py::TestUserView::test_list - TypeError: MiddlewareMi...
FAILED tests/test_views.py::TestUserView::test_list - TypeError: MiddlewareMi...
FAILED tests/test_views.py::TestUserView::test_list - TypeError: MiddlewareMi...
FAILED tests/test_views.py::TestUserView::test_list - TypeError: MiddlewareMi...
FAILED tests/test_views.py::TestUserView::test_list - TypeError: MiddlewareMi...
FAILED tests/test_views.py::TestUserView::test_list - TypeError: MiddlewareMi...
FAILED tests/test_views.py::TestUserView::test_list - TypeError: MiddlewareMi...
FAILED tests/test_views.py::TestUserView::test_list - TypeError: MiddlewareMi...
FAILED tests/test_views.py::TestUserView::test_list - TypeError: MiddlewareMi...
FAILED tests/test_views.py::TestUserView::test_list - TypeError: MiddlewareMi...
FAILED tests/test_views.py::TestUserView::test_list - TypeError: MiddlewareMi...
FAILED tests/test_views.py::TestUserView::test_list - TypeError: MiddlewareMi...
FAILED tests/test_views.py::TestUserView::test_list - TypeError: MiddlewareMi...
FAILED tests/test_views.py::TestUserView::test_list - TypeError: MiddlewareMi...
FAILED tests/test_views.py::TestUserView::test_list - TypeError: MiddlewareMi...
FAILED tests/test_views.py::TestUserView::test_list - TypeError: MiddlewareMi...
FAILED tests/test_views.py::TestUserView::test_staff_access_user_detail - Typ...
FAILED tests/test_views.py::TestUserView::test_staff_access_user_detail - Typ...
FAILED tests/test_views.py::TestUserView::test_staff_access_user_detail - Typ...
FAILED tests/test_views.py::TestUserView::test_staff_access_user_detail - Typ...
FAILED tests/test_views.py::TestUserView::test_staff_access_user_detail - Typ...
FAILED tests/test_views.py::TestUserView::test_staff_access_user_detail - Typ...
FAILED tests/test_views.py::TestUserView::test_staff_access_user_detail - Typ...
FAILED tests/test_views.py::TestUserView::test_staff_access_user_detail - Typ...
FAILED tests/test_views.py::TestUserView::test_staff_access_user_detail - Typ...
FAILED tests/test_views.py::TestUserView::test_staff_access_user_detail - Typ...
FAILED tests/test_views.py::TestUserView::test_staff_access_user_detail - Typ...
FAILED tests/test_views.py::TestUserView::test_staff_access_user_detail - Typ...
FAILED tests/test_views.py::TestUserView::test_staff_access_user_detail - Typ...
FAILED tests/test_views.py::TestUserView::test_staff_access_user_detail - Typ...
FAILED tests/test_views.py::TestUserView::test_staff_access_user_detail - Typ...
FAILED tests/test_views.py::TestUserView::test_staff_access_user_detail - Typ...
FAILED tests/test_views.py::TestUserView::test_staff_access_user_detail - Typ...
FAILED tests/test_views.py::TestUserView::test_staff_access_user_detail - Typ...
FAILED tests/test_views.py::TestUserView::test_staff_access_user_list - TypeE...
FAILED tests/test_views.py::TestUserView::test_staff_access_user_list - TypeE...
FAILED tests/test_views.py::TestUserView::test_staff_access_user_list - TypeE...
FAILED tests/test_views.py::TestUserView::test_staff_access_user_list - TypeE...
FAILED tests/test_views.py::TestUserView::test_staff_access_user_list - TypeE...
FAILED tests/test_views.py::TestUserView::test_staff_access_user_list - TypeE...
FAILED tests/test_views.py::TestUserView::test_staff_access_user_list - TypeE...
FAILED tests/test_views.py::TestUserView::test_staff_access_user_list - TypeE...
FAILED tests/test_views.py::TestUserView::test_staff_access_user_list - TypeE...
FAILED tests/test_views.py::TestUserView::test_staff_access_user_list - TypeE...
FAILED tests/test_views.py::TestUserView::test_staff_access_user_list - TypeE...
FAILED tests/test_views.py::TestUserView::test_staff_access_user_list - TypeE...
FAILED tests/test_views.py::TestUserView::test_staff_access_user_list - TypeE...
FAILED tests/test_views.py::TestUserView::test_staff_access_user_list - TypeE...
FAILED tests/test_views.py::TestUserView::test_staff_access_user_list - TypeE...
FAILED tests/test_views.py::TestUserView::test_staff_access_user_list - TypeE...
FAILED tests/test_views.py::TestUserView::test_staff_access_user_list - TypeE...
FAILED tests/test_views.py::TestWorkerView::test_detail - TypeError: Middlewa...
FAILED tests/test_views.py::TestWorkerView::test_detail - TypeError: Middlewa...
FAILED tests/test_views.py::TestWorkerView::test_detail - TypeError: Middlewa...
FAILED tests/test_views.py::TestWorkerView::test_detail - TypeError: Middlewa...
FAILED tests/test_views.py::TestWorkerView::test_detail - TypeError: Middlewa...
FAILED tests/test_views.py::TestWorkerView::test_detail - TypeError: Middlewa...
FAILED tests/test_views.py::TestWorkerView::test_detail - TypeError: Middlewa...
FAILED tests/test_views.py::TestWorkerView::test_detail - TypeError: Middlewa...
FAILED tests/test_views.py::TestWorkerView::test_detail - TypeError: Middlewa...
FAILED tests/test_views.py::TestWorkerView::test_detail - TypeError: Middlewa...
FAILED tests/test_views.py::TestWorkerView::test_detail - TypeError: Middlewa...
FAILED tests/test_views.py::TestWorkerView::test_detail - TypeError: Middlewa...
FAILED tests/test_views.py::TestWorkerView::test_detail - TypeError: Middlewa...
FAILED tests/test_views.py::TestWorkerView::test_detail - TypeError: Middlewa...
FAILED tests/test_views.py::TestWorkerView::test_detail - TypeError: Middlewa...
FAILED tests/test_views.py::TestWorkerView::test_detail - TypeError: Middlewa...
FAILED tests/test_views.py::TestWorkerView::test_list - TypeError: Middleware...
FAILED tests/test_views.py::TestWorkerView::test_list - TypeError: Middleware...
FAILED tests/test_views.py::TestWorkerView::test_list - TypeError: Middleware...
FAILED tests/test_views.py::TestWorkerView::test_list - TypeError: Middleware...
FAILED tests/test_views.py::TestWorkerView::test_list - TypeError: Middleware...
FAILED tests/test_views.py::TestWorkerView::test_list - TypeError: Middleware...
FAILED tests/test_views.py::TestWorkerView::test_list - TypeError: Middleware...
FAILED tests/test_views.py::TestWorkerView::test_list - TypeError: Middleware...
FAILED tests/test_views.py::TestWorkerView::test_list - TypeError: Middleware...
FAILED tests/test_views.py::TestWorkerView::test_list - TypeError: Middleware...
FAILED tests/test_views.py::TestWorkerView::test_list - TypeError: Middleware...
FAILED tests/test_views.py::TestWorkerView::test_list - TypeError: Middleware...
FAILED tests/test_views.py::TestWorkerView::test_list - TypeError: Middleware...
FAILED tests/test_views.py::TestWorkerView::test_list - TypeError: Middleware...
FAILED tests/test_views.py::TestWorkerView::test_list - TypeError: Middleware...
========== 39 failed, 415 passed, 30 skipped, 141 warnings in 31.46s ===========
========== 39 failed, 415 passed, 30 skipped, 141 warnings in 31.46s ===========
========== 39 failed, 415 passed, 30 skipped, 141 warnings in 31.46s ===========
========== 39 failed, 415 passed, 30 skipped, 141 warnings in 31.46s ===========
========== 39 failed, 415 passed, 30 skipped, 141 warnings in 31.46s ===========
========== 39 failed, 415 passed, 30 skipped, 141 warnings in 31.46s ===========
========== 39 failed, 415 passed, 30 skipped, 141 warnings in 31.46s ===========
========== 39 failed, 415 passed, 30 skipped, 141 warnings in 31.46s ===========
========== 39 failed, 415 passed, 30 skipped, 141 warnings in 31.46s ===========
========== 39 failed, 415 passed, 30 skipped, 141 warnings in 31.46s ===========
========== 39 failed, 415 passed, 30 skipped, 141 warnings in 31.46s ===========
========== 39 failed, 415 passed, 30 skipped, 141 warnings in 31.46s ===========
========== 39 failed, 415 passed, 30 skipped, 141 warnings in 31.46s ===========
========== 39 failed, 415 passed, 30 skipped, 141 warnings in 31.46s ===========
py3: exit 1 (31.69 seconds) /usr/src/RPM/BUILD/python3-module-kobo-0.37.0> pytest pid=346641
py3: exit 1 (31.69 seconds) /usr/src/RPM/BUILD/python3-module-kobo-0.37.0> pytest pid=346641
py3: exit 1 (31.69 seconds) /usr/src/RPM/BUILD/python3-module-kobo-0.37.0> pytest pid=346641
py3: exit 1 (31.69 seconds) /usr/src/RPM/BUILD/python3-module-kobo-0.37.0> pytest pid=346641
py3: exit 1 (31.69 seconds) /usr/src/RPM/BUILD/python3-module-kobo-0.37.0> pytest pid=346641
py3: exit 1 (31.69 seconds) /usr/src/RPM/BUILD/python3-module-kobo-0.37.0> pytest pid=346641
py3: exit 1 (31.69 seconds) /usr/src/RPM/BUILD/python3-module-kobo-0.37.0> pytest pid=346641
py3: exit 1 (31.69 seconds) /usr/src/RPM/BUILD/python3-module-kobo-0.37.0> pytest pid=346641
py3: exit 1 (31.69 seconds) /usr/src/RPM/BUILD/python3-module-kobo-0.37.0> pytest pid=346641
py3: exit 1 (31.69 seconds) /usr/src/RPM/BUILD/python3-module-kobo-0.37.0> pytest pid=346641
py3: exit 1 (31.69 seconds) /usr/src/RPM/BUILD/python3-module-kobo-0.37.0> pytest pid=346641
py3: exit 1 (31.69 seconds) /usr/src/RPM/BUILD/python3-module-kobo-0.37.0> pytest pid=346641
py3: exit 1 (31.69 seconds) /usr/src/RPM/BUILD/python3-module-kobo-0.37.0> pytest pid=346641
  py3: FAIL code 1 (32.95=setup[1.26]+cmd[31.69] seconds)
  py3: FAIL code 1 (32.95=setup[1.26]+cmd[31.69] seconds)
  py3: FAIL code 1 (32.95=setup[1.26]+cmd[31.69] seconds)
  py3: FAIL code 1 (32.95=setup[1.26]+cmd[31.69] seconds)
  py3: FAIL code 1 (32.95=setup[1.26]+cmd[31.69] seconds)
  py3: FAIL code 1 (32.95=setup[1.26]+cmd[31.69] seconds)
  py3: FAIL code 1 (32.95=setup[1.26]+cmd[31.69] seconds)
  py3: FAIL code 1 (32.95=setup[1.26]+cmd[31.69] seconds)
  py3: FAIL code 1 (32.95=setup[1.26]+cmd[31.69] seconds)
  py3: FAIL code 1 (32.95=setup[1.26]+cmd[31.69] seconds)
  py3: FAIL code 1 (32.95=setup[1.26]+cmd[31.69] seconds)
  py3: FAIL code 1 (32.95=setup[1.26]+cmd[31.69] seconds)
  py3: FAIL code 1 (32.95=setup[1.26]+cmd[31.69] seconds)
  evaluation failed :( (33.04 seconds)
  evaluation failed :( (33.04 seconds)
  evaluation failed :( (33.04 seconds)
  evaluation failed :( (33.04 seconds)
  evaluation failed :( (33.04 seconds)
  evaluation failed :( (33.04 seconds)
  evaluation failed :( (33.04 seconds)
  evaluation failed :( (33.04 seconds)
  evaluation failed :( (33.04 seconds)
  evaluation failed :( (33.04 seconds)
  evaluation failed :( (33.04 seconds)
  evaluation failed :( (33.04 seconds)
error: Bad exit status from /usr/src/tmp/rpm-tmp.823 (%check)
error: Bad exit status from /usr/src/tmp/rpm-tmp.823 (%check)
error: Bad exit status from /usr/src/tmp/rpm-tmp.823 (%check)
error: Bad exit status from /usr/src/tmp/rpm-tmp.823 (%check)
error: Bad exit status from /usr/src/tmp/rpm-tmp.823 (%check)
error: Bad exit status from /usr/src/tmp/rpm-tmp.823 (%check)
error: Bad exit status from /usr/src/tmp/rpm-tmp.823 (%check)
error: Bad exit status from /usr/src/tmp/rpm-tmp.823 (%check)
error: Bad exit status from /usr/src/tmp/rpm-tmp.823 (%check)
error: Bad exit status from /usr/src/tmp/rpm-tmp.823 (%check)
error: Bad exit status from /usr/src/tmp/rpm-tmp.823 (%check)



















RPM build errors:
RPM build errors:
RPM build errors:
RPM build errors:
RPM build errors:
RPM build errors:
RPM build errors:
RPM build errors:
    Bad exit status from /usr/src/tmp/rpm-tmp.823 (%check)
    Bad exit status from /usr/src/tmp/rpm-tmp.823 (%check)
    Bad exit status from /usr/src/tmp/rpm-tmp.823 (%check)
    Bad exit status from /usr/src/tmp/rpm-tmp.823 (%check)
    Bad exit status from /usr/src/tmp/rpm-tmp.823 (%check)
    Bad exit status from /usr/src/tmp/rpm-tmp.823 (%check)
    Bad exit status from /usr/src/tmp/rpm-tmp.823 (%check)
Command exited with non-zero status 1
Command exited with non-zero status 1
Command exited with non-zero status 1
Command exited with non-zero status 1
Command exited with non-zero status 1
Command exited with non-zero status 1
21.77user 3.72system 0:35.29elapsed 72%CPU (0avgtext+0avgdata 714824maxresident)k
21.77user 3.72system 0:35.29elapsed 72%CPU (0avgtext+0avgdata 714824maxresident)k
21.77user 3.72system 0:35.29elapsed 72%CPU (0avgtext+0avgdata 714824maxresident)k
21.77user 3.72system 0:35.29elapsed 72%CPU (0avgtext+0avgdata 714824maxresident)k
21.77user 3.72system 0:35.29elapsed 72%CPU (0avgtext+0avgdata 714824maxresident)k
0inputs+0outputs (0major+296188minor)pagefaults 0swaps
0inputs+0outputs (0major+296188minor)pagefaults 0swaps
0inputs+0outputs (0major+296188minor)pagefaults 0swaps
0inputs+0outputs (0major+296188minor)pagefaults 0swaps
hsh-rebuild: rebuild of `python3-module-kobo-0.37.0-alt1.1.src.rpm' failed.
hsh-rebuild: rebuild of `python3-module-kobo-0.37.0-alt1.1.src.rpm' failed.
hsh-rebuild: rebuild of `python3-module-kobo-0.37.0-alt1.1.src.rpm' failed.
hsh-rebuild: rebuild of `python3-module-kobo-0.37.0-alt1.1.src.rpm' failed.
Command exited with non-zero status 1
Command exited with non-zero status 1
Command exited with non-zero status 1
6.59user 3.39system 0:51.54elapsed 19%CPU (0avgtext+0avgdata 141784maxresident)k
6.59user 3.39system 0:51.54elapsed 19%CPU (0avgtext+0avgdata 141784maxresident)k
272inputs+0outputs (0major+340382minor)pagefaults 0swaps
