-- Looking for select - found
-- Looking for clock
-- Looking for clock - found
-- Looking for times
-- Looking for times - found
-- Looking for delay
-- Looking for delay - not found
-- Looking for dossleep
-- Looking for dossleep - not found
-- Performing Test SYS_CPUSET_H_FOUND
-- Performing Test SYS_CPUSET_H_FOUND - Failed
-- Looking for pthread_np.h
-- Looking for pthread_np.h - not found
-- Looking for pthread_attr_setaffinity_np
-- Looking for pthread_attr_setaffinity_np - found
-- Looking for pthread_getname_np
-- Looking for pthread_getname_np - found
-- Looking for pthread_getw32threadhandle_np
-- Looking for pthread_getw32threadhandle_np - not found
-- Looking for pthread_kill
-- Looking for pthread_kill - found
-- Looking for sem_timedwait - found
-- Looking for setitimer
-- Looking for setitimer - found
-- Looking for setitimer - found
-- Checking for recursive mutex support
-- Checking for recursive mutex support
-- Performing Test HAVE_PTHREAD_MUTEX_RECURSIVE
-- Performing Test HAVE_PTHREAD_MUTEX_RECURSIVE
-- Performing Test HAVE_PTHREAD_MUTEX_RECURSIVE - Success
-- Performing Test HAVE_PTHREAD_MUTEX_RECURSIVE - Success
-- Checking for recursive mutex support -- found
-- Checking for recursive mutex support -- found
-- Performing Test HAVE_PTHREAD_SETNAME_NP_WITH_TID
-- Performing Test HAVE_PTHREAD_SETNAME_NP_WITH_TID
-- Performing Test HAVE_PTHREAD_SETNAME_NP_WITH_TID - Success
-- Performing Test HAVE_PTHREAD_SETNAME_NP_WITH_TID - Success
-- Performing Test HAVE_PTHREAD_SETNAME_NP_WITH_TID_AND_ARG
-- Performing Test HAVE_PTHREAD_SETNAME_NP_WITH_TID_AND_ARG
-- Performing Test HAVE_PTHREAD_SETNAME_NP_WITH_TID_AND_ARG - Failed
-- Performing Test HAVE_PTHREAD_SETNAME_NP_WITH_TID_AND_ARG - Failed
-- Performing Test HAVE_GETTID_MACRO
-- Performing Test HAVE_GETTID_MACRO
-- Performing Test HAVE_GETTID_MACRO - Failed
-- Performing Test HAVE_GETTID_MACRO - Failed
-- Performing Test HAVE_GETTID_SYSCALL
-- Performing Test HAVE_GETTID_SYSCALL
-- Performing Test HAVE_GETTID_SYSCALL - Success
-- Performing Test HAVE_GETTID_SYSCALL - Success
-- Looking for WSAPoll
-- Looking for WSAPoll
-- Looking for WSAPoll - not found
-- Looking for WSAPoll - not found
-- Looking for WinExec
-- Looking for WinExec
-- Looking for WinExec - not found
-- Looking for WinExec - not found
-- Looking for F_SETLKW
-- Looking for F_SETLKW
-- Looking for F_SETLKW - found
-- Looking for F_SETLKW - found
-- Performing Test HAVE_VAR_TIMEZONE
-- Performing Test HAVE_VAR_TIMEZONE - Success
  CMake.

  Update the VERSION argument <min> value.  Or, use the <min>...<max> syntax
  Update the VERSION argument <min> value.  Or, use the <min>...<max> syntax
  to tell CMake that the project requires at least <min> but has been updated
  to tell CMake that the project requires at least <min> but has been updated
  to work with policies introduced by <max> or earlier.
  to work with policies introduced by <max> or earlier.




-- Found Berkeley DB header files in /usr/include
-- Found Berkeley DB header files in /usr/include
-- Found Berkeley libraries: /usr/lib64/libdb.so
-- Found Berkeley libraries: /usr/lib64/libdb.so
-- Performing Test HAVE_SET_RPC_SERVER
-- Performing Test HAVE_SET_RPC_SERVER
-- Performing Test HAVE_SET_RPC_SERVER - Failed
-- Performing Test HAVE_SET_RPC_SERVER - Failed
-- Performing Test HAVE_SET_SERVER
-- Performing Test HAVE_SET_SERVER
-- Performing Test HAVE_SET_SERVER - Failed
-- Performing Test HAVE_SET_SERVER - Failed
CMake Deprecation Warning at packages/pcre/CMakeLists.txt:1 (cmake_minimum_required):
CMake Deprecation Warning at packages/pcre/CMakeLists.txt:1 (cmake_minimum_required):
  Compatibility with CMake < 3.10 will be removed from a future version of
  Compatibility with CMake < 3.10 will be removed from a future version of
  CMake.
  CMake.


  Update the VERSION argument <min> value.  Or, use the <min>...<max> syntax
  Update the VERSION argument <min> value.  Or, use the <min>...<max> syntax
  to tell CMake that the project requires at least <min> but has been updated
  to tell CMake that the project requires at least <min> but has been updated
  to work with policies introduced by <max> or earlier.
  to work with policies introduced by <max> or earlier.



-- Could NOT find PCRE (missing: PCRE_LIBRARY PCRE_INCLUDE_DIR) 

  Update the VERSION argument <min> value.  Or, use the <min>...<max> syntax
  to tell CMake that the project requires at least <min> but has been updated
  to work with policies introduced by <max> or earlier.


-- Found OpenSSL: /usr/lib64/libcrypto.so (found version "3.3.3")
-- Looking for Security/Security.h
-- Looking for Security/Security.h - not found
-- Performing Test HAVE_KSECCLASS
-- Performing Test HAVE_KSECCLASS - Failed
-- Looking for ERR_remove_state
-- Looking for ERR_remove_state - found
-- Looking for ERR_remove_thread_state
-- Looking for ERR_remove_thread_state - found
-- Looking for X509_check_host
-- Looking for X509_check_host - found
-- Looking for CRYPTO_THREADID_get_callback
-- Looking for CRYPTO_THREADID_get_callback - not found
-- Looking for CRYPTO_THREADID_set_callback
-- Looking for CRYPTO_THREADID_set_callback - not found
-- Looking for SSL_CTX_set_alpn_protos - found
-- Looking for OSSL_PARAM_BLD_new
-- Looking for OSSL_PARAM_BLD_new - found
-- Looking for openssl/kdf.h
-- Looking for openssl/kdf.h
-- Looking for openssl/kdf.h - found
-- Looking for openssl/kdf.h - found
-- Looking for openssl/core_names.h
-- Looking for openssl/core_names.h
-- Looking for openssl/core_names.h
-- Looking for openssl/core_names.h - found
-- Looking for openssl/core_names.h - found
-- Looking for openssl/core_names.h - found
-- Looking for openssl/param_build.h
-- Looking for openssl/param_build.h
-- Looking for openssl/param_build.h
-- Looking for openssl/param_build.h - found
-- Looking for openssl/param_build.h - found
-- Looking for openssl/param_build.h - found
-- Performing Test GET_SIGNATURE_PASSED
-- Performing Test GET_SIGNATURE_PASSED
-- Performing Test GET_SIGNATURE_PASSED
-- Performing Test GET_SIGNATURE_PASSED - Failed
-- Performing Test GET_SIGNATURE_PASSED - Failed
-- Performing Test GET_SIGNATURE_PASSED - Failed
-- GET0SIG_CONST_T 
-- GET0SIG_CONST_T 
-- GET0SIG_CONST_T 
-- Check size of CRYPTO_THREADID
-- Check size of CRYPTO_THREADID
-- Check size of CRYPTO_THREADID
-- Check size of CRYPTO_THREADID - failed
-- Check size of CRYPTO_THREADID - failed
-- Check size of CRYPTO_THREADID - failed
-- Performing Test HAVE_X509_VERIFY_PARAM_ID
-- Performing Test HAVE_X509_VERIFY_PARAM_ID
-- Performing Test HAVE_X509_VERIFY_PARAM_ID
-- Performing Test HAVE_X509_VERIFY_PARAM_ID - Failed
-- Performing Test HAVE_X509_VERIFY_PARAM_ID - Failed
-- Performing Test HAVE_X509_VERIFY_PARAM_ID - Failed
-- Could not find openssl program.  Skipping ssl tests
-- Could not find openssl program.  Skipping ssl tests
-- Could not find openssl program.  Skipping ssl tests
CMake Deprecation Warning at packages/tipc/CMakeLists.txt:1 (cmake_minimum_required):
CMake Deprecation Warning at packages/tipc/CMakeLists.txt:1 (cmake_minimum_required):
CMake Deprecation Warning at packages/tipc/CMakeLists.txt:1 (cmake_minimum_required):
  Compatibility with CMake < 3.10 will be removed from a future version of
  Compatibility with CMake < 3.10 will be removed from a future version of
  Compatibility with CMake < 3.10 will be removed from a future version of
  CMake.
  CMake.
  CMake.



  Update the VERSION argument <min> value.  Or, use the <min>...<max> syntax
  Update the VERSION argument <min> value.  Or, use the <min>...<max> syntax
  to tell CMake that the project requires at least <min> but has been updated
  to tell CMake that the project requires at least <min> but has been updated
  to work with policies introduced by <max> or earlier.
  to work with policies introduced by <max> or earlier.


gmake[2]: Leaving directory '/usr/src/RPM/BUILD/swipl-9.0.4/x86_64-alt-linux'
gmake[2]: Entering directory '/usr/src/RPM/BUILD/swipl-9.0.4/x86_64-alt-linux'
gmake[2]: Entering directory '/usr/src/RPM/BUILD/swipl-9.0.4/x86_64-alt-linux'
[ 37%] Generating ../../home/xpce/prolog/lib/trace/icons/eyes.xpm
[ 37%] Generating ../../home/xpce/prolog/lib/trace/icons/eyes.xpm
cd /usr/src/RPM/BUILD/swipl-9.0.4/x86_64-alt-linux/home/xpce/prolog/lib/trace/icons && /usr/bin/cmake -E create_symlink ../../../../../../../packages/xpce/prolog/lib/trace/icons/eyes.xpm ./eyes.xpm
cd /usr/src/RPM/BUILD/swipl-9.0.4/x86_64-alt-linux/home/xpce/prolog/lib/trace/icons && /usr/bin/cmake -E create_symlink ../../../../../../../packages/xpce/prolog/lib/trace/icons/eyes.xpm ./eyes.xpm
gmake[2]: Leaving directory '/usr/src/RPM/BUILD/swipl-9.0.4/x86_64-alt-linux'
gmake[2]: Leaving directory '/usr/src/RPM/BUILD/swipl-9.0.4/x86_64-alt-linux'
gmake[2]: Entering directory '/usr/src/RPM/BUILD/swipl-9.0.4/x86_64-alt-linux'
gmake[2]: Entering directory '/usr/src/RPM/BUILD/swipl-9.0.4/x86_64-alt-linux'
[ 38%] Generating ../../home/xpce/prolog/lib/man/v_visual.pl
[ 38%] Generating ../../home/xpce/prolog/lib/man/v_visual.pl
cd /usr/src/RPM/BUILD/swipl-9.0.4/x86_64-alt-linux/home/xpce/prolog/lib/man && /usr/bin/cmake -E create_symlink ../../../../../../packages/xpce/prolog/lib/man/v_visual.pl ./v_visual.pl
cd /usr/src/RPM/BUILD/swipl-9.0.4/x86_64-alt-linux/home/xpce/prolog/lib/man && /usr/bin/cmake -E create_symlink ../../../../../../packages/xpce/prolog/lib/man/v_visual.pl ./v_visual.pl
gmake[2]: Leaving directory '/usr/src/RPM/BUILD/swipl-9.0.4/x86_64-alt-linux'
gmake[2]: Leaving directory '/usr/src/RPM/BUILD/swipl-9.0.4/x86_64-alt-linux'
gmake[2]: Entering directory '/usr/src/RPM/BUILD/swipl-9.0.4/x86_64-alt-linux'
gmake[2]: Entering directory '/usr/src/RPM/BUILD/swipl-9.0.4/x86_64-alt-linux'
[ 38%] Generating ../../home/xpce/prolog/lib/trace/icons/fail.xpm
[ 38%] Generating ../../home/xpce/prolog/lib/trace/icons/fail.xpm
cd /usr/src/RPM/BUILD/swipl-9.0.4/x86_64-alt-linux/home/xpce/prolog/lib/trace/icons && /usr/bin/cmake -E create_symlink ../../../../../../../packages/xpce/prolog/lib/trace/icons/fail.xpm ./fail.xpm
cd /usr/src/RPM/BUILD/swipl-9.0.4/x86_64-alt-linux/home/xpce/prolog/lib/trace/icons && /usr/bin/cmake -E create_symlink ../../../../../../../packages/xpce/prolog/lib/trace/icons/fail.xpm ./fail.xpm
gmake[2]: Leaving directory '/usr/src/RPM/BUILD/swipl-9.0.4/x86_64-alt-linux'
gmake[2]: Leaving directory '/usr/src/RPM/BUILD/swipl-9.0.4/x86_64-alt-linux'
gmake[2]: Entering directory '/usr/src/RPM/BUILD/swipl-9.0.4/x86_64-alt-linux'
gmake[2]: Entering directory '/usr/src/RPM/BUILD/swipl-9.0.4/x86_64-alt-linux'
[ 38%] Generating ../../home/xpce/prolog/lib/trace/icons/fact.xpm
[ 38%] Generating ../../home/xpce/prolog/lib/trace/icons/fact.xpm
cd /usr/src/RPM/BUILD/swipl-9.0.4/x86_64-alt-linux/home/xpce/prolog/lib/trace/icons && /usr/bin/cmake -E create_symlink ../../../../../../../packages/xpce/prolog/lib/trace/icons/fact.xpm ./fact.xpm
cd /usr/src/RPM/BUILD/swipl-9.0.4/x86_64-alt-linux/home/xpce/prolog/lib/trace/icons && /usr/bin/cmake -E create_symlink ../../../../../../../packages/xpce/prolog/lib/trace/icons/fact.xpm ./fact.xpm
gmake[2]: Leaving directory '/usr/src/RPM/BUILD/swipl-9.0.4/x86_64-alt-linux'
gmake[2]: Leaving directory '/usr/src/RPM/BUILD/swipl-9.0.4/x86_64-alt-linux'
gmake[2]: Entering directory '/usr/src/RPM/BUILD/swipl-9.0.4/x86_64-alt-linux'
gmake[2]: Entering directory '/usr/src/RPM/BUILD/swipl-9.0.4/x86_64-alt-linux'
[ 38%] Generating ../../home/xpce/bitmaps/busy_bee.bm
[ 38%] Generating ../../home/xpce/bitmaps/busy_bee.bm
cd /usr/src/RPM/BUILD/swipl-9.0.4/x86_64-alt-linux/home/xpce/bitmaps && /usr/bin/cmake -E create_symlink ../../../../packages/xpce/bitmaps/busy_bee.bm ./busy_bee.bm
cd /usr/src/RPM/BUILD/swipl-9.0.4/x86_64-alt-linux/home/xpce/bitmaps && /usr/bin/cmake -E create_symlink ../../../../packages/xpce/bitmaps/busy_bee.bm ./busy_bee.bm
gmake[2]: Leaving directory '/usr/src/RPM/BUILD/swipl-9.0.4/x86_64-alt-linux'
gmake[2]: Leaving directory '/usr/src/RPM/BUILD/swipl-9.0.4/x86_64-alt-linux'
/usr/bin/gmake  -f packages/xpce/CMakeFiles/pkg_xpce_bitmaps_patterns.dir/build.make packages/xpce/CMakeFiles/pkg_xpce_bitmaps_patterns.dir/depend
cd /usr/src/RPM/BUILD/swipl-9.0.4/x86_64-alt-linux/home/xpce/bitmaps/patterns && /usr/bin/cmake -E create_symlink ../../../../../packages/xpce/bitmaps/patterns/fence_knitting.xbm ./fence_knitting.xbm
gmake[2]: Leaving directory '/usr/src/RPM/BUILD/swipl-9.0.4/x86_64-alt-linux'
gmake[2]: Entering directory '/usr/src/RPM/BUILD/swipl-9.0.4/x86_64-alt-linux'
[ 64%] Generating ../../home/xpce/man/reference/class/nameref.doc
cd /usr/src/RPM/BUILD/swipl-9.0.4/x86_64-alt-linux/home/xpce/man/reference/class && /usr/bin/cmake -E create_symlink ../../../../../../packages/xpce/man/reference/class/nameref.doc ./nameref.doc
gmake[2]: Leaving directory '/usr/src/RPM/BUILD/swipl-9.0.4/x86_64-alt-linux'
gmake[2]: Entering directory '/usr/src/RPM/BUILD/swipl-9.0.4/x86_64-alt-linux'
[ 61%] Building C object packages/ssl/CMakeFiles/plugin_ssl4pl.dir/ssl4pl.c.o
cd /usr/src/RPM/BUILD/swipl-9.0.4/x86_64-alt-linux/packages/ssl && /usr/bin/cc -Dplugin_ssl4pl_EXPORTS -I/usr/src/RPM/BUILD/swipl-9.0.4/x86_64-alt-linux/packages/ssl -I/usr/src/RPM/BUILD/swipl-9.0.4/src/os -I/usr/src/RPM/BUILD/swipl-9.0.4/src -pipe -frecord-gcc-switches -Wall -g -O2 -flto=auto -O2 -fPIC -Wall -D__SWI_PROLOG__ -DSERVER_CERT_REQUIRED=TRUE -DCLIENT_CERT_REQUIRED=TRUE -MD -MT packages/ssl/CMakeFiles/plugin_ssl4pl.dir/ssl4pl.c.o -MF CMakeFiles/plugin_ssl4pl.dir/ssl4pl.c.o.d -o CMakeFiles/plugin_ssl4pl.dir/ssl4pl.c.o -c /usr/src/RPM/BUILD/swipl-9.0.4/packages/ssl/ssl4pl.c
/usr/src/RPM/BUILD/swipl-9.0.4/packages/ssl/ssl4pl.c: In function 'fetch_signature':
/usr/src/RPM/BUILD/swipl-9.0.4/packages/ssl/ssl4pl.c:1379:23: error: passing argument 1 of 'X509_get0_signature' from incompatible pointer type [-Wincompatible-pointer-types]
/usr/src/RPM/BUILD/swipl-9.0.4/packages/ssl/ssl4pl.c:1379:23: error: passing argument 1 of 'X509_get0_signature' from incompatible pointer type [-Wincompatible-pointer-types]
 1379 |   X509_get0_signature(&psig, &palg, cert);
 1379 |   X509_get0_signature(&psig, &palg, cert);
      |                       ^~~~~
      |                       ^~~~~
      |                       |
      |                       |
      |                       ASN1_BIT_STRING ** {aka struct asn1_string_st **}
      |                       ASN1_BIT_STRING ** {aka struct asn1_string_st **}
In file included from /usr/include/openssl/x509v3.h:25,
In file included from /usr/include/openssl/x509v3.h:25,
                 from /usr/src/RPM/BUILD/swipl-9.0.4/packages/ssl/ssl4pl.c:48:
                 from /usr/src/RPM/BUILD/swipl-9.0.4/packages/ssl/ssl4pl.c:48:
/usr/include/openssl/x509.h:773:50: note: expected 'const ASN1_BIT_STRING **' {aka 'const struct asn1_string_st **'} but argument is of type 'ASN1_BIT_STRING **' {aka 'struct asn1_string_st **'}
/usr/include/openssl/x509.h:773:50: note: expected 'const ASN1_BIT_STRING **' {aka 'const struct asn1_string_st **'} but argument is of type 'ASN1_BIT_STRING **' {aka 'struct asn1_string_st **'}
  773 | void X509_get0_signature(const ASN1_BIT_STRING **psig,
  773 | void X509_get0_signature(const ASN1_BIT_STRING **psig,
      |                          ~~~~~~~~~~~~~~~~~~~~~~~~^~~~
      |                          ~~~~~~~~~~~~~~~~~~~~~~~~^~~~
      |                          ~~~~~~~~~~~~~~~~~~~~~~~~^~~~
/usr/src/RPM/BUILD/swipl-9.0.4/packages/ssl/ssl4pl.c:1379:30: error: passing argument 2 of 'X509_get0_signature' from incompatible pointer type [-Wincompatible-pointer-types]
/usr/src/RPM/BUILD/swipl-9.0.4/packages/ssl/ssl4pl.c:1379:30: error: passing argument 2 of 'X509_get0_signature' from incompatible pointer type [-Wincompatible-pointer-types]
/usr/src/RPM/BUILD/swipl-9.0.4/packages/ssl/ssl4pl.c:1379:30: error: passing argument 2 of 'X509_get0_signature' from incompatible pointer type [-Wincompatible-pointer-types]
 1379 |   X509_get0_signature(&psig, &palg, cert);
 1379 |   X509_get0_signature(&psig, &palg, cert);
      |                              ^~~~~
      |                              ^~~~~
      |                              |
      |                              |
      |                              X509_ALGOR ** {aka struct X509_algor_st **}
      |                              X509_ALGOR ** {aka struct X509_algor_st **}
/usr/include/openssl/x509.h:774:45: note: expected 'const X509_ALGOR **' {aka 'const struct X509_algor_st **'} but argument is of type 'X509_ALGOR **' {aka 'struct X509_algor_st **'}
/usr/include/openssl/x509.h:774:45: note: expected 'const X509_ALGOR **' {aka 'const struct X509_algor_st **'} but argument is of type 'X509_ALGOR **' {aka 'struct X509_algor_st **'}
  774 |                          const X509_ALGOR **palg, const X509 *x);
  774 |                          const X509_ALGOR **palg, const X509 *x);
      |                          ~~~~~~~~~~~~~~~~~~~^~~~
      |                          ~~~~~~~~~~~~~~~~~~~^~~~
      |                          ~~~~~~~~~~~~~~~~~~~^~~~
/usr/src/RPM/BUILD/swipl-9.0.4/packages/ssl/ssl4pl.c: In function 'fetch_signature_algorithm':
/usr/src/RPM/BUILD/swipl-9.0.4/packages/ssl/ssl4pl.c: In function 'fetch_signature_algorithm':
/usr/src/RPM/BUILD/swipl-9.0.4/packages/ssl/ssl4pl.c: In function 'fetch_signature_algorithm':
/usr/src/RPM/BUILD/swipl-9.0.4/packages/ssl/ssl4pl.c:1390:23: error: passing argument 1 of 'X509_get0_signature' from incompatible pointer type [-Wincompatible-pointer-types]
/usr/src/RPM/BUILD/swipl-9.0.4/packages/ssl/ssl4pl.c:1390:23: error: passing argument 1 of 'X509_get0_signature' from incompatible pointer type [-Wincompatible-pointer-types]
/usr/src/RPM/BUILD/swipl-9.0.4/packages/ssl/ssl4pl.c:1390:23: error: passing argument 1 of 'X509_get0_signature' from incompatible pointer type [-Wincompatible-pointer-types]
 1390 |   X509_get0_signature(&psig, &palg, cert);
 1390 |   X509_get0_signature(&psig, &palg, cert);
 1390 |   X509_get0_signature(&psig, &palg, cert);
      |                       ^~~~~
      |                       ^~~~~
      |                       |
      |                       |
      |                       ASN1_BIT_STRING ** {aka struct asn1_string_st **}
      |                       ASN1_BIT_STRING ** {aka struct asn1_string_st **}
/usr/include/openssl/x509.h:773:50: note: expected 'const ASN1_BIT_STRING **' {aka 'const struct asn1_string_st **'} but argument is of type 'ASN1_BIT_STRING **' {aka 'struct asn1_string_st **'}
/usr/include/openssl/x509.h:773:50: note: expected 'const ASN1_BIT_STRING **' {aka 'const struct asn1_string_st **'} but argument is of type 'ASN1_BIT_STRING **' {aka 'struct asn1_string_st **'}
  773 | void X509_get0_signature(const ASN1_BIT_STRING **psig,
  773 | void X509_get0_signature(const ASN1_BIT_STRING **psig,
      |                          ~~~~~~~~~~~~~~~~~~~~~~~~^~~~
      |                          ~~~~~~~~~~~~~~~~~~~~~~~~^~~~
      |                          ~~~~~~~~~~~~~~~~~~~~~~~~^~~~
/usr/src/RPM/BUILD/swipl-9.0.4/packages/ssl/ssl4pl.c:1390:30: error: passing argument 2 of 'X509_get0_signature' from incompatible pointer type [-Wincompatible-pointer-types]
/usr/src/RPM/BUILD/swipl-9.0.4/packages/ssl/ssl4pl.c:1390:30: error: passing argument 2 of 'X509_get0_signature' from incompatible pointer type [-Wincompatible-pointer-types]
/usr/src/RPM/BUILD/swipl-9.0.4/packages/ssl/ssl4pl.c:1390:30: error: passing argument 2 of 'X509_get0_signature' from incompatible pointer type [-Wincompatible-pointer-types]
 1390 |   X509_get0_signature(&psig, &palg, cert);
 1390 |   X509_get0_signature(&psig, &palg, cert);
 1390 |   X509_get0_signature(&psig, &palg, cert);
      |                              ^~~~~
      |                              ^~~~~
      |                              ^~~~~
      |                              |
      |                              |
      |                              X509_ALGOR ** {aka struct X509_algor_st **}
      |                              X509_ALGOR ** {aka struct X509_algor_st **}
/usr/include/openssl/x509.h:774:45: note: expected 'const X509_ALGOR **' {aka 'const struct X509_algor_st **'} but argument is of type 'X509_ALGOR **' {aka 'struct X509_algor_st **'}
/usr/include/openssl/x509.h:774:45: note: expected 'const X509_ALGOR **' {aka 'const struct X509_algor_st **'} but argument is of type 'X509_ALGOR **' {aka 'struct X509_algor_st **'}
  774 |                          const X509_ALGOR **palg, const X509 *x);
  774 |                          const X509_ALGOR **palg, const X509 *x);
      |                          ~~~~~~~~~~~~~~~~~~~^~~~
      |                          ~~~~~~~~~~~~~~~~~~~^~~~
      |                          ~~~~~~~~~~~~~~~~~~~^~~~
/usr/src/RPM/BUILD/swipl-9.0.4/packages/ssl/ssl4pl.c: In function 'fetch_hash':
/usr/src/RPM/BUILD/swipl-9.0.4/packages/ssl/ssl4pl.c: In function 'fetch_hash':
/usr/src/RPM/BUILD/swipl-9.0.4/packages/ssl/ssl4pl.c: In function 'fetch_hash':
/usr/src/RPM/BUILD/swipl-9.0.4/packages/ssl/ssl4pl.c:1402:23: error: passing argument 1 of 'X509_get0_signature' from incompatible pointer type [-Wincompatible-pointer-types]
/usr/src/RPM/BUILD/swipl-9.0.4/packages/ssl/ssl4pl.c:1402:23: error: passing argument 1 of 'X509_get0_signature' from incompatible pointer type [-Wincompatible-pointer-types]
/usr/src/RPM/BUILD/swipl-9.0.4/packages/ssl/ssl4pl.c:1402:23: error: passing argument 1 of 'X509_get0_signature' from incompatible pointer type [-Wincompatible-pointer-types]
 1402 |   X509_get0_signature(&psig, &palg, cert);
 1402 |   X509_get0_signature(&psig, &palg, cert);
 1402 |   X509_get0_signature(&psig, &palg, cert);
      |                       ^~~~~
      |                       ^~~~~
      |                       |
      |                       |
      |                       ASN1_BIT_STRING ** {aka struct asn1_string_st **}
      |                       ASN1_BIT_STRING ** {aka struct asn1_string_st **}
/usr/include/openssl/x509.h:773:50: note: expected 'const ASN1_BIT_STRING **' {aka 'const struct asn1_string_st **'} but argument is of type 'ASN1_BIT_STRING **' {aka 'struct asn1_string_st **'}
/usr/include/openssl/x509.h:773:50: note: expected 'const ASN1_BIT_STRING **' {aka 'const struct asn1_string_st **'} but argument is of type 'ASN1_BIT_STRING **' {aka 'struct asn1_string_st **'}
  773 | void X509_get0_signature(const ASN1_BIT_STRING **psig,
  773 | void X509_get0_signature(const ASN1_BIT_STRING **psig,
  773 | void X509_get0_signature(const ASN1_BIT_STRING **psig,
      |                          ~~~~~~~~~~~~~~~~~~~~~~~~^~~~
      |                          ~~~~~~~~~~~~~~~~~~~~~~~~^~~~
      |                          ~~~~~~~~~~~~~~~~~~~~~~~~^~~~
/usr/src/RPM/BUILD/swipl-9.0.4/packages/ssl/ssl4pl.c:1402:30: error: passing argument 2 of 'X509_get0_signature' from incompatible pointer type [-Wincompatible-pointer-types]
/usr/src/RPM/BUILD/swipl-9.0.4/packages/ssl/ssl4pl.c:1402:30: error: passing argument 2 of 'X509_get0_signature' from incompatible pointer type [-Wincompatible-pointer-types]
/usr/src/RPM/BUILD/swipl-9.0.4/packages/ssl/ssl4pl.c:1402:30: error: passing argument 2 of 'X509_get0_signature' from incompatible pointer type [-Wincompatible-pointer-types]
 1402 |   X509_get0_signature(&psig, &palg, cert);
 1402 |   X509_get0_signature(&psig, &palg, cert);
 1402 |   X509_get0_signature(&psig, &palg, cert);
 1402 |   X509_get0_signature(&psig, &palg, cert);
      |                              ^~~~~
      |                              ^~~~~
      |                              ^~~~~
      |                              ^~~~~
      |                              |
      |                              |
      |                              |
      |                              X509_ALGOR ** {aka struct X509_algor_st **}
      |                              X509_ALGOR ** {aka struct X509_algor_st **}
      |                              X509_ALGOR ** {aka struct X509_algor_st **}
/usr/include/openssl/x509.h:774:45: note: expected 'const X509_ALGOR **' {aka 'const struct X509_algor_st **'} but argument is of type 'X509_ALGOR **' {aka 'struct X509_algor_st **'}
/usr/include/openssl/x509.h:774:45: note: expected 'const X509_ALGOR **' {aka 'const struct X509_algor_st **'} but argument is of type 'X509_ALGOR **' {aka 'struct X509_algor_st **'}
/usr/include/openssl/x509.h:774:45: note: expected 'const X509_ALGOR **' {aka 'const struct X509_algor_st **'} but argument is of type 'X509_ALGOR **' {aka 'struct X509_algor_st **'}
  774 |                          const X509_ALGOR **palg, const X509 *x);
  774 |                          const X509_ALGOR **palg, const X509 *x);
  774 |                          const X509_ALGOR **palg, const X509 *x);
      |                          ~~~~~~~~~~~~~~~~~~~^~~~
      |                          ~~~~~~~~~~~~~~~~~~~^~~~
      |                          ~~~~~~~~~~~~~~~~~~~^~~~
gmake[2]: *** [packages/ssl/CMakeFiles/plugin_ssl4pl.dir/build.make:79: packages/ssl/CMakeFiles/plugin_ssl4pl.dir/ssl4pl.c.o] Error 1
gmake[2]: *** [packages/ssl/CMakeFiles/plugin_ssl4pl.dir/build.make:79: packages/ssl/CMakeFiles/plugin_ssl4pl.dir/ssl4pl.c.o] Error 1
gmake[2]: *** [packages/ssl/CMakeFiles/plugin_ssl4pl.dir/build.make:79: packages/ssl/CMakeFiles/plugin_ssl4pl.dir/ssl4pl.c.o] Error 1
gmake[2]: Leaving directory '/usr/src/RPM/BUILD/swipl-9.0.4/x86_64-alt-linux'
gmake[2]: Leaving directory '/usr/src/RPM/BUILD/swipl-9.0.4/x86_64-alt-linux'
gmake[2]: Leaving directory '/usr/src/RPM/BUILD/swipl-9.0.4/x86_64-alt-linux'
/usr/bin/gmake  -f packages/redis/CMakeFiles/plugin_redis4pl.dir/build.make packages/redis/CMakeFiles/plugin_redis4pl.dir/depend
/usr/bin/gmake  -f packages/redis/CMakeFiles/plugin_redis4pl.dir/build.make packages/redis/CMakeFiles/plugin_redis4pl.dir/depend
/usr/bin/gmake  -f packages/redis/CMakeFiles/plugin_redis4pl.dir/build.make packages/redis/CMakeFiles/plugin_redis4pl.dir/depend
gmake[1]: *** [CMakeFiles/Makefile2:12555: packages/ssl/CMakeFiles/plugin_ssl4pl.dir/all] Error 2
gmake[1]: *** [CMakeFiles/Makefile2:12555: packages/ssl/CMakeFiles/plugin_ssl4pl.dir/all] Error 2
gmake[1]: *** Waiting for unfinished jobs....
gmake[1]: *** Waiting for unfinished jobs....
gmake[2]: Entering directory '/usr/src/RPM/BUILD/swipl-9.0.4/x86_64-alt-linux'
gmake[2]: Entering directory '/usr/src/RPM/BUILD/swipl-9.0.4/x86_64-alt-linux'
[ 64%] Building C object packages/nlp/libstemmer_c/CMakeFiles/libstemmer.dir/runtime/api.c.o
[ 64%] Building C object packages/nlp/libstemmer_c/CMakeFiles/libstemmer.dir/runtime/api.c.o
cd /usr/src/RPM/BUILD/swipl-9.0.4/x86_64-alt-linux/packages/nlp/libstemmer_c && /usr/bin/cc  -I/usr/src/RPM/BUILD/swipl-9.0.4/x86_64-alt-linux/packages/nlp -I/usr/src/RPM/BUILD/swipl-9.0.4/src/os -I/usr/src/RPM/BUILD/swipl-9.0.4/src -pipe -frecord-gcc-switches -Wall -g -O2 -flto=auto -O2 -fPIC -Wall -MD -MT packages/nlp/libstemmer_c/CMakeFiles/libstemmer.dir/runtime/api.c.o -MF CMakeFiles/libstemmer.dir/runtime/api.c.o.d -o CMakeFiles/libstemmer.dir/runtime/api.c.o -c /usr/src/RPM/BUILD/swipl-9.0.4/packages/nlp/libstemmer_c/runtime/api.c
cd /usr/src/RPM/BUILD/swipl-9.0.4/x86_64-alt-linux/packages/nlp/libstemmer_c && /usr/bin/cc  -I/usr/src/RPM/BUILD/swipl-9.0.4/x86_64-alt-linux/packages/nlp -I/usr/src/RPM/BUILD/swipl-9.0.4/src/os -I/usr/src/RPM/BUILD/swipl-9.0.4/src -pipe -frecord-gcc-switches -Wall -g -O2 -flto=auto -O2 -fPIC -Wall -MD -MT packages/nlp/libstemmer_c/CMakeFiles/libstemmer.dir/runtime/api.c.o -MF CMakeFiles/libstemmer.dir/runtime/api.c.o.d -o CMakeFiles/libstemmer.dir/runtime/api.c.o -c /usr/src/RPM/BUILD/swipl-9.0.4/packages/nlp/libstemmer_c/runtime/api.c
gmake[2]: Leaving directory '/usr/src/RPM/BUILD/swipl-9.0.4/x86_64-alt-linux'
gmake[2]: Leaving directory '/usr/src/RPM/BUILD/swipl-9.0.4/x86_64-alt-linux'
gmake[2]: Entering directory '/usr/src/RPM/BUILD/swipl-9.0.4/x86_64-alt-linux'
gmake[2]: Entering directory '/usr/src/RPM/BUILD/swipl-9.0.4/x86_64-alt-linux'
[ 60%] Linking C shared module double_metaphone.so
[ 60%] Linking C shared module double_metaphone.so
cd /usr/src/RPM/BUILD/swipl-9.0.4/x86_64-alt-linux/packages/nlp && /usr/bin/cmake -E cmake_link_script CMakeFiles/plugin_double_metaphone.dir/link.txt --verbose=1
/usr/bin/cc -fPIC -pipe -frecord-gcc-switches -Wall -g -O2 -flto=auto -O2 -Wl,--dependency-file=CMakeFiles/plugin_double_metaphone.dir/link.d -shared  -o double_metaphone.so CMakeFiles/plugin_double_metaphone.dir/double_metaphone.c.o
gmake[2]: Leaving directory '/usr/src/RPM/BUILD/swipl-9.0.4/x86_64-alt-linux'
[ 69%] Built target plugin_tex
gmake[1]: Leaving directory '/usr/src/RPM/BUILD/swipl-9.0.4/x86_64-alt-linux'
gmake[2]: Entering directory '/usr/src/RPM/BUILD/swipl-9.0.4/x86_64-alt-linux'
gmake[2]: Entering directory '/usr/src/RPM/BUILD/swipl-9.0.4/x86_64-alt-linux'
[ 66%] Linking C shared module crypto4pl.so
[ 66%] Linking C shared module crypto4pl.so
cd /usr/src/RPM/BUILD/swipl-9.0.4/x86_64-alt-linux/packages/ssl && /usr/bin/cmake -E cmake_link_script CMakeFiles/plugin_crypto4pl.dir/link.txt --verbose=1
cd /usr/src/RPM/BUILD/swipl-9.0.4/x86_64-alt-linux/packages/ssl && /usr/bin/cmake -E cmake_link_script CMakeFiles/plugin_crypto4pl.dir/link.txt --verbose=1
/usr/bin/cc -fPIC -pipe -frecord-gcc-switches -Wall -g -O2 -flto=auto -O2 -Wl,--dependency-file=CMakeFiles/plugin_crypto4pl.dir/link.d -shared  -o crypto4pl.so CMakeFiles/plugin_crypto4pl.dir/crypto4pl.c.o CMakeFiles/plugin_crypto4pl.dir/__/clib/error.c.o  /usr/lib64/libcrypto.so
/usr/bin/cc -fPIC -pipe -frecord-gcc-switches -Wall -g -O2 -flto=auto -O2 -Wl,--dependency-file=CMakeFiles/plugin_crypto4pl.dir/link.d -shared  -o crypto4pl.so CMakeFiles/plugin_crypto4pl.dir/crypto4pl.c.o CMakeFiles/plugin_crypto4pl.dir/__/clib/error.c.o  /usr/lib64/libcrypto.so
gmake[2]: Leaving directory '/usr/src/RPM/BUILD/swipl-9.0.4/x86_64-alt-linux'
gmake[2]: Leaving directory '/usr/src/RPM/BUILD/swipl-9.0.4/x86_64-alt-linux'
gmake[1]: Entering directory '/usr/src/RPM/BUILD/swipl-9.0.4/x86_64-alt-linux'
gmake[1]: Entering directory '/usr/src/RPM/BUILD/swipl-9.0.4/x86_64-alt-linux'
[ 69%] Built target plugin_crypto4pl
[ 69%] Built target plugin_crypto4pl
gmake[1]: Leaving directory '/usr/src/RPM/BUILD/swipl-9.0.4/x86_64-alt-linux'
gmake[1]: Leaving directory '/usr/src/RPM/BUILD/swipl-9.0.4/x86_64-alt-linux'
gmake: *** [Makefile:166: all] Error 2
gmake: *** [Makefile:166: all] Error 2
gmake: *** [Makefile:166: all] Error 2



error: Bad exit status from /usr/src/tmp/rpm-tmp.60015 (%build)
error: Bad exit status from /usr/src/tmp/rpm-tmp.60015 (%build)
error: Bad exit status from /usr/src/tmp/rpm-tmp.60015 (%build)






RPM build errors:
RPM build errors:
RPM build errors:
    Bad exit status from /usr/src/tmp/rpm-tmp.60015 (%build)
    Bad exit status from /usr/src/tmp/rpm-tmp.60015 (%build)
    Bad exit status from /usr/src/tmp/rpm-tmp.60015 (%build)
Command exited with non-zero status 1
Command exited with non-zero status 1
Command exited with non-zero status 1
128.28user 94.65system 1:53.92elapsed 195%CPU (0avgtext+0avgdata 166948maxresident)k
128.28user 94.65system 1:53.92elapsed 195%CPU (0avgtext+0avgdata 166948maxresident)k
128.28user 94.65system 1:53.92elapsed 195%CPU (0avgtext+0avgdata 166948maxresident)k
0inputs+0outputs (0major+22924266minor)pagefaults 0swaps
0inputs+0outputs (0major+22924266minor)pagefaults 0swaps
0inputs+0outputs (0major+22924266minor)pagefaults 0swaps
hsh-rebuild: rebuild of `swi-prolog-9.0.4-alt4.src.rpm' failed.
hsh-rebuild: rebuild of `swi-prolog-9.0.4-alt4.src.rpm' failed.
hsh-rebuild: rebuild of `swi-prolog-9.0.4-alt4.src.rpm' failed.
Command exited with non-zero status 1
Command exited with non-zero status 1
5.50user 3.07system 2:23.71elapsed 5%CPU (0avgtext+0avgdata 140480maxresident)k
5.50user 3.07system 2:23.71elapsed 5%CPU (0avgtext+0avgdata 140480maxresident)k
1360inputs+0outputs (0major+257362minor)pagefaults 0swaps
