Problem opening /proc/meminfo
-- Performing Test gnu_cxx_has_wcast_align - Success
-- Performing Test gnu_c_has_wduplicated_cond
Problem opening /proc/meminfo
Problem opening /proc/meminfo
-- Performing Test gnu_c_has_wduplicated_cond - Success
-- Performing Test gnu_c_has_wduplicated_cond - Success
-- Performing Test gnu_cxx_has_wduplicated_cond
-- Performing Test gnu_cxx_has_wduplicated_cond
Problem opening /proc/meminfo
Problem opening /proc/meminfo
Problem opening /proc/meminfo
-- Performing Test gnu_cxx_has_wduplicated_cond - Success
-- Performing Test gnu_cxx_has_wduplicated_cond - Success
-- Performing Test gnu_cxx_has_wduplicated_cond - Success
-- Performing Test gnu_c_has_wexit_time_destructors
-- Performing Test gnu_c_has_wexit_time_destructors
-- Performing Test gnu_c_has_wexit_time_destructors
Problem opening /proc/meminfo
Problem opening /proc/meminfo
Problem opening /proc/meminfo
-- Performing Test gnu_c_has_wexit_time_destructors - Failed
-- Performing Test gnu_c_has_wexit_time_destructors - Failed
-- Performing Test gnu_c_has_wexit_time_destructors - Failed
-- Performing Test gnu_cxx_has_wexit_time_destructors
-- Performing Test gnu_cxx_has_wexit_time_destructors
-- Performing Test gnu_cxx_has_wexit_time_destructors
Problem opening /proc/meminfo
Problem opening /proc/meminfo
Problem opening /proc/meminfo
Problem opening /proc/meminfo
-- Performing Test gnu_cxx_has_wexit_time_destructors - Failed
-- Performing Test gnu_cxx_has_wexit_time_destructors - Failed
-- Performing Test gnu_cxx_has_wexit_time_destructors - Failed
-- Performing Test gnu_cxx_has_wexit_time_destructors - Failed
-- Performing Test gnu_c_has_wextra_semi
-- Performing Test gnu_c_has_wextra_semi
-- Performing Test gnu_c_has_wextra_semi
-- Performing Test gnu_c_has_wextra_semi
Problem opening /proc/meminfo
Problem opening /proc/meminfo
Problem opening /proc/meminfo
Problem opening /proc/meminfo
Problem opening /proc/meminfo
-- Performing Test gnu_c_has_wextra_semi - Failed
-- Performing Test gnu_c_has_wextra_semi - Failed
-- Performing Test gnu_c_has_wextra_semi - Failed
-- Performing Test gnu_c_has_wextra_semi - Failed
-- Performing Test gnu_c_has_wextra_semi - Failed
-- Performing Test gnu_cxx_has_wextra_semi
-- Performing Test gnu_cxx_has_wextra_semi
-- Performing Test gnu_cxx_has_wextra_semi
-- Performing Test gnu_cxx_has_wextra_semi
-- Performing Test gnu_cxx_has_wextra_semi
Problem opening /proc/meminfo
Problem opening /proc/meminfo
Problem opening /proc/meminfo
Problem opening /proc/meminfo
Problem opening /proc/meminfo
Problem opening /proc/meminfo
-- Performing Test gnu_cxx_has_wextra_semi - Success
-- Performing Test gnu_cxx_has_wextra_semi - Success
-- Performing Test gnu_cxx_has_wextra_semi - Success
-- Performing Test gnu_cxx_has_wextra_semi - Success
-- Performing Test gnu_cxx_has_wextra_semi - Success
-- Performing Test gnu_cxx_has_wextra_semi - Success
-- Performing Test gnu_c_has_wextra_semi_stmt
-- Performing Test gnu_c_has_wextra_semi_stmt
-- Performing Test gnu_c_has_wextra_semi_stmt
-- Performing Test gnu_c_has_wextra_semi_stmt
-- Performing Test gnu_c_has_wextra_semi_stmt
-- Performing Test gnu_c_has_wextra_semi_stmt
Problem opening /proc/meminfo
Problem opening /proc/meminfo
Problem opening /proc/meminfo
Problem opening /proc/meminfo
Problem opening /proc/meminfo
Problem opening /proc/meminfo
-- Performing Test gnu_c_has_wextra_semi_stmt - Failed
-- Performing Test gnu_c_has_wextra_semi_stmt - Failed
-- Performing Test gnu_c_has_wextra_semi_stmt - Failed
-- Performing Test gnu_c_has_wextra_semi_stmt - Failed
-- Performing Test gnu_c_has_wextra_semi_stmt - Failed
-- Performing Test gnu_c_has_wextra_semi_stmt - Failed
-- Performing Test gnu_cxx_has_wextra_semi_stmt
-- Performing Test gnu_cxx_has_wextra_semi_stmt
-- Performing Test gnu_cxx_has_wextra_semi_stmt
-- Performing Test gnu_cxx_has_wextra_semi_stmt
-- Performing Test gnu_cxx_has_wextra_semi_stmt
-- Performing Test gnu_cxx_has_wextra_semi_stmt
Problem opening /proc/meminfo
Problem opening /proc/meminfo
Problem opening /proc/meminfo
Problem opening /proc/meminfo
Problem opening /proc/meminfo
-- Performing Test gnu_cxx_has_wextra_semi_stmt - Failed
-- Performing Test gnu_cxx_has_wextra_semi_stmt - Failed
-- Performing Test gnu_cxx_has_wextra_semi_stmt - Failed
-- Performing Test gnu_cxx_has_wextra_semi_stmt - Failed
-- Performing Test gnu_cxx_has_wextra_semi_stmt - Failed
-- Performing Test gnu_c_has_wextra_tokens
-- Performing Test gnu_c_has_wextra_tokens
-- Performing Test gnu_c_has_wextra_tokens
-- Performing Test gnu_c_has_wextra_tokens
-- Performing Test gnu_c_has_wextra_tokens
Problem opening /proc/meminfo
Problem opening /proc/meminfo
Problem opening /proc/meminfo
Problem opening /proc/meminfo
-- Performing Test gnu_c_has_wextra_tokens - Failed
-- Performing Test gnu_c_has_wextra_tokens - Failed
-- Performing Test gnu_c_has_wextra_tokens - Failed
-- Performing Test gnu_c_has_wextra_tokens - Failed
-- Performing Test gnu_cxx_has_wextra_tokens
-- Performing Test gnu_cxx_has_wextra_tokens
-- Performing Test gnu_cxx_has_wextra_tokens
-- Performing Test gnu_cxx_has_wextra_tokens
Problem opening /proc/meminfo
Problem opening /proc/meminfo
Problem opening /proc/meminfo
Problem opening /proc/meminfo
Problem opening /proc/meminfo
-- Performing Test gnu_cxx_has_wextra_tokens - Failed
-- Performing Test gnu_cxx_has_wextra_tokens - Failed
-- Performing Test gnu_cxx_has_wextra_tokens - Failed
-- Performing Test gnu_cxx_has_wextra_tokens - Failed
-- Performing Test gnu_cxx_has_wextra_tokens - Failed
-- Performing Test gnu_c_has_wfloat_equal
-- Performing Test gnu_c_has_wfloat_equal
-- Performing Test gnu_c_has_wfloat_equal
-- Performing Test gnu_c_has_wfloat_equal
-- Performing Test gnu_c_has_wfloat_equal
Problem opening /proc/meminfo
Problem opening /proc/meminfo
Problem opening /proc/meminfo
Problem opening /proc/meminfo
Problem opening /proc/meminfo
-- Performing Test gnu_c_has_wfloat_equal - Success
-- Performing Test gnu_c_has_wfloat_equal - Success
-- Performing Test gnu_c_has_wfloat_equal - Success
-- Performing Test gnu_c_has_wfloat_equal - Success
-- Performing Test gnu_c_has_wfloat_equal - Success
-- Performing Test gnu_cxx_has_wfloat_equal
-- Performing Test gnu_cxx_has_wfloat_equal
-- Performing Test gnu_cxx_has_wfloat_equal
-- Performing Test gnu_cxx_has_wfloat_equal
-- Performing Test gnu_cxx_has_wfloat_equal
Problem opening /proc/meminfo
Problem opening /proc/meminfo
Problem opening /proc/meminfo
Problem opening /proc/meminfo
-- Performing Test gnu_cxx_has_wfloat_equal - Success
-- Performing Test gnu_cxx_has_wfloat_equal - Success
-- Performing Test gnu_cxx_has_wfloat_equal - Success
-- Performing Test gnu_cxx_has_wfloat_equal - Success
-- Performing Test gnu_c_has_wgnu
-- Performing Test gnu_c_has_wgnu
-- Performing Test gnu_c_has_wgnu
-- Performing Test gnu_c_has_wgnu
Problem opening /proc/meminfo
Problem opening /proc/meminfo
Problem opening /proc/meminfo
-- Performing Test gnu_c_has_wgnu - Failed
-- Performing Test gnu_c_has_wgnu - Failed
-- Performing Test gnu_c_has_wgnu - Failed
-- Performing Test gnu_cxx_has_wgnu
-- Performing Test gnu_cxx_has_wgnu
-- Performing Test gnu_cxx_has_wgnu
Problem opening /proc/meminfo
Problem opening /proc/meminfo
-- Performing Test gnu_cxx_has_wgnu - Failed
-- Performing Test gnu_cxx_has_wgnu - Failed
-- Performing Test gnu_c_has_winit_self
-- Performing Test gnu_c_has_winit_self
Problem opening /proc/meminfo
Problem opening /proc/meminfo
-- Performing Test gnu_c_has_winit_self - Success
-- Performing Test gnu_c_has_winit_self - Success
-- Performing Test gnu_cxx_has_winit_self
-- Performing Test gnu_cxx_has_winit_self
Problem opening /proc/meminfo
Problem opening /proc/meminfo
-- Performing Test gnu_cxx_has_winit_self - Success
-- Performing Test gnu_cxx_has_winit_self - Success
-- Performing Test gnu_c_has_wint_in_bool_context
-- Performing Test gnu_c_has_wint_in_bool_context
Problem opening /proc/meminfo
-- Performing Test gnu_c_has_wint_in_bool_context - Success
-- Performing Test gnu_cxx_has_wint_in_bool_context
Problem opening /proc/meminfo
-- Performing Test gnu_cxx_has_wpointer_arith - Success
-- Performing Test gnu_c_has_wredundant_decls
Problem opening /proc/meminfo
-- Performing Test gnu_c_has_wredundant_decls - Success
-- Performing Test gnu_cxx_has_wredundant_decls
Problem opening /proc/meminfo
Problem opening /proc/meminfo
-- Performing Test gnu_cxx_has_wredundant_decls - Success
-- Performing Test gnu_cxx_has_wredundant_decls - Success
-- Performing Test gnu_c_has_wredundant_move
-- Performing Test gnu_c_has_wredundant_move
Problem opening /proc/meminfo
Problem opening /proc/meminfo
Problem opening /proc/meminfo
-- Performing Test gnu_c_has_wredundant_move - Failed
-- Performing Test gnu_c_has_wredundant_move - Failed
-- Performing Test gnu_c_has_wredundant_move - Failed
-- Performing Test gnu_cxx_has_wredundant_move
-- Performing Test gnu_cxx_has_wredundant_move
-- Performing Test gnu_cxx_has_wredundant_move
Problem opening /proc/meminfo
Problem opening /proc/meminfo
Problem opening /proc/meminfo
-- Performing Test gnu_cxx_has_wredundant_move - Success
-- Performing Test gnu_cxx_has_wredundant_move - Success
-- Performing Test gnu_cxx_has_wredundant_move - Success
-- Performing Test gnu_c_has_wreorder_ctor
-- Performing Test gnu_c_has_wreorder_ctor
-- Performing Test gnu_c_has_wreorder_ctor
Problem opening /proc/meminfo
Problem opening /proc/meminfo
Problem opening /proc/meminfo
-- Performing Test gnu_c_has_wreorder_ctor - Failed
-- Performing Test gnu_c_has_wreorder_ctor - Failed
-- Performing Test gnu_c_has_wreorder_ctor - Failed
-- Performing Test gnu_cxx_has_wreorder_ctor
-- Performing Test gnu_cxx_has_wreorder_ctor
-- Performing Test gnu_cxx_has_wreorder_ctor
Problem opening /proc/meminfo
Problem opening /proc/meminfo
Problem opening /proc/meminfo
Problem opening /proc/meminfo
-- Performing Test gnu_cxx_has_wreorder_ctor - Failed
-- Performing Test gnu_cxx_has_wreorder_ctor - Failed
-- Performing Test gnu_cxx_has_wreorder_ctor - Failed
-- Performing Test gnu_cxx_has_wreorder_ctor - Failed
-- Performing Test gnu_c_has_wrestrict
-- Performing Test gnu_c_has_wrestrict
-- Performing Test gnu_c_has_wrestrict
-- Performing Test gnu_c_has_wrestrict
Problem opening /proc/meminfo
Problem opening /proc/meminfo
Problem opening /proc/meminfo
Problem opening /proc/meminfo
-- Performing Test gnu_c_has_wrestrict - Success
-- Performing Test gnu_c_has_wrestrict - Success
-- Performing Test gnu_c_has_wrestrict - Success
-- Performing Test gnu_c_has_wrestrict - Success
-- Performing Test gnu_cxx_has_wrestrict
-- Performing Test gnu_cxx_has_wrestrict
-- Performing Test gnu_cxx_has_wrestrict
-- Performing Test gnu_cxx_has_wrestrict
Problem opening /proc/meminfo
Problem opening /proc/meminfo
Problem opening /proc/meminfo
Problem opening /proc/meminfo
Problem opening /proc/meminfo
-- Performing Test gnu_cxx_has_wrestrict - Success
-- Performing Test gnu_cxx_has_wrestrict - Success
-- Performing Test gnu_cxx_has_wrestrict - Success
-- Performing Test gnu_cxx_has_wrestrict - Success
-- Performing Test gnu_cxx_has_wrestrict - Success
-- Performing Test gnu_c_has_wreturn_std_move
-- Performing Test gnu_c_has_wreturn_std_move
-- Performing Test gnu_c_has_wreturn_std_move
-- Performing Test gnu_c_has_wreturn_std_move
-- Performing Test gnu_c_has_wreturn_std_move
Problem opening /proc/meminfo
Problem opening /proc/meminfo
Problem opening /proc/meminfo
Problem opening /proc/meminfo
Problem opening /proc/meminfo
-- Performing Test gnu_c_has_wreturn_std_move - Failed
-- Performing Test gnu_c_has_wreturn_std_move - Failed
-- Performing Test gnu_c_has_wreturn_std_move - Failed
-- Performing Test gnu_c_has_wreturn_std_move - Failed
-- Performing Test gnu_c_has_wreturn_std_move - Failed
-- Performing Test gnu_cxx_has_wreturn_std_move
-- Performing Test gnu_cxx_has_wreturn_std_move
-- Performing Test gnu_cxx_has_wreturn_std_move
-- Performing Test gnu_cxx_has_wreturn_std_move
-- Performing Test gnu_cxx_has_wreturn_std_move
Problem opening /proc/meminfo
Problem opening /proc/meminfo
Problem opening /proc/meminfo
Problem opening /proc/meminfo
Problem opening /proc/meminfo
-- Performing Test gnu_cxx_has_wreturn_std_move - Failed
-- Performing Test gnu_cxx_has_wreturn_std_move - Failed
-- Performing Test gnu_cxx_has_wreturn_std_move - Failed
-- Performing Test gnu_cxx_has_wreturn_std_move - Failed
-- Performing Test gnu_cxx_has_wreturn_std_move - Failed
-- Performing Test gnu_c_has_wself_assign
-- Performing Test gnu_c_has_wself_assign
-- Performing Test gnu_c_has_wself_assign
-- Performing Test gnu_c_has_wself_assign
-- Performing Test gnu_c_has_wself_assign
Problem opening /proc/meminfo
Problem opening /proc/meminfo
Problem opening /proc/meminfo
Problem opening /proc/meminfo
Problem opening /proc/meminfo
-- Performing Test gnu_c_has_wself_assign - Failed
-- Performing Test gnu_c_has_wself_assign - Failed
-- Performing Test gnu_c_has_wself_assign - Failed
-- Performing Test gnu_c_has_wself_assign - Failed
-- Performing Test gnu_c_has_wself_assign - Failed
-- Performing Test gnu_cxx_has_wself_assign
-- Performing Test gnu_cxx_has_wself_assign
-- Performing Test gnu_cxx_has_wself_assign
-- Performing Test gnu_cxx_has_wself_assign
-- Performing Test gnu_cxx_has_wself_assign
Problem opening /proc/meminfo
Problem opening /proc/meminfo
Problem opening /proc/meminfo
Problem opening /proc/meminfo
Problem opening /proc/meminfo
Problem opening /proc/meminfo
-- Performing Test gnu_cxx_has_wself_assign - Failed
-- Performing Test gnu_cxx_has_wself_assign - Failed
-- Performing Test gnu_cxx_has_wself_assign - Failed
-- Performing Test gnu_cxx_has_wself_assign - Failed
-- Performing Test gnu_cxx_has_wself_assign - Failed
-- Performing Test gnu_cxx_has_wself_assign - Failed
-- Performing Test gnu_c_has_wself_move
-- Performing Test gnu_c_has_wself_move
-- Performing Test gnu_c_has_wself_move
-- Performing Test gnu_c_has_wself_move
-- Performing Test gnu_c_has_wself_move
-- Performing Test gnu_c_has_wself_move
Problem opening /proc/meminfo
Problem opening /proc/meminfo
Problem opening /proc/meminfo
Problem opening /proc/meminfo
Problem opening /proc/meminfo
Problem opening /proc/meminfo
-- Performing Test gnu_c_has_wself_move - Failed
-- Performing Test gnu_c_has_wself_move - Failed
-- Performing Test gnu_c_has_wself_move - Failed
-- Performing Test gnu_c_has_wself_move - Failed
-- Performing Test gnu_c_has_wself_move - Failed
-- Performing Test gnu_c_has_wself_move - Failed
-- Performing Test gnu_cxx_has_wself_move
-- Performing Test gnu_cxx_has_wself_move
-- Performing Test gnu_cxx_has_wself_move
-- Performing Test gnu_cxx_has_wself_move
-- Performing Test gnu_cxx_has_wself_move
-- Performing Test gnu_cxx_has_wself_move
Problem opening /proc/meminfo
Problem opening /proc/meminfo
Problem opening /proc/meminfo
Problem opening /proc/meminfo
Problem opening /proc/meminfo
Problem opening /proc/meminfo
-- Performing Test gnu_cxx_has_wself_move - Success
-- Performing Test gnu_cxx_has_wself_move - Success
-- Performing Test gnu_cxx_has_wself_move - Success
-- Performing Test gnu_cxx_has_wself_move - Success
-- Performing Test gnu_cxx_has_wself_move - Success
-- Performing Test gnu_cxx_has_wself_move - Success
-- Performing Test gnu_c_has_wsemicolon_before_method_body
-- Performing Test gnu_c_has_wsemicolon_before_method_body
-- Performing Test gnu_c_has_wsemicolon_before_method_body
-- Performing Test gnu_c_has_wsemicolon_before_method_body
-- Performing Test gnu_c_has_wsemicolon_before_method_body
-- Performing Test gnu_c_has_wsemicolon_before_method_body
Problem opening /proc/meminfo
Problem opening /proc/meminfo
Problem opening /proc/meminfo
Problem opening /proc/meminfo
Problem opening /proc/meminfo
Problem opening /proc/meminfo
-- Performing Test gnu_c_has_wsemicolon_before_method_body - Failed
-- Performing Test gnu_c_has_wsemicolon_before_method_body - Failed
-- Performing Test gnu_c_has_wsemicolon_before_method_body - Failed
-- Performing Test gnu_c_has_wsemicolon_before_method_body - Failed
-- Performing Test gnu_c_has_wsemicolon_before_method_body - Failed
-- Performing Test gnu_c_has_wsemicolon_before_method_body - Failed
-- Performing Test gnu_cxx_has_wsemicolon_before_method_body
-- Performing Test gnu_cxx_has_wsemicolon_before_method_body
-- Performing Test gnu_cxx_has_wsemicolon_before_method_body
-- Performing Test gnu_cxx_has_wsemicolon_before_method_body
-- Performing Test gnu_cxx_has_wsemicolon_before_method_body
-- Performing Test gnu_cxx_has_wsemicolon_before_method_body
Problem opening /proc/meminfo
Problem opening /proc/meminfo
Problem opening /proc/meminfo
Problem opening /proc/meminfo
Problem opening /proc/meminfo
-- Performing Test gnu_cxx_has_wsemicolon_before_method_body - Failed
-- Performing Test gnu_cxx_has_wsemicolon_before_method_body - Failed
-- Performing Test gnu_cxx_has_wsemicolon_before_method_body - Failed
-- Performing Test gnu_cxx_has_wsemicolon_before_method_body - Failed
-- Performing Test gnu_cxx_has_wsemicolon_before_method_body - Failed
-- Performing Test gnu_c_has_wsentinel
-- Performing Test gnu_c_has_wsentinel
-- Performing Test gnu_c_has_wsentinel
-- Performing Test gnu_c_has_wsentinel
-- Performing Test gnu_c_has_wsentinel
Problem opening /proc/meminfo
Problem opening /proc/meminfo
Problem opening /proc/meminfo
Problem opening /proc/meminfo
-- Performing Test gnu_c_has_wsentinel - Failed
-- Performing Test gnu_c_has_wsentinel - Failed
-- Performing Test gnu_c_has_wsentinel - Failed
-- Performing Test gnu_c_has_wsentinel - Failed
-- Performing Test gnu_cxx_has_wsentinel
-- Performing Test gnu_cxx_has_wsentinel
-- Performing Test gnu_cxx_has_wsentinel
-- Performing Test gnu_cxx_has_wsentinel
Problem opening /proc/meminfo
Problem opening /proc/meminfo
Problem opening /proc/meminfo
Problem opening /proc/meminfo
-- Performing Test gnu_cxx_has_wsentinel - Failed
-- Performing Test gnu_cxx_has_wsentinel - Failed
-- Performing Test gnu_cxx_has_wsentinel - Failed
-- Performing Test gnu_cxx_has_wsentinel - Failed
-- Performing Test gnu_c_has_wshadow
-- Performing Test gnu_c_has_wshadow
-- Performing Test gnu_c_has_wshadow
-- Performing Test gnu_c_has_wshadow
Problem opening /proc/meminfo
Problem opening /proc/meminfo
Problem opening /proc/meminfo
-- Performing Test gnu_c_has_wshadow - Success
-- Performing Test gnu_c_has_wshadow - Success
-- Performing Test gnu_c_has_wshadow - Success
-- Performing Test gnu_cxx_has_wshadow
-- Performing Test gnu_cxx_has_wshadow
-- Performing Test gnu_cxx_has_wshadow
Problem opening /proc/meminfo
Problem opening /proc/meminfo
Problem opening /proc/meminfo
-- Performing Test gnu_cxx_has_wshadow - Success
-- Performing Test gnu_cxx_has_wshadow - Success
-- Performing Test gnu_cxx_has_wshadow - Success
-- Performing Test gnu_c_has_wsign_compare
-- Performing Test gnu_c_has_wsign_compare
-- Performing Test gnu_c_has_wsign_compare
Problem opening /proc/meminfo
Problem opening /proc/meminfo
Problem opening /proc/meminfo
-- Performing Test gnu_c_has_wsign_compare - Success
-- Performing Test gnu_c_has_wsign_compare - Success
-- Performing Test gnu_c_has_wsign_compare - Success
-- Performing Test gnu_cxx_has_wsign_compare
-- Performing Test gnu_cxx_has_wsign_compare
-- Performing Test gnu_cxx_has_wsign_compare
Problem opening /proc/meminfo
Problem opening /proc/meminfo
Problem opening /proc/meminfo
-- Performing Test gnu_cxx_has_wsign_compare - Success
-- Performing Test gnu_cxx_has_wsign_compare - Success
-- Performing Test gnu_cxx_has_wsign_compare - Success
-- Performing Test gnu_c_has_wsometimes_uninitialized
-- Performing Test gnu_c_has_wsometimes_uninitialized
-- Performing Test gnu_c_has_wsometimes_uninitialized
Problem opening /proc/meminfo
Problem opening /proc/meminfo
Problem opening /proc/meminfo
Problem opening /proc/meminfo
-- Performing Test gnu_c_has_wsometimes_uninitialized - Failed
-- Performing Test gnu_c_has_wsometimes_uninitialized - Failed
-- Performing Test gnu_c_has_wsometimes_uninitialized - Failed
-- Performing Test gnu_c_has_wsometimes_uninitialized - Failed
-- Performing Test gnu_cxx_has_wsometimes_uninitialized
-- Performing Test gnu_cxx_has_wsometimes_uninitialized
-- Performing Test gnu_cxx_has_wsometimes_uninitialized
-- Performing Test gnu_cxx_has_wsometimes_uninitialized
Problem opening /proc/meminfo
Problem opening /proc/meminfo
Problem opening /proc/meminfo
Problem opening /proc/meminfo
Problem opening /proc/meminfo
-- Performing Test gnu_cxx_has_wsometimes_uninitialized - Failed
-- Performing Test gnu_cxx_has_wsometimes_uninitialized - Failed
-- Performing Test gnu_cxx_has_wsometimes_uninitialized - Failed
-- Performing Test gnu_cxx_has_wsometimes_uninitialized - Failed
-- Performing Test gnu_cxx_has_wsometimes_uninitialized - Failed
-- Performing Test gnu_c_has_wstring_conversion
-- Performing Test gnu_c_has_wstring_conversion
-- Performing Test gnu_c_has_wstring_conversion
-- Performing Test gnu_c_has_wstring_conversion
-- Performing Test gnu_c_has_wstring_conversion
Problem opening /proc/meminfo
Problem opening /proc/meminfo
Problem opening /proc/meminfo
Problem opening /proc/meminfo
Problem opening /proc/meminfo
Problem opening /proc/meminfo
-- Performing Test gnu_c_has_wstring_conversion - Failed
-- Performing Test gnu_c_has_wstring_conversion - Failed
-- Performing Test gnu_c_has_wstring_conversion - Failed
-- Performing Test gnu_c_has_wstring_conversion - Failed
-- Performing Test gnu_c_has_wstring_conversion - Failed
-- Performing Test gnu_c_has_wstring_conversion - Failed
-- Performing Test gnu_cxx_has_wstring_conversion
-- Performing Test gnu_cxx_has_wstring_conversion
-- Performing Test gnu_cxx_has_wstring_conversion
-- Performing Test gnu_cxx_has_wstring_conversion
-- Performing Test gnu_cxx_has_wstring_conversion
-- Performing Test gnu_cxx_has_wstring_conversion
Problem opening /proc/meminfo
Problem opening /proc/meminfo
Problem opening /proc/meminfo
Problem opening /proc/meminfo
Problem opening /proc/meminfo
Problem opening /proc/meminfo
Problem opening /proc/meminfo
-- Performing Test gnu_cxx_has_wstring_conversion - Failed
-- Performing Test gnu_cxx_has_wstring_conversion - Failed
-- Performing Test gnu_cxx_has_wstring_conversion - Failed
-- Performing Test gnu_cxx_has_wstring_conversion - Failed
-- Performing Test gnu_cxx_has_wstring_conversion - Failed
-- Performing Test gnu_cxx_has_wstring_conversion - Failed
-- Performing Test gnu_cxx_has_wstring_conversion - Failed
-- Performing Test gnu_c_has_wsuggest_destructor_override
-- Performing Test gnu_c_has_wsuggest_destructor_override
-- Performing Test gnu_c_has_wsuggest_destructor_override
-- Performing Test gnu_c_has_wsuggest_destructor_override
-- Performing Test gnu_c_has_wsuggest_destructor_override
-- Performing Test gnu_c_has_wsuggest_destructor_override
-- Performing Test gnu_c_has_wsuggest_destructor_override
Problem opening /proc/meminfo
Problem opening /proc/meminfo
Problem opening /proc/meminfo
Problem opening /proc/meminfo
Problem opening /proc/meminfo
Problem opening /proc/meminfo
-- Performing Test gnu_c_has_wsuggest_destructor_override - Failed
-- Performing Test gnu_c_has_wsuggest_destructor_override - Failed
-- Performing Test gnu_c_has_wsuggest_destructor_override - Failed
-- Performing Test gnu_c_has_wsuggest_destructor_override - Failed
-- Performing Test gnu_c_has_wsuggest_destructor_override - Failed
-- Performing Test gnu_c_has_wsuggest_destructor_override - Failed
-- Performing Test gnu_cxx_has_wsuggest_destructor_override
-- Performing Test gnu_cxx_has_wsuggest_destructor_override
-- Performing Test gnu_cxx_has_wsuggest_destructor_override
-- Performing Test gnu_cxx_has_wsuggest_destructor_override
-- Performing Test gnu_cxx_has_wsuggest_destructor_override
-- Performing Test gnu_cxx_has_wsuggest_destructor_override
Problem opening /proc/meminfo
Problem opening /proc/meminfo
Problem opening /proc/meminfo
Problem opening /proc/meminfo
Problem opening /proc/meminfo
-- Performing Test gnu_cxx_has_wsuggest_destructor_override - Failed
-- Performing Test gnu_cxx_has_wsuggest_destructor_override - Failed
-- Performing Test gnu_cxx_has_wsuggest_destructor_override - Failed
-- Performing Test gnu_cxx_has_wsuggest_destructor_override - Failed
-- Performing Test gnu_cxx_has_wsuggest_destructor_override - Failed
-- Performing Test gnu_c_has_wsuggest_override
-- Performing Test gnu_c_has_wsuggest_override
-- Performing Test gnu_c_has_wsuggest_override
-- Performing Test gnu_c_has_wsuggest_override
-- Performing Test gnu_c_has_wsuggest_override
Problem opening /proc/meminfo
Problem opening /proc/meminfo
Problem opening /proc/meminfo
Problem opening /proc/meminfo
-- Performing Test gnu_c_has_wsuggest_override - Failed
-- Performing Test gnu_c_has_wsuggest_override - Failed
-- Performing Test gnu_c_has_wsuggest_override - Failed
-- Performing Test gnu_c_has_wsuggest_override - Failed
-- Performing Test gnu_cxx_has_wsuggest_override
-- Performing Test gnu_cxx_has_wsuggest_override
-- Performing Test gnu_cxx_has_wsuggest_override
-- Performing Test gnu_cxx_has_wsuggest_override
Problem opening /proc/meminfo
Problem opening /proc/meminfo
Problem opening /proc/meminfo
-- Performing Test gnu_cxx_has_wsuggest_override - Success
-- Performing Test gnu_cxx_has_wsuggest_override - Success
-- Performing Test gnu_cxx_has_wsuggest_override - Success
-- Performing Test gnu_c_has_wuninitialized
-- Performing Test gnu_c_has_wuninitialized
-- Performing Test gnu_c_has_wuninitialized
Problem opening /proc/meminfo
Problem opening /proc/meminfo
-- Performing Test gnu_c_has_wuninitialized - Success
-- Performing Test gnu_c_has_wuninitialized - Success
-- Performing Test gnu_cxx_has_wuninitialized
-- Performing Test gnu_cxx_has_wuninitialized
Problem opening /proc/meminfo
-- Performing Test gnu_cxx_has_wuninitialized - Success
-- Performing Test gnu_c_has_wunreachable_code
gmake[2]: Entering directory '/usr/src/RPM/BUILD/transmission-4.0.6/x86_64-alt-linux'
[ 13%] Generating transmission-gtk-fi.mo
cd /usr/src/RPM/BUILD/transmission-4.0.6/po && /usr/bin/msgfmt --output-file=/usr/src/RPM/BUILD/transmission-4.0.6/x86_64-alt-linux/po/transmission-gtk-fi.mo fi.po
gmake[2]: Leaving directory '/usr/src/RPM/BUILD/transmission-4.0.6/x86_64-alt-linux'
gmake[2]: Entering directory '/usr/src/RPM/BUILD/transmission-4.0.6/x86_64-alt-linux'
[ 13%] Performing configure step for 'dht'
cd /usr/src/RPM/BUILD/transmission-4.0.6/x86_64-alt-linux/third-party/dht.bld/src/dht-build && /usr/bin/cmake -Wno-dev --no-warn-unused-cli -DCMAKE_TOOLCHAIN_FILE:PATH= -DCMAKE_USER_MAKE_RULES_OVERRIDE= -DCMAKE_C_COMPILER=/usr/bin/cc "-DCMAKE_C_FLAGS:STRING=-pipe -frecord-gcc-switches -Wall -g -Os -flto=auto" -DCMAKE_CXX_COMPILER=/usr/bin/c++ "-DCMAKE_CXX_FLAGS:STRING=-pipe -frecord-gcc-switches -Wall -g -Os -flto=auto" -DCMAKE_BUILD_TYPE:STRING=RelWithDebInfo -DCMAKE_INSTALL_PREFIX:PATH=/usr/src/RPM/BUILD/transmission-4.0.6/x86_64-alt-linux/third-party/dht.bld/pfx -DCMAKE_INSTALL_LIBDIR:STRING=lib "-GUnix Makefiles" -S /usr/src/RPM/BUILD/transmission-4.0.6/third-party/dht -B /usr/src/RPM/BUILD/transmission-4.0.6/x86_64-alt-linux/third-party/dht.bld/src/dht-build
Not searching for unused variables given on the command line.
Re-run cmake no build system arguments
Problem opening /proc/meminfo
CMake Error at CMakeLists.txt:1 (cmake_minimum_required):
  Compatibility with CMake < 3.5 has been removed from CMake.
  Compatibility with CMake < 3.5 has been removed from CMake.


  Update the VERSION argument <min> value.  Or, use the <min>...<max> syntax
  Update the VERSION argument <min> value.  Or, use the <min>...<max> syntax
  Update the VERSION argument <min> value.  Or, use the <min>...<max> syntax
  to tell CMake that the project requires at least <min> but has been updated
  to tell CMake that the project requires at least <min> but has been updated
  to tell CMake that the project requires at least <min> but has been updated
  to work with policies introduced by <max> or earlier.
  to work with policies introduced by <max> or earlier.
  to work with policies introduced by <max> or earlier.



  Or, add -DCMAKE_POLICY_VERSION_MINIMUM=3.5 to try configuring anyway.
  Or, add -DCMAKE_POLICY_VERSION_MINIMUM=3.5 to try configuring anyway.
  Or, add -DCMAKE_POLICY_VERSION_MINIMUM=3.5 to try configuring anyway.






-- Configuring incomplete, errors occurred!
-- Configuring incomplete, errors occurred!
-- Configuring incomplete, errors occurred!
gmake[2]: *** [CMakeFiles/dht.dir/build.make:92: third-party/dht.bld/src/dht-stamp/dht-configure] Error 1
gmake[2]: *** [CMakeFiles/dht.dir/build.make:92: third-party/dht.bld/src/dht-stamp/dht-configure] Error 1
gmake[2]: Leaving directory '/usr/src/RPM/BUILD/transmission-4.0.6/x86_64-alt-linux'
gmake[2]: Leaving directory '/usr/src/RPM/BUILD/transmission-4.0.6/x86_64-alt-linux'
gmake[1]: *** [CMakeFiles/Makefile2:418: CMakeFiles/dht.dir/all] Error 2
gmake[1]: *** [CMakeFiles/Makefile2:418: CMakeFiles/dht.dir/all] Error 2
gmake[1]: *** Waiting for unfinished jobs....
gmake[1]: *** Waiting for unfinished jobs....
gmake[2]: Entering directory '/usr/src/RPM/BUILD/transmission-4.0.6/x86_64-alt-linux'
gmake[2]: Entering directory '/usr/src/RPM/BUILD/transmission-4.0.6/x86_64-alt-linux'
[ 13%] Generating transmission-gtk-fa.mo
[ 13%] Generating transmission-gtk-fa.mo
cd /usr/src/RPM/BUILD/transmission-4.0.6/po && /usr/bin/msgfmt --output-file=/usr/src/RPM/BUILD/transmission-4.0.6/x86_64-alt-linux/po/transmission-gtk-fa.mo fa.po
cd /usr/src/RPM/BUILD/transmission-4.0.6/po && /usr/bin/msgfmt --output-file=/usr/src/RPM/BUILD/transmission-4.0.6/x86_64-alt-linux/po/transmission-gtk-fa.mo fa.po
gmake[2]: Leaving directory '/usr/src/RPM/BUILD/transmission-4.0.6/x86_64-alt-linux'
gmake[2]: Leaving directory '/usr/src/RPM/BUILD/transmission-4.0.6/x86_64-alt-linux'
gmake[2]: Entering directory '/usr/src/RPM/BUILD/transmission-4.0.6/x86_64-alt-linux'
gmake[2]: Entering directory '/usr/src/RPM/BUILD/transmission-4.0.6/x86_64-alt-linux'
[ 13%] Generating transmission-gtk-fil.mo
[ 13%] Generating transmission-gtk-fil.mo
cd /usr/src/RPM/BUILD/transmission-4.0.6/po && /usr/bin/msgfmt --output-file=/usr/src/RPM/BUILD/transmission-4.0.6/x86_64-alt-linux/po/transmission-gtk-fil.mo fil.po
cd /usr/src/RPM/BUILD/transmission-4.0.6/po && /usr/bin/msgfmt --output-file=/usr/src/RPM/BUILD/transmission-4.0.6/x86_64-alt-linux/po/transmission-gtk-fil.mo fil.po
gmake[2]: Leaving directory '/usr/src/RPM/BUILD/transmission-4.0.6/x86_64-alt-linux'
gmake[2]: Entering directory '/usr/src/RPM/BUILD/transmission-4.0.6/x86_64-alt-linux'
gmake[2]: Entering directory '/usr/src/RPM/BUILD/transmission-4.0.6/x86_64-alt-linux'
[ 29%] Linking CXX static library libgtestall.a
cd /usr/src/RPM/BUILD/transmission-4.0.6/x86_64-alt-linux/tests/gtest && /usr/bin/cmake -P CMakeFiles/gtestall.dir/cmake_clean_target.cmake
cd /usr/src/RPM/BUILD/transmission-4.0.6/x86_64-alt-linux/tests/gtest && /usr/bin/cmake -P CMakeFiles/gtestall.dir/cmake_clean_target.cmake
cd /usr/src/RPM/BUILD/transmission-4.0.6/x86_64-alt-linux/tests/gtest && /usr/bin/cmake -E cmake_link_script CMakeFiles/gtestall.dir/link.txt --verbose=1
cd /usr/src/RPM/BUILD/transmission-4.0.6/x86_64-alt-linux/tests/gtest && /usr/bin/cmake -E cmake_link_script CMakeFiles/gtestall.dir/link.txt --verbose=1
/usr/bin/ar qc libgtestall.a "CMakeFiles/gtestall.dir/__/__/third-party/googletest/googletest/src/gtest-all.cc.o" "CMakeFiles/gtestall.dir/__/__/third-party/googletest/googletest/src/gtest_main.cc.o"
/usr/bin/ar qc libgtestall.a "CMakeFiles/gtestall.dir/__/__/third-party/googletest/googletest/src/gtest-all.cc.o" "CMakeFiles/gtestall.dir/__/__/third-party/googletest/googletest/src/gtest_main.cc.o"
/usr/bin/ranlib libgtestall.a
/usr/bin/ranlib libgtestall.a
gmake[2]: Leaving directory '/usr/src/RPM/BUILD/transmission-4.0.6/x86_64-alt-linux'
gmake[2]: Leaving directory '/usr/src/RPM/BUILD/transmission-4.0.6/x86_64-alt-linux'
gmake[1]: Entering directory '/usr/src/RPM/BUILD/transmission-4.0.6/x86_64-alt-linux'
gmake[1]: Entering directory '/usr/src/RPM/BUILD/transmission-4.0.6/x86_64-alt-linux'
[ 29%] Built target gtestall
[ 29%] Built target gtestall
gmake[1]: Leaving directory '/usr/src/RPM/BUILD/transmission-4.0.6/x86_64-alt-linux'
gmake[1]: Leaving directory '/usr/src/RPM/BUILD/transmission-4.0.6/x86_64-alt-linux'
gmake: *** [Makefile:166: all] Error 2
gmake: *** [Makefile:166: all] Error 2
gmake: *** [Makefile:166: all] Error 2



error: Bad exit status from /usr/src/tmp/rpm-tmp.30084 (%build)
error: Bad exit status from /usr/src/tmp/rpm-tmp.30084 (%build)
error: Bad exit status from /usr/src/tmp/rpm-tmp.30084 (%build)






RPM build errors:
RPM build errors:
RPM build errors:
    Bad exit status from /usr/src/tmp/rpm-tmp.30084 (%build)
    Bad exit status from /usr/src/tmp/rpm-tmp.30084 (%build)
    Bad exit status from /usr/src/tmp/rpm-tmp.30084 (%build)
Command exited with non-zero status 1
Command exited with non-zero status 1
Command exited with non-zero status 1
14.31user 9.48system 0:19.53elapsed 121%CPU (0avgtext+0avgdata 349904maxresident)k
14.31user 9.48system 0:19.53elapsed 121%CPU (0avgtext+0avgdata 349904maxresident)k
14.31user 9.48system 0:19.53elapsed 121%CPU (0avgtext+0avgdata 349904maxresident)k
0inputs+0outputs (0major+1446367minor)pagefaults 0swaps
0inputs+0outputs (0major+1446367minor)pagefaults 0swaps
0inputs+0outputs (0major+1446367minor)pagefaults 0swaps
hsh-rebuild: rebuild of `transmission-4.0.6-alt4.src.rpm' failed.
hsh-rebuild: rebuild of `transmission-4.0.6-alt4.src.rpm' failed.
hsh-rebuild: rebuild of `transmission-4.0.6-alt4.src.rpm' failed.
Command exited with non-zero status 1
Command exited with non-zero status 1
9.56user 5.79system 1:13.87elapsed 20%CPU (0avgtext+0avgdata 142140maxresident)k
9.56user 5.79system 1:13.87elapsed 20%CPU (0avgtext+0avgdata 142140maxresident)k
88inputs+0outputs (0major+414337minor)pagefaults 0swaps
