/usr/bin/cmake -E touch /usr/src/RPM/BUILD/wargus-3.3.2/x86_64-alt-linux/StormLib/src/StormLib-stamp/StormLib-update
gmake[2]: Leaving directory '/usr/src/RPM/BUILD/wargus-3.3.2/x86_64-alt-linux'
gmake[2]: Leaving directory '/usr/src/RPM/BUILD/wargus-3.3.2/x86_64-alt-linux'
gmake[2]: Entering directory '/usr/src/RPM/BUILD/wargus-3.3.2/x86_64-alt-linux'
gmake[2]: Entering directory '/usr/src/RPM/BUILD/wargus-3.3.2/x86_64-alt-linux'
[ 22%] No patch step for 'StormLib'
[ 22%] No patch step for 'StormLib'
/usr/bin/cmake -E echo_append
/usr/bin/cmake -E echo_append
/usr/bin/cmake -E touch /usr/src/RPM/BUILD/wargus-3.3.2/x86_64-alt-linux/StormLib/src/StormLib-stamp/StormLib-patch
/usr/bin/cmake -E touch /usr/src/RPM/BUILD/wargus-3.3.2/x86_64-alt-linux/StormLib/src/StormLib-stamp/StormLib-patch
gmake[2]: Leaving directory '/usr/src/RPM/BUILD/wargus-3.3.2/x86_64-alt-linux'
gmake[2]: Leaving directory '/usr/src/RPM/BUILD/wargus-3.3.2/x86_64-alt-linux'
gmake[2]: Entering directory '/usr/src/RPM/BUILD/wargus-3.3.2/x86_64-alt-linux'
gmake[2]: Entering directory '/usr/src/RPM/BUILD/wargus-3.3.2/x86_64-alt-linux'
[ 27%] Performing configure step for 'StormLib'
[ 27%] Performing configure step for 'StormLib'
cd /usr/src/RPM/BUILD/wargus-3.3.2/x86_64-alt-linux/StormLib/src/StormLib-build && /usr/bin/cmake -P /usr/src/RPM/BUILD/wargus-3.3.2/x86_64-alt-linux/StormLib/src/StormLib-stamp/StormLib-configure-.cmake
cd /usr/src/RPM/BUILD/wargus-3.3.2/x86_64-alt-linux/StormLib/src/StormLib-build && /usr/bin/cmake -P /usr/src/RPM/BUILD/wargus-3.3.2/x86_64-alt-linux/StormLib/src/StormLib-stamp/StormLib-configure-.cmake
CMake Error at /usr/src/RPM/BUILD/wargus-3.3.2/x86_64-alt-linux/StormLib/src/StormLib-stamp/StormLib-configure-.cmake:37 (message):
CMake Error at /usr/src/RPM/BUILD/wargus-3.3.2/x86_64-alt-linux/StormLib/src/StormLib-stamp/StormLib-configure-.cmake:37 (message):
  Command failed: 1
  Command failed: 1


   '/usr/bin/cmake' '-DSTORM_SKIP_INSTALL=ON' '-GUnix Makefiles' '-S' '/usr/src/RPM/BUILD/wargus-3.3.2/StormLib' '-B' '/usr/src/RPM/BUILD/wargus-3.3.2/x86_64-alt-linux/StormLib/src/StormLib-build'
   '/usr/bin/cmake' '-DSTORM_SKIP_INSTALL=ON' '-GUnix Makefiles' '-S' '/usr/src/RPM/BUILD/wargus-3.3.2/StormLib' '-B' '/usr/src/RPM/BUILD/wargus-3.3.2/x86_64-alt-linux/StormLib/src/StormLib-build'


  See also
  See also


    /usr/src/RPM/BUILD/wargus-3.3.2/x86_64-alt-linux/StormLib/Logs/StormLib-configure-*.log
    /usr/src/RPM/BUILD/wargus-3.3.2/x86_64-alt-linux/StormLib/Logs/StormLib-configure-*.log




-- stdout output is:
-- stdout output is:
Re-run cmake no build system arguments
-- stderr output is:
Problem opening /proc/meminfo
CMake Warning (dev) at CMakeLists.txt:1 (project):
  cmake_minimum_required() should be called prior to this top-level project()
  call.  Please see the cmake-commands(7) manual for usage documentation of
  both commands.
This warning is for project developers.  Use -Wno-dev to suppress it.

Problem opening /proc/meminfo
Problem opening /proc/meminfo
CMake Error at CMakeLists.txt:2 (cmake_minimum_required):
  Compatibility with CMake < 3.5 has been removed from CMake.
  Compatibility with CMake < 3.5 has been removed from CMake.


  Update the VERSION argument <min> value.  Or, use the <min>...<max> syntax
  Update the VERSION argument <min> value.  Or, use the <min>...<max> syntax
  to tell CMake that the project requires at least <min> but has been updated
  to tell CMake that the project requires at least <min> but has been updated
  to work with policies introduced by <max> or earlier.
  to work with policies introduced by <max> or earlier.
  to work with policies introduced by <max> or earlier.



  Or, add -DCMAKE_POLICY_VERSION_MINIMUM=3.5 to try configuring anyway.
  Or, add -DCMAKE_POLICY_VERSION_MINIMUM=3.5 to try configuring anyway.
  Or, add -DCMAKE_POLICY_VERSION_MINIMUM=3.5 to try configuring anyway.
  Or, add -DCMAKE_POLICY_VERSION_MINIMUM=3.5 to try configuring anyway.
















CMake Error at /usr/src/RPM/BUILD/wargus-3.3.2/x86_64-alt-linux/StormLib/src/StormLib-stamp/StormLib-configure-.cmake:47 (message):
CMake Error at /usr/src/RPM/BUILD/wargus-3.3.2/x86_64-alt-linux/StormLib/src/StormLib-stamp/StormLib-configure-.cmake:47 (message):
CMake Error at /usr/src/RPM/BUILD/wargus-3.3.2/x86_64-alt-linux/StormLib/src/StormLib-stamp/StormLib-configure-.cmake:47 (message):
CMake Error at /usr/src/RPM/BUILD/wargus-3.3.2/x86_64-alt-linux/StormLib/src/StormLib-stamp/StormLib-configure-.cmake:47 (message):
CMake Error at /usr/src/RPM/BUILD/wargus-3.3.2/x86_64-alt-linux/StormLib/src/StormLib-stamp/StormLib-configure-.cmake:47 (message):
  Stopping after outputting logs.
  Stopping after outputting logs.
  Stopping after outputting logs.
  Stopping after outputting logs.
  Stopping after outputting logs.










gmake[2]: *** [CMakeFiles/StormLib.dir/build.make:92: StormLib/src/StormLib-stamp/StormLib-configure] Error 1
gmake[2]: *** [CMakeFiles/StormLib.dir/build.make:92: StormLib/src/StormLib-stamp/StormLib-configure] Error 1
gmake[2]: *** [CMakeFiles/StormLib.dir/build.make:92: StormLib/src/StormLib-stamp/StormLib-configure] Error 1
gmake[2]: *** [CMakeFiles/StormLib.dir/build.make:92: StormLib/src/StormLib-stamp/StormLib-configure] Error 1
gmake[2]: *** [CMakeFiles/StormLib.dir/build.make:92: StormLib/src/StormLib-stamp/StormLib-configure] Error 1
gmake[2]: Leaving directory '/usr/src/RPM/BUILD/wargus-3.3.2/x86_64-alt-linux'
gmake[2]: Leaving directory '/usr/src/RPM/BUILD/wargus-3.3.2/x86_64-alt-linux'
gmake[2]: Leaving directory '/usr/src/RPM/BUILD/wargus-3.3.2/x86_64-alt-linux'
gmake[2]: Leaving directory '/usr/src/RPM/BUILD/wargus-3.3.2/x86_64-alt-linux'
gmake[2]: Leaving directory '/usr/src/RPM/BUILD/wargus-3.3.2/x86_64-alt-linux'
gmake[1]: *** [CMakeFiles/Makefile2:97: CMakeFiles/StormLib.dir/all] Error 2
gmake[1]: *** [CMakeFiles/Makefile2:97: CMakeFiles/StormLib.dir/all] Error 2
gmake[1]: *** [CMakeFiles/Makefile2:97: CMakeFiles/StormLib.dir/all] Error 2
gmake[1]: *** [CMakeFiles/Makefile2:97: CMakeFiles/StormLib.dir/all] Error 2
gmake[1]: *** [CMakeFiles/Makefile2:97: CMakeFiles/StormLib.dir/all] Error 2
gmake: *** [Makefile:136: all] Error 2
gmake: *** [Makefile:136: all] Error 2
gmake: *** [Makefile:136: all] Error 2
gmake: *** [Makefile:136: all] Error 2
gmake: *** [Makefile:136: all] Error 2
gmake: *** [Makefile:136: all] Error 2






error: Bad exit status from /usr/src/tmp/rpm-tmp.43132 (%build)
error: Bad exit status from /usr/src/tmp/rpm-tmp.43132 (%build)
error: Bad exit status from /usr/src/tmp/rpm-tmp.43132 (%build)
error: Bad exit status from /usr/src/tmp/rpm-tmp.43132 (%build)
error: Bad exit status from /usr/src/tmp/rpm-tmp.43132 (%build)
error: Bad exit status from /usr/src/tmp/rpm-tmp.43132 (%build)











RPM build errors:
RPM build errors:
RPM build errors:
RPM build errors:
RPM build errors:
    Bad exit status from /usr/src/tmp/rpm-tmp.43132 (%build)
    Bad exit status from /usr/src/tmp/rpm-tmp.43132 (%build)
    Bad exit status from /usr/src/tmp/rpm-tmp.43132 (%build)
    Bad exit status from /usr/src/tmp/rpm-tmp.43132 (%build)
    Bad exit status from /usr/src/tmp/rpm-tmp.43132 (%build)
Command exited with non-zero status 1
Command exited with non-zero status 1
Command exited with non-zero status 1
Command exited with non-zero status 1
Command exited with non-zero status 1
1.24user 0.73system 0:01.94elapsed 101%CPU (0avgtext+0avgdata 96104maxresident)k
1.24user 0.73system 0:01.94elapsed 101%CPU (0avgtext+0avgdata 96104maxresident)k
1.24user 0.73system 0:01.94elapsed 101%CPU (0avgtext+0avgdata 96104maxresident)k
1.24user 0.73system 0:01.94elapsed 101%CPU (0avgtext+0avgdata 96104maxresident)k
0inputs+0outputs (0major+146174minor)pagefaults 0swaps
0inputs+0outputs (0major+146174minor)pagefaults 0swaps
0inputs+0outputs (0major+146174minor)pagefaults 0swaps
0inputs+0outputs (0major+146174minor)pagefaults 0swaps
hsh-rebuild: rebuild of `wargus-3.3.2-alt1.src.rpm' failed.
hsh-rebuild: rebuild of `wargus-3.3.2-alt1.src.rpm' failed.
hsh-rebuild: rebuild of `wargus-3.3.2-alt1.src.rpm' failed.
Command exited with non-zero status 1
Command exited with non-zero status 1
4.67user 3.27system 0:32.67elapsed 24%CPU (0avgtext+0avgdata 141816maxresident)k
4.67user 3.27system 0:32.67elapsed 24%CPU (0avgtext+0avgdata 141816maxresident)k
53608inputs+0outputs (0major+321847minor)pagefaults 0swaps
