rm -rf components/fpspreadsheet/lib
rm -rf components/fpspreadsheet/source/common/lib
rm -rf components/fpspreadsheet/source/common/lib
rm -rf components/fpspreadsheet/source/visual/lib
rm -rf components/fpspreadsheet/source/visual/lib
rm -rf components/fpspreadsheet/source/visual/lib
rm -rf components/lape/package/lib
rm -rf components/lape/package/lib
rm -rf components/lape/package/lib
rm -rf components/zreaders/lib
rm -rf components/zreaders/lib
rm -rf components/zreaders/lib
rm -rf components/zreaders/lib
rm -rf components/fphunspell/lib
rm -rf components/fphunspell/lib
rm -rf components/fphunspell/lib
rm -rf components/fphunspell/lib
rm -rf simplecad/lib
rm -rf simplecad/lib
rm -rf simplecad/lib
rm -rf simplecad/lib
make[1]: Leaving directory '/usr/src/RPM/BUILD/zcad-0.9.16.2/cad_source'
make[1]: Leaving directory '/usr/src/RPM/BUILD/zcad-0.9.16.2/cad_source'
make[1]: Leaving directory '/usr/src/RPM/BUILD/zcad-0.9.16.2/cad_source'
make[1]: Leaving directory '/usr/src/RPM/BUILD/zcad-0.9.16.2/cad_source'
/usr/bin/lazbuild --pcp='~/.lazarus' --add-package cad_source/other/agraphlaz/lazarus/ag_graph.lpk
/usr/bin/lazbuild --pcp='~/.lazarus' --add-package cad_source/other/agraphlaz/lazarus/ag_graph.lpk
/usr/bin/lazbuild --pcp='~/.lazarus' --add-package cad_source/other/agraphlaz/lazarus/ag_graph.lpk
/usr/bin/lazbuild --pcp='~/.lazarus' --add-package cad_source/other/agraphlaz/lazarus/ag_graph.lpk
Hint: (lazbuild) Primary config path: "/usr/src/.lazarus"
Hint: (lazbuild) Primary config path: "/usr/src/.lazarus"
Hint: (lazbuild) Primary config path: "/usr/src/.lazarus"
Hint: (lazbuild) Primary config path: "/usr/src/.lazarus"
[TEnvironmentOptions.Load]  error reading "/usr/src/.lazarus/environmentoptions.xml": In 'file:///usr/src/.lazarus/environmentoptions.xml' (line 1 pos 1): Illegal at document level
[TEnvironmentOptions.Load]  error reading "/usr/src/.lazarus/environmentoptions.xml": In 'file:///usr/src/.lazarus/environmentoptions.xml' (line 1 pos 1): Illegal at document level
[TEnvironmentOptions.Load]  error reading "/usr/src/.lazarus/environmentoptions.xml": In 'file:///usr/src/.lazarus/environmentoptions.xml' (line 1 pos 1): Illegal at document level
[TEnvironmentOptions.Load]  error reading "/usr/src/.lazarus/environmentoptions.xml": In 'file:///usr/src/.lazarus/environmentoptions.xml' (line 1 pos 1): Illegal at document level
Error: (lazbuild) Invalid Lazarus directory "": directory lcl not found
Error: (lazbuild) Invalid Lazarus directory "": directory lcl not found
Error: (lazbuild) Invalid Lazarus directory "": directory lcl not found
Error: (lazbuild) Invalid Lazarus directory "": directory lcl not found
make: *** [Makefile:254: installpkgstolaz] Error 7
make: *** [Makefile:254: installpkgstolaz] Error 7
make: *** [Makefile:254: installpkgstolaz] Error 7
make: *** [Makefile:254: installpkgstolaz] Error 7
make: *** [Makefile:254: installpkgstolaz] Error 7
make: Leaving directory '/usr/src/RPM/BUILD/zcad-0.9.16.2'
make: Leaving directory '/usr/src/RPM/BUILD/zcad-0.9.16.2'
make: Leaving directory '/usr/src/RPM/BUILD/zcad-0.9.16.2'
make: Leaving directory '/usr/src/RPM/BUILD/zcad-0.9.16.2'
make: Leaving directory '/usr/src/RPM/BUILD/zcad-0.9.16.2'
error: Bad exit status from /usr/src/tmp/rpm-tmp.13874 (%build)
error: Bad exit status from /usr/src/tmp/rpm-tmp.13874 (%build)
error: Bad exit status from /usr/src/tmp/rpm-tmp.13874 (%build)
error: Bad exit status from /usr/src/tmp/rpm-tmp.13874 (%build)
error: Bad exit status from /usr/src/tmp/rpm-tmp.13874 (%build)










RPM build errors:
RPM build errors:
RPM build errors:
RPM build errors:
RPM build errors:
    Bad exit status from /usr/src/tmp/rpm-tmp.13874 (%build)
    Bad exit status from /usr/src/tmp/rpm-tmp.13874 (%build)
    Bad exit status from /usr/src/tmp/rpm-tmp.13874 (%build)
    Bad exit status from /usr/src/tmp/rpm-tmp.13874 (%build)
    Bad exit status from /usr/src/tmp/rpm-tmp.13874 (%build)
Command exited with non-zero status 1
Command exited with non-zero status 1
Command exited with non-zero status 1
Command exited with non-zero status 1
Command exited with non-zero status 1
4.05user 1.96system 0:06.90elapsed 87%CPU (0avgtext+0avgdata 18560maxresident)k
4.05user 1.96system 0:06.90elapsed 87%CPU (0avgtext+0avgdata 18560maxresident)k
4.05user 1.96system 0:06.90elapsed 87%CPU (0avgtext+0avgdata 18560maxresident)k
4.05user 1.96system 0:06.90elapsed 87%CPU (0avgtext+0avgdata 18560maxresident)k
4.05user 1.96system 0:06.90elapsed 87%CPU (0avgtext+0avgdata 18560maxresident)k
0inputs+0outputs (0major+151104minor)pagefaults 0swaps
0inputs+0outputs (0major+151104minor)pagefaults 0swaps
0inputs+0outputs (0major+151104minor)pagefaults 0swaps
0inputs+0outputs (0major+151104minor)pagefaults 0swaps
hsh-rebuild: rebuild of `zcad-0.9.16.2-alt1.src.rpm' failed.
hsh-rebuild: rebuild of `zcad-0.9.16.2-alt1.src.rpm' failed.
hsh-rebuild: rebuild of `zcad-0.9.16.2-alt1.src.rpm' failed.
Command exited with non-zero status 1
Command exited with non-zero status 1
9.05user 4.67system 1:04.19elapsed 21%CPU (0avgtext+0avgdata 142104maxresident)k
9.05user 4.67system 1:04.19elapsed 21%CPU (0avgtext+0avgdata 142104maxresident)k
1016inputs+0outputs (0major+314785minor)pagefaults 0swaps
