<86>May 16 01:53:50 userdel[3529867]: delete user 'rooter'
<86>May 16 01:53:50 userdel[3529867]: removed group 'rooter' owned by 'rooter'
<86>May 16 01:53:50 userdel[3529867]: removed shadow group 'rooter' owned by 'rooter'
<86>May 16 01:53:50 groupadd[3529943]: group added to /etc/group: name=rooter, GID=1805
<86>May 16 01:53:50 groupadd[3529943]: group added to /etc/gshadow: name=rooter
<86>May 16 01:53:50 groupadd[3529943]: new group: name=rooter, GID=1805
<86>May 16 01:53:50 useradd[3529992]: new user: name=rooter, UID=1805, GID=1805, home=/root, shell=/bin/bash, from=none
<86>May 16 01:53:50 userdel[3530078]: delete user 'builder'
<86>May 16 01:53:50 userdel[3530078]: removed group 'builder' owned by 'builder'
<86>May 16 01:53:50 userdel[3530078]: removed shadow group 'builder' owned by 'builder'
<86>May 16 01:53:50 groupadd[3530143]: group added to /etc/group: name=builder, GID=1806
<86>May 16 01:53:50 groupadd[3530143]: group added to /etc/gshadow: name=builder
<86>May 16 01:53:50 groupadd[3530143]: new group: name=builder, GID=1806
<86>May 16 01:53:50 useradd[3530189]: new user: name=builder, UID=1806, GID=1806, home=/usr/src, shell=/bin/bash, from=none
warning: Macro %cmake_insource not found
<13>May 16 01:53:55 rpmi: libboost_system1.86.0-1:1.86.0-alt2 sisyphus+375553.1040.4.1 1740170417 installed
<13>May 16 01:53:55 rpmi: libidn2-2.3.7-alt1 sisyphus+339505.100.1.2 1706718968 installed
<13>May 16 01:53:55 rpmi: libnettle8-3.10.1-alt1 sisyphus+372008.100.1.1 1738078259 installed
<13>May 16 01:53:55 rpmi: libp11-kit-1:0.25.5-alt1 sisyphus+352553.100.1.1 1720622573 installed
<13>May 16 01:53:55 rpmi: libtasn1-4.20.0-alt2 sisyphus+375829.100.1.1 1740299335 installed
<13>May 16 01:53:55 rpmi: libquadmath0-14.2.1-alt1 sisyphus+360995.100.1.1 1730131018 installed
<13>May 16 01:53:55 rpmi: libquadmath14-devel-14.2.1-alt1 sisyphus+360995.100.1.1 1730131018 installed
<13>May 16 01:53:55 rpmi: libquadmath-devel-14-alt1 sisyphus+360995.300.1.1 1730139222 installed
<13>May 16 01:53:55 rpmi: libboost_charconv1.86.0-1:1.86.0-alt2 sisyphus+375553.1040.4.1 1740170417 installed
<13>May 16 01:53:55 rpmi: libhogweed6-3.10.1-alt1 sisyphus+372008.100.1.1 1738078259 installed
<13>May 16 01:53:55 rpmi: libgnutls30-3.8.9-alt1 sisyphus+380042.200.2.1 1743618110 installed
<13>May 16 01:53:55 rpmi: libngtcp2.16-1.12.0-alt1 sisyphus+382655.200.1.1 1745743462 installed
<13>May 16 01:53:55 rpmi: libngtcp2_crypto_gnutls8-1.12.0-alt1 sisyphus+382655.200.1.1 1745743462 installed
<13>May 16 01:53:55 rpmi: libboost_atomic1.86.0-1:1.86.0-alt2 sisyphus+375553.1040.4.1 1740170417 installed
<13>May 16 01:53:55 rpmi: libboost_contract1.86.0-1:1.86.0-alt2 sisyphus+375553.1040.4.1 1740170417 installed
<13>May 16 01:53:55 rpmi: libboost_filesystem1.86.0-1:1.86.0-alt2 sisyphus+375553.1040.4.1 1740170417 installed
<13>May 16 01:53:55 rpmi: libboost_process1.86.0-1:1.86.0-alt2 sisyphus+375553.1040.4.1 1740170417 installed
<13>May 16 01:53:55 rpmi: libboost_chrono1.86.0-1:1.86.0-alt2 sisyphus+375553.1040.4.1 1740170417 installed
<13>May 16 01:53:55 rpmi: libboost_timer1.86.0-1:1.86.0-alt2 sisyphus+375553.1040.4.1 1740170417 installed
<13>May 16 01:53:55 rpmi: libboost_thread1.86.0-1:1.86.0-alt2 sisyphus+375553.1040.4.1 1740170417 installed
<13>May 16 01:53:55 rpmi: libboost_type_erasure1.86.0-1:1.86.0-alt2 sisyphus+375553.1040.4.1 1740170417 installed
<13>May 16 01:53:55 rpmi: libboost_program_options1.86.0-1:1.86.0-alt2 sisyphus+375553.1040.4.1 1740170417 installed
<13>May 16 01:53:55 rpmi: gcc-c++-common-1.4.28-alt1 sisyphus+348678.100.1.1 1716396142 installed
<13>May 16 01:53:56 rpmi: libstdc++14-devel-14.2.1-alt1 sisyphus+360995.100.1.1 1730131018 installed
<13>May 16 01:53:56 rpmi: gcc14-c++-14.2.1-alt1 sisyphus+360995.100.1.1 1730131018 installed
<13>May 16 01:53:57 rpmi: cmake-modules-4.0.1-alt1 sisyphus+382689.100.1.1 1745786887 installed
<13>May 16 01:53:57 rpmi: libuv-1.50.0-alt1 sisyphus+377760.100.1.1 1741795923 installed
<13>May 16 01:53:57 rpmi: librhash-1.3.5-alt3 sisyphus+286141.40.2.1 1632982456 installed
<13>May 16 01:53:57 rpmi: libjsoncpp24-1.9.4-alt2 sisyphus+346331.200.2.1 1716448551 installed
<13>May 16 01:53:57 rpmi: libexpat-2.7.1-alt1 sisyphus+379929.100.1.1 1743519381 installed
<13>May 16 01:53:57 rpmi: publicsuffix-list-dafsa-20250416-alt1 sisyphus+381887.100.1.1 1744900874 installed
<13>May 16 01:53:57 rpmi: libpsl-0.21.5-alt1 sisyphus+338474.100.1.1 1705684769 installed
<13>May 16 01:53:57 rpmi: libnghttp3.9-1.9.0-alt1 sisyphus+382655.100.1.1 1745743397 installed
<13>May 16 01:53:57 rpmi: libnghttp2-1.65.0-alt1 sisyphus+377060.100.1.1 1741259309 installed
<13>May 16 01:53:57 rpmi: openldap-common-2.6.9-alt2 sisyphus+367501.300.4.1 1735841751 installed
<13>May 16 01:53:57 rpmi: libntlm-1.5-alt2 sisyphus+379810.500.4.1 1743501147 installed
<13>May 16 01:53:57 rpmi: libidn-1.37-alt2 sisyphus+300849.100.1.1 1653769687 installed
<13>May 16 01:53:57 rpmi: libverto-0.3.2-alt1_1 sisyphus+321176.2200.10.2 1684803947 installed
<13>May 16 01:53:57 rpmi: liblmdb-0.9.33-alt1 sisyphus+360625.100.1.1 1729819640 installed
<13>May 16 01:53:57 rpmi: libkeyutils-1.6.3-alt1 sisyphus+346336.200.2.2 1716472658 installed
<13>May 16 01:53:57 rpmi: libcom_err-1.47.1.0.10.ad56-alt2 sisyphus+363497.200.3.1 1732729908 installed
<13>May 16 01:53:57 rpmi: libbrotlicommon-1.1.0-alt1 sisyphus+328501.100.1.1 1693598419 installed
<13>May 16 01:53:57 rpmi: libbrotlidec-1.1.0-alt1 sisyphus+328501.100.1.1 1693598419 installed
<13>May 16 01:53:57 rpmi: openssl-config-3.2.0-alt1 sisyphus+366659.140.4.1 1736956949 installed
<13>May 16 01:53:57 rpmi: rpm-macros-cmake-4.0.0-alt1 sisyphus+380707.100.1.1 1744023402 installed
<13>May 16 01:53:57 rpmi: libboost_context1.86.0-1:1.86.0-alt2 sisyphus+375553.1040.4.1 1740170417 installed
<13>May 16 01:53:57 rpmi: libboost_fiber1.86.0-1:1.86.0-alt2 sisyphus+375553.1040.4.1 1740170417 installed
<13>May 16 01:53:57 rpmi: libboost_stacktrace1.86.0-1:1.86.0-alt2 sisyphus+375553.1040.4.1 1740170417 installed
<13>May 16 01:53:57 rpmi: libboost_nowide1.86.0-1:1.86.0-alt2 sisyphus+375553.1040.4.1 1740170417 installed
<13>May 16 01:53:57 rpmi: libboost_url1.86.0-1:1.86.0-alt2 sisyphus+375553.1040.4.1 1740170417 installed
<13>May 16 01:53:57 rpmi: libboost_test1.86.0-1:1.86.0-alt2 sisyphus+375553.1040.4.1 1740170417 installed
<13>May 16 01:53:57 rpmi: libboost_serialization1.86.0-1:1.86.0-alt2 sisyphus+375553.1040.4.1 1740170417 installed
<13>May 16 01:53:57 rpmi: libboost_random1.86.0-1:1.86.0-alt2 sisyphus+375553.1040.4.1 1740170417 installed
<13>May 16 01:53:57 rpmi: libboost_iostreams1.86.0-1:1.86.0-alt2 sisyphus+375553.1040.4.1 1740170417 installed
<13>May 16 01:53:57 rpmi: libboost_json1.86.0-1:1.86.0-alt2 sisyphus+375553.1040.4.1 1740170417 installed
<13>May 16 01:53:57 rpmi: libboost_regex1.86.0-1:1.86.0-alt2 sisyphus+375553.1040.4.1 1740170417 installed
<13>May 16 01:53:57 rpmi: libboost_graph1.86.0-1:1.86.0-alt2 sisyphus+375553.1040.4.1 1740170417 installed
<13>May 16 01:53:57 rpmi: libboost_date_time1.86.0-1:1.86.0-alt2 sisyphus+375553.1040.4.1 1740170417 installed
<13>May 16 01:53:57 rpmi: libboost_container1.86.0-1:1.86.0-alt2 sisyphus+375553.1040.4.1 1740170417 installed
<13>May 16 01:53:58 rpmi: boost-devel-headers-1:1.86.0-alt2 sisyphus+375553.1040.4.1 1740170417 installed
<13>May 16 01:53:58 rpmi: boost-devel-1:1.86.0-alt2 sisyphus+375553.1040.4.1 1740170417 installed
<13>May 16 01:53:58 rpmi: rpm-macros-alternatives-0.5.3-alt1 sisyphus+371878.100.1.1 1737988822 installed
<13>May 16 01:53:58 rpmi: alternatives-0.5.3-alt1 sisyphus+371878.100.1.1 1737988822 installed
<13>May 16 01:53:58 rpmi: ca-certificates-2025.05.12-alt1 sisyphus+383903.200.2.1 1747060316 installed
<13>May 16 01:53:58 rpmi: ca-trust-0.2.0-alt1 sisyphus+344843.100.1.1 1712743326 installed
<13>May 16 01:53:58 rpmi: p11-kit-trust-1:0.25.5-alt1 sisyphus+352553.100.1.1 1720622573 installed
<13>May 16 01:53:58 rpmi: libcrypto3-3.3.3-alt1 sisyphus+374381.40.2.1 1739299401 installed
<13>May 16 01:53:58 rpmi: libssl3-3.3.3-alt1 sisyphus+374381.40.2.1 1739299401 installed
<86>May 16 01:53:58 groupadd[3571436]: group added to /etc/group: name=_keytab, GID=999
<86>May 16 01:53:58 groupadd[3571436]: group added to /etc/gshadow: name=_keytab
<86>May 16 01:53:58 groupadd[3571436]: new group: name=_keytab, GID=999
<13>May 16 01:53:58 rpmi: libkrb5-1.21.3-alt2 sisyphus+351857.100.1.1 1719735141 installed
<13>May 16 01:53:58 rpmi: libgsasl18-2.2.1-alt2 sisyphus+359713.200.2.1 1728905430 installed
<86>May 16 01:53:58 groupadd[3571714]: group added to /etc/group: name=sasl, GID=998
<86>May 16 01:53:58 groupadd[3571714]: group added to /etc/gshadow: name=sasl
<86>May 16 01:53:58 groupadd[3571714]: new group: name=sasl, GID=998
<13>May 16 01:53:58 rpmi: libsasl2-3-2.1.28-alt2.1 sisyphus+367419.100.1.1 1735482560 installed
<13>May 16 01:53:58 rpmi: libldap2-2.6.9-alt2 sisyphus+367501.300.4.1 1735841751 installed
<13>May 16 01:53:58 rpmi: libarchive13-3.7.9-alt1 sisyphus+384117.200.2.1 1747222433 installed
<13>May 16 01:53:58 rpmi: libssh2-1.11.0-alt2 sisyphus+339356.100.1.1 1706593137 installed
<13>May 16 01:53:58 rpmi: libcurl-8.13.0-alt1 sisyphus+380015.100.1.1 1743595100 installed
<13>May 16 01:53:59 rpmi: cmake-4.0.1-alt1 sisyphus+382689.100.1.1 1745786887 installed
<13>May 16 01:53:59 rpmi: boost-filesystem-devel-1:1.86.0-alt2 sisyphus+375553.1040.4.1 1740170417 installed
<13>May 16 01:53:59 rpmi: boost-program_options-devel-1:1.86.0-alt2 sisyphus+375553.1040.4.1 1740170417 installed
<13>May 16 01:53:59 rpmi: gcc-c++-14-alt1 sisyphus+360995.300.1.1 1730139222 installed
<13>May 16 01:53:59 rpmi: liblzma-devel-5.4.5-alt1 sisyphus+338177.300.3.1 1707490235 installed
Building target platforms: x86_64
Building for target x86_64
Wrote: /usr/src/in/nosrpm/innoextract-1.9-alt1.1.nosrc.rpm (w1.gzdio)
Installing innoextract-1.9-alt1.1.src.rpm
Building target platforms: x86_64
Building for target x86_64
Executing(%prep): /bin/sh -e /usr/src/tmp/rpm-tmp.69309
+ umask 022
+ /bin/mkdir -p /usr/src/RPM/BUILD
+ cd /usr/src/RPM/BUILD
+ cd /usr/src/RPM/BUILD
+ rm -rf innoextract-1.9
+ echo 'Source #0 (innoextract-1.9.tar):'
Source #0 (innoextract-1.9.tar):
+ /bin/tar -xf /usr/src/RPM/SOURCES/innoextract-1.9.tar
+ cd innoextract-1.9
+ /bin/chmod -c -Rf u+rwX,go-w .
+ echo 'Patch #1 (innoextract-1.9-alt-boost-1.85.0-compat.patch):'
Patch #1 (innoextract-1.9-alt-boost-1.85.0-compat.patch):
+ /usr/bin/patch -p1
patching file src/stream/slice.cpp
+ exit 0
Executing(%build): /bin/sh -e /usr/src/tmp/rpm-tmp.69309
+ umask 022
+ /bin/mkdir -p /usr/src/RPM/BUILD
+ cd /usr/src/RPM/BUILD
+ cd innoextract-1.9
+ mkdir -p .
+ cmake -DCMAKE_POLICY_VERSION_MINIMUM=3.5 -DCMAKE_SKIP_INSTALL_RPATH:BOOL=yes '-DCMAKE_C_FLAGS:STRING=-pipe -frecord-gcc-switches -Wall -g -O2 -flto=auto' '-DCMAKE_CXX_FLAGS:STRING=-pipe -frecord-gcc-switches -Wall -g -O2 -flto=auto' '-DCMAKE_Fortran_FLAGS:STRING=-pipe -frecord-gcc-switches -Wall -g -O2 -flto=auto' -DCMAKE_INSTALL_PREFIX=/usr -DINCLUDE_INSTALL_DIR:PATH=/usr/include -DLIB_INSTALL_DIR:PATH=/usr/lib64 -DSYSCONF_INSTALL_DIR:PATH=/etc -DSHARE_INSTALL_PREFIX:PATH=/usr/share -DLIB_DESTINATION=lib64 -DLIB_SUFFIX=64 -S . -B .
Problem opening /proc/meminfo
-- The C compiler identification is GNU 14.2.1
-- The CXX compiler identification is GNU 14.2.1
-- Detecting C compiler ABI info
Problem opening /proc/meminfo
-- Detecting C compiler ABI info - done
-- Check for working C compiler: /usr/bin/cc - skipped
-- Detecting C compile features
-- Detecting C compile features - done
-- Detecting CXX compiler ABI info
Problem opening /proc/meminfo
-- Detecting CXX compiler ABI info - done
-- Check for working CXX compiler: /usr/bin/c++ - skipped
-- Detecting CXX compile features
-- Detecting CXX compile features - done
-- Looking for _LIBCPP_VERSION
Problem opening /proc/meminfo
-- Looking for _LIBCPP_VERSION - not found
Problem opening /proc/meminfo
-- Checking linker flag: -fuse-ld=gold
Problem opening /proc/meminfo
-- Checking compiler flag: -flto
Problem opening /proc/meminfo
-- Checking linker flag: -fuse-linker-plugin
Problem opening /proc/meminfo
-- Checking linker flag: -Wl,--gc-sections
Problem opening /proc/meminfo
-- Checking linker flag: -Wl,--icf=all
Problem opening /proc/meminfo
-- Checking compiler flag: -fmerge-all-constants
Problem opening /proc/meminfo
-- Checking compiler flag: -Wall
Problem opening /proc/meminfo
-- Checking compiler flag: -Wextra
Problem opening /proc/meminfo
-- Checking compiler flag: -Warray-bounds=2
Problem opening /proc/meminfo
-- Checking compiler flag: -Wbool-conversions - unsupported
Problem opening /proc/meminfo
-- Checking compiler flag: -Wcast-qual
Problem opening /proc/meminfo
-- Checking compiler flag: -Wcatch-value=3
Problem opening /proc/meminfo
-- Checking compiler flag: -Wconversion
Problem opening /proc/meminfo
-- Checking compiler flag: -Wdocumentation - unsupported
Problem opening /proc/meminfo
-- Checking compiler flag: -Wdouble-promotion
Problem opening /proc/meminfo
-- Checking compiler flag: -Wduplicated-cond
Problem opening /proc/meminfo
-- Checking compiler flag: -Wextra-semi
Problem opening /proc/meminfo
-- Checking compiler flag: -Wformat=2
Problem opening /proc/meminfo
-- Checking compiler flag: -Wheader-guard - unsupported
Problem opening /proc/meminfo
-- Checking compiler flag: -Winit-self
Problem opening /proc/meminfo
-- Checking compiler flag: -Wkeyword-macro - unsupported
Problem opening /proc/meminfo
-- Checking compiler flag: -Wliteral-conversion - unsupported
Problem opening /proc/meminfo
-- Checking compiler flag: -Wlogical-op
Problem opening /proc/meminfo
-- Checking compiler flag: -Wmissing-declarations
Problem opening /proc/meminfo
-- Checking compiler flag: -Wnoexcept
Problem opening /proc/meminfo
-- Checking compiler flag: -Woverflow
Problem opening /proc/meminfo
-- Checking compiler flag: -Woverloaded-virtual
Problem opening /proc/meminfo
-- Checking compiler flag: -Wpessimizing-move
Problem opening /proc/meminfo
-- Checking compiler flag: -Wpointer-arith
Problem opening /proc/meminfo
-- Checking compiler flag: -Wredundant-decls
Problem opening /proc/meminfo
-- Checking compiler flag: -Wreserved-id-macro - unsupported
Problem opening /proc/meminfo
-- Checking compiler flag: -Wshift-overflow
Problem opening /proc/meminfo
-- Checking compiler flag: -Wsign-conversion
Problem opening /proc/meminfo
-- Checking compiler flag: -Wstrict-null-sentinel
Problem opening /proc/meminfo
-- Checking compiler flag: -Wstringop-overflow=4
Problem opening /proc/meminfo
-- Checking compiler flag: -Wundef
Problem opening /proc/meminfo
-- Checking compiler flag: -Wunused-const-variable=1
Problem opening /proc/meminfo
-- Checking compiler flag: -Wunused-macros
Problem opening /proc/meminfo
-- Checking compiler flag: -Wvla
Problem opening /proc/meminfo
-- Checking compiler flag: -Wold-style-cast
Problem opening /proc/meminfo
-- Checking compiler flag: -Wshadow
Problem opening /proc/meminfo
-- Checking linker flag: -Wl,--no-undefined
Problem opening /proc/meminfo
-- Checking compiler flag: -Wmaybe-uninitialized
Problem opening /proc/meminfo
-- Checking compiler flag: -Wno-maybe-uninitialized
Problem opening /proc/meminfo
-- Checking linker flag: -Wl,--as-needed
Problem opening /proc/meminfo
-- Checking compiler flag: -ffast-math
-- Could NOT find Doxygen (missing: DOXYGEN_EXECUTABLE) 
CMake Warning (dev) at cmake/StyleCheck.cmake:20 (find_package):
  Policy CMP0148 is not set: The FindPythonInterp and FindPythonLibs modules
  are removed.  Run "cmake --help-policy CMP0148" for policy details.  Use
  the cmake_policy command to set the policy and suppress this warning.

Call Stack (most recent call first):
  CMakeLists.txt:116 (include)
This warning is for project developers.  Use -Wno-dev to suppress it.

-- Could NOT find PythonInterp (missing: PYTHON_EXECUTABLE) 
-- Checking for module 'liblzma'
--   Found liblzma, version 5.4.5
-- Found LZMA: /usr/lib64/liblzma.so
CMake Warning (dev) at CMakeLists.txt:154 (find_package):
  Policy CMP0167 is not set: The FindBoost module is removed.  Run "cmake
  --help-policy CMP0167" for policy details.  Use the cmake_policy command to
  set the policy and suppress this warning.

This warning is for project developers.  Use -Wno-dev to suppress it.

-- Found Boost: /usr/lib64/cmake/Boost-1.86.0/BoostConfig.cmake (found version "1.86.0") found components: iostreams filesystem date_time system program_options
-- Found iconv: /usr/include
Problem opening /proc/meminfo
-- Checking compiler flag: -std=c++17
Problem opening /proc/meminfo
-- Checking compiler flag: -pedantic
Problem opening /proc/meminfo
-- Checking C++11 feature: alignof
Problem opening /proc/meminfo
-- Checking C++11 feature: std::unique_ptr
Problem opening /proc/meminfo
-- Checking compiler flag: -fvisibility=hidden
Problem opening /proc/meminfo
-- Checking compiler flag: -fvisibility-inlines-hidden
-- Looking for __GLIBC__
Problem opening /proc/meminfo
-- Looking for __GLIBC__ - found
-- Looking for isatty
Problem opening /proc/meminfo
-- Looking for isatty - found
-- Looking for ioctl
Problem opening /proc/meminfo
-- Looking for ioctl - found
-- Looking for timegm
Problem opening /proc/meminfo
-- Looking for timegm - found
-- Looking for gmtime_r
Problem opening /proc/meminfo
-- Looking for gmtime_r - found
-- Looking for AT_FDCWD
Problem opening /proc/meminfo
-- Looking for AT_FDCWD - found
-- Looking for utimensat
Problem opening /proc/meminfo
-- Looking for utimensat - found
-- Looking for posix_spawnp
Problem opening /proc/meminfo
-- Looking for posix_spawnp - found
-- Looking for environ
Problem opening /proc/meminfo
-- Looking for environ - found
-- Looking for waitpid
Problem opening /proc/meminfo
-- Looking for waitpid - found
Problem opening /proc/meminfo
-- Checking compiler builtin: __builtin_bswap16
Problem opening /proc/meminfo
-- Checking compiler builtin: __builtin_bswap32
Problem opening /proc/meminfo
-- Checking compiler builtin: __builtin_bswap64

Configuration:
 - Build type: Release
 - ARC4 decryption: enabled
 - LZMA decompression: enabled
 - File time precision: nanoseconds
 - Charset conversion: iconv, builtin

-- Configuring done (6.4s)
-- Generating done (0.0s)
CMake Warning:
  Manually-specified variables were not used by the project:

    CMAKE_Fortran_FLAGS
    INCLUDE_INSTALL_DIR
    LIB_DESTINATION
    LIB_INSTALL_DIR
    LIB_SUFFIX
    SHARE_INSTALL_PREFIX
    SYSCONF_INSTALL_DIR


-- Build files have been written to: /usr/src/RPM/BUILD/innoextract-1.9
+ make -j16 VERBOSE=1
make: Entering directory '/usr/src/RPM/BUILD/innoextract-1.9'
/usr/bin/cmake -S/usr/src/RPM/BUILD/innoextract-1.9 -B/usr/src/RPM/BUILD/innoextract-1.9 --check-build-system CMakeFiles/Makefile.cmake 0
make: Leaving directory '/usr/src/RPM/BUILD/innoextract-1.9'
make: Entering directory '/usr/src/RPM/BUILD/innoextract-1.9'
/usr/bin/cmake -E cmake_progress_start /usr/src/RPM/BUILD/innoextract-1.9/CMakeFiles /usr/src/RPM/BUILD/innoextract-1.9//CMakeFiles/progress.marks
make: Leaving directory '/usr/src/RPM/BUILD/innoextract-1.9'
make  -f CMakeFiles/Makefile2 all
make  -f CMakeFiles/manpage.dir/build.make CMakeFiles/manpage.dir/depend
make  -f CMakeFiles/innoextract.dir/build.make CMakeFiles/innoextract.dir/depend
make[2]: Entering directory '/usr/src/RPM/BUILD/innoextract-1.9'
cd /usr/src/RPM/BUILD/innoextract-1.9 && /usr/bin/cmake -E cmake_depends "Unix Makefiles" /usr/src/RPM/BUILD/innoextract-1.9 /usr/src/RPM/BUILD/innoextract-1.9 /usr/src/RPM/BUILD/innoextract-1.9 /usr/src/RPM/BUILD/innoextract-1.9 /usr/src/RPM/BUILD/innoextract-1.9/CMakeFiles/manpage.dir/DependInfo.cmake "--color="
make[2]: Leaving directory '/usr/src/RPM/BUILD/innoextract-1.9'
make  -f CMakeFiles/manpage.dir/build.make CMakeFiles/manpage.dir/build
make[2]: Entering directory '/usr/src/RPM/BUILD/innoextract-1.9'
/usr/bin/cmake -DINPUT=/usr/src/RPM/BUILD/innoextract-1.9/src/release.cpp.in -DOUTPUT=/usr/src/RPM/BUILD/innoextract-1.9/release.cpp "-DVERSION_SOURCES=VERSION;/usr/src/RPM/BUILD/innoextract-1.9/VERSION;LICENSE;/usr/src/RPM/BUILD/innoextract-1.9/LICENSE" -DGIT_DIR= -DGIT_COMMAND= -P /usr/src/RPM/BUILD/innoextract-1.9/cmake/VersionScript.cmake
CMake Error at cmake/VersionScript.cmake:20 (cmake_minimum_required):
  Compatibility with CMake < 3.5 has been removed from CMake.

  Update the VERSION argument <min> value.  Or, use the <min>...<max> syntax
  to tell CMake that the project requires at least <min> but has been updated
  to work with policies introduced by <max> or earlier.

  Or, add -DCMAKE_POLICY_VERSION_MINIMUM=3.5 to try configuring anyway.


make[2]: *** [CMakeFiles/innoextract.dir/build.make:76: release.cpp] Error 1
make[2]: Leaving directory '/usr/src/RPM/BUILD/innoextract-1.9'
make[1]: *** [CMakeFiles/Makefile2:121: CMakeFiles/innoextract.dir/all] Error 2
make[1]: *** Waiting for unfinished jobs....
make[2]: Entering directory '/usr/src/RPM/BUILD/innoextract-1.9'
/usr/bin/cmake -DINPUT=/usr/src/RPM/BUILD/innoextract-1.9/doc/innoextract.1.in -DOUTPUT=/usr/src/RPM/BUILD/innoextract-1.9/innoextract.1 "-DVERSION_SOURCES=VERSION;/usr/src/RPM/BUILD/innoextract-1.9/VERSION;CHANGELOG;/usr/src/RPM/BUILD/innoextract-1.9/CHANGELOG" -DGIT_DIR= -DGIT_COMMAND= -P /usr/src/RPM/BUILD/innoextract-1.9/cmake/VersionScript.cmake
CMake Error at cmake/VersionScript.cmake:20 (cmake_minimum_required):
  Compatibility with CMake < 3.5 has been removed from CMake.

  Update the VERSION argument <min> value.  Or, use the <min>...<max> syntax
  to tell CMake that the project requires at least <min> but has been updated
  to work with policies introduced by <max> or earlier.

  Or, add -DCMAKE_POLICY_VERSION_MINIMUM=3.5 to try configuring anyway.


make[2]: *** [CMakeFiles/manpage.dir/build.make:75: innoextract.1] Error 1
make[2]: Leaving directory '/usr/src/RPM/BUILD/innoextract-1.9'
make[1]: *** [CMakeFiles/Makefile2:90: CMakeFiles/manpage.dir/all] Error 2
make: *** [Makefile:136: all] Error 2
error: Bad exit status from /usr/src/tmp/rpm-tmp.69309 (%build)


RPM build errors:
    Bad exit status from /usr/src/tmp/rpm-tmp.69309 (%build)
Command exited with non-zero status 1
2.82user 4.01system 0:06.48elapsed 105%CPU (0avgtext+0avgdata 47400maxresident)k
0inputs+0outputs (0major+808137minor)pagefaults 0swaps
hsh-rebuild: rebuild of `innoextract-1.9-alt1.1.src.rpm' failed.
Command exited with non-zero status 1
3.83user 2.92system 0:20.66elapsed 32%CPU (0avgtext+0avgdata 142424maxresident)k
20960inputs+0outputs (0major+236326minor)pagefaults 0swaps
