<86>May 16 02:11:40 userdel[3554841]: delete user 'rooter'
<86>May 16 02:11:40 userdel[3554841]: removed group 'rooter' owned by 'rooter'
<86>May 16 02:11:40 userdel[3554841]: removed shadow group 'rooter' owned by 'rooter'
<86>May 16 02:11:40 groupadd[3554919]: group added to /etc/group: name=rooter, GID=1862
<86>May 16 02:11:40 groupadd[3554919]: group added to /etc/gshadow: name=rooter
<86>May 16 02:11:40 groupadd[3554919]: new group: name=rooter, GID=1862
<86>May 16 02:11:40 useradd[3554981]: new user: name=rooter, UID=1862, GID=1862, home=/root, shell=/bin/bash, from=none
<86>May 16 02:11:40 userdel[3555077]: delete user 'builder'
<86>May 16 02:11:40 userdel[3555077]: removed group 'builder' owned by 'builder'
<86>May 16 02:11:40 userdel[3555077]: removed shadow group 'builder' owned by 'builder'
<86>May 16 02:11:40 groupadd[3555145]: group added to /etc/group: name=builder, GID=1863
<86>May 16 02:11:40 groupadd[3555145]: group added to /etc/gshadow: name=builder
<86>May 16 02:11:40 groupadd[3555145]: new group: name=builder, GID=1863
<86>May 16 02:11:40 useradd[3555208]: new user: name=builder, UID=1863, GID=1863, home=/usr/src, shell=/bin/bash, from=none
<13>May 16 02:11:43 rpmi: rpm-macros-valgrind-0.3-alt1 sisyphus+335311.100.2.1 1701252100 installed
<13>May 16 02:11:46 rpmi: libpng16-1.6.42-alt2 sisyphus+339555.100.1.1 1706781682 installed
<13>May 16 02:11:46 rpmi: libjpeg-2:3.0.2-alt2.1 sisyphus+340135.100.1.1 1707449145 installed
<13>May 16 02:11:46 rpmi: vapi-common-0.56.18-alt1 sisyphus+376659.100.1.1 1740964125 installed
<13>May 16 02:11:46 rpmi: libexpat-2.7.1-alt1 sisyphus+379929.100.1.1 1743519381 installed
<13>May 16 02:11:46 rpmi: libidn2-2.3.7-alt1 sisyphus+339505.100.1.2 1706718968 installed
<13>May 16 02:11:46 rpmi: libnettle8-3.10.1-alt1 sisyphus+372008.100.1.1 1738078259 installed
<13>May 16 02:11:46 rpmi: libwebp7-1.5.0-alt1 sisyphus+376290.12500.24.2 1745387604 installed
<13>May 16 02:11:46 rpmi: libsqlite3-3.47.1-alt1 sisyphus+375553.2600.2.1 1740149712 installed
<13>May 16 02:11:46 rpmi: libICE-1.1.1-alt1 sisyphus+311428.500.1.1 1670577555 installed
<13>May 16 02:11:46 rpmi: libnghttp2-1.65.0-alt1 sisyphus+377060.100.1.1 1741259309 installed
<13>May 16 02:11:46 rpmi: libp11-kit-1:0.25.5-alt1 sisyphus+352553.100.1.1 1720622573 installed
<13>May 16 02:11:46 rpmi: libtasn1-4.20.0-alt2 sisyphus+375829.100.1.1 1740299335 installed
<13>May 16 02:11:46 rpmi: libSM-1.2.4-alt1 sisyphus+312057.200.1.1 1671526916 installed
<13>May 16 02:11:46 rpmi: libhogweed6-3.10.1-alt1 sisyphus+372008.100.1.1 1738078259 installed
<13>May 16 02:11:46 rpmi: libgnutls30-3.8.9-alt1 sisyphus+380042.200.2.1 1743618110 installed
<13>May 16 02:11:46 rpmi: libngtcp2.16-1.12.0-alt1 sisyphus+382655.200.1.1 1745743462 installed
<13>May 16 02:11:46 rpmi: libngtcp2_crypto_gnutls8-1.12.0-alt1 sisyphus+382655.200.1.1 1745743462 installed
<13>May 16 02:11:46 rpmi: libltdl7-2.4.7-alt5 sisyphus+341963.200.3.1 1711659208 installed
<13>May 16 02:11:46 rpmi: libgts-0.7.6-alt2.drc20130205.1 sisyphus+346279.200.2.1 1716435910 installed
<13>May 16 02:11:46 rpmi: libpaper2-2:2.1.3-alt1 sisyphus+340967.100.1.1 1708276732 installed
<13>May 16 02:11:46 rpmi: libopenjpeg2.0-2.5.3-alt1 sisyphus+376290.11300.24.2 1745386888 installed
<13>May 16 02:11:46 rpmi: libnuma-2.0.19-alt1 sisyphus+363830.100.1.1 1733131852 installed
<13>May 16 02:11:46 rpmi: libx265-199-3.5-alt1.1 sisyphus+277560.100.1.1 1625697230 installed
<13>May 16 02:11:46 rpmi: libgdk-pixbuf-locales-2.42.12-alt1 sisyphus+376290.7700.24.2 1745384347 installed
<13>May 16 02:11:46 rpmi: libfribidi-1.0.16-alt1 sisyphus+358393.100.1.1 1727333692 installed
<13>May 16 02:11:46 rpmi: rpm-build-vala-0.3-alt1 sisyphus+277005.100.1.2 1625345329 installed
<13>May 16 02:11:46 rpmi: libdeflate-1.24-alt1 sisyphus+384095.100.1.1 1747211183 installed
<13>May 16 02:11:46 rpmi: libtiff6-4.7.0-alt1 sisyphus+376290.174.24.2 1745358940 installed
<13>May 16 02:11:46 rpmi: libde265-1.0.15-alt1 sisyphus+337190.100.1.1 1703502096 installed
<13>May 16 02:11:46 rpmi: libdav1d_7-1.5.1-alt1 sisyphus+375116.100.1.1 1739813289 installed
<13>May 16 02:11:46 rpmi: libdatrie-0.2.13-alt1_7 sisyphus+328221.100.1.1 1693336966 installed
<13>May 16 02:11:46 rpmi: libthai-0.1.29-alt1_6 sisyphus+328230.100.1.2 1693348044 installed
<13>May 16 02:11:46 rpmi: libpixman-3:0.44.2-alt1 sisyphus+364211.100.1.1 1733467622 installed
<13>May 16 02:11:46 rpmi: libsystemd-1:257.5-alt3 sisyphus+382915.200.3.1 1746543080 installed
<13>May 16 02:11:46 rpmi: libdbus-1.16.2-alt1 sisyphus+376383.100.1.1 1740749230 installed
<13>May 16 02:11:46 rpmi: libavahi-0.8-alt5 sisyphus+370646.100.1.1 1737385841 installed
<13>May 16 02:11:46 rpmi: libasprintf-0.21-alt2 sisyphus+328153.300.3.1 1693315380 installed
<13>May 16 02:11:46 rpmi: libaom3-3.12.0-alt2 sisyphus+381948.100.1.1 1744966704 installed
<13>May 16 02:11:46 rpmi: libgraphite2-1.3.14-alt2.1 sisyphus+279571.100.1.2 1626605111 installed
<13>May 16 02:11:46 rpmi: libXdmcp-1.1.5-alt1 sisyphus+343583.700.1.1 1711441061 installed
<13>May 16 02:11:47 rpmi: libXau-1.0.11-alt1 sisyphus+311428.100.1.1 1670577439 installed
<13>May 16 02:11:47 rpmi: libxcb-1.17.0-alt1 sisyphus+345308.200.1.1 1713342004 installed
<13>May 16 02:11:47 rpmi: libX11-locales-3:1.8.11-alt1 sisyphus+373040.100.1.1 1738571640 installed
<13>May 16 02:11:47 rpmi: libX11-3:1.8.11-alt1 sisyphus+373040.100.1.1 1738571640 installed
<13>May 16 02:11:47 rpmi: libXrender-0.9.12-alt1 sisyphus+373121.100.1.1 1738654919 installed
<13>May 16 02:11:47 rpmi: libXext-1.3.6-alt1 sisyphus+343583.1000.1.1 1711441101 installed
<13>May 16 02:11:47 rpmi: libXt-1.3.0-alt1 sisyphus+331490.500.1.1 1697023310 installed
<13>May 16 02:11:47 rpmi: libXpm-3.5.17-alt1 sisyphus+330921.100.1.1 1696400257 installed
<13>May 16 02:11:47 rpmi: libgirepository1.0-1.84.0-alt1 sisyphus+378180.240.2.1 1742052869 installed
<13>May 16 02:11:47 rpmi: libffi-devel-1:3.4.8-alt1 sisyphus+384065.100.1.1 1747151048 installed
<13>May 16 02:11:47 rpmi: libncurses6-6.3.20220618-alt4 sisyphus+327286.4600.14.1 1711486705 installed
<13>May 16 02:11:47 rpmi: libtinfo-devel-6.3.20220618-alt4 sisyphus+327286.4600.14.1 1711486705 installed
<13>May 16 02:11:47 rpmi: libncurses-devel-6.3.20220618-alt4 sisyphus+327286.4600.14.1 1711486705 installed
<13>May 16 02:11:47 rpmi: gobject-introspection-1.84.0-alt1 sisyphus+378180.240.2.1 1742052869 installed
<13>May 16 02:11:47 rpmi: gobject-introspection-x11-1.84.0-alt1 sisyphus+378180.240.2.1 1742052869 installed
<13>May 16 02:11:47 rpmi: libmpdec3-2.5.1-alt3 sisyphus+314490.500.5.1 1675432004 installed
<13>May 16 02:11:47 rpmi: libgdbm-1.8.3-alt10 sisyphus+346222.200.3.2 1716468404 installed
<13>May 16 02:11:47 rpmi: libb2-0.98.1-alt1_1 sisyphus+291614.100.1.1 1638962877 installed
<13>May 16 02:11:47 rpmi: xml-utils-1:2.12.9-alt1 sisyphus+355784.100.1.1 1724333686 installed
<13>May 16 02:11:47 rpmi: rpm-build-gir-0.7.3-alt3.1 sisyphus+319393.100.1.1 1682538783 installed
<13>May 16 02:11:47 rpmi: libduktape207-2.7.0-alt3 sisyphus+352341.100.1.1 1720324462 installed
<13>May 16 02:11:47 rpmi: publicsuffix-list-dafsa-20250416-alt1 sisyphus+381887.100.1.1 1744900874 installed
<13>May 16 02:11:47 rpmi: libpsl-0.21.5-alt1 sisyphus+338474.100.1.1 1705684769 installed
<13>May 16 02:11:47 rpmi: libnghttp3.9-1.9.0-alt1 sisyphus+382655.100.1.1 1745743397 installed
<13>May 16 02:11:47 rpmi: openldap-common-2.6.9-alt2 sisyphus+367501.300.4.1 1735841751 installed
<13>May 16 02:11:47 rpmi: libntlm-1.5-alt2 sisyphus+379810.500.4.1 1743501147 installed
<13>May 16 02:11:47 rpmi: libidn-1.37-alt2 sisyphus+300849.100.1.1 1653769687 installed
<13>May 16 02:11:47 rpmi: libverto-0.3.2-alt1_1 sisyphus+321176.2200.10.2 1684803947 installed
<13>May 16 02:11:47 rpmi: liblmdb-0.9.33-alt1 sisyphus+360625.100.1.1 1729819640 installed
<13>May 16 02:11:47 rpmi: libkeyutils-1.6.3-alt1 sisyphus+346336.200.2.2 1716472658 installed
<13>May 16 02:11:47 rpmi: openssl-config-3.2.0-alt1 sisyphus+366659.140.4.1 1736956949 installed
<13>May 16 02:11:47 rpmi: libcom_err-1.47.1.0.10.ad56-alt2 sisyphus+363497.200.3.1 1732729908 installed
<13>May 16 02:11:47 rpmi: libbrotlicommon-1.1.0-alt1 sisyphus+328501.100.1.1 1693598419 installed
<13>May 16 02:11:47 rpmi: libbrotlidec-1.1.0-alt1 sisyphus+328501.100.1.1 1693598419 installed
<13>May 16 02:11:47 rpmi: libharfbuzz-11.2.1-alt1 sisyphus+384013.100.1.1 1747136771 installed
<13>May 16 02:11:47 rpmi: libfreetype-2.13.3-alt1 sisyphus+355656.100.1.1 1724221064 installed
<13>May 16 02:11:47 rpmi: libfontconfig1-2.16.0-alt1 sisyphus+374470.100.1.1 1739370046 installed
<13>May 16 02:11:47 rpmi: libcairo-1:1.18.4-alt1 sisyphus+377471.100.1.1 1741589812 installed
<13>May 16 02:11:47 rpmi: libcairo-gobject-1:1.18.4-alt1 sisyphus+377471.100.1.1 1741589812 installed
<13>May 16 02:11:47 rpmi: libXft-2.3.8-alt1 sisyphus+331490.400.1.1 1697023269 installed
<13>May 16 02:11:47 rpmi: gsettings-desktop-schemas-data-48.0-alt1 sisyphus+378339.40.1.1 1742244109 installed
<13>May 16 02:11:47 rpmi: desktop-file-utils-0.26-alt6 sisyphus+331944.100.1.3 1697550026 installed
<13>May 16 02:11:47 rpmi: shared-mime-info-2.4-alt1 sisyphus+334259.100.1.1 1699787316 installed
<13>May 16 02:11:47 rpmi: libgio-2.84.1-alt1 sisyphus+380348.100.1.1 1743722269 installed
<13>May 16 02:11:47 rpmi: gsettings-desktop-schemas-48.0-alt1 sisyphus+378339.40.1.1 1742244109 installed
<13>May 16 02:11:47 rpmi: libpango-1.56.3-alt1 sisyphus+378230.100.1.1 1742149546 installed
<13>May 16 02:11:47 rpmi: libgdk-pixbuf-2.42.12-alt1 sisyphus+376290.7700.24.2 1745384347 installed
<13>May 16 02:11:47 rpmi: libjson-glib-1.10.6-alt1 sisyphus+364645.100.1.1 1733849752 installed
<13>May 16 02:11:47 rpmi: libjson-glib-gir-1.10.6-alt1 sisyphus+364645.100.1.1 1733849752 installed
<13>May 16 02:11:47 rpmi: libheif-1.19.8-alt1 sisyphus+384099.100.1.1 1747213304 installed
<13>May 16 02:11:47 rpmi: libgd3-2.3.3-alt4 sisyphus+376290.4300.24.2 1745377382 installed
<13>May 16 02:11:47 rpmi: librsvg-1:2.60.0-alt1 sisyphus+378509.200.1.1 1742367009 installed
<13>May 16 02:11:47 rpmi: liblasi-1.1.3-alt3 sisyphus+286812.100.2.1 1633968131 installed
<13>May 16 02:11:47 rpmi: libfep-0.1.0-alt3_28 sisyphus+381033.100.1.1 1744208424 installed
<13>May 16 02:11:47 rpmi: libgee0.8-0.20.8-alt1 sisyphus+369793.100.1.1 1737100408 installed
<13>May 16 02:11:47 rpmi: rpm-macros-alternatives-0.5.3-alt1 sisyphus+371878.100.1.1 1737988822 installed
<13>May 16 02:11:47 rpmi: alternatives-0.5.3-alt1 sisyphus+371878.100.1.1 1737988822 installed
<13>May 16 02:11:47 rpmi: ca-certificates-2025.05.12-alt1 sisyphus+383903.200.2.1 1747060316 installed
<13>May 16 02:11:47 rpmi: ca-trust-0.2.0-alt1 sisyphus+344843.100.1.1 1712743326 installed
<13>May 16 02:11:47 rpmi: p11-kit-trust-1:0.25.5-alt1 sisyphus+352553.100.1.1 1720622573 installed
<13>May 16 02:11:47 rpmi: libcrypto3-3.3.3-alt1 sisyphus+374381.40.2.1 1739299401 installed
<13>May 16 02:11:47 rpmi: libssl3-3.3.3-alt1 sisyphus+374381.40.2.1 1739299401 installed
<13>May 16 02:11:47 rpmi: python3-3.12.10-alt1 sisyphus+381757.100.1.1 1744802808 installed
<13>May 16 02:11:48 rpmi: python3-base-3.12.10-alt1 sisyphus+381757.100.1.1 1744802808 installed
<13>May 16 02:11:48 rpmi: glib2-devel-2.84.1-alt1 sisyphus+380348.100.1.1 1743722269 installed
<13>May 16 02:11:48 rpmi: libgio-devel-2.84.1-alt1 sisyphus+380348.100.1.1 1743722269 installed
<86>May 16 02:11:48 groupadd[3602309]: group added to /etc/group: name=_keytab, GID=999
<86>May 16 02:11:48 groupadd[3602309]: group added to /etc/gshadow: name=_keytab
<86>May 16 02:11:48 groupadd[3602309]: new group: name=_keytab, GID=999
<13>May 16 02:11:48 rpmi: libkrb5-1.21.3-alt2 sisyphus+351857.100.1.1 1719735141 installed
<13>May 16 02:11:48 rpmi: python3-module-more-itertools-10.6.0-alt1 sisyphus+369595.100.2.1 1737017267 installed
<13>May 16 02:11:48 rpmi: python3-module-jaraco.functools-4.1.0-alt1.1 sisyphus+376369.24200.10.1 1746632566 installed
<13>May 16 02:11:48 rpmi: python3-module-Pygments-2.19.1-alt1 sisyphus+368586.100.2.1 1737039695 installed
<13>May 16 02:11:48 rpmi: libgsasl18-2.2.1-alt2 sisyphus+359713.200.2.1 1728905430 installed
<86>May 16 02:11:48 groupadd[3602939]: group added to /etc/group: name=sasl, GID=998
<86>May 16 02:11:48 groupadd[3602939]: group added to /etc/gshadow: name=sasl
<86>May 16 02:11:48 groupadd[3602939]: new group: name=sasl, GID=998
<13>May 16 02:11:48 rpmi: libsasl2-3-2.1.28-alt2.1 sisyphus+367419.100.1.1 1735482560 installed
<13>May 16 02:11:48 rpmi: libldap2-2.6.9-alt2 sisyphus+367501.300.4.1 1735841751 installed
<13>May 16 02:11:48 rpmi: libcups-2.4.12-alt1 sisyphus+380821.100.1.1 1744111099 installed
<13>May 16 02:11:49 rpmi: libgs-10.05.1-alt1 sisyphus+384210.100.1.1 1747310503 installed
<13>May 16 02:11:49 rpmi: libgraphviz-12.1.2-alt2 sisyphus+362875.200.2.1 1731953966 installed
<13>May 16 02:11:49 rpmi: libgraphviz-devel-12.1.2-alt2 sisyphus+362875.200.2.1 1731953966 installed
<13>May 16 02:11:49 rpmi: libgirepository1.0-devel-1.84.0-alt1 sisyphus+378180.240.2.1 1742052869 installed
<13>May 16 02:11:49 rpmi: python3-module-py3dephell-0.3.1-alt1 sisyphus+365261.200.1.1 1734463433 installed
<13>May 16 02:11:50 rpmi: libpython3-3.12.10-alt1 sisyphus+381757.100.1.1 1744802808 installed
<13>May 16 02:11:50 rpmi: python3-module-autocommand-2.2.2-alt1.1 sisyphus+339714.100.1.1 1706968174 installed
<13>May 16 02:11:50 rpmi: python3-module-jaraco.context-6.0.1-alt1.1 sisyphus+376369.6200.10.1 1746628448 installed
<13>May 16 02:11:50 rpmi: python3-module-jaraco.text-4.0.0-alt1.1 sisyphus+376369.7300.10.1 1746628739 installed
<13>May 16 02:11:50 rpmi: python3-module-packaging-25.0-alt1 sisyphus+382195.100.1.1 1745223121 installed
<13>May 16 02:11:50 rpmi: python3-module-platformdirs-4.3.7-alt1 sisyphus+378659.100.2.1 1742562597 installed
<13>May 16 02:11:50 rpmi: python3-module-wheel-0.45.1-alt3 sisyphus+384059.500.2.1 1747240259 installed
<13>May 16 02:11:50 rpmi: python3-module-pkg_resources-1:80.4.0-alt1 sisyphus+384059.100.2.1 1747240150 installed
<13>May 16 02:11:50 rpmi: python3-module-pycparser-2.22-alt1 sisyphus+378485.100.1.1 1742331206 installed
<13>May 16 02:11:50 rpmi: python3-module-cffi-1.17.1-alt1 sisyphus+357396.100.1.1 1726156476 installed
<13>May 16 02:11:50 rpmi: python3-module-cryptography-44.0.0-alt1 sisyphus+368451.100.1.1 1736436050 installed
<13>May 16 02:11:50 rpmi: python3-module-beaker-1.13.0-alt1.1 sisyphus+376369.25300.10.1 1746633056 installed
<13>May 16 02:11:50 rpmi: python3-module-markupsafe-1:3.0.2-alt1 sisyphus+360209.100.1.1 1729323052 installed
<13>May 16 02:11:50 rpmi: python3-module-babel-1:2.17.0-alt1 sisyphus+383519.100.1.1 1746611672 installed
<13>May 16 02:11:50 rpmi: python3-module-chameleon.core-4.6.0-alt2 sisyphus+379413.100.1.1 1743081237 installed
<13>May 16 02:11:50 rpmi: python3-module-click-8.1.8-alt1 sisyphus+366297.100.1.1 1734946237 installed
<13>May 16 02:11:50 rpmi: python3-module-polib-1.1.1-alt1 sisyphus+282657.100.1.1 1628954165 installed
<13>May 16 02:11:50 rpmi: python3-module-lingua-4.15.0-alt3 sisyphus+339340.100.1.1 1706573397 installed
<13>May 16 02:11:50 rpmi: python3-module-mako-1.3.10-alt1 sisyphus+381308.100.1.1 1744374775 installed
<13>May 16 02:11:50 rpmi: python3-module-zipp-3.21.0-alt1 sisyphus+362195.100.2.1 1731487934 installed
<13>May 16 02:11:50 rpmi: python3-module-importlib-metadata-8.6.1-alt1 sisyphus+370687.100.1.1 1737451177 installed
<13>May 16 02:11:50 rpmi: python3-module-markdown-3.8-alt1 sisyphus+383588.100.1.1 1746690556 installed
<13>May 16 02:11:50 rpmi: tests-for-installed-python3-pkgs-0.1.28-alt1 sisyphus+375953.100.2.1 1740855713 installed
<13>May 16 02:11:50 rpmi: rpm-build-python3-0.1.28-alt1 sisyphus+375953.100.2.1 1740855713 installed
<13>May 16 02:11:51 rpmi: python3-dev-3.12.10-alt1 sisyphus+381757.100.1.1 1744802808 installed
<13>May 16 02:11:51 rpmi: python3-module-setuptools-1:80.4.0-alt1 sisyphus+384059.100.2.1 1747240150 installed
<13>May 16 02:11:51 rpmi: libssh2-1.11.0-alt2 sisyphus+339356.100.1.1 1706593137 installed
<13>May 16 02:11:51 rpmi: libcurl-8.13.0-alt1 sisyphus+380015.100.1.1 1743595100 installed
<13>May 16 02:11:51 rpmi: libproxy-0.5.9-alt1 sisyphus+360721.100.1.1 1729865346 installed
<13>May 16 02:11:51 rpmi: glib-networking-2.80.1-alt1 sisyphus+368357.100.1.1 1736391849 installed
<13>May 16 02:11:51 rpmi: libsoup-2.74.3-alt2 sisyphus+382648.100.1.2 1745759254 installed
<13>May 16 02:11:51 rpmi: libsoup3.0-3.6.5-alt1 sisyphus+378825.100.1.1 1742616301 installed
<13>May 16 02:11:51 rpmi: libsoup-devel-2.74.3-alt2 sisyphus+382648.100.1.2 1745759254 installed
<13>May 16 02:11:51 rpmi: vala-0.56.18-alt1 sisyphus+376659.100.1.1 1740964125 installed
<13>May 16 02:11:51 rpmi: libsoup3.0-devel-3.6.5-alt1 sisyphus+378825.100.1.1 1742616301 installed
<13>May 16 02:11:51 rpmi: libvala-devel-0.56.18-alt1 sisyphus+376659.100.1.1 1740964125 installed
<13>May 16 02:11:51 rpmi: valadoc-0.56.18-alt1 sisyphus+376659.100.1.1 1740964125 installed
<13>May 16 02:11:51 rpmi: valadoc-devel-0.56.18-alt1 sisyphus+376659.100.1.1 1740964125 installed
<13>May 16 02:11:51 rpmi: libfep-devel-0.1.0-alt3_28 sisyphus+381033.100.1.1 1744208424 installed
<13>May 16 02:11:51 rpmi: vala-tools-0.56.18-alt1 sisyphus+376659.100.1.1 1740964125 installed
<13>May 16 02:11:51 rpmi: gobject-introspection-devel-1.84.0-alt1 sisyphus+378180.240.2.1 1742052869 installed
<13>May 16 02:11:51 rpmi: libgee0.8-devel-0.20.8-alt1 sisyphus+369793.100.1.1 1737100408 installed
<13>May 16 02:11:51 rpmi: libjson-glib-devel-1.10.6-alt1 sisyphus+364645.100.1.1 1733849752 installed
<13>May 16 02:11:51 rpmi: libjson-glib-gir-devel-1.10.6-alt1 sisyphus+364645.100.1.1 1733849752 installed
<13>May 16 02:11:54 rpmi: valgrind-3.24.0-alt2 sisyphus+376367.100.2.1 1740750741 installed
<13>May 16 02:11:54 rpmi: libasprintf-devel-0.21-alt2 sisyphus+328153.300.3.1 1693315380 installed
Building target platforms: x86_64
Building for target x86_64
Wrote: /usr/src/in/nosrpm/libskk-1.0.4-alt3_11.nosrc.rpm (w1.gzdio)
Installing libskk-1.0.4-alt3_11.src.rpm
Building target platforms: x86_64
Building for target x86_64
Executing(%prep): /bin/sh -e /usr/src/tmp/rpm-tmp.11475
+ umask 022
+ /bin/mkdir -p /usr/src/RPM/BUILD
+ cd /usr/src/RPM/BUILD
+ cd /usr/src/RPM/BUILD
+ rm -rf libskk-1.0.4
+ echo 'Source #0 (libskk-1.0.4.tar.xz):'
Source #0 (libskk-1.0.4.tar.xz):
+ /usr/bin/xz -dc /usr/src/RPM/SOURCES/libskk-1.0.4.tar.xz
+ /bin/tar -xf -
+ cd libskk-1.0.4
+ /bin/chmod -c -Rf u+rwX,go-w .
+ exit 0
Executing(%build): /bin/sh -e /usr/src/tmp/rpm-tmp.11475
+ umask 022
+ /bin/mkdir -p /usr/src/RPM/BUILD
+ cd /usr/src/RPM/BUILD
+ cd libskk-1.0.4
+ CFLAGS='-pipe -frecord-gcc-switches -Wall -g -O2 -flto=auto -fPIC -DPIC'
+ export CFLAGS
+ CXXFLAGS='-pipe -frecord-gcc-switches -Wall -g -O2 -flto=auto -fPIC -DPIC'
+ export CXXFLAGS
+ FFLAGS='-pipe -frecord-gcc-switches -Wall -g -O2 -flto=auto -fPIC -DPIC'
+ export FFLAGS
+ FCFLAGS='-pipe -frecord-gcc-switches -Wall -g -O2 -flto=auto -fPIC -DPIC'
+ export FCFLAGS
+ '[' -n '' ']'
++ printf %s '-pipe -frecord-gcc-switches -Wall -g -O2 -flto=auto -fPIC -DPIC'
++ sed -r 's/(^|[[:space:]]+)-[^m][^[:space:]]*//g'
+ ASFLAGS=
+ export ASFLAGS
+ export lt_cv_deplibs_check_method=pass_all
+ lt_cv_deplibs_check_method=pass_all
+ readlink -e -- ./configure
+ xargs -ri dirname -- '{}'
+ xargs -ri find '{}' -type f '(' -name config.sub -or -name config.guess ')' -printf '%h/\n'
+ sort -u
+ xargs -rn1 install -pm755 -- /usr/share/gnu-config/config.sub /usr/share/gnu-config/config.guess
+ configure_runstatedir_flags=
+ grep -qF runstatedir=DIR ./configure
+ echo 'rpm-build: warning: ./configure script does not support --runstatedir'
rpm-build: warning: ./configure script does not support --runstatedir
+ ./configure --build=x86_64-alt-linux --host=x86_64-alt-linux --prefix=/usr --exec-prefix=/usr --bindir=/usr/bin --sbindir=/usr/sbin --sysconfdir=/etc --datadir=/usr/share --includedir=/usr/include --libdir=/usr/lib64 --libexecdir=/usr/lib --localstatedir=/var --sharedstatedir=/var/lib --mandir=/usr/share/man --infodir=/usr/share/info --disable-dependency-tracking --disable-silent-rules --without-included-gettext --disable-static --enable-fep
configure: WARNING: unrecognized options: --without-included-gettext
checking for a BSD-compatible install... /usr/bin/ginstall -c
checking whether build environment is sane... yes
checking for a thread-safe mkdir -p... /usr/bin/mkdir -p
checking for gawk... gawk
checking whether make sets $(MAKE)... yes
checking whether make supports nested variables... yes
checking whether to enable maintainer-specific portions of Makefiles... yes
checking for style of include used by make... GNU
checking for x86_64-alt-linux-gcc... x86_64-alt-linux-gcc
checking whether the C compiler works... yes
checking for C compiler default output file name... a.out
checking for suffix of executables... 
checking whether we are cross compiling... no
checking for suffix of object files... o
checking whether we are using the GNU C compiler... yes
checking whether x86_64-alt-linux-gcc accepts -g... yes
checking for x86_64-alt-linux-gcc option to accept ISO C89... none needed
checking whether x86_64-alt-linux-gcc understands -c and -o together... yes
checking dependency style of x86_64-alt-linux-gcc... none
checking how to run the C preprocessor... x86_64-alt-linux-gcc -E
checking for grep that handles long lines and -e... /usr/bin/grep
checking for egrep... /usr/bin/grep -E
checking for ANSI C header files... yes
checking for sys/types.h... yes
checking for sys/stat.h... yes
checking for stdlib.h... yes
checking for string.h... yes
checking for memory.h... yes
checking for strings.h... yes
checking for inttypes.h... yes
checking for stdint.h... yes
checking for unistd.h... yes
checking minix/config.h usability... no
checking minix/config.h presence... no
checking for minix/config.h... no
checking whether it is safe to define __EXTENSIONS__... yes
checking for x86_64-alt-linux-gcc... (cached) x86_64-alt-linux-gcc
checking whether we are using the GNU C compiler... (cached) yes
checking whether x86_64-alt-linux-gcc accepts -g... (cached) yes
checking for x86_64-alt-linux-gcc option to accept ISO C89... (cached) none needed
checking whether x86_64-alt-linux-gcc understands -c and -o together... (cached) yes
checking dependency style of x86_64-alt-linux-gcc... (cached) none
checking for x86_64-alt-linux-gcc option to accept ISO C99... none needed
checking for x86_64-alt-linux-gcc option to accept ISO Standard C... (cached) none needed
checking for a sed that does not truncate output... /usr/bin/sed
checking whether NLS is requested... yes
checking for msgfmt... /usr/bin/msgfmt
checking for gmsgfmt... /usr/bin/msgfmt
checking for xgettext... /usr/bin/xgettext
checking for msgmerge... /usr/bin/msgmerge
checking build system type... x86_64-alt-linux-gnu
checking host system type... x86_64-alt-linux-gnu
checking for ld used by x86_64-alt-linux-gcc... /usr/bin/ld
checking if the linker (/usr/bin/ld) is GNU ld... yes
checking for shared library run path origin... done
checking for CFPreferencesCopyAppValue... no
checking for CFLocaleCopyCurrent... no
checking for GNU gettext in libc... yes
checking whether to use NLS... yes
checking where the gettext function comes from... libc
checking for library containing strerror... none required
checking for ANSI C header files... (cached) yes
checking how to print strings... printf
checking for a sed that does not truncate output... (cached) /usr/bin/sed
checking for fgrep... /usr/bin/grep -F
checking for ld used by x86_64-alt-linux-gcc... /usr/bin/ld
checking if the linker (/usr/bin/ld) is GNU ld... yes
checking for BSD- or MS-compatible name lister (nm)... /usr/bin/nm -B
checking the name lister (/usr/bin/nm -B) interface... BSD nm
checking whether ln -s works... yes
checking the maximum length of command line arguments... 1572864
checking how to convert x86_64-alt-linux-gnu file names to x86_64-alt-linux-gnu format... func_convert_file_noop
checking how to convert x86_64-alt-linux-gnu file names to toolchain format... func_convert_file_noop
checking for /usr/bin/ld option to reload object files... -r
checking for x86_64-alt-linux-objdump... no
checking for objdump... objdump
checking how to recognize dependent libraries... (cached) pass_all
checking for x86_64-alt-linux-dlltool... no
checking for dlltool... no
checking how to associate runtime and link libraries... printf %s\n
checking for x86_64-alt-linux-ar... no
checking for ar... ar
checking for archiver @FILE support... @
checking for x86_64-alt-linux-strip... no
checking for strip... strip
checking for x86_64-alt-linux-ranlib... no
checking for ranlib... ranlib
checking command to parse /usr/bin/nm -B output from x86_64-alt-linux-gcc object... ok
checking for sysroot... no
checking for a working dd... /usr/bin/dd
checking how to truncate binary pipes... /usr/bin/dd bs=4096 count=1
checking for x86_64-alt-linux-mt... no
checking for mt... no
checking if : is a manifest tool... no
checking for dlfcn.h... yes
checking for objdir... .libs
checking if x86_64-alt-linux-gcc supports -fno-rtti -fno-exceptions... no
checking for x86_64-alt-linux-gcc option to produce PIC... -fPIC -DPIC
checking if x86_64-alt-linux-gcc PIC flag -fPIC -DPIC works... yes
checking if x86_64-alt-linux-gcc static flag -static works... no
checking if x86_64-alt-linux-gcc supports -c -o file.o... yes
checking if x86_64-alt-linux-gcc supports -c -o file.o... (cached) yes
checking whether the x86_64-alt-linux-gcc linker (/usr/bin/ld -m elf_x86_64) supports shared libraries... yes
checking whether -lc should be explicitly linked in... no
checking dynamic linker characteristics... GNU/Linux ld.so
checking how to hardcode library paths into programs... immediate
checking whether stripping libraries is possible... yes
checking if libtool supports shared libraries... yes
checking whether to build shared libraries... yes
checking whether to build static libraries... no
checking for x86_64-alt-linux-pkg-config... no
checking for pkg-config... /usr/bin/pkg-config
checking pkg-config is at least version 0.9.0... yes
checking for GIO... yes
checking for GEE... yes
checking for JSON_GLIB... yes
checking for gobject-introspection... yes
checking for valac... /usr/bin/valac
checking whether /usr/bin/valac is at least version 0.14.0... yes
checking for LIBFEP... yes
checking for  libfep-glib vala bindings... yes
checking for fep... /usr/bin/fep
checking that generated files are newer than configure... done
configure: creating ./config.status
config.status: creating Makefile
config.status: creating libskk/Makefile
config.status: creating libskk/libskk.pc
config.status: creating rules/Makefile
config.status: creating tools/Makefile
config.status: creating tests/Makefile
config.status: creating docs/Makefile
config.status: creating po/Makefile.in
config.status: creating config.h
config.status: executing depfiles commands
config.status: executing po-directories commands
config.status: creating po/POTFILES
config.status: creating po/Makefile
config.status: executing libtool commands
configure: WARNING: unrecognized options: --without-included-gettext
+ sed -i 's|^hardcode_libdir_flag_spec=.*|hardcode_libdir_flag_spec=""|g' libtool
+ sed -i 's|^runpath_var=LD_RUN_PATH|runpath_var=DIE_RPATH_DIE|g' libtool
+ make -j16
make  all-recursive
Making all in libskk
make[2]: Entering directory '/usr/src/RPM/BUILD/libskk-1.0.4/libskk'
/bin/sh ../libtool  --tag=CC   --mode=compile x86_64-alt-linux-gcc -DHAVE_CONFIG_H -I. -I..  -include ../config.h   -pthread -I/usr/include/glib-2.0 -I/usr/lib64/glib-2.0/include -I/usr/include/gee-0.8 -I/usr/include/glib-2.0 -I/usr/lib64/glib-2.0/include -pthread -I/usr/include/json-glib-1.0 -I/usr/include/glib-2.0 -I/usr/lib64/glib-2.0/include -DPKGDATADIR=\"/usr/share/libskk\"  -pipe -frecord-gcc-switches -Wall -g -O2 -flto=auto -fPIC -DPIC -c -o libskk_la-key-event-filter.lo `test -f 'key-event-filter.c' || echo './'`key-event-filter.c
libtool: compile:  x86_64-alt-linux-gcc -DHAVE_CONFIG_H -I. -I.. -include ../config.h -pthread -I/usr/include/glib-2.0 -I/usr/lib64/glib-2.0/include -I/usr/include/gee-0.8 -I/usr/include/glib-2.0 -I/usr/lib64/glib-2.0/include -pthread -I/usr/include/json-glib-1.0 -I/usr/include/glib-2.0 -I/usr/lib64/glib-2.0/include -DPKGDATADIR=\"/usr/share/libskk\" -pipe -frecord-gcc-switches -Wall -g -O2 -flto=auto -fPIC -DPIC -c key-event-filter.c  -fPIC -DPIC -o .libs/libskk_la-key-event-filter.o
In file included from /usr/include/glib-2.0/glib/gthread.h:34,
                 from /usr/include/glib-2.0/glib/gasyncqueue.h:34,
                 from /usr/include/glib-2.0/glib.h:34,
                 from key-event-filter.c:23:
key-event-filter.c: In function 'skk_key_event_filter_get_type':
/usr/include/glib-2.0/glib/gatomic.h:131:5: warning: argument 2 of '__atomic_load' discards 'volatile' qualifier [-Wdiscarded-qualifiers]
  131 |     __atomic_load (gapg_temp_atomic, &gapg_temp_newval, __ATOMIC_SEQ_CST); \
      |     ^~~~~~~~~~~~~
/usr/include/glib-2.0/glib/gthread.h:274:7: note: in expansion of macro 'g_atomic_pointer_get'
  274 |     (!g_atomic_pointer_get (location) &&                             \
      |       ^~~~~~~~~~~~~~~~~~~~
key-event-filter.c:219:13: note: in expansion of macro 'g_once_init_enter'
  219 |         if (g_once_init_enter (&skk_key_event_filter_type_id__volatile)) {
      |             ^~~~~~~~~~~~~~~~~
key-event-filter.c: In function 'skk_simple_key_event_filter_real_filter_key_event':
key-event-filter.c:243:35: warning: variable 'self' set but not used [-Wunused-but-set-variable]
  243 |         SkkSimpleKeyEventFilter * self;
      |                                   ^~~~
key-event-filter.c: In function 'skk_simple_key_event_filter_get_type':
/usr/include/glib-2.0/glib/gatomic.h:131:5: warning: argument 2 of '__atomic_load' discards 'volatile' qualifier [-Wdiscarded-qualifiers]
  131 |     __atomic_load (gapg_temp_atomic, &gapg_temp_newval, __ATOMIC_SEQ_CST); \
      |     ^~~~~~~~~~~~~
/usr/include/glib-2.0/glib/gthread.h:274:7: note: in expansion of macro 'g_atomic_pointer_get'
  274 |     (!g_atomic_pointer_get (location) &&                             \
      |       ^~~~~~~~~~~~~~~~~~~~
key-event-filter.c:309:13: note: in expansion of macro 'g_once_init_enter'
  309 |         if (g_once_init_enter (&skk_simple_key_event_filter_type_id__volatile)) {
      |             ^~~~~~~~~~~~~~~~~
key-event-filter.c: At top level:
key-event-filter.c:72:20: warning: 'skk_simple_key_event_filter_properties' defined but not used [-Wunused-variable]
   72 | static GParamSpec* skk_simple_key_event_filter_properties[SKK_SIMPLE_KEY_EVENT_FILTER_NUM_PROPERTIES];
      |                    ^~~~~~~~~~~~~~~~~~~~~~~~~~~~~~~~~~~~~~
key-event-filter.c:51:20: warning: 'skk_key_event_filter_properties' defined but not used [-Wunused-variable]
   51 | static GParamSpec* skk_key_event_filter_properties[SKK_KEY_EVENT_FILTER_NUM_PROPERTIES];
      |                    ^~~~~~~~~~~~~~~~~~~~~~~~~~~~~~~
make[2]: Leaving directory '/usr/src/RPM/BUILD/libskk-1.0.4/libskk'
make[2]: Entering directory '/usr/src/RPM/BUILD/libskk-1.0.4/libskk'
/bin/sh ../libtool  --tag=CC   --mode=compile x86_64-alt-linux-gcc -DHAVE_CONFIG_H -I. -I..  -include ../config.h   -pthread -I/usr/include/glib-2.0 -I/usr/lib64/glib-2.0/include -I/usr/include/gee-0.8 -I/usr/include/glib-2.0 -I/usr/lib64/glib-2.0/include -pthread -I/usr/include/json-glib-1.0 -I/usr/include/glib-2.0 -I/usr/lib64/glib-2.0/include -DPKGDATADIR=\"/usr/share/libskk\"  -pipe -frecord-gcc-switches -Wall -g -O2 -flto=auto -fPIC -DPIC -c -o libskk_la-candidate.lo `test -f 'candidate.c' || echo './'`candidate.c
libtool: compile:  x86_64-alt-linux-gcc -DHAVE_CONFIG_H -I. -I.. -include ../config.h -pthread -I/usr/include/glib-2.0 -I/usr/lib64/glib-2.0/include -I/usr/include/gee-0.8 -I/usr/include/glib-2.0 -I/usr/lib64/glib-2.0/include -pthread -I/usr/include/json-glib-1.0 -I/usr/include/glib-2.0 -I/usr/lib64/glib-2.0/include -DPKGDATADIR=\"/usr/share/libskk\" -pipe -frecord-gcc-switches -Wall -g -O2 -flto=auto -fPIC -DPIC -c candidate.c  -fPIC -DPIC -o .libs/libskk_la-candidate.o
candidate.c: In function 'skk_candidate_class_init':
candidate.c:334:9: warning: 'g_type_class_add_private' is deprecated [-Wdeprecated-declarations]
  334 |         g_type_class_add_private (klass, sizeof (SkkCandidatePrivate));
      |         ^~~~~~~~~~~~~~~~~~~~~~~~
In file included from /usr/include/glib-2.0/gobject/gobject.h:26,
                 from /usr/include/glib-2.0/gobject/gbinding.h:31,
                 from /usr/include/glib-2.0/glib-object.h:24,
                 from candidate.c:24:
/usr/include/glib-2.0/gobject/gtype.h:1503:10: note: declared here
 1503 | void     g_type_class_add_private       (gpointer                    g_class,
      |          ^~~~~~~~~~~~~~~~~~~~~~~~
candidate.c: In function 'skk_candidate_instance_init':
candidate.c:368:20: warning: Deprecated pre-processor symbol: replace with "G_ADD_PRIVATE"
  368 |         self->priv = SKK_CANDIDATE_GET_PRIVATE (self);
      |                    ^~~~~~~~~~~~~~~~~~~~~~~~~~~~~~~~~~~                              
In file included from /usr/include/glib-2.0/glib/gthread.h:34,
                 from /usr/include/glib-2.0/glib/gasyncqueue.h:34,
                 from /usr/include/glib-2.0/glib.h:34,
                 from candidate.c:23:
candidate.c: In function 'skk_candidate_get_type':
/usr/include/glib-2.0/glib/gatomic.h:131:5: warning: argument 2 of '__atomic_load' discards 'volatile' qualifier [-Wdiscarded-qualifiers]
  131 |     __atomic_load (gapg_temp_atomic, &gapg_temp_newval, __ATOMIC_SEQ_CST); \
      |     ^~~~~~~~~~~~~
/usr/include/glib-2.0/glib/gthread.h:274:7: note: in expansion of macro 'g_atomic_pointer_get'
  274 |     (!g_atomic_pointer_get (location) &&                             \
      |       ^~~~~~~~~~~~~~~~~~~~
candidate.c:392:13: note: in expansion of macro 'g_once_init_enter'
  392 |         if (g_once_init_enter (&skk_candidate_type_id__volatile)) {
      |             ^~~~~~~~~~~~~~~~~
make[2]: Leaving directory '/usr/src/RPM/BUILD/libskk-1.0.4/libskk'
make[2]: Entering directory '/usr/src/RPM/BUILD/libskk-1.0.4/libskk'
/bin/sh ../libtool  --tag=CC   --mode=compile x86_64-alt-linux-gcc -DHAVE_CONFIG_H -I. -I..  -include ../config.h   -pthread -I/usr/include/glib-2.0 -I/usr/lib64/glib-2.0/include -I/usr/include/gee-0.8 -I/usr/include/glib-2.0 -I/usr/lib64/glib-2.0/include -pthread -I/usr/include/json-glib-1.0 -I/usr/include/glib-2.0 -I/usr/lib64/glib-2.0/include -DPKGDATADIR=\"/usr/share/libskk\"  -pipe -frecord-gcc-switches -Wall -g -O2 -flto=auto -fPIC -DPIC -c -o libskk_la-dict.lo `test -f 'dict.c' || echo './'`dict.c
libtool: compile:  x86_64-alt-linux-gcc -DHAVE_CONFIG_H -I. -I.. -include ../config.h -pthread -I/usr/include/glib-2.0 -I/usr/lib64/glib-2.0/include -I/usr/include/gee-0.8 -I/usr/include/glib-2.0 -I/usr/lib64/glib-2.0/include -pthread -I/usr/include/json-glib-1.0 -I/usr/include/glib-2.0 -I/usr/lib64/glib-2.0/include -DPKGDATADIR=\"/usr/share/libskk\" -pipe -frecord-gcc-switches -Wall -g -O2 -flto=auto -fPIC -DPIC -c dict.c  -fPIC -DPIC -o .libs/libskk_la-dict.o
In file included from /usr/include/glib-2.0/glib/gstring.h:37,
                 from /usr/include/glib-2.0/glib/giochannel.h:36,
                 from /usr/include/glib-2.0/glib.h:56,
                 from dict.c:23:
dict.c: In function 'string_strip':
dict.c:210:21: warning: passing argument 1 of 'g_strchug' discards 'const' qualifier from pointer target type [-Wdiscarded-qualifiers]
  210 |         g_strstrip (_tmp1_);
      |                     ^~~~~~
/usr/include/glib-2.0/glib/gstrfuncs.h:248:56: note: in definition of macro 'g_strstrip'
  248 | #define g_strstrip( string )    g_strchomp (g_strchug (string))
      |                                                        ^~~~~~
/usr/include/glib-2.0/glib/gstrfuncs.h:243:55: note: expected 'gchar *' {aka 'char *'} but argument is of type 'const gchar *' {aka 'const char *'}
  243 | gchar*                g_strchug        (gchar        *string);
      |                                         ~~~~~~~~~~~~~~^~~~~~
dict.c: In function 'skk_dict_split_candidates':
dict.c:371:46: warning: variable '_tmp22__length1' set but not used [-Wunused-but-set-variable]
  371 |                                         gint _tmp22__length1;
      |                                              ^~~~~~~~~~~~~~~
dict.c:367:46: warning: variable '_tmp19__length1' set but not used [-Wunused-but-set-variable]
  367 |                                         gint _tmp19__length1;
      |                                              ^~~~~~~~~~~~~~~
dict.c:388:46: warning: variable '_tmp25__length1' set but not used [-Wunused-but-set-variable]
  388 |                                         gint _tmp25__length1;
      |                                              ^~~~~~~~~~~~~~~
dict.c:342:47: warning: variable '_tmp34_' set but not used [-Wunused-but-set-variable]
  342 |                                 SkkCandidate* _tmp34_;
      |                                               ^~~~~~~
dict.c:337:38: warning: variable '_tmp29__length1' set but not used [-Wunused-but-set-variable]
  337 |                                 gint _tmp29__length1;
      |                                      ^~~~~~~~~~~~~~~
dict.c:334:41: warning: variable '_tmp18_' set but not used [-Wunused-but-set-variable]
  334 |                                 gchar** _tmp18_;
      |                                         ^~~~~~~
dict.c:331:38: warning: variable '_text_annotation_size_' set but not used [-Wunused-but-set-variable]
  331 |                                 gint _text_annotation_size_;
      |                                      ^~~~~~~~~~~~~~~~~~~~~~
dict.c:325:38: warning: variable '_tmp13__length1' set but not used [-Wunused-but-set-variable]
  325 |                                 gint _tmp13__length1;
      |                                      ^~~~~~~~~~~~~~~
dict.c:321:41: warning: variable '_tmp12_' set but not used [-Wunused-but-set-variable]
  321 |                                 gchar** _tmp12_;
      |                                         ^~~~~~~
dict.c:289:14: warning: variable '_candidates_size_' set but not used [-Wunused-but-set-variable]
  289 |         gint _candidates_size_;
      |              ^~~~~~~~~~~~~~~~~
dict.c:285:17: warning: variable '_tmp7_' set but not used [-Wunused-but-set-variable]
  285 |         gchar** _tmp7_;
      |                 ^~~~~~
dict.c:283:14: warning: variable '_strv_size_' set but not used [-Wunused-but-set-variable]
  283 |         gint _strv_size_;
      |              ^~~~~~~~~~~
dict.c: In function '_vala_g_strjoinv':
dict.c:468:22: warning: variable '_tmp23_' set but not used [-Wunused-but-set-variable]
  468 |                 gint _tmp23_;
      |                      ^~~~~~~
dict.c: In function 'skk_dict_join_candidates':
dict.c:657:40: warning: variable '_tmp9_' set but not used [-Wunused-but-set-variable]
  657 |                                 gchar* _tmp9_;
      |                                        ^~~~~~
dict.c:652:38: warning: variable '_tmp4__length1' set but not used [-Wunused-but-set-variable]
  652 |                                 gint _tmp4__length1;
      |                                      ^~~~~~~~~~~~~~
dict.c:629:14: warning: variable '_strv_size_' set but not used [-Wunused-but-set-variable]
  629 |         gint _strv_size_;
      |              ^~~~~~~~~~~
In file included from /usr/include/glib-2.0/glib/gthread.h:34,
                 from /usr/include/glib-2.0/glib/gasyncqueue.h:34,
                 from /usr/include/glib-2.0/glib.h:34:
dict.c: In function 'skk_dict_get_type':
/usr/include/glib-2.0/glib/gatomic.h:131:5: warning: argument 2 of '__atomic_load' discards 'volatile' qualifier [-Wdiscarded-qualifiers]
  131 |     __atomic_load (gapg_temp_atomic, &gapg_temp_newval, __ATOMIC_SEQ_CST); \
      |     ^~~~~~~~~~~~~
/usr/include/glib-2.0/glib/gthread.h:274:7: note: in expansion of macro 'g_atomic_pointer_get'
  274 |     (!g_atomic_pointer_get (location) &&                             \
      |       ^~~~~~~~~~~~~~~~~~~~
dict.c:900:13: note: in expansion of macro 'g_once_init_enter'
  900 |         if (g_once_init_enter (&skk_dict_type_id__volatile)) {
      |             ^~~~~~~~~~~~~~~~~
dict.c: In function '_vala_skk_dict_get_property':
dict.c:916:19: warning: variable 'self' set but not used [-Wunused-but-set-variable]
  916 |         SkkDict * self;
      |                   ^~~~
dict.c: In function 'skk_empty_dict_real_reload':
dict.c:933:24: warning: variable 'self' set but not used [-Wunused-but-set-variable]
  933 |         SkkEmptyDict * self;
      |                        ^~~~
dict.c: In function 'skk_empty_dict_real_lookup':
dict.c:947:24: warning: variable 'self' set but not used [-Wunused-but-set-variable]
  947 |         SkkEmptyDict * self;
      |                        ^~~~
dict.c: In function 'skk_empty_dict_real_complete':
dict.c:973:24: warning: variable 'self' set but not used [-Wunused-but-set-variable]
  973 |         SkkEmptyDict * self;
      |                        ^~~~
dict.c: In function 'skk_empty_dict_real_get_read_only':
dict.c:1011:23: warning: variable 'self' set but not used [-Wunused-but-set-variable]
 1011 |         SkkEmptyDict* self;
      |                       ^~~~
dict.c: In function 'skk_empty_dict_get_type':
/usr/include/glib-2.0/glib/gatomic.h:131:5: warning: argument 2 of '__atomic_load' discards 'volatile' qualifier [-Wdiscarded-qualifiers]
  131 |     __atomic_load (gapg_temp_atomic, &gapg_temp_newval, __ATOMIC_SEQ_CST); \
      |     ^~~~~~~~~~~~~
/usr/include/glib-2.0/glib/gthread.h:274:7: note: in expansion of macro 'g_atomic_pointer_get'
  274 |     (!g_atomic_pointer_get (location) &&                             \
      |       ^~~~~~~~~~~~~~~~~~~~
dict.c:1047:13: note: in expansion of macro 'g_once_init_enter'
 1047 |         if (g_once_init_enter (&skk_empty_dict_type_id__volatile)) {
      |             ^~~~~~~~~~~~~~~~~
make[2]: Leaving directory '/usr/src/RPM/BUILD/libskk-1.0.4/libskk'
make[2]: Entering directory '/usr/src/RPM/BUILD/libskk-1.0.4/libskk'
/bin/sh ../libtool  --tag=CC   --mode=compile x86_64-alt-linux-gcc -DHAVE_CONFIG_H -I. -I..  -include ../config.h   -pthread -I/usr/include/glib-2.0 -I/usr/lib64/glib-2.0/include -I/usr/include/gee-0.8 -I/usr/include/glib-2.0 -I/usr/lib64/glib-2.0/include -pthread -I/usr/include/json-glib-1.0 -I/usr/include/glib-2.0 -I/usr/lib64/glib-2.0/include -DPKGDATADIR=\"/usr/share/libskk\"  -pipe -frecord-gcc-switches -Wall -g -O2 -flto=auto -fPIC -DPIC -c -o libskk_la-file-dict.lo `test -f 'file-dict.c' || echo './'`file-dict.c
libtool: compile:  x86_64-alt-linux-gcc -DHAVE_CONFIG_H -I. -I.. -include ../config.h -pthread -I/usr/include/glib-2.0 -I/usr/lib64/glib-2.0/include -I/usr/include/gee-0.8 -I/usr/include/glib-2.0 -I/usr/lib64/glib-2.0/include -pthread -I/usr/include/json-glib-1.0 -I/usr/include/glib-2.0 -I/usr/lib64/glib-2.0/include -DPKGDATADIR=\"/usr/share/libskk\" -pipe -frecord-gcc-switches -Wall -g -O2 -flto=auto -fPIC -DPIC -c file-dict.c  -fPIC -DPIC -o .libs/libskk_la-file-dict.o
In file included from /usr/include/glib-2.0/glib.h:64,
                 from file-dict.c:23:
file-dict.c: In function 'skk_file_dict_read_until':
/usr/include/glib-2.0/glib/gmessages.h:671:16: error: returning 'void *' from a function with return type 'gboolean' {aka 'int'} makes integer from pointer without a cast [-Wint-conversion]
  671 |         return (val); \
      |                ^
file-dict.c:401:9: note: in expansion of macro 'g_return_val_if_fail'
  401 |         g_return_val_if_fail (((gsize) (*offset)) < _tmp2_, NULL);
      |         ^~~~~~~~~~~~~~~~~~~~
file-dict.c: In function 'skk_file_dict_real_lookup':
file-dict.c:1019:17: error: assignment to 'GCompareFunc' {aka 'int (*)(const void *, const void *)'} from incompatible pointer type 'int (*)(const char *, const char *)' [-Wincompatible-pointer-types]
 1019 |         _tmp23_ = g_strcmp0;
      |                 ^
file-dict.c:911:15: warning: variable 'pos' set but not used [-Wunused-but-set-variable]
  911 |         glong pos = 0L;
      |               ^~~
file-dict.c: In function 'skk_file_dict_strcmp_prefix':
file-dict.c:1150:16: error: assignment to 'GCompareFunc' {aka 'int (*)(const void *, const void *)'} from incompatible pointer type 'int (*)(const char *, const char *)' [-Wincompatible-pointer-types]
 1150 |         _tmp0_ = g_strcmp0;
      |                ^
file-dict.c: In function 'skk_file_dict_real_complete':
file-dict.c:1263:25: error: assignment to 'gchar **' {aka 'char **'} from incompatible pointer type 'void **' [-Wincompatible-pointer-types]
 1263 |                 _tmp19_ = _tmp18_;
      |                         ^
file-dict.c:1510:17: error: assignment to 'gchar **' {aka 'char **'} from incompatible pointer type 'void **' [-Wincompatible-pointer-types]
 1510 |         _tmp80_ = _tmp79_;
      |                 ^
file-dict.c: In function 'skk_file_dict_real_get_read_only':
file-dict.c:1596:22: warning: variable 'self' set but not used [-Wunused-but-set-variable]
 1596 |         SkkFileDict* self;
      |                      ^~~~
file-dict.c: In function 'skk_file_dict_class_init':
file-dict.c:1607:9: warning: 'g_type_class_add_private' is deprecated [-Wdeprecated-declarations]
 1607 |         g_type_class_add_private (klass, sizeof (SkkFileDictPrivate));
      |         ^~~~~~~~~~~~~~~~~~~~~~~~
In file included from /usr/include/glib-2.0/gobject/gobject.h:26,
                 from /usr/include/glib-2.0/gobject/gbinding.h:31,
                 from /usr/include/glib-2.0/glib-object.h:24,
                 from file-dict.c:24:
/usr/include/glib-2.0/gobject/gtype.h:1503:10: note: declared here
 1503 | void     g_type_class_add_private       (gpointer                    g_class,
      |          ^~~~~~~~~~~~~~~~~~~~~~~~
file-dict.c: In function 'skk_file_dict_instance_init':
file-dict.c:1624:20: warning: Deprecated pre-processor symbol: replace with "G_ADD_PRIVATE"
 1624 |         self->priv = SKK_FILE_DICT_GET_PRIVATE (self);
      |                    ^~~~~~~~~~~~~~~~~~~~~~~~~~~~~~~~~~~                              
In file included from /usr/include/glib-2.0/glib/gthread.h:34,
                 from /usr/include/glib-2.0/glib/gasyncqueue.h:34,
                 from /usr/include/glib-2.0/glib.h:34:
file-dict.c: In function 'skk_file_dict_get_type':
/usr/include/glib-2.0/glib/gatomic.h:131:5: warning: argument 2 of '__atomic_load' discards 'volatile' qualifier [-Wdiscarded-qualifiers]
  131 |     __atomic_load (gapg_temp_atomic, &gapg_temp_newval, __ATOMIC_SEQ_CST); \
      |     ^~~~~~~~~~~~~
/usr/include/glib-2.0/glib/gthread.h:274:7: note: in expansion of macro 'g_atomic_pointer_get'
  274 |     (!g_atomic_pointer_get (location) &&                             \
      |       ^~~~~~~~~~~~~~~~~~~~
file-dict.c:1648:13: note: in expansion of macro 'g_once_init_enter'
 1648 |         if (g_once_init_enter (&skk_file_dict_type_id__volatile)) {
      |             ^~~~~~~~~~~~~~~~~
make[2]: *** [Makefile:668: libskk_la-file-dict.lo] Error 1
make[2]: Leaving directory '/usr/src/RPM/BUILD/libskk-1.0.4/libskk'
make[2]: *** Waiting for unfinished jobs....
make[2]: Entering directory '/usr/src/RPM/BUILD/libskk-1.0.4/libskk'
/bin/sh ../libtool  --tag=CC   --mode=compile x86_64-alt-linux-gcc -DHAVE_CONFIG_H -I. -I..  -include ../config.h   -pthread -I/usr/include/glib-2.0 -I/usr/lib64/glib-2.0/include -I/usr/include/gee-0.8 -I/usr/include/glib-2.0 -I/usr/lib64/glib-2.0/include -pthread -I/usr/include/json-glib-1.0 -I/usr/include/glib-2.0 -I/usr/lib64/glib-2.0/include -DPKGDATADIR=\"/usr/share/libskk\"  -pipe -frecord-gcc-switches -Wall -g -O2 -flto=auto -fPIC -DPIC -c -o libskk_la-keymap.lo `test -f 'keymap.c' || echo './'`keymap.c
libtool: compile:  x86_64-alt-linux-gcc -DHAVE_CONFIG_H -I. -I.. -include ../config.h -pthread -I/usr/include/glib-2.0 -I/usr/lib64/glib-2.0/include -I/usr/include/gee-0.8 -I/usr/include/glib-2.0 -I/usr/lib64/glib-2.0/include -pthread -I/usr/include/json-glib-1.0 -I/usr/include/glib-2.0 -I/usr/lib64/glib-2.0/include -DPKGDATADIR=\"/usr/share/libskk\" -pipe -frecord-gcc-switches -Wall -g -O2 -flto=auto -fPIC -DPIC -c keymap.c  -fPIC -DPIC -o .libs/libskk_la-keymap.o
keymap.c: In function 'skk_keymap_class_init':
keymap.c:293:9: warning: 'g_type_class_add_private' is deprecated [-Wdeprecated-declarations]
  293 |         g_type_class_add_private (klass, sizeof (SkkKeymapPrivate));
      |         ^~~~~~~~~~~~~~~~~~~~~~~~
In file included from /usr/include/glib-2.0/gobject/gobject.h:26,
                 from /usr/include/glib-2.0/gobject/gbinding.h:31,
                 from /usr/include/glib-2.0/glib-object.h:24,
                 from keymap.c:24:
/usr/include/glib-2.0/gobject/gtype.h:1503:10: note: declared here
 1503 | void     g_type_class_add_private       (gpointer                    g_class,
      |          ^~~~~~~~~~~~~~~~~~~~~~~~
keymap.c: In function 'skk_keymap_instance_init':
keymap.c:302:20: warning: Deprecated pre-processor symbol: replace with "G_ADD_PRIVATE"
  302 |         self->priv = SKK_KEYMAP_GET_PRIVATE (self);
      |                    ^~~~~~~~~~~~~~~~~~~~~~~~~~~~~~~~                                 
In file included from /usr/include/glib-2.0/glib/gthread.h:34,
                 from /usr/include/glib-2.0/glib/gasyncqueue.h:34,
                 from /usr/include/glib-2.0/glib.h:34,
                 from keymap.c:23:
keymap.c: In function 'skk_keymap_get_type':
/usr/include/glib-2.0/glib/gatomic.h:131:5: warning: argument 2 of '__atomic_load' discards 'volatile' qualifier [-Wdiscarded-qualifiers]
  131 |     __atomic_load (gapg_temp_atomic, &gapg_temp_newval, __ATOMIC_SEQ_CST); \
      |     ^~~~~~~~~~~~~
/usr/include/glib-2.0/glib/gthread.h:274:7: note: in expansion of macro 'g_atomic_pointer_get'
  274 |     (!g_atomic_pointer_get (location) &&                             \
      |       ^~~~~~~~~~~~~~~~~~~~
keymap.c:322:13: note: in expansion of macro 'g_once_init_enter'
  322 |         if (g_once_init_enter (&skk_keymap_type_id__volatile)) {
      |             ^~~~~~~~~~~~~~~~~
keymap.c: At top level:
keymap.c:44:20: warning: 'skk_keymap_properties' defined but not used [-Wunused-variable]
   44 | static GParamSpec* skk_keymap_properties[SKK_KEYMAP_NUM_PROPERTIES];
      |                    ^~~~~~~~~~~~~~~~~~~~~
make[2]: Leaving directory '/usr/src/RPM/BUILD/libskk-1.0.4/libskk'
make[2]: Entering directory '/usr/src/RPM/BUILD/libskk-1.0.4/libskk'
/bin/sh ../libtool  --tag=CC   --mode=compile x86_64-alt-linux-gcc -DHAVE_CONFIG_H -I. -I..  -include ../config.h   -pthread -I/usr/include/glib-2.0 -I/usr/lib64/glib-2.0/include -I/usr/include/gee-0.8 -I/usr/include/glib-2.0 -I/usr/lib64/glib-2.0/include -pthread -I/usr/include/json-glib-1.0 -I/usr/include/glib-2.0 -I/usr/lib64/glib-2.0/include -DPKGDATADIR=\"/usr/share/libskk\"  -pipe -frecord-gcc-switches -Wall -g -O2 -flto=auto -fPIC -DPIC -c -o libskk_la-key-event.lo `test -f 'key-event.c' || echo './'`key-event.c
libtool: compile:  x86_64-alt-linux-gcc -DHAVE_CONFIG_H -I. -I.. -include ../config.h -pthread -I/usr/include/glib-2.0 -I/usr/lib64/glib-2.0/include -I/usr/include/gee-0.8 -I/usr/include/glib-2.0 -I/usr/lib64/glib-2.0/include -pthread -I/usr/include/json-glib-1.0 -I/usr/include/glib-2.0 -I/usr/lib64/glib-2.0/include -DPKGDATADIR=\"/usr/share/libskk\" -pipe -frecord-gcc-switches -Wall -g -O2 -flto=auto -fPIC -DPIC -c key-event.c  -fPIC -DPIC -o .libs/libskk_la-key-event.o
In file included from /usr/include/glib-2.0/glib/gthread.h:34,
                 from /usr/include/glib-2.0/glib/gasyncqueue.h:34,
                 from /usr/include/glib-2.0/glib.h:34,
                 from key-event.c:23:
key-event.c: In function 'skk_modifier_type_get_type':
/usr/include/glib-2.0/glib/gatomic.h:131:5: warning: argument 2 of '__atomic_load' discards 'volatile' qualifier [-Wdiscarded-qualifiers]
  131 |     __atomic_load (gapg_temp_atomic, &gapg_temp_newval, __ATOMIC_SEQ_CST); \
      |     ^~~~~~~~~~~~~
/usr/include/glib-2.0/glib/gthread.h:274:7: note: in expansion of macro 'g_atomic_pointer_get'
  274 |     (!g_atomic_pointer_get (location) &&                             \
      |       ^~~~~~~~~~~~~~~~~~~~
key-event.c:207:13: note: in expansion of macro 'g_once_init_enter'
  207 |         if (g_once_init_enter (&skk_modifier_type_type_id__volatile)) {
      |             ^~~~~~~~~~~~~~~~~
key-event.c: In function 'skk_key_event_construct_from_string':
key-event.c:616:110: warning: variable '_tmp46__length1' set but not used [-Wunused-but-set-variable]
  616 |                                                                                                         gint _tmp46__length1;
      |                                                                                                              ^~~~~~~~~~~~~~~
key-event.c:603:102: warning: variable '_tmp42__length1' set but not used [-Wunused-but-set-variable]
  603 |                                                                                                 gint _tmp42__length1;
      |                                                                                                      ^~~~~~~~~~~~~~~
key-event.c:590:94: warning: variable '_tmp38__length1' set but not used [-Wunused-but-set-variable]
  590 |                                                                                         gint _tmp38__length1;
      |                                                                                              ^~~~~~~~~~~~~~~
key-event.c:577:86: warning: variable '_tmp34__length1' set but not used [-Wunused-but-set-variable]
  577 |                                                                                 gint _tmp34__length1;
      |                                                                                      ^~~~~~~~~~~~~~~
key-event.c:564:78: warning: variable '_tmp30__length1' set but not used [-Wunused-but-set-variable]
  564 |                                                                         gint _tmp30__length1;
      |                                                                              ^~~~~~~~~~~~~~~
key-event.c:551:70: warning: variable '_tmp26__length1' set but not used [-Wunused-but-set-variable]
  551 |                                                                 gint _tmp26__length1;
      |                                                                      ^~~~~~~~~~~~~~~
key-event.c:538:62: warning: variable '_tmp22__length1' set but not used [-Wunused-but-set-variable]
  538 |                                                         gint _tmp22__length1;
      |                                                              ^~~~~~~~~~~~~~~
key-event.c:525:54: warning: variable '_tmp18__length1' set but not used [-Wunused-but-set-variable]
  525 |                                                 gint _tmp18__length1;
      |                                                      ^~~~~~~~~~~~~~~
key-event.c:512:46: warning: variable '_tmp14__length1' set but not used [-Wunused-but-set-variable]
  512 |                                         gint _tmp14__length1;
      |                                              ^~~~~~~~~~~~~~~
key-event.c:487:38: warning: variable '_tmp10__length1' set but not used [-Wunused-but-set-variable]
  487 |                                 gint _tmp10__length1;
      |                                      ^~~~~~~~~~~~~~~
key-event.c:484:41: warning: variable '_tmp9_' set but not used [-Wunused-but-set-variable]
  484 |                                 gchar** _tmp9_;
      |                                         ^~~~~~
key-event.c:464:22: warning: variable '_tmp50__length1' set but not used [-Wunused-but-set-variable]
  464 |                 gint _tmp50__length1;
      |                      ^~~~~~~~~~~~~~~
key-event.c:461:22: warning: variable '_strv_size_' set but not used [-Wunused-but-set-variable]
  461 |                 gint _strv_size_;
      |                      ^~~~~~~~~~~
key-event.c:701:38: warning: unused variable '_mod_collection_size_' [-Wunused-variable]
  701 |                                 gint _mod_collection_size_ = 0;
      |                                      ^~~~~~~~~~~~~~~~~~~~~
key-event.c:700:38: warning: variable 'mod_collection_length1' set but not used [-Wunused-but-set-variable]
  700 |                                 gint mod_collection_length1 = 0;
      |                                      ^~~~~~~~~~~~~~~~~~~~~~
key-event.c:678:30: warning: variable '_mods_size_' set but not used [-Wunused-but-set-variable]
  678 |                         gint _mods_size_;
      |                              ^~~~~~~~~~~
key-event.c: In function 'g_unichar_to_string':
key-event.c:804:34: warning: passing argument 2 of 'g_unichar_to_utf8' discards 'const' qualifier from pointer target type [-Wdiscarded-qualifiers]
  804 |         g_unichar_to_utf8 (self, _tmp1_);
      |                                  ^~~~~~
In file included from /usr/include/glib-2.0/glib/gstring.h:35,
                 from /usr/include/glib-2.0/glib/giochannel.h:36,
                 from /usr/include/glib-2.0/glib.h:56:
/usr/include/glib-2.0/glib/gunicode.h:923:42: note: expected 'gchar *' {aka 'char *'} but argument is of type 'const gchar *' {aka 'const char *'}
  923 |                              gchar      *outbuf);
      |                              ~~~~~~~~~~~~^~~~~~
key-event.c: In function '_vala_g_strjoinv':
key-event.c:844:22: warning: variable '_tmp23_' set but not used [-Wunused-but-set-variable]
  844 |                 gint _tmp23_;
      |                      ^~~~~~~
key-event.c: In function 'skk_key_event_to_string':
key-event.c:1124:23: error: assignment to 'gchar **' {aka 'char **'} from incompatible pointer type 'void **' [-Wincompatible-pointer-types]
 1124 |                 array = _tmp32_;
      |                       ^
key-event.c:1060:22: warning: variable '_tmp43_' set but not used [-Wunused-but-set-variable]
 1060 |                 gint _tmp43_;
      |                      ^~~~~~~
key-event.c:1049:22: warning: variable '_tmp34_' set but not used [-Wunused-but-set-variable]
 1049 |                 gint _tmp34_;
      |                      ^~~~~~~
key-event.c:1047:25: warning: variable '_tmp33_' set but not used [-Wunused-but-set-variable]
 1047 |                 gchar** _tmp33_;
      |                         ^~~~~~~
key-event.c:1045:22: warning: variable '_array_size_' set but not used [-Wunused-but-set-variable]
 1045 |                 gint _array_size_;
      |                      ^~~~~~~~~~~~
key-event.c: In function 'skk_key_event_construct_from_x_keysym':
key-event.c:1188:34: warning: assignment discards 'const' qualifier from pointer target type [-Wdiscarded-qualifiers]
 1188 |                 entry_collection = SKK_KEY_EVENT_NAME_KEYVALS;
      |                                  ^
key-event.c:1186:22: warning: unused variable '_entry_collection_size_' [-Wunused-variable]
 1186 |                 gint _entry_collection_size_ = 0;
      |                      ^~~~~~~~~~~~~~~~~~~~~~~
key-event.c:1185:22: warning: variable 'entry_collection_length1' set but not used [-Wunused-but-set-variable]
 1185 |                 gint entry_collection_length1 = 0;
      |                      ^~~~~~~~~~~~~~~~~~~~~~~~
key-event.c:1214:34: warning: assignment discards 'const' qualifier from pointer target type [-Wdiscarded-qualifiers]
 1214 |                 entry_collection = SKK_KEY_EVENT_CODE_KEYVALS;
      |                                  ^
key-event.c:1212:22: warning: unused variable '_entry_collection_size_' [-Wunused-variable]
 1212 |                 gint _entry_collection_size_ = 0;
      |                      ^~~~~~~~~~~~~~~~~~~~~~~
key-event.c:1211:22: warning: variable 'entry_collection_length1' set but not used [-Wunused-but-set-variable]
 1211 |                 gint entry_collection_length1 = 0;
      |                      ^~~~~~~~~~~~~~~~~~~~~~~~
key-event.c: In function 'skk_key_event_code_keyval_entry_get_type':
/usr/include/glib-2.0/glib/gatomic.h:131:5: warning: argument 2 of '__atomic_load' discards 'volatile' qualifier [-Wdiscarded-qualifiers]
  131 |     __atomic_load (gapg_temp_atomic, &gapg_temp_newval, __ATOMIC_SEQ_CST); \
      |     ^~~~~~~~~~~~~
/usr/include/glib-2.0/glib/gthread.h:274:7: note: in expansion of macro 'g_atomic_pointer_get'
  274 |     (!g_atomic_pointer_get (location) &&                             \
      |       ^~~~~~~~~~~~~~~~~~~~
key-event.c:1419:13: note: in expansion of macro 'g_once_init_enter'
 1419 |         if (g_once_init_enter (&skk_key_event_code_keyval_entry_type_id__volatile)) {
      |             ^~~~~~~~~~~~~~~~~
key-event.c: In function 'skk_key_event_name_keyval_entry_get_type':
/usr/include/glib-2.0/glib/gatomic.h:131:5: warning: argument 2 of '__atomic_load' discards 'volatile' qualifier [-Wdiscarded-qualifiers]
  131 |     __atomic_load (gapg_temp_atomic, &gapg_temp_newval, __ATOMIC_SEQ_CST); \
      |     ^~~~~~~~~~~~~
/usr/include/glib-2.0/glib/gthread.h:274:7: note: in expansion of macro 'g_atomic_pointer_get'
  274 |     (!g_atomic_pointer_get (location) &&                             \
      |       ^~~~~~~~~~~~~~~~~~~~
key-event.c:1473:13: note: in expansion of macro 'g_once_init_enter'
 1473 |         if (g_once_init_enter (&skk_key_event_name_keyval_entry_type_id__volatile)) {
      |             ^~~~~~~~~~~~~~~~~
key-event.c: In function 'skk_key_event_class_init':
key-event.c:1486:9: warning: 'g_type_class_add_private' is deprecated [-Wdeprecated-declarations]
 1486 |         g_type_class_add_private (klass, sizeof (SkkKeyEventPrivate));
      |         ^~~~~~~~~~~~~~~~~~~~~~~~
In file included from /usr/include/glib-2.0/gobject/gobject.h:26,
                 from /usr/include/glib-2.0/gobject/gbinding.h:31,
                 from /usr/include/glib-2.0/glib-object.h:24,
                 from key-event.c:24:
/usr/include/glib-2.0/gobject/gtype.h:1503:10: note: declared here
 1503 | void     g_type_class_add_private       (gpointer                    g_class,
      |          ^~~~~~~~~~~~~~~~~~~~~~~~
key-event.c: In function 'skk_key_event_instance_init':
key-event.c:1512:20: warning: Deprecated pre-processor symbol: replace with "G_ADD_PRIVATE"
 1512 |         self->priv = SKK_KEY_EVENT_GET_PRIVATE (self);
      |                    ^~~~~~~~~~~~~~~~~~~~~~~~~~~~~~~~~~~                              
key-event.c: In function 'skk_key_event_get_type':
/usr/include/glib-2.0/glib/gatomic.h:131:5: warning: argument 2 of '__atomic_load' discards 'volatile' qualifier [-Wdiscarded-qualifiers]
  131 |     __atomic_load (gapg_temp_atomic, &gapg_temp_newval, __ATOMIC_SEQ_CST); \
      |     ^~~~~~~~~~~~~
/usr/include/glib-2.0/glib/gthread.h:274:7: note: in expansion of macro 'g_atomic_pointer_get'
  274 |     (!g_atomic_pointer_get (location) &&                             \
      |       ^~~~~~~~~~~~~~~~~~~~
key-event.c:1533:13: note: in expansion of macro 'g_once_init_enter'
 1533 |         if (g_once_init_enter (&skk_key_event_type_id__volatile)) {
      |             ^~~~~~~~~~~~~~~~~
make[2]: *** [Makefile:696: libskk_la-key-event.lo] Error 1
make[2]: Leaving directory '/usr/src/RPM/BUILD/libskk-1.0.4/libskk'
make[2]: Entering directory '/usr/src/RPM/BUILD/libskk-1.0.4/libskk'
/bin/sh ../libtool  --tag=CC   --mode=compile x86_64-alt-linux-gcc -DHAVE_CONFIG_H -I. -I..  -include ../config.h   -pthread -I/usr/include/glib-2.0 -I/usr/lib64/glib-2.0/include -I/usr/include/gee-0.8 -I/usr/include/glib-2.0 -I/usr/lib64/glib-2.0/include -pthread -I/usr/include/json-glib-1.0 -I/usr/include/glib-2.0 -I/usr/lib64/glib-2.0/include -DPKGDATADIR=\"/usr/share/libskk\"  -pipe -frecord-gcc-switches -Wall -g -O2 -flto=auto -fPIC -DPIC -c -o libskk_la-rom-kana.lo `test -f 'rom-kana.c' || echo './'`rom-kana.c
libtool: compile:  x86_64-alt-linux-gcc -DHAVE_CONFIG_H -I. -I.. -include ../config.h -pthread -I/usr/include/glib-2.0 -I/usr/lib64/glib-2.0/include -I/usr/include/gee-0.8 -I/usr/include/glib-2.0 -I/usr/lib64/glib-2.0/include -pthread -I/usr/include/json-glib-1.0 -I/usr/include/glib-2.0 -I/usr/lib64/glib-2.0/include -DPKGDATADIR=\"/usr/share/libskk\" -pipe -frecord-gcc-switches -Wall -g -O2 -flto=auto -fPIC -DPIC -c rom-kana.c  -fPIC -DPIC -o .libs/libskk_la-rom-kana.o
In file included from /usr/include/glib-2.0/glib/gthread.h:34,
                 from /usr/include/glib-2.0/glib/gasyncqueue.h:34,
                 from /usr/include/glib-2.0/glib.h:34,
                 from rom-kana.c:24:
rom-kana.c: In function 'skk_rom_kana_entry_get_type':
/usr/include/glib-2.0/glib/gatomic.h:131:5: warning: argument 2 of '__atomic_load' discards 'volatile' qualifier [-Wdiscarded-qualifiers]
  131 |     __atomic_load (gapg_temp_atomic, &gapg_temp_newval, __ATOMIC_SEQ_CST); \
      |     ^~~~~~~~~~~~~
/usr/include/glib-2.0/glib/gthread.h:274:7: note: in expansion of macro 'g_atomic_pointer_get'
  274 |     (!g_atomic_pointer_get (location) &&                             \
      |       ^~~~~~~~~~~~~~~~~~~~
rom-kana.c:399:13: note: in expansion of macro 'g_once_init_enter'
  399 |         if (g_once_init_enter (&skk_rom_kana_entry_type_id__volatile)) {
      |             ^~~~~~~~~~~~~~~~~
rom-kana.c: In function 'skk_rom_kana_node_construct':
rom-kana.c:434:49: warning: variable '_tmp5_' set but not used [-Wunused-but-set-variable]
  434 |                                 SkkRomKanaNode* _tmp5_;
      |                                                 ^~~~~~
rom-kana.c: In function 'skk_rom_kana_node_insert':
rom-kana.c:534:59: warning: array subscript has type 'char' [-Wchar-subscripts]
  534 |                                 _tmp8_ = _tmp6_->children[string_get (key, (glong) _tmp7_)];
      |                                                           ^~~~~~~~~~~~~~~~~~~~~~~~~~~~~~~~
rom-kana.c:547:76: warning: array subscript has type 'char' [-Wchar-subscripts]
  547 |                                         _g_object_unref0 (_tmp9_->children[string_get (key, (glong) _tmp10_)]);
      |                                                                            ^~~~~~~~~~~~~~~~~~~~~~~~~~~~~~~~~
rom-kana.c:52:33: note: in definition of macro '_g_object_unref0'
   52 | #define _g_object_unref0(var) ((var == NULL) ? NULL : (var = (g_object_unref (var), NULL)))
      |                                 ^~~
rom-kana.c:547:76: warning: array subscript has type 'char' [-Wchar-subscripts]
  547 |                                         _g_object_unref0 (_tmp9_->children[string_get (key, (glong) _tmp10_)]);
      |                                                                            ^~~~~~~~~~~~~~~~~~~~~~~~~~~~~~~~~
rom-kana.c:52:56: note: in definition of macro '_g_object_unref0'
   52 | #define _g_object_unref0(var) ((var == NULL) ? NULL : (var = (g_object_unref (var), NULL)))
      |                                                        ^~~
rom-kana.c:547:76: warning: array subscript has type 'char' [-Wchar-subscripts]
  547 |                                         _g_object_unref0 (_tmp9_->children[string_get (key, (glong) _tmp10_)]);
      |                                                                            ^~~~~~~~~~~~~~~~~~~~~~~~~~~~~~~~~
rom-kana.c:52:79: note: in definition of macro '_g_object_unref0'
   52 | #define _g_object_unref0(var) ((var == NULL) ? NULL : (var = (g_object_unref (var), NULL)))
      |                                                                               ^~~
rom-kana.c:548:58: warning: array subscript has type 'char' [-Wchar-subscripts]
  548 |                                         _tmp9_->children[string_get (key, (glong) _tmp10_)] = _tmp11_;
      |                                                          ^~~~~~~~~~~~~~~~~~~~~~~~~~~~~~~~~
rom-kana.c:549:68: warning: array subscript has type 'char' [-Wchar-subscripts]
  549 |                                         _tmp12_ = _tmp9_->children[string_get (key, (glong) _tmp10_)];
      |                                                                    ^~~~~~~~~~~~~~~~~~~~~~~~~~~~~~~~~
rom-kana.c:562:61: warning: array subscript has type 'char' [-Wchar-subscripts]
  562 |                                 _tmp20_ = _tmp18_->children[string_get (key, (glong) _tmp19_)];
      |                                                             ^~~~~~~~~~~~~~~~~~~~~~~~~~~~~~~~~
rom-kana.c:567:45: warning: array subscript has type 'char' [-Wchar-subscripts]
  567 |                                 self->valid[string_get (key, (glong) _tmp22_)] = TRUE;
      |                                             ^~~~~~~~~~~~~~~~~~~~~~~~~~~~~~~~~
rom-kana.c:568:55: warning: array subscript has type 'char' [-Wchar-subscripts]
  568 |                                 _tmp23_ = self->valid[string_get (key, (glong) _tmp22_)];
      |                                                       ^~~~~~~~~~~~~~~~~~~~~~~~~~~~~~~~~
rom-kana.c:519:42: warning: variable '_tmp23_' set but not used [-Wunused-but-set-variable]
  519 |                                 gboolean _tmp23_;
      |                                          ^~~~~~~
rom-kana.c: In function 'skk_rom_kana_node_get_type':
/usr/include/glib-2.0/glib/gatomic.h:131:5: warning: argument 2 of '__atomic_load' discards 'volatile' qualifier [-Wdiscarded-qualifiers]
  131 |     __atomic_load (gapg_temp_atomic, &gapg_temp_newval, __ATOMIC_SEQ_CST); \
      |     ^~~~~~~~~~~~~
/usr/include/glib-2.0/glib/gthread.h:274:7: note: in expansion of macro 'g_atomic_pointer_get'
  274 |     (!g_atomic_pointer_get (location) &&                             \
      |       ^~~~~~~~~~~~~~~~~~~~
rom-kana.c:612:13: note: in expansion of macro 'g_once_init_enter'
  612 |         if (g_once_init_enter (&skk_rom_kana_node_type_id__volatile)) {
      |             ^~~~~~~~~~~~~~~~~
rom-kana.c: In function 'skk_kana_mode_get_type':
/usr/include/glib-2.0/glib/gatomic.h:131:5: warning: argument 2 of '__atomic_load' discards 'volatile' qualifier [-Wdiscarded-qualifiers]
  131 |     __atomic_load (gapg_temp_atomic, &gapg_temp_newval, __ATOMIC_SEQ_CST); \
      |     ^~~~~~~~~~~~~
/usr/include/glib-2.0/glib/gthread.h:274:7: note: in expansion of macro 'g_atomic_pointer_get'
  274 |     (!g_atomic_pointer_get (location) &&                             \
      |       ^~~~~~~~~~~~~~~~~~~~
rom-kana.c:629:13: note: in expansion of macro 'g_once_init_enter'
  629 |         if (g_once_init_enter (&skk_kana_mode_type_id__volatile)) {
      |             ^~~~~~~~~~~~~~~~~
rom-kana.c: In function 'skk_period_style_get_type':
/usr/include/glib-2.0/glib/gatomic.h:131:5: warning: argument 2 of '__atomic_load' discards 'volatile' qualifier [-Wdiscarded-qualifiers]
  131 |     __atomic_load (gapg_temp_atomic, &gapg_temp_newval, __ATOMIC_SEQ_CST); \
      |     ^~~~~~~~~~~~~
/usr/include/glib-2.0/glib/gthread.h:274:7: note: in expansion of macro 'g_atomic_pointer_get'
  274 |     (!g_atomic_pointer_get (location) &&                             \
      |       ^~~~~~~~~~~~~~~~~~~~
rom-kana.c:646:13: note: in expansion of macro 'g_once_init_enter'
  646 |         if (g_once_init_enter (&skk_period_style_type_id__volatile)) {
      |             ^~~~~~~~~~~~~~~~~
rom-kana.c: In function 'g_unichar_to_string':
rom-kana.c:935:34: warning: passing argument 2 of 'g_unichar_to_utf8' discards 'const' qualifier from pointer target type [-Wdiscarded-qualifiers]
  935 |         g_unichar_to_utf8 (self, _tmp1_);
      |                                  ^~~~~~
In file included from /usr/include/glib-2.0/glib/gstring.h:35,
                 from /usr/include/glib-2.0/glib/giochannel.h:36,
                 from /usr/include/glib-2.0/glib.h:56:
/usr/include/glib-2.0/glib/gunicode.h:923:42: note: expected 'gchar *' {aka 'char *'} but argument is of type 'const gchar *' {aka 'const char *'}
  923 |                              gchar      *outbuf);
      |                              ~~~~~~~~~~~~^~~~~~
rom-kana.c: In function 'skk_rom_kana_converter_class_init':
rom-kana.c:1470:9: warning: 'g_type_class_add_private' is deprecated [-Wdeprecated-declarations]
 1470 |         g_type_class_add_private (klass, sizeof (SkkRomKanaConverterPrivate));
      |         ^~~~~~~~~~~~~~~~~~~~~~~~
In file included from /usr/include/glib-2.0/gobject/gobject.h:26,
                 from /usr/include/glib-2.0/gobject/gbinding.h:31,
                 from /usr/include/glib-2.0/glib-object.h:24,
                 from rom-kana.c:25:
/usr/include/glib-2.0/gobject/gtype.h:1503:10: note: declared here
 1503 | void     g_type_class_add_private       (gpointer                    g_class,
      |          ^~~~~~~~~~~~~~~~~~~~~~~~
rom-kana.c: In function 'skk_rom_kana_converter_instance_init':
rom-kana.c:1487:20: warning: Deprecated pre-processor symbol: replace with "G_ADD_PRIVATE"
 1487 |         self->priv = SKK_ROM_KANA_CONVERTER_GET_PRIVATE (self);
      |                    ^~~~~~~~~~~~~~~~~~~~~~~~~~~~~~~~~~~~~~~~~~~~                     
rom-kana.c: In function 'skk_rom_kana_converter_get_type':
/usr/include/glib-2.0/glib/gatomic.h:131:5: warning: argument 2 of '__atomic_load' discards 'volatile' qualifier [-Wdiscarded-qualifiers]
  131 |     __atomic_load (gapg_temp_atomic, &gapg_temp_newval, __ATOMIC_SEQ_CST); \
      |     ^~~~~~~~~~~~~
/usr/include/glib-2.0/glib/gthread.h:274:7: note: in expansion of macro 'g_atomic_pointer_get'
  274 |     (!g_atomic_pointer_get (location) &&                             \
      |       ^~~~~~~~~~~~~~~~~~~~
rom-kana.c:1517:13: note: in expansion of macro 'g_once_init_enter'
 1517 |         if (g_once_init_enter (&skk_rom_kana_converter_type_id__volatile)) {
      |             ^~~~~~~~~~~~~~~~~
rom-kana.c: At top level:
rom-kana.c:1603:1: warning: '_vala_array_free' defined but not used [-Wunused-function]
 1603 | _vala_array_free (gpointer array,
      | ^~~~~~~~~~~~~~~~
rom-kana.c:50:20: warning: 'skk_rom_kana_node_properties' defined but not used [-Wunused-variable]
   50 | static GParamSpec* skk_rom_kana_node_properties[SKK_ROM_KANA_NODE_NUM_PROPERTIES];
      |                    ^~~~~~~~~~~~~~~~~~~~~~~~~~~~
make[2]: Leaving directory '/usr/src/RPM/BUILD/libskk-1.0.4/libskk'
make[2]: Entering directory '/usr/src/RPM/BUILD/libskk-1.0.4/libskk'
/bin/sh ../libtool  --tag=CC   --mode=compile x86_64-alt-linux-gcc -DHAVE_CONFIG_H -I. -I..  -include ../config.h   -pthread -I/usr/include/glib-2.0 -I/usr/lib64/glib-2.0/include -I/usr/include/gee-0.8 -I/usr/include/glib-2.0 -I/usr/lib64/glib-2.0/include -pthread -I/usr/include/json-glib-1.0 -I/usr/include/glib-2.0 -I/usr/lib64/glib-2.0/include -DPKGDATADIR=\"/usr/share/libskk\"  -pipe -frecord-gcc-switches -Wall -g -O2 -flto=auto -fPIC -DPIC -c -o libskk_la-user-dict.lo `test -f 'user-dict.c' || echo './'`user-dict.c
libtool: compile:  x86_64-alt-linux-gcc -DHAVE_CONFIG_H -I. -I.. -include ../config.h -pthread -I/usr/include/glib-2.0 -I/usr/lib64/glib-2.0/include -I/usr/include/gee-0.8 -I/usr/include/glib-2.0 -I/usr/lib64/glib-2.0/include -pthread -I/usr/include/json-glib-1.0 -I/usr/include/glib-2.0 -I/usr/lib64/glib-2.0/include -DPKGDATADIR=\"/usr/share/libskk\" -pipe -frecord-gcc-switches -Wall -g -O2 -flto=auto -fPIC -DPIC -c user-dict.c  -fPIC -DPIC -o .libs/libskk_la-user-dict.o
user-dict.c: In function '_vala_array_dup2':
user-dict.c:216:9: warning: 'g_memdup' is deprecated: Use 'g_memdup2' instead [-Wdeprecated-declarations]
  216 |         return g_memdup (self, length * sizeof (guint8));
      |         ^~~~~~
In file included from /usr/include/glib-2.0/glib/gstring.h:37,
                 from /usr/include/glib-2.0/glib/giochannel.h:36,
                 from /usr/include/glib-2.0/glib.h:56,
                 from user-dict.c:23:
/usr/include/glib-2.0/glib/gstrfuncs.h:338:23: note: declared here
  338 | gpointer              g_memdup         (gconstpointer mem,
      |                       ^~~~~~~~
user-dict.c: In function 'skk_user_dict_load':
user-dict.c:342:53: error: passing argument 3 of 'g_file_load_contents' from incompatible pointer type [-Wincompatible-pointer-types]
  342 |                 g_file_load_contents (_tmp0_, NULL, &_tmp1_, &_tmp2_, &_tmp3_, &_inner_error_);
      |                                                     ^~~~~~~
      |                                                     |
      |                                                     guint8 ** {aka unsigned char **}
In file included from /usr/include/glib-2.0/gio/gio.h:81,
                 from user-dict.c:27:
/usr/include/glib-2.0/gio/gfile.h:1284:71: note: expected 'char **' but argument is of type 'guint8 **' {aka 'unsigned char **'}
 1284 |                                               char                  **contents,
      |                                               ~~~~~~~~~~~~~~~~~~~~~~~~^~~~~~~~
user-dict.c:889:30: warning: unused variable '_c_collection_size_' [-Wunused-variable]
  889 |                         gint _c_collection_size_ = 0;
      |                              ^~~~~~~~~~~~~~~~~~~
user-dict.c:888:30: warning: variable 'c_collection_length1' set but not used [-Wunused-but-set-variable]
  888 |                         gint c_collection_length1 = 0;
      |                              ^~~~~~~~~~~~~~~~~~~~
user-dict.c:662:22: warning: variable '_candidates_size_' set but not used [-Wunused-but-set-variable]
  662 |                 gint _candidates_size_;
      |                      ^~~~~~~~~~~~~~~~~
user-dict.c:320:15: warning: variable 'length' set but not used [-Wunused-but-set-variable]
  320 |         gsize length = 0UL;
      |               ^~~~~~
user-dict.c:308:14: warning: variable '_contents_size_' set but not used [-Wunused-but-set-variable]
  308 |         gint _contents_size_ = 0;
      |              ^~~~~~~~~~~~~~~
user-dict.c: In function 'skk_user_dict_compare_entry_asc':
user-dict.c:1045:16: error: assignment to 'GCompareFunc' {aka 'int (*)(const void *, const void *)'} from incompatible pointer type 'int (*)(const char *, const char *)' [-Wincompatible-pointer-types]
 1045 |         _tmp0_ = g_strcmp0;
      |                ^
user-dict.c: In function 'skk_user_dict_compare_entry_dsc':
user-dict.c:1067:16: error: assignment to 'GCompareFunc' {aka 'int (*)(const void *, const void *)'} from incompatible pointer type 'int (*)(const char *, const char *)' [-Wincompatible-pointer-types]
 1067 |         _tmp0_ = g_strcmp0;
      |                ^
user-dict.c: In function 'skk_user_dict_write_entries':
user-dict.c:1122:24: warning: assignment discards 'const' qualifier from pointer target type [-Wdiscarded-qualifiers]
 1122 |                 _tmp9_ = _tmp8_;
      |                        ^
user-dict.c:1124:25: error: assignment to 'SkkCandidate **' {aka 'struct _SkkCandidate **'} from incompatible pointer type 'void **' [-Wincompatible-pointer-types]
 1124 |                 _tmp12_ = _tmp11_;
      |                         ^
user-dict.c: In function 'string_get_data':
user-dict.c:1155:14: warning: variable '_tmp2_' set but not used [-Wunused-but-set-variable]
 1155 |         gint _tmp2_;
      |              ^~~~~~
user-dict.c:1152:14: warning: variable '_res_size_' set but not used [-Wunused-but-set-variable]
 1152 |         gint _res_size_;
      |              ^~~~~~~~~~
user-dict.c: In function 'skk_user_dict_real_save':
user-dict.c:1311:43: warning: pointer targets in passing argument 2 of 'g_file_replace_contents' differ in signedness [-Wpointer-sign]
 1311 |         g_file_replace_contents (_tmp38_, _tmp41_, (gsize) _tmp41__length1, _tmp42_, FALSE, G_FILE_CREATE_PRIVATE, &_tmp43_, NULL, &_inner_error_);
      |                                           ^~~~~~~
      |                                           |
      |                                           guint8 * {aka unsigned char *}
/usr/include/glib-2.0/gio/gfile.h:1315:71: note: expected 'const char *' but argument is of type 'guint8 *' {aka 'unsigned char *'}
 1315 |                                               const char             *contents,
      |                                               ~~~~~~~~~~~~~~~~~~~~~~~~^~~~~~~~
user-dict.c: In function 'skk_user_dict_real_lookup':
user-dict.c:1386:24: error: assignment to 'SkkCandidate **' {aka 'struct _SkkCandidate **'} from incompatible pointer type 'void **' [-Wincompatible-pointer-types]
 1386 |                 _tmp7_ = _tmp6_;
      |                        ^
user-dict.c: In function 'skk_user_dict_real_complete':
user-dict.c:1521:17: error: assignment to 'gchar **' {aka 'char **'} from incompatible pointer type 'void **' [-Wincompatible-pointer-types]
 1521 |         _tmp27_ = _tmp26_;
      |                 ^
user-dict.c: In function 'skk_user_dict_real_get_read_only':
user-dict.c:1867:22: warning: variable 'self' set but not used [-Wunused-but-set-variable]
 1867 |         SkkUserDict* self;
      |                      ^~~~
user-dict.c: In function 'skk_user_dict_class_init':
user-dict.c:1878:9: warning: 'g_type_class_add_private' is deprecated [-Wdeprecated-declarations]
 1878 |         g_type_class_add_private (klass, sizeof (SkkUserDictPrivate));
      |         ^~~~~~~~~~~~~~~~~~~~~~~~
In file included from /usr/include/glib-2.0/gobject/gobject.h:26,
                 from /usr/include/glib-2.0/gobject/gbinding.h:31,
                 from /usr/include/glib-2.0/glib-object.h:24,
                 from user-dict.c:24:
/usr/include/glib-2.0/gobject/gtype.h:1503:10: note: declared here
 1503 | void     g_type_class_add_private       (gpointer                    g_class,
      |          ^~~~~~~~~~~~~~~~~~~~~~~~
user-dict.c: In function 'skk_user_dict_instance_init':
user-dict.c:1900:20: warning: Deprecated pre-processor symbol: replace with "G_ADD_PRIVATE"
 1900 |         self->priv = SKK_USER_DICT_GET_PRIVATE (self);
      |                    ^~~~~~~~~~~~~~~~~~~~~~~~~~~~~~~~~~~                              
In file included from /usr/include/glib-2.0/glib/gthread.h:34,
                 from /usr/include/glib-2.0/glib/gasyncqueue.h:34,
                 from /usr/include/glib-2.0/glib.h:34:
user-dict.c: In function 'skk_user_dict_get_type':
/usr/include/glib-2.0/glib/gatomic.h:131:5: warning: argument 2 of '__atomic_load' discards 'volatile' qualifier [-Wdiscarded-qualifiers]
  131 |     __atomic_load (gapg_temp_atomic, &gapg_temp_newval, __ATOMIC_SEQ_CST); \
      |     ^~~~~~~~~~~~~
/usr/include/glib-2.0/glib/gthread.h:274:7: note: in expansion of macro 'g_atomic_pointer_get'
  274 |     (!g_atomic_pointer_get (location) &&                             \
      |       ^~~~~~~~~~~~~~~~~~~~
user-dict.c:1979:13: note: in expansion of macro 'g_once_init_enter'
 1979 |         if (g_once_init_enter (&skk_user_dict_type_id__volatile)) {
      |             ^~~~~~~~~~~~~~~~~
make[2]: *** [Makefile:682: libskk_la-user-dict.lo] Error 1
make[2]: Leaving directory '/usr/src/RPM/BUILD/libskk-1.0.4/libskk'
make[2]: Entering directory '/usr/src/RPM/BUILD/libskk-1.0.4/libskk'
/bin/sh ../libtool  --tag=CC   --mode=compile x86_64-alt-linux-gcc -DHAVE_CONFIG_H -I. -I..  -include ../config.h   -pthread -I/usr/include/glib-2.0 -I/usr/lib64/glib-2.0/include -I/usr/include/gee-0.8 -I/usr/include/glib-2.0 -I/usr/lib64/glib-2.0/include -pthread -I/usr/include/json-glib-1.0 -I/usr/include/glib-2.0 -I/usr/lib64/glib-2.0/include -DPKGDATADIR=\"/usr/share/libskk\"  -pipe -frecord-gcc-switches -Wall -g -O2 -flto=auto -fPIC -DPIC -c -o libskk_la-context.lo `test -f 'context.c' || echo './'`context.c
libtool: compile:  x86_64-alt-linux-gcc -DHAVE_CONFIG_H -I. -I.. -include ../config.h -pthread -I/usr/include/glib-2.0 -I/usr/lib64/glib-2.0/include -I/usr/include/gee-0.8 -I/usr/include/glib-2.0 -I/usr/lib64/glib-2.0/include -pthread -I/usr/include/json-glib-1.0 -I/usr/include/glib-2.0 -I/usr/lib64/glib-2.0/include -DPKGDATADIR=\"/usr/share/libskk\" -pipe -frecord-gcc-switches -Wall -g -O2 -flto=auto -fPIC -DPIC -c context.c  -fPIC -DPIC -o .libs/libskk_la-context.o
In file included from /usr/include/glib-2.0/glib/gthread.h:34,
                 from /usr/include/glib-2.0/glib/gasyncqueue.h:34,
                 from /usr/include/glib-2.0/glib.h:34,
                 from context.c:23:
context.c: In function 'skk_input_mode_get_type':
/usr/include/glib-2.0/glib/gatomic.h:131:5: warning: argument 2 of '__atomic_load' discards 'volatile' qualifier [-Wdiscarded-qualifiers]
  131 |     __atomic_load (gapg_temp_atomic, &gapg_temp_newval, __ATOMIC_SEQ_CST); \
      |     ^~~~~~~~~~~~~
/usr/include/glib-2.0/glib/gthread.h:274:7: note: in expansion of macro 'g_atomic_pointer_get'
  274 |     (!g_atomic_pointer_get (location) &&                             \
      |       ^~~~~~~~~~~~~~~~~~~~
context.c:629:13: note: in expansion of macro 'g_once_init_enter'
  629 |         if (g_once_init_enter (&skk_input_mode_type_id__volatile)) {
      |             ^~~~~~~~~~~~~~~~~
context.c: In function 'skk_context_construct':
context.c:801:22: warning: unused variable '_dict_collection_size_' [-Wunused-variable]
  801 |                 gint _dict_collection_size_ = 0;
      |                      ^~~~~~~~~~~~~~~~~~~~~~
context.c:800:22: warning: variable 'dict_collection_length1' set but not used [-Wunused-but-set-variable]
  800 |                 gint dict_collection_length1 = 0;
      |                      ^~~~~~~~~~~~~~~~~~~~~~~
context.c: In function 'skk_context_select_candidate_in_dictionaries':
context.c:1048:22: warning: unused variable '_dict_collection_size_' [-Wunused-variable]
 1048 |                 gint _dict_collection_size_ = 0;
      |                      ^~~~~~~~~~~~~~~~~~~~~~
context.c: In function 'skk_context_save_dictionaries':
context.c:2378:22: warning: unused variable '_dict_collection_size_' [-Wunused-variable]
 2378 |                 gint _dict_collection_size_ = 0;
      |                      ^~~~~~~~~~~~~~~~~~~~~~
context.c: In function 'skk_context_get_dictionaries':
context.c:2426:16: error: assignment to 'SkkDict **' {aka 'struct _SkkDict **'} from incompatible pointer type 'void **' [-Wincompatible-pointer-types]
 2426 |         _tmp3_ = _tmp2_;
      |                ^
context.c: In function 'skk_context_set_dictionaries':
context.c:2448:22: warning: unused variable '_dict_collection_size_' [-Wunused-variable]
 2448 |                 gint _dict_collection_size_ = 0;
      |                      ^~~~~~~~~~~~~~~~~~~~~~
context.c:2447:22: warning: variable 'dict_collection_length1' set but not used [-Wunused-but-set-variable]
 2447 |                 gint dict_collection_length1 = 0;
      |                      ^~~~~~~~~~~~~~~~~~~~~~~
context.c: In function 'skk_context_class_init':
context.c:2858:9: warning: 'g_type_class_add_private' is deprecated [-Wdeprecated-declarations]
 2858 |         g_type_class_add_private (klass, sizeof (SkkContextPrivate));
      |         ^~~~~~~~~~~~~~~~~~~~~~~~
In file included from /usr/include/glib-2.0/gobject/gobject.h:26,
                 from /usr/include/glib-2.0/gobject/gbinding.h:31,
                 from /usr/include/glib-2.0/glib-object.h:24,
                 from context.c:24:
/usr/include/glib-2.0/gobject/gtype.h:1503:10: note: declared here
 1503 | void     g_type_class_add_private       (gpointer                    g_class,
      |          ^~~~~~~~~~~~~~~~~~~~~~~~
context.c: In function 'skk_context_instance_init':
context.c:2926:20: warning: Deprecated pre-processor symbol: replace with "G_ADD_PRIVATE"
 2926 |         self->priv = SKK_CONTEXT_GET_PRIVATE (self);
      |                    ^~~~~~~~~~~~~~~~~~~~~~~~~~~~~~~~~                                
context.c: In function 'skk_context_get_type':
/usr/include/glib-2.0/glib/gatomic.h:131:5: warning: argument 2 of '__atomic_load' discards 'volatile' qualifier [-Wdiscarded-qualifiers]
  131 |     __atomic_load (gapg_temp_atomic, &gapg_temp_newval, __ATOMIC_SEQ_CST); \
      |     ^~~~~~~~~~~~~
/usr/include/glib-2.0/glib/gthread.h:274:7: note: in expansion of macro 'g_atomic_pointer_get'
  274 |     (!g_atomic_pointer_get (location) &&                             \
      |       ^~~~~~~~~~~~~~~~~~~~
context.c:2967:13: note: in expansion of macro 'g_once_init_enter'
 2967 |         if (g_once_init_enter (&skk_context_type_id__volatile)) {
      |             ^~~~~~~~~~~~~~~~~
make[2]: *** [Makefile:738: libskk_la-context.lo] Error 1
make[2]: Leaving directory '/usr/src/RPM/BUILD/libskk-1.0.4/libskk'
make[2]: Entering directory '/usr/src/RPM/BUILD/libskk-1.0.4/libskk'
/bin/sh ../libtool  --tag=CC   --mode=compile x86_64-alt-linux-gcc -DHAVE_CONFIG_H -I. -I..  -include ../config.h   -pthread -I/usr/include/glib-2.0 -I/usr/lib64/glib-2.0/include -I/usr/include/gee-0.8 -I/usr/include/glib-2.0 -I/usr/lib64/glib-2.0/include -pthread -I/usr/include/json-glib-1.0 -I/usr/include/glib-2.0 -I/usr/lib64/glib-2.0/include -DPKGDATADIR=\"/usr/share/libskk\"  -pipe -frecord-gcc-switches -Wall -g -O2 -flto=auto -fPIC -DPIC -c -o libskk_la-cdb-dict.lo `test -f 'cdb-dict.c' || echo './'`cdb-dict.c
libtool: compile:  x86_64-alt-linux-gcc -DHAVE_CONFIG_H -I. -I.. -include ../config.h -pthread -I/usr/include/glib-2.0 -I/usr/lib64/glib-2.0/include -I/usr/include/gee-0.8 -I/usr/include/glib-2.0 -I/usr/lib64/glib-2.0/include -pthread -I/usr/include/json-glib-1.0 -I/usr/include/glib-2.0 -I/usr/lib64/glib-2.0/include -DPKGDATADIR=\"/usr/share/libskk\" -pipe -frecord-gcc-switches -Wall -g -O2 -flto=auto -fPIC -DPIC -c cdb-dict.c  -fPIC -DPIC -o .libs/libskk_la-cdb-dict.o
cdb-dict.c: In function 'skk_cdb_dict_hash':
cdb-dict.c:200:22: warning: unused variable '_c_collection_size_' [-Wunused-variable]
  200 |                 gint _c_collection_size_ = 0;
      |                      ^~~~~~~~~~~~~~~~~~~
cdb-dict.c:199:22: warning: variable 'c_collection_length1' set but not used [-Wunused-but-set-variable]
  199 |                 gint c_collection_length1 = 0;
      |                      ^~~~~~~~~~~~~~~~~~~~
cdb-dict.c: In function 'string_to_utf8':
cdb-dict.c:342:14: warning: variable '_tmp4__length1' set but not used [-Wunused-but-set-variable]
  342 |         gint _tmp4__length1;
      |              ^~~~~~~~~~~~~~
cdb-dict.c:339:14: warning: variable '__result__size_' set but not used [-Wunused-but-set-variable]
  339 |         gint __result__size_;
      |              ^~~~~~~~~~~~~~~
cdb-dict.c: In function 'skk_cdb_dict_real_lookup':
cdb-dict.c:608:62: warning: variable '_tmp61__length1' set but not used [-Wunused-but-set-variable]
  608 |                                                         gint _tmp61__length1;
      |                                                              ^~~~~~~~~~~~~~~
cdb-dict.c:630:62: warning: variable '_tmp64__length1' set but not used [-Wunused-but-set-variable]
  630 |                                                         gint _tmp64__length1;
      |                                                              ^~~~~~~~~~~~~~~
cdb-dict.c:580:54: warning: variable '_tmp54__length1' set but not used [-Wunused-but-set-variable]
  580 |                                                 gint _tmp54__length1;
      |                                                      ^~~~~~~~~~~~~~~
cdb-dict.c:578:54: warning: variable '_data_size_' set but not used [-Wunused-but-set-variable]
  578 |                                                 gint _data_size_;
      |                                                      ^~~~~~~~~~~
cdb-dict.c:388:14: warning: variable '_tmp16__length1' set but not used [-Wunused-but-set-variable]
  388 |         gint _tmp16__length1;
      |              ^~~~~~~~~~~~~~~
cdb-dict.c: In function 'skk_cdb_dict_real_complete':
cdb-dict.c:694:22: warning: variable 'self' set but not used [-Wunused-but-set-variable]
  694 |         SkkCdbDict * self;
      |                      ^~~~
cdb-dict.c: In function 'skk_cdb_dict_real_get_read_only':
cdb-dict.c:785:21: warning: variable 'self' set but not used [-Wunused-but-set-variable]
  785 |         SkkCdbDict* self;
      |                     ^~~~
cdb-dict.c: In function 'skk_cdb_dict_class_init':
cdb-dict.c:796:9: warning: 'g_type_class_add_private' is deprecated [-Wdeprecated-declarations]
  796 |         g_type_class_add_private (klass, sizeof (SkkCdbDictPrivate));
      |         ^~~~~~~~~~~~~~~~~~~~~~~~
In file included from /usr/include/glib-2.0/gobject/gobject.h:26,
                 from /usr/include/glib-2.0/gobject/gbinding.h:31,
                 from /usr/include/glib-2.0/glib-object.h:24,
                 from cdb-dict.c:24:
/usr/include/glib-2.0/gobject/gtype.h:1503:10: note: declared here
 1503 | void     g_type_class_add_private       (gpointer                    g_class,
      |          ^~~~~~~~~~~~~~~~~~~~~~~~
cdb-dict.c: In function 'skk_cdb_dict_instance_init':
cdb-dict.c:813:20: warning: Deprecated pre-processor symbol: replace with "G_ADD_PRIVATE"
  813 |         self->priv = SKK_CDB_DICT_GET_PRIVATE (self);
      |                    ^~~~~~~~~~~~~~~~~~~~~~~~~~~~~~~~~~                               
In file included from /usr/include/glib-2.0/glib/gthread.h:34,
                 from /usr/include/glib-2.0/glib/gasyncqueue.h:34,
                 from /usr/include/glib-2.0/glib.h:34,
                 from cdb-dict.c:23:
cdb-dict.c: In function 'skk_cdb_dict_get_type':
/usr/include/glib-2.0/glib/gatomic.h:131:5: warning: argument 2 of '__atomic_load' discards 'volatile' qualifier [-Wdiscarded-qualifiers]
  131 |     __atomic_load (gapg_temp_atomic, &gapg_temp_newval, __ATOMIC_SEQ_CST); \
      |     ^~~~~~~~~~~~~
/usr/include/glib-2.0/glib/gthread.h:274:7: note: in expansion of macro 'g_atomic_pointer_get'
  274 |     (!g_atomic_pointer_get (location) &&                             \
      |       ^~~~~~~~~~~~~~~~~~~~
cdb-dict.c:837:13: note: in expansion of macro 'g_once_init_enter'
  837 |         if (g_once_init_enter (&skk_cdb_dict_type_id__volatile)) {
      |             ^~~~~~~~~~~~~~~~~
make[2]: Leaving directory '/usr/src/RPM/BUILD/libskk-1.0.4/libskk'
make[2]: Entering directory '/usr/src/RPM/BUILD/libskk-1.0.4/libskk'
/bin/sh ../libtool  --tag=CC   --mode=compile x86_64-alt-linux-gcc -DHAVE_CONFIG_H -I. -I..  -include ../config.h   -pthread -I/usr/include/glib-2.0 -I/usr/lib64/glib-2.0/include -I/usr/include/gee-0.8 -I/usr/include/glib-2.0 -I/usr/lib64/glib-2.0/include -pthread -I/usr/include/json-glib-1.0 -I/usr/include/glib-2.0 -I/usr/lib64/glib-2.0/include -DPKGDATADIR=\"/usr/share/libskk\"  -pipe -frecord-gcc-switches -Wall -g -O2 -flto=auto -fPIC -DPIC -c -o libskk_la-encoding.lo `test -f 'encoding.c' || echo './'`encoding.c
libtool: compile:  x86_64-alt-linux-gcc -DHAVE_CONFIG_H -I. -I.. -include ../config.h -pthread -I/usr/include/glib-2.0 -I/usr/lib64/glib-2.0/include -I/usr/include/gee-0.8 -I/usr/include/glib-2.0 -I/usr/lib64/glib-2.0/include -pthread -I/usr/include/json-glib-1.0 -I/usr/include/glib-2.0 -I/usr/lib64/glib-2.0/include -DPKGDATADIR=\"/usr/share/libskk\" -pipe -frecord-gcc-switches -Wall -g -O2 -flto=auto -fPIC -DPIC -c encoding.c  -fPIC -DPIC -o .libs/libskk_la-encoding.o
encoding.c: In function 'skk_encoding_converter_get_coding_system':
encoding.c:169:34: warning: assignment discards 'const' qualifier from pointer target type [-Wdiscarded-qualifiers]
  169 |                 entry_collection = SKK_ENCODING_CONVERTER_ENCODING_TO_CODING_SYSTEM_RULE;
      |                                  ^
encoding.c:167:22: warning: unused variable '_entry_collection_size_' [-Wunused-variable]
  167 |                 gint _entry_collection_size_ = 0;
      |                      ^~~~~~~~~~~~~~~~~~~~~~~
encoding.c:166:22: warning: variable 'entry_collection_length1' set but not used [-Wunused-but-set-variable]
  166 |                 gint entry_collection_length1 = 0;
      |                      ^~~~~~~~~~~~~~~~~~~~~~~~
encoding.c: In function 'skk_encoding_converter_construct_from_coding_system':
encoding.c:265:34: warning: assignment discards 'const' qualifier from pointer target type [-Wdiscarded-qualifiers]
  265 |                 entry_collection = SKK_ENCODING_CONVERTER_ENCODING_TO_CODING_SYSTEM_RULE;
      |                                  ^
encoding.c:263:22: warning: unused variable '_entry_collection_size_' [-Wunused-variable]
  263 |                 gint _entry_collection_size_ = 0;
      |                      ^~~~~~~~~~~~~~~~~~~~~~~
encoding.c:262:22: warning: variable 'entry_collection_length1' set but not used [-Wunused-but-set-variable]
  262 |                 gint entry_collection_length1 = 0;
      |                      ^~~~~~~~~~~~~~~~~~~~~~~~
encoding.c: In function 'string_get_data':
encoding.c:314:14: warning: variable '_tmp2_' set but not used [-Wunused-but-set-variable]
  314 |         gint _tmp2_;
      |              ^~~~~~
encoding.c:311:14: warning: variable '_res_size_' set but not used [-Wunused-but-set-variable]
  311 |         gint _res_size_;
      |              ^~~~~~~~~~
encoding.c: In function '_vala_array_dup1':
encoding.c:343:9: warning: 'g_memdup' is deprecated: Use 'g_memdup2' instead [-Wdeprecated-declarations]
  343 |         return g_memdup (self, length * sizeof (guint8));
      |         ^~~~~~
In file included from /usr/include/glib-2.0/glib/gstring.h:37,
                 from /usr/include/glib-2.0/glib/giochannel.h:36,
                 from /usr/include/glib-2.0/glib.h:56,
                 from encoding.c:23:
/usr/include/glib-2.0/glib/gstrfuncs.h:338:23: note: declared here
  338 | gpointer              g_memdup         (gconstpointer mem,
      |                       ^~~~~~~~
encoding.c: In function 'skk_encoding_converter_convert':
encoding.c:443:46: warning: variable '_tmp18__length1' set but not used [-Wunused-but-set-variable]
  443 |                                         gint _tmp18__length1;
      |                                              ^~~~~~~~~~~~~~~
encoding.c:401:25: warning: variable '_tmp9_' set but not used [-Wunused-but-set-variable]
  401 |                 guint8* _tmp9_;
      |                         ^~~~~~
encoding.c:399:22: warning: variable '_tmp7__length1' set but not used [-Wunused-but-set-variable]
  399 |                 gint _tmp7__length1;
      |                      ^~~~~~~~~~~~~~
encoding.c:394:25: warning: variable '_tmp6_' set but not used [-Wunused-but-set-variable]
  394 |                 guint8* _tmp6_;
      |                         ^~~~~~
encoding.c:366:14: warning: variable '_outbuf_size_' set but not used [-Wunused-but-set-variable]
  366 |         gint _outbuf_size_;
      |              ^~~~~~~~~~~~~
encoding.c:362:14: warning: variable '_inbuf_size_' set but not used [-Wunused-but-set-variable]
  362 |         gint _inbuf_size_;
      |              ^~~~~~~~~~~~
encoding.c: In function 'skk_encoding_converter_class_init':
encoding.c:569:9: warning: 'g_type_class_add_private' is deprecated [-Wdeprecated-declarations]
  569 |         g_type_class_add_private (klass, sizeof (SkkEncodingConverterPrivate));
      |         ^~~~~~~~~~~~~~~~~~~~~~~~
In file included from /usr/include/glib-2.0/gobject/gobject.h:26,
                 from /usr/include/glib-2.0/gobject/gbinding.h:31,
                 from /usr/include/glib-2.0/glib-object.h:24,
                 from encoding.c:24:
/usr/include/glib-2.0/gobject/gtype.h:1503:10: note: declared here
 1503 | void     g_type_class_add_private       (gpointer                    g_class,
      |          ^~~~~~~~~~~~~~~~~~~~~~~~
encoding.c: In function 'skk_encoding_converter_instance_init':
encoding.c:613:20: warning: Deprecated pre-processor symbol: replace with "G_ADD_PRIVATE"
  613 |         self->priv = SKK_ENCODING_CONVERTER_GET_PRIVATE (self);
      |                    ^~~~~~~~~~~~~~~~~~~~~~~~~~~~~~~~~~~~~~~~~~~~                     
In file included from /usr/include/glib-2.0/glib/gthread.h:34,
                 from /usr/include/glib-2.0/glib/gasyncqueue.h:34,
                 from /usr/include/glib-2.0/glib.h:34:
encoding.c: In function 'skk_encoding_converter_get_type':
/usr/include/glib-2.0/glib/gatomic.h:131:5: warning: argument 2 of '__atomic_load' discards 'volatile' qualifier [-Wdiscarded-qualifiers]
  131 |     __atomic_load (gapg_temp_atomic, &gapg_temp_newval, __ATOMIC_SEQ_CST); \
      |     ^~~~~~~~~~~~~
/usr/include/glib-2.0/glib/gthread.h:274:7: note: in expansion of macro 'g_atomic_pointer_get'
  274 |     (!g_atomic_pointer_get (location) &&                             \
      |       ^~~~~~~~~~~~~~~~~~~~
encoding.c:633:13: note: in expansion of macro 'g_once_init_enter'
  633 |         if (g_once_init_enter (&skk_encoding_converter_type_id__volatile)) {
      |             ^~~~~~~~~~~~~~~~~
make[2]: Leaving directory '/usr/src/RPM/BUILD/libskk-1.0.4/libskk'
make[2]: Entering directory '/usr/src/RPM/BUILD/libskk-1.0.4/libskk'
/bin/sh ../libtool  --tag=CC   --mode=compile x86_64-alt-linux-gcc -DHAVE_CONFIG_H -I. -I..  -include ../config.h   -pthread -I/usr/include/glib-2.0 -I/usr/lib64/glib-2.0/include -I/usr/include/gee-0.8 -I/usr/include/glib-2.0 -I/usr/lib64/glib-2.0/include -pthread -I/usr/include/json-glib-1.0 -I/usr/include/glib-2.0 -I/usr/lib64/glib-2.0/include -DPKGDATADIR=\"/usr/share/libskk\"  -pipe -frecord-gcc-switches -Wall -g -O2 -flto=auto -fPIC -DPIC -c -o libskk_la-map-file.lo `test -f 'map-file.c' || echo './'`map-file.c
libtool: compile:  x86_64-alt-linux-gcc -DHAVE_CONFIG_H -I. -I.. -include ../config.h -pthread -I/usr/include/glib-2.0 -I/usr/lib64/glib-2.0/include -I/usr/include/gee-0.8 -I/usr/include/glib-2.0 -I/usr/lib64/glib-2.0/include -pthread -I/usr/include/json-glib-1.0 -I/usr/include/glib-2.0 -I/usr/lib64/glib-2.0/include -DPKGDATADIR=\"/usr/share/libskk\" -pipe -frecord-gcc-switches -Wall -g -O2 -flto=auto -fPIC -DPIC -c map-file.c  -fPIC -DPIC -o .libs/libskk_la-map-file.o
map-file.c: In function 'skk_map_file_class_init':
map-file.c:854:9: warning: 'g_type_class_add_private' is deprecated [-Wdeprecated-declarations]
  854 |         g_type_class_add_private (klass, sizeof (SkkMapFilePrivate));
      |         ^~~~~~~~~~~~~~~~~~~~~~~~
In file included from /usr/include/glib-2.0/gobject/gobject.h:26,
                 from /usr/include/glib-2.0/gobject/gbinding.h:31,
                 from /usr/include/glib-2.0/glib-object.h:24,
                 from map-file.c:24:
/usr/include/glib-2.0/gobject/gtype.h:1503:10: note: declared here
 1503 | void     g_type_class_add_private       (gpointer                    g_class,
      |          ^~~~~~~~~~~~~~~~~~~~~~~~
map-file.c: In function 'skk_map_file_instance_init':
map-file.c:863:20: warning: Deprecated pre-processor symbol: replace with "G_ADD_PRIVATE"
  863 |         self->priv = SKK_MAP_FILE_GET_PRIVATE (self);
      |                    ^~~~~~~~~~~~~~~~~~~~~~~~~~~~~~~~~~                               
In file included from /usr/include/glib-2.0/glib/gthread.h:34,
                 from /usr/include/glib-2.0/glib/gasyncqueue.h:34,
                 from /usr/include/glib-2.0/glib.h:34,
                 from map-file.c:23:
map-file.c: In function 'skk_map_file_get_type':
/usr/include/glib-2.0/glib/gatomic.h:131:5: warning: argument 2 of '__atomic_load' discards 'volatile' qualifier [-Wdiscarded-qualifiers]
  131 |     __atomic_load (gapg_temp_atomic, &gapg_temp_newval, __ATOMIC_SEQ_CST); \
      |     ^~~~~~~~~~~~~
/usr/include/glib-2.0/glib/gthread.h:274:7: note: in expansion of macro 'g_atomic_pointer_get'
  274 |     (!g_atomic_pointer_get (location) &&                             \
      |       ^~~~~~~~~~~~~~~~~~~~
map-file.c:883:13: note: in expansion of macro 'g_once_init_enter'
  883 |         if (g_once_init_enter (&skk_map_file_type_id__volatile)) {
      |             ^~~~~~~~~~~~~~~~~
map-file.c: At top level:
map-file.c:45:20: warning: 'skk_map_file_properties' defined but not used [-Wunused-variable]
   45 | static GParamSpec* skk_map_file_properties[SKK_MAP_FILE_NUM_PROPERTIES];
      |                    ^~~~~~~~~~~~~~~~~~~~~~~
make[2]: Leaving directory '/usr/src/RPM/BUILD/libskk-1.0.4/libskk'
make[2]: Entering directory '/usr/src/RPM/BUILD/libskk-1.0.4/libskk'
/bin/sh ../libtool  --tag=CC   --mode=compile x86_64-alt-linux-gcc -DHAVE_CONFIG_H -I. -I..  -include ../config.h   -pthread -I/usr/include/glib-2.0 -I/usr/lib64/glib-2.0/include -I/usr/include/gee-0.8 -I/usr/include/glib-2.0 -I/usr/lib64/glib-2.0/include -pthread -I/usr/include/json-glib-1.0 -I/usr/include/glib-2.0 -I/usr/lib64/glib-2.0/include -DPKGDATADIR=\"/usr/share/libskk\"  -pipe -frecord-gcc-switches -Wall -g -O2 -flto=auto -fPIC -DPIC -c -o libskk_la-candidate-list.lo `test -f 'candidate-list.c' || echo './'`candidate-list.c
libtool: compile:  x86_64-alt-linux-gcc -DHAVE_CONFIG_H -I. -I.. -include ../config.h -pthread -I/usr/include/glib-2.0 -I/usr/lib64/glib-2.0/include -I/usr/include/gee-0.8 -I/usr/include/glib-2.0 -I/usr/lib64/glib-2.0/include -pthread -I/usr/include/json-glib-1.0 -I/usr/include/glib-2.0 -I/usr/lib64/glib-2.0/include -DPKGDATADIR=\"/usr/share/libskk\" -pipe -frecord-gcc-switches -Wall -g -O2 -flto=auto -fPIC -DPIC -c candidate-list.c  -fPIC -DPIC -o .libs/libskk_la-candidate-list.o
In file included from /usr/include/glib-2.0/glib/gthread.h:34,
                 from /usr/include/glib-2.0/glib/gasyncqueue.h:34,
                 from /usr/include/glib-2.0/glib.h:34,
                 from candidate-list.c:23:
candidate-list.c: In function 'skk_candidate_list_get_type':
/usr/include/glib-2.0/glib/gatomic.h:131:5: warning: argument 2 of '__atomic_load' discards 'volatile' qualifier [-Wdiscarded-qualifiers]
  131 |     __atomic_load (gapg_temp_atomic, &gapg_temp_newval, __ATOMIC_SEQ_CST); \
      |     ^~~~~~~~~~~~~
/usr/include/glib-2.0/glib/gthread.h:274:7: note: in expansion of macro 'g_atomic_pointer_get'
  274 |     (!g_atomic_pointer_get (location) &&                             \
      |       ^~~~~~~~~~~~~~~~~~~~
candidate-list.c:757:13: note: in expansion of macro 'g_once_init_enter'
  757 |         if (g_once_init_enter (&skk_candidate_list_type_id__volatile)) {
      |             ^~~~~~~~~~~~~~~~~
candidate-list.c: In function '_vala_skk_candidate_list_get_property':
candidate-list.c:773:28: warning: variable 'self' set but not used [-Wunused-but-set-variable]
  773 |         SkkCandidateList * self;
      |                            ^~~~
candidate-list.c: In function '_vala_skk_candidate_list_set_property':
candidate-list.c:789:28: warning: variable 'self' set but not used [-Wunused-but-set-variable]
  789 |         SkkCandidateList * self;
      |                            ^~~~
candidate-list.c: In function 'skk_simple_candidate_list_real_add_candidates':
candidate-list.c:891:22: warning: unused variable '_c_collection_size_' [-Wunused-variable]
  891 |                 gint _c_collection_size_ = 0;
      |                      ^~~~~~~~~~~~~~~~~~~
candidate-list.c:890:22: warning: variable 'c_collection_length1' set but not used [-Wunused-but-set-variable]
  890 |                 gint c_collection_length1 = 0;
      |                      ^~~~~~~~~~~~~~~~~~~~
candidate-list.c: In function 'skk_simple_candidate_list_class_init':
candidate-list.c:1247:9: warning: 'g_type_class_add_private' is deprecated [-Wdeprecated-declarations]
 1247 |         g_type_class_add_private (klass, sizeof (SkkSimpleCandidateListPrivate));
      |         ^~~~~~~~~~~~~~~~~~~~~~~~
In file included from /usr/include/glib-2.0/gobject/gobject.h:26,
                 from /usr/include/glib-2.0/gobject/gbinding.h:31,
                 from /usr/include/glib-2.0/glib-object.h:24,
                 from candidate-list.c:24:
/usr/include/glib-2.0/gobject/gtype.h:1503:10: note: declared here
 1503 | void     g_type_class_add_private       (gpointer                    g_class,
      |          ^~~~~~~~~~~~~~~~~~~~~~~~
candidate-list.c: In function 'skk_simple_candidate_list_instance_init':
candidate-list.c:1281:20: warning: Deprecated pre-processor symbol: replace with "G_ADD_PRIVATE"
 1281 |         self->priv = SKK_SIMPLE_CANDIDATE_LIST_GET_PRIVATE (self);
      |                    ^~~~~~~~~~~~~~~~~~~~~~~~~~~~~~~~~~~~~~~~~~~~~~~                  
candidate-list.c: In function 'skk_simple_candidate_list_get_type':
/usr/include/glib-2.0/glib/gatomic.h:131:5: warning: argument 2 of '__atomic_load' discards 'volatile' qualifier [-Wdiscarded-qualifiers]
  131 |     __atomic_load (gapg_temp_atomic, &gapg_temp_newval, __ATOMIC_SEQ_CST); \
      |     ^~~~~~~~~~~~~
/usr/include/glib-2.0/glib/gthread.h:274:7: note: in expansion of macro 'g_atomic_pointer_get'
  274 |     (!g_atomic_pointer_get (location) &&                             \
      |       ^~~~~~~~~~~~~~~~~~~~
candidate-list.c:1304:13: note: in expansion of macro 'g_once_init_enter'
 1304 |         if (g_once_init_enter (&skk_simple_candidate_list_type_id__volatile)) {
      |             ^~~~~~~~~~~~~~~~~
candidate-list.c: In function 'skk_proxy_candidate_list_class_init':
candidate-list.c:1777:9: warning: 'g_type_class_add_private' is deprecated [-Wdeprecated-declarations]
 1777 |         g_type_class_add_private (klass, sizeof (SkkProxyCandidateListPrivate));
      |         ^~~~~~~~~~~~~~~~~~~~~~~~
/usr/include/glib-2.0/gobject/gtype.h:1503:10: note: declared here
 1503 | void     g_type_class_add_private       (gpointer                    g_class,
      |          ^~~~~~~~~~~~~~~~~~~~~~~~
candidate-list.c: In function 'skk_proxy_candidate_list_instance_init':
candidate-list.c:1810:20: warning: Deprecated pre-processor symbol: replace with "G_ADD_PRIVATE"
 1810 |         self->priv = SKK_PROXY_CANDIDATE_LIST_GET_PRIVATE (self);
      |                    ^~~~~~~~~~~~~~~~~~~~~~~~~~~~~~~~~~~~~~~~~~~~~~                   
candidate-list.c: In function 'skk_proxy_candidate_list_get_type':
/usr/include/glib-2.0/glib/gatomic.h:131:5: warning: argument 2 of '__atomic_load' discards 'volatile' qualifier [-Wdiscarded-qualifiers]
  131 |     __atomic_load (gapg_temp_atomic, &gapg_temp_newval, __ATOMIC_SEQ_CST); \
      |     ^~~~~~~~~~~~~
/usr/include/glib-2.0/glib/gthread.h:274:7: note: in expansion of macro 'g_atomic_pointer_get'
  274 |     (!g_atomic_pointer_get (location) &&                             \
      |       ^~~~~~~~~~~~~~~~~~~~
candidate-list.c:1828:13: note: in expansion of macro 'g_once_init_enter'
 1828 |         if (g_once_init_enter (&skk_proxy_candidate_list_type_id__volatile)) {
      |             ^~~~~~~~~~~~~~~~~
make[2]: Leaving directory '/usr/src/RPM/BUILD/libskk-1.0.4/libskk'
make[2]: Entering directory '/usr/src/RPM/BUILD/libskk-1.0.4/libskk'
/bin/sh ../libtool  --tag=CC   --mode=compile x86_64-alt-linux-gcc -DHAVE_CONFIG_H -I. -I..  -include ../config.h   -pthread -I/usr/include/glib-2.0 -I/usr/lib64/glib-2.0/include -I/usr/include/gee-0.8 -I/usr/include/glib-2.0 -I/usr/lib64/glib-2.0/include -pthread -I/usr/include/json-glib-1.0 -I/usr/include/glib-2.0 -I/usr/lib64/glib-2.0/include -DPKGDATADIR=\"/usr/share/libskk\"  -pipe -frecord-gcc-switches -Wall -g -O2 -flto=auto -fPIC -DPIC -c -o libskk_la-skkserv.lo `test -f 'skkserv.c' || echo './'`skkserv.c
libtool: compile:  x86_64-alt-linux-gcc -DHAVE_CONFIG_H -I. -I.. -include ../config.h -pthread -I/usr/include/glib-2.0 -I/usr/lib64/glib-2.0/include -I/usr/include/gee-0.8 -I/usr/include/glib-2.0 -I/usr/lib64/glib-2.0/include -pthread -I/usr/include/json-glib-1.0 -I/usr/include/glib-2.0 -I/usr/lib64/glib-2.0/include -DPKGDATADIR=\"/usr/share/libskk\" -pipe -frecord-gcc-switches -Wall -g -O2 -flto=auto -fPIC -DPIC -c skkserv.c  -fPIC -DPIC -o .libs/libskk_la-skkserv.o
skkserv.c: In function 'skk_skk_serv_close_connection':
skkserv.c:195:31: warning: variable 'bytes_written' set but not used [-Wunused-but-set-variable]
  195 |                         gsize bytes_written = 0UL;
      |                               ^~~~~~~~~~~~~
skkserv.c:194:32: warning: variable '_tmp1_' set but not used [-Wunused-but-set-variable]
  194 |                         guint8 _tmp1_;
      |                                ^~~~~~
skkserv.c: In function 'skk_skk_serv_real_reload':
skkserv.c:273:23: warning: variable 'bytes_written' set but not used [-Wunused-but-set-variable]
  273 |                 gsize bytes_written = 0UL;
      |                       ^~~~~~~~~~~~~
skkserv.c:272:24: warning: variable '_tmp7_' set but not used [-Wunused-but-set-variable]
  272 |                 guint8 _tmp7_;
      |                        ^~~~~~
skkserv.c: In function 'skk_skk_serv_read_response':
skkserv.c:523:46: warning: variable '_tmp18__length1' set but not used [-Wunused-but-set-variable]
  523 |                                         gint _tmp18__length1;
      |                                              ^~~~~~~~~~~~~~~
skkserv.c:518:46: warning: variable '_tmp14__length1' set but not used [-Wunused-but-set-variable]
  518 |                                         gint _tmp14__length1;
      |                                              ^~~~~~~~~~~~~~~
skkserv.c:516:46: warning: variable '_data_size_' set but not used [-Wunused-but-set-variable]
  516 |                                         gint _data_size_;
      |                                              ^~~~~~~~~~~
skkserv.c: In function 'string_get_data':
skkserv.c:602:14: warning: variable '_tmp2_' set but not used [-Wunused-but-set-variable]
  602 |         gint _tmp2_;
      |              ^~~~~~
skkserv.c:599:14: warning: variable '_res_size_' set but not used [-Wunused-but-set-variable]
  599 |         gint _res_size_;
      |              ^~~~~~~~~~
skkserv.c: In function 'skk_skk_serv_real_lookup':
skkserv.c:699:23: warning: variable 'bytes_written' set but not used [-Wunused-but-set-variable]
  699 |                 gsize bytes_written = 0UL;
      |                       ^~~~~~~~~~~~~
skkserv.c: In function 'skk_skk_serv_real_complete':
skkserv.c:939:23: warning: variable 'bytes_written' set but not used [-Wunused-but-set-variable]
  939 |                 gsize bytes_written = 0UL;
      |                       ^~~~~~~~~~~~~
skkserv.c: In function 'skk_skk_serv_real_get_read_only':
skkserv.c:1176:21: warning: variable 'self' set but not used [-Wunused-but-set-variable]
 1176 |         SkkSkkServ* self;
      |                     ^~~~
skkserv.c: In function 'skk_skk_serv_class_init':
skkserv.c:1187:9: warning: 'g_type_class_add_private' is deprecated [-Wdeprecated-declarations]
 1187 |         g_type_class_add_private (klass, sizeof (SkkSkkServPrivate));
      |         ^~~~~~~~~~~~~~~~~~~~~~~~
In file included from /usr/include/glib-2.0/gobject/gobject.h:26,
                 from /usr/include/glib-2.0/gobject/gbinding.h:31,
                 from /usr/include/glib-2.0/glib-object.h:24,
                 from skkserv.c:24:
/usr/include/glib-2.0/gobject/gtype.h:1503:10: note: declared here
 1503 | void     g_type_class_add_private       (gpointer                    g_class,
      |          ^~~~~~~~~~~~~~~~~~~~~~~~
skkserv.c: In function 'skk_skk_serv_instance_init':
skkserv.c:1204:20: warning: Deprecated pre-processor symbol: replace with "G_ADD_PRIVATE"
 1204 |         self->priv = SKK_SKK_SERV_GET_PRIVATE (self);
      |                    ^~~~~~~~~~~~~~~~~~~~~~~~~~~~~~~~~~                               
In file included from /usr/include/glib-2.0/glib/gthread.h:34,
                 from /usr/include/glib-2.0/glib/gasyncqueue.h:34,
                 from /usr/include/glib-2.0/glib.h:34,
                 from skkserv.c:23:
skkserv.c: In function 'skk_skk_serv_get_type':
/usr/include/glib-2.0/glib/gatomic.h:131:5: warning: argument 2 of '__atomic_load' discards 'volatile' qualifier [-Wdiscarded-qualifiers]
  131 |     __atomic_load (gapg_temp_atomic, &gapg_temp_newval, __ATOMIC_SEQ_CST); \
      |     ^~~~~~~~~~~~~
/usr/include/glib-2.0/glib/gthread.h:274:7: note: in expansion of macro 'g_atomic_pointer_get'
  274 |     (!g_atomic_pointer_get (location) &&                             \
      |       ^~~~~~~~~~~~~~~~~~~~
skkserv.c:1228:13: note: in expansion of macro 'g_once_init_enter'
 1228 |         if (g_once_init_enter (&skk_skk_serv_type_id__volatile)) {
      |             ^~~~~~~~~~~~~~~~~
make[2]: Leaving directory '/usr/src/RPM/BUILD/libskk-1.0.4/libskk'
make[2]: Entering directory '/usr/src/RPM/BUILD/libskk-1.0.4/libskk'
/bin/sh ../libtool  --tag=CC   --mode=compile x86_64-alt-linux-gcc -DHAVE_CONFIG_H -I. -I..  -include ../config.h   -pthread -I/usr/include/glib-2.0 -I/usr/lib64/glib-2.0/include -I/usr/include/gee-0.8 -I/usr/include/glib-2.0 -I/usr/lib64/glib-2.0/include -pthread -I/usr/include/json-glib-1.0 -I/usr/include/glib-2.0 -I/usr/lib64/glib-2.0/include -DPKGDATADIR=\"/usr/share/libskk\"  -pipe -frecord-gcc-switches -Wall -g -O2 -flto=auto -fPIC -DPIC -c -o libskk_la-state.lo `test -f 'state.c' || echo './'`state.c
libtool: compile:  x86_64-alt-linux-gcc -DHAVE_CONFIG_H -I. -I.. -include ../config.h -pthread -I/usr/include/glib-2.0 -I/usr/lib64/glib-2.0/include -I/usr/include/gee-0.8 -I/usr/include/glib-2.0 -I/usr/lib64/glib-2.0/include -pthread -I/usr/include/json-glib-1.0 -I/usr/include/glib-2.0 -I/usr/lib64/glib-2.0/include -DPKGDATADIR=\"/usr/share/libskk\" -pipe -frecord-gcc-switches -Wall -g -O2 -flto=auto -fPIC -DPIC -c state.c  -fPIC -DPIC -o .libs/libskk_la-state.o
state.c: In function 'skk_state_lookup_key':
state.c:907:14: warning: variable '_tmp1__length1' set but not used [-Wunused-but-set-variable]
  907 |         gint _tmp1__length1;
      |              ^~~~~~~~~~~~~~
state.c: In function 'skk_state_where_is':
state.c:941:14: warning: variable '_tmp1__length1' set but not used [-Wunused-but-set-variable]
  941 |         gint _tmp1__length1;
      |              ^~~~~~~~~~~~~~
state.c: In function 'skk_state_construct':
state.c:1100:50: warning: the comparison will always evaluate as 'true' for the address of 'SKK_AUTO_START_HENKAN_KEYWORDS' will never be NULL [-Waddress]
 1100 |         _tmp5_ = (SKK_AUTO_START_HENKAN_KEYWORDS != NULL) ? _vala_array_dup3 (SKK_AUTO_START_HENKAN_KEYWORDS, G_N_ELEMENTS (SKK_AUTO_START_HENKAN_KEYWORDS)) : ((gpointer) SKK_AUTO_START_HENKAN_KEYWORDS);
      |                                                  ^~
state.c:888:14: note: 'SKK_AUTO_START_HENKAN_KEYWORDS' declared here
  888 | const gchar* SKK_AUTO_START_HENKAN_KEYWORDS[33] = {"", "", "", "", "", "", "", "", "", "", "", "", "", "", "", ")", ";", ":", "", "", "", "", "", "", "", "", "", "}", "]", "?", ".", ",", "!"};
      |              ^~~~~~~~~~~~~~~~~~~~~~~~~~~~~~
state.c:1100:79: error: passing argument 1 of '_vala_array_dup3' from incompatible pointer type [-Wincompatible-pointer-types]
 1100 |         _tmp5_ = (SKK_AUTO_START_HENKAN_KEYWORDS != NULL) ? _vala_array_dup3 (SKK_AUTO_START_HENKAN_KEYWORDS, G_N_ELEMENTS (SKK_AUTO_START_HENKAN_KEYWORDS)) : ((gpointer) SKK_AUTO_START_HENKAN_KEYWORDS);
      |                                                                               ^~~~~~~~~~~~~~~~~~~~~~~~~~~~~~
      |                                                                               |
      |                                                                               const gchar ** {aka const char **}
state.c:1056:27: note: expected 'gchar **' {aka 'char **'} but argument is of type 'const gchar **' {aka 'const char **'}
 1056 | _vala_array_dup3 (gchar** self,
      |                   ~~~~~~~~^~~~
state.c: In function 'skk_state_cancel_okuri':
state.c:1336:30: warning: variable '_tmp0_' set but not used [-Wunused-but-set-variable]
 1336 |         SkkRomKanaConverter* _tmp0_;
      |                              ^~~~~~
state.c: In function '_vala_array_dup4':
state.c:1431:9: warning: 'g_memdup' is deprecated: Use 'g_memdup2' instead [-Wdeprecated-declarations]
 1431 |         return g_memdup (self, length * sizeof (gint));
      |         ^~~~~~
In file included from /usr/include/glib-2.0/glib/gstring.h:37,
                 from /usr/include/glib-2.0/glib/giochannel.h:36,
                 from /usr/include/glib-2.0/glib.h:56,
                 from state.c:24:
/usr/include/glib-2.0/glib/gstrfuncs.h:338:23: note: declared here
  338 | gpointer              g_memdup         (gconstpointer mem,
      |                       ^~~~~~~~
In file included from /usr/include/glib-2.0/glib.h:64:
state.c: In function 'skk_state_extract_numerics':
/usr/include/glib-2.0/glib/gmessages.h:694:12: warning: return discards 'const' qualifier from pointer target type [-Wdiscarded-qualifiers]
  694 |     return (val); \
      |            ^
state.c:1528:25: note: in expansion of macro 'g_return_val_if_reached'
 1528 |                         g_return_val_if_reached (midasi);
      |                         ^~~~~~~~~~~~~~~~~~~~~~~
state.c:1486:22: warning: variable '_tmp12__length1' set but not used [-Wunused-but-set-variable]
 1486 |                 gint _tmp12__length1;
      |                      ^~~~~~~~~~~~~~~
state.c:1485:23: warning: variable '_tmp12_' set but not used [-Wunused-but-set-variable]
 1485 |                 gint* _tmp12_;
      |                       ^~~~~~~
state.c: In function 'skk_state_expand_numeric_references':
/usr/include/glib-2.0/glib/gmessages.h:694:12: warning: return discards 'const' qualifier from pointer target type [-Wdiscarded-qualifiers]
  694 |     return (val); \
      |            ^
state.c:1745:41: note: in expansion of macro 'g_return_val_if_reached'
 1745 |                                         g_return_val_if_reached (text);
      |                                         ^~~~~~~~~~~~~~~~~~~~~~~
state.c: In function 'skk_state_lookup':
state.c:1840:14: warning: variable '_numerics_size_' set but not used [-Wunused-but-set-variable]
 1840 |         gint _numerics_size_;
      |              ^~~~~~~~~~~~~~~
state.c: In function 'skk_state_lookup_internal':
state.c:1949:38: warning: unused variable '_candidate_collection_size_' [-Wunused-variable]
 1949 |                                 gint _candidate_collection_size_ = 0;
      |                                      ^~~~~~~~~~~~~~~~~~~~~~~~~~~
state.c:1948:38: warning: variable 'candidate_collection_length1' set but not used [-Wunused-but-set-variable]
 1948 |                                 gint candidate_collection_length1 = 0;
      |                                      ^~~~~~~~~~~~~~~~~~~~~~~~~~~~
state.c:1922:30: warning: variable '__candidates_size_' set but not used [-Wunused-but-set-variable]
 1922 |                         gint __candidates_size_;
      |                              ^~~~~~~~~~~~~~~~~~
state.c: In function 'skk_state_completion_start':
state.c:2149:38: warning: unused variable '_word_collection_size_' [-Wunused-variable]
 2149 |                                 gint _word_collection_size_ = 0;
      |                                      ^~~~~~~~~~~~~~~~~~~~~~
state.c:2148:38: warning: variable 'word_collection_length1' set but not used [-Wunused-but-set-variable]
 2148 |                                 gint word_collection_length1 = 0;
      |                                      ^~~~~~~~~~~~~~~~~~~~~~~
state.c:2124:30: warning: variable '__completion_size_' set but not used [-Wunused-but-set-variable]
 2124 |                         gint __completion_size_;
      |                              ^~~~~~~~~~~~~~~~~~
state.c: In function 'skk_state_class_init':
state.c:2558:9: warning: 'g_type_class_add_private' is deprecated [-Wdeprecated-declarations]
 2558 |         g_type_class_add_private (klass, sizeof (SkkStatePrivate));
      |         ^~~~~~~~~~~~~~~~~~~~~~~~
In file included from /usr/include/glib-2.0/gobject/gobject.h:26,
                 from /usr/include/glib-2.0/gobject/gbinding.h:31,
                 from /usr/include/glib-2.0/glib-object.h:24,
                 from state.c:25:
/usr/include/glib-2.0/gobject/gtype.h:1503:10: note: declared here
 1503 | void     g_type_class_add_private       (gpointer                    g_class,
      |          ^~~~~~~~~~~~~~~~~~~~~~~~
state.c: In function 'skk_state_instance_init':
state.c:2580:20: warning: Deprecated pre-processor symbol: replace with "G_ADD_PRIVATE"
 2580 |         self->priv = SKK_STATE_GET_PRIVATE (self);
      |                    ^~~~~~~~~~~~~~~~~~~~~~~~~~~~~~~                                  
In file included from /usr/include/glib-2.0/glib/gthread.h:34,
                 from /usr/include/glib-2.0/glib/gasyncqueue.h:34,
                 from /usr/include/glib-2.0/glib.h:34:
state.c: In function 'skk_state_get_type':
/usr/include/glib-2.0/glib/gatomic.h:131:5: warning: argument 2 of '__atomic_load' discards 'volatile' qualifier [-Wdiscarded-qualifiers]
  131 |     __atomic_load (gapg_temp_atomic, &gapg_temp_newval, __ATOMIC_SEQ_CST); \
      |     ^~~~~~~~~~~~~
/usr/include/glib-2.0/glib/gthread.h:274:7: note: in expansion of macro 'g_atomic_pointer_get'
  274 |     (!g_atomic_pointer_get (location) &&                             \
      |       ^~~~~~~~~~~~~~~~~~~~
state.c:2624:13: note: in expansion of macro 'g_once_init_enter'
 2624 |         if (g_once_init_enter (&skk_state_type_id__volatile)) {
      |             ^~~~~~~~~~~~~~~~~
state.c: In function 'skk_state_handler_get_type':
/usr/include/glib-2.0/glib/gatomic.h:131:5: warning: argument 2 of '__atomic_load' discards 'volatile' qualifier [-Wdiscarded-qualifiers]
  131 |     __atomic_load (gapg_temp_atomic, &gapg_temp_newval, __ATOMIC_SEQ_CST); \
      |     ^~~~~~~~~~~~~
/usr/include/glib-2.0/glib/gthread.h:274:7: note: in expansion of macro 'g_atomic_pointer_get'
  274 |     (!g_atomic_pointer_get (location) &&                             \
      |       ^~~~~~~~~~~~~~~~~~~~
state.c:2782:13: note: in expansion of macro 'g_once_init_enter'
 2782 |         if (g_once_init_enter (&skk_state_handler_type_id__volatile)) {
      |             ^~~~~~~~~~~~~~~~~
state.c: In function 'skk_input_mode_command_entry_get_type':
/usr/include/glib-2.0/glib/gatomic.h:131:5: warning: argument 2 of '__atomic_load' discards 'volatile' qualifier [-Wdiscarded-qualifiers]
  131 |     __atomic_load (gapg_temp_atomic, &gapg_temp_newval, __ATOMIC_SEQ_CST); \
      |     ^~~~~~~~~~~~~
/usr/include/glib-2.0/glib/gthread.h:274:7: note: in expansion of macro 'g_atomic_pointer_get'
  274 |     (!g_atomic_pointer_get (location) &&                             \
      |       ^~~~~~~~~~~~~~~~~~~~
state.c:2837:13: note: in expansion of macro 'g_once_init_enter'
 2837 |         if (g_once_init_enter (&skk_input_mode_command_entry_type_id__volatile)) {
      |             ^~~~~~~~~~~~~~~~~
state.c: In function 'skk_none_state_handler_real_process_key_event':
state.c:3149:42: warning: assignment discards 'const' qualifier from pointer target type [-Wdiscarded-qualifiers]
 3149 |                         entry_collection = SKK_NONE_STATE_HANDLER_input_mode_commands;
      |                                          ^
state.c:3147:30: warning: unused variable '_entry_collection_size_' [-Wunused-variable]
 3147 |                         gint _entry_collection_size_ = 0;
      |                              ^~~~~~~~~~~~~~~~~~~~~~~
state.c:3146:30: warning: variable 'entry_collection_length1' set but not used [-Wunused-but-set-variable]
 3146 |                         gint entry_collection_length1 = 0;
      |                              ^~~~~~~~~~~~~~~~~~~~~~~~
state.c:2864:31: warning: variable 'self' set but not used [-Wunused-but-set-variable]
 2864 |         SkkNoneStateHandler * self;
      |                               ^~~~
state.c: In function 'skk_none_state_handler_real_get_preedit':
state.c:3501:31: warning: variable 'self' set but not used [-Wunused-but-set-variable]
 3501 |         SkkNoneStateHandler * self;
      |                               ^~~~
state.c: In function 'skk_none_state_handler_get_type':
/usr/include/glib-2.0/glib/gatomic.h:131:5: warning: argument 2 of '__atomic_load' discards 'volatile' qualifier [-Wdiscarded-qualifiers]
  131 |     __atomic_load (gapg_temp_atomic, &gapg_temp_newval, __ATOMIC_SEQ_CST); \
      |     ^~~~~~~~~~~~~
/usr/include/glib-2.0/glib/gthread.h:274:7: note: in expansion of macro 'g_atomic_pointer_get'
  274 |     (!g_atomic_pointer_get (location) &&                             \
      |       ^~~~~~~~~~~~~~~~~~~~
state.c:3571:13: note: in expansion of macro 'g_once_init_enter'
 3571 |         if (g_once_init_enter (&skk_none_state_handler_type_id__volatile)) {
      |             ^~~~~~~~~~~~~~~~~
state.c: In function 'skk_kuten_state_handler_real_get_preedit':
state.c:3967:32: warning: variable 'self' set but not used [-Wunused-but-set-variable]
 3967 |         SkkKutenStateHandler * self;
      |                                ^~~~
state.c: In function 'skk_kuten_state_handler_class_init':
state.c:3996:9: warning: 'g_type_class_add_private' is deprecated [-Wdeprecated-declarations]
 3996 |         g_type_class_add_private (klass, sizeof (SkkKutenStateHandlerPrivate));
      |         ^~~~~~~~~~~~~~~~~~~~~~~~
/usr/include/glib-2.0/gobject/gtype.h:1503:10: note: declared here
 1503 | void     g_type_class_add_private       (gpointer                    g_class,
      |          ^~~~~~~~~~~~~~~~~~~~~~~~
state.c: In function 'skk_kuten_state_handler_instance_init':
state.c:4006:20: warning: Deprecated pre-processor symbol: replace with "G_ADD_PRIVATE"
 4006 |         self->priv = SKK_KUTEN_STATE_HANDLER_GET_PRIVATE (self);
      |                    ^~~~~~~~~~~~~~~~~~~~~~~~~~~~~~~~~~~~~~~~~~~~~                    
state.c: In function 'skk_kuten_state_handler_get_type':
/usr/include/glib-2.0/glib/gatomic.h:131:5: warning: argument 2 of '__atomic_load' discards 'volatile' qualifier [-Wdiscarded-qualifiers]
  131 |     __atomic_load (gapg_temp_atomic, &gapg_temp_newval, __ATOMIC_SEQ_CST); \
      |     ^~~~~~~~~~~~~
/usr/include/glib-2.0/glib/gthread.h:274:7: note: in expansion of macro 'g_atomic_pointer_get'
  274 |     (!g_atomic_pointer_get (location) &&                             \
      |       ^~~~~~~~~~~~~~~~~~~~
state.c:4024:13: note: in expansion of macro 'g_once_init_enter'
 4024 |         if (g_once_init_enter (&skk_kuten_state_handler_type_id__volatile)) {
      |             ^~~~~~~~~~~~~~~~~
state.c: In function 'skk_abbrev_state_handler_real_process_key_event':
state.c:4039:33: warning: variable 'self' set but not used [-Wunused-but-set-variable]
 4039 |         SkkAbbrevStateHandler * self;
      |                                 ^~~~
state.c: In function 'skk_abbrev_state_handler_real_get_preedit':
state.c:4220:33: warning: variable 'self' set but not used [-Wunused-but-set-variable]
 4220 |         SkkAbbrevStateHandler * self;
      |                                 ^~~~
state.c: In function 'skk_abbrev_state_handler_get_type':
/usr/include/glib-2.0/glib/gatomic.h:131:5: warning: argument 2 of '__atomic_load' discards 'volatile' qualifier [-Wdiscarded-qualifiers]
  131 |     __atomic_load (gapg_temp_atomic, &gapg_temp_newval, __ATOMIC_SEQ_CST); \
      |     ^~~~~~~~~~~~~
/usr/include/glib-2.0/glib/gthread.h:274:7: note: in expansion of macro 'g_atomic_pointer_get'
  274 |     (!g_atomic_pointer_get (location) &&                             \
      |       ^~~~~~~~~~~~~~~~~~~~
state.c:4280:13: note: in expansion of macro 'g_once_init_enter'
 4280 |         if (g_once_init_enter (&skk_abbrev_state_handler_type_id__volatile)) {
      |             ^~~~~~~~~~~~~~~~~
state.c: In function 'skk_start_state_handler_real_process_key_event':
state.c:4340:34: warning: assignment discards 'const' qualifier from pointer target type [-Wdiscarded-qualifiers]
 4340 |                 entry_collection = SKK_START_STATE_HANDLER_end_preedit_commands;
      |                                  ^
state.c:4338:22: warning: unused variable '_entry_collection_size_' [-Wunused-variable]
 4338 |                 gint _entry_collection_size_ = 0;
      |                      ^~~~~~~~~~~~~~~~~~~~~~~
state.c:4337:22: warning: variable 'entry_collection_length1' set but not used [-Wunused-but-set-variable]
 4337 |                 gint entry_collection_length1 = 0;
      |                      ^~~~~~~~~~~~~~~~~~~~~~~~
state.c:4707:94: warning: variable '_tmp120_' set but not used [-Wunused-but-set-variable]
 4707 |                                                                         SkkRomKanaConverter* _tmp120_;
      |                                                                                              ^~~~~~~~
state.c: In function 'skk_start_state_handler_real_get_preedit':
state.c:5006:32: warning: variable 'self' set but not used [-Wunused-but-set-variable]
 5006 |         SkkStartStateHandler * self;
      |                                ^~~~
state.c: In function 'skk_start_state_handler_check_auto_conversion':
state.c:5084:22: warning: unused variable '_keyword_collection_size_' [-Wunused-variable]
 5084 |                 gint _keyword_collection_size_ = 0;
      |                      ^~~~~~~~~~~~~~~~~~~~~~~~~
state.c:5083:22: warning: variable 'keyword_collection_length1' set but not used [-Wunused-but-set-variable]
 5083 |                 gint keyword_collection_length1 = 0;
      |                      ^~~~~~~~~~~~~~~~~~~~~~~~~~
state.c: In function 'skk_start_state_handler_get_type':
/usr/include/glib-2.0/glib/gatomic.h:131:5: warning: argument 2 of '__atomic_load' discards 'volatile' qualifier [-Wdiscarded-qualifiers]
  131 |     __atomic_load (gapg_temp_atomic, &gapg_temp_newval, __ATOMIC_SEQ_CST); \
      |     ^~~~~~~~~~~~~
/usr/include/glib-2.0/glib/gthread.h:274:7: note: in expansion of macro 'g_atomic_pointer_get'
  274 |     (!g_atomic_pointer_get (location) &&                             \
      |       ^~~~~~~~~~~~~~~~~~~~
state.c:5200:13: note: in expansion of macro 'g_once_init_enter'
 5200 |         if (g_once_init_enter (&skk_start_state_handler_type_id__volatile)) {
      |             ^~~~~~~~~~~~~~~~~
state.c: In function 'skk_select_state_handler_real_process_key_event':
state.c:5215:33: warning: variable 'self' set but not used [-Wunused-but-set-variable]
 5215 |         SkkSelectStateHandler * self;
      |                                 ^~~~
state.c: In function 'skk_select_state_handler_real_get_preedit':
state.c:5533:33: warning: variable 'self' set but not used [-Wunused-but-set-variable]
 5533 |         SkkSelectStateHandler * self;
      |                                 ^~~~
state.c: In function 'skk_select_state_handler_get_type':
/usr/include/glib-2.0/glib/gatomic.h:131:5: warning: argument 2 of '__atomic_load' discards 'volatile' qualifier [-Wdiscarded-qualifiers]
  131 |     __atomic_load (gapg_temp_atomic, &gapg_temp_newval, __ATOMIC_SEQ_CST); \
      |     ^~~~~~~~~~~~~
/usr/include/glib-2.0/glib/gthread.h:274:7: note: in expansion of macro 'g_atomic_pointer_get'
  274 |     (!g_atomic_pointer_get (location) &&                             \
      |       ^~~~~~~~~~~~~~~~~~~~
state.c:5680:13: note: in expansion of macro 'g_once_init_enter'
 5680 |         if (g_once_init_enter (&skk_select_state_handler_type_id__volatile)) {
      |             ^~~~~~~~~~~~~~~~~
state.c: At top level:
state.c:343:20: warning: 'skk_select_state_handler_properties' defined but not used [-Wunused-variable]
  343 | static GParamSpec* skk_select_state_handler_properties[SKK_SELECT_STATE_HANDLER_NUM_PROPERTIES];
      |                    ^~~~~~~~~~~~~~~~~~~~~~~~~~~~~~~~~~~
state.c:337:20: warning: 'skk_start_state_handler_properties' defined but not used [-Wunused-variable]
  337 | static GParamSpec* skk_start_state_handler_properties[SKK_START_STATE_HANDLER_NUM_PROPERTIES];
      |                    ^~~~~~~~~~~~~~~~~~~~~~~~~~~~~~~~~~
state.c:321:20: warning: 'skk_abbrev_state_handler_properties' defined but not used [-Wunused-variable]
  321 | static GParamSpec* skk_abbrev_state_handler_properties[SKK_ABBREV_STATE_HANDLER_NUM_PROPERTIES];
      |                    ^~~~~~~~~~~~~~~~~~~~~~~~~~~~~~~~~~~
state.c:315:20: warning: 'skk_kuten_state_handler_properties' defined but not used [-Wunused-variable]
  315 | static GParamSpec* skk_kuten_state_handler_properties[SKK_KUTEN_STATE_HANDLER_NUM_PROPERTIES];
      |                    ^~~~~~~~~~~~~~~~~~~~~~~~~~~~~~~~~~
state.c:266:20: warning: 'skk_none_state_handler_properties' defined but not used [-Wunused-variable]
  266 | static GParamSpec* skk_none_state_handler_properties[SKK_NONE_STATE_HANDLER_NUM_PROPERTIES];
      |                    ^~~~~~~~~~~~~~~~~~~~~~~~~~~~~~~~~
state.c:257:20: warning: 'skk_state_handler_properties' defined but not used [-Wunused-variable]
  257 | static GParamSpec* skk_state_handler_properties[SKK_STATE_HANDLER_NUM_PROPERTIES];
      |                    ^~~~~~~~~~~~~~~~~~~~~~~~~~~~
make[2]: *** [Makefile:731: libskk_la-state.lo] Error 1
make[2]: Leaving directory '/usr/src/RPM/BUILD/libskk-1.0.4/libskk'
make[2]: Entering directory '/usr/src/RPM/BUILD/libskk-1.0.4/libskk'
/bin/sh ../libtool  --tag=CC   --mode=compile x86_64-alt-linux-gcc -DHAVE_CONFIG_H -I. -I..  -include ../config.h   -pthread -I/usr/include/glib-2.0 -I/usr/lib64/glib-2.0/include -I/usr/include/gee-0.8 -I/usr/include/glib-2.0 -I/usr/lib64/glib-2.0/include -pthread -I/usr/include/json-glib-1.0 -I/usr/include/glib-2.0 -I/usr/lib64/glib-2.0/include -DPKGDATADIR=\"/usr/share/libskk\"  -pipe -frecord-gcc-switches -Wall -g -O2 -flto=auto -fPIC -DPIC -c -o libskk_la-rule.lo `test -f 'rule.c' || echo './'`rule.c
libtool: compile:  x86_64-alt-linux-gcc -DHAVE_CONFIG_H -I. -I.. -include ../config.h -pthread -I/usr/include/glib-2.0 -I/usr/lib64/glib-2.0/include -I/usr/include/gee-0.8 -I/usr/include/glib-2.0 -I/usr/lib64/glib-2.0/include -pthread -I/usr/include/json-glib-1.0 -I/usr/include/glib-2.0 -I/usr/lib64/glib-2.0/include -DPKGDATADIR=\"/usr/share/libskk\" -pipe -frecord-gcc-switches -Wall -g -O2 -flto=auto -fPIC -DPIC -c rule.c  -fPIC -DPIC -o .libs/libskk_la-rule.o
In file included from /usr/include/glib-2.0/glib/gthread.h:34,
                 from /usr/include/glib-2.0/glib/gasyncqueue.h:34,
                 from /usr/include/glib-2.0/glib.h:34,
                 from rule.c:23:
rule.c: In function 'skk_keymap_map_file_get_type':
/usr/include/glib-2.0/glib/gatomic.h:131:5: warning: argument 2 of '__atomic_load' discards 'volatile' qualifier [-Wdiscarded-qualifiers]
  131 |     __atomic_load (gapg_temp_atomic, &gapg_temp_newval, __ATOMIC_SEQ_CST); \
      |     ^~~~~~~~~~~~~
/usr/include/glib-2.0/glib/gthread.h:274:7: note: in expansion of macro 'g_atomic_pointer_get'
  274 |     (!g_atomic_pointer_get (location) &&                             \
      |       ^~~~~~~~~~~~~~~~~~~~
rule.c:531:13: note: in expansion of macro 'g_once_init_enter'
  531 |         if (g_once_init_enter (&skk_keymap_map_file_type_id__volatile)) {
      |             ^~~~~~~~~~~~~~~~~
rule.c: In function 'skk_rom_kana_map_file_get_type':
/usr/include/glib-2.0/glib/gatomic.h:131:5: warning: argument 2 of '__atomic_load' discards 'volatile' qualifier [-Wdiscarded-qualifiers]
  131 |     __atomic_load (gapg_temp_atomic, &gapg_temp_newval, __ATOMIC_SEQ_CST); \
      |     ^~~~~~~~~~~~~
/usr/include/glib-2.0/glib/gthread.h:274:7: note: in expansion of macro 'g_atomic_pointer_get'
  274 |     (!g_atomic_pointer_get (location) &&                             \
      |       ^~~~~~~~~~~~~~~~~~~~
rule.c:890:13: note: in expansion of macro 'g_once_init_enter'
  890 |         if (g_once_init_enter (&skk_rom_kana_map_file_type_id__volatile)) {
      |             ^~~~~~~~~~~~~~~~~
rule.c: In function 'skk_rule_metadata_get_type':
/usr/include/glib-2.0/glib/gatomic.h:131:5: warning: argument 2 of '__atomic_load' discards 'volatile' qualifier [-Wdiscarded-qualifiers]
  131 |     __atomic_load (gapg_temp_atomic, &gapg_temp_newval, __ATOMIC_SEQ_CST); \
      |     ^~~~~~~~~~~~~
/usr/include/glib-2.0/glib/gthread.h:274:7: note: in expansion of macro 'g_atomic_pointer_get'
  274 |     (!g_atomic_pointer_get (location) &&                             \
      |       ^~~~~~~~~~~~~~~~~~~~
rule.c:1018:13: note: in expansion of macro 'g_once_init_enter'
 1018 |         if (g_once_init_enter (&skk_rule_metadata_type_id__volatile)) {
      |             ^~~~~~~~~~~~~~~~~
rule.c: In function 'skk_rule_construct':
rule.c:1402:34: warning: assignment discards 'const' qualifier from pointer target type [-Wdiscarded-qualifiers]
 1402 |                 entry_collection = SKK_RULE_keymap_names;
      |                                  ^
rule.c:1428:51: warning: variable '_tmp27_' set but not used [-Wunused-but-set-variable]
 1428 |                                 SkkKeymapMapFile* _tmp27_;
      |                                                   ^~~~~~~
rule.c:1424:38: warning: variable '_tmp23__length1' set but not used [-Wunused-but-set-variable]
 1424 |                                 gint _tmp23__length1;
      |                                      ^~~~~~~~~~~~~~~
rule.c:1400:22: warning: unused variable '_entry_collection_size_' [-Wunused-variable]
 1400 |                 gint _entry_collection_size_ = 0;
      |                      ^~~~~~~~~~~~~~~~~~~~~~~
rule.c:1399:22: warning: variable 'entry_collection_length1' set but not used [-Wunused-but-set-variable]
 1399 |                 gint entry_collection_length1 = 0;
      |                      ^~~~~~~~~~~~~~~~~~~~~~~~
rule.c: In function 'skk_rule_find_rule':
rule.c:1564:22: warning: unused variable '_dir_collection_size_' [-Wunused-variable]
 1564 |                 gint _dir_collection_size_ = 0;
      |                      ^~~~~~~~~~~~~~~~~~~~~
rule.c:1563:22: warning: variable 'dir_collection_length1' set but not used [-Wunused-but-set-variable]
 1563 |                 gint dir_collection_length1 = 0;
      |                      ^~~~~~~~~~~~~~~~~~~~~~
rule.c: In function 'skk_rule_list':
rule.c:1810:62: warning: variable '_tmp24__length1' set but not used [-Wunused-but-set-variable]
 1810 |                                                         gint _tmp24__length1;
      |                                                              ^~~~~~~~~~~~~~~
rule.c:1809:74: warning: variable '_tmp24_' set but not used [-Wunused-but-set-variable]
 1809 |                                                         SkkRuleMetadata* _tmp24_;
      |                                                                          ^~~~~~~
rule.c:1719:22: warning: unused variable '_dir_collection_size_' [-Wunused-variable]
 1719 |                 gint _dir_collection_size_ = 0;
      |                      ^~~~~~~~~~~~~~~~~~~~~
rule.c:1718:22: warning: variable 'dir_collection_length1' set but not used [-Wunused-but-set-variable]
 1718 |                 gint dir_collection_length1 = 0;
      |                      ^~~~~~~~~~~~~~~~~~~~~~
rule.c: In function 'skk_rule_keymap_name_entry_get_type':
/usr/include/glib-2.0/glib/gatomic.h:131:5: warning: argument 2 of '__atomic_load' discards 'volatile' qualifier [-Wdiscarded-qualifiers]
  131 |     __atomic_load (gapg_temp_atomic, &gapg_temp_newval, __ATOMIC_SEQ_CST); \
      |     ^~~~~~~~~~~~~
/usr/include/glib-2.0/glib/gthread.h:274:7: note: in expansion of macro 'g_atomic_pointer_get'
  274 |     (!g_atomic_pointer_get (location) &&                             \
      |       ^~~~~~~~~~~~~~~~~~~~
rule.c:1998:13: note: in expansion of macro 'g_once_init_enter'
 1998 |         if (g_once_init_enter (&skk_rule_keymap_name_entry_type_id__volatile)) {
      |             ^~~~~~~~~~~~~~~~~
rule.c: In function 'skk_rule_class_init':
rule.c:2019:9: warning: 'g_type_class_add_private' is deprecated [-Wdeprecated-declarations]
 2019 |         g_type_class_add_private (klass, sizeof (SkkRulePrivate));
      |         ^~~~~~~~~~~~~~~~~~~~~~~~
In file included from /usr/include/glib-2.0/gobject/gobject.h:26,
                 from /usr/include/glib-2.0/gobject/gbinding.h:31,
                 from /usr/include/glib-2.0/glib-object.h:24,
                 from rule.c:24:
/usr/include/glib-2.0/gobject/gtype.h:1503:10: note: declared here
 1503 | void     g_type_class_add_private       (gpointer                    g_class,
      |          ^~~~~~~~~~~~~~~~~~~~~~~~
rule.c: In function 'skk_rule_instance_init':
rule.c:2049:20: warning: Deprecated pre-processor symbol: replace with "G_ADD_PRIVATE"
 2049 |         self->priv = SKK_RULE_GET_PRIVATE (self);
      |                    ^~~~~~~~~~~~~~~~~~~~~~~~~~~~~~                                   
rule.c: In function 'skk_rule_get_type':
/usr/include/glib-2.0/glib/gatomic.h:131:5: warning: argument 2 of '__atomic_load' discards 'volatile' qualifier [-Wdiscarded-qualifiers]
  131 |     __atomic_load (gapg_temp_atomic, &gapg_temp_newval, __ATOMIC_SEQ_CST); \
      |     ^~~~~~~~~~~~~
/usr/include/glib-2.0/glib/gthread.h:274:7: note: in expansion of macro 'g_atomic_pointer_get'
  274 |     (!g_atomic_pointer_get (location) &&                             \
      |       ^~~~~~~~~~~~~~~~~~~~
rule.c:2086:13: note: in expansion of macro 'g_once_init_enter'
 2086 |         if (g_once_init_enter (&skk_rule_type_id__volatile)) {
      |             ^~~~~~~~~~~~~~~~~
rule.c: At top level:
rule.c:99:20: warning: 'skk_rom_kana_map_file_properties' defined but not used [-Wunused-variable]
   99 | static GParamSpec* skk_rom_kana_map_file_properties[SKK_ROM_KANA_MAP_FILE_NUM_PROPERTIES];
      |                    ^~~~~~~~~~~~~~~~~~~~~~~~~~~~~~~~
rule.c:67:20: warning: 'skk_keymap_map_file_properties' defined but not used [-Wunused-variable]
   67 | static GParamSpec* skk_keymap_map_file_properties[SKK_KEYMAP_MAP_FILE_NUM_PROPERTIES];
      |                    ^~~~~~~~~~~~~~~~~~~~~~~~~~~~~~
make[2]: Leaving directory '/usr/src/RPM/BUILD/libskk-1.0.4/libskk'
make[2]: Entering directory '/usr/src/RPM/BUILD/libskk-1.0.4/libskk'
/bin/sh ../libtool  --tag=CC   --mode=compile x86_64-alt-linux-gcc -DHAVE_CONFIG_H -I. -I..  -include ../config.h   -pthread -I/usr/include/glib-2.0 -I/usr/lib64/glib-2.0/include -I/usr/include/gee-0.8 -I/usr/include/glib-2.0 -I/usr/lib64/glib-2.0/include -pthread -I/usr/include/json-glib-1.0 -I/usr/include/glib-2.0 -I/usr/lib64/glib-2.0/include -DPKGDATADIR=\"/usr/share/libskk\"  -pipe -frecord-gcc-switches -Wall -g -O2 -flto=auto -fPIC -DPIC -c -o libskk_la-nicola.lo `test -f 'nicola.c' || echo './'`nicola.c
libtool: compile:  x86_64-alt-linux-gcc -DHAVE_CONFIG_H -I. -I.. -include ../config.h -pthread -I/usr/include/glib-2.0 -I/usr/lib64/glib-2.0/include -I/usr/include/gee-0.8 -I/usr/include/glib-2.0 -I/usr/lib64/glib-2.0/include -pthread -I/usr/include/json-glib-1.0 -I/usr/include/glib-2.0 -I/usr/lib64/glib-2.0/include -DPKGDATADIR=\"/usr/share/libskk\" -pipe -frecord-gcc-switches -Wall -g -O2 -flto=auto -fPIC -DPIC -c nicola.c  -fPIC -DPIC -o .libs/libskk_la-nicola.o
nicola.c: In function 'skk_nicola_key_event_filter_get_time':
nicola.c:272:9: warning: 'GTimeVal' is deprecated: Use 'GDateTime' instead [-Wdeprecated-declarations]
  272 |         GTimeVal tv = {0};
      |         ^~~~~~~~
In file included from /usr/include/glib-2.0/glib/galloca.h:34,
                 from /usr/include/glib-2.0/glib.h:32,
                 from nicola.c:23:
/usr/include/glib-2.0/glib/gtypes.h:580:8: note: declared here
  580 | struct _GTimeVal
      |        ^~~~~~~~~
nicola.c:273:9: warning: 'GTimeVal' is deprecated: Use 'GDateTime' instead [-Wdeprecated-declarations]
  273 |         GTimeVal _tmp0_;
      |         ^~~~~~~~
/usr/include/glib-2.0/glib/gtypes.h:580:8: note: declared here
  580 | struct _GTimeVal
      |        ^~~~~~~~~
nicola.c:275:9: warning: 'GTimeVal' is deprecated: Use 'GDateTime' instead [-Wdeprecated-declarations]
  275 |         GTimeVal _tmp2_;
      |         ^~~~~~~~
/usr/include/glib-2.0/glib/gtypes.h:580:8: note: declared here
  580 | struct _GTimeVal
      |        ^~~~~~~~~
nicola.c:277:9: warning: 'g_get_current_time' is deprecated: Use 'g_get_real_time' instead [-Wdeprecated-declarations]
  277 |         g_get_current_time (&tv);
      |         ^~~~~~~~~~~~~~~~~~
In file included from /usr/include/glib-2.0/glib/giochannel.h:35,
                 from /usr/include/glib-2.0/glib.h:56:
/usr/include/glib-2.0/glib/gmain.h:825:8: note: declared here
  825 | void   g_get_current_time                 (GTimeVal       *result);
      |        ^~~~~~~~~~~~~~~~~~
nicola.c: In function 'g_unichar_to_string':
nicola.c:355:34: warning: passing argument 2 of 'g_unichar_to_utf8' discards 'const' qualifier from pointer target type [-Wdiscarded-qualifiers]
  355 |         g_unichar_to_utf8 (self, _tmp1_);
      |                                  ^~~~~~
In file included from /usr/include/glib-2.0/glib/gstring.h:35,
                 from /usr/include/glib-2.0/glib/giochannel.h:36:
/usr/include/glib-2.0/glib/gunicode.h:923:42: note: expected 'gchar *' {aka 'char *'} but argument is of type 'const gchar *' {aka 'const char *'}
  923 |                              gchar      *outbuf);
      |                              ~~~~~~~~~~~~^~~~~~
nicola.c: In function 'skk_nicola_key_event_filter_dispatch':
nicola.c:1024:100: warning: passing argument 3 of '_vala_string_array_contains' discards 'const' qualifier from pointer target type [-Wdiscarded-qualifiers]
 1024 |                                         if (_vala_string_array_contains (_tmp74_, _tmp74__length1, _tmp73_)) {
      |                                                                                                    ^~~~~~~
nicola.c:786:37: note: expected 'gchar *' {aka 'char *'} but argument is of type 'const gchar *' {aka 'const char *'}
  786 |                              gchar* needle)
      |                              ~~~~~~~^~~~~~
nicola.c: In function 'skk_nicola_key_event_filter_constructor':
nicola.c:1367:63: warning: the comparison will always evaluate as 'true' for the address of 'SKK_NICOLA_KEY_EVENT_FILTER_SPECIAL_DOUBLES' will never be NULL [-Waddress]
 1367 |         _tmp0_ = (SKK_NICOLA_KEY_EVENT_FILTER_SPECIAL_DOUBLES != NULL) ? _vala_array_dup6 (SKK_NICOLA_KEY_EVENT_FILTER_SPECIAL_DOUBLES, G_N_ELEMENTS (SKK_NICOLA_KEY_EVENT_FILTER_SPECIAL_DOUBLES)) : ((gpointer) SKK_NICOLA_KEY_EVENT_FILTER_SPECIAL_DOUBLES);
      |                                                               ^~
nicola.c:257:21: note: 'SKK_NICOLA_KEY_EVENT_FILTER_SPECIAL_DOUBLES' declared here
  257 | static const gchar* SKK_NICOLA_KEY_EVENT_FILTER_SPECIAL_DOUBLES[4] = {"[fj]", "[gh]", "[dk]", "[LR]"};
      |                     ^~~~~~~~~~~~~~~~~~~~~~~~~~~~~~~~~~~~~~~~~~~
nicola.c:1367:92: error: passing argument 1 of '_vala_array_dup6' from incompatible pointer type [-Wincompatible-pointer-types]
 1367 |         _tmp0_ = (SKK_NICOLA_KEY_EVENT_FILTER_SPECIAL_DOUBLES != NULL) ? _vala_array_dup6 (SKK_NICOLA_KEY_EVENT_FILTER_SPECIAL_DOUBLES, G_N_ELEMENTS (SKK_NICOLA_KEY_EVENT_FILTER_SPECIAL_DOUBLES)) : ((gpointer) SKK_NICOLA_KEY_EVENT_FILTER_SPECIAL_DOUBLES);
      |                                                                                            ^~~~~~~~~~~~~~~~~~~~~~~~~~~~~~~~~~~~~~~~~~~
      |                                                                                            |
      |                                                                                            const gchar ** {aka const char **}
nicola.c:1339:27: note: expected 'gchar **' {aka 'char **'} but argument is of type 'const gchar **' {aka 'const char **'}
 1339 | _vala_array_dup6 (gchar** self,
      |                   ~~~~~~~~^~~~
nicola.c: In function 'skk_nicola_key_event_filter_timed_entry_class_init':
nicola.c:1557:9: warning: 'g_type_class_add_private' is deprecated [-Wdeprecated-declarations]
 1557 |         g_type_class_add_private (klass, sizeof (SkkNicolaKeyEventFilterTimedEntryPrivate));
      |         ^~~~~~~~~~~~~~~~~~~~~~~~
In file included from /usr/include/glib-2.0/gobject/gobject.h:26,
                 from /usr/include/glib-2.0/gobject/gbinding.h:31,
                 from /usr/include/glib-2.0/glib-object.h:24,
                 from nicola.c:24:
/usr/include/glib-2.0/gobject/gtype.h:1503:10: note: declared here
 1503 | void     g_type_class_add_private       (gpointer                    g_class,
      |          ^~~~~~~~~~~~~~~~~~~~~~~~
nicola.c: In function 'skk_nicola_key_event_filter_timed_entry_instance_init':
nicola.c:1564:20: warning: Deprecated pre-processor symbol: replace with "G_ADD_PRIVATE"
 1564 |         self->priv = SKK_NICOLA_KEY_EVENT_FILTER_TIMED_ENTRY_GET_PRIVATE (self);
      |                    ^~~~~~~~~~~~~~~~~~~~~~~~~~~~~~~~~~~~~~~~~~~~~~~~~~~~~~~~~~~~~    
In file included from /usr/include/glib-2.0/glib/gthread.h:34,
                 from /usr/include/glib-2.0/glib/gasyncqueue.h:34,
                 from /usr/include/glib-2.0/glib.h:34:
nicola.c: In function 'skk_nicola_key_event_filter_timed_entry_get_type':
/usr/include/glib-2.0/glib/gatomic.h:131:5: warning: argument 2 of '__atomic_load' discards 'volatile' qualifier [-Wdiscarded-qualifiers]
  131 |     __atomic_load (gapg_temp_atomic, &gapg_temp_newval, __ATOMIC_SEQ_CST); \
      |     ^~~~~~~~~~~~~
/usr/include/glib-2.0/glib/gthread.h:274:7: note: in expansion of macro 'g_atomic_pointer_get'
  274 |     (!g_atomic_pointer_get (location) &&                             \
      |       ^~~~~~~~~~~~~~~~~~~~
nicola.c:1583:13: note: in expansion of macro 'g_once_init_enter'
 1583 |         if (g_once_init_enter (&skk_nicola_key_event_filter_timed_entry_type_id__volatile)) {
      |             ^~~~~~~~~~~~~~~~~
nicola.c: In function 'skk_nicola_key_event_filter_class_init':
nicola.c:1621:9: warning: 'g_type_class_add_private' is deprecated [-Wdeprecated-declarations]
 1621 |         g_type_class_add_private (klass, sizeof (SkkNicolaKeyEventFilterPrivate));
      |         ^~~~~~~~~~~~~~~~~~~~~~~~
/usr/include/glib-2.0/gobject/gtype.h:1503:10: note: declared here
 1503 | void     g_type_class_add_private       (gpointer                    g_class,
      |          ^~~~~~~~~~~~~~~~~~~~~~~~
nicola.c: In function 'skk_nicola_key_event_filter_instance_init':
nicola.c:1633:20: warning: Deprecated pre-processor symbol: replace with "G_ADD_PRIVATE"
 1633 |         self->priv = SKK_NICOLA_KEY_EVENT_FILTER_GET_PRIVATE (self);
      |                    ^~~~~~~~~~~~~~~~~~~~~~~~~~~~~~~~~~~~~~~~~~~~~~~~~                
nicola.c: In function 'skk_nicola_key_event_filter_get_type':
/usr/include/glib-2.0/glib/gatomic.h:131:5: warning: argument 2 of '__atomic_load' discards 'volatile' qualifier [-Wdiscarded-qualifiers]
  131 |     __atomic_load (gapg_temp_atomic, &gapg_temp_newval, __ATOMIC_SEQ_CST); \
      |     ^~~~~~~~~~~~~
/usr/include/glib-2.0/glib/gthread.h:274:7: note: in expansion of macro 'g_atomic_pointer_get'
  274 |     (!g_atomic_pointer_get (location) &&                             \
      |       ^~~~~~~~~~~~~~~~~~~~
nicola.c:1673:13: note: in expansion of macro 'g_once_init_enter'
 1673 |         if (g_once_init_enter (&skk_nicola_key_event_filter_type_id__volatile)) {
      |             ^~~~~~~~~~~~~~~~~
nicola.c: At top level:
nicola.c:76:20: warning: 'skk_nicola_key_event_filter_properties' defined but not used [-Wunused-variable]
   76 | static GParamSpec* skk_nicola_key_event_filter_properties[SKK_NICOLA_KEY_EVENT_FILTER_NUM_PROPERTIES];
      |                    ^~~~~~~~~~~~~~~~~~~~~~~~~~~~~~~~~~~~~~
make[2]: *** [Makefile:759: libskk_la-nicola.lo] Error 1
make[2]: Leaving directory '/usr/src/RPM/BUILD/libskk-1.0.4/libskk'
make[2]: Entering directory '/usr/src/RPM/BUILD/libskk-1.0.4/libskk'
/bin/sh ../libtool  --tag=CC   --mode=compile x86_64-alt-linux-gcc -DHAVE_CONFIG_H -I. -I..  -include ../config.h   -pthread -I/usr/include/glib-2.0 -I/usr/lib64/glib-2.0/include -I/usr/include/gee-0.8 -I/usr/include/glib-2.0 -I/usr/lib64/glib-2.0/include -pthread -I/usr/include/json-glib-1.0 -I/usr/include/glib-2.0 -I/usr/lib64/glib-2.0/include -DPKGDATADIR=\"/usr/share/libskk\"  -pipe -frecord-gcc-switches -Wall -g -O2 -flto=auto -fPIC -DPIC -c -o libskk_la-util.lo `test -f 'util.c' || echo './'`util.c
libtool: compile:  x86_64-alt-linux-gcc -DHAVE_CONFIG_H -I. -I.. -include ../config.h -pthread -I/usr/include/glib-2.0 -I/usr/lib64/glib-2.0/include -I/usr/include/gee-0.8 -I/usr/include/glib-2.0 -I/usr/lib64/glib-2.0/include -pthread -I/usr/include/json-glib-1.0 -I/usr/include/glib-2.0 -I/usr/lib64/glib-2.0/include -DPKGDATADIR=\"/usr/share/libskk\" -pipe -frecord-gcc-switches -Wall -g -O2 -flto=auto -fPIC -DPIC -c util.c  -fPIC -DPIC -o .libs/libskk_la-util.o
util.c: In function 'skk_entry_copy':
util.c:323:21: warning: assignment discards 'const' qualifier from pointer target type [-Wdiscarded-qualifiers]
  323 |         (*dest).key = _tmp0_;
      |                     ^
util.c:325:23: warning: assignment discards 'const' qualifier from pointer target type [-Wdiscarded-qualifiers]
  325 |         (*dest).value = _tmp1_;
      |                       ^
In file included from /usr/include/glib-2.0/glib/gthread.h:34,
                 from /usr/include/glib-2.0/glib/gasyncqueue.h:34,
                 from /usr/include/glib-2.0/glib.h:34,
                 from util.c:23:
util.c: In function 'skk_entry_get_type':
/usr/include/glib-2.0/glib/gatomic.h:131:5: warning: argument 2 of '__atomic_load' discards 'volatile' qualifier [-Wdiscarded-qualifiers]
  131 |     __atomic_load (gapg_temp_atomic, &gapg_temp_newval, __ATOMIC_SEQ_CST); \
      |     ^~~~~~~~~~~~~
/usr/include/glib-2.0/glib/gthread.h:274:7: note: in expansion of macro 'g_atomic_pointer_get'
  274 |     (!g_atomic_pointer_get (location) &&                             \
      |       ^~~~~~~~~~~~~~~~~~~~
util.c:357:13: note: in expansion of macro 'g_once_init_enter'
  357 |         if (g_once_init_enter (&skk_entry_type_id__volatile)) {
      |             ^~~~~~~~~~~~~~~~~
util.c: In function 'skk_numeric_conversion_type_get_type':
/usr/include/glib-2.0/glib/gatomic.h:131:5: warning: argument 2 of '__atomic_load' discards 'volatile' qualifier [-Wdiscarded-qualifiers]
  131 |     __atomic_load (gapg_temp_atomic, &gapg_temp_newval, __ATOMIC_SEQ_CST); \
      |     ^~~~~~~~~~~~~
/usr/include/glib-2.0/glib/gthread.h:274:7: note: in expansion of macro 'g_atomic_pointer_get'
  274 |     (!g_atomic_pointer_get (location) &&                             \
      |       ^~~~~~~~~~~~~~~~~~~~
util.c:370:13: note: in expansion of macro 'g_once_init_enter'
  370 |         if (g_once_init_enter (&skk_numeric_conversion_type_type_id__volatile)) {
      |             ^~~~~~~~~~~~~~~~~
util.c: In function 'skk_util_get_katakana':
util.c:707:42: error: passing argument 2 of 'skk_util_foreach_katakana' from incompatible pointer type [-Wincompatible-pointer-types]
  707 |         skk_util_foreach_katakana (kana, ___lambda4__gfunc, _data1_);
      |                                          ^~~~~~~~~~~~~~~~~
      |                                          |
      |                                          void (*)(const void *, void *)
util.c:587:34: note: expected 'GFunc' {aka 'void (*)(void *, void *)'} but argument is of type 'void (*)(const void *, void *)'
  587 |                            GFunc func,
      |                            ~~~~~~^~~~
util.c: In function 'skk_util_get_hiragana':
util.c:779:42: error: passing argument 2 of 'skk_util_foreach_katakana' from incompatible pointer type [-Wincompatible-pointer-types]
  779 |         skk_util_foreach_katakana (kana, ___lambda5__gfunc, _data2_);
      |                                          ^~~~~~~~~~~~~~~~~
      |                                          |
      |                                          void (*)(const void *, void *)
util.c:587:34: note: expected 'GFunc' {aka 'void (*)(void *, void *)'} but argument is of type 'void (*)(const void *, void *)'
  587 |                            GFunc func,
      |                            ~~~~~~^~~~
util.c: In function 'skk_util_get_hankaku_katakana':
util.c:851:42: error: passing argument 2 of 'skk_util_foreach_katakana' from incompatible pointer type [-Wincompatible-pointer-types]
  851 |         skk_util_foreach_katakana (kana, ___lambda6__gfunc, _data3_);
      |                                          ^~~~~~~~~~~~~~~~~
      |                                          |
      |                                          void (*)(const void *, void *)
util.c:587:34: note: expected 'GFunc' {aka 'void (*)(void *, void *)'} but argument is of type 'void (*)(const void *, void *)'
  587 |                            GFunc func,
      |                            ~~~~~~^~~~
util.c: In function 'skk_util_get_numeric':
util.c:1105:71: error: passing argument 2 of 'skk_util_get_kanji_numeric' from incompatible pointer type [-Wincompatible-pointer-types]
 1105 |                         _tmp5_ = skk_util_get_kanji_numeric (numeric, SKK_UTIL_KanjiNumericTable, G_N_ELEMENTS (SKK_UTIL_KanjiNumericTable), NULL, 0);
      |                                                                       ^~~~~~~~~~~~~~~~~~~~~~~~~~
      |                                                                       |
      |                                                                       const gchar ** {aka const char **}
util.c:909:37: note: expected 'gchar **' {aka 'char **'} but argument is of type 'const gchar **' {aka 'const char **'}
  909 |                             gchar** num_table,
      |                             ~~~~~~~~^~~~~~~~~
util.c:1112:71: error: passing argument 2 of 'skk_util_get_kanji_numeric' from incompatible pointer type [-Wincompatible-pointer-types]
 1112 |                         _tmp6_ = skk_util_get_kanji_numeric (numeric, SKK_UTIL_KanjiNumericTable, G_N_ELEMENTS (SKK_UTIL_KanjiNumericTable), SKK_UTIL_KanjiNumericalPositionTable, G_N_ELEMENTS (SKK_UTIL_KanjiNumericalPositionTable));
      |                                                                       ^~~~~~~~~~~~~~~~~~~~~~~~~~
      |                                                                       |
      |                                                                       const gchar ** {aka const char **}
util.c:909:37: note: expected 'gchar **' {aka 'char **'} but argument is of type 'const gchar **' {aka 'const char **'}
  909 |                             gchar** num_table,
      |                             ~~~~~~~~^~~~~~~~~
util.c:1112:142: error: passing argument 4 of 'skk_util_get_kanji_numeric' from incompatible pointer type [-Wincompatible-pointer-types]
 1112 |                         _tmp6_ = skk_util_get_kanji_numeric (numeric, SKK_UTIL_KanjiNumericTable, G_N_ELEMENTS (SKK_UTIL_KanjiNumericTable), SKK_UTIL_KanjiNumericalPositionTable, G_N_ELEMENTS (SKK_UTIL_KanjiNumericalPositionTable));
      |                                                                                                                                              ^~~~~~~~~~~~~~~~~~~~~~~~~~~~~~~~~~~~
      |                                                                                                                                              |
      |                                                                                                                                              const gchar ** {aka const char **}
util.c:911:37: note: expected 'gchar **' {aka 'char **'} but argument is of type 'const gchar **' {aka 'const char **'}
  911 |                             gchar** num_pos_table,
      |                             ~~~~~~~~^~~~~~~~~~~~~
util.c:1119:71: error: passing argument 2 of 'skk_util_get_kanji_numeric' from incompatible pointer type [-Wincompatible-pointer-types]
 1119 |                         _tmp7_ = skk_util_get_kanji_numeric (numeric, SKK_UTIL_DaijiNumericTable, G_N_ELEMENTS (SKK_UTIL_DaijiNumericTable), SKK_UTIL_DaijiNumericalPositionTable, G_N_ELEMENTS (SKK_UTIL_DaijiNumericalPositionTable));
      |                                                                       ^~~~~~~~~~~~~~~~~~~~~~~~~~
      |                                                                       |
      |                                                                       const gchar ** {aka const char **}
util.c:909:37: note: expected 'gchar **' {aka 'char **'} but argument is of type 'const gchar **' {aka 'const char **'}
  909 |                             gchar** num_table,
      |                             ~~~~~~~~^~~~~~~~~
util.c:1119:142: error: passing argument 4 of 'skk_util_get_kanji_numeric' from incompatible pointer type [-Wincompatible-pointer-types]
 1119 |                         _tmp7_ = skk_util_get_kanji_numeric (numeric, SKK_UTIL_DaijiNumericTable, G_N_ELEMENTS (SKK_UTIL_DaijiNumericTable), SKK_UTIL_DaijiNumericalPositionTable, G_N_ELEMENTS (SKK_UTIL_DaijiNumericalPositionTable));
      |                                                                                                                                              ^~~~~~~~~~~~~~~~~~~~~~~~~~~~~~~~~~~~
      |                                                                                                                                              |
      |                                                                                                                                              const gchar ** {aka const char **}
util.c:911:37: note: expected 'gchar **' {aka 'char **'} but argument is of type 'const gchar **' {aka 'const char **'}
  911 |                             gchar** num_pos_table,
      |                             ~~~~~~~~^~~~~~~~~~~~~
util.c: In function 'skk_util_build_data_path':
util.c:1195:30: warning: unused variable '_element_collection_size_' [-Wunused-variable]
 1195 |                         gint _element_collection_size_ = 0;
      |                              ^~~~~~~~~~~~~~~~~~~~~~~~~
util.c:1194:30: warning: variable 'element_collection_length1' set but not used [-Wunused-but-set-variable]
 1194 |                         gint element_collection_length1 = 0;
      |                              ^~~~~~~~~~~~~~~~~~~~~~~~~~
util.c:1182:22: warning: variable '_elements_size_' set but not used [-Wunused-but-set-variable]
 1182 |                 gint _elements_size_;
      |                      ^~~~~~~~~~~~~~~
util.c:1223:17: error: assignment to 'gchar **' {aka 'char **'} from incompatible pointer type 'void **' [-Wincompatible-pointer-types]
 1223 |         _tmp23_ = _tmp22_;
      |                 ^
util.c: In function 'skk_util_kana_table_entry_get_type':
/usr/include/glib-2.0/glib/gatomic.h:131:5: warning: argument 2 of '__atomic_load' discards 'volatile' qualifier [-Wdiscarded-qualifiers]
  131 |     __atomic_load (gapg_temp_atomic, &gapg_temp_newval, __ATOMIC_SEQ_CST); \
      |     ^~~~~~~~~~~~~
/usr/include/glib-2.0/glib/gthread.h:274:7: note: in expansion of macro 'g_atomic_pointer_get'
  274 |     (!g_atomic_pointer_get (location) &&                             \
      |       ^~~~~~~~~~~~~~~~~~~~
util.c:1303:13: note: in expansion of macro 'g_once_init_enter'
 1303 |         if (g_once_init_enter (&skk_util_kana_table_entry_type_id__volatile)) {
      |             ^~~~~~~~~~~~~~~~~
util.c: In function 'skk_util_class_init':
util.c:1337:34: warning: assignment discards 'const' qualifier from pointer target type [-Wdiscarded-qualifiers]
 1337 |                 entry_collection = SKK_UTIL_KanaTable;
      |                                  ^
util.c:1374:63: warning: assignment discards 'const' qualifier from pointer target type [-Wdiscarded-qualifiers]
 1374 |                                         substitute_collection = SKK_UTIL_HankakuKatakanaSubstitute;
      |                                                               ^
util.c:1372:46: warning: unused variable '_substitute_collection_size_' [-Wunused-variable]
 1372 |                                         gint _substitute_collection_size_ = 0;
      |                                              ^~~~~~~~~~~~~~~~~~~~~~~~~~~~
util.c:1371:46: warning: variable 'substitute_collection_length1' set but not used [-Wunused-but-set-variable]
 1371 |                                         gint substitute_collection_length1 = 0;
      |                                              ^~~~~~~~~~~~~~~~~~~~~~~~~~~~~
util.c:1335:22: warning: unused variable '_entry_collection_size_' [-Wunused-variable]
 1335 |                 gint _entry_collection_size_ = 0;
      |                      ^~~~~~~~~~~~~~~~~~~~~~~
util.c:1334:22: warning: variable 'entry_collection_length1' set but not used [-Wunused-but-set-variable]
 1334 |                 gint entry_collection_length1 = 0;
      |                      ^~~~~~~~~~~~~~~~~~~~~~~~
util.c: In function 'skk_util_finalize':
util.c:1587:19: warning: variable 'self' set but not used [-Wunused-but-set-variable]
 1587 |         SkkUtil * self;
      |                   ^~~~
util.c: In function 'skk_util_get_type':
/usr/include/glib-2.0/glib/gatomic.h:131:5: warning: argument 2 of '__atomic_load' discards 'volatile' qualifier [-Wdiscarded-qualifiers]
  131 |     __atomic_load (gapg_temp_atomic, &gapg_temp_newval, __ATOMIC_SEQ_CST); \
      |     ^~~~~~~~~~~~~
/usr/include/glib-2.0/glib/gthread.h:274:7: note: in expansion of macro 'g_atomic_pointer_get'
  274 |     (!g_atomic_pointer_get (location) &&                             \
      |       ^~~~~~~~~~~~~~~~~~~~
util.c:1597:13: note: in expansion of macro 'g_once_init_enter'
 1597 |         if (g_once_init_enter (&skk_util_type_id__volatile)) {
      |             ^~~~~~~~~~~~~~~~~
util.c: In function 'skk_unicode_string_class_init':
util.c:1739:9: warning: 'g_type_class_add_private' is deprecated [-Wdeprecated-declarations]
 1739 |         g_type_class_add_private (klass, sizeof (SkkUnicodeStringPrivate));
      |         ^~~~~~~~~~~~~~~~~~~~~~~~
In file included from /usr/include/glib-2.0/gobject/gobject.h:26,
                 from /usr/include/glib-2.0/gobject/gbinding.h:31,
                 from /usr/include/glib-2.0/glib-object.h:24,
                 from util.c:24:
/usr/include/glib-2.0/gobject/gtype.h:1503:10: note: declared here
 1503 | void     g_type_class_add_private       (gpointer                    g_class,
      |          ^~~~~~~~~~~~~~~~~~~~~~~~
util.c: In function 'skk_unicode_string_instance_init':
util.c:1747:20: warning: Deprecated pre-processor symbol: replace with "G_ADD_PRIVATE"
 1747 |         self->priv = SKK_UNICODE_STRING_GET_PRIVATE (self);
      |                    ^~~~~~~~~~~~~~~~~~~~~~~~~~~~~~~~~~~~~~~~                         
util.c: In function 'skk_unicode_string_get_type':
/usr/include/glib-2.0/glib/gatomic.h:131:5: warning: argument 2 of '__atomic_load' discards 'volatile' qualifier [-Wdiscarded-qualifiers]
  131 |     __atomic_load (gapg_temp_atomic, &gapg_temp_newval, __ATOMIC_SEQ_CST); \
      |     ^~~~~~~~~~~~~
/usr/include/glib-2.0/glib/gthread.h:274:7: note: in expansion of macro 'g_atomic_pointer_get'
  274 |     (!g_atomic_pointer_get (location) &&                             \
      |       ^~~~~~~~~~~~~~~~~~~~
util.c:1765:13: note: in expansion of macro 'g_once_init_enter'
 1765 |         if (g_once_init_enter (&skk_unicode_string_type_id__volatile)) {
      |             ^~~~~~~~~~~~~~~~~
util.c: In function 'skk_memory_mapped_file_class_init':
util.c:1961:9: warning: 'g_type_class_add_private' is deprecated [-Wdeprecated-declarations]
 1961 |         g_type_class_add_private (klass, sizeof (SkkMemoryMappedFilePrivate));
      |         ^~~~~~~~~~~~~~~~~~~~~~~~
/usr/include/glib-2.0/gobject/gtype.h:1503:10: note: declared here
 1503 | void     g_type_class_add_private       (gpointer                    g_class,
      |          ^~~~~~~~~~~~~~~~~~~~~~~~
util.c: In function 'skk_memory_mapped_file_instance_init':
util.c:1972:20: warning: Deprecated pre-processor symbol: replace with "G_ADD_PRIVATE"
 1972 |         self->priv = SKK_MEMORY_MAPPED_FILE_GET_PRIVATE (self);
      |                    ^~~~~~~~~~~~~~~~~~~~~~~~~~~~~~~~~~~~~~~~~~~~                     
util.c: In function 'skk_memory_mapped_file_get_type':
/usr/include/glib-2.0/glib/gatomic.h:131:5: warning: argument 2 of '__atomic_load' discards 'volatile' qualifier [-Wdiscarded-qualifiers]
  131 |     __atomic_load (gapg_temp_atomic, &gapg_temp_newval, __ATOMIC_SEQ_CST); \
      |     ^~~~~~~~~~~~~
/usr/include/glib-2.0/glib/gthread.h:274:7: note: in expansion of macro 'g_atomic_pointer_get'
  274 |     (!g_atomic_pointer_get (location) &&                             \
      |       ^~~~~~~~~~~~~~~~~~~~
util.c:1992:13: note: in expansion of macro 'g_once_init_enter'
 1992 |         if (g_once_init_enter (&skk_memory_mapped_file_type_id__volatile)) {
      |             ^~~~~~~~~~~~~~~~~
util.c: At top level:
util.c:790:1: warning: 'block3_data_ref' defined but not used [-Wunused-function]
  790 | block3_data_ref (Block3Data* _data3_)
      | ^~~~~~~~~~~~~~~
util.c:718:1: warning: 'block2_data_ref' defined but not used [-Wunused-function]
  718 | block2_data_ref (Block2Data* _data2_)
      | ^~~~~~~~~~~~~~~
util.c:659:1: warning: 'block1_data_ref' defined but not used [-Wunused-function]
  659 | block1_data_ref (Block1Data* _data1_)
      | ^~~~~~~~~~~~~~~
util.c:84:20: warning: 'skk_unicode_string_properties' defined but not used [-Wunused-variable]
   84 | static GParamSpec* skk_unicode_string_properties[SKK_UNICODE_STRING_NUM_PROPERTIES];
      |                    ^~~~~~~~~~~~~~~~~~~~~~~~~~~~~
util.c:55:20: warning: 'skk_util_properties' defined but not used [-Wunused-variable]
   55 | static GParamSpec* skk_util_properties[SKK_UTIL_NUM_PROPERTIES];
      |                    ^~~~~~~~~~~~~~~~~~~
make[2]: *** [Makefile:773: libskk_la-util.lo] Error 1
make[2]: Leaving directory '/usr/src/RPM/BUILD/libskk-1.0.4/libskk'
make[2]: Entering directory '/usr/src/RPM/BUILD/libskk-1.0.4/libskk'
/bin/sh ../libtool  --tag=CC   --mode=compile x86_64-alt-linux-gcc -DHAVE_CONFIG_H -I. -I..  -include ../config.h   -pthread -I/usr/include/glib-2.0 -I/usr/lib64/glib-2.0/include -I/usr/include/gee-0.8 -I/usr/include/glib-2.0 -I/usr/lib64/glib-2.0/include -pthread -I/usr/include/json-glib-1.0 -I/usr/include/glib-2.0 -I/usr/lib64/glib-2.0/include -DPKGDATADIR=\"/usr/share/libskk\"  -pipe -frecord-gcc-switches -Wall -g -O2 -flto=auto -fPIC -DPIC -c -o libskk_la-expr.lo `test -f 'expr.c' || echo './'`expr.c
libtool: compile:  x86_64-alt-linux-gcc -DHAVE_CONFIG_H -I. -I.. -include ../config.h -pthread -I/usr/include/glib-2.0 -I/usr/lib64/glib-2.0/include -I/usr/include/gee-0.8 -I/usr/include/glib-2.0 -I/usr/lib64/glib-2.0/include -pthread -I/usr/include/json-glib-1.0 -I/usr/include/glib-2.0 -I/usr/lib64/glib-2.0/include -DPKGDATADIR=\"/usr/share/libskk\" -pipe -frecord-gcc-switches -Wall -g -O2 -flto=auto -fPIC -DPIC -c expr.c  -fPIC -DPIC -o .libs/libskk_la-expr.o
In file included from /usr/include/glib-2.0/glib/gthread.h:34,
                 from /usr/include/glib-2.0/glib/gasyncqueue.h:34,
                 from /usr/include/glib-2.0/glib.h:34,
                 from expr.c:23:
expr.c: In function 'skk_expr_node_type_get_type':
/usr/include/glib-2.0/glib/gatomic.h:131:5: warning: argument 2 of '__atomic_load' discards 'volatile' qualifier [-Wdiscarded-qualifiers]
  131 |     __atomic_load (gapg_temp_atomic, &gapg_temp_newval, __ATOMIC_SEQ_CST); \
      |     ^~~~~~~~~~~~~
/usr/include/glib-2.0/glib/gthread.h:274:7: note: in expansion of macro 'g_atomic_pointer_get'
  274 |     (!g_atomic_pointer_get (location) &&                             \
      |       ^~~~~~~~~~~~~~~~~~~~
expr.c:140:13: note: in expansion of macro 'g_once_init_enter'
  140 |         if (g_once_init_enter (&skk_expr_node_type_type_id__volatile)) {
      |             ^~~~~~~~~~~~~~~~~
expr.c: In function 'skk_expr_node_get_type':
/usr/include/glib-2.0/glib/gatomic.h:131:5: warning: argument 2 of '__atomic_load' discards 'volatile' qualifier [-Wdiscarded-qualifiers]
  131 |     __atomic_load (gapg_temp_atomic, &gapg_temp_newval, __ATOMIC_SEQ_CST); \
      |     ^~~~~~~~~~~~~
/usr/include/glib-2.0/glib/gthread.h:274:7: note: in expansion of macro 'g_atomic_pointer_get'
  274 |     (!g_atomic_pointer_get (location) &&                             \
      |       ^~~~~~~~~~~~~~~~~~~~
expr.c:218:13: note: in expansion of macro 'g_once_init_enter'
  218 |         if (g_once_init_enter (&skk_expr_node_type_id__volatile)) {
      |             ^~~~~~~~~~~~~~~~~
expr.c: In function 'skk_expr_reader_get_type':
/usr/include/glib-2.0/glib/gatomic.h:131:5: warning: argument 2 of '__atomic_load' discards 'volatile' qualifier [-Wdiscarded-qualifiers]
  131 |     __atomic_load (gapg_temp_atomic, &gapg_temp_newval, __ATOMIC_SEQ_CST); \
      |     ^~~~~~~~~~~~~
/usr/include/glib-2.0/glib/gthread.h:274:7: note: in expansion of macro 'g_atomic_pointer_get'
  274 |     (!g_atomic_pointer_get (location) &&                             \
      |       ^~~~~~~~~~~~~~~~~~~~
expr.c:765:13: note: in expansion of macro 'g_once_init_enter'
  765 |         if (g_once_init_enter (&skk_expr_reader_type_id__volatile)) {
      |             ^~~~~~~~~~~~~~~~~
expr.c: In function 'skk_expr_evaluator_get_type':
/usr/include/glib-2.0/glib/gatomic.h:131:5: warning: argument 2 of '__atomic_load' discards 'volatile' qualifier [-Wdiscarded-qualifiers]
  131 |     __atomic_load (gapg_temp_atomic, &gapg_temp_newval, __ATOMIC_SEQ_CST); \
      |     ^~~~~~~~~~~~~
/usr/include/glib-2.0/glib/gthread.h:274:7: note: in expansion of macro 'g_atomic_pointer_get'
  274 |     (!g_atomic_pointer_get (location) &&                             \
      |       ^~~~~~~~~~~~~~~~~~~~
expr.c:946:13: note: in expansion of macro 'g_once_init_enter'
  946 |         if (g_once_init_enter (&skk_expr_evaluator_type_id__volatile)) {
      |             ^~~~~~~~~~~~~~~~~
expr.c: At top level:
expr.c:70:20: warning: 'skk_expr_evaluator_properties' defined but not used [-Wunused-variable]
   70 | static GParamSpec* skk_expr_evaluator_properties[SKK_EXPR_EVALUATOR_NUM_PROPERTIES];
      |                    ^~~~~~~~~~~~~~~~~~~~~~~~~~~~~
expr.c:52:20: warning: 'skk_expr_reader_properties' defined but not used [-Wunused-variable]
   52 | static GParamSpec* skk_expr_reader_properties[SKK_EXPR_READER_NUM_PROPERTIES];
      |                    ^~~~~~~~~~~~~~~~~~~~~~~~~~
make[2]: Leaving directory '/usr/src/RPM/BUILD/libskk-1.0.4/libskk'
make[1]: *** [Makefile:517: all-recursive] Error 1
make: *** [Makefile:448: all] Error 2
error: Bad exit status from /usr/src/tmp/rpm-tmp.11475 (%build)


RPM build errors:
    Bad exit status from /usr/src/tmp/rpm-tmp.11475 (%build)
Command exited with non-zero status 1
5.33user 3.67system 0:03.37elapsed 267%CPU (0avgtext+0avgdata 61520maxresident)k
0inputs+0outputs (0major+658651minor)pagefaults 0swaps
hsh-rebuild: rebuild of `libskk-1.0.4-alt3_11.src.rpm' failed.
Command exited with non-zero status 1
5.70user 3.91system 0:36.80elapsed 26%CPU (0avgtext+0avgdata 141876maxresident)k
83960inputs+0outputs (0major+311793minor)pagefaults 0swaps
