<86>May 16 02:37:18 userdel[3039459]: delete user 'rooter'
<86>May 16 02:37:18 userdel[3039459]: removed group 'rooter' owned by 'rooter'
<86>May 16 02:37:18 userdel[3039459]: removed shadow group 'rooter' owned by 'rooter'
<86>May 16 02:37:18 groupadd[3039490]: group added to /etc/group: name=rooter, GID=1283
<86>May 16 02:37:18 groupadd[3039490]: group added to /etc/gshadow: name=rooter
<86>May 16 02:37:18 groupadd[3039490]: new group: name=rooter, GID=1283
<86>May 16 02:37:18 useradd[3039509]: new user: name=rooter, UID=1283, GID=1283, home=/root, shell=/bin/bash, from=none
<86>May 16 02:37:18 userdel[3039539]: delete user 'builder'
<86>May 16 02:37:18 userdel[3039539]: removed group 'builder' owned by 'builder'
<86>May 16 02:37:18 groupadd[3039561]: group added to /etc/group: name=builder, GID=1284
<86>May 16 02:37:18 groupadd[3039561]: group added to /etc/gshadow: name=builder
<86>May 16 02:37:18 groupadd[3039561]: new group: name=builder, GID=1284
<86>May 16 02:37:18 useradd[3039581]: new user: name=builder, UID=1284, GID=1284, home=/usr/src, shell=/bin/bash, from=none
<13>May 16 02:37:24 rpmi: libmpdec3-2.5.1-alt3 sisyphus+314490.500.5.1 1675432004 installed
<13>May 16 02:37:24 rpmi: libgdbm-1.8.3-alt10 sisyphus+346222.200.3.2 1716468404 installed
<13>May 16 02:37:24 rpmi: libexpat-2.7.1-alt1 sisyphus+379929.100.1.1 1743519381 installed
<13>May 16 02:37:24 rpmi: openssl-config-3.2.0-alt1 sisyphus+366659.140.4.1 1736956949 installed
<13>May 16 02:37:24 rpmi: libb2-0.98.1-alt1_1 sisyphus+291614.100.1.1 1638962877 installed
<13>May 16 02:37:24 rpmi: libp11-kit-1:0.25.5-alt1 sisyphus+352553.100.1.1 1720622573 installed
<13>May 16 02:37:24 rpmi: libtasn1-4.20.0-alt2 sisyphus+375829.100.1.1 1740299335 installed
<13>May 16 02:37:24 rpmi: rpm-macros-alternatives-0.5.3-alt1 sisyphus+371878.100.1.1 1737988822 installed
<13>May 16 02:37:24 rpmi: alternatives-0.5.3-alt1 sisyphus+371878.100.1.1 1737988822 installed
<13>May 16 02:37:24 rpmi: ca-certificates-2025.05.12-alt1 sisyphus+383903.200.2.1 1747060316 installed
<13>May 16 02:37:24 rpmi: ca-trust-0.2.0-alt1 sisyphus+344843.100.1.1 1712743326 installed
<13>May 16 02:37:24 rpmi: p11-kit-trust-1:0.25.5-alt1 sisyphus+352553.100.1.1 1720622573 installed
<13>May 16 02:37:24 rpmi: libcrypto3-3.3.3-alt1 sisyphus+374381.40.2.1 1739299401 installed
<13>May 16 02:37:24 rpmi: libssl3-3.3.3-alt1 sisyphus+374381.40.2.1 1739299401 installed
<13>May 16 02:37:25 rpmi: python3-3.12.10-alt1 sisyphus+381757.100.1.1 1744802808 installed
<13>May 16 02:37:25 rpmi: python3-base-3.12.10-alt1 sisyphus+381757.100.1.1 1744802808 installed
<13>May 16 02:37:25 rpmi: python3-module-py3dephell-0.3.1-alt1 sisyphus+365261.200.1.1 1734463433 installed
<13>May 16 02:37:25 rpmi: tests-for-installed-python3-pkgs-0.1.28-alt1 sisyphus+375953.100.2.1 1740855713 installed
<13>May 16 02:37:25 rpmi: rpm-build-python3-0.1.28-alt1 sisyphus+375953.100.2.1 1740855713 installed
<13>May 16 02:37:28 rpmi: libgtest-1.17.0-alt1 sisyphus+382966.100.1.1 1746085270 installed
<13>May 16 02:37:28 rpmi: libabseil-cpp2501.0.0-20250127.1-alt1 sisyphus+382966.200.2.1 1746085838 installed
<13>May 16 02:37:28 rpmi: libgmock-1.17.0-alt1 sisyphus+382966.100.1.1 1746085270 installed
<13>May 16 02:37:28 rpmi: libgmock-devel-1.17.0-alt1 sisyphus+382966.100.1.1 1746085270 installed
<13>May 16 02:37:28 rpmi: libgtest-devel-1.17.0-alt1 sisyphus+382966.100.1.1 1746085270 installed
<13>May 16 02:37:28 rpmi: libabseil-cpp-testing-20250127.1-alt1 sisyphus+382966.200.2.1 1746085838 installed
<13>May 16 02:37:28 rpmi: libabseil-cpp-devel-20250127.1-alt1 sisyphus+382966.200.2.1 1746085838 installed
<13>May 16 02:37:28 rpmi: libprotobuf25-3.25.5-alt6 sisyphus+372112.176.37.1 1741277791 installed
<13>May 16 02:37:28 rpmi: protobuf-compiler-3.25.5-alt6 sisyphus+372112.176.37.1 1741277791 installed
<13>May 16 02:37:28 rpmi: libprotobuf25-lite-3.25.5-alt6 sisyphus+372112.176.37.1 1741277791 installed
<13>May 16 02:37:28 rpmi: rpm-build-compat-2.4.8-alt1 sisyphus+383198.100.1.1 1746298985 installed
<13>May 16 02:37:28 rpmi: rpm-build-intro-2.4.8-alt1 sisyphus+383198.100.1.1 1746298985 installed
<13>May 16 02:37:28 rpmi: libyaml2-0.2.5-alt1 sisyphus+278391.100.1.1 1626094928 installed
<13>May 16 02:37:28 rpmi: libuv-1.50.0-alt1 sisyphus+377760.100.1.1 1741795923 installed
<13>May 16 02:37:28 rpmi: libsnappy-1.1.7-alt1 sisyphus+276400.100.1.2 1625016393 installed
<13>May 16 02:37:28 rpmi: zlib-devel-1.3.1-alt1 sisyphus+342532.100.1.1 1710232285 installed
<13>May 16 02:37:28 rpmi: libprotobuf-lite-devel-3.25.5-alt6 sisyphus+372112.176.37.1 1741277791 installed
<13>May 16 02:37:28 rpmi: libprotobuf-devel-3.25.5-alt6 sisyphus+372112.176.37.1 1741277791 installed
<13>May 16 02:37:28 rpmi: liblz4-1:1.9.4-alt1 sisyphus+309416.100.1.1 1667412981 installed
<13>May 16 02:37:28 rpmi: libjudy-1.0.5-alt6 sisyphus+362655.100.1.1 1731709817 installed
<13>May 16 02:37:28 rpmi: libjson-c5-0.18-alt1 sisyphus+358387.100.1.1 1727298142 installed
<13>May 16 02:37:28 rpmi: libverto-0.3.2-alt1_1 sisyphus+321176.2200.10.2 1684803947 installed
<13>May 16 02:37:28 rpmi: liblmdb-0.9.33-alt1 sisyphus+360625.100.1.1 1729819640 installed
<13>May 16 02:37:28 rpmi: libkeyutils-1.6.3-alt1 sisyphus+346336.200.2.2 1716472658 installed
<13>May 16 02:37:28 rpmi: libcom_err-1.47.1.0.10.ad56-alt2 sisyphus+363497.200.3.1 1732729908 installed
<86>May 16 02:37:28 groupadd[3051338]: group added to /etc/group: name=_keytab, GID=999
<86>May 16 02:37:28 groupadd[3051338]: group added to /etc/gshadow: name=_keytab
<86>May 16 02:37:28 groupadd[3051338]: new group: name=_keytab, GID=999
<13>May 16 02:37:28 rpmi: libkrb5-1.21.3-alt2 sisyphus+351857.100.1.1 1719735141 installed
<13>May 16 02:37:28 rpmi: libsystemd-1:257.5-alt3 sisyphus+382915.200.3.1 1746543080 installed
<13>May 16 02:37:28 rpmi: libdbus-1.16.2-alt1 sisyphus+376383.100.1.1 1740749230 installed
<13>May 16 02:37:28 rpmi: libavahi-0.8-alt5 sisyphus+370646.100.1.1 1737385841 installed
<13>May 16 02:37:28 rpmi: libcups-2.4.12-alt1 sisyphus+380821.100.1.1 1744111099 installed
<13>May 16 02:37:28 rpmi: gcc-c++-common-1.4.28-alt1 sisyphus+348678.100.1.1 1716396142 installed
<13>May 16 02:37:29 rpmi: libstdc++14-devel-14.2.1-alt1 sisyphus+360995.100.1.1 1730131018 installed
<13>May 16 02:37:30 rpmi: gcc14-c++-14.2.1-alt1 sisyphus+360995.100.1.1 1730131018 installed
<13>May 16 02:37:30 rpmi: sh4-4.4.23-alt2 sisyphus+364762.100.1.1 1733935182 installed
<13>May 16 02:37:30 rpmi: bash4-4.4.23-alt2 sisyphus+364762.100.1.1 1733935182 installed
<13>May 16 02:37:30 rpmi: gcc-c++-14-alt1 sisyphus+360995.300.1.1 1730139222 installed
<13>May 16 02:37:30 rpmi: libcups-devel-2.4.12-alt1 sisyphus+380821.100.1.1 1744111099 installed
<13>May 16 02:37:30 rpmi: libjson-c-devel-0.18-alt1 sisyphus+358387.100.1.1 1727298142 installed
<13>May 16 02:37:30 rpmi: libjudy-devel-1.0.5-alt6 sisyphus+362655.100.1.1 1731709817 installed
<13>May 16 02:37:30 rpmi: liblz4-devel-1:1.9.4-alt1 sisyphus+309416.100.1.1 1667412981 installed
<13>May 16 02:37:30 rpmi: libsnappy-devel-1.1.7-alt1 sisyphus+276400.100.1.2 1625016393 installed
<13>May 16 02:37:30 rpmi: libuv-devel-1.50.0-alt1 sisyphus+377760.100.1.1 1741795923 installed
<13>May 16 02:37:30 rpmi: libyaml-devel-0.2.5-alt1 sisyphus+278391.100.1.1 1626094928 installed
<13>May 16 02:37:30 rpmi: rpm-macros-intro-conflicts-2.4.8-alt1 sisyphus+383198.100.1.1 1746298985 installed
<13>May 16 02:37:30 rpmi: libuuid-devel-2.39.2-alt2 sisyphus+368471.140.2.1 1737124262 installed
<13>May 16 02:37:30 rpmi: libssl-devel-3.3.3-alt1 sisyphus+374381.40.2.1 1739299401 installed
<13>May 16 02:37:30 rpmi: libcap-devel-1:2.69-alt2 sisyphus+361325.100.1.1 1730392288 installed
Building target platforms: x86_64
Building for target x86_64
Wrote: /usr/src/in/nosrpm/netdata-1.43.2-alt3.nosrc.rpm (w1.gzdio)
Installing netdata-1.43.2-alt3.src.rpm
Building target platforms: x86_64
Building for target x86_64
Executing(%prep): /bin/sh -e /usr/src/tmp/rpm-tmp.66630
+ umask 022
+ /bin/mkdir -p /usr/src/RPM/BUILD
+ cd /usr/src/RPM/BUILD
+ cd /usr/src/RPM/BUILD
+ rm -rf netdata-1.43.2
+ echo 'Source #0 (netdata-1.43.2.tar):'
Source #0 (netdata-1.43.2.tar):
+ /bin/tar -xf /usr/src/RPM/SOURCES/netdata-1.43.2.tar
+ cd netdata-1.43.2
+ /bin/chmod -c -Rf u+rwX,go-w .
+ echo 'Patch #1 (938bcf54af73e2c28e3cefa1b7fe24de90548241.patch):'
Patch #1 (938bcf54af73e2c28e3cefa1b7fe24de90548241.patch):
+ /usr/bin/patch -p1
patching file collectors/python.d.plugin/python_modules/bases/FrameworkServices/UrlService.py
+ for i in plugins.d/*.plugin plugins.d/*.sh charts.d/*.sh
+ test -s 'plugins.d/*.plugin'
+ continue
+ for i in plugins.d/*.plugin plugins.d/*.sh charts.d/*.sh
+ test -s 'plugins.d/*.sh'
+ continue
+ for i in plugins.d/*.plugin plugins.d/*.sh charts.d/*.sh
+ test -s 'charts.d/*.sh'
+ continue
+ /usr/bin/subst 's|^#!/usr/bin/env python$|#!/usr/bin/env python3|' collectors/python.d.plugin/python_modules/third_party/boinc_client.py
+ /usr/bin/subst 's|^pybinary=.*|pybinary=python3|' collectors/python.d.plugin/python.d.plugin.in
+ /usr/bin/subst 's|${libdir}/netdata/conf.d|${libexecdir}/netdata/conf.d|' configure.ac
+ exit 0
Executing(%build): /bin/sh -e /usr/src/tmp/rpm-tmp.66630
+ umask 022
+ /bin/mkdir -p /usr/src/RPM/BUILD
+ cd /usr/src/RPM/BUILD
+ cd netdata-1.43.2
+ autoreconf -fisv
autoreconf-default: export WARNINGS=
autoreconf-default: Entering directory '.'
autoreconf-default: configure.ac: not using Gettext
autoreconf-default: running: aclocal --force -I build/m4
autoreconf-default: configure.ac: tracing
autoreconf-default: configure.ac: not using Libtool
autoreconf-default: configure.ac: not using Intltool
autoreconf-default: configure.ac: not using Gtkdoc
autoreconf-default: running: /usr/bin/autoconf-2.71 --force
configure.ac:39: warning: The macro `AC_PROG_CC_C99' is obsolete.
configure.ac:39: You should run autoupdate.
./lib/autoconf/c.m4:1695: AC_PROG_CC_C99 is expanded from...
configure.ac:39: the top level
configure.ac:487: warning: The macro `ACX_PTHREAD' is obsolete.
configure.ac:487: You should run autoupdate.
build/m4/ax_pthread.m4:92: ACX_PTHREAD is expanded from...
configure.ac:487: the top level
configure.ac:702: warning: The macro `AC_TRY_LINK' is obsolete.
configure.ac:702: You should run autoupdate.
./lib/autoconf/general.m4:2920: AC_TRY_LINK is expanded from...
configure.ac:702: the top level
configure.ac:1355: warning: The macro `AC_TRY_LINK' is obsolete.
configure.ac:1355: You should run autoupdate.
./lib/autoconf/general.m4:2920: AC_TRY_LINK is expanded from...
configure.ac:1355: the top level
configure.ac:1665: warning: The macro `AC_LANG_CPLUSPLUS' is obsolete.
configure.ac:1665: You should run autoupdate.
./lib/autoconf/c.m4:289: AC_LANG_CPLUSPLUS is expanded from...
configure.ac:1665: the top level
configure.ac:1671: warning: The macro `AC_TRY_LINK' is obsolete.
configure.ac:1671: You should run autoupdate.
./lib/autoconf/general.m4:2920: AC_TRY_LINK is expanded from...
configure.ac:1671: the top level
autoreconf-default: running: /usr/bin/autoheader-2.71 --force
autoreconf-default: running: automake --add-missing --force-missing
configure.ac:38: installing './compile'
configure.ac:37: installing './config.guess'
configure.ac:37: installing './config.sub'
configure.ac:33: installing './install-sh'
configure.ac:33: installing './missing'
Makefile.am: installing './depcomp'
parallel-tests: installing './test-driver'
autoreconf-default: Leaving directory '.'
+ CFLAGS='-pipe -frecord-gcc-switches -Wall -g -O2 -flto=auto'
+ export CFLAGS
+ CXXFLAGS='-pipe -frecord-gcc-switches -Wall -g -O2 -flto=auto'
+ export CXXFLAGS
+ FFLAGS='-pipe -frecord-gcc-switches -Wall -g -O2 -flto=auto'
+ export FFLAGS
+ FCFLAGS='-pipe -frecord-gcc-switches -Wall -g -O2 -flto=auto'
+ export FCFLAGS
+ '[' -n '' ']'
++ printf %s '-pipe -frecord-gcc-switches -Wall -g -O2 -flto=auto'
++ sed -r 's/(^|[[:space:]]+)-[^m][^[:space:]]*//g'
+ ASFLAGS=
+ export ASFLAGS
+ export lt_cv_deplibs_check_method=pass_all
+ lt_cv_deplibs_check_method=pass_all
+ readlink -e -- ./configure
+ xargs -ri dirname -- '{}'
+ xargs -ri find '{}' -type f '(' -name config.sub -or -name config.guess ')' -printf '%h/\n'
+ sort -u
+ xargs -rn1 install -pm755 -- /usr/share/gnu-config/config.sub /usr/share/gnu-config/config.guess
+ configure_runstatedir_flags=
+ grep -qF runstatedir=DIR ./configure
+ configure_runstatedir_flags=--runstatedir=/var/run
+ ./configure --build=x86_64-alt-linux --host=x86_64-alt-linux --prefix=/usr --exec-prefix=/usr --bindir=/usr/bin --sbindir=/usr/sbin --sysconfdir=/etc --datadir=/usr/share --includedir=/usr/include --libdir=/usr/lib64 --libexecdir=/usr/lib --localstatedir=/var --sharedstatedir=/var/lib --mandir=/usr/share/man --infodir=/usr/share/info --disable-dependency-tracking --disable-silent-rules --runstatedir=/var/run --without-included-gettext --docdir=/usr/share/doc/netdata-1.43.2 --with-zlib --with-math --enable-jsonc --disable-h2o --disable-cloud --with-user=netdata --disable-dependency-tracking
configure: WARNING: unrecognized options: --without-included-gettext, --with-zlib
checking whether to enable maintainer-specific portions of Makefiles... no
checking for a BSD-compatible install... /usr/bin/ginstall -c
checking whether build environment is sane... yes
checking for a race-free mkdir -p... /usr/bin/mkdir -p
checking for gawk... gawk
checking whether make sets $(MAKE)... yes
checking whether make supports nested variables... yes
checking how to create a pax tar archive... gnutar
checking whether make supports nested variables... (cached) yes
checking build system type... x86_64-alt-linux-gnu
checking host system type... x86_64-alt-linux-gnu
checking for x86_64-alt-linux-gcc... x86_64-alt-linux-gcc
checking whether the C compiler works... yes
checking for C compiler default output file name... a.out
checking for suffix of executables... 
checking whether we are cross compiling... no
checking for suffix of object files... o
checking whether the compiler supports GNU C... yes
checking whether x86_64-alt-linux-gcc accepts -g... yes
checking for x86_64-alt-linux-gcc option to enable C11 features... none needed
checking whether x86_64-alt-linux-gcc understands -c and -o together... yes
checking whether make supports the include directive... yes (GNU style)
checking dependency style of x86_64-alt-linux-gcc... none
checking for x86_64-alt-linux-g++... x86_64-alt-linux-g++
checking whether the compiler supports GNU C++... yes
checking whether x86_64-alt-linux-g++ accepts -g... yes
checking for x86_64-alt-linux-g++ option to enable C++11 features... none needed
checking dependency style of x86_64-alt-linux-g++... none
checking for x86_64-alt-linux-pkg-config... no
checking for pkg-config... /usr/bin/pkg-config
checking pkg-config is at least version 0.9.0... yes
checking for stdio.h... yes
checking for stdlib.h... yes
checking for string.h... yes
checking for inttypes.h... yes
checking for stdint.h... yes
checking for strings.h... yes
checking for sys/stat.h... yes
checking for sys/types.h... yes
checking for unistd.h... yes
checking for wchar.h... yes
checking for minix/config.h... no
checking for sys/prctl.h... yes
checking for sys/vfs.h... yes
checking for sys/statfs.h... yes
checking for linux/magic.h... yes
checking for sys/statvfs.h... yes
checking for sys/mount.h... yes
checking whether it is safe to define __EXTENSIONS__... yes
checking whether _XOPEN_SOURCE should be defined... no
checking for C compiler vendor... gnu
checking for x86_64-alt-linux-ranlib... no
checking for ranlib... ranlib
checking for x86_64-alt-linux-ar... no
checking for ar... ar
checking whether x86_64-alt-linux-g++ supports C++11 features with -std=c++11... yes
checking c++ standard to use... c++11
checking for __attribute__((returns_nonnull))... yes
checking for __attribute__((malloc))... yes
checking for __attribute__((noreturn))... yes
checking for __attribute__((noinline))... yes
checking for __attribute__((format))... yes
checking for __attribute__((warn_unused_result))... yes
checking for struct timespec... yes
checking for clockid_t... yes
checking for library containing clock_gettime... none required
checking for clock_gettime... yes
checking for sched_setscheduler... yes
checking for sched_getscheduler... yes
checking for sched_getparam... yes
checking for sched_get_priority_min... yes
checking for sched_get_priority_max... yes
checking for getpriority... yes
checking for setpriority... yes
checking for nice... yes
checking for recvmmsg... yes
checking for close_range... yes
checking for int8_t... yes
checking for int16_t... yes
checking for int32_t... yes
checking for int64_t... yes
checking for uint8_t... yes
checking for uint16_t... yes
checking for uint32_t... yes
checking for uint64_t... yes
checking for inline... inline
checking for x86_64-alt-linux-gcc options needed to detect all undeclared functions... none needed
checking whether strerror_r is declared... yes
checking whether strerror_r returns char *... yes
checking for _Generic... yes
checking for sys/mkdev.h... no
checking for sys/sysmacros.h... yes
checking for sys/types.h... (cached) yes
checking for netinet/in.h... yes
checking for arpa/nameser.h... yes
checking for netdb.h... yes
checking for resolv.h... yes
checking for accept4... yes
checking for malloc_usable_size... yes
checking operating system... Host OS: linux
checking whether C compiler accepts -fstack-protector-strong... yes
checking whether C compiler accepts -fstack-clash-protection... yes
checking whether C compiler accepts -fcf-protection=full... yes
checking whether C compiler accepts -mbranch-protection=standard... no
checking whether __builtin_constant_p is declared... yes
checking whether __builtin_object_size is declared... yes
checking whether __builtin___memcpy_chk is declared... yes
checking whether __builtin___memmove_chk is declared... yes
checking whether __builtin___mempcpy_chk is declared... yes
checking whether __builtin___memset_chk is declared... yes
checking whether __builtin___snprintf_chk is declared... yes
checking whether __builtin___sprintf_chk is declared... yes
checking whether __builtin___stpcpy_chk is declared... yes
checking whether __builtin___strcat_chk is declared... yes
checking whether __builtin___strcpy_chk is declared... yes
checking whether __builtin___strncat_chk is declared... yes
checking whether __builtin___strncpy_chk is declared... yes
checking whether __builtin___vsnprintf_chk is declared... yes
checking whether __builtin___vsprintf_chk is declared... yes
checking whether __builtin_dynamic_object_size is declared... yes
checking whether C compiler accepts -D_FORTIFY_SOURCE=3... yes
checking for library containing backtrace... none required
checking for a sed that does not truncate output... /usr/bin/sed
checking how to run the C preprocessor... x86_64-alt-linux-gcc -E
checking for grep that handles long lines and -e... /usr/bin/grep
checking for egrep... /usr/bin/grep -E
checking whether x86_64-alt-linux-gcc is Clang... no
checking whether pthreads work with "-pthread" and "-lpthread"... yes
checking for joinable pthread attribute... PTHREAD_CREATE_JOINABLE
checking whether more special flags are required for pthreads... no
checking for PTHREAD_PRIO_INHERIT... yes
checking for pthread_getname_np in -lpthread... yes
checking for rtcCreatePeerConnection in -ldatachannel... no
checking for sin in -lm... yes
checking if libm should be used... yes
checking for isfinite... no
checking for finite... yes
checking for uv_fs_scandir_next in -luv... yes
checking for LZ4_initStream in -llz4... yes
checking for LZ4_compress_default in -llz4... yes
checking for zlib... yes
checking for uuid... yes
checking for SHA256_Init in -lcrypto... yes
checking for X509_VERIFY_PARAM_set1_host in -lcrypto... yes
checking for json-c... yes
checking for json_object_get_type in -ljson-c... yes
checking for yaml_parser_initialize in -lyaml... yes
checking whether byte ordering is bigendian... no
checking size of void *... 8
Detected 64-bit Build Environment
checking if netdata dbengine should be used... yes
checking if openssl should be used... yes
checking if lz4 should be used... yes
checking if json-c should be used... yes
checking for memory allocator... system
checking for mallopt... yes
checking for mallinfo... yes
checking for libcap... yes
checking for cap_get_proc, cap_set_proc in -lcap... yes
checking for sys/capability.h... yes
checking if libcap should be used... yes
checking is bundled protobuf available... no
checking for protobuf >= 3... yes
checking for protoc... /usr/bin/protoc
checking for x86_64-alt-linux-g++... /usr/bin/x86_64-alt-linux-g++
checking if Cloud functionality should be enabled... no
checking if apps.plugin should be enabled... yes
checking for libipmimonitoring... no
checking if freeipmi.plugin should be enabled... no
checking for sd_journal_open in -lsystemd... no
checking for systemd/sd-journal.h... no
checking if systemd-journal.plugin should be enabled... no
checking for sd_journal_open_files_fd in -lsystemd... no
checking for sd_journal_restart_fields in -lsystemd... no
configure: OPTIONAL_SYSTEMD_LIBS is set to: 
checking for httpConnect2 in -lcups... yes
checking for cups/cups.h... yes
checking for x86_64-alt-linux-cups-config... no
checking for cups-config... /usr/bin/cups-config
checking if cups.plugin should be enabled... yes
checking for linux/netfilter/nfnetlink_conntrack.h... yes
checking whether CTA_STATS_MAX is declared... yes
checking for libmnl... no
checking for libnetfilter_acct... no
checking if nfacct.plugin should be enabled... no
checking for yajl... no
checking for xenstat_init in -lxenstat... no
checking for xenlight... no
checking if xenstat.plugin should be enabled... no
checking for linux/perf_event.h... yes
checking whether PERF_COUNT_HW_REF_CPU_CYCLES is declared... yes
checking if perf.plugin should be enabled... yes
checking if gtest and gmock can be found... checking for gtest... yes
checking for gmock... yes
checking if git submodules are present for machine learning functionality... no
checking if debugfs.plugin should be enabled... yes
checking for libelf... no
checking for struct bpf_prog_info... yes
checking for externaldeps/libbpf/libbpf.a... no
checking if ebpf.plugin should be enabled... no
checking if slabinfo.plugin should be enabled... yes
checking for libcrypto... yes
checking for CRYPTO_new_ex_data in -lcrypto... yes
checking for libssl... yes
checking for SSL_connect in -lssl... yes
checking for libcurl... no
checking for aws-cpp-sdk-core... no
checking for aws-cpp-sdk-kinesis... no
checking if kinesis exporting connector should be enabled... no
checking for grpc... no
checking for google_cloud_cpp_pubsub_protos... no
checking for x86_64-alt-linux-g++... (cached) /usr/bin/x86_64-alt-linux-g++
checking if pubsub exporting connector should be enabled... detect
checking for snappy::RawCompress in -lsnappy... yes
checking if prometheus remote write exporting connector should be enabled... yes
checking for libmongoc-1.0 >= 1.7... no
checking if mongodb exporting connector should be enabled... no
checking for setns... yes
checking if cgroup-network can be enabled... yes
checking if LTO should be enabled... no
checking whether we can use -latomic... yes
checking whether we can use dlsym... yes
checking for cmocka... no
configure: CMocka not found on the system. Unit tests disabled
checking that generated files are newer than configure... done
configure: creating ./config.status
config.status: creating Makefile
config.status: creating netdata.spec
config.status: creating collectors/Makefile
config.status: creating collectors/apps.plugin/Makefile
config.status: creating collectors/cgroups.plugin/Makefile
config.status: creating collectors/charts.d.plugin/Makefile
config.status: creating collectors/debugfs.plugin/Makefile
config.status: creating collectors/diskspace.plugin/Makefile
config.status: creating collectors/timex.plugin/Makefile
config.status: creating collectors/ioping.plugin/Makefile
config.status: creating collectors/freebsd.plugin/Makefile
config.status: creating collectors/freeipmi.plugin/Makefile
config.status: creating collectors/cups.plugin/Makefile
config.status: creating collectors/idlejitter.plugin/Makefile
config.status: creating collectors/macos.plugin/Makefile
config.status: creating collectors/nfacct.plugin/Makefile
config.status: creating collectors/plugins.d/Makefile
config.status: creating collectors/proc.plugin/Makefile
config.status: creating collectors/python.d.plugin/Makefile
config.status: creating collectors/slabinfo.plugin/Makefile
config.status: creating collectors/statsd.plugin/Makefile
config.status: creating collectors/ebpf.plugin/Makefile
config.status: creating collectors/tc.plugin/Makefile
config.status: creating collectors/xenstat.plugin/Makefile
config.status: creating collectors/perf.plugin/Makefile
config.status: creating collectors/systemd-journal.plugin/Makefile
config.status: creating daemon/Makefile
config.status: creating database/Makefile
config.status: creating database/contexts/Makefile
config.status: creating database/engine/Makefile
config.status: creating database/ram/Makefile
config.status: creating database/sqlite/Makefile
config.status: creating diagrams/Makefile
config.status: creating exporting/Makefile
config.status: creating exporting/graphite/Makefile
config.status: creating exporting/json/Makefile
config.status: creating exporting/opentsdb/Makefile
config.status: creating exporting/prometheus/Makefile
config.status: creating exporting/prometheus/remote_write/Makefile
config.status: creating exporting/aws_kinesis/Makefile
config.status: creating exporting/pubsub/Makefile
config.status: creating exporting/mongodb/Makefile
config.status: creating exporting/tests/Makefile
config.status: creating health/Makefile
config.status: creating health/notifications/Makefile
config.status: creating libnetdata/Makefile
config.status: creating libnetdata/tests/Makefile
config.status: creating libnetdata/adaptive_resortable_list/Makefile
config.status: creating libnetdata/aral/Makefile
config.status: creating libnetdata/avl/Makefile
config.status: creating libnetdata/buffer/Makefile
config.status: creating libnetdata/clocks/Makefile
config.status: creating libnetdata/completion/Makefile
config.status: creating libnetdata/config/Makefile
config.status: creating libnetdata/dictionary/Makefile
config.status: creating libnetdata/ebpf/Makefile
config.status: creating libnetdata/eval/Makefile
config.status: creating libnetdata/facets/Makefile
config.status: creating libnetdata/functions_evloop/Makefile
config.status: creating libnetdata/july/Makefile
config.status: creating libnetdata/locks/Makefile
config.status: creating libnetdata/log/Makefile
config.status: creating libnetdata/onewayalloc/Makefile
config.status: creating libnetdata/popen/Makefile
config.status: creating libnetdata/procfile/Makefile
config.status: creating libnetdata/simple_pattern/Makefile
config.status: creating libnetdata/socket/Makefile
config.status: creating libnetdata/statistical/Makefile
config.status: creating libnetdata/string/Makefile
config.status: creating libnetdata/storage_number/Makefile
config.status: creating libnetdata/storage_number/tests/Makefile
config.status: creating libnetdata/threads/Makefile
config.status: creating libnetdata/url/Makefile
config.status: creating libnetdata/json/Makefile
config.status: creating libnetdata/health/Makefile
config.status: creating libnetdata/worker_utilization/Makefile
config.status: creating registry/Makefile
config.status: creating streaming/Makefile
config.status: creating system/Makefile
config.status: creating tests/Makefile
config.status: creating web/Makefile
config.status: creating web/api/Makefile
config.status: creating web/api/badges/Makefile
config.status: creating web/api/ilove/Makefile
config.status: creating web/api/exporters/Makefile
config.status: creating web/api/exporters/shell/Makefile
config.status: creating web/api/exporters/prometheus/Makefile
config.status: creating web/api/formatters/Makefile
config.status: creating web/api/formatters/csv/Makefile
config.status: creating web/api/formatters/json/Makefile
config.status: creating web/api/formatters/ssv/Makefile
config.status: creating web/api/formatters/value/Makefile
config.status: creating web/api/queries/Makefile
config.status: creating web/api/queries/average/Makefile
config.status: creating web/api/queries/countif/Makefile
config.status: creating web/api/queries/des/Makefile
config.status: creating web/api/queries/incremental_sum/Makefile
config.status: creating web/api/queries/max/Makefile
config.status: creating web/api/queries/median/Makefile
config.status: creating web/api/queries/min/Makefile
config.status: creating web/api/queries/percentile/Makefile
config.status: creating web/api/queries/ses/Makefile
config.status: creating web/api/queries/stddev/Makefile
config.status: creating web/api/queries/sum/Makefile
config.status: creating web/api/queries/trimmed_mean/Makefile
config.status: creating web/api/health/Makefile
config.status: creating web/gui/Makefile
config.status: creating web/gui/v1/Makefile
config.status: creating web/gui/v2/Makefile
config.status: creating web/rtc/Makefile
config.status: creating web/server/Makefile
config.status: creating web/server/static/Makefile
config.status: creating claim/Makefile
config.status: creating spawn/Makefile
config.status: creating config.h
config.status: executing depfiles commands
configure: WARNING: unrecognized options: --without-included-gettext, --with-zlib
+ make -j8
make: Entering directory '/usr/src/RPM/BUILD/netdata-1.43.2'
m4 /usr/src/RPM/BUILD/netdata-1.43.2/database/engine/journalfile_v2.ksy.in > database/engine/journalfile_v2.ksy
make: Leaving directory '/usr/src/RPM/BUILD/netdata-1.43.2'
make: Entering directory '/usr/src/RPM/BUILD/netdata-1.43.2'
m4 -DVIRT_MEMBERS /usr/src/RPM/BUILD/netdata-1.43.2/database/engine/journalfile_v2.ksy.in > database/engine/journalfile_v2_virtmemb.ksy
make: Leaving directory '/usr/src/RPM/BUILD/netdata-1.43.2'
make: Entering directory '/usr/src/RPM/BUILD/netdata-1.43.2'
/usr/bin/protoc --proto_path=. --cpp_out=. exporting/prometheus/remote_write/remote_write.proto
google/protobuf/descriptor.proto: File not found.
exporting/prometheus/remote_write/remote_write.proto:6:1: Import "google/protobuf/descriptor.proto" was not found or had errors.
exporting/prometheus/remote_write/remote_write.proto:27:8: "google.protobuf.FieldOptions" is not defined.
make: *** [Makefile:11731: exporting/prometheus/remote_write/remote_write.pb.h] Error 1
make: Leaving directory '/usr/src/RPM/BUILD/netdata-1.43.2'
make: *** Waiting for unfinished jobs....
make: Entering directory '/usr/src/RPM/BUILD/netdata-1.43.2'
/usr/bin/protoc --proto_path=. --cpp_out=. exporting/prometheus/remote_write/remote_write.proto
google/protobuf/descriptor.proto: File not found.
exporting/prometheus/remote_write/remote_write.proto:6:1: Import "google/protobuf/descriptor.proto" was not found or had errors.
exporting/prometheus/remote_write/remote_write.proto:27:8: "google.protobuf.FieldOptions" is not defined.
make: *** [Makefile:11731: exporting/prometheus/remote_write/remote_write.pb.cc] Error 1
make: Leaving directory '/usr/src/RPM/BUILD/netdata-1.43.2'
error: Bad exit status from /usr/src/tmp/rpm-tmp.66630 (%build)


RPM build errors:
    Bad exit status from /usr/src/tmp/rpm-tmp.66630 (%build)
Command exited with non-zero status 1
13.53user 4.70system 0:19.08elapsed 95%CPU (0avgtext+0avgdata 46156maxresident)k
0inputs+0outputs (0major+1231056minor)pagefaults 0swaps
hsh-rebuild: rebuild of `netdata-1.43.2-alt3.src.rpm' failed.
Command exited with non-zero status 1
6.66user 2.63system 0:36.41elapsed 25%CPU (0avgtext+0avgdata 142356maxresident)k
4104inputs+0outputs (0major+294809minor)pagefaults 0swaps
