<86>May 16 02:19:22 userdel[2184347]: delete user 'rooter'
<86>May 16 02:19:22 userdel[2184347]: removed group 'rooter' owned by 'rooter'
<86>May 16 02:19:22 userdel[2184347]: removed shadow group 'rooter' owned by 'rooter'
<86>May 16 02:19:22 groupadd[2184364]: group added to /etc/group: name=rooter, GID=1823
<86>May 16 02:19:22 groupadd[2184364]: group added to /etc/gshadow: name=rooter
<86>May 16 02:19:22 groupadd[2184364]: new group: name=rooter, GID=1823
<86>May 16 02:19:22 useradd[2184381]: new user: name=rooter, UID=1823, GID=1823, home=/root, shell=/bin/bash, from=none
<86>May 16 02:19:22 userdel[2184416]: delete user 'builder'
<86>May 16 02:19:22 userdel[2184416]: removed group 'builder' owned by 'builder'
<86>May 16 02:19:22 userdel[2184416]: removed shadow group 'builder' owned by 'builder'
<86>May 16 02:19:22 groupadd[2184436]: group added to /etc/group: name=builder, GID=1824
<86>May 16 02:19:22 groupadd[2184436]: group added to /etc/gshadow: name=builder
<86>May 16 02:19:22 groupadd[2184436]: new group: name=builder, GID=1824
<86>May 16 02:19:22 useradd[2184466]: new user: name=builder, UID=1824, GID=1824, home=/usr/src, shell=/bin/bash, from=none
/usr/src/in/srpm/nom-tam-fits-1.15.2-alt1_13jpp11.src.rpm: license not found in '/usr/share/license' directory: Public
/usr/src/in/srpm/nom-tam-fits-1.15.2-alt1_13jpp11.src.rpm: license not found in '/usr/share/license' directory: Domain
warning: Macro %pom_remove_parent not found
warning: Macro %pom_xpath_remove not found
warning: Macro %pom_xpath_set not found
warning: Macro %pom_remove_plugin not found
warning: Macro %pom_remove_plugin not found
warning: Macro %pom_remove_plugin not found
warning: Macro %pom_remove_plugin not found
warning: Macro %pom_remove_plugin not found
warning: Macro %pom_remove_plugin not found
warning: Macro %pom_remove_plugin not found
warning: Macro %pom_remove_plugin not found
warning: Macro %pom_remove_plugin not found
warning: Macro %pom_remove_plugin not found
warning: Macro %pom_remove_plugin not found
warning: Macro %pom_remove_plugin not found
warning: Macro %pom_remove_plugin not found
warning: Macro %pom_remove_plugin not found
warning: Macro %pom_remove_dep not found
warning: Macro %pom_xpath_remove not found
warning: Macro %pom_remove_plugin not found
warning: Macro %pom_remove_plugin not found
warning: Macro %pom_add_plugin not found
warning: Macro %pom_remove_dep not found
warning: Macro %pom_remove_dep not found
warning: Macro %mvn_file not found
warning: Macro %mvn_build not found
warning: Macro %mvn_install not found
<13>May 16 02:19:27 rpmi: javapackages-filesystem-1:6.0.0-alt3 sisyphus+378353.100.1.1 1742277151 installed
<13>May 16 02:19:27 rpmi: plexus-utils-0:3.3.0-alt1_7jpp11 sisyphus+283216.100.1.3 1629255397 installed
<13>May 16 02:19:27 rpmi: apache-commons-io-1:2.11.0-alt1_2jpp11 sisyphus+318723.100.1.1 1681807648 installed
<13>May 16 02:19:27 rpmi: maven-shared-utils-3.3.4-alt1_2jpp11 sisyphus+302881.100.1.1 1656671461 installed
<13>May 16 02:19:27 rpmi: plexus-containers-component-annotations-0:2.1.1-alt1_2jpp11 sisyphus+318726.100.1.3 1681809130 installed
<13>May 16 02:19:27 rpmi: atinject-0:1.0.5-alt1_3jpp11 sisyphus+303043.100.1.1 1656765531 installed
<13>May 16 02:19:27 rpmi: slf4j-0:1.7.36-alt1 sisyphus+382913.300.3.1 1746015802 installed
<13>May 16 02:19:27 rpmi: apache-commons-lang3-3.17.0-alt1 sisyphus+382425.100.5.2 1747315776 installed
<13>May 16 02:19:27 rpmi: plexus-interpolation-0:1.26-alt1_12jpp11 sisyphus+317222.100.1.2 1679506704 installed
<13>May 16 02:19:27 rpmi: apache-commons-compress-0:1.21-alt1_1jpp11 sisyphus+282760.100.1.3 1629016378 installed
<13>May 16 02:19:27 rpmi: javapackages-tools-1:6.0.0-alt3 sisyphus+378353.100.1.1 1742277151 installed
<13>May 16 02:19:27 rpmi: objectweb-asm-0:9.3-alt1_2jpp11 sisyphus+317150.100.1.2 1679414664 installed
<13>May 16 02:19:27 rpmi: jcl-over-slf4j-0:1.7.36-alt1 sisyphus+382913.300.3.1 1746015802 installed
<13>May 16 02:19:27 rpmi: cdi-api-2.0.2-alt1_3jpp11 sisyphus+300684.100.1.1 1653577326 installed
<13>May 16 02:19:27 rpmi: plexus-cipher-2.0-alt1_2jpp11 sisyphus+318725.100.1.2 1681808079 installed
<13>May 16 02:19:27 rpmi: httpcomponents-core-4.4.13-alt1_4jpp11 sisyphus+283282.100.1.3 1629308546 installed
<13>May 16 02:19:27 rpmi: plexus-classworlds-0:2.6.0-alt1_12jpp11 sisyphus+317221.100.1.2 1679504163 installed
<13>May 16 02:19:27 rpmi: sisu-2:0.3.5-alt1_2jpp11 sisyphus+318727.100.1.3 1681808440 installed
<13>May 16 02:19:27 rpmi: plexus-sec-dispatcher-2.0-alt1 sisyphus+382157.100.1.1 1745096363 installed
<13>May 16 02:19:27 rpmi: apache-commons-cli-0:1.5.0-alt1_3jpp11 sisyphus+303041.100.1.3 1656766127 installed
<13>May 16 02:19:27 rpmi: apache-commons-codec-0:1.15-alt1_4jpp11 sisyphus+283206.100.1.2 1629250805 installed
<13>May 16 02:19:27 rpmi: jakarta-annotations-1.3.5-alt1_11jpp11 sisyphus+300688.100.1.1 1653578883 installed
<13>May 16 02:19:27 rpmi: jansi-0:2.4.0-alt1_7jpp11 sisyphus+317216.100.1.3 1679501794 installed
<13>May 16 02:19:27 rpmi: xmvn-core-4.0.0-alt1_8jpp11 sisyphus+303446.100.1.1 1657533450 installed
<13>May 16 02:19:27 rpmi: libpng16-1.6.42-alt2 sisyphus+339555.100.1.1 1706781682 installed
<13>May 16 02:19:27 rpmi: byte-buddy-1.12.0-alt1_3jpp11 sisyphus+303411.100.1.1 1657454125 installed
<13>May 16 02:19:27 rpmi: assertj-core-3.19.0-alt1_3jpp11 sisyphus+301632.100.1.1 1654767506 installed
<13>May 16 02:19:27 rpmi: java-common-1.7.0-alt1 sisyphus+333533.100.1.1 1699037019 installed
<13>May 16 02:19:27 rpmi: plexus-compiler-0:2.11.1-alt1_2jpp11 sisyphus+317154.100.1.3 1679416547 installed
<13>May 16 02:19:27 rpmi: plexus-io-0:3.2.0-alt1_9jpp11 sisyphus+303270.100.1.1 1657178206 installed
<13>May 16 02:19:27 rpmi: plexus-build-api-0:0.0.7-alt3_36jpp11 sisyphus+303029.100.1.3 1656759159 installed
<13>May 16 02:19:27 rpmi: apache-commons-exec-0:1.3-alt1_22jpp11 sisyphus+303445.100.1.1 1657532522 installed
<13>May 16 02:19:27 rpmi: apiguardian-1.1.2-alt1_3jpp11 sisyphus+303042.100.1.1 1656765526 installed
<13>May 16 02:19:27 rpmi: beust-jcommander-1.78-alt1_7jpp11 sisyphus+281813.100.1.1 1628094307 installed
<13>May 16 02:19:27 rpmi: xmvn-tools-4.0.0-alt1_8jpp11 sisyphus+303446.100.1.1 1657533450 installed
<13>May 16 02:19:27 rpmi: jsr-305-1:3.0.2-alt1_3jpp11 sisyphus+283271.100.1.2 1629305577 installed
<13>May 16 02:19:27 rpmi: guava-31.0.1-alt2_3jpp11 sisyphus+384217.100.1.1 1747314227 installed
<13>May 16 02:19:27 rpmi: google-guice-0:4.2.3-alt1_6jpp11 sisyphus+300883.100.1.1 1653894654 installed
<13>May 16 02:19:27 rpmi: hamcrest-0:2.2-alt1_5jpp11 sisyphus+301728.200.1.1 1654860789 installed
<13>May 16 02:19:27 rpmi: junit-1:4.13.1-alt1_7jpp11 sisyphus+303013.100.1.2 1656753167 installed
<13>May 16 02:19:27 rpmi: jsoup-1.13.1-alt1_7jpp11 sisyphus+283208.100.1.3 1629252685 installed
<13>May 16 02:19:27 rpmi: univocity-parsers-2.9.1-alt1_6jpp11 sisyphus+303035.100.1.2 1656759759 installed
<13>May 16 02:19:27 rpmi: opentest4j-1.2.0-alt1_10jpp11 sisyphus+303026.100.1.2 1656757807 installed
<13>May 16 02:19:27 rpmi: junit5-5.8.2-alt1 sisyphus+383557.100.1.1 1746628905 installed
<13>May 16 02:19:27 rpmi: xz-java-1.9-alt1_3jpp11 sisyphus+303072.100.1.2 1656772105 installed
<13>May 16 02:19:27 rpmi: plexus-archiver-0:4.2.7-alt1_2jpp11 sisyphus+317153.100.1.3 1679416196 installed
<13>May 16 02:19:27 rpmi: qdox-1:2.0.0-alt1_9jpp11 sisyphus+383527.200.1.1 1746616019 installed
<13>May 16 02:19:27 rpmi: plexus-languages-1.1.1-alt1_2jpp11 sisyphus+317156.100.1.3 1679417212 installed
<13>May 16 02:19:27 rpmi: libprocps-3.3.17-alt8.g37f1060 sisyphus+330939.300.7.1 1697495403 installed
<13>May 16 02:19:27 rpmi: libxslt-1.1.39-alt1 sisyphus+349406.100.1.1 1716751806 installed
<13>May 16 02:19:27 rpmi: rpm-macros-java-1:6.0.0-alt3 sisyphus+378353.100.1.1 1742277151 installed
<13>May 16 02:19:27 rpmi: jurand-1.3.5-alt2 sisyphus+377872.100.1.1 1741880705 installed
<13>May 16 02:19:27 rpmi: rpm-macros-jurand-1.3.5-alt2 sisyphus+377872.100.1.1 1741880705 installed
<13>May 16 02:19:27 rpmi: libmpdec3-2.5.1-alt3 sisyphus+314490.500.5.1 1675432004 installed
<13>May 16 02:19:27 rpmi: libgdbm-1.8.3-alt10 sisyphus+346222.200.3.2 1716468404 installed
<13>May 16 02:19:27 rpmi: libexpat-2.7.1-alt1 sisyphus+379929.100.1.1 1743519381 installed
<13>May 16 02:19:27 rpmi: openssl-config-3.2.0-alt1 sisyphus+366659.140.4.1 1736956949 installed
<13>May 16 02:19:27 rpmi: libb2-0.98.1-alt1_1 sisyphus+291614.100.1.1 1638962877 installed
<13>May 16 02:19:27 rpmi: liblcms2-2.17-alt1 sisyphus+376290.10700.24.2 1745385260 installed
<13>May 16 02:19:27 rpmi: libjpeg-2:3.0.2-alt2.1 sisyphus+340135.100.1.1 1707449145 installed
<13>May 16 02:19:27 rpmi: libbrotlicommon-1.1.0-alt1 sisyphus+328501.100.1.1 1693598419 installed
<13>May 16 02:19:27 rpmi: libbrotlidec-1.1.0-alt1 sisyphus+328501.100.1.1 1693598419 installed
<13>May 16 02:19:27 rpmi: libgraphite2-1.3.14-alt2.1 sisyphus+279571.100.1.2 1626605111 installed
<13>May 16 02:19:27 rpmi: libharfbuzz-11.2.1-alt1 sisyphus+384013.100.1.1 1747136771 installed
<13>May 16 02:19:27 rpmi: libfreetype-2.13.3-alt1 sisyphus+355656.100.1.1 1724221064 installed
<13>May 16 02:19:27 rpmi: javazi-2024a-alt1 sisyphus+344801.200.1.1 1712691734 installed
<13>May 16 02:19:27 rpmi: libgif-4.1.6-alt4 sisyphus+379672.40.3.1 1746456932 installed
<13>May 16 02:19:27 rpmi: libX11-locales-3:1.8.11-alt1 sisyphus+373040.100.1.1 1738571640 installed
<13>May 16 02:19:27 rpmi: libXdmcp-1.1.5-alt1 sisyphus+343583.700.1.1 1711441061 installed
<13>May 16 02:19:27 rpmi: libXau-1.0.11-alt1 sisyphus+311428.100.1.1 1670577439 installed
<13>May 16 02:19:28 rpmi: libxcb-1.17.0-alt1 sisyphus+345308.200.1.1 1713342004 installed
<13>May 16 02:19:28 rpmi: libX11-3:1.8.11-alt1 sisyphus+373040.100.1.1 1738571640 installed
<13>May 16 02:19:28 rpmi: libXext-1.3.6-alt1 sisyphus+343583.1000.1.1 1711441101 installed
<13>May 16 02:19:28 rpmi: libXi-1.8-alt1 sisyphus+285490.200.1.1 1632124174 installed
<13>May 16 02:19:28 rpmi: libXtst-1.2.4-alt1 sisyphus+308663.1300.1.1 1666168495 installed
<13>May 16 02:19:28 rpmi: libXrender-0.9.12-alt1 sisyphus+373121.100.1.1 1738654919 installed
<13>May 16 02:19:28 rpmi: publicsuffix-list-20250416-alt1 sisyphus+381887.100.1.1 1744900874 installed
<13>May 16 02:19:28 rpmi: httpcomponents-client-4.5.13-alt1_2jpp11 sisyphus+283281.100.1.3 1629307126 installed
<13>May 16 02:19:28 rpmi: maven-wagon-0:3.5.3-alt1 sisyphus+382913.400.3.1 1746015847 installed
<13>May 16 02:19:28 rpmi: maven-resolver-1:1.6.3-alt1 sisyphus+381949.100.1.1 1744966821 installed
<13>May 16 02:19:28 rpmi: xmvn-minimal-4.0.0-alt1_8jpp11 sisyphus+303446.100.1.1 1657533450 installed
<13>May 16 02:19:28 rpmi: maven-lib-1:3.8.8-alt1 sisyphus+382913.500.3.1 1746016050 installed
<13>May 16 02:19:28 rpmi: maven-1:3.8.8-alt1 sisyphus+382913.500.3.1 1746016050 installed
<13>May 16 02:19:28 rpmi: maven-archiver-0:3.5.2-alt1_2jpp11 sisyphus+317140.100.1.2 1679410347 installed
<13>May 16 02:19:28 rpmi: maven-common-artifact-filters-3.2.0-alt1_3jpp11 sisyphus+303056.100.1.2 1656767734 installed
<13>May 16 02:19:28 rpmi: maven-surefire-0:3.2.2-alt1 sisyphus+383557.300.1.1 1746629043 installed
<13>May 16 02:19:28 rpmi: maven-surefire-provider-junit-0:3.2.2-alt1 sisyphus+383557.300.1.1 1746629043 installed
<13>May 16 02:19:28 rpmi: maven-surefire-provider-junit5-0:3.2.2-alt1 sisyphus+383557.300.1.1 1746629043 installed
<13>May 16 02:19:28 rpmi: maven-surefire-provider-testng-0:3.2.2-alt1 sisyphus+383557.300.1.1 1746629043 installed
<13>May 16 02:19:28 rpmi: maven-surefire-plugin-0:3.2.2-alt1 sisyphus+383557.300.1.1 1746629043 installed
<13>May 16 02:19:28 rpmi: maven-shared-incremental-1.1-alt1_23jpp11 sisyphus+282537.100.1.1 1628793339 installed
<13>May 16 02:19:28 rpmi: maven-compiler-plugin-3.8.1-alt1_10jpp11 sisyphus+282511.100.1.2 1628772929 installed
<13>May 16 02:19:28 rpmi: maven-shared-io-1:3.0.0-alt1_17jpp11 sisyphus+303022.100.1.3 1656757260 installed
<13>May 16 02:19:28 rpmi: maven-file-management-1:3.0.0-alt1_17jpp11 sisyphus+303020.100.1.3 1656756699 installed
<13>May 16 02:19:28 rpmi: maven-jar-plugin-3.2.2-alt1_2jpp11 sisyphus+317144.100.1.3 1679413357 installed
<13>May 16 02:19:28 rpmi: maven-filtering-3.2.0-alt1_3jpp11 sisyphus+301764.100.1.2 1654889715 installed
<13>May 16 02:19:28 rpmi: maven-resources-plugin-3.2.0-alt1_4jpp11 sisyphus+282536.100.1.2 1628793650 installed
<13>May 16 02:19:28 rpmi: xmvn-mojo-4.0.0-alt1_8jpp11 sisyphus+303446.100.1.1 1657533450 installed
<13>May 16 02:19:28 rpmi: libp11-kit-1:0.25.5-alt1 sisyphus+352553.100.1.1 1720622573 installed
<13>May 16 02:19:28 rpmi: libtasn1-4.20.0-alt2 sisyphus+375829.100.1.1 1740299335 installed
<13>May 16 02:19:28 rpmi: rpm-macros-alternatives-0.5.3-alt1 sisyphus+371878.100.1.1 1737988822 installed
<13>May 16 02:19:28 rpmi: alternatives-0.5.3-alt1 sisyphus+371878.100.1.1 1737988822 installed
<13>May 16 02:19:28 rpmi: ca-certificates-2025.05.12-alt1 sisyphus+383903.200.2.1 1747060316 installed
<13>May 16 02:19:28 rpmi: ca-trust-0.2.0-alt1 sisyphus+344843.100.1.1 1712743326 installed
<13>May 16 02:19:28 rpmi: p11-kit-trust-1:0.25.5-alt1 sisyphus+352553.100.1.1 1720622573 installed
<13>May 16 02:19:28 rpmi: libcrypto3-3.3.3-alt1 sisyphus+374381.40.2.1 1739299401 installed
<13>May 16 02:19:28 rpmi: libssl3-3.3.3-alt1 sisyphus+374381.40.2.1 1739299401 installed
<13>May 16 02:19:28 rpmi: python3-3.12.10-alt1 sisyphus+381757.100.1.1 1744802808 installed
<13>May 16 02:19:29 rpmi: python3-base-3.12.10-alt1 sisyphus+381757.100.1.1 1744802808 installed
<13>May 16 02:19:29 rpmi: python3-module-six-1.17.0-alt1.1 sisyphus+373470.100.1.1 1738920023 installed
<13>May 16 02:19:29 rpmi: python3-module-genshi-0.7.9-alt2.1 sisyphus+376369.5100.10.1 1746628134 installed
<13>May 16 02:19:29 rpmi: python3-module-cssselect-1.3.0-alt1 sisyphus+377617.100.1.1 1741681780 installed
<13>May 16 02:19:29 rpmi: python3-module-webencodings-0.5.1-alt3 sisyphus+359244.100.1.1 1728381102 installed
<13>May 16 02:19:29 rpmi: python3-module-html5lib-1:1.1-alt1 sisyphus+278096.120.5.1 1626086978 installed
<13>May 16 02:19:29 rpmi: python3-module-lxml-5.4.0-alt1 sisyphus+382313.100.1.1 1745325124 installed
<13>May 16 02:19:29 rpmi: python3-module-javapackages-1:6.0.0-alt3 sisyphus+378353.100.1.1 1742277151 installed
<13>May 16 02:19:29 rpmi: rpm-build-java-1:6.0.0-alt3 sisyphus+378353.100.1.1 1742277151 installed
<13>May 16 02:19:29 rpmi: javapackages-local-1:6.0.0-alt3 sisyphus+378353.100.1.1 1742277151 installed
<13>May 16 02:19:29 rpmi: ca-trust-java-0.2.0-alt1 sisyphus+344843.100.1.1 1712743326 installed
<13>May 16 02:19:29 rpmi: java-stub-javadoc-0.1-alt1 sisyphus+276859.100.1.1 1625245070 installed
<13>May 16 02:19:29 rpmi: alsa-ucm-conf-1.2.13-alt2 sisyphus+379457.100.1.1 1743144589 installed
<13>May 16 02:19:29 rpmi: alsa-topology-conf-1.2.5.1-alt1 sisyphus+274777.100.1.1 1624089141 installed
<13>May 16 02:19:29 rpmi: libalsa-1:1.2.13-alt1 sisyphus+370533.200.1.1 1737298943 installed
<13>May 16 02:19:31 rpmi: java-11-openjdk-headless-0:11.0.27.0.6-alt1 sisyphus+382872.100.1.1 1745983997 installed
<13>May 16 02:19:32 rpmi: java-11-openjdk-0:11.0.27.0.6-alt1 sisyphus+382872.100.1.1 1745983997 installed
<13>May 16 02:19:32 rpmi: java-11-openjdk-devel-0:11.0.27.0.6-alt1 sisyphus+382872.100.1.1 1745983997 installed
<13>May 16 02:19:32 rpmi: jpackage-11-compat-0.43-alt1 sisyphus+338091.100.1.2 1705652445 installed
<13>May 16 02:19:32 rpmi: maven-local-1:6.0.0-alt3 sisyphus+378353.100.1.1 1742277151 installed
<13>May 16 02:19:32 rpmi: exec-maven-plugin-3.1.0-alt1_1jpp11 sisyphus+317103.100.1.2 1679400476 installed
Building target platforms: x86_64
Building for target x86_64
Wrote: /usr/src/in/nosrpm/nom-tam-fits-1.15.2-alt1_13jpp11.nosrc.rpm (w1.gzdio)
Installing nom-tam-fits-1.15.2-alt1_13jpp11.src.rpm
Building target platforms: x86_64
Building for target x86_64
Executing(%prep): /bin/sh -e /usr/src/tmp/rpm-tmp.20554
+ umask 022
+ /bin/mkdir -p /usr/src/RPM/BUILD
+ cd /usr/src/RPM/BUILD
+ cd /usr/src/RPM/BUILD
+ rm -rf nom-tam-fits-nom-tam-fits-1.15.2
+ echo 'Source #0 (nom-tam-fits-1.15.2.tar.gz):'
Source #0 (nom-tam-fits-1.15.2.tar.gz):
+ /usr/bin/gzip -dc /usr/src/RPM/SOURCES/nom-tam-fits-1.15.2.tar.gz
+ /bin/tar -xf -
+ cd nom-tam-fits-nom-tam-fits-1.15.2
+ /bin/chmod -c -Rf u+rwX,go-w .
+ echo 'Patch #0 (0001-Skip-tests-if-we-cannot-download-images.patch):'
Patch #0 (0001-Skip-tests-if-we-cannot-download-images.patch):
+ /usr/bin/patch -p1
patching file src/test/java/nom/tam/fits/util/BlackBoxImages.java
Hunk #1 succeeded at 90 (offset 4 lines).
+ rm -r src/main/fpack
+ /usr/bin/python3 /usr/share/java-utils/pom_editor.py pom_remove_parent
+ /usr/bin/python3 /usr/share/java-utils/pom_editor.py pom_xpath_remove pom:build/pom:extensions
+ /usr/bin/python3 /usr/share/java-utils/pom_editor.py pom_xpath_set pom:addClasspath false
+ /usr/bin/python3 /usr/share/java-utils/pom_editor.py pom_remove_plugin :jacoco-maven-plugin
+ /usr/bin/python3 /usr/share/java-utils/pom_editor.py pom_remove_plugin :maven-assembly-plugin
+ /usr/bin/python3 /usr/share/java-utils/pom_editor.py pom_remove_plugin :maven-deploy-plugin
+ /usr/bin/python3 /usr/share/java-utils/pom_editor.py pom_remove_plugin :maven-gpg-plugin
+ /usr/bin/python3 /usr/share/java-utils/pom_editor.py pom_remove_plugin :maven-javadoc-plugin
+ /usr/bin/python3 /usr/share/java-utils/pom_editor.py pom_remove_plugin :maven-release-plugin
+ /usr/bin/python3 /usr/share/java-utils/pom_editor.py pom_remove_plugin :maven-source-plugin
+ /usr/bin/python3 /usr/share/java-utils/pom_editor.py pom_remove_plugin com.googlecode.maven-java-formatter-plugin:maven-java-formatter-plugin
+ /usr/bin/python3 /usr/share/java-utils/pom_editor.py pom_remove_plugin org.codehaus.mojo:findbugs-maven-plugin
+ /usr/bin/python3 /usr/share/java-utils/pom_editor.py pom_remove_plugin org.codehaus.mojo:license-maven-plugin
+ /usr/bin/python3 /usr/share/java-utils/pom_editor.py pom_remove_plugin org.eluder.coveralls:coveralls-maven-plugin
+ /usr/bin/python3 /usr/share/java-utils/pom_editor.py pom_remove_plugin org.tinyjee.dim:doxia-include-macro
+ /usr/bin/python3 /usr/share/java-utils/pom_editor.py pom_remove_plugin :maven-pdf-plugin
+ /usr/bin/python3 /usr/share/java-utils/pom_editor.py pom_remove_plugin :maven-site-plugin
+ /usr/bin/python3 /usr/share/java-utils/pom_editor.py pom_remove_dep :nanohttpd-webserver
+ /usr/bin/python3 /usr/share/java-utils/pom_editor.py pom_xpath_remove pom:argLine
+ /usr/bin/python3 /usr/share/java-utils/pom_editor.py pom_remove_plugin :maven-checkstyle-plugin
+ /usr/bin/python3 /usr/share/java-utils/pom_editor.py pom_remove_plugin :maven-compiler-plugin
+ /usr/bin/python3 /usr/share/java-utils/pom_editor.py pom_add_plugin org.apache.maven.plugins:maven-compiler-plugin . '
<executions>
  <execution>
    <id>default-compile</id>
    <phase>compile</phase>
    <configuration>
      <source>1.8</source>
      <target>1.8</target>
    </configuration>
    <goals>
      <goal>compile</goal>
    </goals>
  </execution>
  <execution>
    <id>default-testCompile</id>
    <phase>test-compile</phase>
    <configuration>
      <source>1.8</source>
      <target>1.8</target>
      <testExcludes>
        <exclude>**/CompressTest.*</exclude>
        <exclude>**/ReadWriteProvidedCompressedImageTest.*</exclude>
        <exclude>**/UserProvidedTest.*</exclude>
      </testExcludes>
    </configuration>
    <goals>
      <goal>testCompile</goal>
    </goals>
  </execution>
</executions>'
+ /usr/bin/python3 /usr/share/java-utils/pom_editor.py pom_remove_dep org.openjdk.jmh:
+ rm src/test/java/nom/tam/manual/intergration/FitsBenchmark.java
+ /usr/bin/python3 /usr/share/java-utils/pom_editor.py pom_remove_dep com.google.code.findbugs:annotations
++ fgrep -lr SuppressFBWarnings src/main/java
fgrep: warning: fgrep is obsolescent; using grep -F
+ sed -i 's/.*SuppressFBWarnings.*//' src/main/java/nom/tam/util/ColumnTable.java src/main/java/nom/tam/util/ByteParser.java src/main/java/nom/tam/util/BufferPointer.java src/main/java/nom/tam/image/StandardImageTiler.java src/main/java/nom/tam/fits/header/Synonyms.java src/main/java/nom/tam/fits/UndefinedData.java src/main/java/nom/tam/fits/RandomGroupsData.java src/main/java/nom/tam/fits/FitsHeap.java src/main/java/nom/tam/fits/FitsDate.java src/main/java/nom/tam/fits/Fits.java src/main/java/nom/tam/fits/BinaryTable.java src/main/java/nom/tam/fits/AsciiTable.java
+ /usr/bin/python3 /usr/share/java-utils/mvn_file.py :nom-tam-fits nom-tam-fits fits
+ exit 0
Executing(%build): /bin/sh -e /usr/src/tmp/rpm-tmp.93149
+ umask 022
+ /bin/mkdir -p /usr/src/RPM/BUILD
+ cd /usr/src/RPM/BUILD
+ cd nom-tam-fits-nom-tam-fits-1.15.2
+ /usr/bin/python3 /usr/share/java-utils/mvn_build.py --xmvn-javadoc -- -Dmaven.compiler.source=1.8 -Dmaven.compiler.target=1.8 -Dmaven.javadoc.source=1.8 -Dmaven.compiler.release=8
Executing: xmvn --batch-mode --offline -Dmaven.compiler.source=1.8 -Dmaven.compiler.target=1.8 -Dmaven.javadoc.source=1.8 -Dmaven.compiler.release=8 verify org.fedoraproject.xmvn:xmvn-mojo:install org.fedoraproject.xmvn:xmvn-mojo:javadoc org.fedoraproject.xmvn:xmvn-mojo:builddep
['xmvn', '--batch-mode', '--offline', '-Dmaven.compiler.source=1.8', '-Dmaven.compiler.target=1.8', '-Dmaven.javadoc.source=1.8', '-Dmaven.compiler.release=8', 'verify', 'org.fedoraproject.xmvn:xmvn-mojo:install', 'org.fedoraproject.xmvn:xmvn-mojo:javadoc', 'org.fedoraproject.xmvn:xmvn-mojo:builddep']
[INFO] Scanning for projects...
[INFO] 
[INFO] -----------------< gov.nasa.gsfc.heasarc:nom-tam-fits >-----------------
[INFO] Building nom.tam FITS library 1.15.2
[INFO]   from pom.xml
[INFO] --------------------------------[ jar ]---------------------------------
[INFO] 
[INFO] --- maven-resources-plugin:3.2.0:resources (default-resources) @ nom-tam-fits ---
[INFO] Using 'UTF-8' encoding to copy filtered resources.
[INFO] Using 'UTF-8' encoding to copy filtered properties files.
[INFO] Copying 3 resources
[INFO] 
[INFO] --- maven-compiler-plugin:3.8.1:compile (default-compile) @ nom-tam-fits ---
[INFO] Changes detected - recompiling the module!
[INFO] Compiling 193 source files to /usr/src/RPM/BUILD/nom-tam-fits-nom-tam-fits-1.15.2/target/classes
[INFO] /usr/src/RPM/BUILD/nom-tam-fits-nom-tam-fits-1.15.2/src/main/java/nom/tam/fits/BasicHDU.java: Some input files use or override a deprecated API.
[INFO] /usr/src/RPM/BUILD/nom-tam-fits-nom-tam-fits-1.15.2/src/main/java/nom/tam/fits/BasicHDU.java: Recompile with -Xlint:deprecation for details.
[INFO] /usr/src/RPM/BUILD/nom-tam-fits-nom-tam-fits-1.15.2/src/main/java/nom/tam/util/type/PrimitiveTypeHandler.java: /usr/src/RPM/BUILD/nom-tam-fits-nom-tam-fits-1.15.2/src/main/java/nom/tam/util/type/PrimitiveTypeHandler.java uses unchecked or unsafe operations.
[INFO] /usr/src/RPM/BUILD/nom-tam-fits-nom-tam-fits-1.15.2/src/main/java/nom/tam/util/type/PrimitiveTypeHandler.java: Recompile with -Xlint:unchecked for details.
[INFO] 
[INFO] --- maven-resources-plugin:3.2.0:testResources (default-testResources) @ nom-tam-fits ---
[INFO] Using 'UTF-8' encoding to copy filtered resources.
[INFO] Using 'UTF-8' encoding to copy filtered properties files.
[INFO] Copying 79 resources
[INFO] 
[INFO] --- maven-compiler-plugin:3.8.1:testCompile (default-testCompile) @ nom-tam-fits ---
[INFO] Changes detected - recompiling the module!
[INFO] Compiling 65 source files to /usr/src/RPM/BUILD/nom-tam-fits-nom-tam-fits-1.15.2/target/test-classes
[INFO] /usr/src/RPM/BUILD/nom-tam-fits-nom-tam-fits-1.15.2/src/test/java/nom/tam/fits/test/BaseFitsTest.java: Some input files use or override a deprecated API.
[INFO] /usr/src/RPM/BUILD/nom-tam-fits-nom-tam-fits-1.15.2/src/test/java/nom/tam/fits/test/BaseFitsTest.java: Recompile with -Xlint:deprecation for details.
[INFO] /usr/src/RPM/BUILD/nom-tam-fits-nom-tam-fits-1.15.2/src/test/java/nom/tam/image/compression/tile/TileCompressorProviderTest.java: Some input files use unchecked or unsafe operations.
[INFO] /usr/src/RPM/BUILD/nom-tam-fits-nom-tam-fits-1.15.2/src/test/java/nom/tam/image/compression/tile/TileCompressorProviderTest.java: Recompile with -Xlint:unchecked for details.
[INFO] 
[INFO] --- maven-surefire-plugin:3.2.2:test (default-test) @ nom-tam-fits ---
[INFO] Using auto detected provider org.apache.maven.surefire.junit4.JUnit4Provider
[INFO] 
[INFO] -------------------------------------------------------
[INFO]  T E S T S
[INFO] -------------------------------------------------------
[INFO] Running nom.tam.manual.intergration.TestFitsFileWithVeryBigHeaders
[WARNING] Tests run: 2, Failures: 0, Errors: 0, Skipped: 2, Time elapsed: 0.024 s -- in nom.tam.manual.intergration.TestFitsFileWithVeryBigHeaders
[INFO] Running nom.tam.manual.intergration.UtilTest
[WARNING] Tests run: 2, Failures: 0, Errors: 0, Skipped: 2, Time elapsed: 0.001 s -- in nom.tam.manual.intergration.UtilTest
[INFO] Running nom.tam.manual.intergration.VeryBigFileTest
[WARNING] Tests run: 1, Failures: 0, Errors: 0, Skipped: 1, Time elapsed: 0 s -- in nom.tam.manual.intergration.VeryBigFileTest
[INFO] Running nom.tam.util.BufferedFileTest
[INFO] Tests run: 5, Failures: 0, Errors: 0, Skipped: 0, Time elapsed: 0.009 s -- in nom.tam.util.BufferedFileTest
[INFO] Running nom.tam.util.HashedListTest
[INFO] Tests run: 15, Failures: 0, Errors: 0, Skipped: 0, Time elapsed: 0.005 s -- in nom.tam.util.HashedListTest
[INFO] Running nom.tam.util.test.ExtraTest
[INFO] Tests run: 3, Failures: 0, Errors: 0, Skipped: 0, Time elapsed: 0.002 s -- in nom.tam.util.test.ExtraTest
[INFO] Running nom.tam.util.test.ArrayFuncs2Test
[INFO] Tests run: 10, Failures: 0, Errors: 0, Skipped: 0, Time elapsed: 0.266 s -- in nom.tam.util.test.ArrayFuncs2Test
[INFO] Running nom.tam.util.test.FitsDateTest
[INFO] Tests run: 9, Failures: 0, Errors: 0, Skipped: 0, Time elapsed: 0.038 s -- in nom.tam.util.test.FitsDateTest
[INFO] Running nom.tam.util.test.ArrayFuncsTest
copyArray
testPattern
curl
floatArrayEquals
getBaseClass
generateArray
nElements
computeSize
arrayEquals
copyInto
genericClone
mimicArray
convertArray
doubleArrayEquals
getDimensions
[INFO] Tests run: 33, Failures: 0, Errors: 0, Skipped: 0, Time elapsed: 0.007 s -- in nom.tam.util.test.ArrayFuncsTest
[INFO] Running nom.tam.util.test.ByteFormatParseTest
[INFO] Tests run: 21, Failures: 0, Errors: 0, Skipped: 0, Time elapsed: 0.007 s -- in nom.tam.util.test.ByteFormatParseTest
[INFO] Running nom.tam.util.test.StreamFileTest
[INFO] Tests run: 17, Failures: 0, Errors: 0, Skipped: 0, Time elapsed: 0.005 s -- in nom.tam.util.test.StreamFileTest
[INFO] Running nom.tam.util.test.ArrayManipulationTest
[INFO] Tests run: 6, Failures: 0, Errors: 0, Skipped: 0, Time elapsed: 0.001 s -- in nom.tam.util.test.ArrayManipulationTest
[INFO] Running nom.tam.util.test.BufferedFileTest
Allocating arrays.
Initializing arrays -- may take a while
Standard I/O library: java.io.RandomAccessFile
  RAF Int write: 1066.6666666666667
  RAF Int read:  1333.3333333333333
  SyncRAF Int write: 1103.448275862069
  SyncRAF Int read:  1391.304347826087
Standard I/O library: java.io.DataXXputStream
                      layered atop a BufferedXXputStream
  DIS Int write: 32000.0
  DIS Int read:  32000.0
  DIS Int write: Infinity
  DIS Int read:  32000.0
New libraries:  nom.tam.BufferedDataXXputStream
                Using non-tiledImageOperation I/O
  BDS Int write: 32000.0
  BDS Int read:  16000.0
New libraries: nom.tam.util.BufferedFile
               Using tiledImageOperation I/O methods.
  BF  Dbl write: Infinity
  BF  Flt write: 32000.0
  BF  Int write: Infinity
  BF  Lng write: 64000.0
  BF  Sht write: Infinity
  BF  Chr write: 16000.0
  BF  Byt write: Infinity
  BF  Boo write: Infinity
  BF  Dbl read:  64000.0
  BF  Flt read:  32000.0
  BF  Int read:  Infinity
  BF  Lng read:  Infinity
  BF  Sht read:  16000.0
  BF  Chr read:  16000.0
  BF  Byt read:  Infinity
  BF  Boo read:  Infinity
BufferedFile Verification:
  Arrays:
  Scalars:
  Multi: odd rows should match
      0 0 0
      1 1 1
      2 2 0
      3 3 3
      4 4 0
      5 5 5
      6 6 0
      7 7 7
      8 8 0
      9 9 9
Done BufferedFile Tests
New libraries: nom.tam.util.BufferedDataXXputStream
               Using tiledImageOperation I/O methods
  BDS Dbl write: 32000.0
  BDS Flt write: 32000.0
  BDS Int write: Infinity
  BDS Lng write: 64000.0
  BDS Sht write: 16000.0
  BDS Chr write: 16000.0
  BDS Byt write: Infinity
  BDS Boo write: Infinity
  BDS Dbl read:  32000.0
  BDS Flt read:  Infinity
  BDS Int read:  32000.0
  BDS Lng read:  64000.0
  BDS Sht read:  16000.0
  BDS Chr read:  16000.0
  BDS Byt read:  Infinity
  BDS Boo read:  8000.0
Multiread:0
Multiread:1
Multiread:2
Multiread:3
Multiread:4
Stream Verification:
  Arrays:
  Scalars:
  Multi: odd rows should match
      0 0 0
      1 1 1
      2 2 0
      3 3 3
      4 4 0
      5 5 5
      6 6 0
      7 7 7
      8 8 0
      9 9 9
Done BufferedStream Tests
Allocating arrays.
Initializing arrays -- may take a while
Standard I/O library: java.io.RandomAccessFile
  RAF Int write: 1333.3333333333333
  RAF Int read:  1333.3333333333333
  SyncRAF Int write: 1000.0
  SyncRAF Int read:  1333.3333333333333
Standard I/O library: java.io.DataXXputStream
                      layered atop a BufferedXXputStream
  DIS Int write: Infinity
  DIS Int read:  Infinity
  DIS Int write: Infinity
  DIS Int read:  Infinity
New libraries:  nom.tam.BufferedDataXXputStream
                Using non-tiledImageOperation I/O
  BDS Int write: 4000.0
  BDS Int read:  Infinity
New libraries: nom.tam.util.BufferedFile
               Using tiledImageOperation I/O methods.
  BF  Dbl write: Infinity
  BF  Flt write: Infinity
  BF  Int write: Infinity
  BF  Lng write: Infinity
  BF  Sht write: Infinity
  BF  Chr write: Infinity
  BF  Byt write: Infinity
  BF  Boo write: Infinity
  BF  Dbl read:  Infinity
  BF  Flt read:  Infinity
  BF  Int read:  Infinity
  BF  Lng read:  Infinity
  BF  Sht read:  Infinity
  BF  Chr read:  2000.0
  BF  Byt read:  Infinity
  BF  Boo read:  Infinity
BufferedFile Verification:
  Arrays:
  Scalars:
  Multi: odd rows should match
      0 0 0
      1 1 1
      2 2 0
      3 3 3
      4 4 0
      5 5 5
      6 6 0
      7 7 7
      8 8 0
      9 9 9
Done BufferedFile Tests
New libraries: nom.tam.util.BufferedDataXXputStream
               Using tiledImageOperation I/O methods
  BDS Dbl write: Infinity
  BDS Flt write: Infinity
  BDS Int write: Infinity
  BDS Lng write: Infinity
  BDS Sht write: Infinity
  BDS Chr write: Infinity
  BDS Byt write: Infinity
  BDS Boo write: Infinity
  BDS Dbl read:  Infinity
  BDS Flt read:  Infinity
  BDS Int read:  Infinity
  BDS Lng read:  Infinity
  BDS Sht read:  Infinity
  BDS Chr read:  Infinity
  BDS Byt read:  Infinity
  BDS Boo read:  Infinity
Multiread:0
Multiread:1
Multiread:2
Multiread:3
Multiread:4
Stream Verification:
  Arrays:
  Scalars:
  Multi: odd rows should match
      0 0 0
      1 1 1
      2 2 0
      3 3 3
      4 4 0
      5 5 5
      6 6 0
      7 7 7
      8 8 0
      9 9 9
Done BufferedStream Tests
[INFO] Tests run: 11, Failures: 0, Errors: 0, Skipped: 0, Time elapsed: 0.220 s -- in nom.tam.util.test.BufferedFileTest
[INFO] Running nom.tam.util.test.BigFileTest
BIGFILETEST environment not set.  Returning without test
[INFO] Tests run: 1, Failures: 0, Errors: 0, Skipped: 0, Time elapsed: 0.001 s -- in nom.tam.util.test.BigFileTest
[INFO] Running nom.tam.util.test.StreamTest
[INFO] Tests run: 36, Failures: 0, Errors: 0, Skipped: 0, Time elapsed: 0.005 s -- in nom.tam.util.test.StreamTest
[INFO] Running nom.tam.util.PrimitiveTypeTest
[INFO] Tests run: 15, Failures: 0, Errors: 0, Skipped: 0, Time elapsed: 0.003 s -- in nom.tam.util.PrimitiveTypeTest
[INFO] Running nom.tam.fits.FitsHeapTest
[INFO] Tests run: 6, Failures: 0, Errors: 0, Skipped: 0, Time elapsed: 0.451 s -- in nom.tam.fits.FitsHeapTest
[INFO] Running nom.tam.fits.HeaderOrderTest
[INFO] Tests run: 5, Failures: 0, Errors: 0, Skipped: 0, Time elapsed: 0.006 s -- in nom.tam.fits.HeaderOrderTest
[INFO] Running nom.tam.fits.BasicHduFailureTest
[INFO] Tests run: 9, Failures: 0, Errors: 0, Skipped: 0, Time elapsed: 0.004 s -- in nom.tam.fits.BasicHduFailureTest
[INFO] Running nom.tam.fits.HeaderProtectedTest
[INFO] Tests run: 3, Failures: 0, Errors: 0, Skipped: 0, Time elapsed: 0.001 s -- in nom.tam.fits.HeaderProtectedTest
[INFO] Running nom.tam.fits.ProtectedFitsTest
[INFO] Tests run: 4, Failures: 0, Errors: 0, Skipped: 0, Time elapsed: 0.001 s -- in nom.tam.fits.ProtectedFitsTest
[INFO] Running nom.tam.fits.ImageProtectedTest
[INFO] Tests run: 13, Failures: 0, Errors: 0, Skipped: 0, Time elapsed: 0.004 s -- in nom.tam.fits.ImageProtectedTest
[INFO] Running nom.tam.fits.compression.TileCompressorControlNameComputerTest
[INFO] Tests run: 6, Failures: 0, Errors: 0, Skipped: 0, Time elapsed: 0.001 s -- in nom.tam.fits.compression.TileCompressorControlNameComputerTest
[INFO] Running nom.tam.fits.compression.provider.CompressionProviderTest
[INFO] Tests run: 2, Failures: 0, Errors: 0, Skipped: 0, Time elapsed: 0.010 s -- in nom.tam.fits.compression.provider.CompressionProviderTest
[INFO] Running nom.tam.fits.compression.algorithm.gzip.GZipCompressTest
[INFO] Tests run: 17, Failures: 0, Errors: 0, Skipped: 0, Time elapsed: 0.023 s -- in nom.tam.fits.compression.algorithm.gzip.GZipCompressTest
[INFO] Running nom.tam.fits.compression.algorithm.gzip2.GZip2CompressTest
[INFO] Tests run: 17, Failures: 0, Errors: 0, Skipped: 0, Time elapsed: 0.017 s -- in nom.tam.fits.compression.algorithm.gzip2.GZip2CompressTest
[INFO] Running nom.tam.fits.compression.algorithm.quant.QuantizeTest
[INFO] Tests run: 14, Failures: 0, Errors: 0, Skipped: 0, Time elapsed: 0.032 s -- in nom.tam.fits.compression.algorithm.quant.QuantizeTest
[INFO] Running nom.tam.fits.compression.algorithm.rice.RiceCompressTest
[INFO] Tests run: 7, Failures: 0, Errors: 0, Skipped: 0, Time elapsed: 0.017 s -- in nom.tam.fits.compression.algorithm.rice.RiceCompressTest
[INFO] Running nom.tam.fits.compression.algorithm.uncompressed.UnCompressedCompressTest
[INFO] Tests run: 6, Failures: 0, Errors: 0, Skipped: 0, Time elapsed: 0.001 s -- in nom.tam.fits.compression.algorithm.uncompressed.UnCompressedCompressTest
[INFO] Running nom.tam.fits.compression.algorithm.plio.PLIOCompressTest
[INFO] Tests run: 5, Failures: 0, Errors: 0, Skipped: 0, Time elapsed: 0.018 s -- in nom.tam.fits.compression.algorithm.plio.PLIOCompressTest
[INFO] Running nom.tam.fits.compression.algorithm.hcompress.HCompressTest
[INFO] Tests run: 12, Failures: 0, Errors: 0, Skipped: 0, Time elapsed: 0.126 s -- in nom.tam.fits.compression.algorithm.hcompress.HCompressTest
[INFO] Running nom.tam.fits.test.JunkTest
[INFO] Tests run: 1, Failures: 0, Errors: 0, Skipped: 0, Time elapsed: 0.008 s -- in nom.tam.fits.test.JunkTest
[INFO] Running nom.tam.fits.test.BuilderApiTest
[INFO] Tests run: 1, Failures: 0, Errors: 0, Skipped: 0, Time elapsed: 0.003 s -- in nom.tam.fits.test.BuilderApiTest
[INFO] Running nom.tam.fits.test.TestMain
[INFO] Tests run: 7, Failures: 0, Errors: 0, Skipped: 0, Time elapsed: 0.004 s -- in nom.tam.fits.test.TestMain
[INFO] Running nom.tam.fits.test.ImageTest
[INFO] Tests run: 5, Failures: 0, Errors: 0, Skipped: 0, Time elapsed: 0.022 s -- in nom.tam.fits.test.ImageTest
[INFO] Running nom.tam.fits.test.TilerTest
[INFO] Tests run: 6, Failures: 0, Errors: 0, Skipped: 0, Time elapsed: 0.054 s -- in nom.tam.fits.test.TilerTest
[INFO] Running nom.tam.fits.test.ChecksumTest
SIMPLE  =                    T / XXX                                            
BITPIX  =                    8 / bits per data value                            
NAXIS   =                    2 / number of axes                                 
NAXIS1  =                 1440 / size of the n'th axis                          
NAXIS2  =                    2 / size of the n'th axis                          
EXTEND  =                    T / Extensions are permitted                       
PCOUNT  =                    0 / Required value                                 
GCOUNT  =                    1 / Required value                                 
CHECKSUM= 'CVfXFTeVCTeVCTeV'   / checksum for the current HDU                   
DATASUM = '4294967295'         / checksum of the data records                   
END                                                                             
[INFO] Tests run: 6, Failures: 0, Errors: 0, Skipped: 0, Time elapsed: 0.003 s -- in nom.tam.fits.test.ChecksumTest
[INFO] Running nom.tam.fits.test.RandomGroupsTest
[INFO] Tests run: 4, Failures: 0, Errors: 0, Skipped: 0, Time elapsed: 0.005 s -- in nom.tam.fits.test.RandomGroupsTest
[INFO] Running nom.tam.fits.test.HeaderCardTest
[WARNING] Tests run: 38, Failures: 0, Errors: 0, Skipped: 1, Time elapsed: 0.015 s -- in nom.tam.fits.test.HeaderCardTest
[INFO] Running nom.tam.fits.test.MiscTest
---xx''   ---

comment:null
---xx'test'   / ---
test
comment:null
---xx''''  ---
'
comment:null
---xx'test''' /    ---
test'
comment:null
---xx'test''a''aaa' /---
test'a'aaa
comment:null
---xx'' / yy---

comment:yy
---xx'test' / yy---
test
comment:yy
---xx'''' / yy    ---
'
comment:yy
---xx'test''' / yy    ---
test'
comment:yy
---xx'test''a''aaa' / yy                    ---
test'a'aaa
comment:yy
---xx'test''a''aaa              ' / yy                    ---
test'a'aaa              
comment:yy
[INFO] Tests run: 2, Failures: 0, Errors: 0, Skipped: 0, Time elapsed: 0.001 s -- in nom.tam.fits.test.MiscTest
[INFO] Running nom.tam.fits.test.HeaderTest
[INFO] Tests run: 31, Failures: 0, Errors: 0, Skipped: 0, Time elapsed: 0.361 s -- in nom.tam.fits.test.HeaderTest
[INFO] Running nom.tam.fits.test.DupTest
Number of duplicates:71
[INFO] Tests run: 1, Failures: 0, Errors: 0, Skipped: 0, Time elapsed: 0 s -- in nom.tam.fits.test.DupTest
[INFO] Running nom.tam.fits.test.BinaryTableTest
  A warning about invalid ASCII strings should follow.
Wrote file bt12.fits
0  abcdefghijklmnopqrstuvwxyz :: abcdefghijklmnopqrstuvwxyz true
1  a :: a true
2  ab :: ab true
3  abc :: abc true
4  abcd :: abcd true
5  abcde :: abcde true
6  abcdef :: abcdef true
7  abcdefg :: abcdefg true
8  abcdefgh :: abcdefgh true
9  abcdefghi :: abcdefghi true
10  abcdefghij :: abcdefghij true
11  abcdefghijk :: abcdefghijk true
12  abcdefghijkl :: abcdefghijkl true
13  abcdefghijklm :: abcdefghijklm true
14  abcdefghijklmn :: abcdefghijklmn true
15  abcdefghijklmno :: abcdefghijklmno true
16  abcdefghijklmnop :: abcdefghijklmnop true
17  abcdefghijklmnopq :: abcdefghijklmnopq true
18  abcdefghijklmnopqr :: abcdefghijklmnopqr true
19  abcdefghijklmnopqrs :: abcdefghijklmnopqrs true
20   ::  true
21  a :: a true
22  ab :: ab true
23  abc :: abc true
24  abcd :: abcd true
25  abcde :: abcde true
26  abcdef :: abcdef true
27  abcdefg :: abcdefg true
28  abcdefgh :: abcdefgh true
29  abcdefghi :: abcdefghi true
30  abcdefghij :: abcdefghij true
31  abcdefghijk :: abcdefghijk true
32  abcdefghijkl :: abcdefghijkl true
33  abcdefghijklm :: abcdefghijklm true
34  abcdefghijklmn :: abcdefghijklmn true
35  abcdefghijklmno :: abcdefghijklmno true
36  abcdefghijklmnop :: abcdefghijklmnop true
37  abcdefghijklmnopq :: abcdefghijklmnopq true
38  abcdefghijklmnopqr :: abcdefghijklmnopqr true
39  abcdefghijklmnopqrs :: abcdefghijklmnopqrs true
40   ::  true
41  a :: a true
42  ab :: ab true
43  abc :: abc true
44  abcd :: abcd true
45  abcde :: abcde true
46  abcdef :: abcdef true
47  abcdefg :: abcdefg true
48  abcdefgh :: abcdefgh true
49  abcdefghi :: abcdefghi true
[INFO] Tests run: 49, Failures: 0, Errors: 0, Skipped: 0, Time elapsed: 0.058 s -- in nom.tam.fits.test.BinaryTableTest
[INFO] Running nom.tam.fits.test.LongCommentCardTest
[INFO] Tests run: 1, Failures: 0, Errors: 0, Skipped: 0, Time elapsed: 0 s -- in nom.tam.fits.test.LongCommentCardTest
[INFO] Running nom.tam.fits.test.AsciiTableTest
[INFO] Tests run: 25, Failures: 0, Errors: 0, Skipped: 0, Time elapsed: 0.014 s -- in nom.tam.fits.test.AsciiTableTest
[INFO] Running nom.tam.fits.test.EnumHeaderTest
[INFO] Tests run: 9, Failures: 0, Errors: 0, Skipped: 0, Time elapsed: 0.012 s -- in nom.tam.fits.test.EnumHeaderTest
[INFO] Running nom.tam.fits.test.PaddingTest
[INFO] Tests run: 2, Failures: 0, Errors: 0, Skipped: 0, Time elapsed: 0 s -- in nom.tam.fits.test.PaddingTest
[INFO] Running nom.tam.fits.test.BaseFitsTest
  Binary Table
      Header Information:
          5 fields, 50 rows of length 39
           1:Format=1E; 
           2:Format=1J; 
           3:Format=1K; 
           4:Format=1D; 
           5:Format=15A; Dimens=(15); 
      Data Information:
          Number of rows=50
          Number of columns=5
           0:float[50]
           1:int[50]
           2:long[50]
           3:double[50]
           4:byte[750]
  Binary Table
      Header Information:
          5 fields, 50 rows of length 39
           1:Format=1E; 
           2:Format=1J; 
           3:Format=1K; 
           4:Format=1D; 
           5:Format=15A; Dimens=(15); 
      Data Information:
          Number of rows=50
          Number of columns=5
           0:float[50]
           1:int[50]
           2:long[50]
           3:double[50]
           4:byte[750]
ASCII Table:
  Header:
    Number of fields:5
    Number of rows:  50
    Length of row:   90
  Data:
      0:float[50]
      1:int[50]
      2:long[50]
      3:double[50]
      4:String[50]
ASCII Table:
  Header:
    Number of fields:5
    Number of rows:  50
    Length of row:   90
  Data:
      0:float[50]
      1:int[50]
      2:long[50]
      3:double[50]
      4:String[50]
[INFO] Tests run: 44, Failures: 0, Errors: 0, Skipped: 0, Time elapsed: 0.053 s -- in nom.tam.fits.test.BaseFitsTest
[INFO] Running nom.tam.image.StandardImageTilerTest
[INFO] Tests run: 7, Failures: 0, Errors: 0, Skipped: 0, Time elapsed: 0.001 s -- in nom.tam.image.StandardImageTilerTest
[INFO] Running nom.tam.image.tile.operation.TileAreaTest
[INFO] Tests run: 1, Failures: 0, Errors: 0, Skipped: 0, Time elapsed: 0.001 s -- in nom.tam.image.tile.operation.TileAreaTest
[INFO] Running nom.tam.image.compression.tile.mask.ImageMaskTest
[INFO] Tests run: 10, Failures: 0, Errors: 0, Skipped: 0, Time elapsed: 0.005 s -- in nom.tam.image.compression.tile.mask.ImageMaskTest
[INFO] Running nom.tam.image.compression.tile.TileCompressorProviderTest
[INFO] Tests run: 18, Failures: 0, Errors: 0, Skipped: 0, Time elapsed: 0.051 s -- in nom.tam.image.compression.tile.TileCompressorProviderTest
[INFO] Running nom.tam.image.compression.hdu.CompressedTableBlackBoxTest
[WARNING] Tests run: 13, Failures: 0, Errors: 0, Skipped: 12, Time elapsed: 0.104 s -- in nom.tam.image.compression.hdu.CompressedTableBlackBoxTest
[INFO] Running nom.tam.image.compression.hdu.CompressedTableTest
  Binary Table
      Header Information:
          1 fields, 1 rows of length 16
           1:Format=1QB(8800); Dimens=(5,5); 
      Data Information:
          Number of rows=1
          Number of columns=1
          Heap size is: 8800 bytes
           0:long[2]
[WARNING] Tests run: 4, Failures: 0, Errors: 0, Skipped: 1, Time elapsed: 0.016 s -- in nom.tam.image.compression.hdu.CompressedTableTest
[INFO] 
[INFO] Results:
[INFO] 
[WARNING] Tests run: 598, Failures: 0, Errors: 0, Skipped: 19
[INFO] 
[INFO] 
[INFO] --- maven-surefire-plugin:3.2.2:test (classpath-test) @ nom-tam-fits ---
[INFO] Using auto detected provider org.apache.maven.surefire.junit4.JUnit4Provider
[INFO] 
[INFO] -------------------------------------------------------
[INFO]  T E S T S
[INFO] -------------------------------------------------------
[INFO] Running nom.tam.fits.test.CompressWithoutDependenciesTest
[ERROR] Tests run: 1, Failures: 0, Errors: 1, Skipped: 0, Time elapsed: 0.053 s <<< FAILURE! -- in nom.tam.fits.test.CompressWithoutDependenciesTest
[ERROR] nom.tam.fits.test.CompressWithoutDependenciesTest.testWthoutApacheCompression -- Time elapsed: 0.024 s <<< ERROR!
java.lang.IndexOutOfBoundsException: Index 1 out of bounds for length 1
	at java.base/jdk.internal.util.Preconditions.outOfBounds(Preconditions.java:64)
	at java.base/jdk.internal.util.Preconditions.outOfBoundsCheckIndex(Preconditions.java:70)
	at java.base/jdk.internal.util.Preconditions.checkIndex(Preconditions.java:248)
	at java.base/java.util.Objects.checkIndex(Objects.java:374)
	at java.base/java.util.ArrayList.get(ArrayList.java:459)
	at nom.tam.fits.test.CompressWithoutDependenciesTest.testWthoutApacheCompression(CompressWithoutDependenciesTest.java:85)
	at java.base/jdk.internal.reflect.NativeMethodAccessorImpl.invoke0(Native Method)
	at java.base/jdk.internal.reflect.NativeMethodAccessorImpl.invoke(NativeMethodAccessorImpl.java:62)
	at java.base/jdk.internal.reflect.DelegatingMethodAccessorImpl.invoke(DelegatingMethodAccessorImpl.java:43)
	at java.base/java.lang.reflect.Method.invoke(Method.java:566)
	at org.junit.runners.model.FrameworkMethod$1.runReflectiveCall(FrameworkMethod.java:59)
	at org.junit.internal.runners.model.ReflectiveCallable.run(ReflectiveCallable.java:12)
	at org.junit.runners.model.FrameworkMethod.invokeExplosively(FrameworkMethod.java:61)
	at org.junit.internal.runners.statements.InvokeMethod.evaluate(InvokeMethod.java:17)
	at org.junit.runners.ParentRunner$3.evaluate(ParentRunner.java:306)
	at org.junit.runners.BlockJUnit4ClassRunner$1.evaluate(BlockJUnit4ClassRunner.java:100)
	at org.junit.runners.ParentRunner.runLeaf(ParentRunner.java:366)
	at org.junit.runners.BlockJUnit4ClassRunner.runChild(BlockJUnit4ClassRunner.java:103)
	at org.junit.runners.BlockJUnit4ClassRunner.runChild(BlockJUnit4ClassRunner.java:63)
	at org.junit.runners.ParentRunner$4.run(ParentRunner.java:331)
	at org.junit.runners.ParentRunner$1.schedule(ParentRunner.java:79)
	at org.junit.runners.ParentRunner.runChildren(ParentRunner.java:329)
	at org.junit.runners.ParentRunner.access$100(ParentRunner.java:66)
	at org.junit.runners.ParentRunner$2.evaluate(ParentRunner.java:293)
	at org.junit.runners.ParentRunner$3.evaluate(ParentRunner.java:306)
	at org.junit.runners.ParentRunner.run(ParentRunner.java:413)
	at org.apache.maven.surefire.junit4.JUnit4Provider.execute(JUnit4Provider.java:316)
	at org.apache.maven.surefire.junit4.JUnit4Provider.executeWithRerun(JUnit4Provider.java:240)
	at org.apache.maven.surefire.junit4.JUnit4Provider.executeTestSet(JUnit4Provider.java:214)
	at org.apache.maven.surefire.junit4.JUnit4Provider.invoke(JUnit4Provider.java:155)
	at org.apache.maven.surefire.booter.ForkedBooter.runSuitesInProcess(ForkedBooter.java:385)
	at org.apache.maven.surefire.booter.ForkedBooter.execute(ForkedBooter.java:162)
	at org.apache.maven.surefire.booter.ForkedBooter.run(ForkedBooter.java:507)
	at org.apache.maven.surefire.booter.ForkedBooter.main(ForkedBooter.java:495)

[INFO] 
[INFO] Results:
[INFO] 
[ERROR] Errors: 
[ERROR]   CompressWithoutDependenciesTest.testWthoutApacheCompression:85 Â» IndexOutOfBounds Index 1 out of bounds for length 1
[INFO] 
[ERROR] Tests run: 1, Failures: 0, Errors: 1, Skipped: 0
[INFO] 
[INFO] 
[INFO] ------------------------------------------------------------------------
[INFO] Skipping nom.tam FITS library
[INFO] This project has been banned from the build due to previous failures.
[INFO] ------------------------------------------------------------------------
[INFO] ------------------------------------------------------------------------
[INFO] BUILD FAILURE
[INFO] ------------------------------------------------------------------------
[INFO] Total time:  5.623 s
[INFO] Finished at: 2025-05-16T02:19:42Z
[INFO] ------------------------------------------------------------------------
[ERROR] Failed to execute goal org.apache.maven.plugins:maven-surefire-plugin:3.2.2:test (classpath-test) on project nom-tam-fits: 
[ERROR] 
[ERROR] Please refer to /usr/src/RPM/BUILD/nom-tam-fits-nom-tam-fits-1.15.2/target/surefire-reports for the individual test results.
[ERROR] Please refer to dump files (if any exist) [date].dump, [date]-jvmRun[N].dump and [date].dumpstream.
[ERROR] -> [Help 1]
[ERROR] 
[ERROR] To see the full stack trace of the errors, re-run Maven with the -e switch.
[ERROR] Re-run Maven using the -X switch to enable full debug logging.
[ERROR] 
[ERROR] For more information about the errors and possible solutions, please read the following articles:
[ERROR] [Help 1] http://cwiki.apache.org/confluence/display/MAVEN/MojoFailureException
error: Bad exit status from /usr/src/tmp/rpm-tmp.93149 (%build)


RPM build errors:
    Bad exit status from /usr/src/tmp/rpm-tmp.93149 (%build)
Command exited with non-zero status 1
36.36user 4.91system 0:07.68elapsed 536%CPU (0avgtext+0avgdata 2528140maxresident)k
0inputs+0outputs (0major+270522minor)pagefaults 0swaps
hsh-rebuild: rebuild of `nom-tam-fits-1.15.2-alt1_13jpp11.src.rpm' failed.
Command exited with non-zero status 1
4.69user 3.20system 0:23.89elapsed 33%CPU (0avgtext+0avgdata 142160maxresident)k
288inputs+0outputs (0major+275379minor)pagefaults 0swaps
