<86>May 10 09:42:55 userdel[3496151]: delete user 'rooter'
<86>May 10 09:42:55 userdel[3496151]: removed group 'rooter' owned by 'rooter'
<86>May 10 09:42:55 userdel[3496151]: removed shadow group 'rooter' owned by 'rooter'
<86>May 10 09:42:55 groupadd[3496191]: group added to /etc/group: name=rooter, GID=1820
<86>May 10 09:42:55 groupadd[3496191]: group added to /etc/gshadow: name=rooter
<86>May 10 09:42:55 groupadd[3496191]: new group: name=rooter, GID=1820
<86>May 10 09:42:55 useradd[3496227]: new user: name=rooter, UID=1820, GID=1820, home=/root, shell=/bin/bash, from=none
<86>May 10 09:42:55 userdel[3496288]: delete user 'builder'
<86>May 10 09:42:55 userdel[3496288]: removed group 'builder' owned by 'builder'
<86>May 10 09:42:55 userdel[3496288]: removed shadow group 'builder' owned by 'builder'
<86>May 10 09:42:55 groupadd[3496333]: group added to /etc/group: name=builder, GID=1821
<86>May 10 09:42:55 groupadd[3496333]: group added to /etc/gshadow: name=builder
<86>May 10 09:42:55 groupadd[3496333]: new group: name=builder, GID=1821
<86>May 10 09:42:55 useradd[3496369]: new user: name=builder, UID=1821, GID=1821, home=/usr/src, shell=/bin/bash, from=none
<13>May 10 09:43:00 rpmi: libmpdec3-2.5.1-alt3 sisyphus+314490.500.5.1 1675432033 installed
<13>May 10 09:43:00 rpmi: libgdbm-1.8.3-alt10 sisyphus+346222.200.3.2 1716468406 installed
<13>May 10 09:43:00 rpmi: libexpat-2.7.1-alt1 sisyphus+379929.100.1.1 1743519386 installed
<13>May 10 09:43:00 rpmi: openssl-config-3.2.0-alt1 sisyphus+366659.140.4.1 1736956949 installed
<13>May 10 09:43:00 rpmi: libb2-0.98.1-alt1_1 sisyphus+291614.100.1.1 1638962878 installed
<13>May 10 09:43:00 rpmi: libp11-kit-1:0.25.5-alt1 sisyphus+352553.100.1.1 1720622586 installed
<13>May 10 09:43:00 rpmi: libtasn1-4.20.0-alt2 sisyphus+375829.100.1.1 1740299335 installed
<13>May 10 09:43:00 rpmi: rpm-macros-alternatives-0.5.3-alt1 sisyphus+371878.100.1.1 1737988822 installed
<13>May 10 09:43:00 rpmi: alternatives-0.5.3-alt1 sisyphus+371878.100.1.1 1737988822 installed
<13>May 10 09:43:00 rpmi: ca-certificates-2025.02.10-alt1 sisyphus+374228.100.4.1 1739265441 installed
<13>May 10 09:43:00 rpmi: ca-trust-0.2.0-alt1 sisyphus+344843.100.1.1 1712743326 installed
<13>May 10 09:43:00 rpmi: p11-kit-trust-1:0.25.5-alt1 sisyphus+352553.100.1.1 1720622586 installed
<13>May 10 09:43:00 rpmi: libcrypto3-3.3.3-alt1 sisyphus+374381.40.2.1 1739299702 installed
<13>May 10 09:43:00 rpmi: libssl3-3.3.3-alt1 sisyphus+374381.40.2.1 1739299702 installed
<13>May 10 09:43:00 rpmi: python3-3.12.10-alt1 sisyphus+381757.100.1.1 1744802963 installed
<13>May 10 09:43:01 rpmi: python3-base-3.12.10-alt1 sisyphus+381757.100.1.1 1744802963 installed
<13>May 10 09:43:01 rpmi: python3-module-py3dephell-0.3.1-alt1 sisyphus+365261.200.1.1 1734463433 installed
<13>May 10 09:43:01 rpmi: tests-for-installed-python3-pkgs-0.1.28-alt1 sisyphus+375953.100.2.1 1740855713 installed
<13>May 10 09:43:01 rpmi: rpm-build-python3-0.1.28-alt1 sisyphus+375953.100.2.1 1740855713 installed
<13>May 10 09:43:05 rpmi: python3-module-packaging-25.0-alt1 sisyphus+382195.100.1.1 1745223121 installed
<13>May 10 09:43:05 rpmi: python3-module-pluggy-1.5.0-alt1 sisyphus+345632.100.2.1 1713864244 installed
<13>May 10 09:43:05 rpmi: python3-module-attrs-25.3.0-alt1 sisyphus+378700.100.1.1 1742472992 installed
<13>May 10 09:43:05 rpmi: python3-module-more-itertools-10.6.0-alt1 sisyphus+369595.100.2.1 1737017267 installed
<13>May 10 09:43:05 rpmi: libidn2-2.3.7-alt1 sisyphus+339505.100.1.2 1706718975 installed
<13>May 10 09:43:05 rpmi: libnettle8-3.10.1-alt1 sisyphus+372008.100.1.1 1738078268 installed
<13>May 10 09:43:05 rpmi: python3-module-jaraco.functools-4.1.0-alt1.1 sisyphus+376369.24200.10.1 1746632566 installed
<13>May 10 09:43:05 rpmi: python3-module-pathspec-0.12.1-alt1 sisyphus+341971.100.1.1 1709553025 installed
<13>May 10 09:43:05 rpmi: python3-module-zope.interface-7.2-alt1.1 sisyphus+376369.21500.10.1 1746631890 installed
<13>May 10 09:43:05 rpmi: libhogweed6-3.10.1-alt1 sisyphus+372008.100.1.1 1738078268 installed
<13>May 10 09:43:05 rpmi: libgnutls30-3.8.9-alt1 sisyphus+380042.200.2.1 1743618521 installed
<13>May 10 09:43:05 rpmi: libngtcp2.16-1.12.0-alt1 sisyphus+382655.200.1.1 1745743457 installed
<13>May 10 09:43:05 rpmi: libngtcp2_crypto_gnutls8-1.12.0-alt1 sisyphus+382655.200.1.1 1745743457 installed
<13>May 10 09:43:05 rpmi: python3-module-iniconfig-2.1.0-alt1 sisyphus+378658.100.2.1 1742493599 installed
<13>May 10 09:43:05 rpmi: python3-module-pytest-8.3.5-alt1 sisyphus+376824.100.2.1 1741167719 installed
<13>May 10 09:43:05 rpmi: python3-module-trove-classifiers-2025.4.11.15-alt1 sisyphus+381567.100.1.1 1744619284 installed
<13>May 10 09:43:05 rpmi: python3-module-hatchling-1.27.0-alt1 sisyphus+365115.100.2.1 1734340769 installed
<13>May 10 09:43:05 rpmi: python3-module-certifi-2024.12.14-alt1 sisyphus+369729.200.2.2 1737050219 installed
<13>May 10 09:43:05 rpmi: python3-module-tomlkit-0.13.2-alt1 sisyphus+358344.100.2.1 1727351286 installed
<13>May 10 09:43:05 rpmi: python3-module-orjson-3.10.16-alt1 sisyphus+380377.100.1.1 1743760932 installed
<13>May 10 09:43:05 rpmi: python3-module-msgspec-0.18.6-alt1 sisyphus+352905.576.13.1 1722262077 installed
<13>May 10 09:43:05 rpmi: python3-module-msgpack-1.1.0-alt1 sisyphus+366518.100.1.1 1735151210 installed
<13>May 10 09:43:05 rpmi: python3-module-cbor2-5.6.5-alt1 sisyphus+359421.100.1.1 1728556773 installed
<13>May 10 09:43:05 rpmi: python3-module-bson-4.12.1-alt1 sisyphus+383455.100.1.3 1746552501 installed
<13>May 10 09:43:05 rpmi: python3-module-typing_extensions-4.13.2-alt1 sisyphus+381315.100.1.1 1744375640 installed
<13>May 10 09:43:05 rpmi: python3-module-priority-2.0.0-alt3 sisyphus+338701.100.1.2 1705988383 installed
<13>May 10 09:43:05 rpmi: python3-module-hpack-4.0.0-alt1 sisyphus+270376.200.1.1 1618956626 installed
<13>May 10 09:43:05 rpmi: python3-module-hyperframe-6.0.1-alt1 sisyphus+270376.300.2.1 1618957001 installed
<13>May 10 09:43:05 rpmi: python3-module-h2-4.1.0-alt1 sisyphus+325714.100.2.2 1690478873 installed
<13>May 10 09:43:05 rpmi: python3-module-click-8.1.8-alt1 sisyphus+366297.100.1.1 1734946237 installed
<13>May 10 09:43:05 rpmi: python3-module-incremental-22.10.0-alt1 sisyphus+312706.100.1.1 1672404273 installed
<13>May 10 09:43:05 rpmi: python3-module-constantly-15.1.0-alt7 sisyphus+338906.100.1.1 1706107088 installed
<13>May 10 09:43:05 rpmi: python3-module-idna-3.10-alt1 sisyphus+358681.100.1.1 1727701241 installed
<13>May 10 09:43:05 rpmi: python3-module-hyperlink-21.0.0-alt1.1 sisyphus+304836.100.1.1 1659710964 installed
<13>May 10 09:43:06 rpmi: python3-module-pycparser-2.22-alt1 sisyphus+378485.100.1.1 1742331206 installed
<13>May 10 09:43:06 rpmi: python3-module-cffi-1.17.1-alt1 sisyphus+357396.100.1.1 1726156488 installed
<13>May 10 09:43:06 rpmi: python3-module-cryptography-44.0.0-alt1 sisyphus+368451.100.1.1 1736436014 installed
<13>May 10 09:43:06 rpmi: python3-module-openssl-24.3.0-alt1 sisyphus+368451.200.1.1 1736436083 installed
<13>May 10 09:43:06 rpmi: python3-module-appdirs-1.4.4-alt2 sisyphus+359005.100.1.1 1728036426 installed
<13>May 10 09:43:06 rpmi: python3-module-zombie-imp-0.0.2-alt1 sisyphus+339293.100.1.1 1706537230 installed
<13>May 10 09:43:06 rpmi: python3-module-wheel-0.45.1-alt2 sisyphus+376369.34000.10.1 1746635900 installed
<13>May 10 09:43:06 rpmi: python3-module-platformdirs-4.3.7-alt1 sisyphus+378659.100.2.1 1742562597 installed
<13>May 10 09:43:06 rpmi: python3-module-jaraco.context-6.0.1-alt1.1 sisyphus+376369.6200.10.1 1746628448 installed
<13>May 10 09:43:06 rpmi: python3-module-autocommand-2.2.2-alt1.1 sisyphus+339714.100.1.1 1706968174 installed
<13>May 10 09:43:06 rpmi: python3-module-jaraco.text-4.0.0-alt1.1 sisyphus+376369.7300.10.1 1746628739 installed
<13>May 10 09:43:06 rpmi: python3-module-jaraco.collections-5.1.0-alt1.1 sisyphus+376369.6100.10.1 1746628417 installed
<13>May 10 09:43:06 rpmi: python3-module-pkg_resources-1:76.0.0-alt1 sisyphus+376369.200.10.1 1746626832 installed
<13>May 10 09:43:06 rpmi: libzeromq-4.3.4-alt3 sisyphus+326735.200.2.1 1691482854 installed
<13>May 10 09:43:06 rpmi: libyaml2-0.2.5-alt1 sisyphus+278391.100.1.1 1626094932 installed
<13>May 10 09:43:06 rpmi: python3-module-yaml-6.0.2-alt1.1 sisyphus+376369.16600.10.1 1746631133 installed
<13>May 10 09:43:06 rpmi: libsqlite3-3.47.1-alt1 sisyphus+375553.2600.2.1 1740150182 installed
<13>May 10 09:43:06 rpmi: python3-modules-sqlite3-3.12.10-alt1 sisyphus+381757.100.1.1 1744802963 installed
<13>May 10 09:43:06 rpmi: python3-module-coverage-7.6.10-alt1 sisyphus+378449.100.1.1 1742313292 installed
<13>May 10 09:43:06 rpmi: libpython3-3.12.10-alt1 sisyphus+381757.100.1.1 1744802963 installed
<13>May 10 09:43:06 rpmi: libncurses6-6.3.20220618-alt4 sisyphus+327286.4600.14.1 1711486782 installed
<13>May 10 09:43:06 rpmi: libtinfo-devel-6.3.20220618-alt4 sisyphus+327286.4600.14.1 1711486782 installed
<13>May 10 09:43:06 rpmi: libncurses-devel-6.3.20220618-alt4 sisyphus+327286.4600.14.1 1711486782 installed
<13>May 10 09:43:07 rpmi: python3-dev-3.12.10-alt1 sisyphus+381757.100.1.1 1744802963 installed
<13>May 10 09:43:07 rpmi: python3-module-setuptools-1:76.0.0-alt1 sisyphus+376369.200.10.1 1746626832 installed
<13>May 10 09:43:07 rpmi: libusb-1.0.27-alt1 sisyphus+347412.100.1.1 1714739652 installed
<13>May 10 09:43:07 rpmi: libhidapi-0.14.0-alt1 sisyphus+378183.100.1.1 1742067547 installed
<13>May 10 09:43:07 rpmi: python3-module-cython-hidapi-0.14.0-alt1.1 sisyphus+333513.54340.73.1 1704649757 installed
<13>May 10 09:43:07 rpmi: python3-module-serial-3.5-alt3 sisyphus+360600.100.2.1 1729786231 installed
<13>May 10 09:43:07 rpmi: python3-module-twisted-logger-24.11.0-alt2 sisyphus+376609.40.2.1 1740866761 installed
<13>May 10 09:43:07 rpmi: python3-module-twisted-web-24.11.0-alt2 sisyphus+376609.40.2.1 1740866761 installed
<13>May 10 09:43:08 rpmi: python3-module-twisted-words-24.11.0-alt2 sisyphus+376609.40.2.1 1740866761 installed
<13>May 10 09:43:08 rpmi: python3-module-automat-25.4.16-alt1.1 sisyphus+376369.25200.10.1 1746633028 installed
<13>May 10 09:43:08 rpmi: python3-module-twisted-core-24.11.0-alt2 sisyphus+376609.40.2.1 1740866761 installed
<13>May 10 09:43:08 rpmi: python3-module-twisted-names-24.11.0-alt2 sisyphus+376609.40.2.1 1740866761 installed
<13>May 10 09:43:08 rpmi: libdouble-conversion3-3.3.1-alt1 sisyphus+375894.100.1.1 1740393433 installed
<13>May 10 09:43:08 rpmi: python3-module-ujson-5.10.0-alt1.1 sisyphus+373480.100.1.1 1738922658 installed
<13>May 10 09:43:08 rpmi: python3-module-cattrs-24.1.3-alt1 sisyphus+381688.100.1.1 1744728650 installed
<13>May 10 09:43:08 rpmi: libcares-1.34.5-alt1 sisyphus+381066.100.1.1 1744213479 installed
<13>May 10 09:43:08 rpmi: python3-module-pycares-4.8.0-alt1 sisyphus+383444.100.1.1 1746542991 installed
<13>May 10 09:43:08 rpmi: gcc-c++-common-1.4.28-alt1 sisyphus+348678.100.1.1 1716396142 installed
<13>May 10 09:43:08 rpmi: libstdc++14-devel-14.2.1-alt1 sisyphus+360995.100.1.1 1730131612 installed
<13>May 10 09:43:09 rpmi: gcc14-c++-14.2.1-alt1 sisyphus+360995.100.1.1 1730131612 installed
<13>May 10 09:43:09 rpmi: cmake-modules-4.0.1-alt1 sisyphus+382689.100.1.1 1745786887 installed
<13>May 10 09:43:09 rpmi: libuv-1.50.0-alt1 sisyphus+377760.100.1.1 1741795923 installed
<13>May 10 09:43:09 rpmi: librhash-1.3.5-alt3 sisyphus+286141.40.2.1 1632982456 installed
<13>May 10 09:43:09 rpmi: libjsoncpp24-1.9.4-alt2 sisyphus+346331.200.2.1 1716448553 installed
<13>May 10 09:43:09 rpmi: libssh2-1.11.0-alt2 sisyphus+339356.100.1.1 1706593140 installed
<13>May 10 09:43:09 rpmi: publicsuffix-list-dafsa-20250416-alt1 sisyphus+381887.100.1.1 1744900874 installed
<13>May 10 09:43:09 rpmi: libpsl-0.21.5-alt1 sisyphus+338474.100.1.1 1705684771 installed
<13>May 10 09:43:09 rpmi: libnghttp3.9-1.9.0-alt1 sisyphus+382655.100.1.1 1745743397 installed
<13>May 10 09:43:09 rpmi: libnghttp2-1.65.0-alt1 sisyphus+377060.100.1.1 1741259318 installed
<13>May 10 09:43:09 rpmi: openldap-common-2.6.9-alt2 sisyphus+367501.300.4.1 1735841751 installed
<13>May 10 09:43:09 rpmi: libntlm-1.5-alt2 sisyphus+379810.500.4.1 1743501149 installed
<13>May 10 09:43:09 rpmi: libidn-1.37-alt2 sisyphus+300849.100.1.1 1653769693 installed
<13>May 10 09:43:09 rpmi: libverto-0.3.2-alt1_1 sisyphus+321176.2200.10.2 1684806164 installed
<13>May 10 09:43:09 rpmi: liblmdb-0.9.33-alt1 sisyphus+360625.100.1.1 1729819639 installed
<13>May 10 09:43:09 rpmi: libkeyutils-1.6.3-alt1 sisyphus+346336.200.2.2 1716472658 installed
<13>May 10 09:43:09 rpmi: libcom_err-1.47.1.0.10.ad56-alt2 sisyphus+363497.200.3.1 1732729916 installed
<86>May 10 09:43:09 groupadd[3526744]: group added to /etc/group: name=_keytab, GID=999
<86>May 10 09:43:09 groupadd[3526744]: group added to /etc/gshadow: name=_keytab
<86>May 10 09:43:09 groupadd[3526744]: new group: name=_keytab, GID=999
<13>May 10 09:43:09 rpmi: libkrb5-1.21.3-alt2 sisyphus+351857.100.1.1 1719735219 installed
<13>May 10 09:43:09 rpmi: libgsasl18-2.2.1-alt2 sisyphus+359713.200.2.1 1728905438 installed
<86>May 10 09:43:09 groupadd[3526903]: group added to /etc/group: name=sasl, GID=998
<86>May 10 09:43:09 groupadd[3526903]: group added to /etc/gshadow: name=sasl
<86>May 10 09:43:09 groupadd[3526903]: new group: name=sasl, GID=998
<13>May 10 09:43:09 rpmi: libsasl2-3-2.1.28-alt2.1 sisyphus+367419.100.1.1 1735482553 installed
<13>May 10 09:43:09 rpmi: libldap2-2.6.9-alt2 sisyphus+367501.300.4.1 1735841767 installed
<13>May 10 09:43:09 rpmi: libbrotlicommon-1.1.0-alt1 sisyphus+328501.100.1.1 1693598420 installed
<13>May 10 09:43:09 rpmi: libbrotlidec-1.1.0-alt1 sisyphus+328501.100.1.1 1693598420 installed
<13>May 10 09:43:09 rpmi: libcurl-8.13.0-alt1 sisyphus+380015.100.1.1 1743595160 installed
<13>May 10 09:43:09 rpmi: libarchive13-3.7.5-alt2 sisyphus+358189.100.1.1 1727162770 installed
<13>May 10 09:43:09 rpmi: rpm-macros-cmake-4.0.0-alt1 sisyphus+380707.100.1.1 1744023402 installed
<13>May 10 09:43:10 rpmi: cmake-4.0.1-alt1 sisyphus+382689.100.1.1 1745786948 installed
<13>May 10 09:43:10 rpmi: gcc-c++-14-alt1 sisyphus+360995.300.1.1 1730139881 installed
<13>May 10 09:43:10 rpmi: python3-module-tornado-6.4.2-alt1 sisyphus+363445.100.1.1 1732635493 installed
<13>May 10 09:43:10 rpmi: python3-module-scikit-build-core-0.11.2-alt1 sisyphus+383453.100.1.3 1746552173 installed
<13>May 10 09:43:10 rpmi: python3-module-Cython-3.0.12-alt1 sisyphus+375455.100.1.1 1740050456 installed
<13>May 10 09:43:10 rpmi: libzeromq-devel-4.3.4-alt3 sisyphus+326735.200.2.1 1691482854 installed
<13>May 10 09:43:10 rpmi: python3-module-pytest-asyncio-0.25.3-alt1 sisyphus+372038.100.2.1 1738225951 installed
Building target platforms: i586
Building for target i586
Wrote: /usr/src/in/nosrpm/python3-module-zmq-26.4.0-alt1.nosrc.rpm (w1.gzdio)
<13>May 10 09:43:12 rpmi: python3-module-pyproject-installer-0.5.5-alt2 sisyphus+366395.100.1.1 1735032014 installed
Installing python3-module-zmq-26.4.0-alt1.src.rpm
Building target platforms: i586
Building for target i586
Executing(%prep): /bin/sh -e /usr/src/tmp/rpm-tmp.78148
+ umask 022
+ /bin/mkdir -p /usr/src/RPM/BUILD
+ cd /usr/src/RPM/BUILD
+ cd /usr/src/RPM/BUILD
+ rm -rf python3-module-zmq-26.4.0
+ echo 'Source #0 (python3-module-zmq-26.4.0.tar):'
Source #0 (python3-module-zmq-26.4.0.tar):
+ /bin/tar -xf /usr/src/RPM/SOURCES/python3-module-zmq-26.4.0.tar
+ cd python3-module-zmq-26.4.0
+ /bin/chmod -c -Rf u+rwX,go-w .
+ find . -name '*.c'
+ xargs rm -v
removed './zmq/backend/cffi/_cffi_src.c'
+ exit 0
Executing(%build): /bin/sh -e /usr/src/tmp/rpm-tmp.78148
+ umask 022
+ /bin/mkdir -p /usr/src/RPM/BUILD
+ cd /usr/src/RPM/BUILD
+ cd python3-module-zmq-26.4.0
+ export 'CFLAGS=-pipe -frecord-gcc-switches -Wall -g -O2 -flto=auto -march=i586 -mtune=generic -fno-strict-aliasing'
+ CFLAGS='-pipe -frecord-gcc-switches -Wall -g -O2 -flto=auto -march=i586 -mtune=generic -fno-strict-aliasing'
+ export 'CXXFLAGS=-pipe -frecord-gcc-switches -Wall -g -O2 -flto=auto -march=i586 -mtune=generic -fno-strict-aliasing'
+ CXXFLAGS='-pipe -frecord-gcc-switches -Wall -g -O2 -flto=auto -march=i586 -mtune=generic -fno-strict-aliasing'
+ export 'FFLAGS=-pipe -frecord-gcc-switches -Wall -g -O2 -flto=auto -march=i586 -mtune=generic -fno-strict-aliasing'
+ FFLAGS='-pipe -frecord-gcc-switches -Wall -g -O2 -flto=auto -march=i586 -mtune=generic -fno-strict-aliasing'
+ /usr/bin/python3 -m pyproject_installer -v build
INFO     : pyproject_installer.build_cmd._build : Building wheel
INFO     : pyproject_installer.build_cmd._build : Source tree: /usr/src/RPM/BUILD/python3-module-zmq-26.4.0
INFO     : pyproject_installer.build_cmd._build : Output dir: /usr/src/RPM/BUILD/python3-module-zmq-26.4.0/dist
DEBUG    : pyproject_installer.lib.build_backend : Validating source path
DEBUG    : pyproject_installer.lib.build_backend : Checking for PEP517 spec
DEBUG    : pyproject_installer.lib.build_backend : Parsing configuration file: /usr/src/RPM/BUILD/python3-module-zmq-26.4.0/pyproject.toml
INFO     : backend_caller.py : Calling hook build_wheel in subprocess
INFO     : backend_caller.py : Build backend: scikit_build_core.build
INFO     : backend_caller.py : Hook args: ['/usr/src/RPM/BUILD/python3-module-zmq-26.4.0/dist']
INFO     : backend_caller.py : Hook kwargs: {'config_settings': None}
*** scikit-build-core 0.11.2 using CMake 4.0.1 (wheel)
*** Configuring CMake...
loading initial cache file /usr/src/tmp/tmpbughzc8h/build/CMakeInit.txt
Problem opening /proc/meminfo
-- The C compiler identification is GNU 14.2.1
-- The CXX compiler identification is GNU 14.2.1
-- Detecting C compiler ABI info
Problem opening /proc/meminfo
-- Detecting C compiler ABI info - done
-- Check for working C compiler: /usr/bin/i586-alt-linux-gcc - skipped
-- Detecting C compile features
-- Detecting C compile features - done
-- Detecting CXX compiler ABI info
Problem opening /proc/meminfo
-- Detecting CXX compiler ABI info - done
-- Check for working CXX compiler: /usr/bin/i586-alt-linux-g++ - skipped
-- Detecting CXX compile features
-- Detecting CXX compile features - done
-- Found Python: /usr/bin/python3 (found version "3.12.10") found components: Interpreter Development.Module
-- Looking for libzmq
-- Looking for libzmq with pkg-config
-- Checking for module 'libzmq'
--   Found libzmq, version 4.3.4
-- Looking for libzmq with pkg-config - found: -L -lzmq
-- Using Python Python /usr/bin/python3
-- Building Cython backend
-- Linking libzmq target PkgConfig::libzmq
-- Configuring done (1.4s)
-- Generating done (0.0s)
-- Build files have been written to: /usr/src/tmp/tmpbughzc8h/build
*** Building project with Unix Makefiles...
gmake: Entering directory '/usr/src/tmp/tmpbughzc8h/build'
gmake[1]: Entering directory '/usr/src/tmp/tmpbughzc8h/build'
gmake[2]: Entering directory '/usr/src/tmp/tmpbughzc8h/build'
gmake[3]: Entering directory '/usr/src/tmp/tmpbughzc8h/build'
[ 33%] Generating _src/_zmq.c
gmake[3]: Leaving directory '/usr/src/tmp/tmpbughzc8h/build'
gmake[3]: Entering directory '/usr/src/tmp/tmpbughzc8h/build'
[ 66%] Building C object CMakeFiles/_zmq.dir/_src/_zmq.c.o
/usr/src/tmp/tmpbughzc8h/build/_src/_zmq.c: In function ‘__pyx_pf_3zmq_7backend_6cython_4_zmq_5Frame_12set’:
/usr/src/tmp/tmpbughzc8h/build/_src/_zmq.c:8096:12: warning: variable ‘__pyx_v_routing_id’ set but not used [-Wunused-but-set-variable]
 8096 |   uint32_t __pyx_v_routing_id;
      |            ^~~~~~~~~~~~~~~~~~
[100%] Linking C shared module _zmq.cpython-312.so
gmake[3]: Leaving directory '/usr/src/tmp/tmpbughzc8h/build'
[100%] Built target _zmq
gmake[3]: Entering directory '/usr/src/tmp/tmpbughzc8h/build'
gmake[3]: Leaving directory '/usr/src/tmp/tmpbughzc8h/build'
[100%] Built target pyzmq
gmake[2]: Leaving directory '/usr/src/tmp/tmpbughzc8h/build'
gmake[1]: Leaving directory '/usr/src/tmp/tmpbughzc8h/build'
gmake: Leaving directory '/usr/src/tmp/tmpbughzc8h/build'
*** Installing project into wheel...
-- Install configuration: "Release"
-- Installing: /usr/src/tmp/tmpbughzc8h/wheel/platlib/zmq/backend/cython/_zmq.cpython-312.so
*** Making wheel...
*** Created pyzmq-26.4.0-cp312-cp312-linux_i686.whl
INFO     : pyproject_installer.build_cmd._build : Built wheel: pyzmq-26.4.0-cp312-cp312-linux_i686.whl
+ exit 0
Executing(%install): /bin/sh -e /usr/src/tmp/rpm-tmp.37717
+ umask 022
+ /bin/mkdir -p /usr/src/RPM/BUILD
+ cd /usr/src/RPM/BUILD
+ /bin/chmod -Rf u+rwX -- /usr/src/tmp/python3-module-zmq-buildroot
+ :
+ /bin/rm -rf -- /usr/src/tmp/python3-module-zmq-buildroot
+ PATH=/usr/libexec/rpm-build:/usr/src/bin:/usr/bin:/bin:/usr/local/bin:/usr/games
+ cd python3-module-zmq-26.4.0
+ /usr/bin/python3 -m pyproject_installer -v install --destdir=/usr/src/tmp/python3-module-zmq-buildroot
INFO     : pyproject_installer.install_cmd._install : Installing wheel
INFO     : pyproject_installer.install_cmd._install : Wheel directory: /usr/src/RPM/BUILD/python3-module-zmq-26.4.0/dist
INFO     : pyproject_installer.install_cmd._install : Wheel filename: pyzmq-26.4.0-cp312-cp312-linux_i686.whl
INFO     : pyproject_installer.install_cmd._install : Destination: /usr/src/tmp/python3-module-zmq-buildroot
DEBUG    : pyproject_installer.lib.wheel : Parsing wheel filename
DEBUG    : pyproject_installer.lib.wheel : Validating wheel file
DEBUG    : pyproject_installer.lib.wheel : Validating wheel spec version
DEBUG    : pyproject_installer.lib.wheel : Parsing wheel spec metadata
DEBUG    : pyproject_installer.lib.wheel : Validating RECORD
INFO     : pyproject_installer.install_cmd._install : Wheel installation root: /usr/src/tmp/python3-module-zmq-buildroot/usr/lib/python3/site-packages
INFO     : pyproject_installer.install_cmd._install : Extracting wheel
DEBUG    : pyproject_installer.install_cmd._install : Filtering out not allowed file: pyzmq-26.4.0.dist-info/WHEEL
DEBUG    : pyproject_installer.install_cmd._install : Filtering out not allowed file: pyzmq-26.4.0.dist-info/licenses/LICENSE.md
DEBUG    : pyproject_installer.install_cmd._install : Filtering out not allowed file: pyzmq-26.4.0.dist-info/licenses/licenses/LICENSE.tornado.txt
DEBUG    : pyproject_installer.install_cmd._install : Filtering out not allowed file: pyzmq-26.4.0.dist-info/RECORD
INFO     : pyproject_installer.install_cmd._install : Wheel was installed
+ /usr/lib/rpm/brp-alt
Cleaning files in /usr/src/tmp/python3-module-zmq-buildroot (auto)
Verifying and fixing files in /usr/src/tmp/python3-module-zmq-buildroot (binconfig,pkgconfig,libtool,desktop,gnuconfig)
Checking contents of files in /usr/src/tmp/python3-module-zmq-buildroot/ (default)
Compressing files in /usr/src/tmp/python3-module-zmq-buildroot (auto)
Adjusting library links in /usr/src/tmp/python3-module-zmq-buildroot
./usr/lib: (from <cmdline>:0)
056-debuginfo.brp: WARNING: You have 1 stripped ELF objects. Please compile with debugging information!
056-debuginfo.brp: WARNING: An excerpt from the list of affected files follows:
  ./usr/lib/python3/site-packages/zmq/backend/cython/_zmq.cpython-312.so
Verifying ELF objects in /usr/src/tmp/python3-module-zmq-buildroot (arch=normal,fhs=normal,lfs=relaxed,lint=relaxed,rpath=normal,stack=normal,textrel=normal,unresolved=normal)
Splitting links to aliased files under /{,s}bin in /usr/src/tmp/python3-module-zmq-buildroot
Bytecompiling python3 modules in /usr/src/tmp/python3-module-zmq-buildroot using /usr/bin/python3
compile /usr/src/tmp/python3-module-zmq-buildroot/usr/lib/python3/site-packages/zmq/auth/__init__.py
compile /usr/src/tmp/python3-module-zmq-buildroot/usr/lib/python3/site-packages/zmq/auth/asyncio.py
compile /usr/src/tmp/python3-module-zmq-buildroot/usr/lib/python3/site-packages/zmq/auth/base.py
compile /usr/src/tmp/python3-module-zmq-buildroot/usr/lib/python3/site-packages/zmq/auth/certs.py
compile /usr/src/tmp/python3-module-zmq-buildroot/usr/lib/python3/site-packages/zmq/auth/ioloop.py
compile /usr/src/tmp/python3-module-zmq-buildroot/usr/lib/python3/site-packages/zmq/auth/thread.py
compile /usr/src/tmp/python3-module-zmq-buildroot/usr/lib/python3/site-packages/zmq/backend/cffi/__init__.py
compile /usr/src/tmp/python3-module-zmq-buildroot/usr/lib/python3/site-packages/zmq/backend/cffi/_poll.py
compile /usr/src/tmp/python3-module-zmq-buildroot/usr/lib/python3/site-packages/zmq/backend/cffi/context.py
compile /usr/src/tmp/python3-module-zmq-buildroot/usr/lib/python3/site-packages/zmq/backend/cffi/devices.py
compile /usr/src/tmp/python3-module-zmq-buildroot/usr/lib/python3/site-packages/zmq/backend/cffi/error.py
compile /usr/src/tmp/python3-module-zmq-buildroot/usr/lib/python3/site-packages/zmq/backend/cffi/message.py
compile /usr/src/tmp/python3-module-zmq-buildroot/usr/lib/python3/site-packages/zmq/backend/cffi/socket.py
compile /usr/src/tmp/python3-module-zmq-buildroot/usr/lib/python3/site-packages/zmq/backend/cffi/utils.py
compile /usr/src/tmp/python3-module-zmq-buildroot/usr/lib/python3/site-packages/zmq/backend/cython/__init__.py
compile /usr/src/tmp/python3-module-zmq-buildroot/usr/lib/python3/site-packages/zmq/backend/cython/_zmq.py
compile /usr/src/tmp/python3-module-zmq-buildroot/usr/lib/python3/site-packages/zmq/backend/__init__.py
compile /usr/src/tmp/python3-module-zmq-buildroot/usr/lib/python3/site-packages/zmq/backend/select.py
compile /usr/src/tmp/python3-module-zmq-buildroot/usr/lib/python3/site-packages/zmq/devices/__init__.py
compile /usr/src/tmp/python3-module-zmq-buildroot/usr/lib/python3/site-packages/zmq/devices/basedevice.py
compile /usr/src/tmp/python3-module-zmq-buildroot/usr/lib/python3/site-packages/zmq/devices/monitoredqueue.py
compile /usr/src/tmp/python3-module-zmq-buildroot/usr/lib/python3/site-packages/zmq/devices/monitoredqueuedevice.py
compile /usr/src/tmp/python3-module-zmq-buildroot/usr/lib/python3/site-packages/zmq/devices/proxydevice.py
compile /usr/src/tmp/python3-module-zmq-buildroot/usr/lib/python3/site-packages/zmq/devices/proxysteerabledevice.py
compile /usr/src/tmp/python3-module-zmq-buildroot/usr/lib/python3/site-packages/zmq/eventloop/__init__.py
compile /usr/src/tmp/python3-module-zmq-buildroot/usr/lib/python3/site-packages/zmq/eventloop/_deprecated.py
compile /usr/src/tmp/python3-module-zmq-buildroot/usr/lib/python3/site-packages/zmq/eventloop/future.py
compile /usr/src/tmp/python3-module-zmq-buildroot/usr/lib/python3/site-packages/zmq/eventloop/ioloop.py
compile /usr/src/tmp/python3-module-zmq-buildroot/usr/lib/python3/site-packages/zmq/eventloop/zmqstream.py
compile /usr/src/tmp/python3-module-zmq-buildroot/usr/lib/python3/site-packages/zmq/green/eventloop/__init__.py
compile /usr/src/tmp/python3-module-zmq-buildroot/usr/lib/python3/site-packages/zmq/green/eventloop/ioloop.py
compile /usr/src/tmp/python3-module-zmq-buildroot/usr/lib/python3/site-packages/zmq/green/eventloop/zmqstream.py
compile /usr/src/tmp/python3-module-zmq-buildroot/usr/lib/python3/site-packages/zmq/green/__init__.py
compile /usr/src/tmp/python3-module-zmq-buildroot/usr/lib/python3/site-packages/zmq/green/core.py
compile /usr/src/tmp/python3-module-zmq-buildroot/usr/lib/python3/site-packages/zmq/green/device.py
compile /usr/src/tmp/python3-module-zmq-buildroot/usr/lib/python3/site-packages/zmq/green/poll.py
compile /usr/src/tmp/python3-module-zmq-buildroot/usr/lib/python3/site-packages/zmq/log/__init__.py
compile /usr/src/tmp/python3-module-zmq-buildroot/usr/lib/python3/site-packages/zmq/log/__main__.py
compile /usr/src/tmp/python3-module-zmq-buildroot/usr/lib/python3/site-packages/zmq/log/handlers.py
compile /usr/src/tmp/python3-module-zmq-buildroot/usr/lib/python3/site-packages/zmq/ssh/__init__.py
compile /usr/src/tmp/python3-module-zmq-buildroot/usr/lib/python3/site-packages/zmq/ssh/forward.py
compile /usr/src/tmp/python3-module-zmq-buildroot/usr/lib/python3/site-packages/zmq/ssh/tunnel.py
compile /usr/src/tmp/python3-module-zmq-buildroot/usr/lib/python3/site-packages/zmq/sugar/__init__.py
compile /usr/src/tmp/python3-module-zmq-buildroot/usr/lib/python3/site-packages/zmq/sugar/attrsettr.py
compile /usr/src/tmp/python3-module-zmq-buildroot/usr/lib/python3/site-packages/zmq/sugar/context.py
compile /usr/src/tmp/python3-module-zmq-buildroot/usr/lib/python3/site-packages/zmq/sugar/frame.py
compile /usr/src/tmp/python3-module-zmq-buildroot/usr/lib/python3/site-packages/zmq/sugar/poll.py
compile /usr/src/tmp/python3-module-zmq-buildroot/usr/lib/python3/site-packages/zmq/sugar/socket.py
compile /usr/src/tmp/python3-module-zmq-buildroot/usr/lib/python3/site-packages/zmq/sugar/stopwatch.py
compile /usr/src/tmp/python3-module-zmq-buildroot/usr/lib/python3/site-packages/zmq/sugar/tracker.py
compile /usr/src/tmp/python3-module-zmq-buildroot/usr/lib/python3/site-packages/zmq/sugar/version.py
compile /usr/src/tmp/python3-module-zmq-buildroot/usr/lib/python3/site-packages/zmq/tests/__init__.py
compile /usr/src/tmp/python3-module-zmq-buildroot/usr/lib/python3/site-packages/zmq/utils/__init__.py
compile /usr/src/tmp/python3-module-zmq-buildroot/usr/lib/python3/site-packages/zmq/utils/garbage.py
compile /usr/src/tmp/python3-module-zmq-buildroot/usr/lib/python3/site-packages/zmq/utils/interop.py
compile /usr/src/tmp/python3-module-zmq-buildroot/usr/lib/python3/site-packages/zmq/utils/jsonapi.py
compile /usr/src/tmp/python3-module-zmq-buildroot/usr/lib/python3/site-packages/zmq/utils/monitor.py
compile /usr/src/tmp/python3-module-zmq-buildroot/usr/lib/python3/site-packages/zmq/utils/strtypes.py
compile /usr/src/tmp/python3-module-zmq-buildroot/usr/lib/python3/site-packages/zmq/utils/win32.py
compile /usr/src/tmp/python3-module-zmq-buildroot/usr/lib/python3/site-packages/zmq/utils/z85.py
compile /usr/src/tmp/python3-module-zmq-buildroot/usr/lib/python3/site-packages/zmq/__init__.py
compile /usr/src/tmp/python3-module-zmq-buildroot/usr/lib/python3/site-packages/zmq/_future.py
compile /usr/src/tmp/python3-module-zmq-buildroot/usr/lib/python3/site-packages/zmq/_typing.py
compile /usr/src/tmp/python3-module-zmq-buildroot/usr/lib/python3/site-packages/zmq/asyncio.py
compile /usr/src/tmp/python3-module-zmq-buildroot/usr/lib/python3/site-packages/zmq/constants.py
compile /usr/src/tmp/python3-module-zmq-buildroot/usr/lib/python3/site-packages/zmq/decorators.py
compile /usr/src/tmp/python3-module-zmq-buildroot/usr/lib/python3/site-packages/zmq/error.py
Bytecompiling python3 modules with optimization in /usr/src/tmp/python3-module-zmq-buildroot using /usr/bin/python3 -O
compile /usr/src/tmp/python3-module-zmq-buildroot/usr/lib/python3/site-packages/zmq/auth/__init__.py
compile /usr/src/tmp/python3-module-zmq-buildroot/usr/lib/python3/site-packages/zmq/auth/asyncio.py
compile /usr/src/tmp/python3-module-zmq-buildroot/usr/lib/python3/site-packages/zmq/auth/base.py
compile /usr/src/tmp/python3-module-zmq-buildroot/usr/lib/python3/site-packages/zmq/auth/certs.py
compile /usr/src/tmp/python3-module-zmq-buildroot/usr/lib/python3/site-packages/zmq/auth/ioloop.py
compile /usr/src/tmp/python3-module-zmq-buildroot/usr/lib/python3/site-packages/zmq/auth/thread.py
compile /usr/src/tmp/python3-module-zmq-buildroot/usr/lib/python3/site-packages/zmq/backend/cffi/__init__.py
compile /usr/src/tmp/python3-module-zmq-buildroot/usr/lib/python3/site-packages/zmq/backend/cffi/_poll.py
compile /usr/src/tmp/python3-module-zmq-buildroot/usr/lib/python3/site-packages/zmq/backend/cffi/context.py
compile /usr/src/tmp/python3-module-zmq-buildroot/usr/lib/python3/site-packages/zmq/backend/cffi/devices.py
compile /usr/src/tmp/python3-module-zmq-buildroot/usr/lib/python3/site-packages/zmq/backend/cffi/error.py
compile /usr/src/tmp/python3-module-zmq-buildroot/usr/lib/python3/site-packages/zmq/backend/cffi/message.py
compile /usr/src/tmp/python3-module-zmq-buildroot/usr/lib/python3/site-packages/zmq/backend/cffi/socket.py
compile /usr/src/tmp/python3-module-zmq-buildroot/usr/lib/python3/site-packages/zmq/backend/cffi/utils.py
compile /usr/src/tmp/python3-module-zmq-buildroot/usr/lib/python3/site-packages/zmq/backend/cython/__init__.py
compile /usr/src/tmp/python3-module-zmq-buildroot/usr/lib/python3/site-packages/zmq/backend/cython/_zmq.py
compile /usr/src/tmp/python3-module-zmq-buildroot/usr/lib/python3/site-packages/zmq/backend/__init__.py
compile /usr/src/tmp/python3-module-zmq-buildroot/usr/lib/python3/site-packages/zmq/backend/select.py
compile /usr/src/tmp/python3-module-zmq-buildroot/usr/lib/python3/site-packages/zmq/devices/__init__.py
compile /usr/src/tmp/python3-module-zmq-buildroot/usr/lib/python3/site-packages/zmq/devices/basedevice.py
compile /usr/src/tmp/python3-module-zmq-buildroot/usr/lib/python3/site-packages/zmq/devices/monitoredqueue.py
compile /usr/src/tmp/python3-module-zmq-buildroot/usr/lib/python3/site-packages/zmq/devices/monitoredqueuedevice.py
compile /usr/src/tmp/python3-module-zmq-buildroot/usr/lib/python3/site-packages/zmq/devices/proxydevice.py
compile /usr/src/tmp/python3-module-zmq-buildroot/usr/lib/python3/site-packages/zmq/devices/proxysteerabledevice.py
compile /usr/src/tmp/python3-module-zmq-buildroot/usr/lib/python3/site-packages/zmq/eventloop/__init__.py
compile /usr/src/tmp/python3-module-zmq-buildroot/usr/lib/python3/site-packages/zmq/eventloop/_deprecated.py
compile /usr/src/tmp/python3-module-zmq-buildroot/usr/lib/python3/site-packages/zmq/eventloop/future.py
compile /usr/src/tmp/python3-module-zmq-buildroot/usr/lib/python3/site-packages/zmq/eventloop/ioloop.py
compile /usr/src/tmp/python3-module-zmq-buildroot/usr/lib/python3/site-packages/zmq/eventloop/zmqstream.py
compile /usr/src/tmp/python3-module-zmq-buildroot/usr/lib/python3/site-packages/zmq/green/eventloop/__init__.py
compile /usr/src/tmp/python3-module-zmq-buildroot/usr/lib/python3/site-packages/zmq/green/eventloop/ioloop.py
compile /usr/src/tmp/python3-module-zmq-buildroot/usr/lib/python3/site-packages/zmq/green/eventloop/zmqstream.py
compile /usr/src/tmp/python3-module-zmq-buildroot/usr/lib/python3/site-packages/zmq/green/__init__.py
compile /usr/src/tmp/python3-module-zmq-buildroot/usr/lib/python3/site-packages/zmq/green/core.py
compile /usr/src/tmp/python3-module-zmq-buildroot/usr/lib/python3/site-packages/zmq/green/device.py
compile /usr/src/tmp/python3-module-zmq-buildroot/usr/lib/python3/site-packages/zmq/green/poll.py
compile /usr/src/tmp/python3-module-zmq-buildroot/usr/lib/python3/site-packages/zmq/log/__init__.py
compile /usr/src/tmp/python3-module-zmq-buildroot/usr/lib/python3/site-packages/zmq/log/__main__.py
compile /usr/src/tmp/python3-module-zmq-buildroot/usr/lib/python3/site-packages/zmq/log/handlers.py
compile /usr/src/tmp/python3-module-zmq-buildroot/usr/lib/python3/site-packages/zmq/ssh/__init__.py
compile /usr/src/tmp/python3-module-zmq-buildroot/usr/lib/python3/site-packages/zmq/ssh/forward.py
compile /usr/src/tmp/python3-module-zmq-buildroot/usr/lib/python3/site-packages/zmq/ssh/tunnel.py
compile /usr/src/tmp/python3-module-zmq-buildroot/usr/lib/python3/site-packages/zmq/sugar/__init__.py
compile /usr/src/tmp/python3-module-zmq-buildroot/usr/lib/python3/site-packages/zmq/sugar/attrsettr.py
compile /usr/src/tmp/python3-module-zmq-buildroot/usr/lib/python3/site-packages/zmq/sugar/context.py
compile /usr/src/tmp/python3-module-zmq-buildroot/usr/lib/python3/site-packages/zmq/sugar/frame.py
compile /usr/src/tmp/python3-module-zmq-buildroot/usr/lib/python3/site-packages/zmq/sugar/poll.py
compile /usr/src/tmp/python3-module-zmq-buildroot/usr/lib/python3/site-packages/zmq/sugar/socket.py
compile /usr/src/tmp/python3-module-zmq-buildroot/usr/lib/python3/site-packages/zmq/sugar/stopwatch.py
compile /usr/src/tmp/python3-module-zmq-buildroot/usr/lib/python3/site-packages/zmq/sugar/tracker.py
compile /usr/src/tmp/python3-module-zmq-buildroot/usr/lib/python3/site-packages/zmq/sugar/version.py
compile /usr/src/tmp/python3-module-zmq-buildroot/usr/lib/python3/site-packages/zmq/tests/__init__.py
compile /usr/src/tmp/python3-module-zmq-buildroot/usr/lib/python3/site-packages/zmq/utils/__init__.py
compile /usr/src/tmp/python3-module-zmq-buildroot/usr/lib/python3/site-packages/zmq/utils/garbage.py
compile /usr/src/tmp/python3-module-zmq-buildroot/usr/lib/python3/site-packages/zmq/utils/interop.py
compile /usr/src/tmp/python3-module-zmq-buildroot/usr/lib/python3/site-packages/zmq/utils/jsonapi.py
compile /usr/src/tmp/python3-module-zmq-buildroot/usr/lib/python3/site-packages/zmq/utils/monitor.py
compile /usr/src/tmp/python3-module-zmq-buildroot/usr/lib/python3/site-packages/zmq/utils/strtypes.py
compile /usr/src/tmp/python3-module-zmq-buildroot/usr/lib/python3/site-packages/zmq/utils/win32.py
compile /usr/src/tmp/python3-module-zmq-buildroot/usr/lib/python3/site-packages/zmq/utils/z85.py
compile /usr/src/tmp/python3-module-zmq-buildroot/usr/lib/python3/site-packages/zmq/__init__.py
compile /usr/src/tmp/python3-module-zmq-buildroot/usr/lib/python3/site-packages/zmq/_future.py
compile /usr/src/tmp/python3-module-zmq-buildroot/usr/lib/python3/site-packages/zmq/_typing.py
compile /usr/src/tmp/python3-module-zmq-buildroot/usr/lib/python3/site-packages/zmq/asyncio.py
compile /usr/src/tmp/python3-module-zmq-buildroot/usr/lib/python3/site-packages/zmq/constants.py
compile /usr/src/tmp/python3-module-zmq-buildroot/usr/lib/python3/site-packages/zmq/decorators.py
compile /usr/src/tmp/python3-module-zmq-buildroot/usr/lib/python3/site-packages/zmq/error.py
Bytecompiling python3 modules with optimization-2 in /usr/src/tmp/python3-module-zmq-buildroot using /usr/bin/python3 -OO
compile /usr/src/tmp/python3-module-zmq-buildroot/usr/lib/python3/site-packages/zmq/auth/__init__.py
compile /usr/src/tmp/python3-module-zmq-buildroot/usr/lib/python3/site-packages/zmq/auth/asyncio.py
compile /usr/src/tmp/python3-module-zmq-buildroot/usr/lib/python3/site-packages/zmq/auth/base.py
compile /usr/src/tmp/python3-module-zmq-buildroot/usr/lib/python3/site-packages/zmq/auth/certs.py
compile /usr/src/tmp/python3-module-zmq-buildroot/usr/lib/python3/site-packages/zmq/auth/ioloop.py
compile /usr/src/tmp/python3-module-zmq-buildroot/usr/lib/python3/site-packages/zmq/auth/thread.py
compile /usr/src/tmp/python3-module-zmq-buildroot/usr/lib/python3/site-packages/zmq/backend/cffi/__init__.py
compile /usr/src/tmp/python3-module-zmq-buildroot/usr/lib/python3/site-packages/zmq/backend/cffi/_poll.py
compile /usr/src/tmp/python3-module-zmq-buildroot/usr/lib/python3/site-packages/zmq/backend/cffi/context.py
compile /usr/src/tmp/python3-module-zmq-buildroot/usr/lib/python3/site-packages/zmq/backend/cffi/devices.py
compile /usr/src/tmp/python3-module-zmq-buildroot/usr/lib/python3/site-packages/zmq/backend/cffi/error.py
compile /usr/src/tmp/python3-module-zmq-buildroot/usr/lib/python3/site-packages/zmq/backend/cffi/message.py
compile /usr/src/tmp/python3-module-zmq-buildroot/usr/lib/python3/site-packages/zmq/backend/cffi/socket.py
compile /usr/src/tmp/python3-module-zmq-buildroot/usr/lib/python3/site-packages/zmq/backend/cffi/utils.py
compile /usr/src/tmp/python3-module-zmq-buildroot/usr/lib/python3/site-packages/zmq/backend/cython/__init__.py
compile /usr/src/tmp/python3-module-zmq-buildroot/usr/lib/python3/site-packages/zmq/backend/cython/_zmq.py
compile /usr/src/tmp/python3-module-zmq-buildroot/usr/lib/python3/site-packages/zmq/backend/__init__.py
compile /usr/src/tmp/python3-module-zmq-buildroot/usr/lib/python3/site-packages/zmq/backend/select.py
compile /usr/src/tmp/python3-module-zmq-buildroot/usr/lib/python3/site-packages/zmq/devices/__init__.py
compile /usr/src/tmp/python3-module-zmq-buildroot/usr/lib/python3/site-packages/zmq/devices/basedevice.py
compile /usr/src/tmp/python3-module-zmq-buildroot/usr/lib/python3/site-packages/zmq/devices/monitoredqueue.py
compile /usr/src/tmp/python3-module-zmq-buildroot/usr/lib/python3/site-packages/zmq/devices/monitoredqueuedevice.py
compile /usr/src/tmp/python3-module-zmq-buildroot/usr/lib/python3/site-packages/zmq/devices/proxydevice.py
compile /usr/src/tmp/python3-module-zmq-buildroot/usr/lib/python3/site-packages/zmq/devices/proxysteerabledevice.py
compile /usr/src/tmp/python3-module-zmq-buildroot/usr/lib/python3/site-packages/zmq/eventloop/__init__.py
compile /usr/src/tmp/python3-module-zmq-buildroot/usr/lib/python3/site-packages/zmq/eventloop/_deprecated.py
compile /usr/src/tmp/python3-module-zmq-buildroot/usr/lib/python3/site-packages/zmq/eventloop/future.py
compile /usr/src/tmp/python3-module-zmq-buildroot/usr/lib/python3/site-packages/zmq/eventloop/ioloop.py
compile /usr/src/tmp/python3-module-zmq-buildroot/usr/lib/python3/site-packages/zmq/eventloop/zmqstream.py
compile /usr/src/tmp/python3-module-zmq-buildroot/usr/lib/python3/site-packages/zmq/green/eventloop/__init__.py
compile /usr/src/tmp/python3-module-zmq-buildroot/usr/lib/python3/site-packages/zmq/green/eventloop/ioloop.py
compile /usr/src/tmp/python3-module-zmq-buildroot/usr/lib/python3/site-packages/zmq/green/eventloop/zmqstream.py
compile /usr/src/tmp/python3-module-zmq-buildroot/usr/lib/python3/site-packages/zmq/green/__init__.py
compile /usr/src/tmp/python3-module-zmq-buildroot/usr/lib/python3/site-packages/zmq/green/core.py
compile /usr/src/tmp/python3-module-zmq-buildroot/usr/lib/python3/site-packages/zmq/green/device.py
compile /usr/src/tmp/python3-module-zmq-buildroot/usr/lib/python3/site-packages/zmq/green/poll.py
compile /usr/src/tmp/python3-module-zmq-buildroot/usr/lib/python3/site-packages/zmq/log/__init__.py
compile /usr/src/tmp/python3-module-zmq-buildroot/usr/lib/python3/site-packages/zmq/log/__main__.py
compile /usr/src/tmp/python3-module-zmq-buildroot/usr/lib/python3/site-packages/zmq/log/handlers.py
compile /usr/src/tmp/python3-module-zmq-buildroot/usr/lib/python3/site-packages/zmq/ssh/__init__.py
compile /usr/src/tmp/python3-module-zmq-buildroot/usr/lib/python3/site-packages/zmq/ssh/forward.py
compile /usr/src/tmp/python3-module-zmq-buildroot/usr/lib/python3/site-packages/zmq/ssh/tunnel.py
compile /usr/src/tmp/python3-module-zmq-buildroot/usr/lib/python3/site-packages/zmq/sugar/__init__.py
compile /usr/src/tmp/python3-module-zmq-buildroot/usr/lib/python3/site-packages/zmq/sugar/attrsettr.py
compile /usr/src/tmp/python3-module-zmq-buildroot/usr/lib/python3/site-packages/zmq/sugar/context.py
compile /usr/src/tmp/python3-module-zmq-buildroot/usr/lib/python3/site-packages/zmq/sugar/frame.py
compile /usr/src/tmp/python3-module-zmq-buildroot/usr/lib/python3/site-packages/zmq/sugar/poll.py
compile /usr/src/tmp/python3-module-zmq-buildroot/usr/lib/python3/site-packages/zmq/sugar/socket.py
compile /usr/src/tmp/python3-module-zmq-buildroot/usr/lib/python3/site-packages/zmq/sugar/stopwatch.py
compile /usr/src/tmp/python3-module-zmq-buildroot/usr/lib/python3/site-packages/zmq/sugar/tracker.py
compile /usr/src/tmp/python3-module-zmq-buildroot/usr/lib/python3/site-packages/zmq/sugar/version.py
compile /usr/src/tmp/python3-module-zmq-buildroot/usr/lib/python3/site-packages/zmq/tests/__init__.py
compile /usr/src/tmp/python3-module-zmq-buildroot/usr/lib/python3/site-packages/zmq/utils/__init__.py
compile /usr/src/tmp/python3-module-zmq-buildroot/usr/lib/python3/site-packages/zmq/utils/garbage.py
compile /usr/src/tmp/python3-module-zmq-buildroot/usr/lib/python3/site-packages/zmq/utils/interop.py
compile /usr/src/tmp/python3-module-zmq-buildroot/usr/lib/python3/site-packages/zmq/utils/jsonapi.py
compile /usr/src/tmp/python3-module-zmq-buildroot/usr/lib/python3/site-packages/zmq/utils/monitor.py
compile /usr/src/tmp/python3-module-zmq-buildroot/usr/lib/python3/site-packages/zmq/utils/strtypes.py
compile /usr/src/tmp/python3-module-zmq-buildroot/usr/lib/python3/site-packages/zmq/utils/win32.py
compile /usr/src/tmp/python3-module-zmq-buildroot/usr/lib/python3/site-packages/zmq/utils/z85.py
compile /usr/src/tmp/python3-module-zmq-buildroot/usr/lib/python3/site-packages/zmq/__init__.py
compile /usr/src/tmp/python3-module-zmq-buildroot/usr/lib/python3/site-packages/zmq/_future.py
compile /usr/src/tmp/python3-module-zmq-buildroot/usr/lib/python3/site-packages/zmq/_typing.py
compile /usr/src/tmp/python3-module-zmq-buildroot/usr/lib/python3/site-packages/zmq/asyncio.py
compile /usr/src/tmp/python3-module-zmq-buildroot/usr/lib/python3/site-packages/zmq/constants.py
compile /usr/src/tmp/python3-module-zmq-buildroot/usr/lib/python3/site-packages/zmq/decorators.py
compile /usr/src/tmp/python3-module-zmq-buildroot/usr/lib/python3/site-packages/zmq/error.py
Hardlinking identical .pyc and .opt-?.pyc files
'./usr/lib/python3/site-packages/zmq/__pycache__/__init__.cpython-312.opt-1.pyc' => './usr/lib/python3/site-packages/zmq/__pycache__/__init__.cpython-312.pyc'
'./usr/lib/python3/site-packages/zmq/__pycache__/_future.cpython-312.opt-1.pyc' => './usr/lib/python3/site-packages/zmq/__pycache__/_future.cpython-312.pyc'
'./usr/lib/python3/site-packages/zmq/__pycache__/_typing.cpython-312.opt-1.pyc' => './usr/lib/python3/site-packages/zmq/__pycache__/_typing.cpython-312.pyc'
'./usr/lib/python3/site-packages/zmq/__pycache__/_typing.cpython-312.opt-2.pyc' => './usr/lib/python3/site-packages/zmq/__pycache__/_typing.cpython-312.opt-1.pyc'
'./usr/lib/python3/site-packages/zmq/__pycache__/asyncio.cpython-312.opt-1.pyc' => './usr/lib/python3/site-packages/zmq/__pycache__/asyncio.cpython-312.pyc'
'./usr/lib/python3/site-packages/zmq/__pycache__/constants.cpython-312.opt-1.pyc' => './usr/lib/python3/site-packages/zmq/__pycache__/constants.cpython-312.pyc'
'./usr/lib/python3/site-packages/zmq/__pycache__/decorators.cpython-312.opt-1.pyc' => './usr/lib/python3/site-packages/zmq/__pycache__/decorators.cpython-312.pyc'
'./usr/lib/python3/site-packages/zmq/__pycache__/error.cpython-312.opt-1.pyc' => './usr/lib/python3/site-packages/zmq/__pycache__/error.cpython-312.pyc'
'./usr/lib/python3/site-packages/zmq/auth/__pycache__/__init__.cpython-312.opt-1.pyc' => './usr/lib/python3/site-packages/zmq/auth/__pycache__/__init__.cpython-312.pyc'
'./usr/lib/python3/site-packages/zmq/auth/__pycache__/asyncio.cpython-312.opt-1.pyc' => './usr/lib/python3/site-packages/zmq/auth/__pycache__/asyncio.cpython-312.pyc'
'./usr/lib/python3/site-packages/zmq/auth/__pycache__/base.cpython-312.opt-1.pyc' => './usr/lib/python3/site-packages/zmq/auth/__pycache__/base.cpython-312.pyc'
'./usr/lib/python3/site-packages/zmq/auth/__pycache__/certs.cpython-312.opt-1.pyc' => './usr/lib/python3/site-packages/zmq/auth/__pycache__/certs.cpython-312.pyc'
'./usr/lib/python3/site-packages/zmq/auth/__pycache__/ioloop.cpython-312.opt-1.pyc' => './usr/lib/python3/site-packages/zmq/auth/__pycache__/ioloop.cpython-312.pyc'
'./usr/lib/python3/site-packages/zmq/auth/__pycache__/thread.cpython-312.opt-1.pyc' => './usr/lib/python3/site-packages/zmq/auth/__pycache__/thread.cpython-312.pyc'
'./usr/lib/python3/site-packages/zmq/backend/__pycache__/__init__.cpython-312.opt-1.pyc' => './usr/lib/python3/site-packages/zmq/backend/__pycache__/__init__.cpython-312.pyc'
'./usr/lib/python3/site-packages/zmq/backend/__pycache__/select.cpython-312.opt-1.pyc' => './usr/lib/python3/site-packages/zmq/backend/__pycache__/select.cpython-312.pyc'
'./usr/lib/python3/site-packages/zmq/backend/cffi/__pycache__/__init__.cpython-312.opt-1.pyc' => './usr/lib/python3/site-packages/zmq/backend/cffi/__pycache__/__init__.cpython-312.pyc'
'./usr/lib/python3/site-packages/zmq/backend/cffi/__pycache__/_poll.cpython-312.opt-1.pyc' => './usr/lib/python3/site-packages/zmq/backend/cffi/__pycache__/_poll.cpython-312.pyc'
'./usr/lib/python3/site-packages/zmq/backend/cffi/__pycache__/context.cpython-312.opt-1.pyc' => './usr/lib/python3/site-packages/zmq/backend/cffi/__pycache__/context.cpython-312.pyc'
'./usr/lib/python3/site-packages/zmq/backend/cffi/__pycache__/devices.cpython-312.opt-1.pyc' => './usr/lib/python3/site-packages/zmq/backend/cffi/__pycache__/devices.cpython-312.pyc'
'./usr/lib/python3/site-packages/zmq/backend/cffi/__pycache__/error.cpython-312.opt-1.pyc' => './usr/lib/python3/site-packages/zmq/backend/cffi/__pycache__/error.cpython-312.pyc'
'./usr/lib/python3/site-packages/zmq/backend/cffi/__pycache__/message.cpython-312.opt-1.pyc' => './usr/lib/python3/site-packages/zmq/backend/cffi/__pycache__/message.cpython-312.pyc'
'./usr/lib/python3/site-packages/zmq/backend/cffi/__pycache__/socket.cpython-312.opt-1.pyc' => './usr/lib/python3/site-packages/zmq/backend/cffi/__pycache__/socket.cpython-312.pyc'
'./usr/lib/python3/site-packages/zmq/backend/cffi/__pycache__/utils.cpython-312.opt-1.pyc' => './usr/lib/python3/site-packages/zmq/backend/cffi/__pycache__/utils.cpython-312.pyc'
'./usr/lib/python3/site-packages/zmq/backend/cython/__pycache__/__init__.cpython-312.opt-1.pyc' => './usr/lib/python3/site-packages/zmq/backend/cython/__pycache__/__init__.cpython-312.pyc'
'./usr/lib/python3/site-packages/zmq/backend/cython/__pycache__/_zmq.cpython-312.opt-1.pyc' => './usr/lib/python3/site-packages/zmq/backend/cython/__pycache__/_zmq.cpython-312.pyc'
'./usr/lib/python3/site-packages/zmq/devices/__pycache__/__init__.cpython-312.opt-1.pyc' => './usr/lib/python3/site-packages/zmq/devices/__pycache__/__init__.cpython-312.pyc'
'./usr/lib/python3/site-packages/zmq/devices/__pycache__/basedevice.cpython-312.opt-1.pyc' => './usr/lib/python3/site-packages/zmq/devices/__pycache__/basedevice.cpython-312.pyc'
'./usr/lib/python3/site-packages/zmq/devices/__pycache__/monitoredqueue.cpython-312.opt-1.pyc' => './usr/lib/python3/site-packages/zmq/devices/__pycache__/monitoredqueue.cpython-312.pyc'
'./usr/lib/python3/site-packages/zmq/devices/__pycache__/monitoredqueuedevice.cpython-312.opt-1.pyc' => './usr/lib/python3/site-packages/zmq/devices/__pycache__/monitoredqueuedevice.cpython-312.pyc'
'./usr/lib/python3/site-packages/zmq/devices/__pycache__/proxydevice.cpython-312.opt-1.pyc' => './usr/lib/python3/site-packages/zmq/devices/__pycache__/proxydevice.cpython-312.pyc'
'./usr/lib/python3/site-packages/zmq/devices/__pycache__/proxysteerabledevice.cpython-312.opt-1.pyc' => './usr/lib/python3/site-packages/zmq/devices/__pycache__/proxysteerabledevice.cpython-312.pyc'
'./usr/lib/python3/site-packages/zmq/eventloop/__pycache__/__init__.cpython-312.opt-1.pyc' => './usr/lib/python3/site-packages/zmq/eventloop/__pycache__/__init__.cpython-312.pyc'
'./usr/lib/python3/site-packages/zmq/eventloop/__pycache__/future.cpython-312.opt-1.pyc' => './usr/lib/python3/site-packages/zmq/eventloop/__pycache__/future.cpython-312.pyc'
'./usr/lib/python3/site-packages/zmq/eventloop/__pycache__/ioloop.cpython-312.opt-1.pyc' => './usr/lib/python3/site-packages/zmq/eventloop/__pycache__/ioloop.cpython-312.pyc'
'./usr/lib/python3/site-packages/zmq/green/__pycache__/__init__.cpython-312.opt-1.pyc' => './usr/lib/python3/site-packages/zmq/green/__pycache__/__init__.cpython-312.pyc'
'./usr/lib/python3/site-packages/zmq/green/__pycache__/device.cpython-312.opt-1.pyc' => './usr/lib/python3/site-packages/zmq/green/__pycache__/device.cpython-312.pyc'
'./usr/lib/python3/site-packages/zmq/green/__pycache__/poll.cpython-312.opt-1.pyc' => './usr/lib/python3/site-packages/zmq/green/__pycache__/poll.cpython-312.pyc'
'./usr/lib/python3/site-packages/zmq/green/eventloop/__pycache__/__init__.cpython-312.opt-1.pyc' => './usr/lib/python3/site-packages/zmq/green/eventloop/__pycache__/__init__.cpython-312.pyc'
'./usr/lib/python3/site-packages/zmq/green/eventloop/__pycache__/__init__.cpython-312.opt-2.pyc' => './usr/lib/python3/site-packages/zmq/green/eventloop/__pycache__/__init__.cpython-312.opt-1.pyc'
'./usr/lib/python3/site-packages/zmq/green/eventloop/__pycache__/ioloop.cpython-312.opt-1.pyc' => './usr/lib/python3/site-packages/zmq/green/eventloop/__pycache__/ioloop.cpython-312.pyc'
'./usr/lib/python3/site-packages/zmq/green/eventloop/__pycache__/ioloop.cpython-312.opt-2.pyc' => './usr/lib/python3/site-packages/zmq/green/eventloop/__pycache__/ioloop.cpython-312.opt-1.pyc'
'./usr/lib/python3/site-packages/zmq/green/eventloop/__pycache__/zmqstream.cpython-312.opt-1.pyc' => './usr/lib/python3/site-packages/zmq/green/eventloop/__pycache__/zmqstream.cpython-312.pyc'
'./usr/lib/python3/site-packages/zmq/green/eventloop/__pycache__/zmqstream.cpython-312.opt-2.pyc' => './usr/lib/python3/site-packages/zmq/green/eventloop/__pycache__/zmqstream.cpython-312.opt-1.pyc'
'./usr/lib/python3/site-packages/zmq/log/__pycache__/__init__.cpython-312.opt-1.pyc' => './usr/lib/python3/site-packages/zmq/log/__pycache__/__init__.cpython-312.pyc'
'./usr/lib/python3/site-packages/zmq/log/__pycache__/__init__.cpython-312.opt-2.pyc' => './usr/lib/python3/site-packages/zmq/log/__pycache__/__init__.cpython-312.opt-1.pyc'
'./usr/lib/python3/site-packages/zmq/log/__pycache__/__main__.cpython-312.opt-1.pyc' => './usr/lib/python3/site-packages/zmq/log/__pycache__/__main__.cpython-312.pyc'
'./usr/lib/python3/site-packages/zmq/log/__pycache__/handlers.cpython-312.opt-1.pyc' => './usr/lib/python3/site-packages/zmq/log/__pycache__/handlers.cpython-312.pyc'
'./usr/lib/python3/site-packages/zmq/ssh/__pycache__/__init__.cpython-312.opt-1.pyc' => './usr/lib/python3/site-packages/zmq/ssh/__pycache__/__init__.cpython-312.pyc'
'./usr/lib/python3/site-packages/zmq/ssh/__pycache__/__init__.cpython-312.opt-2.pyc' => './usr/lib/python3/site-packages/zmq/ssh/__pycache__/__init__.cpython-312.opt-1.pyc'
'./usr/lib/python3/site-packages/zmq/ssh/__pycache__/forward.cpython-312.opt-1.pyc' => './usr/lib/python3/site-packages/zmq/ssh/__pycache__/forward.cpython-312.pyc'
'./usr/lib/python3/site-packages/zmq/ssh/__pycache__/tunnel.cpython-312.opt-1.pyc' => './usr/lib/python3/site-packages/zmq/ssh/__pycache__/tunnel.cpython-312.pyc'
'./usr/lib/python3/site-packages/zmq/sugar/__pycache__/__init__.cpython-312.opt-1.pyc' => './usr/lib/python3/site-packages/zmq/sugar/__pycache__/__init__.cpython-312.pyc'
'./usr/lib/python3/site-packages/zmq/sugar/__pycache__/attrsettr.cpython-312.opt-1.pyc' => './usr/lib/python3/site-packages/zmq/sugar/__pycache__/attrsettr.cpython-312.pyc'
'./usr/lib/python3/site-packages/zmq/sugar/__pycache__/context.cpython-312.opt-1.pyc' => './usr/lib/python3/site-packages/zmq/sugar/__pycache__/context.cpython-312.pyc'
'./usr/lib/python3/site-packages/zmq/sugar/__pycache__/frame.cpython-312.opt-1.pyc' => './usr/lib/python3/site-packages/zmq/sugar/__pycache__/frame.cpython-312.pyc'
'./usr/lib/python3/site-packages/zmq/sugar/__pycache__/poll.cpython-312.opt-1.pyc' => './usr/lib/python3/site-packages/zmq/sugar/__pycache__/poll.cpython-312.pyc'
'./usr/lib/python3/site-packages/zmq/sugar/__pycache__/stopwatch.cpython-312.opt-1.pyc' => './usr/lib/python3/site-packages/zmq/sugar/__pycache__/stopwatch.cpython-312.pyc'
'./usr/lib/python3/site-packages/zmq/sugar/__pycache__/tracker.cpython-312.opt-1.pyc' => './usr/lib/python3/site-packages/zmq/sugar/__pycache__/tracker.cpython-312.pyc'
'./usr/lib/python3/site-packages/zmq/sugar/__pycache__/version.cpython-312.opt-1.pyc' => './usr/lib/python3/site-packages/zmq/sugar/__pycache__/version.cpython-312.pyc'
'./usr/lib/python3/site-packages/zmq/utils/__pycache__/__init__.cpython-312.opt-1.pyc' => './usr/lib/python3/site-packages/zmq/utils/__pycache__/__init__.cpython-312.pyc'
'./usr/lib/python3/site-packages/zmq/utils/__pycache__/__init__.cpython-312.opt-2.pyc' => './usr/lib/python3/site-packages/zmq/utils/__pycache__/__init__.cpython-312.opt-1.pyc'
'./usr/lib/python3/site-packages/zmq/utils/__pycache__/garbage.cpython-312.opt-1.pyc' => './usr/lib/python3/site-packages/zmq/utils/__pycache__/garbage.cpython-312.pyc'
'./usr/lib/python3/site-packages/zmq/utils/__pycache__/interop.cpython-312.opt-1.pyc' => './usr/lib/python3/site-packages/zmq/utils/__pycache__/interop.cpython-312.pyc'
'./usr/lib/python3/site-packages/zmq/utils/__pycache__/jsonapi.cpython-312.opt-1.pyc' => './usr/lib/python3/site-packages/zmq/utils/__pycache__/jsonapi.cpython-312.pyc'
'./usr/lib/python3/site-packages/zmq/utils/__pycache__/monitor.cpython-312.opt-1.pyc' => './usr/lib/python3/site-packages/zmq/utils/__pycache__/monitor.cpython-312.pyc'
'./usr/lib/python3/site-packages/zmq/utils/__pycache__/strtypes.cpython-312.opt-1.pyc' => './usr/lib/python3/site-packages/zmq/utils/__pycache__/strtypes.cpython-312.pyc'
'./usr/lib/python3/site-packages/zmq/utils/__pycache__/win32.cpython-312.opt-1.pyc' => './usr/lib/python3/site-packages/zmq/utils/__pycache__/win32.cpython-312.pyc'
'./usr/lib/python3/site-packages/zmq/utils/__pycache__/z85.cpython-312.opt-1.pyc' => './usr/lib/python3/site-packages/zmq/utils/__pycache__/z85.cpython-312.pyc'
Executing(%check): /bin/sh -e /usr/src/tmp/rpm-tmp.60731
+ umask 022
+ /bin/mkdir -p /usr/src/RPM/BUILD
+ cd /usr/src/RPM/BUILD
+ cd python3-module-zmq-26.4.0
+ export PYTHONPATH=/usr/src/tmp/python3-module-zmq-buildroot/usr/lib/python3/site-packages
+ PYTHONPATH=/usr/src/tmp/python3-module-zmq-buildroot/usr/lib/python3/site-packages
+ rm -v zmq/__init__.py
removed 'zmq/__init__.py'
+ export 'CFLAGS=-pipe -frecord-gcc-switches -Wall -g -O2 -flto=auto -march=i586 -mtune=generic -fno-strict-aliasing'
+ CFLAGS='-pipe -frecord-gcc-switches -Wall -g -O2 -flto=auto -march=i586 -mtune=generic -fno-strict-aliasing'
+ export 'CXXFLAGS=-pipe -frecord-gcc-switches -Wall -g -O2 -flto=auto -march=i586 -mtune=generic -fno-strict-aliasing'
+ CXXFLAGS='-pipe -frecord-gcc-switches -Wall -g -O2 -flto=auto -march=i586 -mtune=generic -fno-strict-aliasing'
+ export 'FFLAGS=-pipe -frecord-gcc-switches -Wall -g -O2 -flto=auto -march=i586 -mtune=generic -fno-strict-aliasing'
+ FFLAGS='-pipe -frecord-gcc-switches -Wall -g -O2 -flto=auto -march=i586 -mtune=generic -fno-strict-aliasing'
+ export NO_INTERNET=YES
+ NO_INTERNET=YES
+ /usr/bin/python3 -m pyproject_installer run -- python3 -m pytest -k 'not test_cython'
INFO     : Creating venv
INFO     : Installing console scripts
INFO     : Installing package: /usr/src/RPM/BUILD/python3-module-zmq-26.4.0/dist/pyzmq-26.4.0-cp312-cp312-linux_i686.whl
INFO     : Running command: ['/usr/src/RPM/BUILD/python3-module-zmq-26.4.0/.run_venv/bin/python3', '-m', 'pyproject_installer', 'install', '/usr/src/RPM/BUILD/python3-module-zmq-26.4.0/dist/pyzmq-26.4.0-cp312-cp312-linux_i686.whl']
INFO     : Running command: ['python3', '-m', 'pytest', '-k', 'not test_cython']
============================= test session starts ==============================
platform linux -- Python 3.12.10, pytest-8.3.5, pluggy-1.5.0
rootdir: /usr/src/RPM/BUILD/python3-module-zmq-26.4.0
configfile: pytest.ini
testpaths: tests
plugins: asyncio-0.25.3
asyncio: mode=Mode.AUTO, asyncio_default_fixture_loop_scope=function
collected 368 items / 2 deselected / 1 skipped / 366 selected

tests/test_asyncio.py .........................                          [  6%]
tests/test_auth.py ...............................                       [ 15%]
tests/test_cffi_backend.py ssssssssssssss                                [ 19%]
tests/test_constants.py ..........................................       [ 30%]
tests/test_context.py ....................s.......                       [ 38%]
tests/test_decorators.py ...........................                     [ 45%]
tests/test_device.py ........                                            [ 47%]
tests/test_draft.py ss                                                   [ 48%]
tests/test_error.py ...                                                  [ 49%]
tests/test_etc.py .ss                                                    [ 50%]
tests/test_ext.py .                                                      [ 50%]
tests/test_future.py ....................                                [ 55%]
tests/test_imports.py ..........s.s.s.s.s.s.s                            [ 62%]
tests/test_includes.py ..                                                [ 62%]
tests/test_ioloop.py ..                                                  [ 63%]
tests/test_log.py .........                                              [ 65%]
tests/test_message.py ...s................                               [ 71%]
tests/test_monitor.py ......                                             [ 72%]
tests/test_monqueue.py ........                                          [ 74%]
tests/test_multipart.py ..                                               [ 75%]
tests/test_pair.py ....                                                  [ 76%]
tests/test_poll.py ........                                              [ 78%]
tests/test_proxy_steerable.py ...                                        [ 79%]
tests/test_pubsub.py ..                                                  [ 80%]
tests/test_reqrep.py ......                                              [ 81%]
tests/test_retry_eintr.py sF..s.                                         [ 83%]
tests/test_security.py .....                                             [ 84%]
tests/test_socket.py ......................s..........s.....             [ 95%]
tests/test_ssh.py .                                                      [ 95%]
tests/test_version.py ....                                               [ 96%]
tests/test_win32_shim.py s                                               [ 96%]
tests/test_z85.py ....                                                   [ 98%]
tests/test_zmqstream.py .......                                          [100%]

=================================== FAILURES ===================================
_______________________ TestEINTRSysCall.test_retry_poll _______________________

self = <tests.test_retry_eintr.TestEINTRSysCall testMethod=test_retry_poll>

    @mark.flaky(reruns=3)
    def test_retry_poll(self):
        x, y = self.create_bound_pair()
        poller = zmq.Poller()
        poller.register(x, zmq.POLLIN)
        self.alarm()
    
        def send():
            time.sleep(2 * self.signal_delay)
            y.send(b'ping')
    
        t = Thread(target=send)
        t.start()
        evts = dict(poller.poll(2 * self.timeout_ms))
        t.join()
>       assert x in evts
E       assert <zmq.Socket(zmq.PAIR) at 0xf5f352d0> in {}

tests/test_retry_eintr.py:75: AssertionError
=============================== warnings summary ===============================
../../../../lib/python3/site-packages/pytest_asyncio/plugin.py:256
  /usr/lib/python3/site-packages/pytest_asyncio/plugin.py:256: PytestDeprecationWarning: io_loop is asynchronous and explicitly requests the "event_loop" fixture. Asynchronous fixtures and test functions should use "asyncio.get_running_loop()" instead.
    warnings.warn(

../../../../lib/python3/site-packages/pytest_asyncio/plugin.py:256
  /usr/lib/python3/site-packages/pytest_asyncio/plugin.py:256: PytestDeprecationWarning: _async_setup is asynchronous and explicitly requests the "event_loop" fixture. Asynchronous fixtures and test functions should use "asyncio.get_running_loop()" instead.
    warnings.warn(

tests/test_auth.py:410
  tests/test_auth.py:410: PytestDeprecationWarning: test_ioloop_authenticator is asynchronous and explicitly requests the "event_loop" fixture. Asynchronous fixtures and test functions should use "asyncio.get_running_loop()" instead.
    async def test_ioloop_authenticator(context, event_loop, io_loop):

tests/test_poll.py:159
  /usr/src/RPM/BUILD/python3-module-zmq-26.4.0/tests/test_poll.py:159: PytestUnknownMarkWarning: Unknown pytest.mark.flaky - is this a typo?  You can register custom marks to avoid this warning - for details, see https://docs.pytest.org/en/stable/how-to/mark.html
    @mark.flaky(reruns=3)

tests/test_poll.py:194
  /usr/src/RPM/BUILD/python3-module-zmq-26.4.0/tests/test_poll.py:194: PytestUnknownMarkWarning: Unknown pytest.mark.flaky - is this a typo?  You can register custom marks to avoid this warning - for details, see https://docs.pytest.org/en/stable/how-to/mark.html
    @mark.flaky(reruns=3)

tests/test_retry_eintr.py:60
  /usr/src/RPM/BUILD/python3-module-zmq-26.4.0/tests/test_retry_eintr.py:60: PytestUnknownMarkWarning: Unknown pytest.mark.flaky - is this a typo?  You can register custom marks to avoid this warning - for details, see https://docs.pytest.org/en/stable/how-to/mark.html
    @mark.flaky(reruns=3)

tests/test_asyncio.py: 23 warnings
tests/test_auth.py: 31 warnings
tests/test_monitor.py: 6 warnings
tests/test_zmqstream.py: 7 warnings
  /usr/lib/python3/site-packages/pytest_asyncio/plugin.py:867: DeprecationWarning: The event_loop fixture provided by pytest-asyncio has been redefined in
  /usr/src/RPM/BUILD/python3-module-zmq-26.4.0/tests/conftest.py:73
  Replacing the event_loop fixture with a custom implementation is deprecated
  and will lead to errors in the future.
  If you want to request an asyncio event loop with a scope other than function
  scope, use the "loop_scope" argument to the asyncio mark when marking the tests.
  If you want to return different types of event loops, use the event_loop_policy
  fixture.
  
    warnings.warn(

tests/test_auth.py::test_ioloop_authenticator
  /usr/src/RPM/BUILD/python3-module-zmq-26.4.0/tests/test_auth.py:414: DeprecationWarning: zmq.auth.ioloop.IOLoopAuthenticator is deprecated. Use zmq.auth.asyncio.AsyncioAuthenticator
    from zmq.auth.ioloop import IOLoopAuthenticator

tests/test_imports.py::test_eventloop
  /usr/src/RPM/BUILD/python3-module-zmq-26.4.0/tests/test_imports.py:52: DeprecationWarning: zmq.eventloop.ioloop is deprecated in pyzmq 17. pyzmq now works with default tornado and asyncio eventloops.
    from zmq.eventloop import ioloop, zmqstream

tests/test_socket.py::TestSocket::test_int_sockopts
tests/test_socket.py::TestSocket::test_int_sockopts
tests/test_socket.py::TestSocket::test_mockable
  /usr/src/tmp/python3-module-zmq-buildroot/usr/lib/python3/site-packages/zmq/sugar/socket.py:358: DeprecationWarning: Socket.socket_type is deprecated, use Socket.type
    warn("Socket.socket_type is deprecated, use Socket.type", DeprecationWarning)

-- Docs: https://docs.pytest.org/en/stable/how-to/capture-warnings.html
============================= slowest 10 durations =============================
1.46s call     tests/test_socket.py::TestSocket::test_subscribe_method
1.25s call     tests/test_poll.py::TestPoll::test_reqrep
1.21s call     tests/test_monqueue.py::TestMonitoredQueue::test_router_router
1.02s call     tests/test_asyncio.py::test_process_teardown
1.01s call     tests/test_monqueue.py::TestMonitoredQueue::test_monitor
1.00s call     tests/test_monqueue.py::TestMonitoredQueue::test_prefix
1.00s call     tests/test_context.py::TestContext::test_instance_threadsafe
0.71s call     tests/test_security.py::TestSecurity::test_curve
0.71s call     tests/test_device.py::TestDevice::test_single_socket_forwarder_bind
0.70s call     tests/test_monqueue.py::TestMonitoredQueue::test_monitor_subscribe
=========================== short test summary info ============================
FAILED tests/test_retry_eintr.py::TestEINTRSysCall::test_retry_poll - assert ...
==== 1 failed, 333 passed, 33 skipped, 2 deselected, 78 warnings in 35.52s =====
INFO     : Command's result: FAILURE
INFO     : Command's error: Command '['python3', '-m', 'pytest', '-k', 'not test_cython']' returned non-zero exit status 1.
error: Bad exit status from /usr/src/tmp/rpm-tmp.60731 (%check)


RPM build errors:
    Bad exit status from /usr/src/tmp/rpm-tmp.60731 (%check)
Command exited with non-zero status 1
22.09user 3.45system 0:55.06elapsed 46%CPU (0avgtext+0avgdata 86252maxresident)k
0inputs+0outputs (0major+369857minor)pagefaults 0swaps
hsh-rebuild: rebuild of `python3-module-zmq-26.4.0-alt1.src.rpm' failed.
Command exited with non-zero status 1
7.09user 5.85system 1:23.06elapsed 15%CPU (0avgtext+0avgdata 133404maxresident)k
2120inputs+0outputs (0major+367103minor)pagefaults 0swaps
