<86>May 10 09:13:02 userdel[1778318]: delete user 'rooter'
<86>May 10 09:13:02 userdel[1778318]: removed group 'rooter' owned by 'rooter'
<86>May 10 09:13:02 userdel[1778318]: removed shadow group 'rooter' owned by 'rooter'
<86>May 10 09:13:02 groupadd[1778333]: group added to /etc/group: name=rooter, GID=1820
<86>May 10 09:13:02 groupadd[1778333]: group added to /etc/gshadow: name=rooter
<86>May 10 09:13:02 groupadd[1778333]: new group: name=rooter, GID=1820
<86>May 10 09:13:02 useradd[1778346]: new user: name=rooter, UID=1820, GID=1820, home=/root, shell=/bin/bash, from=none
<86>May 10 09:13:02 userdel[1778367]: delete user 'builder'
<86>May 10 09:13:02 userdel[1778367]: removed group 'builder' owned by 'builder'
<86>May 10 09:13:02 userdel[1778367]: removed shadow group 'builder' owned by 'builder'
<86>May 10 09:13:02 groupadd[1778384]: group added to /etc/group: name=builder, GID=1821
<86>May 10 09:13:02 groupadd[1778384]: group added to /etc/gshadow: name=builder
<86>May 10 09:13:02 groupadd[1778384]: new group: name=builder, GID=1821
<86>May 10 09:13:02 useradd[1778401]: new user: name=builder, UID=1821, GID=1821, home=/usr/src, shell=/bin/bash, from=none
<13>May 10 09:13:05 rpmi: rpm-build-compat-2.4.8-alt1 sisyphus+383198.100.1.1 1746298985 installed
<13>May 10 09:13:05 rpmi: libmpdec3-2.5.1-alt3 sisyphus+314490.500.5.1 1675432033 installed
<13>May 10 09:13:05 rpmi: libgdbm-1.8.3-alt10 sisyphus+346222.200.3.2 1716468406 installed
<13>May 10 09:13:05 rpmi: libexpat-2.7.1-alt1 sisyphus+379929.100.1.1 1743519386 installed
<13>May 10 09:13:05 rpmi: openssl-config-3.2.0-alt1 sisyphus+366659.140.4.1 1736956949 installed
<13>May 10 09:13:05 rpmi: libb2-0.98.1-alt1_1 sisyphus+291614.100.1.1 1638962878 installed
<13>May 10 09:13:05 rpmi: libp11-kit-1:0.25.5-alt1 sisyphus+352553.100.1.1 1720622586 installed
<13>May 10 09:13:05 rpmi: libtasn1-4.20.0-alt2 sisyphus+375829.100.1.1 1740299335 installed
<13>May 10 09:13:05 rpmi: rpm-macros-alternatives-0.5.3-alt1 sisyphus+371878.100.1.1 1737988822 installed
<13>May 10 09:13:05 rpmi: alternatives-0.5.3-alt1 sisyphus+371878.100.1.1 1737988822 installed
<13>May 10 09:13:05 rpmi: ca-certificates-2025.02.10-alt1 sisyphus+374228.100.4.1 1739265441 installed
<13>May 10 09:13:05 rpmi: ca-trust-0.2.0-alt1 sisyphus+344843.100.1.1 1712743326 installed
<13>May 10 09:13:05 rpmi: p11-kit-trust-1:0.25.5-alt1 sisyphus+352553.100.1.1 1720622586 installed
<13>May 10 09:13:05 rpmi: libcrypto3-3.3.3-alt1 sisyphus+374381.40.2.1 1739299702 installed
<13>May 10 09:13:05 rpmi: libssl3-3.3.3-alt1 sisyphus+374381.40.2.1 1739299702 installed
<13>May 10 09:13:05 rpmi: python3-3.12.10-alt1 sisyphus+381757.100.1.1 1744802963 installed
<13>May 10 09:13:06 rpmi: python3-base-3.12.10-alt1 sisyphus+381757.100.1.1 1744802963 installed
<13>May 10 09:13:06 rpmi: python3-module-py3dephell-0.3.1-alt1 sisyphus+365261.200.1.1 1734463433 installed
<13>May 10 09:13:06 rpmi: tests-for-installed-python3-pkgs-0.1.28-alt1 sisyphus+375953.100.2.1 1740855713 installed
<13>May 10 09:13:06 rpmi: rpm-build-python3-0.1.28-alt1 sisyphus+375953.100.2.1 1740855713 installed
<13>May 10 09:13:06 rpmi: rpm-build-intro-2.4.8-alt1 sisyphus+383198.100.1.1 1746298985 installed
WARNING: %python3_build_debug is deprecated and will be removed in future, please use %pyproject_build instead
WARNING: %python3_install is deprecated and will be removed in future, please use %pyproject_install instead
<13>May 10 09:13:08 rpmi: python3-module-attrs-25.3.0-alt1 sisyphus+378700.100.1.1 1742472992 installed
<13>May 10 09:13:08 rpmi: python3-module-zope.interface-7.2-alt1.1 sisyphus+376369.21500.10.1 1746631890 installed
<13>May 10 09:13:08 rpmi: python3-module-idna-3.10-alt1 sisyphus+358681.100.1.1 1727701241 installed
<13>May 10 09:13:08 rpmi: python3-module-packaging-25.0-alt1 sisyphus+382195.100.1.1 1745223121 installed
<13>May 10 09:13:08 rpmi: python3-module-more-itertools-10.6.0-alt1 sisyphus+369595.100.2.1 1737017267 installed
<13>May 10 09:13:08 rpmi: python3-module-jaraco.functools-4.1.0-alt1.1 sisyphus+376369.24200.10.1 1746632566 installed
<13>May 10 09:13:08 rpmi: python3-module-propcache-0.2.1-alt1 sisyphus+369528.100.1.1 1736868993 installed
<13>May 10 09:13:08 rpmi: python3-module-multidict-6.4.3-alt1 sisyphus+381313.100.1.1 1744375528 installed
<13>May 10 09:13:08 rpmi: python3-module-click-8.1.8-alt1 sisyphus+366297.100.1.1 1734946237 installed
<13>May 10 09:13:08 rpmi: python3-module-sortedcontainers-2.4.0-alt1 sisyphus+272042.100.1.1 1621262424 installed
<13>May 10 09:13:08 rpmi: python3-module-frozenlist-1.5.0-alt1 sisyphus+362047.100.1.1 1731079174 installed
<13>May 10 09:13:08 rpmi: python3-module-platformdirs-4.3.7-alt1 sisyphus+378659.100.2.1 1742562597 installed
<13>May 10 09:13:08 rpmi: libopenblas-0.3.29-alt2 sisyphus+373279.100.1.1 1738760153 installed
<13>May 10 09:13:08 rpmi: libcares-1.34.5-alt1 sisyphus+381066.100.1.1 1744213479 installed
<13>May 10 09:13:08 rpmi: python3-module-aiosignal-1.3.2-alt1 sisyphus+369480.100.1.1 1736854528 installed
<13>May 10 09:13:08 rpmi: python3-module-incremental-22.10.0-alt1 sisyphus+312706.100.1.1 1672404273 installed
<13>May 10 09:13:08 rpmi: python3-module-yarl-1.18.3-alt1 sisyphus+369529.100.2.1 1736876452 installed
<13>May 10 09:13:08 rpmi: python3-module-hyperlink-21.0.0-alt1.1 sisyphus+304836.100.1.1 1659710964 installed
<13>May 10 09:13:08 rpmi: python3-module-outcome-1.3.0-alt1 sisyphus+332382.100.1.1 1697882349 installed
<13>May 10 09:13:08 rpmi: python3-module-urllib3-2:2.4.0-alt1 sisyphus+381271.100.2.1 1744618213 installed
<13>May 10 09:13:09 rpmi: python3-module-pytz-1:2025.2-alt1 sisyphus+379213.100.2.1 1742985453 installed
<13>May 10 09:13:09 rpmi: python3-module-pluggy-1.5.0-alt1 sisyphus+345632.100.2.1 1713864244 installed
<13>May 10 09:13:09 rpmi: python3-module-iniconfig-2.1.0-alt1 sisyphus+378658.100.2.1 1742493599 installed
<13>May 10 09:13:09 rpmi: python3-module-pytest-8.3.5-alt1 sisyphus+376824.100.2.1 1741167719 installed
<13>May 10 09:13:09 rpmi: python3-module-lark-1.2.2-alt1 sisyphus+358322.100.1.1 1727258177 installed
<13>May 10 09:13:09 rpmi: python3-module-sqlparse-0.5.3-alt1 sisyphus+367438.100.1.1 1735561443 installed
<13>May 10 09:13:09 rpmi: python3-module-markupsafe-1:3.0.2-alt1 sisyphus+360209.100.1.1 1729323052 installed
<13>May 10 09:13:09 rpmi: python3-module-jinja2-3.1.6-alt1 sisyphus+377889.1500.2.1 1742249941 installed
<13>May 10 09:13:09 rpmi: python3-module-six-1.17.0-alt1.1 sisyphus+373470.100.1.1 1738920023 installed
<13>May 10 09:13:09 rpmi: python3-module-dateutil-2.9.0.post0-alt1 sisyphus+378451.100.1.1 1742313746 installed
<13>May 10 09:13:09 rpmi: python3-module-charset-normalizer-3.2.0-alt1 sisyphus+347396.200.2.1 1714733144 installed
<13>May 10 09:13:09 rpmi: python3-module-requests-2.32.3-alt1 sisyphus+349946.100.1.1 1717059877 installed
<13>May 10 09:13:09 rpmi: python3-module-pathspec-0.12.1-alt1 sisyphus+341971.100.1.1 1709553025 installed
<13>May 10 09:13:09 rpmi: python3-module-mypy_extensions-1.0.0-alt1 sisyphus+316350.100.2.1 1678357948 installed
<13>May 10 09:13:09 rpmi: python3-module-asgiref-3.8.1-alt1 sisyphus+372174.1500.2.1 1738333633 installed
<13>May 10 09:13:09 rpmi: python3-module-typing_extensions-4.13.2-alt1 sisyphus+381315.100.1.1 1744375640 installed
<13>May 10 09:13:09 rpmi: python3-module-priority-2.0.0-alt3 sisyphus+338701.100.1.2 1705988383 installed
<13>May 10 09:13:09 rpmi: python3-module-hpack-4.0.0-alt1 sisyphus+270376.200.1.1 1618956626 installed
<13>May 10 09:13:09 rpmi: python3-module-hyperframe-6.0.1-alt1 sisyphus+270376.300.2.1 1618957001 installed
<13>May 10 09:13:09 rpmi: python3-module-h2-4.1.0-alt1 sisyphus+325714.100.2.2 1690478873 installed
<13>May 10 09:13:09 rpmi: python3-module-constantly-15.1.0-alt7 sisyphus+338906.100.1.1 1706107088 installed
<13>May 10 09:13:09 rpmi: python3-module-appdirs-1.4.4-alt2 sisyphus+359005.100.1.1 1728036426 installed
<13>May 10 09:13:09 rpmi: python3-module-certifi-2024.12.14-alt1 sisyphus+369729.200.2.2 1737050219 installed
<13>May 10 09:13:09 rpmi: python3-module-z3c-3.0.0-alt4 sisyphus+284857.200.1.1 1631109149 installed
<13>May 10 09:13:09 rpmi: python3-module-zc-1.0.0-alt7 sisyphus+284857.100.1.1 1631109117 installed
<13>May 10 09:13:09 rpmi: python3-module-zope-3.3.0-alt9 sisyphus+281937.200.4.1 1628175910 installed
<13>May 10 09:13:09 rpmi: python3-module-zope.event-5.0-alt1.1.1 sisyphus+376369.20700.10.1 1746631680 installed
<13>May 10 09:13:09 rpmi: python3-module-psutil-7.0.0-alt1 sisyphus+378483.100.1.1 1742330008 installed
<13>May 10 09:13:09 rpmi: python3-module-objgraph-3.6.2-alt1 sisyphus+359468.100.1.1 1728573508 installed
<13>May 10 09:13:09 rpmi: python3-module-greenlet-3.2.1-alt1 sisyphus+382523.100.1.1 1745499488 installed
<13>May 10 09:13:09 rpmi: python3-module-sniffio-1.3.1-alt1 sisyphus+341424.100.1.1 1708941879 installed
<13>May 10 09:13:09 rpmi: python3-module-astor-0.8.1-alt1.1 sisyphus+315877.100.1.1 1677481862 installed
<13>May 10 09:13:09 rpmi: python3-module-pycparser-2.22-alt1 sisyphus+378485.100.1.1 1742331206 installed
<13>May 10 09:13:09 rpmi: python3-module-cffi-1.17.1-alt1 sisyphus+357396.100.1.1 1726156488 installed
<13>May 10 09:13:09 rpmi: python3-module-cryptography-44.0.0-alt1 sisyphus+368451.100.1.1 1736436014 installed
<13>May 10 09:13:09 rpmi: python3-module-openssl-24.3.0-alt1 sisyphus+368451.200.1.1 1736436083 installed
<13>May 10 09:13:09 rpmi: python3-module-redis-py-4.5.5-alt1.1 sisyphus+332415.100.1.1 1697904078 installed
<13>May 10 09:13:09 rpmi: python3-module-trio-0.30.0-alt1 sisyphus+383467.100.1.2 1746556155 installed
<13>May 10 09:13:09 rpmi: python3-module-dns-1:2.6.1-alt1 sisyphus+341811.20.3.1 1709382170 installed
<13>May 10 09:13:09 rpmi: python3-module-pycares-4.8.0-alt1 sisyphus+383444.100.1.1 1746542991 installed
<13>May 10 09:13:09 rpmi: python3-module-aiohappyeyeballs-2.4.4-alt1 sisyphus+369620.100.1.1 1736938218 installed
<13>May 10 09:13:09 rpmi: python3-module-wheel-0.45.1-alt2 sisyphus+376369.34000.10.1 1746635900 installed
<13>May 10 09:13:09 rpmi: python3-module-jaraco.context-6.0.1-alt1.1 sisyphus+376369.6200.10.1 1746628448 installed
<13>May 10 09:13:09 rpmi: python3-module-autocommand-2.2.2-alt1.1 sisyphus+339714.100.1.1 1706968174 installed
<13>May 10 09:13:09 rpmi: python3-module-jaraco.text-4.0.0-alt1.1 sisyphus+376369.7300.10.1 1746628739 installed
<13>May 10 09:13:09 rpmi: python3-module-jaraco.collections-5.1.0-alt1.1 sisyphus+376369.6100.10.1 1746628417 installed
<13>May 10 09:13:09 rpmi: python3-module-pkg_resources-1:76.0.0-alt1 sisyphus+376369.200.10.1 1746626832 installed
<13>May 10 09:13:09 rpmi: python3-module-openid-3.2.0-alt1 sisyphus+278049.100.2.1 1625998936 installed
<13>May 10 09:13:09 rpmi: python3-module-Cheetah-3.4.0-alt1.1.1 sisyphus+376369.27100.10.1 1746633716 installed
<13>May 10 09:13:09 rpmi: python3-module-paste-3.10.1-alt1.1 sisyphus+376369.11500.10.1 1746629504 installed
<13>May 10 09:13:09 rpmi: python3-module-PasteDeploy-1:3.1.0-alt1.1 sisyphus+376369.26200.10.1 1746633333 installed
<13>May 10 09:13:09 rpmi: python3-module-PasteScript-1:3.7.0-alt1.1 sisyphus+376369.24300.10.1 1746632597 installed
<13>May 10 09:13:09 rpmi: libyaml2-0.2.5-alt1 sisyphus+278391.100.1.1 1626094932 installed
<13>May 10 09:13:10 rpmi: python3-module-yaml-6.0.2-alt1.1 sisyphus+376369.16600.10.1 1746631133 installed
<13>May 10 09:13:10 rpmi: python3-module-libcst-1.7.0-alt1 sisyphus+377931.100.1.1 1741945074 installed
<13>May 10 09:13:10 rpmi: libuv-1.50.0-alt1 sisyphus+377760.100.1.1 1741795923 installed
<13>May 10 09:13:10 rpmi: libpython3-3.12.10-alt1 sisyphus+381757.100.1.1 1744802963 installed
<13>May 10 09:13:10 rpmi: libncurses6-6.3.20220618-alt4 sisyphus+327286.4600.14.1 1711486782 installed
<13>May 10 09:13:10 rpmi: libtinfo-devel-6.3.20220618-alt4 sisyphus+327286.4600.14.1 1711486782 installed
<13>May 10 09:13:10 rpmi: libncurses-devel-6.3.20220618-alt4 sisyphus+327286.4600.14.1 1711486782 installed
<13>May 10 09:13:11 rpmi: python3-dev-3.12.10-alt1 sisyphus+381757.100.1.1 1744802963 installed
<13>May 10 09:13:11 rpmi: openldap-common-2.6.9-alt2 sisyphus+367501.300.4.1 1735841751 installed
<13>May 10 09:13:11 rpmi: libverto-0.3.2-alt1_1 sisyphus+321176.2200.10.2 1684806164 installed
<13>May 10 09:13:11 rpmi: liblmdb-0.9.33-alt1 sisyphus+360625.100.1.1 1729819639 installed
<13>May 10 09:13:11 rpmi: libxblas-1.0.248-alt2 sisyphus+285045.40.2.1 1631388462 installed
<13>May 10 09:13:11 rpmi: libkeyutils-1.6.3-alt1 sisyphus+346336.200.2.2 1716472658 installed
<13>May 10 09:13:11 rpmi: libusb-1.0.27-alt1 sisyphus+347412.100.1.1 1714739652 installed
<13>May 10 09:13:11 rpmi: libhidapi-0.14.0-alt1 sisyphus+378183.100.1.1 1742067547 installed
<13>May 10 09:13:11 rpmi: python3-module-cython-hidapi-0.14.0-alt1.1 sisyphus+333513.54340.73.1 1704649757 installed
<13>May 10 09:13:11 rpmi: python3-module-serial-3.5-alt3 sisyphus+360600.100.2.1 1729786231 installed
<13>May 10 09:13:11 rpmi: python3-module-automat-25.4.16-alt1.1 sisyphus+376369.25200.10.1 1746633028 installed
<13>May 10 09:13:11 rpmi: python3-module-twisted-logger-24.11.0-alt2 sisyphus+376609.40.2.1 1740866761 installed
<13>May 10 09:13:11 rpmi: python3-module-twisted-web-24.11.0-alt2 sisyphus+376609.40.2.1 1740866761 installed
<13>May 10 09:13:11 rpmi: python3-module-twisted-words-24.11.0-alt2 sisyphus+376609.40.2.1 1740866761 installed
<13>May 10 09:13:11 rpmi: python3-module-twisted-core-24.11.0-alt2 sisyphus+376609.40.2.1 1740866761 installed
<13>May 10 09:13:11 rpmi: python3-module-twisted-names-24.11.0-alt2 sisyphus+376609.40.2.1 1740866761 installed
<13>May 10 09:13:11 rpmi: python3-module-tornado-6.4.2-alt1 sisyphus+363445.100.1.1 1732635493 installed
<13>May 10 09:13:11 rpmi: libquadmath0-14.2.1-alt1 sisyphus+360995.100.1.1 1730131612 installed
<13>May 10 09:13:12 rpmi: libgfortran5-14.2.1-alt1 sisyphus+360995.100.1.1 1730131612 installed
<13>May 10 09:13:12 rpmi: liblapack-1:3.8.0-alt8 sisyphus+379383.100.1.1 1743069374 installed
<13>May 10 09:13:12 rpmi: python3-module-numpy-1:1.26.5-alt1 sisyphus+352832.100.1.1 1720965123 installed
<13>May 10 09:13:12 rpmi: libev4-4.33-alt3 sisyphus+334335.340.4.1 1699912675 installed
<13>May 10 09:13:12 rpmi: python3-module-gevent-24.11.1-alt1 sisyphus+378463.100.2.1 1742318310 installed
<13>May 10 09:13:12 rpmi: libcom_err-1.47.1.0.10.ad56-alt2 sisyphus+363497.200.3.1 1732729916 installed
<86>May 10 09:13:12 groupadd[1821782]: group added to /etc/group: name=_keytab, GID=999
<86>May 10 09:13:12 groupadd[1821782]: group added to /etc/gshadow: name=_keytab
<86>May 10 09:13:12 groupadd[1821782]: new group: name=_keytab, GID=999
<13>May 10 09:13:12 rpmi: libkrb5-1.21.3-alt2 sisyphus+351857.100.1.1 1719735219 installed
<86>May 10 09:13:12 groupadd[1822172]: group added to /etc/group: name=sasl, GID=998
<86>May 10 09:13:12 groupadd[1822172]: group added to /etc/gshadow: name=sasl
<86>May 10 09:13:12 groupadd[1822172]: new group: name=sasl, GID=998
<13>May 10 09:13:12 rpmi: libsasl2-3-2.1.28-alt2.1 sisyphus+367419.100.1.1 1735482553 installed
<13>May 10 09:13:12 rpmi: libldap2-2.6.9-alt2 sisyphus+367501.300.4.1 1735841767 installed
<13>May 10 09:13:12 rpmi: libpq5-17-17.5-alt1 sisyphus+383526.100.1.1 1746616304 installed
<13>May 10 09:13:12 rpmi: python3-module-psycopg2-2.9.10-alt1 sisyphus+361099.100.1.1 1730221779 installed
<13>May 10 09:13:13 rpmi: python3-module-eventlet-0.39.1-alt1 sisyphus+377102.100.1.1 1741275965 installed
<13>May 10 09:13:13 rpmi: python3-module-gunicorn-23.0.0-alt1 sisyphus+362920.200.1.1 1732021917 installed
<13>May 10 09:13:13 rpmi: python3-module-aiohttp-3.11.13-alt1 sisyphus+377836.100.1.1 1741868193 installed
<13>May 10 09:13:13 rpmi: python3-module-black-25.1.0-alt1 sisyphus+372035.100.1.1 1738146346 installed
<13>May 10 09:13:14 rpmi: python3-module-django-5.1.8-alt1 sisyphus+381812.100.1.1 1744906876 installed
<13>May 10 09:13:14 rpmi: python3-module-django-dbbackend-postgresql-5.1.8-alt1 sisyphus+381812.100.1.1 1744906876 installed
<13>May 10 09:13:14 rpmi: python3-module-hypothesis-6.131.10-alt1 sisyphus+383374.40.3.1 1746561042 installed
<13>May 10 09:13:14 rpmi: python3-module-setuptools-1:76.0.0-alt1 sisyphus+376369.200.10.1 1746626832 installed
WARNING: %python3_build_debug is deprecated and will be removed in future, please use %pyproject_build instead
WARNING: %python3_install is deprecated and will be removed in future, please use %pyproject_install instead
Building target platforms: i586
Building for target i586
Wrote: /usr/src/in/nosrpm/python3-module-h2-4.1.0-alt1.nosrc.rpm (w1.gzdio)
WARNING: %python3_build_debug is deprecated and will be removed in future, please use %pyproject_build instead
WARNING: %python3_install is deprecated and will be removed in future, please use %pyproject_install instead
Installing python3-module-h2-4.1.0-alt1.src.rpm
Building target platforms: i586
Building for target i586
Executing(%prep): /bin/sh -e /usr/src/tmp/rpm-tmp.24020
+ umask 022
+ /bin/mkdir -p /usr/src/RPM/BUILD
+ cd /usr/src/RPM/BUILD
+ cd /usr/src/RPM/BUILD
+ rm -rf python3-module-h2-4.1.0
+ echo 'Source #0 (python3-module-h2-4.1.0.tar):'
Source #0 (python3-module-h2-4.1.0.tar):
+ /bin/tar -xf /usr/src/RPM/SOURCES/python3-module-h2-4.1.0.tar
+ cd python3-module-h2-4.1.0
+ /bin/chmod -c -Rf u+rwX,go-w .
+ echo 'Patch #1 (eabe727282e7a7aa3254773292f86cf341bdc597.patch):'
Patch #1 (eabe727282e7a7aa3254773292f86cf341bdc597.patch):
+ /usr/bin/patch -p1
patching file test/test_events.py
+ exit 0
Executing(%build): /bin/sh -e /usr/src/tmp/rpm-tmp.24020
+ umask 022
+ /bin/mkdir -p /usr/src/RPM/BUILD
+ cd /usr/src/RPM/BUILD
+ cd python3-module-h2-4.1.0
+ CFLAGS='-pipe -frecord-gcc-switches -Wall -g -O2 -flto=auto -march=i586 -mtune=generic'
+ export CFLAGS
+ CXXFLAGS='-pipe -frecord-gcc-switches -Wall -g -O2 -flto=auto -march=i586 -mtune=generic'
+ export CXXFLAGS
+ FFLAGS='-pipe -frecord-gcc-switches -Wall -g -O2 -flto=auto -march=i586 -mtune=generic'
+ export FFLAGS
+ /usr/bin/python3 setup.py build --debug
running build
running build_py
creating build/lib/h2
copying src/h2/windows.py -> build/lib/h2
copying src/h2/utilities.py -> build/lib/h2
copying src/h2/stream.py -> build/lib/h2
copying src/h2/settings.py -> build/lib/h2
copying src/h2/frame_buffer.py -> build/lib/h2
copying src/h2/exceptions.py -> build/lib/h2
copying src/h2/events.py -> build/lib/h2
copying src/h2/errors.py -> build/lib/h2
copying src/h2/connection.py -> build/lib/h2
copying src/h2/config.py -> build/lib/h2
copying src/h2/__init__.py -> build/lib/h2
+ exit 0
Executing(%install): /bin/sh -e /usr/src/tmp/rpm-tmp.53322
+ umask 022
+ /bin/mkdir -p /usr/src/RPM/BUILD
+ cd /usr/src/RPM/BUILD
+ /bin/chmod -Rf u+rwX -- /usr/src/tmp/python3-module-h2-buildroot
+ :
+ /bin/rm -rf -- /usr/src/tmp/python3-module-h2-buildroot
+ PATH=/usr/libexec/rpm-build:/usr/src/bin:/usr/bin:/bin:/usr/local/bin:/usr/games
+ cd python3-module-h2-4.1.0
+ CFLAGS='-pipe -frecord-gcc-switches -Wall -g -O2 -flto=auto -march=i586 -mtune=generic'
+ export CFLAGS
+ CXXFLAGS='-pipe -frecord-gcc-switches -Wall -g -O2 -flto=auto -march=i586 -mtune=generic'
+ export CXXFLAGS
+ FFLAGS='-pipe -frecord-gcc-switches -Wall -g -O2 -flto=auto -march=i586 -mtune=generic'
+ export FFLAGS
+ /usr/bin/python3 setup.py install --skip-build --root=/usr/src/tmp/python3-module-h2-buildroot --force
running install
/usr/lib/python3/site-packages/setuptools/_distutils/cmd.py:90: SetuptoolsDeprecationWarning: setup.py install is deprecated.
!!

        ********************************************************************************
        Please avoid running ``setup.py`` directly.
        Instead, use pypa/build, pypa/installer or other
        standards-based tools.

        See https://blog.ganssle.io/articles/2021/10/setup-py-deprecated.html for details.
        ********************************************************************************

!!
  self.initialize_options()
running install_lib
creating /usr/src/tmp/python3-module-h2-buildroot/usr/lib/python3/site-packages
creating /usr/src/tmp/python3-module-h2-buildroot/usr/lib/python3/site-packages/h2
copying build/lib/h2/__init__.py -> /usr/src/tmp/python3-module-h2-buildroot/usr/lib/python3/site-packages/h2
copying build/lib/h2/config.py -> /usr/src/tmp/python3-module-h2-buildroot/usr/lib/python3/site-packages/h2
copying build/lib/h2/connection.py -> /usr/src/tmp/python3-module-h2-buildroot/usr/lib/python3/site-packages/h2
copying build/lib/h2/errors.py -> /usr/src/tmp/python3-module-h2-buildroot/usr/lib/python3/site-packages/h2
copying build/lib/h2/events.py -> /usr/src/tmp/python3-module-h2-buildroot/usr/lib/python3/site-packages/h2
copying build/lib/h2/exceptions.py -> /usr/src/tmp/python3-module-h2-buildroot/usr/lib/python3/site-packages/h2
copying build/lib/h2/frame_buffer.py -> /usr/src/tmp/python3-module-h2-buildroot/usr/lib/python3/site-packages/h2
copying build/lib/h2/settings.py -> /usr/src/tmp/python3-module-h2-buildroot/usr/lib/python3/site-packages/h2
copying build/lib/h2/stream.py -> /usr/src/tmp/python3-module-h2-buildroot/usr/lib/python3/site-packages/h2
copying build/lib/h2/utilities.py -> /usr/src/tmp/python3-module-h2-buildroot/usr/lib/python3/site-packages/h2
copying build/lib/h2/windows.py -> /usr/src/tmp/python3-module-h2-buildroot/usr/lib/python3/site-packages/h2
byte-compiling /usr/src/tmp/python3-module-h2-buildroot/usr/lib/python3/site-packages/h2/__init__.py to __init__.cpython-312.pyc
byte-compiling /usr/src/tmp/python3-module-h2-buildroot/usr/lib/python3/site-packages/h2/config.py to config.cpython-312.pyc
byte-compiling /usr/src/tmp/python3-module-h2-buildroot/usr/lib/python3/site-packages/h2/connection.py to connection.cpython-312.pyc
byte-compiling /usr/src/tmp/python3-module-h2-buildroot/usr/lib/python3/site-packages/h2/errors.py to errors.cpython-312.pyc
byte-compiling /usr/src/tmp/python3-module-h2-buildroot/usr/lib/python3/site-packages/h2/events.py to events.cpython-312.pyc
byte-compiling /usr/src/tmp/python3-module-h2-buildroot/usr/lib/python3/site-packages/h2/exceptions.py to exceptions.cpython-312.pyc
byte-compiling /usr/src/tmp/python3-module-h2-buildroot/usr/lib/python3/site-packages/h2/frame_buffer.py to frame_buffer.cpython-312.pyc
byte-compiling /usr/src/tmp/python3-module-h2-buildroot/usr/lib/python3/site-packages/h2/settings.py to settings.cpython-312.pyc
byte-compiling /usr/src/tmp/python3-module-h2-buildroot/usr/lib/python3/site-packages/h2/stream.py to stream.cpython-312.pyc
byte-compiling /usr/src/tmp/python3-module-h2-buildroot/usr/lib/python3/site-packages/h2/utilities.py to utilities.cpython-312.pyc
byte-compiling /usr/src/tmp/python3-module-h2-buildroot/usr/lib/python3/site-packages/h2/windows.py to windows.cpython-312.pyc
running install_egg_info
running egg_info
creating src/h2.egg-info
writing src/h2.egg-info/PKG-INFO
writing dependency_links to src/h2.egg-info/dependency_links.txt
writing requirements to src/h2.egg-info/requires.txt
writing top-level names to src/h2.egg-info/top_level.txt
writing manifest file 'src/h2.egg-info/SOURCES.txt'
reading manifest file 'src/h2.egg-info/SOURCES.txt'
reading manifest template 'MANIFEST.in'
no previously-included directories found matching 'docs/build'
warning: no previously-included files matching '*.pyc' found anywhere in distribution
warning: no previously-included files matching '*.pyo' found anywhere in distribution
warning: no previously-included files matching '*.swo' found anywhere in distribution
warning: no previously-included files matching '*.swp' found anywhere in distribution
warning: no previously-included files matching '*.map' found anywhere in distribution
warning: no previously-included files matching '*.yml' found anywhere in distribution
warning: no previously-included files matching '*.DS_Store' found anywhere in distribution
adding license file 'LICENSE'
writing manifest file 'src/h2.egg-info/SOURCES.txt'
Copying src/h2.egg-info to /usr/src/tmp/python3-module-h2-buildroot/usr/lib/python3/site-packages/h2-4.1.0-py3.12.egg-info
running install_scripts
+ for i in /usr/src/tmp/python3-module-h2-buildroot/usr/lib/python3/site-packages/ /usr/src/tmp/python3-module-h2-buildroot/usr/lib/python3/site-packages/
+ xargs -0 rm -rfv
+ find /usr/src/tmp/python3-module-h2-buildroot/usr/lib/python3/site-packages/ -name tests -type d -print0
+ find /usr/src/tmp/python3-module-h2-buildroot/usr/lib/python3/site-packages/ -name test -type d -print0
+ xargs -0 rm -rfv
+ for i in /usr/src/tmp/python3-module-h2-buildroot/usr/lib/python3/site-packages/ /usr/src/tmp/python3-module-h2-buildroot/usr/lib/python3/site-packages/
+ find /usr/src/tmp/python3-module-h2-buildroot/usr/lib/python3/site-packages/ -name tests -type d -print0
+ xargs -0 rm -rfv
+ find /usr/src/tmp/python3-module-h2-buildroot/usr/lib/python3/site-packages/ -name test -type d -print0
+ xargs -0 rm -rfv
+ /usr/lib/rpm/brp-alt
Cleaning files in /usr/src/tmp/python3-module-h2-buildroot (auto)
Verifying and fixing files in /usr/src/tmp/python3-module-h2-buildroot (binconfig,pkgconfig,libtool,desktop,gnuconfig)
Checking contents of files in /usr/src/tmp/python3-module-h2-buildroot/ (default)
Compressing files in /usr/src/tmp/python3-module-h2-buildroot (auto)
Adjusting library links in /usr/src/tmp/python3-module-h2-buildroot
./usr/lib: (from <cmdline>:0)
Verifying ELF objects in /usr/src/tmp/python3-module-h2-buildroot (arch=normal,fhs=normal,lfs=relaxed,lint=relaxed,rpath=normal,stack=normal,textrel=normal,unresolved=normal)
Splitting links to aliased files under /{,s}bin in /usr/src/tmp/python3-module-h2-buildroot
Bytecompiling python3 modules in /usr/src/tmp/python3-module-h2-buildroot using /usr/bin/python3
unlink /usr/src/tmp/python3-module-h2-buildroot/usr/lib/python3/site-packages/h2/__pycache__/__init__.cpython-312.pyc
unlink /usr/src/tmp/python3-module-h2-buildroot/usr/lib/python3/site-packages/h2/__pycache__/config.cpython-312.pyc
unlink /usr/src/tmp/python3-module-h2-buildroot/usr/lib/python3/site-packages/h2/__pycache__/connection.cpython-312.pyc
unlink /usr/src/tmp/python3-module-h2-buildroot/usr/lib/python3/site-packages/h2/__pycache__/errors.cpython-312.pyc
unlink /usr/src/tmp/python3-module-h2-buildroot/usr/lib/python3/site-packages/h2/__pycache__/events.cpython-312.pyc
unlink /usr/src/tmp/python3-module-h2-buildroot/usr/lib/python3/site-packages/h2/__pycache__/exceptions.cpython-312.pyc
unlink /usr/src/tmp/python3-module-h2-buildroot/usr/lib/python3/site-packages/h2/__pycache__/frame_buffer.cpython-312.pyc
unlink /usr/src/tmp/python3-module-h2-buildroot/usr/lib/python3/site-packages/h2/__pycache__/settings.cpython-312.pyc
unlink /usr/src/tmp/python3-module-h2-buildroot/usr/lib/python3/site-packages/h2/__pycache__/stream.cpython-312.pyc
unlink /usr/src/tmp/python3-module-h2-buildroot/usr/lib/python3/site-packages/h2/__pycache__/utilities.cpython-312.pyc
unlink /usr/src/tmp/python3-module-h2-buildroot/usr/lib/python3/site-packages/h2/__pycache__/windows.cpython-312.pyc
compile /usr/src/tmp/python3-module-h2-buildroot/usr/lib/python3/site-packages/h2/__init__.py
compile /usr/src/tmp/python3-module-h2-buildroot/usr/lib/python3/site-packages/h2/config.py
compile /usr/src/tmp/python3-module-h2-buildroot/usr/lib/python3/site-packages/h2/connection.py
compile /usr/src/tmp/python3-module-h2-buildroot/usr/lib/python3/site-packages/h2/errors.py
compile /usr/src/tmp/python3-module-h2-buildroot/usr/lib/python3/site-packages/h2/events.py
compile /usr/src/tmp/python3-module-h2-buildroot/usr/lib/python3/site-packages/h2/exceptions.py
compile /usr/src/tmp/python3-module-h2-buildroot/usr/lib/python3/site-packages/h2/frame_buffer.py
compile /usr/src/tmp/python3-module-h2-buildroot/usr/lib/python3/site-packages/h2/settings.py
compile /usr/src/tmp/python3-module-h2-buildroot/usr/lib/python3/site-packages/h2/stream.py
compile /usr/src/tmp/python3-module-h2-buildroot/usr/lib/python3/site-packages/h2/utilities.py
compile /usr/src/tmp/python3-module-h2-buildroot/usr/lib/python3/site-packages/h2/windows.py
Bytecompiling python3 modules with optimization in /usr/src/tmp/python3-module-h2-buildroot using /usr/bin/python3 -O
compile /usr/src/tmp/python3-module-h2-buildroot/usr/lib/python3/site-packages/h2/__init__.py
compile /usr/src/tmp/python3-module-h2-buildroot/usr/lib/python3/site-packages/h2/config.py
compile /usr/src/tmp/python3-module-h2-buildroot/usr/lib/python3/site-packages/h2/connection.py
compile /usr/src/tmp/python3-module-h2-buildroot/usr/lib/python3/site-packages/h2/errors.py
compile /usr/src/tmp/python3-module-h2-buildroot/usr/lib/python3/site-packages/h2/events.py
compile /usr/src/tmp/python3-module-h2-buildroot/usr/lib/python3/site-packages/h2/exceptions.py
compile /usr/src/tmp/python3-module-h2-buildroot/usr/lib/python3/site-packages/h2/frame_buffer.py
compile /usr/src/tmp/python3-module-h2-buildroot/usr/lib/python3/site-packages/h2/settings.py
compile /usr/src/tmp/python3-module-h2-buildroot/usr/lib/python3/site-packages/h2/stream.py
compile /usr/src/tmp/python3-module-h2-buildroot/usr/lib/python3/site-packages/h2/utilities.py
compile /usr/src/tmp/python3-module-h2-buildroot/usr/lib/python3/site-packages/h2/windows.py
Bytecompiling python3 modules with optimization-2 in /usr/src/tmp/python3-module-h2-buildroot using /usr/bin/python3 -OO
compile /usr/src/tmp/python3-module-h2-buildroot/usr/lib/python3/site-packages/h2/__init__.py
compile /usr/src/tmp/python3-module-h2-buildroot/usr/lib/python3/site-packages/h2/config.py
compile /usr/src/tmp/python3-module-h2-buildroot/usr/lib/python3/site-packages/h2/connection.py
compile /usr/src/tmp/python3-module-h2-buildroot/usr/lib/python3/site-packages/h2/errors.py
compile /usr/src/tmp/python3-module-h2-buildroot/usr/lib/python3/site-packages/h2/events.py
compile /usr/src/tmp/python3-module-h2-buildroot/usr/lib/python3/site-packages/h2/exceptions.py
compile /usr/src/tmp/python3-module-h2-buildroot/usr/lib/python3/site-packages/h2/frame_buffer.py
compile /usr/src/tmp/python3-module-h2-buildroot/usr/lib/python3/site-packages/h2/settings.py
compile /usr/src/tmp/python3-module-h2-buildroot/usr/lib/python3/site-packages/h2/stream.py
compile /usr/src/tmp/python3-module-h2-buildroot/usr/lib/python3/site-packages/h2/utilities.py
compile /usr/src/tmp/python3-module-h2-buildroot/usr/lib/python3/site-packages/h2/windows.py
Hardlinking identical .pyc and .opt-?.pyc files
'./usr/lib/python3/site-packages/h2/__pycache__/__init__.cpython-312.opt-1.pyc' => './usr/lib/python3/site-packages/h2/__pycache__/__init__.cpython-312.pyc'
'./usr/lib/python3/site-packages/h2/__pycache__/config.cpython-312.opt-1.pyc' => './usr/lib/python3/site-packages/h2/__pycache__/config.cpython-312.pyc'
'./usr/lib/python3/site-packages/h2/__pycache__/errors.cpython-312.opt-1.pyc' => './usr/lib/python3/site-packages/h2/__pycache__/errors.cpython-312.pyc'
'./usr/lib/python3/site-packages/h2/__pycache__/events.cpython-312.opt-1.pyc' => './usr/lib/python3/site-packages/h2/__pycache__/events.cpython-312.pyc'
'./usr/lib/python3/site-packages/h2/__pycache__/exceptions.cpython-312.opt-1.pyc' => './usr/lib/python3/site-packages/h2/__pycache__/exceptions.cpython-312.pyc'
'./usr/lib/python3/site-packages/h2/__pycache__/frame_buffer.cpython-312.opt-1.pyc' => './usr/lib/python3/site-packages/h2/__pycache__/frame_buffer.cpython-312.pyc'
'./usr/lib/python3/site-packages/h2/__pycache__/settings.cpython-312.opt-1.pyc' => './usr/lib/python3/site-packages/h2/__pycache__/settings.cpython-312.pyc'
'./usr/lib/python3/site-packages/h2/__pycache__/utilities.cpython-312.opt-1.pyc' => './usr/lib/python3/site-packages/h2/__pycache__/utilities.cpython-312.pyc'
Executing(%check): /bin/sh -e /usr/src/tmp/rpm-tmp.78932
+ umask 022
+ /bin/mkdir -p /usr/src/RPM/BUILD
+ cd /usr/src/RPM/BUILD
+ cd python3-module-h2-4.1.0
++ pwd
+ PYTHONPATH=/usr/src/RPM/BUILD/python3-module-h2-4.1.0/build/lib
+ py.test3
============================= test session starts ==============================
platform linux -- Python 3.12.10, pytest-8.3.5, pluggy-1.5.0
rootdir: /usr/src/RPM/BUILD/python3-module-h2-4.1.0
configfile: setup.cfg
testpaths: test
plugins: hypothesis-6.131.10
collected 1433 items

test/test_basic_logic.py ..........................................F.... [  3%]
........................................................................ [  8%]
........................................................................ [ 13%]
........................................................................ [ 18%]
........................................................................ [ 23%]
.................................................                        [ 26%]
test/test_closed_streams.py .....................                        [ 28%]
test/test_complex_logic.py .................                             [ 29%]
test/test_config.py .................................................... [ 33%]
..............                                                           [ 34%]
test/test_events.py ............................................         [ 37%]
test/test_exceptions.py .                                                [ 37%]
test/test_flow_control_window.py ....................................... [ 39%]
......                                                                   [ 40%]
test/test_h2_upgrade.py .............                                    [ 41%]
test/test_head_request.py ..                                             [ 41%]
test/test_header_indexing.py ........................................... [ 44%]
........................................................................ [ 49%]
........................................................................ [ 54%]
........................................................................ [ 59%]
.........................................                                [ 62%]
test/test_informational_responses.py ..............................      [ 64%]
test/test_interacting_stacks.py .                                        [ 64%]
test/test_invalid_content_lengths.py ...                                 [ 64%]
test/test_invalid_frame_sequences.py .......................             [ 66%]
test/test_invalid_headers.py ........................................... [ 69%]
........................................................................ [ 74%]
........................................................................ [ 79%]
........................................................................ [ 84%]
........................................................................ [ 89%]
.................................                                        [ 91%]
test/test_priority.py .......................                            [ 93%]
test/test_related_events.py .............                                [ 94%]
test/test_rfc7838.py ...................                                 [ 95%]
test/test_rfc8441.py .                                                   [ 95%]
test/test_settings.py ................................                   [ 97%]
test/test_state_machines.py ..................                           [ 99%]
test/test_stream_reset.py .....                                          [ 99%]
test/test_utility_functions.py ........                                  [100%]

=================================== FAILURES ===================================
_________________ TestBasicClient.test_changing_max_frame_size _________________
  + Exception Group Traceback (most recent call last):
  |   File "/usr/lib/python3/site-packages/_pytest/runner.py", line 341, in from_call
  |     result: TResult | None = func()
  |                              ^^^^^^
  |   File "/usr/lib/python3/site-packages/_pytest/runner.py", line 242, in <lambda>
  |     lambda: runtest_hook(item=item, **kwds), when=when, reraise=reraise
  |             ^^^^^^^^^^^^^^^^^^^^^^^^^^^^^^^
  |   File "/usr/lib/python3/site-packages/pluggy/_hooks.py", line 513, in __call__
  |     return self._hookexec(self.name, self._hookimpls.copy(), kwargs, firstresult)
  |            ^^^^^^^^^^^^^^^^^^^^^^^^^^^^^^^^^^^^^^^^^^^^^^^^^^^^^^^^^^^^^^^^^^^^^^
  |   File "/usr/lib/python3/site-packages/pluggy/_manager.py", line 120, in _hookexec
  |     return self._inner_hookexec(hook_name, methods, kwargs, firstresult)
  |            ^^^^^^^^^^^^^^^^^^^^^^^^^^^^^^^^^^^^^^^^^^^^^^^^^^^^^^^^^^^^^
  |   File "/usr/lib/python3/site-packages/pluggy/_callers.py", line 182, in _multicall
  |     return outcome.get_result()
  |            ^^^^^^^^^^^^^^^^^^^^
  |   File "/usr/lib/python3/site-packages/pluggy/_result.py", line 100, in get_result
  |     raise exc.with_traceback(exc.__traceback__)
  |   File "/usr/lib/python3/site-packages/pluggy/_callers.py", line 167, in _multicall
  |     teardown.throw(outcome._exception)
  |   File "/usr/lib/python3/site-packages/_pytest/threadexception.py", line 92, in pytest_runtest_call
  |     yield from thread_exception_runtest_hook()
  |   File "/usr/lib/python3/site-packages/_pytest/threadexception.py", line 68, in thread_exception_runtest_hook
  |     yield
  |   File "/usr/lib/python3/site-packages/pluggy/_callers.py", line 167, in _multicall
  |     teardown.throw(outcome._exception)
  |   File "/usr/lib/python3/site-packages/_pytest/unraisableexception.py", line 95, in pytest_runtest_call
  |     yield from unraisable_exception_runtest_hook()
  |   File "/usr/lib/python3/site-packages/_pytest/unraisableexception.py", line 70, in unraisable_exception_runtest_hook
  |     yield
  |   File "/usr/lib/python3/site-packages/pluggy/_callers.py", line 167, in _multicall
  |     teardown.throw(outcome._exception)
  |   File "/usr/lib/python3/site-packages/_pytest/logging.py", line 846, in pytest_runtest_call
  |     yield from self._runtest_for(item, "call")
  |   File "/usr/lib/python3/site-packages/_pytest/logging.py", line 829, in _runtest_for
  |     yield
  |   File "/usr/lib/python3/site-packages/pluggy/_callers.py", line 167, in _multicall
  |     teardown.throw(outcome._exception)
  |   File "/usr/lib/python3/site-packages/_pytest/capture.py", line 898, in pytest_runtest_call
  |     return (yield)
  |             ^^^^^
  |   File "/usr/lib/python3/site-packages/pluggy/_callers.py", line 167, in _multicall
  |     teardown.throw(outcome._exception)
  |   File "/usr/lib/python3/site-packages/_pytest/skipping.py", line 257, in pytest_runtest_call
  |     return (yield)
  |             ^^^^^
  |   File "/usr/lib/python3/site-packages/pluggy/_callers.py", line 103, in _multicall
  |     res = hook_impl.function(*args)
  |           ^^^^^^^^^^^^^^^^^^^^^^^^^
  |   File "/usr/lib/python3/site-packages/_pytest/runner.py", line 174, in pytest_runtest_call
  |     item.runtest()
  |   File "/usr/lib/python3/site-packages/_pytest/python.py", line 1627, in runtest
  |     self.ihook.pytest_pyfunc_call(pyfuncitem=self)
  |   File "/usr/lib/python3/site-packages/pluggy/_hooks.py", line 513, in __call__
  |     return self._hookexec(self.name, self._hookimpls.copy(), kwargs, firstresult)
  |            ^^^^^^^^^^^^^^^^^^^^^^^^^^^^^^^^^^^^^^^^^^^^^^^^^^^^^^^^^^^^^^^^^^^^^^
  |   File "/usr/lib/python3/site-packages/pluggy/_manager.py", line 120, in _hookexec
  |     return self._inner_hookexec(hook_name, methods, kwargs, firstresult)
  |            ^^^^^^^^^^^^^^^^^^^^^^^^^^^^^^^^^^^^^^^^^^^^^^^^^^^^^^^^^^^^^
  |   File "/usr/lib/python3/site-packages/pluggy/_callers.py", line 139, in _multicall
  |     raise exception.with_traceback(exception.__traceback__)
  |   File "/usr/lib/python3/site-packages/pluggy/_callers.py", line 103, in _multicall
  |     res = hook_impl.function(*args)
  |           ^^^^^^^^^^^^^^^^^^^^^^^^^
  |   File "/usr/lib/python3/site-packages/_pytest/python.py", line 159, in pytest_pyfunc_call
  |     result = testfunction(**testargs)
  |              ^^^^^^^^^^^^^^^^^^^^^^^^
  |   File "/usr/src/RPM/BUILD/python3-module-h2-4.1.0/test/test_basic_logic.py", line 793, in test_changing_max_frame_size
  |     @settings(suppress_health_check=[HealthCheck.function_scoped_fixture])
  |                ^^^^^^^^^^^^^^^^^^^^^^
  |   File "/usr/lib/python3/site-packages/hypothesis/core.py", line 1843, in wrapped_test
  |     raise the_error_hypothesis_found
  | hypothesis.errors.FlakyFailure: Hypothesis test_changing_max_frame_size(self=<test.test_basic_logic.TestBasicClient object at 0xf62f24e0>, frame_factory=<test.helpers.FrameFactory object at 0xf6142ea0>, frame_size=13315933) produces unreliable results: Falsified on the first call but did not on a subsequent one (1 sub-exception)
  | Falsifying example: test_changing_max_frame_size(
  |     self=<test.test_basic_logic.TestBasicClient object at 0xf62f24e0>,
  |     frame_factory=<test.helpers.FrameFactory object at 0xf6142ea0>,
  |     frame_size=13315933,
  | )
  | Unreliable test timings! On an initial run, this test took 294.34ms, which exceeded the deadline of 200.00ms, but on a subsequent run it took 174.86 ms, which did not. If you expect this sort of variability in your test timings, consider turning deadlines off for this test by setting deadline=None.
  +-+---------------- 1 ----------------
    | Traceback (most recent call last):
    |   File "/usr/lib/python3/site-packages/hypothesis/core.py", line 1091, in _execute_once_for_engine
    |     result = self.execute_once(data)
    |              ^^^^^^^^^^^^^^^^^^^^^^^
    |   File "/usr/lib/python3/site-packages/hypothesis/core.py", line 1028, in execute_once
    |     result = self.test_runner(data, run)
    |              ^^^^^^^^^^^^^^^^^^^^^^^^^^^
    |   File "/usr/lib/python3/site-packages/hypothesis/core.py", line 733, in default_executor
    |     return function(data)
    |            ^^^^^^^^^^^^^^
    |   File "/usr/lib/python3/site-packages/hypothesis/core.py", line 1000, in run
    |     return test(*args, **kwargs)
    |            ^^^^^^^^^^^^^^^^^^^^^
    |   File "/usr/src/RPM/BUILD/python3-module-h2-4.1.0/test/test_basic_logic.py", line 793, in test_changing_max_frame_size
    |     @settings(suppress_health_check=[HealthCheck.function_scoped_fixture])
    |                ^^^^^^^^^^^^^^^^^^^^^^^^^^^^^^^^^^
    |   File "/usr/lib/python3/site-packages/hypothesis/core.py", line 930, in test
    |     raise DeadlineExceeded(
    | hypothesis.errors.DeadlineExceeded: Test took 294.34ms, which exceeds the deadline of 200.00ms
    +------------------------------------
=========================== short test summary info ============================
FAILED test/test_basic_logic.py::TestBasicClient::test_changing_max_frame_size
======================= 1 failed, 1432 passed in 27.82s ========================
error: Bad exit status from /usr/src/tmp/rpm-tmp.78932 (%check)


RPM build errors:
    Bad exit status from /usr/src/tmp/rpm-tmp.78932 (%check)
Command exited with non-zero status 1
19.05user 8.26system 0:31.18elapsed 87%CPU (0avgtext+0avgdata 233216maxresident)k
0inputs+0outputs (0major+3372710minor)pagefaults 0swaps
hsh-rebuild: rebuild of `python3-module-h2-4.1.0-alt1.src.rpm' failed.
Command exited with non-zero status 1
4.81user 3.34system 0:49.48elapsed 16%CPU (0avgtext+0avgdata 133948maxresident)k
0inputs+0outputs (0major+321566minor)pagefaults 0swaps
