<86>May 16 04:38:45 userdel[1851209]: delete user 'rooter'
<86>May 16 04:38:45 userdel[1851209]: removed group 'rooter' owned by 'rooter'
<86>May 16 04:38:45 userdel[1851209]: removed shadow group 'rooter' owned by 'rooter'
<86>May 16 04:38:45 groupadd[1851257]: group added to /etc/group: name=rooter, GID=1793
<86>May 16 04:38:45 groupadd[1851257]: group added to /etc/gshadow: name=rooter
<86>May 16 04:38:45 groupadd[1851257]: new group: name=rooter, GID=1793
<86>May 16 04:38:45 useradd[1851292]: new user: name=rooter, UID=1793, GID=1793, home=/root, shell=/bin/bash, from=none
<86>May 16 04:38:45 userdel[1851339]: delete user 'builder'
<86>May 16 04:38:45 userdel[1851339]: removed group 'builder' owned by 'builder'
<86>May 16 04:38:45 userdel[1851339]: removed shadow group 'builder' owned by 'builder'
<86>May 16 04:38:45 groupadd[1851378]: group added to /etc/group: name=builder, GID=1794
<86>May 16 04:38:45 groupadd[1851378]: group added to /etc/gshadow: name=builder
<86>May 16 04:38:45 groupadd[1851378]: new group: name=builder, GID=1794
<86>May 16 04:38:45 useradd[1851409]: new user: name=builder, UID=1794, GID=1794, home=/usr/src, shell=/bin/bash, from=none
<13>May 16 04:38:48 rpmi: libmpdec3-2.5.1-alt3 sisyphus+314490.500.5.1 1675432004 installed
<13>May 16 04:38:48 rpmi: libgdbm-1.8.3-alt10 sisyphus+346222.200.3.2 1716468404 installed
<13>May 16 04:38:48 rpmi: libexpat-2.7.1-alt1 sisyphus+379929.100.1.1 1743519381 installed
<13>May 16 04:38:48 rpmi: openssl-config-3.2.0-alt1 sisyphus+366659.140.4.1 1736956949 installed
<13>May 16 04:38:48 rpmi: libb2-0.98.1-alt1_1 sisyphus+291614.100.1.1 1638962877 installed
<13>May 16 04:38:48 rpmi: libp11-kit-1:0.25.5-alt1 sisyphus+352553.100.1.1 1720622573 installed
<13>May 16 04:38:48 rpmi: libtasn1-4.20.0-alt2 sisyphus+375829.100.1.1 1740299335 installed
<13>May 16 04:38:48 rpmi: rpm-macros-alternatives-0.5.3-alt1 sisyphus+371878.100.1.1 1737988822 installed
<13>May 16 04:38:48 rpmi: alternatives-0.5.3-alt1 sisyphus+371878.100.1.1 1737988822 installed
<13>May 16 04:38:48 rpmi: ca-certificates-2025.05.12-alt1 sisyphus+383903.200.2.1 1747060316 installed
<13>May 16 04:38:48 rpmi: ca-trust-0.2.0-alt1 sisyphus+344843.100.1.1 1712743326 installed
<13>May 16 04:38:48 rpmi: p11-kit-trust-1:0.25.5-alt1 sisyphus+352553.100.1.1 1720622573 installed
<13>May 16 04:38:49 rpmi: libcrypto3-3.3.3-alt1 sisyphus+374381.40.2.1 1739299401 installed
<13>May 16 04:38:49 rpmi: libssl3-3.3.3-alt1 sisyphus+374381.40.2.1 1739299401 installed
<13>May 16 04:38:49 rpmi: python3-3.12.10-alt1 sisyphus+381757.100.1.1 1744802808 installed
<13>May 16 04:38:49 rpmi: python3-base-3.12.10-alt1 sisyphus+381757.100.1.1 1744802808 installed
<13>May 16 04:38:49 rpmi: python3-module-py3dephell-0.3.1-alt1 sisyphus+365261.200.1.1 1734463433 installed
<13>May 16 04:38:49 rpmi: tests-for-installed-python3-pkgs-0.1.28-alt1 sisyphus+375953.100.2.1 1740855713 installed
<13>May 16 04:38:49 rpmi: rpm-build-python3-0.1.28-alt1 sisyphus+375953.100.2.1 1740855713 installed
<13>May 16 04:38:51 rpmi: python3-module-packaging-25.0-alt1 sisyphus+382195.100.1.1 1745223121 installed
<13>May 16 04:38:51 rpmi: python3-module-more-itertools-10.6.0-alt1 sisyphus+369595.100.2.1 1737017267 installed
<13>May 16 04:38:51 rpmi: libidn2-2.3.7-alt1 sisyphus+339505.100.1.2 1706718968 installed
<13>May 16 04:38:51 rpmi: libnettle8-3.10.1-alt1 sisyphus+372008.100.1.1 1738078259 installed
<13>May 16 04:38:51 rpmi: python3-module-jaraco.functools-4.1.0-alt1.1 sisyphus+376369.24200.10.1 1746632566 installed
<13>May 16 04:38:51 rpmi: python3-module-pluggy-1.5.0-alt1 sisyphus+345632.100.2.1 1713864244 installed
<13>May 16 04:38:51 rpmi: libhogweed6-3.10.1-alt1 sisyphus+372008.100.1.1 1738078259 installed
<13>May 16 04:38:51 rpmi: libgnutls30-3.8.9-alt1 sisyphus+380042.200.2.1 1743618110 installed
<13>May 16 04:38:51 rpmi: libngtcp2.16-1.12.0-alt1 sisyphus+382655.200.1.1 1745743462 installed
<13>May 16 04:38:51 rpmi: libngtcp2_crypto_gnutls8-1.12.0-alt1 sisyphus+382655.200.1.1 1745743462 installed
<13>May 16 04:38:52 rpmi: python3-module-ptyprocess-0.7.0-alt1 sisyphus+283469.100.1.1 1629400504 installed
<13>May 16 04:38:52 rpmi: python3-module-iniconfig-2.1.0-alt1 sisyphus+378658.100.2.1 1742493599 installed
<13>May 16 04:38:52 rpmi: python3-module-wheel-0.45.1-alt3 sisyphus+384059.500.2.1 1747240259 installed
<13>May 16 04:38:52 rpmi: python3-module-platformdirs-4.3.7-alt1 sisyphus+378659.100.2.1 1742562597 installed
<13>May 16 04:38:52 rpmi: python3-module-jaraco.context-6.0.1-alt1.1 sisyphus+376369.6200.10.1 1746628448 installed
<13>May 16 04:38:52 rpmi: python3-module-trove-classifiers-2025.4.11.15-alt1 sisyphus+381567.100.1.1 1744619284 installed
<13>May 16 04:38:52 rpmi: python3-module-pathspec-0.12.1-alt1 sisyphus+341971.100.1.1 1709553025 installed
<13>May 16 04:38:52 rpmi: python3-module-hatchling-1.27.0-alt1 sisyphus+365115.100.2.1 1734340769 installed
<13>May 16 04:38:52 rpmi: python3-module-autocommand-2.2.2-alt1.1 sisyphus+339714.100.1.1 1706968174 installed
<13>May 16 04:38:52 rpmi: python3-module-jaraco.text-4.0.0-alt1.1 sisyphus+376369.7300.10.1 1746628739 installed
<13>May 16 04:38:52 rpmi: python3-module-pkg_resources-1:80.4.0-alt1 sisyphus+384059.100.2.1 1747240150 installed
<13>May 16 04:38:52 rpmi: python3-module-pycparser-2.22-alt1 sisyphus+378485.100.1.1 1742331206 installed
<13>May 16 04:38:52 rpmi: python3-module-cffi-1.17.1-alt1 sisyphus+357396.100.1.1 1726156476 installed
<13>May 16 04:38:52 rpmi: mercurial-7.0.1-alt1 sisyphus+382790.100.2.2 1746550268 installed
<13>May 16 04:38:52 rpmi: libpython3-3.12.10-alt1 sisyphus+381757.100.1.1 1744802808 installed
<13>May 16 04:38:52 rpmi: libpcre3-8.45-alt2 sisyphus+369650.4200.9.1 1736953780 installed
<13>May 16 04:38:52 rpmi: libncurses6-6.3.20220618-alt4 sisyphus+327286.4600.14.1 1711486705 installed
<13>May 16 04:38:52 rpmi: libtinfo-devel-6.3.20220618-alt4 sisyphus+327286.4600.14.1 1711486705 installed
<13>May 16 04:38:52 rpmi: libncurses-devel-6.3.20220618-alt4 sisyphus+327286.4600.14.1 1711486705 installed
<13>May 16 04:38:53 rpmi: python3-dev-3.12.10-alt1 sisyphus+381757.100.1.1 1744802808 installed
<13>May 16 04:38:53 rpmi: python3-module-setuptools-1:80.4.0-alt1 sisyphus+384059.100.2.1 1747240150 installed
<13>May 16 04:38:53 rpmi: libssh2-1.11.0-alt2 sisyphus+339356.100.1.1 1706593137 installed
<13>May 16 04:38:53 rpmi: publicsuffix-list-dafsa-20250416-alt1 sisyphus+381887.100.1.1 1744900874 installed
<13>May 16 04:38:53 rpmi: libpsl-0.21.5-alt1 sisyphus+338474.100.1.1 1705684769 installed
<13>May 16 04:38:53 rpmi: libnghttp3.9-1.9.0-alt1 sisyphus+382655.100.1.1 1745743397 installed
<13>May 16 04:38:53 rpmi: libnghttp2-1.65.0-alt1 sisyphus+377060.100.1.1 1741259309 installed
<13>May 16 04:38:53 rpmi: openldap-common-2.6.9-alt2 sisyphus+367501.300.4.1 1735841751 installed
<13>May 16 04:38:53 rpmi: libntlm-1.5-alt2 sisyphus+379810.500.4.1 1743501147 installed
<13>May 16 04:38:53 rpmi: libidn-1.37-alt2 sisyphus+300849.100.1.1 1653769687 installed
<13>May 16 04:38:53 rpmi: libbrotlicommon-1.1.0-alt1 sisyphus+328501.100.1.1 1693598419 installed
<13>May 16 04:38:53 rpmi: libbrotlidec-1.1.0-alt1 sisyphus+328501.100.1.1 1693598419 installed
<13>May 16 04:38:53 rpmi: libxxhash-0.8.2-alt1 sisyphus+336514.200.7.1 1702672118 installed
<13>May 16 04:38:53 rpmi: liblz4-1:1.9.4-alt1 sisyphus+309416.100.1.1 1667412981 installed
<13>May 16 04:38:53 rpmi: rsync-3.2.7-alt3 sisyphus+372266.100.1.1 1738342240 installed
<13>May 16 04:38:53 rpmi: openssh-common-9.6p1-alt3 sisyphus+375192.100.1.1 1739876264 installed
<13>May 16 04:38:53 rpmi: libverto-0.3.2-alt1_1 sisyphus+321176.2200.10.2 1684803947 installed
<13>May 16 04:38:53 rpmi: liblmdb-0.9.33-alt1 sisyphus+360625.100.1.1 1729819640 installed
<13>May 16 04:38:53 rpmi: libkeyutils-1.6.3-alt1 sisyphus+346336.200.2.2 1716472658 installed
<13>May 16 04:38:53 rpmi: libcom_err-1.47.1.0.10.ad56-alt2 sisyphus+363497.200.3.1 1732729908 installed
<86>May 16 04:38:53 groupadd[1890419]: group added to /etc/group: name=_keytab, GID=999
<86>May 16 04:38:53 groupadd[1890419]: group added to /etc/gshadow: name=_keytab
<86>May 16 04:38:53 groupadd[1890419]: new group: name=_keytab, GID=999
<13>May 16 04:38:53 rpmi: libkrb5-1.21.3-alt2 sisyphus+351857.100.1.1 1719735141 installed
<13>May 16 04:38:53 rpmi: libgsasl18-2.2.1-alt2 sisyphus+359713.200.2.1 1728905430 installed
<86>May 16 04:38:53 groupadd[1890713]: group added to /etc/group: name=sasl, GID=998
<86>May 16 04:38:53 groupadd[1890713]: group added to /etc/gshadow: name=sasl
<86>May 16 04:38:53 groupadd[1890713]: new group: name=sasl, GID=998
<13>May 16 04:38:53 rpmi: libsasl2-3-2.1.28-alt2.1 sisyphus+367419.100.1.1 1735482560 installed
<13>May 16 04:38:53 rpmi: libldap2-2.6.9-alt2 sisyphus+367501.300.4.1 1735841751 installed
<13>May 16 04:38:53 rpmi: libcurl-8.13.0-alt1 sisyphus+380015.100.1.1 1743595100 installed
<13>May 16 04:38:53 rpmi: libedit3-3.1.20250104-alt1 sisyphus+384216.200.2.1 1747315147 installed
<86>May 16 04:38:53 groupadd[1891023]: group added to /etc/group: name=sshagent, GID=997
<86>May 16 04:38:53 groupadd[1891023]: group added to /etc/gshadow: name=sshagent
<86>May 16 04:38:53 groupadd[1891023]: new group: name=sshagent, GID=997
<13>May 16 04:38:53 rpmi: openssh-clients-9.6p1-alt3 sisyphus+375192.100.1.1 1739876264 installed
<13>May 16 04:38:53 rpmi: less-633-alt1 sisyphus+328181.300.2.1 1693321749 installed
<13>May 16 04:38:53 rpmi: diffstat-1.64-alt1 sisyphus+346132.200.3.2 1716466240 installed
<13>May 16 04:38:54 rpmi: git-core-2.42.4-alt1 sisyphus+369547.100.1.1 1736878350 installed
<13>May 16 04:38:54 rpmi: python3-module-setuptools_scm-8.3.1-alt1 sisyphus+384062.100.2.1 1747309818 installed
<13>May 16 04:38:54 rpmi: python3-module-hatch-vcs-0.4.0-alt1 sisyphus+333758.100.1.1 1699348238 installed
<13>May 16 04:38:54 rpmi: zsh-1:5.9-alt3 sisyphus+363206.100.1.1 1732300102 installed
<13>May 16 04:38:54 rpmi: python3-module-pytest-8.3.5-alt2 sisyphus+383865.100.1.1 1747039699 installed
<13>May 16 04:38:54 rpmi: python3-module-pexpect-4.9.0-alt1 sisyphus+341927.40.2.1 1709544794 installed
<13>May 16 04:38:54 rpmi: python3-module-pip-25.1.1-alt1 sisyphus+384061.100.2.1 1747306475 installed
Building target platforms: x86_64
Building for target x86_64
Wrote: /usr/src/in/nosrpm/python3-module-argcomplete-3.6.2-alt1.nosrc.rpm (w1.gzdio)
<13>May 16 04:38:56 rpmi: python3-module-pyproject-installer-0.5.5-alt2 sisyphus+366395.100.1.1 1735032014 installed
Installing python3-module-argcomplete-3.6.2-alt1.src.rpm
Building target platforms: x86_64
Building for target x86_64
Executing(%prep): /bin/sh -e /usr/src/tmp/rpm-tmp.5146
+ umask 022
+ /bin/mkdir -p /usr/src/RPM/BUILD
+ cd /usr/src/RPM/BUILD
+ cd /usr/src/RPM/BUILD
+ rm -rf python3-module-argcomplete-3.6.2
+ echo 'Source #0 (python3-module-argcomplete-3.6.2.tar):'
Source #0 (python3-module-argcomplete-3.6.2.tar):
+ /bin/tar -xf /usr/src/RPM/SOURCES/python3-module-argcomplete-3.6.2.tar
+ cd python3-module-argcomplete-3.6.2
+ /bin/chmod -c -Rf u+rwX,go-w .
+ echo 'Patch #0 (argcomplete-3.6.0-skip-test.patch):'
Patch #0 (argcomplete-3.6.0-skip-test.patch):
+ /usr/bin/patch -p1
patching file test/test.py
Hunk #1 succeeded at 1304 (offset 2 lines).
+ exit 0
Executing(%build): /bin/sh -e /usr/src/tmp/rpm-tmp.5146
+ umask 022
+ /bin/mkdir -p /usr/src/RPM/BUILD
+ cd /usr/src/RPM/BUILD
+ cd python3-module-argcomplete-3.6.2
+ export SETUPTOOLS_SCM_PRETEND_VERSION=3.6.2
+ SETUPTOOLS_SCM_PRETEND_VERSION=3.6.2
+ export 'CFLAGS=-pipe -frecord-gcc-switches -Wall -g -O2 -flto=auto'
+ CFLAGS='-pipe -frecord-gcc-switches -Wall -g -O2 -flto=auto'
+ export 'CXXFLAGS=-pipe -frecord-gcc-switches -Wall -g -O2 -flto=auto'
+ CXXFLAGS='-pipe -frecord-gcc-switches -Wall -g -O2 -flto=auto'
+ export 'FFLAGS=-pipe -frecord-gcc-switches -Wall -g -O2 -flto=auto'
+ FFLAGS='-pipe -frecord-gcc-switches -Wall -g -O2 -flto=auto'
+ /usr/bin/python3 -m pyproject_installer -v build
INFO     : pyproject_installer.build_cmd._build : Building wheel
INFO     : pyproject_installer.build_cmd._build : Source tree: /usr/src/RPM/BUILD/python3-module-argcomplete-3.6.2
INFO     : pyproject_installer.build_cmd._build : Output dir: /usr/src/RPM/BUILD/python3-module-argcomplete-3.6.2/dist
DEBUG    : pyproject_installer.lib.build_backend : Validating source path
DEBUG    : pyproject_installer.lib.build_backend : Checking for PEP517 spec
DEBUG    : pyproject_installer.lib.build_backend : Parsing configuration file: /usr/src/RPM/BUILD/python3-module-argcomplete-3.6.2/pyproject.toml
INFO     : backend_caller.py : Calling hook build_wheel in subprocess
INFO     : backend_caller.py : Build backend: hatchling.build
INFO     : backend_caller.py : Hook args: ['/usr/src/RPM/BUILD/python3-module-argcomplete-3.6.2/dist']
INFO     : backend_caller.py : Hook kwargs: {'config_settings': None}
INFO     : pyproject_installer.build_cmd._build : Built wheel: argcomplete-3.6.2-py3-none-any.whl
+ exit 0
Executing(%install): /bin/sh -e /usr/src/tmp/rpm-tmp.5146
+ umask 022
+ /bin/mkdir -p /usr/src/RPM/BUILD
+ cd /usr/src/RPM/BUILD
+ /bin/chmod -Rf u+rwX -- /usr/src/tmp/python3-module-argcomplete-buildroot
+ :
+ /bin/rm -rf -- /usr/src/tmp/python3-module-argcomplete-buildroot
+ PATH=/usr/libexec/rpm-build:/usr/src/bin:/usr/bin:/bin:/usr/local/bin:/usr/games
+ cd python3-module-argcomplete-3.6.2
+ /usr/bin/python3 -m pyproject_installer -v install --destdir=/usr/src/tmp/python3-module-argcomplete-buildroot
INFO     : pyproject_installer.install_cmd._install : Installing wheel
INFO     : pyproject_installer.install_cmd._install : Wheel directory: /usr/src/RPM/BUILD/python3-module-argcomplete-3.6.2/dist
INFO     : pyproject_installer.install_cmd._install : Wheel filename: argcomplete-3.6.2-py3-none-any.whl
INFO     : pyproject_installer.install_cmd._install : Destination: /usr/src/tmp/python3-module-argcomplete-buildroot
DEBUG    : pyproject_installer.lib.wheel : Parsing wheel filename
DEBUG    : pyproject_installer.lib.wheel : Validating wheel file
DEBUG    : pyproject_installer.lib.wheel : Validating wheel spec version
DEBUG    : pyproject_installer.lib.wheel : Parsing wheel spec metadata
DEBUG    : pyproject_installer.lib.wheel : Validating RECORD
INFO     : pyproject_installer.install_cmd._install : Wheel installation root: /usr/src/tmp/python3-module-argcomplete-buildroot/usr/lib/python3/site-packages
INFO     : pyproject_installer.install_cmd._install : Extracting wheel
DEBUG    : pyproject_installer.install_cmd._install : Filtering out not allowed file: argcomplete-3.6.2.dist-info/WHEEL
DEBUG    : pyproject_installer.install_cmd._install : Filtering out not allowed file: argcomplete-3.6.2.dist-info/licenses/LICENSE.rst
DEBUG    : pyproject_installer.install_cmd._install : Filtering out not allowed file: argcomplete-3.6.2.dist-info/licenses/NOTICE
DEBUG    : pyproject_installer.install_cmd._install : Filtering out not allowed file: argcomplete-3.6.2.dist-info/RECORD
INFO     : pyproject_installer.install_cmd._install : Generating entrypoints scripts
DEBUG    : pyproject_installer.lib.scripts : Installing console script: activate-global-python-argcomplete
DEBUG    : pyproject_installer.lib.scripts : Installing console script: python-argcomplete-check-easy-install-script
DEBUG    : pyproject_installer.lib.scripts : Installing console script: register-python-argcomplete
INFO     : pyproject_installer.install_cmd._install : Wheel was installed
+ /usr/lib/rpm/brp-alt
Cleaning files in /usr/src/tmp/python3-module-argcomplete-buildroot (auto)
Verifying and fixing files in /usr/src/tmp/python3-module-argcomplete-buildroot (binconfig,pkgconfig,libtool,desktop,gnuconfig)
Checking contents of files in /usr/src/tmp/python3-module-argcomplete-buildroot/ (default)
Compressing files in /usr/src/tmp/python3-module-argcomplete-buildroot (auto)
Adjusting library links in /usr/src/tmp/python3-module-argcomplete-buildroot
./usr/lib: (from <cmdline>:0)
Verifying ELF objects in /usr/src/tmp/python3-module-argcomplete-buildroot (arch=normal,fhs=normal,lfs=relaxed,lint=relaxed,rpath=normal,stack=normal,textrel=normal,unresolved=normal)
Splitting links to aliased files under /{,s}bin in /usr/src/tmp/python3-module-argcomplete-buildroot
Bytecompiling python3 modules in /usr/src/tmp/python3-module-argcomplete-buildroot using /usr/bin/python3
compile /usr/src/tmp/python3-module-argcomplete-buildroot/usr/lib/python3/site-packages/argcomplete/packages/__init__.py
compile /usr/src/tmp/python3-module-argcomplete-buildroot/usr/lib/python3/site-packages/argcomplete/packages/_argparse.py
compile /usr/src/tmp/python3-module-argcomplete-buildroot/usr/lib/python3/site-packages/argcomplete/packages/_shlex.py
compile /usr/src/tmp/python3-module-argcomplete-buildroot/usr/lib/python3/site-packages/argcomplete/scripts/__init__.py
compile /usr/src/tmp/python3-module-argcomplete-buildroot/usr/lib/python3/site-packages/argcomplete/scripts/activate_global_python_argcomplete.py
compile /usr/src/tmp/python3-module-argcomplete-buildroot/usr/lib/python3/site-packages/argcomplete/scripts/python_argcomplete_check_easy_install_script.py
compile /usr/src/tmp/python3-module-argcomplete-buildroot/usr/lib/python3/site-packages/argcomplete/scripts/register_python_argcomplete.py
compile /usr/src/tmp/python3-module-argcomplete-buildroot/usr/lib/python3/site-packages/argcomplete/__init__.py
compile /usr/src/tmp/python3-module-argcomplete-buildroot/usr/lib/python3/site-packages/argcomplete/_check_console_script.py
compile /usr/src/tmp/python3-module-argcomplete-buildroot/usr/lib/python3/site-packages/argcomplete/_check_module.py
compile /usr/src/tmp/python3-module-argcomplete-buildroot/usr/lib/python3/site-packages/argcomplete/completers.py
compile /usr/src/tmp/python3-module-argcomplete-buildroot/usr/lib/python3/site-packages/argcomplete/exceptions.py
compile /usr/src/tmp/python3-module-argcomplete-buildroot/usr/lib/python3/site-packages/argcomplete/finders.py
compile /usr/src/tmp/python3-module-argcomplete-buildroot/usr/lib/python3/site-packages/argcomplete/io.py
compile /usr/src/tmp/python3-module-argcomplete-buildroot/usr/lib/python3/site-packages/argcomplete/lexers.py
compile /usr/src/tmp/python3-module-argcomplete-buildroot/usr/lib/python3/site-packages/argcomplete/shell_integration.py
Bytecompiling python3 modules with optimization in /usr/src/tmp/python3-module-argcomplete-buildroot using /usr/bin/python3 -O
compile /usr/src/tmp/python3-module-argcomplete-buildroot/usr/lib/python3/site-packages/argcomplete/packages/__init__.py
compile /usr/src/tmp/python3-module-argcomplete-buildroot/usr/lib/python3/site-packages/argcomplete/packages/_argparse.py
compile /usr/src/tmp/python3-module-argcomplete-buildroot/usr/lib/python3/site-packages/argcomplete/packages/_shlex.py
compile /usr/src/tmp/python3-module-argcomplete-buildroot/usr/lib/python3/site-packages/argcomplete/scripts/__init__.py
compile /usr/src/tmp/python3-module-argcomplete-buildroot/usr/lib/python3/site-packages/argcomplete/scripts/activate_global_python_argcomplete.py
compile /usr/src/tmp/python3-module-argcomplete-buildroot/usr/lib/python3/site-packages/argcomplete/scripts/python_argcomplete_check_easy_install_script.py
compile /usr/src/tmp/python3-module-argcomplete-buildroot/usr/lib/python3/site-packages/argcomplete/scripts/register_python_argcomplete.py
compile /usr/src/tmp/python3-module-argcomplete-buildroot/usr/lib/python3/site-packages/argcomplete/__init__.py
compile /usr/src/tmp/python3-module-argcomplete-buildroot/usr/lib/python3/site-packages/argcomplete/_check_console_script.py
compile /usr/src/tmp/python3-module-argcomplete-buildroot/usr/lib/python3/site-packages/argcomplete/_check_module.py
compile /usr/src/tmp/python3-module-argcomplete-buildroot/usr/lib/python3/site-packages/argcomplete/completers.py
compile /usr/src/tmp/python3-module-argcomplete-buildroot/usr/lib/python3/site-packages/argcomplete/exceptions.py
compile /usr/src/tmp/python3-module-argcomplete-buildroot/usr/lib/python3/site-packages/argcomplete/finders.py
compile /usr/src/tmp/python3-module-argcomplete-buildroot/usr/lib/python3/site-packages/argcomplete/io.py
compile /usr/src/tmp/python3-module-argcomplete-buildroot/usr/lib/python3/site-packages/argcomplete/lexers.py
compile /usr/src/tmp/python3-module-argcomplete-buildroot/usr/lib/python3/site-packages/argcomplete/shell_integration.py
Bytecompiling python3 modules with optimization-2 in /usr/src/tmp/python3-module-argcomplete-buildroot using /usr/bin/python3 -OO
compile /usr/src/tmp/python3-module-argcomplete-buildroot/usr/lib/python3/site-packages/argcomplete/packages/__init__.py
compile /usr/src/tmp/python3-module-argcomplete-buildroot/usr/lib/python3/site-packages/argcomplete/packages/_argparse.py
compile /usr/src/tmp/python3-module-argcomplete-buildroot/usr/lib/python3/site-packages/argcomplete/packages/_shlex.py
compile /usr/src/tmp/python3-module-argcomplete-buildroot/usr/lib/python3/site-packages/argcomplete/scripts/__init__.py
compile /usr/src/tmp/python3-module-argcomplete-buildroot/usr/lib/python3/site-packages/argcomplete/scripts/activate_global_python_argcomplete.py
compile /usr/src/tmp/python3-module-argcomplete-buildroot/usr/lib/python3/site-packages/argcomplete/scripts/python_argcomplete_check_easy_install_script.py
compile /usr/src/tmp/python3-module-argcomplete-buildroot/usr/lib/python3/site-packages/argcomplete/scripts/register_python_argcomplete.py
compile /usr/src/tmp/python3-module-argcomplete-buildroot/usr/lib/python3/site-packages/argcomplete/__init__.py
compile /usr/src/tmp/python3-module-argcomplete-buildroot/usr/lib/python3/site-packages/argcomplete/_check_console_script.py
compile /usr/src/tmp/python3-module-argcomplete-buildroot/usr/lib/python3/site-packages/argcomplete/_check_module.py
compile /usr/src/tmp/python3-module-argcomplete-buildroot/usr/lib/python3/site-packages/argcomplete/completers.py
compile /usr/src/tmp/python3-module-argcomplete-buildroot/usr/lib/python3/site-packages/argcomplete/exceptions.py
compile /usr/src/tmp/python3-module-argcomplete-buildroot/usr/lib/python3/site-packages/argcomplete/finders.py
compile /usr/src/tmp/python3-module-argcomplete-buildroot/usr/lib/python3/site-packages/argcomplete/io.py
compile /usr/src/tmp/python3-module-argcomplete-buildroot/usr/lib/python3/site-packages/argcomplete/lexers.py
compile /usr/src/tmp/python3-module-argcomplete-buildroot/usr/lib/python3/site-packages/argcomplete/shell_integration.py
Hardlinking identical .pyc and .opt-?.pyc files
'./usr/lib/python3/site-packages/argcomplete/__pycache__/__init__.cpython-312.opt-1.pyc' => './usr/lib/python3/site-packages/argcomplete/__pycache__/__init__.cpython-312.pyc'
'./usr/lib/python3/site-packages/argcomplete/__pycache__/__init__.cpython-312.opt-2.pyc' => './usr/lib/python3/site-packages/argcomplete/__pycache__/__init__.cpython-312.opt-1.pyc'
'./usr/lib/python3/site-packages/argcomplete/__pycache__/_check_console_script.cpython-312.opt-1.pyc' => './usr/lib/python3/site-packages/argcomplete/__pycache__/_check_console_script.cpython-312.pyc'
'./usr/lib/python3/site-packages/argcomplete/__pycache__/_check_module.cpython-312.opt-1.pyc' => './usr/lib/python3/site-packages/argcomplete/__pycache__/_check_module.cpython-312.pyc'
'./usr/lib/python3/site-packages/argcomplete/__pycache__/exceptions.cpython-312.opt-1.pyc' => './usr/lib/python3/site-packages/argcomplete/__pycache__/exceptions.cpython-312.pyc'
'./usr/lib/python3/site-packages/argcomplete/__pycache__/io.cpython-312.opt-1.pyc' => './usr/lib/python3/site-packages/argcomplete/__pycache__/io.cpython-312.pyc'
'./usr/lib/python3/site-packages/argcomplete/__pycache__/lexers.cpython-312.opt-1.pyc' => './usr/lib/python3/site-packages/argcomplete/__pycache__/lexers.cpython-312.pyc'
'./usr/lib/python3/site-packages/argcomplete/__pycache__/lexers.cpython-312.opt-2.pyc' => './usr/lib/python3/site-packages/argcomplete/__pycache__/lexers.cpython-312.opt-1.pyc'
'./usr/lib/python3/site-packages/argcomplete/__pycache__/shell_integration.cpython-312.opt-1.pyc' => './usr/lib/python3/site-packages/argcomplete/__pycache__/shell_integration.cpython-312.pyc'
'./usr/lib/python3/site-packages/argcomplete/packages/__pycache__/__init__.cpython-312.opt-1.pyc' => './usr/lib/python3/site-packages/argcomplete/packages/__pycache__/__init__.cpython-312.pyc'
'./usr/lib/python3/site-packages/argcomplete/packages/__pycache__/__init__.cpython-312.opt-2.pyc' => './usr/lib/python3/site-packages/argcomplete/packages/__pycache__/__init__.cpython-312.opt-1.pyc'
'./usr/lib/python3/site-packages/argcomplete/packages/__pycache__/_shlex.cpython-312.opt-1.pyc' => './usr/lib/python3/site-packages/argcomplete/packages/__pycache__/_shlex.cpython-312.pyc'
'./usr/lib/python3/site-packages/argcomplete/scripts/__pycache__/__init__.cpython-312.opt-1.pyc' => './usr/lib/python3/site-packages/argcomplete/scripts/__pycache__/__init__.cpython-312.pyc'
'./usr/lib/python3/site-packages/argcomplete/scripts/__pycache__/__init__.cpython-312.opt-2.pyc' => './usr/lib/python3/site-packages/argcomplete/scripts/__pycache__/__init__.cpython-312.opt-1.pyc'
'./usr/lib/python3/site-packages/argcomplete/scripts/__pycache__/register_python_argcomplete.cpython-312.opt-1.pyc' => './usr/lib/python3/site-packages/argcomplete/scripts/__pycache__/register_python_argcomplete.cpython-312.pyc'
Executing(%check): /bin/sh -e /usr/src/tmp/rpm-tmp.5146
+ umask 022
+ /bin/mkdir -p /usr/src/RPM/BUILD
+ cd /usr/src/RPM/BUILD
+ cd python3-module-argcomplete-3.6.2
+ sed -i -e '1s|#!.*python.*|#!/usr/bin/python3|' test/prog test/__init__.py test/test.py test/test_contrib_shells.py argcomplete/scripts/__init__.py argcomplete/scripts/activate_global_python_argcomplete.py argcomplete/scripts/python_argcomplete_check_easy_install_script.py argcomplete/scripts/register_python_argcomplete.py
+ sed -i -e 's|python |python3 |' test/test.py
+ export PYTHONPATH=/usr/src/tmp/python3-module-argcomplete-buildroot/usr/lib/python3/site-packages
+ PYTHONPATH=/usr/src/tmp/python3-module-argcomplete-buildroot/usr/lib/python3/site-packages
+ export PATH=/usr/src/bin:/usr/bin:/bin:/usr/local/bin:/usr/games:/usr/src/tmp/python3-module-argcomplete-buildroot/usr/bin
+ PATH=/usr/src/bin:/usr/bin:/bin:/usr/local/bin:/usr/games:/usr/src/tmp/python3-module-argcomplete-buildroot/usr/bin
+ export 'CFLAGS=-pipe -frecord-gcc-switches -Wall -g -O2 -flto=auto'
+ CFLAGS='-pipe -frecord-gcc-switches -Wall -g -O2 -flto=auto'
+ export 'CXXFLAGS=-pipe -frecord-gcc-switches -Wall -g -O2 -flto=auto'
+ CXXFLAGS='-pipe -frecord-gcc-switches -Wall -g -O2 -flto=auto'
+ export 'FFLAGS=-pipe -frecord-gcc-switches -Wall -g -O2 -flto=auto'
+ FFLAGS='-pipe -frecord-gcc-switches -Wall -g -O2 -flto=auto'
+ export NO_INTERNET=YES
+ NO_INTERNET=YES
+ /usr/bin/python3 -m pyproject_installer run -- python3 ./test/test.py -v
INFO     : Creating venv
INFO     : Installing console scripts
INFO     : Installing package: /usr/src/RPM/BUILD/python3-module-argcomplete-3.6.2/dist/argcomplete-3.6.2-py3-none-any.whl
INFO     : Running command: ['/usr/src/RPM/BUILD/python3-module-argcomplete-3.6.2/.run_venv/bin/python3', '-m', 'pyproject_installer', 'install', '/usr/src/RPM/BUILD/python3-module-argcomplete-3.6.2/dist/argcomplete-3.6.2-py3-none-any.whl']
INFO     : Running command: ['python3', './test/test.py', '-v']
test_action_activation (__main__.TestArgcomplete.test_action_activation) ... ok
test_action_activation_with_subparser (__main__.TestArgcomplete.test_action_activation_with_subparser) ... ok
test_append_space (__main__.TestArgcomplete.test_append_space) ... ok
test_basic_completion (__main__.TestArgcomplete.test_basic_completion) ... ok
test_choices (__main__.TestArgcomplete.test_choices) ... ok
test_completers (__main__.TestArgcomplete.test_completers) ... ok
test_custom_validator (__main__.TestArgcomplete.test_custom_validator) ... ok
test_default_completer (__main__.TestArgcomplete.test_default_completer) ... ok
test_different_validators (__main__.TestArgcomplete.test_different_validators) ... ok
test_directory_completion (__main__.TestArgcomplete.test_directory_completion) ... ok
test_display_completions (__main__.TestArgcomplete.test_display_completions) ... ok
test_display_completions_with_aliases (__main__.TestArgcomplete.test_display_completions_with_aliases) ... ok
test_escape_special_chars (__main__.TestArgcomplete.test_escape_special_chars) ... ok
test_exclusive (__main__.TestArgcomplete.test_exclusive) ... ok
test_exclusive_class (__main__.TestArgcomplete.test_exclusive_class) ... ok
test_file_completion (__main__.TestArgcomplete.test_file_completion) ... ok
test_filescompleter_filetype_integration (__main__.TestArgcomplete.test_filescompleter_filetype_integration) ... ok
test_mixed_optional_positional (__main__.TestArgcomplete.test_mixed_optional_positional) ... ok
test_nargs_one_or_more (__main__.TestArgcomplete.test_nargs_one_or_more) ... ok
test_nargs_optional (__main__.TestArgcomplete.test_nargs_optional) ... ok
test_nargs_zero_or_more (__main__.TestArgcomplete.test_nargs_zero_or_more) ... ok
test_non_ascii (__main__.TestArgcomplete.test_non_ascii) ... ok
test_non_str_choices (__main__.TestArgcomplete.test_non_str_choices) ... ok
test_option_help (__main__.TestArgcomplete.test_option_help) ... ok
test_optional_long_short_filtering (__main__.TestArgcomplete.test_optional_long_short_filtering) ... ok
test_optional_nargs (__main__.TestArgcomplete.test_optional_nargs) ... ok
test_positional_remainder (__main__.TestArgcomplete.test_positional_remainder) ... ok
test_readline_entry_point (__main__.TestArgcomplete.test_readline_entry_point) ... ok
test_shellcode_utility (__main__.TestArgcomplete.test_shellcode_utility) ... ok
test_skipped_completer (__main__.TestArgcomplete.test_skipped_completer) ... ok
test_subparser_completers (__main__.TestArgcomplete.test_subparser_completers) ... ok
test_subparsers (__main__.TestArgcomplete.test_subparsers) ... ok
test_suppress_args (__main__.TestArgcomplete.test_suppress_args) ... ok
test_suppress_completer (__main__.TestArgcomplete.test_suppress_completer) ... ok
test_repl_multiple_complete (__main__.TestArgcompleteREPL.test_repl_multiple_complete) ... ok
test_repl_parse_after_complete (__main__.TestArgcompleteREPL.test_repl_parse_after_complete) ... usage: test.py [-h] --foo FOO {bar}
test.py: error: too few arguments
usage: test.py [-h] --foo FOO {bar}
test.py: error: argument --foo is required
ok
test_repl_reuse_parser_with_positional (__main__.TestArgcompleteREPL.test_repl_reuse_parser_with_positional) ... ok
test_repl_subcommand (__main__.TestArgcompleteREPL.test_repl_subcommand) ... ok
test_repl_subparser_parse_after_complete (__main__.TestArgcompleteREPL.test_repl_subparser_parse_after_complete) ... usage: test.py foo [-h] {bar}
test.py foo: error: too few arguments
ok
test_comp_point (__main__.TestBash.test_comp_point) ... ok
test_completion_environment (__main__.TestBash.test_completion_environment) ... ok
test_continuation (__main__.TestBash.test_continuation) ... ok
test_debug_output (__main__.TestBash.test_debug_output) ... ok
test_double_quoted_completion (__main__.TestBash.test_double_quoted_completion) ... ok
test_exclamation_in_double_quotes (__main__.TestBash.test_exclamation_in_double_quotes) ... expected failure
test_nounset (__main__.TestBash.test_nounset) ... ok
test_one_space_after_exact (__main__.TestBash.test_one_space_after_exact)
Test exactly one space is appended after an exact match. ... ok
test_parse_special_characters (__main__.TestBash.test_parse_special_characters) ... ok
test_parse_special_characters_dollar (__main__.TestBash.test_parse_special_characters_dollar) ... expected failure
test_partial_completion (__main__.TestBash.test_partial_completion) ... ok
test_quoted_exact (__main__.TestBash.test_quoted_exact) ... ok
test_quoted_space (__main__.TestBash.test_quoted_space) ... ok
test_quotes (__main__.TestBash.test_quotes) ... ok
test_simple_completion (__main__.TestBash.test_simple_completion) ... ok
test_single_quoted_completion (__main__.TestBash.test_single_quoted_completion) ... ok
test_single_quotes_in_double_quotes (__main__.TestBash.test_single_quotes_in_double_quotes) ... ok
test_single_quotes_in_single_quotes (__main__.TestBash.test_single_quotes_in_single_quotes) ... ok
test_special_characters (__main__.TestBash.test_special_characters) ... ok
test_special_characters_double_quoted (__main__.TestBash.test_special_characters_double_quoted) ... ok
test_special_characters_single_quoted (__main__.TestBash.test_special_characters_single_quoted) ... ok
test_temp_file (__main__.TestBash.test_temp_file) ... skipped ''
test_unquoted_space (__main__.TestBash.test_unquoted_space) ... ok
test_wordbreak_chars (__main__.TestBash.test_wordbreak_chars) ... ok
test_comp_point (__main__.TestBashGlobal.test_comp_point) ... ok
test_completion_environment (__main__.TestBashGlobal.test_completion_environment) ... ok
test_console_script_module (__main__.TestBashGlobal.test_console_script_module)
Test completing a console_script for a module. ... ok
test_console_script_module_wheel (__main__.TestBashGlobal.test_console_script_module_wheel)
Test completing a console_script for a module from a wheel. ... ok
test_console_script_package (__main__.TestBashGlobal.test_console_script_package)
Test completing a console_script for a package. ... ok
test_console_script_package_wheel (__main__.TestBashGlobal.test_console_script_package_wheel)
Test completing a console_script for a package from a wheel. ... ok
test_continuation (__main__.TestBashGlobal.test_continuation) ... ok
test_debug_output (__main__.TestBashGlobal.test_debug_output) ... ok
test_double_quoted_completion (__main__.TestBashGlobal.test_double_quoted_completion) ... ok
test_exclamation_in_double_quotes (__main__.TestBashGlobal.test_exclamation_in_double_quotes) ... expected failure
test_nounset (__main__.TestBashGlobal.test_nounset) ... ok
test_one_space_after_exact (__main__.TestBashGlobal.test_one_space_after_exact)
Test exactly one space is appended after an exact match. ... ok
test_parse_special_characters (__main__.TestBashGlobal.test_parse_special_characters) ... ok
test_parse_special_characters_dollar (__main__.TestBashGlobal.test_parse_special_characters_dollar) ... FAIL
test_partial_completion (__main__.TestBashGlobal.test_partial_completion) ... ok
test_python_completion (__main__.TestBashGlobal.test_python_completion) ... ok
test_python_filename_completion (__main__.TestBashGlobal.test_python_filename_completion) ... ok
test_python_module (__main__.TestBashGlobal.test_python_module)
Test completing a module run with python3 -m. ... ok
test_python_not_executable (__main__.TestBashGlobal.test_python_not_executable)
Test completing a script that cannot be run directly. ... ok
test_python_stuck (__main__.TestBashGlobal.test_python_stuck) ... ok
test_quoted_exact (__main__.TestBashGlobal.test_quoted_exact) ... ok
test_quoted_space (__main__.TestBashGlobal.test_quoted_space) ... ok
test_quotes (__main__.TestBashGlobal.test_quotes) ... ok
test_redirection_completion (__main__.TestBashGlobal.test_redirection_completion) ... ok
test_simple_completion (__main__.TestBashGlobal.test_simple_completion) ... ok
test_single_quoted_completion (__main__.TestBashGlobal.test_single_quoted_completion) ... ok
test_single_quotes_in_double_quotes (__main__.TestBashGlobal.test_single_quotes_in_double_quotes) ... ok
test_single_quotes_in_single_quotes (__main__.TestBashGlobal.test_single_quotes_in_single_quotes) ... ok
test_special_characters (__main__.TestBashGlobal.test_special_characters) ... ok
test_special_characters_double_quoted (__main__.TestBashGlobal.test_special_characters_double_quoted) ... ok
test_special_characters_single_quoted (__main__.TestBashGlobal.test_special_characters_single_quoted) ... ok
test_temp_file (__main__.TestBashGlobal.test_temp_file) ... skipped ''
test_unquoted_space (__main__.TestBashGlobal.test_unquoted_space) ... ok
test_wordbreak_chars (__main__.TestBashGlobal.test_wordbreak_chars) ... ok
test_module (__main__.TestCheckModule.test_module) ... ok
test_not_package (__main__.TestCheckModule.test_not_package) ... ok
test_package (__main__.TestCheckModule.test_package) ... ok
test_package_main (__main__.TestCheckModule.test_package_main) ... ok
test_subpackage (__main__.TestCheckModule.test_subpackage) ... ok
test_escaped_special (__main__.TestSplitLine.test_escaped_special) ... ok
test_escaped_special_in_double_quotes (__main__.TestSplitLine.test_escaped_special_in_double_quotes) ... expected failure
test_last_wordbreak_pos (__main__.TestSplitLine.test_last_wordbreak_pos) ... ok
test_punctuation (__main__.TestSplitLine.test_punctuation) ... ok
test_simple (__main__.TestSplitLine.test_simple) ... ok
test_unescaped_special (__main__.TestSplitLine.test_unescaped_special) ... ok
test_comp_point (__main__.TestZsh.test_comp_point) ... skipped 'skip'
test_completion_environment (__main__.TestZsh.test_completion_environment) ... skipped 'skip'
test_continuation (__main__.TestZsh.test_continuation) ... ok
test_double_quoted_completion (__main__.TestZsh.test_double_quoted_completion) ... ok
test_exclamation_in_double_quotes (__main__.TestZsh.test_exclamation_in_double_quotes) ... ok
test_parse_special_characters (__main__.TestZsh.test_parse_special_characters) ... skipped 'skip'
test_parse_special_characters_dollar (__main__.TestZsh.test_parse_special_characters_dollar) ... skipped 'skip'
test_partial_completion (__main__.TestZsh.test_partial_completion) ... ok
test_quoted_exact (__main__.TestZsh.test_quoted_exact) ... ok
test_quoted_space (__main__.TestZsh.test_quoted_space) ... ok
test_quotes (__main__.TestZsh.test_quotes) ... ok
test_simple_completion (__main__.TestZsh.test_simple_completion) ... ok
test_single_quoted_completion (__main__.TestZsh.test_single_quoted_completion) ... ok
test_single_quotes_in_double_quotes (__main__.TestZsh.test_single_quotes_in_double_quotes) ... ok
test_single_quotes_in_single_quotes (__main__.TestZsh.test_single_quotes_in_single_quotes) ... ok
test_special_characters (__main__.TestZsh.test_special_characters) ... ok
test_special_characters_double_quoted (__main__.TestZsh.test_special_characters_double_quoted) ... ok
test_special_characters_single_quoted (__main__.TestZsh.test_special_characters_single_quoted) ... ok
test_unquoted_space (__main__.TestZsh.test_unquoted_space) ... ok
test_wordbreak_chars (__main__.TestZsh.test_wordbreak_chars) ... ok
test_comp_point (__main__.TestZshGlobalExplicit.test_comp_point) ... skipped 'skip'
test_completion_environment (__main__.TestZshGlobalExplicit.test_completion_environment) ... skipped 'skip'
test_console_script_module (__main__.TestZshGlobalExplicit.test_console_script_module)
Test completing a console_script for a module. ... ok
test_console_script_module_wheel (__main__.TestZshGlobalExplicit.test_console_script_module_wheel)
Test completing a console_script for a module from a wheel. ... ok
test_console_script_package (__main__.TestZshGlobalExplicit.test_console_script_package)
Test completing a console_script for a package. ... ok
test_console_script_package_wheel (__main__.TestZshGlobalExplicit.test_console_script_package_wheel)
Test completing a console_script for a package from a wheel. ... ok
test_continuation (__main__.TestZshGlobalExplicit.test_continuation) ... ok
test_double_quoted_completion (__main__.TestZshGlobalExplicit.test_double_quoted_completion) ... ok
test_exclamation_in_double_quotes (__main__.TestZshGlobalExplicit.test_exclamation_in_double_quotes) ... ok
test_parse_special_characters (__main__.TestZshGlobalExplicit.test_parse_special_characters) ... skipped 'skip'
test_parse_special_characters_dollar (__main__.TestZshGlobalExplicit.test_parse_special_characters_dollar) ... skipped 'skip'
test_partial_completion (__main__.TestZshGlobalExplicit.test_partial_completion) ... ok
test_python_completion (__main__.TestZshGlobalExplicit.test_python_completion) ... ok
test_python_filename_completion (__main__.TestZshGlobalExplicit.test_python_filename_completion) ... ok
test_python_module (__main__.TestZshGlobalExplicit.test_python_module)
Test completing a module run with python3 -m. ... ok
test_python_not_executable (__main__.TestZshGlobalExplicit.test_python_not_executable)
Test completing a script that cannot be run directly. ... ok
test_python_stuck (__main__.TestZshGlobalExplicit.test_python_stuck) ... ok
test_quoted_exact (__main__.TestZshGlobalExplicit.test_quoted_exact) ... ok
test_quoted_space (__main__.TestZshGlobalExplicit.test_quoted_space) ... ok
test_quotes (__main__.TestZshGlobalExplicit.test_quotes) ... ok
test_redirection_completion (__main__.TestZshGlobalExplicit.test_redirection_completion) ... ok
test_simple_completion (__main__.TestZshGlobalExplicit.test_simple_completion) ... ok
test_single_quoted_completion (__main__.TestZshGlobalExplicit.test_single_quoted_completion) ... ok
test_single_quotes_in_double_quotes (__main__.TestZshGlobalExplicit.test_single_quotes_in_double_quotes) ... ok
test_single_quotes_in_single_quotes (__main__.TestZshGlobalExplicit.test_single_quotes_in_single_quotes) ... ok
test_special_characters (__main__.TestZshGlobalExplicit.test_special_characters) ... ok
test_special_characters_double_quoted (__main__.TestZshGlobalExplicit.test_special_characters_double_quoted) ... ok
test_special_characters_single_quoted (__main__.TestZshGlobalExplicit.test_special_characters_single_quoted) ... ok
test_unquoted_space (__main__.TestZshGlobalExplicit.test_unquoted_space) ... ok
test_wordbreak_chars (__main__.TestZshGlobalExplicit.test_wordbreak_chars) ... ok
test_comp_point (__main__.TestZshGlobalImplicit.test_comp_point) ... skipped 'skip'
test_completion_environment (__main__.TestZshGlobalImplicit.test_completion_environment) ... skipped 'skip'
test_console_script_module (__main__.TestZshGlobalImplicit.test_console_script_module)
Test completing a console_script for a module. ... ok
test_console_script_module_wheel (__main__.TestZshGlobalImplicit.test_console_script_module_wheel)
Test completing a console_script for a module from a wheel. ... ok
test_console_script_package (__main__.TestZshGlobalImplicit.test_console_script_package)
Test completing a console_script for a package. ... ok
test_console_script_package_wheel (__main__.TestZshGlobalImplicit.test_console_script_package_wheel)
Test completing a console_script for a package from a wheel. ... ok
test_continuation (__main__.TestZshGlobalImplicit.test_continuation) ... ok
test_double_quoted_completion (__main__.TestZshGlobalImplicit.test_double_quoted_completion) ... ok
test_exclamation_in_double_quotes (__main__.TestZshGlobalImplicit.test_exclamation_in_double_quotes) ... ok
test_parse_special_characters (__main__.TestZshGlobalImplicit.test_parse_special_characters) ... skipped 'skip'
test_parse_special_characters_dollar (__main__.TestZshGlobalImplicit.test_parse_special_characters_dollar) ... skipped 'skip'
test_partial_completion (__main__.TestZshGlobalImplicit.test_partial_completion) ... ok
test_python_completion (__main__.TestZshGlobalImplicit.test_python_completion) ... ok
test_python_filename_completion (__main__.TestZshGlobalImplicit.test_python_filename_completion) ... ok
test_python_module (__main__.TestZshGlobalImplicit.test_python_module)
Test completing a module run with python3 -m. ... ok
test_python_not_executable (__main__.TestZshGlobalImplicit.test_python_not_executable)
Test completing a script that cannot be run directly. ... ok
test_python_stuck (__main__.TestZshGlobalImplicit.test_python_stuck) ... ok
test_quoted_exact (__main__.TestZshGlobalImplicit.test_quoted_exact) ... ok
test_quoted_space (__main__.TestZshGlobalImplicit.test_quoted_space) ... ok
test_quotes (__main__.TestZshGlobalImplicit.test_quotes) ... ok
test_redirection_completion (__main__.TestZshGlobalImplicit.test_redirection_completion) ... ok
test_simple_completion (__main__.TestZshGlobalImplicit.test_simple_completion) ... ok
test_single_quoted_completion (__main__.TestZshGlobalImplicit.test_single_quoted_completion) ... ok
test_single_quotes_in_double_quotes (__main__.TestZshGlobalImplicit.test_single_quotes_in_double_quotes) ... ok
test_single_quotes_in_single_quotes (__main__.TestZshGlobalImplicit.test_single_quotes_in_single_quotes) ... ok
test_special_characters (__main__.TestZshGlobalImplicit.test_special_characters) ... ok
test_special_characters_double_quoted (__main__.TestZshGlobalImplicit.test_special_characters_double_quoted) ... ok
test_special_characters_single_quoted (__main__.TestZshGlobalImplicit.test_special_characters_single_quoted) ... ok
test_unquoted_space (__main__.TestZshGlobalImplicit.test_unquoted_space) ... ok
test_wordbreak_chars (__main__.TestZshGlobalImplicit.test_wordbreak_chars) ... ok
test_warn (__main__.Warn.test_warn) ... ok

======================================================================
FAIL: test_parse_special_characters_dollar (__main__.TestBashGlobal.test_parse_special_characters_dollar)
----------------------------------------------------------------------
Traceback (most recent call last):
  File "/usr/src/RPM/BUILD/python3-module-argcomplete-3.6.2/./test/test.py", line 1163, in tearDown
    with self.assertRaises((pexpect.EOF, OSError)):
         ^^^^^^^^^^^^^^^^^^^^^^^^^^^^^^^^^^^^^^^^^
AssertionError: (<class 'pexpect.exceptions.EOF'>, <class 'OSError'>) not raised

----------------------------------------------------------------------
Ran 189 tests in 130.278s

FAILED (failures=1, skipped=14, expected failures=4)
INFO     : Command's result: FAILURE
INFO     : Command's error: Command '['python3', './test/test.py', '-v']' returned non-zero exit status 1.
error: Bad exit status from /usr/src/tmp/rpm-tmp.5146 (%check)


RPM build errors:
    Bad exit status from /usr/src/tmp/rpm-tmp.5146 (%check)
Command exited with non-zero status 1
33.19user 11.20system 2:12.20elapsed 33%CPU (0avgtext+0avgdata 43332maxresident)k
0inputs+0outputs (0major+1974237minor)pagefaults 0swaps
hsh-rebuild: rebuild of `python3-module-argcomplete-3.6.2-alt1.src.rpm' failed.
Command exited with non-zero status 1
4.88user 3.49system 2:27.15elapsed 5%CPU (0avgtext+0avgdata 141980maxresident)k
5792inputs+0outputs (0major+365594minor)pagefaults 0swaps
