<86>May 16 04:52:27 userdel[1509339]: delete user 'rooter'
<86>May 16 04:52:27 userdel[1509339]: removed group 'rooter' owned by 'rooter'
<86>May 16 04:52:27 userdel[1509339]: removed shadow group 'rooter' owned by 'rooter'
<86>May 16 04:52:27 groupadd[1509346]: group added to /etc/group: name=rooter, GID=1226
<86>May 16 04:52:27 groupadd[1509346]: group added to /etc/gshadow: name=rooter
<86>May 16 04:52:27 groupadd[1509346]: new group: name=rooter, GID=1226
<86>May 16 04:52:27 useradd[1509352]: new user: name=rooter, UID=1226, GID=1226, home=/root, shell=/bin/bash, from=none
<86>May 16 04:52:27 userdel[1509363]: delete user 'builder'
<86>May 16 04:52:27 userdel[1509363]: removed group 'builder' owned by 'builder'
<86>May 16 04:52:27 groupadd[1509370]: group added to /etc/group: name=builder, GID=1227
<86>May 16 04:52:27 groupadd[1509370]: group added to /etc/gshadow: name=builder
<86>May 16 04:52:27 groupadd[1509370]: new group: name=builder, GID=1227
<86>May 16 04:52:27 useradd[1509376]: new user: name=builder, UID=1227, GID=1227, home=/usr/src, shell=/bin/bash, from=none
<13>May 16 04:52:31 rpmi: libmpdec3-2.5.1-alt3 sisyphus+314490.500.5.1 1675432004 installed
<13>May 16 04:52:31 rpmi: libgdbm-1.8.3-alt10 sisyphus+346222.200.3.2 1716468404 installed
<13>May 16 04:52:32 rpmi: libexpat-2.7.1-alt1 sisyphus+379929.100.1.1 1743519381 installed
<13>May 16 04:52:32 rpmi: openssl-config-3.2.0-alt1 sisyphus+366659.140.4.1 1736956949 installed
<13>May 16 04:52:32 rpmi: libb2-0.98.1-alt1_1 sisyphus+291614.100.1.1 1638962877 installed
<13>May 16 04:52:32 rpmi: libp11-kit-1:0.25.5-alt1 sisyphus+352553.100.1.1 1720622573 installed
<13>May 16 04:52:32 rpmi: libtasn1-4.20.0-alt2 sisyphus+375829.100.1.1 1740299335 installed
<13>May 16 04:52:32 rpmi: rpm-macros-alternatives-0.5.3-alt1 sisyphus+371878.100.1.1 1737988822 installed
<13>May 16 04:52:32 rpmi: alternatives-0.5.3-alt1 sisyphus+371878.100.1.1 1737988822 installed
<13>May 16 04:52:32 rpmi: ca-certificates-2025.05.12-alt1 sisyphus+383903.200.2.1 1747060316 installed
<13>May 16 04:52:32 rpmi: ca-trust-0.2.0-alt1 sisyphus+344843.100.1.1 1712743326 installed
<13>May 16 04:52:32 rpmi: p11-kit-trust-1:0.25.5-alt1 sisyphus+352553.100.1.1 1720622573 installed
<13>May 16 04:52:32 rpmi: libcrypto3-3.3.3-alt1 sisyphus+374381.40.2.1 1739299401 installed
<13>May 16 04:52:32 rpmi: libssl3-3.3.3-alt1 sisyphus+374381.40.2.1 1739299401 installed
<13>May 16 04:52:32 rpmi: python3-3.12.10-alt1 sisyphus+381757.100.1.1 1744802808 installed
<13>May 16 04:52:33 rpmi: python3-base-3.12.10-alt1 sisyphus+381757.100.1.1 1744802808 installed
<13>May 16 04:52:33 rpmi: python3-module-py3dephell-0.3.1-alt1 sisyphus+365261.200.1.1 1734463433 installed
<13>May 16 04:52:33 rpmi: tests-for-installed-python3-pkgs-0.1.28-alt1 sisyphus+375953.100.2.1 1740855713 installed
<13>May 16 04:52:33 rpmi: rpm-build-python3-0.1.28-alt1 sisyphus+375953.100.2.1 1740855713 installed
<13>May 16 04:52:35 rpmi: python3-module-attrs-25.3.0-alt1 sisyphus+378700.100.1.1 1742472992 installed
<13>May 16 04:52:35 rpmi: python3-module-zope.interface-7.2-alt1.1 sisyphus+376369.21500.10.1 1746631801 installed
<13>May 16 04:52:35 rpmi: python3-module-idna-3.10-alt1 sisyphus+358681.100.1.1 1727701241 installed
<13>May 16 04:52:35 rpmi: python3-module-packaging-25.0-alt1 sisyphus+382195.100.1.1 1745223121 installed
<13>May 16 04:52:35 rpmi: python3-module-more-itertools-10.6.0-alt1 sisyphus+369595.100.2.1 1737017267 installed
<13>May 16 04:52:35 rpmi: python3-module-jaraco.functools-4.1.0-alt1.1 sisyphus+376369.24200.10.1 1746632566 installed
<13>May 16 04:52:35 rpmi: python3-module-click-8.1.8-alt1 sisyphus+366297.100.1.1 1734946237 installed
<13>May 16 04:52:35 rpmi: python3-module-sortedcontainers-2.4.0-alt1 sisyphus+272042.100.1.1 1621262424 installed
<13>May 16 04:52:35 rpmi: python3-module-propcache-0.2.1-alt1 sisyphus+369528.100.1.1 1736868993 installed
<13>May 16 04:52:35 rpmi: python3-module-multidict-6.4.3-alt1 sisyphus+381313.100.1.1 1744375526 installed
<13>May 16 04:52:35 rpmi: python3-module-frozenlist-1.5.0-alt1 sisyphus+362047.100.1.1 1731079173 installed
<13>May 16 04:52:35 rpmi: python3-module-platformdirs-4.3.7-alt1 sisyphus+378659.100.2.1 1742562597 installed
<13>May 16 04:52:36 rpmi: libopenblas-0.3.29-alt2 sisyphus+373279.100.1.1 1738760159 installed
<13>May 16 04:52:36 rpmi: libcares-1.34.5-alt1 sisyphus+381066.100.1.1 1744213475 installed
<13>May 16 04:52:36 rpmi: python3-module-aiosignal-1.3.2-alt1 sisyphus+369480.100.1.1 1736854528 installed
<13>May 16 04:52:36 rpmi: python3-module-yarl-1.18.3-alt1 sisyphus+369529.100.2.1 1736876451 installed
<13>May 16 04:52:36 rpmi: python3-module-incremental-22.10.0-alt1 sisyphus+312706.100.1.1 1672404273 installed
<13>May 16 04:52:36 rpmi: python3-module-hyperlink-21.0.0-alt1.1 sisyphus+304836.100.1.1 1659710964 installed
<13>May 16 04:52:36 rpmi: python3-module-outcome-1.3.0-alt1 sisyphus+332382.100.1.1 1697882349 installed
<13>May 16 04:52:36 rpmi: python3-module-urllib3-2:2.4.0-alt1 sisyphus+381271.100.2.1 1744618213 installed
<13>May 16 04:52:36 rpmi: python3-module-pytz-1:2025.2-alt1 sisyphus+379213.100.2.1 1742985453 installed
<13>May 16 04:52:36 rpmi: python3-module-pluggy-1.5.0-alt1 sisyphus+345632.100.2.1 1713864244 installed
<13>May 16 04:52:36 rpmi: python3-module-iniconfig-2.1.0-alt1 sisyphus+378658.100.2.1 1742493599 installed
<13>May 16 04:52:36 rpmi: python3-module-pytest-8.3.5-alt2 sisyphus+383865.100.1.1 1747039699 installed
<13>May 16 04:52:36 rpmi: python3-module-lark-1.2.2-alt1 sisyphus+358322.100.1.1 1727258177 installed
<13>May 16 04:52:36 rpmi: python3-module-sqlparse-0.5.3-alt1 sisyphus+367438.100.1.1 1735561443 installed
<13>May 16 04:52:36 rpmi: python3-module-markupsafe-1:3.0.2-alt1 sisyphus+360209.100.1.1 1729323052 installed
<13>May 16 04:52:36 rpmi: python3-module-jinja2-3.1.6-alt1 sisyphus+377889.1500.2.1 1742249941 installed
<13>May 16 04:52:36 rpmi: python3-module-six-1.17.0-alt1.1 sisyphus+373470.100.1.1 1738920023 installed
<13>May 16 04:52:36 rpmi: python3-module-dateutil-2.9.0.post0-alt1 sisyphus+378451.100.1.1 1742313746 installed
<13>May 16 04:52:36 rpmi: python3-module-charset-normalizer-3.2.0-alt1 sisyphus+347396.200.2.1 1714733155 installed
<13>May 16 04:52:36 rpmi: python3-module-requests-2.32.3-alt1 sisyphus+349946.100.1.1 1717059877 installed
<13>May 16 04:52:36 rpmi: python3-module-pathspec-0.12.1-alt1 sisyphus+341971.100.1.1 1709553025 installed
<13>May 16 04:52:36 rpmi: python3-module-mypy_extensions-1.0.0-alt1 sisyphus+316350.100.2.1 1678357948 installed
<13>May 16 04:52:36 rpmi: python3-module-asgiref-3.8.1-alt1 sisyphus+372174.1500.2.1 1738333633 installed
<13>May 16 04:52:36 rpmi: python3-module-typing_extensions-4.13.2-alt1 sisyphus+381315.100.1.1 1744375640 installed
<13>May 16 04:52:36 rpmi: python3-module-priority-2.0.0-alt3 sisyphus+338701.100.1.2 1705988383 installed
<13>May 16 04:52:36 rpmi: python3-module-hpack-4.0.0-alt1 sisyphus+270376.200.1.1 1618956626 installed
<13>May 16 04:52:36 rpmi: python3-module-hyperframe-6.0.1-alt1 sisyphus+270376.300.2.1 1618957001 installed
<13>May 16 04:52:36 rpmi: python3-module-h2-4.1.0-alt1 sisyphus+325714.100.2.2 1690478873 installed
<13>May 16 04:52:36 rpmi: python3-module-constantly-15.1.0-alt7 sisyphus+338906.100.1.1 1706107088 installed
<13>May 16 04:52:36 rpmi: python3-module-appdirs-1.4.4-alt2 sisyphus+359005.100.1.1 1728036426 installed
<13>May 16 04:52:36 rpmi: python3-module-certifi-2024.12.14-alt1 sisyphus+369729.200.2.2 1737050219 installed
<13>May 16 04:52:36 rpmi: python3-module-z3c-3.0.0-alt4 sisyphus+284857.200.1.1 1631109149 installed
<13>May 16 04:52:36 rpmi: python3-module-zc-1.0.0-alt7 sisyphus+284857.100.1.1 1631109117 installed
<13>May 16 04:52:36 rpmi: python3-module-zope-3.3.0-alt9 sisyphus+281937.200.4.1 1628175900 installed
<13>May 16 04:52:36 rpmi: python3-module-zope.event-5.0-alt1.1.1 sisyphus+376369.20700.10.1 1746631591 installed
<13>May 16 04:52:36 rpmi: python3-module-psutil-7.0.0-alt1 sisyphus+378483.100.1.1 1742330008 installed
<13>May 16 04:52:36 rpmi: python3-module-objgraph-3.6.2-alt1 sisyphus+359468.100.1.1 1728573508 installed
<13>May 16 04:52:36 rpmi: python3-module-greenlet-3.2.2-alt1 sisyphus+383924.100.1.2 1747067810 installed
<13>May 16 04:52:36 rpmi: python3-module-sniffio-1.3.1-alt1 sisyphus+341424.100.1.1 1708941879 installed
<13>May 16 04:52:36 rpmi: python3-module-astor-0.8.1-alt1.1 sisyphus+315877.100.1.1 1677481862 installed
<13>May 16 04:52:36 rpmi: python3-module-pycparser-2.22-alt1 sisyphus+378485.100.1.1 1742331206 installed
<13>May 16 04:52:36 rpmi: python3-module-cffi-1.17.1-alt1 sisyphus+357396.100.1.1 1726156476 installed
<13>May 16 04:52:36 rpmi: python3-module-cryptography-44.0.0-alt1 sisyphus+368451.100.1.1 1736436050 installed
<13>May 16 04:52:36 rpmi: python3-module-openssl-24.3.0-alt1 sisyphus+368451.200.1.1 1736436083 installed
<13>May 16 04:52:36 rpmi: python3-module-redis-py-4.5.5-alt1.1 sisyphus+332415.100.1.1 1697904078 installed
<13>May 16 04:52:36 rpmi: python3-module-trio-0.30.0-alt1 sisyphus+383467.100.1.2 1746556155 installed
<13>May 16 04:52:37 rpmi: python3-module-dns-1:2.6.1-alt1 sisyphus+341811.20.3.1 1709382170 installed
<13>May 16 04:52:37 rpmi: python3-module-pycares-4.8.0-alt1 sisyphus+383444.100.1.1 1746542991 installed
<13>May 16 04:52:37 rpmi: python3-module-aiohappyeyeballs-2.4.4-alt1 sisyphus+369620.100.1.1 1736938218 installed
<13>May 16 04:52:37 rpmi: python3-module-wheel-0.45.1-alt3 sisyphus+384059.500.2.1 1747240259 installed
<13>May 16 04:52:37 rpmi: python3-module-jaraco.context-6.0.1-alt1.1 sisyphus+376369.6200.10.1 1746628448 installed
<13>May 16 04:52:37 rpmi: python3-module-autocommand-2.2.2-alt1.1 sisyphus+339714.100.1.1 1706968174 installed
<13>May 16 04:52:37 rpmi: python3-module-jaraco.text-4.0.0-alt1.1 sisyphus+376369.7300.10.1 1746628739 installed
<13>May 16 04:52:37 rpmi: python3-module-pkg_resources-1:80.4.0-alt1 sisyphus+384059.100.2.1 1747240150 installed
<13>May 16 04:52:37 rpmi: python3-module-openid-3.2.0-alt1 sisyphus+278049.100.2.1 1625998936 installed
<13>May 16 04:52:37 rpmi: python3-module-Cheetah-3.4.0-alt1.1.1 sisyphus+376369.27100.10.1 1746633546 installed
<13>May 16 04:52:37 rpmi: python3-module-paste-3.10.1-alt1.1 sisyphus+376369.11500.10.1 1746629504 installed
<13>May 16 04:52:37 rpmi: python3-module-PasteDeploy-1:3.1.0-alt1.1 sisyphus+376369.26200.10.1 1746633333 installed
<13>May 16 04:52:37 rpmi: python3-module-PasteScript-1:3.7.0-alt1.1 sisyphus+376369.24300.10.1 1746632597 installed
<13>May 16 04:52:37 rpmi: libyaml2-0.2.5-alt1 sisyphus+278391.100.1.1 1626094928 installed
<13>May 16 04:52:37 rpmi: python3-module-yaml-6.0.2-alt1.1 sisyphus+376369.16600.10.1 1746631034 installed
<13>May 16 04:52:37 rpmi: python3-module-libcst-1.7.0-alt1 sisyphus+377931.100.1.1 1741945033 installed
<13>May 16 04:52:37 rpmi: libuv-1.50.0-alt1 sisyphus+377760.100.1.1 1741795923 installed
<13>May 16 04:52:37 rpmi: libpython3-3.12.10-alt1 sisyphus+381757.100.1.1 1744802808 installed
<13>May 16 04:52:37 rpmi: libncurses6-6.3.20220618-alt4 sisyphus+327286.4600.14.1 1711486705 installed
<13>May 16 04:52:37 rpmi: libtinfo-devel-6.3.20220618-alt4 sisyphus+327286.4600.14.1 1711486705 installed
<13>May 16 04:52:37 rpmi: libncurses-devel-6.3.20220618-alt4 sisyphus+327286.4600.14.1 1711486705 installed
<13>May 16 04:52:38 rpmi: python3-dev-3.12.10-alt1 sisyphus+381757.100.1.1 1744802808 installed
<13>May 16 04:52:38 rpmi: openldap-common-2.6.9-alt2 sisyphus+367501.300.4.1 1735841751 installed
<13>May 16 04:52:38 rpmi: libverto-0.3.2-alt1_1 sisyphus+321176.2200.10.2 1684803947 installed
<13>May 16 04:52:38 rpmi: liblmdb-0.9.33-alt1 sisyphus+360625.100.1.1 1729819640 installed
<13>May 16 04:52:39 rpmi: libxblas-1.0.248-alt2 sisyphus+285045.40.2.1 1631388330 installed
<13>May 16 04:52:39 rpmi: libkeyutils-1.6.3-alt1 sisyphus+346336.200.2.2 1716472658 installed
<13>May 16 04:52:39 rpmi: libusb-1.0.27-alt1 sisyphus+347412.100.1.1 1714739651 installed
<13>May 16 04:52:39 rpmi: libhidapi-0.14.0-alt1 sisyphus+378183.100.1.1 1742067545 installed
<13>May 16 04:52:39 rpmi: python3-module-cython-hidapi-0.14.0-alt1.1 sisyphus+333513.54340.73.1 1704651867 installed
<13>May 16 04:52:39 rpmi: python3-module-serial-3.5-alt3 sisyphus+360600.100.2.1 1729786231 installed
<13>May 16 04:52:39 rpmi: python3-module-automat-25.4.16-alt1.1 sisyphus+376369.25200.10.1 1746633028 installed
<13>May 16 04:52:39 rpmi: python3-module-twisted-logger-24.11.0-alt2 sisyphus+376609.40.2.1 1740866761 installed
<13>May 16 04:52:39 rpmi: python3-module-twisted-web-24.11.0-alt2 sisyphus+376609.40.2.1 1740866761 installed
<13>May 16 04:52:39 rpmi: python3-module-twisted-words-24.11.0-alt2 sisyphus+376609.40.2.1 1740866761 installed
<13>May 16 04:52:39 rpmi: python3-module-twisted-core-24.11.0-alt2 sisyphus+376609.40.2.1 1740866761 installed
<13>May 16 04:52:39 rpmi: python3-module-twisted-names-24.11.0-alt2 sisyphus+376609.40.2.1 1740866761 installed
<13>May 16 04:52:39 rpmi: python3-module-tornado-6.4.2-alt1 sisyphus+363445.100.1.1 1732635491 installed
<13>May 16 04:52:39 rpmi: libquadmath0-14.2.1-alt1 sisyphus+360995.100.1.1 1730131018 installed
<13>May 16 04:52:39 rpmi: libgfortran5-14.2.1-alt1 sisyphus+360995.100.1.1 1730131018 installed
<13>May 16 04:52:39 rpmi: liblapack-1:3.8.0-alt8 sisyphus+379383.100.1.1 1743069366 installed
<13>May 16 04:52:40 rpmi: python3-module-numpy-1:1.26.5-alt1 sisyphus+352832.100.1.1 1720965091 installed
<13>May 16 04:52:40 rpmi: libev4-4.33-alt3 sisyphus+334335.340.4.1 1699912675 installed
<13>May 16 04:52:40 rpmi: python3-module-gevent-24.11.1-alt1 sisyphus+378463.100.2.1 1742318286 installed
<13>May 16 04:52:40 rpmi: libcom_err-1.47.1.0.10.ad56-alt2 sisyphus+363497.200.3.1 1732729908 installed
<86>May 16 04:52:40 groupadd[1519071]: group added to /etc/group: name=_keytab, GID=999
<86>May 16 04:52:40 groupadd[1519071]: group added to /etc/gshadow: name=_keytab
<86>May 16 04:52:40 groupadd[1519071]: new group: name=_keytab, GID=999
<13>May 16 04:52:40 rpmi: libkrb5-1.21.3-alt2 sisyphus+351857.100.1.1 1719735141 installed
<86>May 16 04:52:40 groupadd[1519164]: group added to /etc/group: name=sasl, GID=998
<86>May 16 04:52:40 groupadd[1519164]: group added to /etc/gshadow: name=sasl
<86>May 16 04:52:40 groupadd[1519164]: new group: name=sasl, GID=998
<13>May 16 04:52:40 rpmi: libsasl2-3-2.1.28-alt2.1 sisyphus+367419.100.1.1 1735482560 installed
<13>May 16 04:52:40 rpmi: libldap2-2.6.9-alt2 sisyphus+367501.300.4.1 1735841751 installed
<13>May 16 04:52:40 rpmi: libpq5-17-17.5-alt1 sisyphus+383526.100.1.1 1746616280 installed
<13>May 16 04:52:40 rpmi: python3-module-psycopg2-2.9.10-alt1 sisyphus+361099.100.1.1 1730221764 installed
<13>May 16 04:52:40 rpmi: python3-module-eventlet-0.40.0-alt1 sisyphus+384110.100.1.1 1747219515 installed
<13>May 16 04:52:40 rpmi: python3-module-gunicorn-23.0.0-alt1 sisyphus+362920.200.1.1 1732021917 installed
<13>May 16 04:52:40 rpmi: python3-module-aiohttp-3.11.18-alt1 sisyphus+384011.100.1.1 1747133882 installed
<13>May 16 04:52:40 rpmi: python3-module-black-25.1.0-alt1 sisyphus+372035.100.1.1 1738146346 installed
<13>May 16 04:52:41 rpmi: python3-module-django-5.2.1-alt1 sisyphus+383925.100.1.1 1747069833 installed
<13>May 16 04:52:41 rpmi: python3-module-django-dbbackend-postgresql-5.2.1-alt1 sisyphus+383925.100.1.1 1747069833 installed
<13>May 16 04:52:41 rpmi: python3-module-hypothesis-6.131.16-alt1 sisyphus+383970.200.2.1 1747157058 installed
<13>May 16 04:52:41 rpmi: python3-module-setuptools-1:80.4.0-alt1 sisyphus+384059.100.2.1 1747240150 installed
Building target platforms: x86_64
Building for target x86_64
Wrote: /usr/src/in/nosrpm/python3-module-pygeoif-1.5.1-alt1.nosrc.rpm (w1.gzdio)
<13>May 16 04:52:43 rpmi: python3-module-pyproject-installer-0.5.5-alt2 sisyphus+366395.100.1.1 1735032014 installed
Installing python3-module-pygeoif-1.5.1-alt1.src.rpm
Building target platforms: x86_64
Building for target x86_64
Executing(%prep): /bin/sh -e /usr/src/tmp/rpm-tmp.82871
+ umask 022
+ /bin/mkdir -p /usr/src/RPM/BUILD
+ cd /usr/src/RPM/BUILD
+ cd /usr/src/RPM/BUILD
+ rm -rf python3-module-pygeoif-1.5.1
+ echo 'Source #0 (python3-module-pygeoif-1.5.1.tar):'
Source #0 (python3-module-pygeoif-1.5.1.tar):
+ /bin/tar -xf /usr/src/RPM/SOURCES/python3-module-pygeoif-1.5.1.tar
+ cd python3-module-pygeoif-1.5.1
+ /bin/chmod -c -Rf u+rwX,go-w .
+ exit 0
Executing(%build): /bin/sh -e /usr/src/tmp/rpm-tmp.82871
+ umask 022
+ /bin/mkdir -p /usr/src/RPM/BUILD
+ cd /usr/src/RPM/BUILD
+ cd python3-module-pygeoif-1.5.1
+ export 'CFLAGS=-pipe -frecord-gcc-switches -Wall -g -O2 -flto=auto'
+ CFLAGS='-pipe -frecord-gcc-switches -Wall -g -O2 -flto=auto'
+ export 'CXXFLAGS=-pipe -frecord-gcc-switches -Wall -g -O2 -flto=auto'
+ CXXFLAGS='-pipe -frecord-gcc-switches -Wall -g -O2 -flto=auto'
+ export 'FFLAGS=-pipe -frecord-gcc-switches -Wall -g -O2 -flto=auto'
+ FFLAGS='-pipe -frecord-gcc-switches -Wall -g -O2 -flto=auto'
+ /usr/bin/python3 -m pyproject_installer -v build
INFO     : pyproject_installer.build_cmd._build : Building wheel
INFO     : pyproject_installer.build_cmd._build : Source tree: /usr/src/RPM/BUILD/python3-module-pygeoif-1.5.1
INFO     : pyproject_installer.build_cmd._build : Output dir: /usr/src/RPM/BUILD/python3-module-pygeoif-1.5.1/dist
DEBUG    : pyproject_installer.lib.build_backend : Validating source path
DEBUG    : pyproject_installer.lib.build_backend : Checking for PEP517 spec
DEBUG    : pyproject_installer.lib.build_backend : Parsing configuration file: /usr/src/RPM/BUILD/python3-module-pygeoif-1.5.1/pyproject.toml
INFO     : backend_caller.py : Calling hook build_wheel in subprocess
INFO     : backend_caller.py : Build backend: setuptools.build_meta
INFO     : backend_caller.py : Hook args: ['/usr/src/RPM/BUILD/python3-module-pygeoif-1.5.1/dist']
INFO     : backend_caller.py : Hook kwargs: {'config_settings': None}
/usr/lib64/python3/site-packages/setuptools/config/_apply_pyprojecttoml.py:82: SetuptoolsDeprecationWarning: `project.license` as a TOML table is deprecated
!!

        ********************************************************************************
        Please use a simple string containing a SPDX expression for `project.license`. You can also use `project.license-files`. (Both options available on setuptools>=77.0.0).

        By 2026-Feb-18, you need to update your project and remove deprecated calls
        or your builds will no longer be supported.

        See https://packaging.python.org/en/latest/guides/writing-pyproject-toml/#license for details.
        ********************************************************************************

!!
  corresp(dist, value, root_dir)
/usr/lib64/python3/site-packages/setuptools/config/_apply_pyprojecttoml.py:61: SetuptoolsDeprecationWarning: License classifiers are deprecated.
!!

        ********************************************************************************
        Please consider removing the following classifiers in favor of a SPDX license expression:

        License :: OSI Approved :: GNU Library or Lesser General Public License (LGPL)

        See https://packaging.python.org/en/latest/guides/writing-pyproject-toml/#license for details.
        ********************************************************************************

!!
  dist._finalize_license_expression()
/usr/lib64/python3/site-packages/setuptools/dist.py:761: SetuptoolsDeprecationWarning: License classifiers are deprecated.
!!

        ********************************************************************************
        Please consider removing the following classifiers in favor of a SPDX license expression:

        License :: OSI Approved :: GNU Library or Lesser General Public License (LGPL)

        See https://packaging.python.org/en/latest/guides/writing-pyproject-toml/#license for details.
        ********************************************************************************

!!
  self._finalize_license_expression()
INFO     : root : running bdist_wheel
INFO     : root : running build
INFO     : root : running build_py
INFO     : root : creating build/lib/pygeoif
INFO     : root : copying pygeoif/types.py -> build/lib/pygeoif
INFO     : root : copying pygeoif/geometry.py -> build/lib/pygeoif
INFO     : root : copying pygeoif/functions.py -> build/lib/pygeoif
INFO     : root : copying pygeoif/feature.py -> build/lib/pygeoif
INFO     : root : copying pygeoif/factories.py -> build/lib/pygeoif
INFO     : root : copying pygeoif/exceptions.py -> build/lib/pygeoif
INFO     : root : copying pygeoif/about.py -> build/lib/pygeoif
INFO     : root : copying pygeoif/__init__.py -> build/lib/pygeoif
INFO     : root : creating build/lib/pygeoif/hypothesis
INFO     : root : copying pygeoif/hypothesis/strategies.py -> build/lib/pygeoif/hypothesis
INFO     : root : copying pygeoif/hypothesis/__init__.py -> build/lib/pygeoif/hypothesis
INFO     : root : running egg_info
INFO     : root : creating pygeoif.egg-info
INFO     : root : writing pygeoif.egg-info/PKG-INFO
INFO     : root : writing dependency_links to pygeoif.egg-info/dependency_links.txt
INFO     : root : writing requirements to pygeoif.egg-info/requires.txt
INFO     : root : writing top-level names to pygeoif.egg-info/top_level.txt
INFO     : root : writing manifest file 'pygeoif.egg-info/SOURCES.txt'
INFO     : root : reading manifest file 'pygeoif.egg-info/SOURCES.txt'
INFO     : root : writing manifest file 'pygeoif.egg-info/SOURCES.txt'
INFO     : root : copying pygeoif/py.typed -> build/lib/pygeoif
INFO     : root : installing to build/bdist.linux-x86_64/wheel
INFO     : root : running install
INFO     : root : running install_lib
INFO     : root : creating build/bdist.linux-x86_64/wheel
INFO     : root : creating build/bdist.linux-x86_64/wheel/pygeoif
INFO     : root : copying build/lib/pygeoif/py.typed -> build/bdist.linux-x86_64/wheel/./pygeoif
INFO     : root : creating build/bdist.linux-x86_64/wheel/pygeoif/hypothesis
INFO     : root : copying build/lib/pygeoif/hypothesis/__init__.py -> build/bdist.linux-x86_64/wheel/./pygeoif/hypothesis
INFO     : root : copying build/lib/pygeoif/hypothesis/strategies.py -> build/bdist.linux-x86_64/wheel/./pygeoif/hypothesis
INFO     : root : copying build/lib/pygeoif/__init__.py -> build/bdist.linux-x86_64/wheel/./pygeoif
INFO     : root : copying build/lib/pygeoif/about.py -> build/bdist.linux-x86_64/wheel/./pygeoif
INFO     : root : copying build/lib/pygeoif/exceptions.py -> build/bdist.linux-x86_64/wheel/./pygeoif
INFO     : root : copying build/lib/pygeoif/factories.py -> build/bdist.linux-x86_64/wheel/./pygeoif
INFO     : root : copying build/lib/pygeoif/feature.py -> build/bdist.linux-x86_64/wheel/./pygeoif
INFO     : root : copying build/lib/pygeoif/functions.py -> build/bdist.linux-x86_64/wheel/./pygeoif
INFO     : root : copying build/lib/pygeoif/geometry.py -> build/bdist.linux-x86_64/wheel/./pygeoif
INFO     : root : copying build/lib/pygeoif/types.py -> build/bdist.linux-x86_64/wheel/./pygeoif
INFO     : root : running install_egg_info
INFO     : root : Copying pygeoif.egg-info to build/bdist.linux-x86_64/wheel/./pygeoif-1.5.1-py3.12.egg-info
INFO     : root : running install_scripts
INFO     : root : creating build/bdist.linux-x86_64/wheel/pygeoif-1.5.1.dist-info/WHEEL
INFO     : wheel : creating '/usr/src/RPM/BUILD/python3-module-pygeoif-1.5.1/dist/.tmp-ff2mduty/pygeoif-1.5.1-py3-none-any.whl' and adding 'build/bdist.linux-x86_64/wheel' to it
INFO     : wheel : adding 'pygeoif/__init__.py'
INFO     : wheel : adding 'pygeoif/about.py'
INFO     : wheel : adding 'pygeoif/exceptions.py'
INFO     : wheel : adding 'pygeoif/factories.py'
INFO     : wheel : adding 'pygeoif/feature.py'
INFO     : wheel : adding 'pygeoif/functions.py'
INFO     : wheel : adding 'pygeoif/geometry.py'
INFO     : wheel : adding 'pygeoif/py.typed'
INFO     : wheel : adding 'pygeoif/types.py'
INFO     : wheel : adding 'pygeoif/hypothesis/__init__.py'
INFO     : wheel : adding 'pygeoif/hypothesis/strategies.py'
INFO     : wheel : adding 'pygeoif-1.5.1.dist-info/METADATA'
INFO     : wheel : adding 'pygeoif-1.5.1.dist-info/WHEEL'
INFO     : wheel : adding 'pygeoif-1.5.1.dist-info/top_level.txt'
INFO     : wheel : adding 'pygeoif-1.5.1.dist-info/RECORD'
INFO     : root : removing build/bdist.linux-x86_64/wheel
INFO     : pyproject_installer.build_cmd._build : Built wheel: pygeoif-1.5.1-py3-none-any.whl
+ exit 0
Executing(%install): /bin/sh -e /usr/src/tmp/rpm-tmp.35938
+ umask 022
+ /bin/mkdir -p /usr/src/RPM/BUILD
+ cd /usr/src/RPM/BUILD
+ /bin/chmod -Rf u+rwX -- /usr/src/tmp/python3-module-pygeoif-buildroot
+ :
+ /bin/rm -rf -- /usr/src/tmp/python3-module-pygeoif-buildroot
+ PATH=/usr/libexec/rpm-build:/usr/src/bin:/usr/bin:/bin:/usr/local/bin:/usr/games
+ cd python3-module-pygeoif-1.5.1
+ /usr/bin/python3 -m pyproject_installer -v install --destdir=/usr/src/tmp/python3-module-pygeoif-buildroot
INFO     : pyproject_installer.install_cmd._install : Installing wheel
INFO     : pyproject_installer.install_cmd._install : Wheel directory: /usr/src/RPM/BUILD/python3-module-pygeoif-1.5.1/dist
INFO     : pyproject_installer.install_cmd._install : Wheel filename: pygeoif-1.5.1-py3-none-any.whl
INFO     : pyproject_installer.install_cmd._install : Destination: /usr/src/tmp/python3-module-pygeoif-buildroot
DEBUG    : pyproject_installer.lib.wheel : Parsing wheel filename
DEBUG    : pyproject_installer.lib.wheel : Validating wheel file
DEBUG    : pyproject_installer.lib.wheel : Validating wheel spec version
DEBUG    : pyproject_installer.lib.wheel : Parsing wheel spec metadata
DEBUG    : pyproject_installer.lib.wheel : Validating RECORD
INFO     : pyproject_installer.install_cmd._install : Wheel installation root: /usr/src/tmp/python3-module-pygeoif-buildroot/usr/lib/python3/site-packages
INFO     : pyproject_installer.install_cmd._install : Extracting wheel
DEBUG    : pyproject_installer.install_cmd._install : Filtering out not allowed file: pygeoif-1.5.1.dist-info/WHEEL
DEBUG    : pyproject_installer.install_cmd._install : Filtering out not allowed file: pygeoif-1.5.1.dist-info/top_level.txt
DEBUG    : pyproject_installer.install_cmd._install : Filtering out not allowed file: pygeoif-1.5.1.dist-info/RECORD
INFO     : pyproject_installer.install_cmd._install : Wheel was installed
+ /usr/lib/rpm/brp-alt
Cleaning files in /usr/src/tmp/python3-module-pygeoif-buildroot (auto)
Verifying and fixing files in /usr/src/tmp/python3-module-pygeoif-buildroot (binconfig,pkgconfig,libtool,desktop,gnuconfig)
Checking contents of files in /usr/src/tmp/python3-module-pygeoif-buildroot/ (default)
Compressing files in /usr/src/tmp/python3-module-pygeoif-buildroot (auto)
Adjusting library links in /usr/src/tmp/python3-module-pygeoif-buildroot
./usr/lib: (from <cmdline>:0)
Verifying ELF objects in /usr/src/tmp/python3-module-pygeoif-buildroot (arch=normal,fhs=normal,lfs=relaxed,lint=relaxed,rpath=normal,stack=normal,textrel=normal,unresolved=normal)
Splitting links to aliased files under /{,s}bin in /usr/src/tmp/python3-module-pygeoif-buildroot
Bytecompiling python3 modules in /usr/src/tmp/python3-module-pygeoif-buildroot using /usr/bin/python3
compile /usr/src/tmp/python3-module-pygeoif-buildroot/usr/lib/python3/site-packages/pygeoif/hypothesis/__init__.py
compile /usr/src/tmp/python3-module-pygeoif-buildroot/usr/lib/python3/site-packages/pygeoif/hypothesis/strategies.py
compile /usr/src/tmp/python3-module-pygeoif-buildroot/usr/lib/python3/site-packages/pygeoif/__init__.py
compile /usr/src/tmp/python3-module-pygeoif-buildroot/usr/lib/python3/site-packages/pygeoif/about.py
compile /usr/src/tmp/python3-module-pygeoif-buildroot/usr/lib/python3/site-packages/pygeoif/exceptions.py
compile /usr/src/tmp/python3-module-pygeoif-buildroot/usr/lib/python3/site-packages/pygeoif/factories.py
compile /usr/src/tmp/python3-module-pygeoif-buildroot/usr/lib/python3/site-packages/pygeoif/feature.py
compile /usr/src/tmp/python3-module-pygeoif-buildroot/usr/lib/python3/site-packages/pygeoif/functions.py
compile /usr/src/tmp/python3-module-pygeoif-buildroot/usr/lib/python3/site-packages/pygeoif/geometry.py
compile /usr/src/tmp/python3-module-pygeoif-buildroot/usr/lib/python3/site-packages/pygeoif/types.py
Bytecompiling python3 modules with optimization in /usr/src/tmp/python3-module-pygeoif-buildroot using /usr/bin/python3 -O
compile /usr/src/tmp/python3-module-pygeoif-buildroot/usr/lib/python3/site-packages/pygeoif/hypothesis/__init__.py
compile /usr/src/tmp/python3-module-pygeoif-buildroot/usr/lib/python3/site-packages/pygeoif/hypothesis/strategies.py
compile /usr/src/tmp/python3-module-pygeoif-buildroot/usr/lib/python3/site-packages/pygeoif/__init__.py
compile /usr/src/tmp/python3-module-pygeoif-buildroot/usr/lib/python3/site-packages/pygeoif/about.py
compile /usr/src/tmp/python3-module-pygeoif-buildroot/usr/lib/python3/site-packages/pygeoif/exceptions.py
compile /usr/src/tmp/python3-module-pygeoif-buildroot/usr/lib/python3/site-packages/pygeoif/factories.py
compile /usr/src/tmp/python3-module-pygeoif-buildroot/usr/lib/python3/site-packages/pygeoif/feature.py
compile /usr/src/tmp/python3-module-pygeoif-buildroot/usr/lib/python3/site-packages/pygeoif/functions.py
compile /usr/src/tmp/python3-module-pygeoif-buildroot/usr/lib/python3/site-packages/pygeoif/geometry.py
compile /usr/src/tmp/python3-module-pygeoif-buildroot/usr/lib/python3/site-packages/pygeoif/types.py
Bytecompiling python3 modules with optimization-2 in /usr/src/tmp/python3-module-pygeoif-buildroot using /usr/bin/python3 -OO
compile /usr/src/tmp/python3-module-pygeoif-buildroot/usr/lib/python3/site-packages/pygeoif/hypothesis/__init__.py
compile /usr/src/tmp/python3-module-pygeoif-buildroot/usr/lib/python3/site-packages/pygeoif/hypothesis/strategies.py
compile /usr/src/tmp/python3-module-pygeoif-buildroot/usr/lib/python3/site-packages/pygeoif/__init__.py
compile /usr/src/tmp/python3-module-pygeoif-buildroot/usr/lib/python3/site-packages/pygeoif/about.py
compile /usr/src/tmp/python3-module-pygeoif-buildroot/usr/lib/python3/site-packages/pygeoif/exceptions.py
compile /usr/src/tmp/python3-module-pygeoif-buildroot/usr/lib/python3/site-packages/pygeoif/factories.py
compile /usr/src/tmp/python3-module-pygeoif-buildroot/usr/lib/python3/site-packages/pygeoif/feature.py
compile /usr/src/tmp/python3-module-pygeoif-buildroot/usr/lib/python3/site-packages/pygeoif/functions.py
compile /usr/src/tmp/python3-module-pygeoif-buildroot/usr/lib/python3/site-packages/pygeoif/geometry.py
compile /usr/src/tmp/python3-module-pygeoif-buildroot/usr/lib/python3/site-packages/pygeoif/types.py
Hardlinking identical .pyc and .opt-?.pyc files
'./usr/lib/python3/site-packages/pygeoif/__pycache__/__init__.cpython-312.opt-1.pyc' => './usr/lib/python3/site-packages/pygeoif/__pycache__/__init__.cpython-312.pyc'
'./usr/lib/python3/site-packages/pygeoif/__pycache__/about.cpython-312.opt-1.pyc' => './usr/lib/python3/site-packages/pygeoif/__pycache__/about.cpython-312.pyc'
'./usr/lib/python3/site-packages/pygeoif/__pycache__/exceptions.cpython-312.opt-1.pyc' => './usr/lib/python3/site-packages/pygeoif/__pycache__/exceptions.cpython-312.pyc'
'./usr/lib/python3/site-packages/pygeoif/__pycache__/factories.cpython-312.opt-1.pyc' => './usr/lib/python3/site-packages/pygeoif/__pycache__/factories.cpython-312.pyc'
'./usr/lib/python3/site-packages/pygeoif/__pycache__/feature.cpython-312.opt-1.pyc' => './usr/lib/python3/site-packages/pygeoif/__pycache__/feature.cpython-312.pyc'
'./usr/lib/python3/site-packages/pygeoif/__pycache__/functions.cpython-312.opt-1.pyc' => './usr/lib/python3/site-packages/pygeoif/__pycache__/functions.cpython-312.pyc'
'./usr/lib/python3/site-packages/pygeoif/__pycache__/geometry.cpython-312.opt-1.pyc' => './usr/lib/python3/site-packages/pygeoif/__pycache__/geometry.cpython-312.pyc'
'./usr/lib/python3/site-packages/pygeoif/__pycache__/types.cpython-312.opt-1.pyc' => './usr/lib/python3/site-packages/pygeoif/__pycache__/types.cpython-312.pyc'
'./usr/lib/python3/site-packages/pygeoif/hypothesis/__pycache__/__init__.cpython-312.opt-1.pyc' => './usr/lib/python3/site-packages/pygeoif/hypothesis/__pycache__/__init__.cpython-312.pyc'
'./usr/lib/python3/site-packages/pygeoif/hypothesis/__pycache__/strategies.cpython-312.opt-1.pyc' => './usr/lib/python3/site-packages/pygeoif/hypothesis/__pycache__/strategies.cpython-312.pyc'
Executing(%check): /bin/sh -e /usr/src/tmp/rpm-tmp.35938
+ umask 022
+ /bin/mkdir -p /usr/src/RPM/BUILD
+ cd /usr/src/RPM/BUILD
+ cd python3-module-pygeoif-1.5.1
+ export 'CFLAGS=-pipe -frecord-gcc-switches -Wall -g -O2 -flto=auto'
+ CFLAGS='-pipe -frecord-gcc-switches -Wall -g -O2 -flto=auto'
+ export 'CXXFLAGS=-pipe -frecord-gcc-switches -Wall -g -O2 -flto=auto'
+ CXXFLAGS='-pipe -frecord-gcc-switches -Wall -g -O2 -flto=auto'
+ export 'FFLAGS=-pipe -frecord-gcc-switches -Wall -g -O2 -flto=auto'
+ FFLAGS='-pipe -frecord-gcc-switches -Wall -g -O2 -flto=auto'
+ export NO_INTERNET=YES
+ NO_INTERNET=YES
+ /usr/bin/python3 -m pyproject_installer run -- python3 -m pytest -v
INFO     : Creating venv
INFO     : Installing console scripts
INFO     : Installing package: /usr/src/RPM/BUILD/python3-module-pygeoif-1.5.1/dist/pygeoif-1.5.1-py3-none-any.whl
INFO     : Running command: ['/usr/src/RPM/BUILD/python3-module-pygeoif-1.5.1/.run_venv/bin/python3', '-m', 'pyproject_installer', 'install', '/usr/src/RPM/BUILD/python3-module-pygeoif-1.5.1/dist/pygeoif-1.5.1-py3-none-any.whl']
INFO     : Running command: ['python3', '-m', 'pytest', '-v']
============================= test session starts ==============================
platform linux -- Python 3.12.10, pytest-8.3.5, pluggy-1.5.0 -- /usr/src/RPM/BUILD/python3-module-pygeoif-1.5.1/.run_venv/bin/python3
cachedir: .pytest_cache
hypothesis profile 'default' -> database=DirectoryBasedExampleDatabase(PosixPath('/usr/src/RPM/BUILD/python3-module-pygeoif-1.5.1/.hypothesis/examples'))
rootdir: /usr/src/RPM/BUILD/python3-module-pygeoif-1.5.1
configfile: pyproject.toml
plugins: hypothesis-6.131.16
collecting ... collected 429 items

tests/hypothesis/test_functions.py::test_fuzz_centroid PASSED            [  0%]
tests/hypothesis/test_functions.py::test_fuzz_compare_coordinates PASSED [  0%]
tests/hypothesis/test_functions.py::test_fuzz_compare_geo_interface PASSED [  0%]
tests/hypothesis/test_functions.py::test_fuzz_convex_hull PASSED         [  0%]
tests/hypothesis/test_functions.py::test_fuzz_dedupe PASSED              [  1%]
tests/hypothesis/test_functions.py::test_fuzz_move_coordinate PASSED     [  1%]
tests/hypothesis/test_functions.py::test_fuzz_move_coordinates PASSED    [  1%]
tests/hypothesis/test_functions.py::test_fuzz_signed_area PASSED         [  1%]
tests/hypothesis/test_geometrycollection.py::test_from_wkt_epsg_4326 PASSED [  2%]
tests/hypothesis/test_geometrycollection.py::test_repr_eval PASSED       [  2%]
tests/hypothesis/test_geometrycollection.py::test_shape_2d PASSED        [  2%]
tests/hypothesis/test_geometrycollection.py::test_shape_3d PASSED        [  2%]
tests/hypothesis/test_line.py::test_max_points_lt_2 PASSED               [  3%]
tests/hypothesis/test_line.py::test_from_wkt_epsg_4326 PASSED            [  3%]
tests/hypothesis/test_line.py::test_repr_eval PASSED                     [  3%]
tests/hypothesis/test_line.py::test_shape PASSED                         [  3%]
tests/hypothesis/test_line.py::test_bounds PASSED                        [  3%]
tests/hypothesis/test_line.py::test_convex_hull PASSED                   [  4%]
tests/hypothesis/test_line.py::test_convex_hull_bounds PASSED            [  4%]
tests/hypothesis/test_linear_ring.py::test_max_points_lt_3 PASSED        [  4%]
tests/hypothesis/test_linear_ring.py::test_from_wkt_epsg_4326 PASSED     [  4%]
tests/hypothesis/test_linear_ring.py::test_repr_eval PASSED              [  5%]
tests/hypothesis/test_linear_ring.py::test_shape PASSED                  [  5%]
tests/hypothesis/test_multilinestring.py::test_from_wkt_epsg_4326 PASSED [  5%]
tests/hypothesis/test_multilinestring.py::test_repr_eval PASSED          [  5%]
tests/hypothesis/test_multilinestring.py::test_shape FAILED              [  6%]
tests/hypothesis/test_multilinestring.py::test_bounds PASSED             [  6%]
tests/hypothesis/test_multilinestring.py::test_convex_hull PASSED        [  6%]
tests/hypothesis/test_multilinestring.py::test_convex_hull_bounds PASSED [  6%]
tests/hypothesis/test_multipoint.py::test_from_wkt_epsg_4326 PASSED      [  6%]
tests/hypothesis/test_multipoint.py::test_repr_eval PASSED               [  7%]
tests/hypothesis/test_multipoint.py::test_shape PASSED                   [  7%]
tests/hypothesis/test_multipoint.py::test_bounds PASSED                  [  7%]
tests/hypothesis/test_multipoint.py::test_convex_hull PASSED             [  7%]
tests/hypothesis/test_multipolygon.py::test_from_wkt_epsg_4326 PASSED    [  8%]
tests/hypothesis/test_multipolygon.py::test_repr_eval PASSED             [  8%]
tests/hypothesis/test_multipolygon.py::test_shape PASSED                 [  8%]
tests/hypothesis/test_multipolygon.py::test_bounds PASSED                [  8%]
tests/hypothesis/test_multipolygon.py::test_convex_hull PASSED           [  9%]
tests/hypothesis/test_multipolygon.py::test_convex_hull_bounds PASSED    [  9%]
tests/hypothesis/test_point.py::test_from_wkt_epsg_4326 PASSED           [  9%]
tests/hypothesis/test_point.py::test_repr_eval PASSED                    [  9%]
tests/hypothesis/test_point.py::test_shape PASSED                        [ 10%]
tests/hypothesis/test_point.py::test_bounds PASSED                       [ 10%]
tests/hypothesis/test_point.py::test_convex_hull PASSED                  [ 10%]
tests/hypothesis/test_polygon.py::test_max_points_lt_3 PASSED            [ 10%]
tests/hypothesis/test_polygon.py::test_from_wkt_epsg_4326 PASSED         [ 10%]
tests/hypothesis/test_polygon.py::test_repr_eval FAILED                  [ 11%]
tests/hypothesis/test_polygon.py::test_shape PASSED                      [ 11%]
tests/hypothesis/test_polygon.py::test_bounds FAILED                     [ 11%]
tests/hypothesis/test_polygon.py::test_convex_hull_bounds FAILED         [ 11%]
tests/hypothesis/test_polygon.py::test_interiors FAILED                  [ 12%]
tests/hypothesis/test_polygon.py::test_no_interiors PASSED               [ 12%]
tests/test_base.py::test_geometry_interface PASSED                       [ 12%]
tests/test_base.py::test_bounds PASSED                                   [ 12%]
tests/test_base.py::test_wkt PASSED                                      [ 13%]
tests/test_base.py::test_empty PASSED                                    [ 13%]
tests/test_base.py::test_wkt_inset PASSED                                [ 13%]
tests/test_base.py::test_wkt_coordinates PASSED                          [ 13%]
tests/test_base.py::test_from_dict PASSED                                [ 13%]
tests/test_base.py::test_has_z PASSED                                    [ 14%]
tests/test_base.py::test_convex_hull PASSED                              [ 14%]
tests/test_base.py::test_get_bounds PASSED                               [ 14%]
tests/test_base.py::test_setattr[attr_val0-AttributeError-Attributes of _Geometry cannot be changed] PASSED [ 14%]
tests/test_base.py::test_setattr[attr_val1-AttributeError-Attributes of _Geometry cannot be changed] PASSED [ 15%]
tests/test_base.py::test_setattr[attr_val2-AttributeError-Attributes of _Geometry cannot be changed] PASSED [ 15%]
tests/test_base.py::test_setattr[attr_val3-AttributeError-Attributes of _Geometry cannot be changed] PASSED [ 15%]
tests/test_base.py::test_setattr[attr_val4-TypeError-.*attribute name must be string.*] PASSED [ 15%]
tests/test_base.py::test_setattr[attr_val5-TypeError-.*attribute name must be string.*] PASSED [ 16%]
tests/test_base.py::test_setattr[attr_val6-TypeError-.*attribute name must be string.*] PASSED [ 16%]
tests/test_base.py::test_delattr[realistic_test_value] PASSED            [ 16%]
tests/test_base.py::test_delattr[edge_case_empty_string] PASSED          [ 16%]
tests/test_base.py::test_delattr[edge_case_None] PASSED                  [ 17%]
tests/test_base.py::test_delattr[error_case_non_string_attribute] PASSED [ 17%]
tests/test_bounds.py::test_bounds PASSED                                 [ 17%]
tests/test_bounds.py::test_brute PASSED                                  [ 17%]
tests/test_bounds.py::test_unzip PASSED                                  [ 17%]
tests/test_bounds.py::test_bounds_unzipped PASSED                        [ 18%]
tests/test_bounds.py::test_line PASSED                                   [ 18%]
tests/test_bounds.py::test_unzip_line PASSED                             [ 18%]
tests/test_bounds.py::test_line_bounds PASSED                            [ 18%]
tests/test_factories.py::test_num_int PASSED                             [ 19%]
tests/test_factories.py::test_num_intf PASSED                            [ 19%]
tests/test_factories.py::test_num_float PASSED                           [ 19%]
tests/test_factories.py::test_force_2d_point PASSED                      [ 19%]
tests/test_factories.py::test_force_2d_multipoint PASSED                 [ 20%]
tests/test_factories.py::test_force_2d_linestring PASSED                 [ 20%]
tests/test_factories.py::test_force_2d_linearring PASSED                 [ 20%]
tests/test_factories.py::test_force_2d_multilinestring PASSED            [ 20%]
tests/test_factories.py::test_force_2d_polygon PASSED                    [ 20%]
tests/test_factories.py::test_force_2d_multipolygon PASSED               [ 21%]
tests/test_factories.py::test_force2d_collection PASSED                  [ 21%]
tests/test_factories.py::test_force_2d_nongeo PASSED                     [ 21%]
tests/test_factories.py::test_force_3d_point PASSED                      [ 21%]
tests/test_factories.py::test_force_3d_collection PASSED                 [ 22%]
tests/test_factories.py::test_force_3d_point_with_z PASSED               [ 22%]
tests/test_factories.py::test_force_3d_point_noop PASSED                 [ 22%]
tests/test_factories.py::test_force_3d_nongeo PASSED                     [ 22%]
tests/test_factories.py::test_orient_true PASSED                         [ 23%]
tests/test_factories.py::test_orient_unchanged PASSED                    [ 23%]
tests/test_factories.py::test_orient_false PASSED                        [ 23%]
tests/test_factories.py::test_box PASSED                                 [ 23%]
tests/test_factories.py::test_box_cw PASSED                              [ 24%]
tests/test_factories.py::test_shell_holes_from_wkt_coords PASSED         [ 24%]
tests/test_factories.py::TestWKT::test_point PASSED                      [ 24%]
tests/test_factories.py::TestWKT::test_point_capitalized PASSED          [ 24%]
tests/test_factories.py::TestWKT::test_linestring PASSED                 [ 24%]
tests/test_factories.py::TestWKT::test_linearring PASSED                 [ 25%]
tests/test_factories.py::TestWKT::test_polygon PASSED                    [ 25%]
tests/test_factories.py::TestWKT::test_polygon_1 PASSED                  [ 25%]
tests/test_factories.py::TestWKT::test_polygon_2 PASSED                  [ 25%]
tests/test_factories.py::TestWKT::test_polygon_3 PASSED                  [ 26%]
tests/test_factories.py::TestWKT::test_multipoint PASSED                 [ 26%]
tests/test_factories.py::TestWKT::test_multilinestring PASSED            [ 26%]
tests/test_factories.py::TestWKT::test_multilinestring_1 PASSED          [ 26%]
tests/test_factories.py::TestWKT::test_multipolygon PASSED               [ 27%]
tests/test_factories.py::TestWKT::test_multipolygon_1 PASSED             [ 27%]
tests/test_factories.py::TestWKT::test_multipolygon_2 PASSED             [ 27%]
tests/test_factories.py::TestWKT::test_geometrycollection PASSED         [ 27%]
tests/test_factories.py::TestWKT::test_wkt_ok PASSED                     [ 27%]
tests/test_factories.py::TestWKT::test_wkt_fail PASSED                   [ 28%]
tests/test_factories.py::TestWKT::test_wkt_tin PASSED                    [ 28%]
tests/test_factories.py::TestAsShape::test_point PASSED                  [ 28%]
tests/test_factories.py::TestAsShape::test_point_00 PASSED               [ 28%]
tests/test_factories.py::TestAsShape::test_linestring PASSED             [ 29%]
tests/test_factories.py::TestAsShape::test_linearring PASSED             [ 29%]
tests/test_factories.py::TestAsShape::test_polygon PASSED                [ 29%]
tests/test_factories.py::TestAsShape::test_multipoint PASSED             [ 29%]
tests/test_factories.py::TestAsShape::test_multilinestring PASSED        [ 30%]
tests/test_factories.py::TestAsShape::test_multipolygon PASSED           [ 30%]
tests/test_factories.py::TestAsShape::test_geometrycollection PASSED     [ 30%]
tests/test_factories.py::TestAsShape::test_nongeo PASSED                 [ 30%]
tests/test_factories.py::TestAsShape::test_empty_dict PASSED             [ 31%]
tests/test_factories.py::TestAsShape::test_notimplemented_interface PASSED [ 31%]
tests/test_factories.py::TestAsShape::test_dict_as_shape PASSED          [ 31%]
tests/test_feature.py::TestFeature::test_feature_eq PASSED               [ 31%]
tests/test_feature.py::TestFeature::test_feature_neq_no_geo_interface PASSED [ 31%]
tests/test_feature.py::TestFeature::test_feature_neq_no_geo_interface_geometry PASSED [ 32%]
tests/test_feature.py::TestFeature::test_feature_neq_no_geo_interface_type PASSED [ 32%]
tests/test_feature.py::TestFeature::test_feature_neq_no_geo_interface_features PASSED [ 32%]
tests/test_feature.py::TestFeature::test_feature PASSED                  [ 32%]
tests/test_feature.py::TestFeature::test_feature_with_id PASSED          [ 33%]
tests/test_feature.py::TestFeature::test_feature_repr PASSED             [ 33%]
tests/test_feature.py::TestFeature::test_feature_repr_eval PASSED        [ 33%]
tests/test_feature.py::TestFeature::test_featurecollection PASSED        [ 33%]
tests/test_feature.py::TestFeature::test_featurecollection_eq PASSED     [ 34%]
tests/test_feature.py::TestFeature::test_featurecollection_neq_no_geo_interface PASSED [ 34%]
tests/test_feature.py::TestFeature::test_featurecollection_neq_no_geo_interface_geometry PASSED [ 34%]
tests/test_feature.py::TestFeature::test_featurecollection_neq_no_geo_interface_features PASSED [ 34%]
tests/test_feature.py::TestFeature::test_featurecollection_neq_no_geo_interface_len_features PASSED [ 34%]
tests/test_feature.py::TestFeature::test_featurecollection_repr PASSED   [ 35%]
tests/test_feature.py::TestFeature::test_featurecollection_repr_eval PASSED [ 35%]
tests/test_feature.py::TestFeature::test_featurecollection_bounds PASSED [ 35%]
tests/test_functions.py::test_signed_area PASSED                         [ 35%]
tests/test_functions.py::test_signed_area2 PASSED                        [ 36%]
tests/test_functions.py::test_centroid_line PASSED                       [ 36%]
tests/test_functions.py::test_signed_area_0_3d PASSED                    [ 36%]
tests/test_functions.py::test_signed_area_0_2d PASSED                    [ 36%]
tests/test_functions.py::test_signed_area_circle_ish PASSED              [ 37%]
tests/test_functions.py::test_signed_area_crescent_ish PASSED            [ 37%]
tests/test_functions.py::test_empty_hull PASSED                          [ 37%]
tests/test_functions.py::test_point PASSED                               [ 37%]
tests/test_functions.py::test_line PASSED                                [ 37%]
tests/test_functions.py::test_line_minimal PASSED                        [ 38%]
tests/test_functions.py::test_line2 PASSED                               [ 38%]
tests/test_functions.py::test_line3 PASSED                               [ 38%]
tests/test_functions.py::test_square PASSED                              [ 38%]
tests/test_functions.py::test_triangle PASSED                            [ 39%]
tests/test_functions.py::test_trapezoid PASSED                           [ 39%]
tests/test_functions.py::test_circles PASSED                             [ 39%]
tests/test_functions.py::test_spiral PASSED                              [ 39%]
tests/test_functions.py::test_crescent PASSED                            [ 40%]
tests/test_functions.py::test_star PASSED                                [ 40%]
tests/test_functions.py::test_random PASSED                              [ 40%]
tests/test_functions.py::test_dedupe_point PASSED                        [ 40%]
tests/test_functions.py::test_dedupe_line PASSED                         [ 41%]
tests/test_functions.py::test_dedupe_line2 PASSED                        [ 41%]
tests/test_functions.py::test_compare_numbers[numbers0-True] PASSED      [ 41%]
tests/test_functions.py::test_compare_numbers[numbers1-False] PASSED     [ 41%]
tests/test_functions.py::test_compare_numbers[numbers2-False] PASSED     [ 41%]
tests/test_functions.py::test_compare_numbers[numbers3-True] PASSED      [ 42%]
tests/test_functions.py::test_compare_numbers[numbers4-True] PASSED      [ 42%]
tests/test_functions.py::test_compare_numbers[numbers5-False] PASSED     [ 42%]
tests/test_functions.py::test_compare_numbers[numbers6-False] PASSED     [ 42%]
tests/test_functions.py::test_compare_numbers[numbers7-False] PASSED     [ 43%]
tests/test_functions.py::test_compare_numbers[numbers8-False] PASSED     [ 43%]
tests/test_functions.py::test_compare_numbers[numbers9-False] PASSED     [ 43%]
tests/test_functions.py::test_compare_numbers[numbers10-True] PASSED     [ 43%]
tests/test_functions.py::test_compare_numbers[numbers11-True] PASSED     [ 44%]
tests/test_functions.py::test_compare_numbers[numbers12-True] PASSED     [ 44%]
tests/test_functions.py::test_compare_numbers[numbers13-True] PASSED     [ 44%]
tests/test_functions.py::test_compare_numbers[numbers14-False] PASSED    [ 44%]
tests/test_functions.py::test_compare_numbers[numbers15-False] PASSED    [ 44%]
tests/test_functions.py::test_compare_points[points0-True] PASSED        [ 45%]
tests/test_functions.py::test_compare_points[points1-False] PASSED       [ 45%]
tests/test_functions.py::test_compare_points[points2-False] PASSED       [ 45%]
tests/test_functions.py::test_compare_points[points3-False] PASSED       [ 45%]
tests/test_functions.py::test_compare_points[points4-False] PASSED       [ 46%]
tests/test_functions.py::test_compare_points[points5-True] PASSED        [ 46%]
tests/test_functions.py::test_compare_points[points6-False] PASSED       [ 46%]
tests/test_functions.py::test_compare_points[points7-False] PASSED       [ 46%]
tests/test_functions.py::test_compare_points[points8-False] PASSED       [ 47%]
tests/test_functions.py::test_compare_points[points9-True] PASSED        [ 47%]
tests/test_functions.py::test_compare_points[points10-False] PASSED      [ 47%]
tests/test_functions.py::test_compare_lines[lines0-True] PASSED          [ 47%]
tests/test_functions.py::test_compare_lines[lines1-True] PASSED          [ 48%]
tests/test_functions.py::test_compare_lines[lines2-False] PASSED         [ 48%]
tests/test_functions.py::test_compare_lines[lines3-True] PASSED          [ 48%]
tests/test_functions.py::test_compare_lines[lines4-False] PASSED         [ 48%]
tests/test_functions.py::test_compare_polygons[polygons0-True] PASSED    [ 48%]
tests/test_functions.py::test_compare_polygons[polygons1-False] PASSED   [ 49%]
tests/test_functions.py::test_compare_polygons[polygons2-False] PASSED   [ 49%]
tests/test_functions.py::test_compare_polygons[polygons3-True] PASSED    [ 49%]
tests/test_functions.py::test_compare_eq_geo_interface PASSED            [ 49%]
tests/test_functions.py::test_compare_neq_geo_interface PASSED           [ 50%]
tests/test_functions.py::test_compare_neq_empty_geo_interface PASSED     [ 50%]
tests/test_geometrycollection.py::test_geo_interface PASSED              [ 50%]
tests/test_geometrycollection.py::test_geo_wkt PASSED                    [ 50%]
tests/test_geometrycollection.py::test_len PASSED                        [ 51%]
tests/test_geometrycollection.py::test_geoms PASSED                      [ 51%]
tests/test_geometrycollection.py::test_repr PASSED                       [ 51%]
tests/test_geometrycollection.py::test_repr_eval PASSED                  [ 51%]
tests/test_geometrycollection.py::test_eq PASSED                         [ 51%]
tests/test_geometrycollection.py::test_neq_len PASSED                    [ 52%]
tests/test_geometrycollection.py::test_neq_sort PASSED                   [ 52%]
tests/test_geometrycollection.py::test_neq_type PASSED                   [ 52%]
tests/test_geometrycollection.py::test_neq_coords PASSED                 [ 52%]
tests/test_geometrycollection.py::test_neq_interface PASSED              [ 53%]
tests/test_geometrycollection.py::test_convex_hull PASSED                [ 53%]
tests/test_geometrycollection.py::test_is_empty PASSED                   [ 53%]
tests/test_geometrycollection.py::test_empty_wkt PASSED                  [ 53%]
tests/test_geometrycollection.py::test_repr_empty PASSED                 [ 54%]
tests/test_geometrycollection.py::test_empty_bounds PASSED               [ 54%]
tests/test_geometrycollection.py::test_multipoint_wkt PASSED             [ 54%]
tests/test_geometrycollection.py::test_multipoint_repr PASSED            [ 54%]
tests/test_geometrycollection.py::test_multipoint_geo_interface PASSED   [ 55%]
tests/test_geometrycollection.py::test_nested_geometry_collection PASSED [ 55%]
tests/test_geometrycollection.py::test_nested_geometry_collection_geo_interface PASSED [ 55%]
tests/test_geometrycollection.py::test_nested_geometry_collection_eq PASSED [ 55%]
tests/test_geometrycollection.py::test_nested_geometry_collection_neq PASSED [ 55%]
tests/test_geometrycollection.py::test_geometry_collection_neq_when_empty PASSED [ 56%]
tests/test_geometrycollection.py::test_nested_geometry_collection_repr_eval PASSED [ 56%]
tests/test_geometrycollection.py::test_multipoint_collection_wkt_roundtrip PASSED [ 56%]
tests/test_geometrycollection.py::test_multi_geometry_collection_wkt PASSED [ 56%]
tests/test_geometrycollection.py::test_nested_geometry_collections_wkt PASSED [ 57%]
tests/test_line.py::test_coords_get2d PASSED                             [ 57%]
tests/test_line.py::test_coords_get_3d PASSED                            [ 57%]
tests/test_line.py::test_coords_get_nan PASSED                           [ 57%]
tests/test_line.py::test_empty_points_omitted PASSED                     [ 58%]
tests/test_line.py::test_set_geoms_raises PASSED                         [ 58%]
tests/test_line.py::test_geo_interface PASSED                            [ 58%]
tests/test_line.py::test_bounds PASSED                                   [ 58%]
tests/test_line.py::test_bounds3d PASSED                                 [ 58%]
tests/test_line.py::test_wkt PASSED                                      [ 59%]
tests/test_line.py::test_wkt3d PASSED                                    [ 59%]
tests/test_line.py::test_from_dict PASSED                                [ 59%]
tests/test_line.py::test_from_compatible PASSED                          [ 59%]
tests/test_line.py::test_repr2d PASSED                                   [ 60%]
tests/test_line.py::test_repr3d PASSED                                   [ 60%]
tests/test_line.py::test_repr_eval PASSED                                [ 60%]
tests/test_line.py::test_has_z_2d PASSED                                 [ 60%]
tests/test_line.py::test_has_z_3d PASSED                                 [ 61%]
tests/test_line.py::test_from_points PASSED                              [ 61%]
tests/test_line.py::test_from_points_3d PASSED                           [ 61%]
tests/test_line.py::test_from_points_mixed PASSED                        [ 61%]
tests/test_line.py::test_convex_hull PASSED                              [ 62%]
tests/test_line.py::test_convex_hull_3d PASSED                           [ 62%]
tests/test_line.py::test_convex_hull_3d_collapsed_to_point PASSED        [ 62%]
tests/test_line.py::test_convex_hull_linear_ring PASSED                  [ 62%]
tests/test_line.py::test_convex_hull_empty PASSED                        [ 62%]
tests/test_line.py::test_from_coordinates PASSED                         [ 63%]
tests/test_line.py::test_empty PASSED                                    [ 63%]
tests/test_line.py::test_empty_1_pt PASSED                               [ 63%]
tests/test_line.py::test_repr_empty PASSED                               [ 63%]
tests/test_line.py::test_empty_bounds PASSED                             [ 64%]
tests/test_line.py::test_bounds_1_pt PASSED                              [ 64%]
tests/test_line.py::test_empty_coords PASSED                             [ 64%]
tests/test_line.py::test_empty_coords_nan PASSED                         [ 64%]
tests/test_linear_ring.py::test_coords_get2d PASSED                      [ 65%]
tests/test_linear_ring.py::test_coords_get_3d PASSED                     [ 65%]
tests/test_linear_ring.py::test_set_geoms_raises PASSED                  [ 65%]
tests/test_linear_ring.py::test_geo_interface PASSED                     [ 65%]
tests/test_linear_ring.py::test_bounds PASSED                            [ 65%]
tests/test_linear_ring.py::test_bounds3d PASSED                          [ 66%]
tests/test_linear_ring.py::test_wkt PASSED                               [ 66%]
tests/test_linear_ring.py::test_wkt3d PASSED                             [ 66%]
tests/test_linear_ring.py::test_from_dict PASSED                         [ 66%]
tests/test_linear_ring.py::test_from_compatible PASSED                   [ 67%]
tests/test_linear_ring.py::test_repr2d PASSED                            [ 67%]
tests/test_linear_ring.py::test_repr3d PASSED                            [ 67%]
tests/test_linear_ring.py::test_repr_eval PASSED                         [ 67%]
tests/test_linear_ring.py::test_signed_area PASSED                       [ 68%]
tests/test_linear_ring.py::test_from_points PASSED                       [ 68%]
tests/test_linear_ring.py::test_convex_hull PASSED                       [ 68%]
tests/test_linear_ring.py::test_convex_hull_3d PASSED                    [ 68%]
tests/test_linear_ring.py::test_convex_hull_3d_collapsed_to_point PASSED [ 68%]
tests/test_linear_ring.py::test_convex_hull_linear_ring PASSED           [ 69%]
tests/test_linear_ring.py::test_is_ccw PASSED                            [ 69%]
tests/test_linear_ring.py::test_is_cw PASSED                             [ 69%]
tests/test_linear_ring.py::test_centroid_line PASSED                     [ 69%]
tests/test_linear_ring.py::test_centroid_3d PASSED                       [ 70%]
tests/test_linear_ring.py::test_centroid_crossing PASSED                 [ 70%]
tests/test_linear_ring.py::test_centroid_valid PASSED                    [ 70%]
tests/test_linear_ring.py::test_empty PASSED                             [ 70%]
tests/test_linear_ring.py::test_empty_bounds PASSED                      [ 71%]
tests/test_multiline.py::test_geoms PASSED                               [ 71%]
tests/test_multiline.py::test_len PASSED                                 [ 71%]
tests/test_multiline.py::test_geo_interface PASSED                       [ 71%]
tests/test_multiline.py::test_from_dict PASSED                           [ 72%]
tests/test_multiline.py::test_wkt PASSED                                 [ 72%]
tests/test_multiline.py::test_wkt_single_line PASSED                     [ 72%]
tests/test_multiline.py::test_repr PASSED                                [ 72%]
tests/test_multiline.py::test_repr_single_line PASSED                    [ 72%]
tests/test_multiline.py::test_unique PASSED                              [ 73%]
tests/test_multiline.py::test_repr_eval PASSED                           [ 73%]
tests/test_multiline.py::test_repr_eval_single_line PASSED               [ 73%]
tests/test_multiline.py::test_convex_hull PASSED                         [ 73%]
tests/test_multiline.py::test_convex_hull_3d PASSED                      [ 74%]
tests/test_multiline.py::test_convex_hull_3d_collapsed_to_point PASSED   [ 74%]
tests/test_multiline.py::test_convex_hull_linear_ring PASSED             [ 74%]
tests/test_multiline.py::test_from_linestrings PASSED                    [ 74%]
tests/test_multiline.py::test_from_linestrings_unique PASSED             [ 75%]
tests/test_multiline.py::test_from_linestrings_non_unique PASSED         [ 75%]
tests/test_multiline.py::test_is_empty PASSED                            [ 75%]
tests/test_multiline.py::test_repr_empty PASSED                          [ 75%]
tests/test_multiline.py::test_empty_bounds PASSED                        [ 75%]
tests/test_multipoint.py::test_geoms PASSED                              [ 76%]
tests/test_multipoint.py::test_len PASSED                                [ 76%]
tests/test_multipoint.py::test_bounds PASSED                             [ 76%]
tests/test_multipoint.py::test_has_z_empty PASSED                        [ 76%]
tests/test_multipoint.py::test_geo_interface PASSED                      [ 77%]
tests/test_multipoint.py::test_from_dict PASSED                          [ 77%]
tests/test_multipoint.py::test_coords PASSED                             [ 77%]
tests/test_multipoint.py::test_unique PASSED                             [ 77%]
tests/test_multipoint.py::test_wkt PASSED                                [ 78%]
tests/test_multipoint.py::test_repr PASSED                               [ 78%]
tests/test_multipoint.py::test_repr_eval PASSED                          [ 78%]
tests/test_multipoint.py::test_convex_hull PASSED                        [ 78%]
tests/test_multipoint.py::test_convex_hull_3d PASSED                     [ 79%]
tests/test_multipoint.py::test_convex_hull_3d_collapsed_to_point PASSED  [ 79%]
tests/test_multipoint.py::test_convex_hull_linear_ring PASSED            [ 79%]
tests/test_multipoint.py::test_from_points PASSED                        [ 79%]
tests/test_multipoint.py::test_from_points_unique PASSED                 [ 79%]
tests/test_multipoint.py::test_empty PASSED                              [ 80%]
tests/test_multipoint.py::test_repr_empty PASSED                         [ 80%]
tests/test_multipoint.py::test_empty_bounds PASSED                       [ 80%]
tests/test_multipoint.py::test_empty_geoms PASSED                        [ 80%]
tests/test_multipolygon.py::test_geoms PASSED                            [ 81%]
tests/test_multipolygon.py::test_len PASSED                              [ 81%]
tests/test_multipolygon.py::test_geo_interface PASSED                    [ 81%]
tests/test_multipolygon.py::test_from_dict PASSED                        [ 81%]
tests/test_multipolygon.py::test_wkt PASSED                              [ 82%]
tests/test_multipolygon.py::test_repr PASSED                             [ 82%]
tests/test_multipolygon.py::test_repr_eval PASSED                        [ 82%]
tests/test_multipolygon.py::test_convex_hull PASSED                      [ 82%]
tests/test_multipolygon.py::test_convex_hull_3d PASSED                   [ 82%]
tests/test_multipolygon.py::test_convex_hull_3d_collapsed_to_point PASSED [ 83%]
tests/test_multipolygon.py::test_convex_hull_linear_ring PASSED          [ 83%]
tests/test_multipolygon.py::test_unique PASSED                           [ 83%]
tests/test_multipolygon.py::test_from_polygons PASSED                    [ 83%]
tests/test_multipolygon.py::test_from_polygons_unique PASSED             [ 84%]
tests/test_multipolygon.py::test_is_empty PASSED                         [ 84%]
tests/test_multipolygon.py::test_empty_wkt PASSED                        [ 84%]
tests/test_multipolygon.py::test_repr_empty PASSED                       [ 84%]
tests/test_multipolygon.py::test_empty_bounds PASSED                     [ 85%]
tests/test_point.py::test_empty PASSED                                   [ 85%]
tests/test_point.py::test_empty_nan PASSED                               [ 85%]
tests/test_point.py::test_bool PASSED                                    [ 85%]
tests/test_point.py::test_bool_empty PASSED                              [ 86%]
tests/test_point.py::test_empty_wkt PASSED                               [ 86%]
tests/test_point.py::test_bounds PASSED                                  [ 86%]
tests/test_point.py::test_bounds3d PASSED                                [ 86%]
tests/test_point.py::test_xy PASSED                                      [ 86%]
tests/test_point.py::test_xy_raises_error_accessing_z PASSED             [ 87%]
tests/test_point.py::test_xyz PASSED                                     [ 87%]
tests/test_point.py::test_repr_empty PASSED                              [ 87%]
tests/test_point.py::test_coords_empty PASSED                            [ 87%]
tests/test_point.py::test_repr2d PASSED                                  [ 88%]
tests/test_point.py::test_repr3d PASSED                                  [ 88%]
tests/test_point.py::test_has_z_2d PASSED                                [ 88%]
tests/test_point.py::test_has_z_3d PASSED                                [ 88%]
tests/test_point.py::test_repr_eval PASSED                               [ 89%]
tests/test_point.py::test_wkt2d PASSED                                   [ 89%]
tests/test_point.py::test_wkt3d PASSED                                   [ 89%]
tests/test_point.py::test_coords_get PASSED                              [ 89%]
tests/test_point.py::test_geo_interface PASSED                           [ 89%]
tests/test_point.py::test_geo_interface_empty PASSED                     [ 90%]
tests/test_point.py::test_from_dict PASSED                               [ 90%]
tests/test_point.py::test_from_dict_wrong_type PASSED                    [ 90%]
tests/test_point.py::test_from_compatible PASSED                         [ 90%]
tests/test_point.py::test_eq_interface PASSED                            [ 91%]
tests/test_point.py::test_eq_floats PASSED                               [ 91%]
tests/test_point.py::test_neq_missing_interface PASSED                   [ 91%]
tests/test_point.py::test_neq_interface_coords PASSED                    [ 91%]
tests/test_point.py::test_convex_hull PASSED                             [ 92%]
tests/test_point.py::test_convex_hull_3d PASSED                          [ 92%]
tests/test_point.py::test_from_coordinates PASSED                        [ 92%]
tests/test_point.py::test_from_coordinates_3d PASSED                     [ 92%]
tests/test_point.py::test_empty_bounds PASSED                            [ 93%]
tests/test_polygon.py::test_coords PASSED                                [ 93%]
tests/test_polygon.py::test_coords_with_holes PASSED                     [ 93%]
tests/test_polygon.py::test_geo_interface_shell_only PASSED              [ 93%]
tests/test_polygon.py::test_geo_interface_with_holes PASSED              [ 93%]
tests/test_polygon.py::test_from_dict_shell_only PASSED                  [ 94%]
tests/test_polygon.py::test_from_dict_empty_coordinates PASSED           [ 94%]
tests/test_polygon.py::test_from_dict_with_holes PASSED                  [ 94%]
tests/test_polygon.py::test_from_compatible PASSED                       [ 94%]
tests/test_polygon.py::test_exteriors PASSED                             [ 95%]
tests/test_polygon.py::test_interiors PASSED                             [ 95%]
tests/test_polygon.py::test_bounds PASSED                                [ 95%]
tests/test_polygon.py::test_wkt_shell_only PASSED                        [ 95%]
tests/test_polygon.py::test_wkt_with_holes PASSED                        [ 96%]
tests/test_polygon.py::test_wkt_shell_only_3d PASSED                     [ 96%]
tests/test_polygon.py::test_repr PASSED                                  [ 96%]
tests/test_polygon.py::test_repr_shell_only PASSED                       [ 96%]
tests/test_polygon.py::test_repr_eval PASSED                             [ 96%]
tests/test_polygon.py::test_repr_eval_shell_only PASSED                  [ 97%]
tests/test_polygon.py::test_hasz PASSED                                  [ 97%]
tests/test_polygon.py::test_convex_hull PASSED                           [ 97%]
tests/test_polygon.py::test_convex_hull_3d PASSED                        [ 97%]
tests/test_polygon.py::test_convex_hull_3d_collapsed_to_point PASSED     [ 98%]
tests/test_polygon.py::test_convex_hull_linear_ring PASSED               [ 98%]
tests/test_polygon.py::test_from_linear_rings PASSED                     [ 98%]
tests/test_polygon.py::test_from_coordinates PASSED                      [ 98%]
tests/test_polygon.py::test_from_coordinates_with_holes PASSED           [ 99%]
tests/test_polygon.py::test_empty PASSED                                 [ 99%]
tests/test_polygon.py::test_empty_wkt PASSED                             [ 99%]
tests/test_polygon.py::test_repr_empty PASSED                            [ 99%]
tests/test_polygon.py::test_empty_bounds PASSED                          [100%]

=================================== FAILURES ===================================
__________________________________ test_shape __________________________________

    @given(multi_line_strings())
>   def test_shape(line: geometry.MultiLineString) -> None:
E   hypothesis.errors.FailedHealthCheck: It looks like your strategy is filtering out a lot of data. Health check found 50 filtered examples but only 8 good ones. This will make your tests much slower, and also will probably distort the data generation quite a lot. You should adapt your strategy to filter less. This can also be caused by a low max_leaves parameter in recursive() calls
E   See https://hypothesis.readthedocs.io/en/latest/reference/api.html#health-checks for more information about this. If you want to disable just this health check, add HealthCheck.filter_too_much to the suppress_health_check settings for this test.

tests/hypothesis/test_multilinestring.py:25: FailedHealthCheck
---------------------------------- Hypothesis ----------------------------------
You can add @seed(317059601244720366197565320571701073191) to this test or run pytest with --hypothesis-seed=317059601244720366197565320571701073191 to reproduce this failure.
________________________________ test_repr_eval ________________________________

    @given(polygons())
>   def test_repr_eval(poly: geometry.Polygon) -> None:
E   hypothesis.errors.FailedHealthCheck: It looks like your strategy is filtering out a lot of data. Health check found 50 filtered examples but only 8 good ones. This will make your tests much slower, and also will probably distort the data generation quite a lot. You should adapt your strategy to filter less. This can also be caused by a low max_leaves parameter in recursive() calls
E   See https://hypothesis.readthedocs.io/en/latest/reference/api.html#health-checks for more information about this. If you want to disable just this health check, add HealthCheck.filter_too_much to the suppress_health_check settings for this test.

tests/hypothesis/test_polygon.py:25: FailedHealthCheck
---------------------------------- Hypothesis ----------------------------------
You can add @seed(73925993961469713305257313904355139989) to this test or run pytest with --hypothesis-seed=73925993961469713305257313904355139989 to reproduce this failure.
_________________________________ test_bounds __________________________________

    @given(polygons())
>   def test_bounds(poly: geometry.Polygon) -> None:
E   hypothesis.errors.FailedHealthCheck: Data generation is extremely slow: Only produced 5 valid examples in 1.00 seconds (47 invalid ones and 0 exceeded maximum size). Try decreasing size of the data you're generating (with e.g. max_size or max_leaves parameters).
E            count | fraction |    slowest draws (seconds)
E     poly |   52  |    100%  |   0.050,  0.059,  0.060,  0.063,  0.104
E   See https://hypothesis.readthedocs.io/en/latest/reference/api.html#health-checks for more information about this. If you want to disable just this health check, add HealthCheck.too_slow to the suppress_health_check settings for this test.

tests/hypothesis/test_polygon.py:35: FailedHealthCheck
---------------------------------- Hypothesis ----------------------------------
You can add @seed(172914556626851889379021927018663733076) to this test or run pytest with --hypothesis-seed=172914556626851889379021927018663733076 to reproduce this failure.
___________________________ test_convex_hull_bounds ____________________________

    @given(polygons())
>   def test_convex_hull_bounds(poly: geometry.Polygon) -> None:
E   hypothesis.errors.FailedHealthCheck: It looks like your strategy is filtering out a lot of data. Health check found 50 filtered examples but only 6 good ones. This will make your tests much slower, and also will probably distort the data generation quite a lot. You should adapt your strategy to filter less. This can also be caused by a low max_leaves parameter in recursive() calls
E   See https://hypothesis.readthedocs.io/en/latest/reference/api.html#health-checks for more information about this. If you want to disable just this health check, add HealthCheck.filter_too_much to the suppress_health_check settings for this test.

tests/hypothesis/test_polygon.py:40: FailedHealthCheck
---------------------------------- Hypothesis ----------------------------------
You can add @seed(275014314556590370487659394294320368785) to this test or run pytest with --hypothesis-seed=275014314556590370487659394294320368785 to reproduce this failure.
________________________________ test_interiors ________________________________

    @given(polygons(min_interiors=1))
>   def test_interiors(poly: geometry.Polygon) -> None:
E   hypothesis.errors.FailedHealthCheck: It looks like your strategy is filtering out a lot of data. Health check found 50 filtered examples but only 0 good ones. This will make your tests much slower, and also will probably distort the data generation quite a lot. You should adapt your strategy to filter less. This can also be caused by a low max_leaves parameter in recursive() calls
E   See https://hypothesis.readthedocs.io/en/latest/reference/api.html#health-checks for more information about this. If you want to disable just this health check, add HealthCheck.filter_too_much to the suppress_health_check settings for this test.

tests/hypothesis/test_polygon.py:53: FailedHealthCheck
---------------------------------- Hypothesis ----------------------------------
You can add @seed(49563087590206551543204422473844414632) to this test or run pytest with --hypothesis-seed=49563087590206551543204422473844414632 to reproduce this failure.
=============================== warnings summary ===============================
tests/hypothesis/test_line.py::test_max_points_lt_2
  /usr/src/RPM/BUILD/python3-module-pygeoif-1.5.1/tests/hypothesis/test_line.py:17: NonInteractiveExampleWarning: The `.example()` method is good for exploring strategies, but should only be used interactively.  We recommend using `@given` for tests - it performs better, saves and replays failures to avoid flakiness, and reports minimal examples. (strategy: line_strings(max_points=1))
    line_strings(max_points=1).example()

tests/hypothesis/test_line.py: 42 warnings
  /usr/src/RPM/BUILD/python3-module-pygeoif-1.5.1/tests/hypothesis/test_line.py:42: UserWarning: The convex Hull will only return the projection to 2 dimensions xy coordinates
    assert line.convex_hull == force_2d(line.convex_hull)

tests/hypothesis/test_line.py: 42 warnings
  /usr/src/RPM/BUILD/python3-module-pygeoif-1.5.1/tests/hypothesis/test_line.py:43: UserWarning: The convex Hull will only return the projection to 2 dimensions xy coordinates
    assert line.convex_hull == force_2d(line).convex_hull

tests/hypothesis/test_line.py: 100 warnings
  /usr/src/RPM/BUILD/python3-module-pygeoif-1.5.1/tests/hypothesis/test_line.py:44: UserWarning: The convex Hull will only return the projection to 2 dimensions xy coordinates
    assert line.convex_hull == force_3d(line).convex_hull

tests/hypothesis/test_line.py: 42 warnings
  /usr/src/RPM/BUILD/python3-module-pygeoif-1.5.1/tests/hypothesis/test_line.py:55: UserWarning: The convex Hull will only return the projection to 2 dimensions xy coordinates
    assert line.convex_hull

tests/hypothesis/test_line.py: 42 warnings
  /usr/src/RPM/BUILD/python3-module-pygeoif-1.5.1/tests/hypothesis/test_line.py:56: UserWarning: The convex Hull will only return the projection to 2 dimensions xy coordinates
    assert line.convex_hull.bounds == line.bounds

tests/hypothesis/test_linear_ring.py::test_max_points_lt_3
  /usr/src/RPM/BUILD/python3-module-pygeoif-1.5.1/tests/hypothesis/test_linear_ring.py:15: NonInteractiveExampleWarning: The `.example()` method is good for exploring strategies, but should only be used interactively.  We recommend using `@given` for tests - it performs better, saves and replays failures to avoid flakiness, and reports minimal examples. (strategy: linear_rings(max_points=3))
    linear_rings(max_points=3).example()

tests/hypothesis/test_multilinestring.py: 100 warnings
  /usr/src/RPM/BUILD/python3-module-pygeoif-1.5.1/tests/hypothesis/test_multilinestring.py:38: UserWarning: The convex Hull will only return the projection to 2 dimensions xy coordinates
    assert line.convex_hull == force_3d(line).convex_hull

tests/hypothesis/test_multilinestring.py: 32 warnings
  /usr/src/RPM/BUILD/python3-module-pygeoif-1.5.1/tests/hypothesis/test_multilinestring.py:36: UserWarning: The convex Hull will only return the projection to 2 dimensions xy coordinates
    assert line.convex_hull == force_2d(line.convex_hull)

tests/hypothesis/test_multilinestring.py: 32 warnings
  /usr/src/RPM/BUILD/python3-module-pygeoif-1.5.1/tests/hypothesis/test_multilinestring.py:37: UserWarning: The convex Hull will only return the projection to 2 dimensions xy coordinates
    assert line.convex_hull == force_2d(line).convex_hull

tests/hypothesis/test_multilinestring.py: 64 warnings
  /usr/src/RPM/BUILD/python3-module-pygeoif-1.5.1/tests/hypothesis/test_multilinestring.py:49: UserWarning: The convex Hull will only return the projection to 2 dimensions xy coordinates
    assert line.convex_hull

tests/hypothesis/test_multilinestring.py: 64 warnings
  /usr/src/RPM/BUILD/python3-module-pygeoif-1.5.1/tests/hypothesis/test_multilinestring.py:50: UserWarning: The convex Hull will only return the projection to 2 dimensions xy coordinates
    assert line.convex_hull.bounds == line.bounds

tests/hypothesis/test_multipoint.py: 41 warnings
  /usr/src/RPM/BUILD/python3-module-pygeoif-1.5.1/tests/hypothesis/test_multipoint.py:37: UserWarning: The convex Hull will only return the projection to 2 dimensions xy coordinates
    assert multi_point.convex_hull == force_2d(multi_point).convex_hull

tests/hypothesis/test_multipoint.py: 41 warnings
  /usr/src/RPM/BUILD/python3-module-pygeoif-1.5.1/tests/hypothesis/test_multipoint.py:38: UserWarning: The convex Hull will only return the projection to 2 dimensions xy coordinates
    assert multi_point.convex_hull.bounds == multi_point.bounds

tests/hypothesis/test_multipolygon.py: 57 warnings
  /usr/src/RPM/BUILD/python3-module-pygeoif-1.5.1/tests/hypothesis/test_multipolygon.py:39: UserWarning: The convex Hull will only return the projection to 2 dimensions xy coordinates
    assert multi_poly.convex_hull == force_2d(multi_poly.convex_hull)

tests/hypothesis/test_multipolygon.py: 57 warnings
  /usr/src/RPM/BUILD/python3-module-pygeoif-1.5.1/tests/hypothesis/test_multipolygon.py:40: UserWarning: The convex Hull will only return the projection to 2 dimensions xy coordinates
    assert multi_poly.convex_hull == force_2d(multi_poly).convex_hull

tests/hypothesis/test_multipolygon.py: 100 warnings
  /usr/src/RPM/BUILD/python3-module-pygeoif-1.5.1/tests/hypothesis/test_multipolygon.py:41: UserWarning: The convex Hull will only return the projection to 2 dimensions xy coordinates
    assert multi_poly.convex_hull == force_3d(multi_poly).convex_hull

tests/hypothesis/test_multipolygon.py: 52 warnings
  /usr/src/RPM/BUILD/python3-module-pygeoif-1.5.1/tests/hypothesis/test_multipolygon.py:52: UserWarning: The convex Hull will only return the projection to 2 dimensions xy coordinates
    assert multi_poly.convex_hull

tests/hypothesis/test_multipolygon.py: 52 warnings
  /usr/src/RPM/BUILD/python3-module-pygeoif-1.5.1/tests/hypothesis/test_multipolygon.py:53: UserWarning: The convex Hull will only return the projection to 2 dimensions xy coordinates
    assert multi_poly.convex_hull.bounds == multi_poly.bounds

tests/hypothesis/test_point.py: 63 warnings
  /usr/src/RPM/BUILD/python3-module-pygeoif-1.5.1/tests/hypothesis/test_point.py:40: UserWarning: The convex Hull will only return the projection to 2 dimensions xy coordinates
    assert point.convex_hull == force_2d(point)

tests/hypothesis/test_point.py: 63 warnings
  /usr/src/RPM/BUILD/python3-module-pygeoif-1.5.1/tests/hypothesis/test_point.py:41: UserWarning: The convex Hull will only return the projection to 2 dimensions xy coordinates
    assert point.convex_hull.bounds == point.bounds

tests/hypothesis/test_polygon.py::test_max_points_lt_3
  /usr/src/RPM/BUILD/python3-module-pygeoif-1.5.1/tests/hypothesis/test_polygon.py:16: NonInteractiveExampleWarning: The `.example()` method is good for exploring strategies, but should only be used interactively.  We recommend using `@given` for tests - it performs better, saves and replays failures to avoid flakiness, and reports minimal examples. (strategy: polygons(max_points=3))
    polygons(max_points=3).example()

tests/hypothesis/test_polygon.py::test_convex_hull_bounds
tests/hypothesis/test_polygon.py::test_convex_hull_bounds
  /usr/src/RPM/BUILD/python3-module-pygeoif-1.5.1/tests/hypothesis/test_polygon.py:47: UserWarning: The convex Hull will only return the projection to 2 dimensions xy coordinates
    assert poly.convex_hull

tests/hypothesis/test_polygon.py::test_convex_hull_bounds
tests/hypothesis/test_polygon.py::test_convex_hull_bounds
  /usr/src/RPM/BUILD/python3-module-pygeoif-1.5.1/tests/hypothesis/test_polygon.py:48: UserWarning: The convex Hull will only return the projection to 2 dimensions xy coordinates
    assert poly.convex_hull.bounds == poly.bounds

tests/hypothesis/test_polygon.py::test_convex_hull_bounds
tests/hypothesis/test_polygon.py::test_convex_hull_bounds
  /usr/src/RPM/BUILD/python3-module-pygeoif-1.5.1/tests/hypothesis/test_polygon.py:49: UserWarning: The convex Hull will only return the projection to 2 dimensions xy coordinates
    assert poly.exterior.convex_hull == poly.convex_hull

tests/test_base.py::test_convex_hull
  /usr/src/RPM/BUILD/python3-module-pygeoif-1.5.1/tests/test_base.py:70: UserWarning: The convex Hull will only return the projection to 2 dimensions xy coordinates
    assert base_geo.convex_hull

tests/test_line.py::test_convex_hull_3d
  /usr/src/RPM/BUILD/python3-module-pygeoif-1.5.1/tests/test_line.py:174: UserWarning: The convex Hull will only return the projection to 2 dimensions xy coordinates
    assert line.convex_hull == geometry.LineString([(0, 0), (2, 2)])

tests/test_line.py::test_convex_hull_3d_collapsed_to_point
  /usr/src/RPM/BUILD/python3-module-pygeoif-1.5.1/tests/test_line.py:180: UserWarning: The convex Hull will only return the projection to 2 dimensions xy coordinates
    assert line.convex_hull == geometry.Point(0, 0)

tests/test_linear_ring.py::test_convex_hull_3d
  /usr/src/RPM/BUILD/python3-module-pygeoif-1.5.1/tests/test_linear_ring.py:139: UserWarning: The convex Hull will only return the projection to 2 dimensions xy coordinates
    assert line.convex_hull == geometry.LineString([(0, 0), (2, 2)])

tests/test_linear_ring.py::test_convex_hull_3d_collapsed_to_point
  /usr/src/RPM/BUILD/python3-module-pygeoif-1.5.1/tests/test_linear_ring.py:145: UserWarning: The convex Hull will only return the projection to 2 dimensions xy coordinates
    assert line.convex_hull == geometry.Point(0, 0)

tests/test_multiline.py::test_convex_hull_3d
  /usr/src/RPM/BUILD/python3-module-pygeoif-1.5.1/tests/test_multiline.py:122: UserWarning: The convex Hull will only return the projection to 2 dimensions xy coordinates
    assert lines.convex_hull == geometry.LineString([(0, 0), (2, 2)])

tests/test_multiline.py::test_convex_hull_3d_collapsed_to_point
  /usr/src/RPM/BUILD/python3-module-pygeoif-1.5.1/tests/test_multiline.py:128: UserWarning: The convex Hull will only return the projection to 2 dimensions xy coordinates
    assert lines.convex_hull == geometry.Point(0, 0)

tests/test_multipoint.py::test_convex_hull_3d
  /usr/src/RPM/BUILD/python3-module-pygeoif-1.5.1/tests/test_multipoint.py:118: UserWarning: The convex Hull will only return the projection to 2 dimensions xy coordinates
    assert multipoint.convex_hull == geometry.LineString([(0, 0), (2, 2)])

tests/test_multipoint.py::test_convex_hull_3d_collapsed_to_point
  /usr/src/RPM/BUILD/python3-module-pygeoif-1.5.1/tests/test_multipoint.py:124: UserWarning: The convex Hull will only return the projection to 2 dimensions xy coordinates
    assert multipoint.convex_hull == geometry.Point(0, 0)

tests/test_multipolygon.py::test_convex_hull_3d
  /usr/src/RPM/BUILD/python3-module-pygeoif-1.5.1/tests/test_multipolygon.py:160: UserWarning: The convex Hull will only return the projection to 2 dimensions xy coordinates
    assert polys.convex_hull == geometry.LineString([(0, 0), (2, 2)])

tests/test_multipolygon.py::test_convex_hull_3d_collapsed_to_point
  /usr/src/RPM/BUILD/python3-module-pygeoif-1.5.1/tests/test_multipolygon.py:171: UserWarning: The convex Hull will only return the projection to 2 dimensions xy coordinates
    assert polys.convex_hull == geometry.Point(0, 0)

tests/test_point.py::test_convex_hull_3d
  /usr/src/RPM/BUILD/python3-module-pygeoif-1.5.1/tests/test_point.py:229: UserWarning: The convex Hull will only return the projection to 2 dimensions xy coordinates
    assert point.convex_hull == geometry.Point(1, 2)

tests/test_polygon.py::test_convex_hull_3d
  /usr/src/RPM/BUILD/python3-module-pygeoif-1.5.1/tests/test_polygon.py:226: UserWarning: The convex Hull will only return the projection to 2 dimensions xy coordinates
    assert polygon.convex_hull == geometry.LineString([(0, 0), (2, 2)])

tests/test_polygon.py::test_convex_hull_3d_collapsed_to_point
  /usr/src/RPM/BUILD/python3-module-pygeoif-1.5.1/tests/test_polygon.py:232: UserWarning: The convex Hull will only return the projection to 2 dimensions xy coordinates
    assert polygon.convex_hull == geometry.Point(0, 0)

-- Docs: https://docs.pytest.org/en/stable/how-to/capture-warnings.html
=========================== short test summary info ============================
FAILED tests/hypothesis/test_multilinestring.py::test_shape - hypothesis.erro...
FAILED tests/hypothesis/test_polygon.py::test_repr_eval - hypothesis.errors.F...
FAILED tests/hypothesis/test_polygon.py::test_bounds - hypothesis.errors.Fail...
FAILED tests/hypothesis/test_polygon.py::test_convex_hull_bounds - hypothesis...
FAILED tests/hypothesis/test_polygon.py::test_interiors - hypothesis.errors.F...
=========== 5 failed, 424 passed, 1109 warnings in 81.13s (0:01:21) ============
INFO     : Command's result: FAILURE
INFO     : Command's error: Command '['python3', '-m', 'pytest', '-v']' returned non-zero exit status 1.
error: Bad exit status from /usr/src/tmp/rpm-tmp.35938 (%check)


RPM build errors:
    Bad exit status from /usr/src/tmp/rpm-tmp.35938 (%check)
Command exited with non-zero status 1
60.11user 5.06system 1:23.60elapsed 77%CPU (0avgtext+0avgdata 82456maxresident)k
0inputs+0outputs (0major+807785minor)pagefaults 0swaps
hsh-rebuild: rebuild of `python3-module-pygeoif-1.5.1-alt1.src.rpm' failed.
Command exited with non-zero status 1
7.37user 2.58system 1:43.61elapsed 9%CPU (0avgtext+0avgdata 142248maxresident)k
0inputs+0outputs (0major+352558minor)pagefaults 0swaps
