<86>May 16 04:17:34 userdel[3067461]: delete user 'rooter'
<86>May 16 04:17:34 userdel[3067461]: removed group 'rooter' owned by 'rooter'
<86>May 16 04:17:34 userdel[3067461]: removed shadow group 'rooter' owned by 'rooter'
<86>May 16 04:17:34 groupadd[3067502]: group added to /etc/group: name=rooter, GID=1865
<86>May 16 04:17:34 groupadd[3067502]: group added to /etc/gshadow: name=rooter
<86>May 16 04:17:34 groupadd[3067502]: new group: name=rooter, GID=1865
<86>May 16 04:17:34 useradd[3067534]: new user: name=rooter, UID=1865, GID=1865, home=/root, shell=/bin/bash, from=none
<86>May 16 04:17:34 userdel[3067594]: delete user 'builder'
<86>May 16 04:17:34 userdel[3067594]: removed group 'builder' owned by 'builder'
<86>May 16 04:17:34 userdel[3067594]: removed shadow group 'builder' owned by 'builder'
<86>May 16 04:17:34 groupadd[3067634]: group added to /etc/group: name=builder, GID=1866
<86>May 16 04:17:34 groupadd[3067634]: group added to /etc/gshadow: name=builder
<86>May 16 04:17:34 groupadd[3067634]: new group: name=builder, GID=1866
<86>May 16 04:17:34 useradd[3067669]: new user: name=builder, UID=1866, GID=1866, home=/usr/src, shell=/bin/bash, from=none
<13>May 16 04:17:38 rpmi: libopenblas-0.3.29-alt2 sisyphus+373279.100.1.1 1738760159 installed
<13>May 16 04:17:38 rpmi: libcares-1.34.5-alt1 sisyphus+381066.100.1.1 1744213475 installed
<13>May 16 04:17:38 rpmi: libyaml2-0.2.5-alt1 sisyphus+278391.100.1.1 1626094928 installed
<13>May 16 04:17:39 rpmi: libuv-1.50.0-alt1 sisyphus+377760.100.1.1 1741795923 installed
<13>May 16 04:17:39 rpmi: libncurses6-6.3.20220618-alt4 sisyphus+327286.4600.14.1 1711486705 installed
<13>May 16 04:17:39 rpmi: libtinfo-devel-6.3.20220618-alt4 sisyphus+327286.4600.14.1 1711486705 installed
<13>May 16 04:17:39 rpmi: libncurses-devel-6.3.20220618-alt4 sisyphus+327286.4600.14.1 1711486705 installed
<13>May 16 04:17:39 rpmi: libmpdec3-2.5.1-alt3 sisyphus+314490.500.5.1 1675432004 installed
<13>May 16 04:17:39 rpmi: openldap-common-2.6.9-alt2 sisyphus+367501.300.4.1 1735841751 installed
<13>May 16 04:17:39 rpmi: libverto-0.3.2-alt1_1 sisyphus+321176.2200.10.2 1684803947 installed
<13>May 16 04:17:39 rpmi: liblmdb-0.9.33-alt1 sisyphus+360625.100.1.1 1729819640 installed
<13>May 16 04:17:39 rpmi: libxblas-1.0.248-alt2 sisyphus+285045.40.2.1 1631388330 installed
<13>May 16 04:17:39 rpmi: libkeyutils-1.6.3-alt1 sisyphus+346336.200.2.2 1716472658 installed
<13>May 16 04:17:39 rpmi: libusb-1.0.27-alt1 sisyphus+347412.100.1.1 1714739651 installed
<13>May 16 04:17:39 rpmi: libhidapi-0.14.0-alt1 sisyphus+378183.100.1.1 1742067545 installed
<13>May 16 04:17:39 rpmi: libquadmath0-14.2.1-alt1 sisyphus+360995.100.1.1 1730131018 installed
<13>May 16 04:17:39 rpmi: libgfortran5-14.2.1-alt1 sisyphus+360995.100.1.1 1730131018 installed
<13>May 16 04:17:39 rpmi: liblapack-1:3.8.0-alt8 sisyphus+379383.100.1.1 1743069366 installed
<13>May 16 04:17:39 rpmi: libgdbm-1.8.3-alt10 sisyphus+346222.200.3.2 1716468404 installed
<13>May 16 04:17:39 rpmi: libexpat-2.7.1-alt1 sisyphus+379929.100.1.1 1743519381 installed
<13>May 16 04:17:39 rpmi: libev4-4.33-alt3 sisyphus+334335.340.4.1 1699912675 installed
<13>May 16 04:17:39 rpmi: openssl-config-3.2.0-alt1 sisyphus+366659.140.4.1 1736956949 installed
<13>May 16 04:17:39 rpmi: libcom_err-1.47.1.0.10.ad56-alt2 sisyphus+363497.200.3.1 1732729908 installed
<13>May 16 04:17:39 rpmi: libb2-0.98.1-alt1_1 sisyphus+291614.100.1.1 1638962877 installed
<13>May 16 04:17:39 rpmi: libp11-kit-1:0.25.5-alt1 sisyphus+352553.100.1.1 1720622573 installed
<13>May 16 04:17:39 rpmi: libtasn1-4.20.0-alt2 sisyphus+375829.100.1.1 1740299335 installed
<13>May 16 04:17:39 rpmi: rpm-macros-alternatives-0.5.3-alt1 sisyphus+371878.100.1.1 1737988822 installed
<13>May 16 04:17:39 rpmi: alternatives-0.5.3-alt1 sisyphus+371878.100.1.1 1737988822 installed
<13>May 16 04:17:39 rpmi: ca-certificates-2025.05.12-alt1 sisyphus+383903.200.2.1 1747060316 installed
<13>May 16 04:17:39 rpmi: ca-trust-0.2.0-alt1 sisyphus+344843.100.1.1 1712743326 installed
<13>May 16 04:17:39 rpmi: p11-kit-trust-1:0.25.5-alt1 sisyphus+352553.100.1.1 1720622573 installed
<13>May 16 04:17:39 rpmi: libcrypto3-3.3.3-alt1 sisyphus+374381.40.2.1 1739299401 installed
<13>May 16 04:17:39 rpmi: libssl3-3.3.3-alt1 sisyphus+374381.40.2.1 1739299401 installed
<13>May 16 04:17:39 rpmi: python3-3.12.10-alt1 sisyphus+381757.100.1.1 1744802808 installed
<13>May 16 04:17:40 rpmi: python3-base-3.12.10-alt1 sisyphus+381757.100.1.1 1744802808 installed
<13>May 16 04:17:40 rpmi: python3-module-attrs-25.3.0-alt1 sisyphus+378700.100.1.1 1742472992 installed
<13>May 16 04:17:40 rpmi: python3-module-idna-3.10-alt1 sisyphus+358681.100.1.1 1727701241 installed
<13>May 16 04:17:40 rpmi: python3-module-zope.interface-7.2-alt1.1 sisyphus+376369.21500.10.1 1746631801 installed
<13>May 16 04:17:40 rpmi: python3-module-more-itertools-10.6.0-alt1 sisyphus+369595.100.2.1 1737017267 installed
<13>May 16 04:17:40 rpmi: python3-module-packaging-25.0-alt1 sisyphus+382195.100.1.1 1745223121 installed
<13>May 16 04:17:40 rpmi: python3-module-jaraco.functools-4.1.0-alt1.1 sisyphus+376369.24200.10.1 1746632566 installed
<13>May 16 04:17:40 rpmi: python3-module-platformdirs-4.3.7-alt1 sisyphus+378659.100.2.1 1742562597 installed
<13>May 16 04:17:40 rpmi: python3-module-frozenlist-1.5.0-alt1 sisyphus+362047.100.1.1 1731079173 installed
<13>May 16 04:17:40 rpmi: python3-module-multidict-6.4.3-alt1 sisyphus+381313.100.1.1 1744375526 installed
<13>May 16 04:17:40 rpmi: python3-module-propcache-0.2.1-alt1 sisyphus+369528.100.1.1 1736868993 installed
<13>May 16 04:17:40 rpmi: python3-module-sortedcontainers-2.4.0-alt1 sisyphus+272042.100.1.1 1621262424 installed
<13>May 16 04:17:40 rpmi: python3-module-click-8.1.8-alt1 sisyphus+366297.100.1.1 1734946237 installed
<13>May 16 04:17:40 rpmi: python3-module-yaml-6.0.2-alt1.1 sisyphus+376369.16600.10.1 1746631034 installed
<86>May 16 04:17:40 groupadd[3087616]: group added to /etc/group: name=_keytab, GID=999
<86>May 16 04:17:40 groupadd[3087616]: group added to /etc/gshadow: name=_keytab
<86>May 16 04:17:40 groupadd[3087616]: new group: name=_keytab, GID=999
<13>May 16 04:17:40 rpmi: libkrb5-1.21.3-alt2 sisyphus+351857.100.1.1 1719735141 installed
<86>May 16 04:17:40 groupadd[3087851]: group added to /etc/group: name=sasl, GID=998
<86>May 16 04:17:40 groupadd[3087851]: group added to /etc/gshadow: name=sasl
<86>May 16 04:17:40 groupadd[3087851]: new group: name=sasl, GID=998
<13>May 16 04:17:40 rpmi: libsasl2-3-2.1.28-alt2.1 sisyphus+367419.100.1.1 1735482560 installed
<13>May 16 04:17:40 rpmi: libldap2-2.6.9-alt2 sisyphus+367501.300.4.1 1735841751 installed
<13>May 16 04:17:40 rpmi: libpq5-17-17.5-alt1 sisyphus+383526.100.1.1 1746616280 installed
<13>May 16 04:17:40 rpmi: python3-module-psycopg2-2.9.10-alt1 sisyphus+361099.100.1.1 1730221764 installed
<13>May 16 04:17:40 rpmi: python3-module-libcst-1.7.0-alt1 sisyphus+377931.100.1.1 1741945033 installed
<13>May 16 04:17:40 rpmi: python3-module-incremental-22.10.0-alt1 sisyphus+312706.100.1.1 1672404273 installed
<13>May 16 04:17:40 rpmi: python3-module-yarl-1.18.3-alt1 sisyphus+369529.100.2.1 1736876451 installed
<13>May 16 04:17:40 rpmi: python3-module-aiosignal-1.3.2-alt1 sisyphus+369480.100.1.1 1736854528 installed
<13>May 16 04:17:40 rpmi: python3-module-hyperlink-21.0.0-alt1.1 sisyphus+304836.100.1.1 1659710964 installed
<13>May 16 04:17:40 rpmi: python3-module-outcome-1.3.0-alt1 sisyphus+332382.100.1.1 1697882349 installed
<13>May 16 04:17:40 rpmi: libpython3-3.12.10-alt1 sisyphus+381757.100.1.1 1744802808 installed
<13>May 16 04:17:40 rpmi: python3-module-py3dephell-0.3.1-alt1 sisyphus+365261.200.1.1 1734463433 installed
<13>May 16 04:17:40 rpmi: python3-module-Cheetah-3.4.0-alt1.1.1 sisyphus+376369.27100.10.1 1746633546 installed
<13>May 16 04:17:40 rpmi: python3-module-openid-3.2.0-alt1 sisyphus+278049.100.2.1 1625998936 installed
<13>May 16 04:17:40 rpmi: python3-module-autocommand-2.2.2-alt1.1 sisyphus+339714.100.1.1 1706968174 installed
<13>May 16 04:17:40 rpmi: python3-module-jaraco.context-6.0.1-alt1.1 sisyphus+376369.6200.10.1 1746628448 installed
<13>May 16 04:17:40 rpmi: python3-module-jaraco.text-4.0.0-alt1.1 sisyphus+376369.7300.10.1 1746628739 installed
<13>May 16 04:17:40 rpmi: python3-module-wheel-0.45.1-alt3 sisyphus+384059.500.2.1 1747240259 installed
<13>May 16 04:17:40 rpmi: python3-module-pkg_resources-1:80.4.0-alt1 sisyphus+384059.100.2.1 1747240150 installed
<13>May 16 04:17:40 rpmi: python3-module-paste-3.10.1-alt1.1 sisyphus+376369.11500.10.1 1746629504 installed
<13>May 16 04:17:40 rpmi: python3-module-PasteScript-1:3.7.0-alt1.1 sisyphus+376369.24300.10.1 1746632597 installed
<13>May 16 04:17:40 rpmi: python3-module-PasteDeploy-1:3.1.0-alt1.1 sisyphus+376369.26200.10.1 1746633333 installed
<13>May 16 04:17:40 rpmi: python3-module-aiohappyeyeballs-2.4.4-alt1 sisyphus+369620.100.1.1 1736938218 installed
<13>May 16 04:17:40 rpmi: python3-module-pycparser-2.22-alt1 sisyphus+378485.100.1.1 1742331206 installed
<13>May 16 04:17:40 rpmi: python3-module-cffi-1.17.1-alt1 sisyphus+357396.100.1.1 1726156476 installed
<13>May 16 04:17:40 rpmi: python3-module-cryptography-44.0.0-alt1 sisyphus+368451.100.1.1 1736436050 installed
<13>May 16 04:17:40 rpmi: python3-module-openssl-24.3.0-alt1 sisyphus+368451.200.1.1 1736436083 installed
<13>May 16 04:17:41 rpmi: python3-module-pycares-4.8.0-alt1 sisyphus+383444.100.1.1 1746542991 installed
<13>May 16 04:17:41 rpmi: python3-module-astor-0.8.1-alt1.1 sisyphus+315877.100.1.1 1677481862 installed
<13>May 16 04:17:41 rpmi: python3-module-sniffio-1.3.1-alt1 sisyphus+341424.100.1.1 1708941879 installed
<13>May 16 04:17:41 rpmi: python3-module-trio-0.30.0-alt1 sisyphus+383467.100.1.2 1746556155 installed
<13>May 16 04:17:41 rpmi: python3-module-dns-1:2.6.1-alt1 sisyphus+341811.20.3.1 1709382170 installed
<13>May 16 04:17:41 rpmi: python3-module-objgraph-3.6.2-alt1 sisyphus+359468.100.1.1 1728573508 installed
<13>May 16 04:17:41 rpmi: python3-module-psutil-7.0.0-alt1 sisyphus+378483.100.1.1 1742330008 installed
<13>May 16 04:17:41 rpmi: python3-module-greenlet-3.2.2-alt1 sisyphus+383924.100.1.2 1747067810 installed
<13>May 16 04:17:41 rpmi: python3-module-eventlet-0.40.0-alt1 sisyphus+384110.100.1.1 1747219515 installed
<13>May 16 04:17:41 rpmi: python3-module-z3c-3.0.0-alt4 sisyphus+284857.200.1.1 1631109149 installed
<13>May 16 04:17:41 rpmi: python3-module-zc-1.0.0-alt7 sisyphus+284857.100.1.1 1631109117 installed
<13>May 16 04:17:41 rpmi: python3-module-zope-3.3.0-alt9 sisyphus+281937.200.4.1 1628175900 installed
<13>May 16 04:17:41 rpmi: python3-module-zope.event-5.0-alt1.1.1 sisyphus+376369.20700.10.1 1746631591 installed
<13>May 16 04:17:41 rpmi: python3-module-gevent-24.11.1-alt1 sisyphus+378463.100.2.1 1742318286 installed
<13>May 16 04:17:41 rpmi: python3-module-certifi-2024.12.14-alt1 sisyphus+369729.200.2.2 1737050219 installed
<13>May 16 04:17:41 rpmi: python3-module-appdirs-1.4.4-alt2 sisyphus+359005.100.1.1 1728036426 installed
<13>May 16 04:17:41 rpmi: python3-module-cython-hidapi-0.14.0-alt1.1 sisyphus+333513.54340.73.1 1704651867 installed
<13>May 16 04:17:41 rpmi: python3-module-serial-3.5-alt3 sisyphus+360600.100.2.1 1729786231 installed
<13>May 16 04:17:41 rpmi: python3-module-constantly-15.1.0-alt7 sisyphus+338906.100.1.1 1706107088 installed
<13>May 16 04:17:41 rpmi: python3-module-hyperframe-6.0.1-alt1 sisyphus+270376.300.2.1 1618957001 installed
<13>May 16 04:17:41 rpmi: python3-module-hpack-4.0.0-alt1 sisyphus+270376.200.1.1 1618956626 installed
<13>May 16 04:17:41 rpmi: python3-module-h2-4.1.0-alt1 sisyphus+325714.100.2.2 1690478873 installed
<13>May 16 04:17:41 rpmi: python3-module-priority-2.0.0-alt3 sisyphus+338701.100.1.2 1705988383 installed
<13>May 16 04:17:41 rpmi: python3-module-typing_extensions-4.13.2-alt1 sisyphus+381315.100.1.1 1744375640 installed
<13>May 16 04:17:41 rpmi: python3-module-automat-25.4.16-alt1.1 sisyphus+376369.25200.10.1 1746633028 installed
<13>May 16 04:17:41 rpmi: python3-module-twisted-logger-24.11.0-alt2 sisyphus+376609.40.2.1 1740866761 installed
<13>May 16 04:17:41 rpmi: python3-module-twisted-web-24.11.0-alt2 sisyphus+376609.40.2.1 1740866761 installed
<13>May 16 04:17:41 rpmi: python3-module-twisted-words-24.11.0-alt2 sisyphus+376609.40.2.1 1740866761 installed
<13>May 16 04:17:41 rpmi: python3-module-twisted-core-24.11.0-alt2 sisyphus+376609.40.2.1 1740866761 installed
<13>May 16 04:17:41 rpmi: python3-module-twisted-names-24.11.0-alt2 sisyphus+376609.40.2.1 1740866761 installed
<13>May 16 04:17:41 rpmi: python3-module-tornado-6.4.2-alt1 sisyphus+363445.100.1.1 1732635491 installed
<13>May 16 04:17:41 rpmi: python3-module-gunicorn-23.0.0-alt1 sisyphus+362920.200.1.1 1732021917 installed
<13>May 16 04:17:41 rpmi: python3-module-aiohttp-3.11.18-alt1 sisyphus+384011.100.1.1 1747133882 installed
<13>May 16 04:17:41 rpmi: python3-module-asgiref-3.8.1-alt1 sisyphus+372174.1500.2.1 1738333633 installed
<13>May 16 04:17:41 rpmi: python3-module-mypy_extensions-1.0.0-alt1 sisyphus+316350.100.2.1 1678357948 installed
<13>May 16 04:17:41 rpmi: python3-module-pathspec-0.12.1-alt1 sisyphus+341971.100.1.1 1709553025 installed
<13>May 16 04:17:41 rpmi: python3-module-black-25.1.0-alt1 sisyphus+372035.100.1.1 1738146346 installed
<13>May 16 04:17:41 rpmi: python3-module-charset-normalizer-3.2.0-alt1 sisyphus+347396.200.2.1 1714733155 installed
<13>May 16 04:17:41 rpmi: python3-module-six-1.17.0-alt1.1 sisyphus+373470.100.1.1 1738920023 installed
<13>May 16 04:17:41 rpmi: python3-module-dateutil-2.9.0.post0-alt1 sisyphus+378451.100.1.1 1742313746 installed
<13>May 16 04:17:41 rpmi: python3-module-markupsafe-1:3.0.2-alt1 sisyphus+360209.100.1.1 1729323052 installed
<13>May 16 04:17:41 rpmi: python3-module-jinja2-3.1.6-alt1 sisyphus+377889.1500.2.1 1742249941 installed
<13>May 16 04:17:41 rpmi: python3-module-sqlparse-0.5.3-alt1 sisyphus+367438.100.1.1 1735561443 installed
<13>May 16 04:17:41 rpmi: python3-module-django-dbbackend-postgresql-5.2.1-alt1 sisyphus+383925.100.1.1 1747069833 installed
<13>May 16 04:17:42 rpmi: python3-module-django-5.2.1-alt1 sisyphus+383925.100.1.1 1747069833 installed
<13>May 16 04:17:42 rpmi: python3-module-lark-1.2.2-alt1 sisyphus+358322.100.1.1 1727258177 installed
<13>May 16 04:17:42 rpmi: python3-module-numpy-1:1.26.5-alt1 sisyphus+352832.100.1.1 1720965091 installed
<13>May 16 04:17:42 rpmi: python3-module-iniconfig-2.1.0-alt1 sisyphus+378658.100.2.1 1742493599 installed
<13>May 16 04:17:42 rpmi: python3-module-pluggy-1.5.0-alt1 sisyphus+345632.100.2.1 1713864244 installed
<13>May 16 04:17:42 rpmi: python3-module-pytest-8.3.5-alt2 sisyphus+383865.100.1.1 1747039699 installed
<13>May 16 04:17:42 rpmi: python3-module-pytz-1:2025.2-alt1 sisyphus+379213.100.2.1 1742985453 installed
<13>May 16 04:17:43 rpmi: python3-module-urllib3-2:2.4.0-alt1 sisyphus+381271.100.2.1 1744618213 installed
<13>May 16 04:17:43 rpmi: python3-module-requests-2.32.3-alt1 sisyphus+349946.100.1.1 1717059877 installed
<13>May 16 04:17:43 rpmi: python3-module-redis-py-4.5.5-alt1.1 sisyphus+332415.100.1.1 1697904078 installed
<13>May 16 04:17:43 rpmi: tests-for-installed-python3-pkgs-0.1.28-alt1 sisyphus+375953.100.2.1 1740855713 installed
<13>May 16 04:17:43 rpmi: rpm-build-python3-0.1.28-alt1 sisyphus+375953.100.2.1 1740855713 installed
<13>May 16 04:17:43 rpmi: python3-dev-3.12.10-alt1 sisyphus+381757.100.1.1 1744802808 installed
<13>May 16 04:17:44 rpmi: python3-module-setuptools-1:80.4.0-alt1 sisyphus+384059.100.2.1 1747240150 installed
<13>May 16 04:17:44 rpmi: python3-module-hypothesis-6.131.16-alt1 sisyphus+383970.200.2.1 1747157058 installed
Building target platforms: x86_64
Building for target x86_64
Wrote: /usr/src/in/nosrpm/python3-module-pytz-deprecation-shim-0.1.0.post0-alt3.nosrc.rpm (w1.gzdio)
<13>May 16 04:17:46 rpmi: python3-module-pyproject-installer-0.5.5-alt2 sisyphus+366395.100.1.1 1735032014 installed
Installing python3-module-pytz-deprecation-shim-0.1.0.post0-alt3.src.rpm
Building target platforms: x86_64
Building for target x86_64
Executing(%prep): /bin/sh -e /usr/src/tmp/rpm-tmp.97333
+ umask 022
+ /bin/mkdir -p /usr/src/RPM/BUILD
+ cd /usr/src/RPM/BUILD
+ cd /usr/src/RPM/BUILD
+ rm -rf python3-module-pytz-deprecation-shim-0.1.0.post0
+ echo 'Source #0 (python3-module-pytz-deprecation-shim-0.1.0.post0.tar):'
Source #0 (python3-module-pytz-deprecation-shim-0.1.0.post0.tar):
+ /bin/tar -xf /usr/src/RPM/SOURCES/python3-module-pytz-deprecation-shim-0.1.0.post0.tar
+ cd python3-module-pytz-deprecation-shim-0.1.0.post0
+ /bin/chmod -c -Rf u+rwX,go-w .
+ echo 'Patch #0 (python3-module-pytz-deprecation-shim-0.1.0.post0-alt.patch):'
Patch #0 (python3-module-pytz-deprecation-shim-0.1.0.post0-alt.patch):
+ /usr/bin/patch -p1
patching file setup.cfg
patching file tests/test_pytz_equivalent.py
patching file tests/test_shims.py
+ exit 0
Executing(%build): /bin/sh -e /usr/src/tmp/rpm-tmp.97333
+ umask 022
+ /bin/mkdir -p /usr/src/RPM/BUILD
+ cd /usr/src/RPM/BUILD
+ cd python3-module-pytz-deprecation-shim-0.1.0.post0
+ export 'CFLAGS=-pipe -frecord-gcc-switches -Wall -g -O2 -flto=auto'
+ CFLAGS='-pipe -frecord-gcc-switches -Wall -g -O2 -flto=auto'
+ export 'CXXFLAGS=-pipe -frecord-gcc-switches -Wall -g -O2 -flto=auto'
+ CXXFLAGS='-pipe -frecord-gcc-switches -Wall -g -O2 -flto=auto'
+ export 'FFLAGS=-pipe -frecord-gcc-switches -Wall -g -O2 -flto=auto'
+ FFLAGS='-pipe -frecord-gcc-switches -Wall -g -O2 -flto=auto'
+ /usr/bin/python3 -m pyproject_installer -v build
INFO     : pyproject_installer.build_cmd._build : Building wheel
INFO     : pyproject_installer.build_cmd._build : Source tree: /usr/src/RPM/BUILD/python3-module-pytz-deprecation-shim-0.1.0.post0
INFO     : pyproject_installer.build_cmd._build : Output dir: /usr/src/RPM/BUILD/python3-module-pytz-deprecation-shim-0.1.0.post0/dist
DEBUG    : pyproject_installer.lib.build_backend : Validating source path
DEBUG    : pyproject_installer.lib.build_backend : Checking for PEP517 spec
DEBUG    : pyproject_installer.lib.build_backend : Parsing configuration file: /usr/src/RPM/BUILD/python3-module-pytz-deprecation-shim-0.1.0.post0/pyproject.toml
INFO     : backend_caller.py : Calling hook build_wheel in subprocess
INFO     : backend_caller.py : Build backend: setuptools.build_meta
INFO     : backend_caller.py : Hook args: ['/usr/src/RPM/BUILD/python3-module-pytz-deprecation-shim-0.1.0.post0/dist']
INFO     : backend_caller.py : Hook kwargs: {'config_settings': None}
/usr/lib64/python3/site-packages/setuptools/dist.py:761: SetuptoolsDeprecationWarning: License classifiers are deprecated.
!!

        ********************************************************************************
        Please consider removing the following classifiers in favor of a SPDX license expression:

        License :: OSI Approved :: Apache Software License

        See https://packaging.python.org/en/latest/guides/writing-pyproject-toml/#license for details.
        ********************************************************************************

!!
  self._finalize_license_expression()
INFO     : root : running bdist_wheel
/usr/lib64/python3/site-packages/setuptools/_distutils/cmd.py:135: SetuptoolsDeprecationWarning: bdist_wheel.universal is deprecated
!!

        ********************************************************************************
        With Python 2.7 end-of-life, support for building universal wheels
        (i.e., wheels that support both Python 2 and Python 3)
        is being obviated.
        Please discontinue using this option, or if you still need it,
        file an issue with pypa/setuptools describing your use case.

        By 2025-Aug-30, you need to update your project and remove deprecated calls
        or your builds will no longer be supported.
        ********************************************************************************

!!
  self.finalize_options()
INFO     : root : running build
INFO     : root : running build_py
INFO     : root : creating build/lib/pytz_deprecation_shim
INFO     : root : copying src/pytz_deprecation_shim/helpers.py -> build/lib/pytz_deprecation_shim
INFO     : root : copying src/pytz_deprecation_shim/_impl.py -> build/lib/pytz_deprecation_shim
INFO     : root : copying src/pytz_deprecation_shim/_exceptions.py -> build/lib/pytz_deprecation_shim
INFO     : root : copying src/pytz_deprecation_shim/_compat_py3.py -> build/lib/pytz_deprecation_shim
INFO     : root : copying src/pytz_deprecation_shim/_compat_py2.py -> build/lib/pytz_deprecation_shim
INFO     : root : copying src/pytz_deprecation_shim/_compat.py -> build/lib/pytz_deprecation_shim
INFO     : root : copying src/pytz_deprecation_shim/_common.py -> build/lib/pytz_deprecation_shim
INFO     : root : copying src/pytz_deprecation_shim/__init__.py -> build/lib/pytz_deprecation_shim
INFO     : root : installing to build/bdist.linux-x86_64/wheel
INFO     : root : running install
INFO     : root : running install_lib
INFO     : root : creating build/bdist.linux-x86_64/wheel
INFO     : root : creating build/bdist.linux-x86_64/wheel/pytz_deprecation_shim
INFO     : root : copying build/lib/pytz_deprecation_shim/__init__.py -> build/bdist.linux-x86_64/wheel/./pytz_deprecation_shim
INFO     : root : copying build/lib/pytz_deprecation_shim/_common.py -> build/bdist.linux-x86_64/wheel/./pytz_deprecation_shim
INFO     : root : copying build/lib/pytz_deprecation_shim/_compat.py -> build/bdist.linux-x86_64/wheel/./pytz_deprecation_shim
INFO     : root : copying build/lib/pytz_deprecation_shim/_compat_py2.py -> build/bdist.linux-x86_64/wheel/./pytz_deprecation_shim
INFO     : root : copying build/lib/pytz_deprecation_shim/_compat_py3.py -> build/bdist.linux-x86_64/wheel/./pytz_deprecation_shim
INFO     : root : copying build/lib/pytz_deprecation_shim/_exceptions.py -> build/bdist.linux-x86_64/wheel/./pytz_deprecation_shim
INFO     : root : copying build/lib/pytz_deprecation_shim/_impl.py -> build/bdist.linux-x86_64/wheel/./pytz_deprecation_shim
INFO     : root : copying build/lib/pytz_deprecation_shim/helpers.py -> build/bdist.linux-x86_64/wheel/./pytz_deprecation_shim
INFO     : root : running install_egg_info
INFO     : root : running egg_info
INFO     : root : creating src/pytz_deprecation_shim.egg-info
INFO     : root : writing src/pytz_deprecation_shim.egg-info/PKG-INFO
INFO     : root : writing dependency_links to src/pytz_deprecation_shim.egg-info/dependency_links.txt
INFO     : root : writing requirements to src/pytz_deprecation_shim.egg-info/requires.txt
INFO     : root : writing top-level names to src/pytz_deprecation_shim.egg-info/top_level.txt
INFO     : root : writing manifest file 'src/pytz_deprecation_shim.egg-info/SOURCES.txt'
INFO     : root : reading manifest file 'src/pytz_deprecation_shim.egg-info/SOURCES.txt'
INFO     : root : reading manifest template 'MANIFEST.in'
WARNING  : root : warning: no files found matching '*' under directory 'templates'
WARNING  : root : warning: no files found matching '*.png' under directory 'docs'
WARNING  : root : no previously-included directories found matching 'docs/_build'
WARNING  : root : no previously-included directories found matching 'docs/_output'
WARNING  : root : no previously-included directories found matching 'build'
WARNING  : root : no previously-included directories found matching 'dist'
WARNING  : root : no previously-included directories found matching 'tmp'
WARNING  : root : warning: no previously-included files matching '*.pyc' found anywhere in distribution
WARNING  : root : warning: no previously-included files matching '*.pyo' found anywhere in distribution
INFO     : root : adding license file 'LICENSE'
INFO     : root : adding license file 'licenses/LICENSE_APACHE'
INFO     : root : writing manifest file 'src/pytz_deprecation_shim.egg-info/SOURCES.txt'
INFO     : root : Copying src/pytz_deprecation_shim.egg-info to build/bdist.linux-x86_64/wheel/./pytz_deprecation_shim-0.1.0.post0-py3.12.egg-info
INFO     : root : running install_scripts
INFO     : root : creating build/bdist.linux-x86_64/wheel/pytz_deprecation_shim-0.1.0.post0.dist-info/WHEEL
INFO     : wheel : creating '/usr/src/RPM/BUILD/python3-module-pytz-deprecation-shim-0.1.0.post0/dist/.tmp-3dx4ppkf/pytz_deprecation_shim-0.1.0.post0-py2.py3-none-any.whl' and adding 'build/bdist.linux-x86_64/wheel' to it
INFO     : wheel : adding 'pytz_deprecation_shim/__init__.py'
INFO     : wheel : adding 'pytz_deprecation_shim/_common.py'
INFO     : wheel : adding 'pytz_deprecation_shim/_compat.py'
INFO     : wheel : adding 'pytz_deprecation_shim/_compat_py2.py'
INFO     : wheel : adding 'pytz_deprecation_shim/_compat_py3.py'
INFO     : wheel : adding 'pytz_deprecation_shim/_exceptions.py'
INFO     : wheel : adding 'pytz_deprecation_shim/_impl.py'
INFO     : wheel : adding 'pytz_deprecation_shim/helpers.py'
INFO     : wheel : adding 'pytz_deprecation_shim-0.1.0.post0.dist-info/licenses/LICENSE'
INFO     : wheel : adding 'pytz_deprecation_shim-0.1.0.post0.dist-info/licenses/licenses/LICENSE_APACHE'
INFO     : wheel : adding 'pytz_deprecation_shim-0.1.0.post0.dist-info/METADATA'
INFO     : wheel : adding 'pytz_deprecation_shim-0.1.0.post0.dist-info/WHEEL'
INFO     : wheel : adding 'pytz_deprecation_shim-0.1.0.post0.dist-info/top_level.txt'
INFO     : wheel : adding 'pytz_deprecation_shim-0.1.0.post0.dist-info/RECORD'
INFO     : root : removing build/bdist.linux-x86_64/wheel
INFO     : pyproject_installer.build_cmd._build : Built wheel: pytz_deprecation_shim-0.1.0.post0-py2.py3-none-any.whl
+ exit 0
Executing(%install): /bin/sh -e /usr/src/tmp/rpm-tmp.97333
+ umask 022
+ /bin/mkdir -p /usr/src/RPM/BUILD
+ cd /usr/src/RPM/BUILD
+ /bin/chmod -Rf u+rwX -- /usr/src/tmp/python3-module-pytz-deprecation-shim-buildroot
+ :
+ /bin/rm -rf -- /usr/src/tmp/python3-module-pytz-deprecation-shim-buildroot
+ PATH=/usr/libexec/rpm-build:/usr/src/bin:/usr/bin:/bin:/usr/local/bin:/usr/games
+ cd python3-module-pytz-deprecation-shim-0.1.0.post0
+ /usr/bin/python3 -m pyproject_installer -v install --destdir=/usr/src/tmp/python3-module-pytz-deprecation-shim-buildroot
INFO     : pyproject_installer.install_cmd._install : Installing wheel
INFO     : pyproject_installer.install_cmd._install : Wheel directory: /usr/src/RPM/BUILD/python3-module-pytz-deprecation-shim-0.1.0.post0/dist
INFO     : pyproject_installer.install_cmd._install : Wheel filename: pytz_deprecation_shim-0.1.0.post0-py2.py3-none-any.whl
INFO     : pyproject_installer.install_cmd._install : Destination: /usr/src/tmp/python3-module-pytz-deprecation-shim-buildroot
DEBUG    : pyproject_installer.lib.wheel : Parsing wheel filename
DEBUG    : pyproject_installer.lib.wheel : Validating wheel file
DEBUG    : pyproject_installer.lib.wheel : Validating wheel spec version
DEBUG    : pyproject_installer.lib.wheel : Parsing wheel spec metadata
DEBUG    : pyproject_installer.lib.wheel : Validating RECORD
INFO     : pyproject_installer.install_cmd._install : Wheel installation root: /usr/src/tmp/python3-module-pytz-deprecation-shim-buildroot/usr/lib/python3/site-packages
INFO     : pyproject_installer.install_cmd._install : Extracting wheel
DEBUG    : pyproject_installer.install_cmd._install : Filtering out not allowed file: pytz_deprecation_shim-0.1.0.post0.dist-info/licenses/LICENSE
DEBUG    : pyproject_installer.install_cmd._install : Filtering out not allowed file: pytz_deprecation_shim-0.1.0.post0.dist-info/licenses/licenses/LICENSE_APACHE
DEBUG    : pyproject_installer.install_cmd._install : Filtering out not allowed file: pytz_deprecation_shim-0.1.0.post0.dist-info/WHEEL
DEBUG    : pyproject_installer.install_cmd._install : Filtering out not allowed file: pytz_deprecation_shim-0.1.0.post0.dist-info/top_level.txt
DEBUG    : pyproject_installer.install_cmd._install : Filtering out not allowed file: pytz_deprecation_shim-0.1.0.post0.dist-info/RECORD
INFO     : pyproject_installer.install_cmd._install : Wheel was installed
+ /usr/lib/rpm/brp-alt
Cleaning files in /usr/src/tmp/python3-module-pytz-deprecation-shim-buildroot (auto)
Verifying and fixing files in /usr/src/tmp/python3-module-pytz-deprecation-shim-buildroot (binconfig,pkgconfig,libtool,desktop,gnuconfig)
Checking contents of files in /usr/src/tmp/python3-module-pytz-deprecation-shim-buildroot/ (default)
Compressing files in /usr/src/tmp/python3-module-pytz-deprecation-shim-buildroot (auto)
Adjusting library links in /usr/src/tmp/python3-module-pytz-deprecation-shim-buildroot
./usr/lib: (from <cmdline>:0)
Verifying ELF objects in /usr/src/tmp/python3-module-pytz-deprecation-shim-buildroot (arch=normal,fhs=normal,lfs=relaxed,lint=relaxed,rpath=normal,stack=normal,textrel=normal,unresolved=normal)
Splitting links to aliased files under /{,s}bin in /usr/src/tmp/python3-module-pytz-deprecation-shim-buildroot
Bytecompiling python3 modules in /usr/src/tmp/python3-module-pytz-deprecation-shim-buildroot using /usr/bin/python3
compile /usr/src/tmp/python3-module-pytz-deprecation-shim-buildroot/usr/lib/python3/site-packages/pytz_deprecation_shim/__init__.py
compile /usr/src/tmp/python3-module-pytz-deprecation-shim-buildroot/usr/lib/python3/site-packages/pytz_deprecation_shim/_common.py
compile /usr/src/tmp/python3-module-pytz-deprecation-shim-buildroot/usr/lib/python3/site-packages/pytz_deprecation_shim/_compat.py
compile /usr/src/tmp/python3-module-pytz-deprecation-shim-buildroot/usr/lib/python3/site-packages/pytz_deprecation_shim/_compat_py2.py
compile /usr/src/tmp/python3-module-pytz-deprecation-shim-buildroot/usr/lib/python3/site-packages/pytz_deprecation_shim/_compat_py3.py
compile /usr/src/tmp/python3-module-pytz-deprecation-shim-buildroot/usr/lib/python3/site-packages/pytz_deprecation_shim/_exceptions.py
compile /usr/src/tmp/python3-module-pytz-deprecation-shim-buildroot/usr/lib/python3/site-packages/pytz_deprecation_shim/_impl.py
compile /usr/src/tmp/python3-module-pytz-deprecation-shim-buildroot/usr/lib/python3/site-packages/pytz_deprecation_shim/helpers.py
Bytecompiling python3 modules with optimization in /usr/src/tmp/python3-module-pytz-deprecation-shim-buildroot using /usr/bin/python3 -O
compile /usr/src/tmp/python3-module-pytz-deprecation-shim-buildroot/usr/lib/python3/site-packages/pytz_deprecation_shim/__init__.py
compile /usr/src/tmp/python3-module-pytz-deprecation-shim-buildroot/usr/lib/python3/site-packages/pytz_deprecation_shim/_common.py
compile /usr/src/tmp/python3-module-pytz-deprecation-shim-buildroot/usr/lib/python3/site-packages/pytz_deprecation_shim/_compat.py
compile /usr/src/tmp/python3-module-pytz-deprecation-shim-buildroot/usr/lib/python3/site-packages/pytz_deprecation_shim/_compat_py2.py
compile /usr/src/tmp/python3-module-pytz-deprecation-shim-buildroot/usr/lib/python3/site-packages/pytz_deprecation_shim/_compat_py3.py
compile /usr/src/tmp/python3-module-pytz-deprecation-shim-buildroot/usr/lib/python3/site-packages/pytz_deprecation_shim/_exceptions.py
compile /usr/src/tmp/python3-module-pytz-deprecation-shim-buildroot/usr/lib/python3/site-packages/pytz_deprecation_shim/_impl.py
compile /usr/src/tmp/python3-module-pytz-deprecation-shim-buildroot/usr/lib/python3/site-packages/pytz_deprecation_shim/helpers.py
Bytecompiling python3 modules with optimization-2 in /usr/src/tmp/python3-module-pytz-deprecation-shim-buildroot using /usr/bin/python3 -OO
compile /usr/src/tmp/python3-module-pytz-deprecation-shim-buildroot/usr/lib/python3/site-packages/pytz_deprecation_shim/__init__.py
compile /usr/src/tmp/python3-module-pytz-deprecation-shim-buildroot/usr/lib/python3/site-packages/pytz_deprecation_shim/_common.py
compile /usr/src/tmp/python3-module-pytz-deprecation-shim-buildroot/usr/lib/python3/site-packages/pytz_deprecation_shim/_compat.py
compile /usr/src/tmp/python3-module-pytz-deprecation-shim-buildroot/usr/lib/python3/site-packages/pytz_deprecation_shim/_compat_py2.py
compile /usr/src/tmp/python3-module-pytz-deprecation-shim-buildroot/usr/lib/python3/site-packages/pytz_deprecation_shim/_compat_py3.py
compile /usr/src/tmp/python3-module-pytz-deprecation-shim-buildroot/usr/lib/python3/site-packages/pytz_deprecation_shim/_exceptions.py
compile /usr/src/tmp/python3-module-pytz-deprecation-shim-buildroot/usr/lib/python3/site-packages/pytz_deprecation_shim/_impl.py
compile /usr/src/tmp/python3-module-pytz-deprecation-shim-buildroot/usr/lib/python3/site-packages/pytz_deprecation_shim/helpers.py
Hardlinking identical .pyc and .opt-?.pyc files
'./usr/lib/python3/site-packages/pytz_deprecation_shim/__pycache__/__init__.cpython-312.opt-1.pyc' => './usr/lib/python3/site-packages/pytz_deprecation_shim/__pycache__/__init__.cpython-312.pyc'
'./usr/lib/python3/site-packages/pytz_deprecation_shim/__pycache__/__init__.cpython-312.opt-2.pyc' => './usr/lib/python3/site-packages/pytz_deprecation_shim/__pycache__/__init__.cpython-312.opt-1.pyc'
'./usr/lib/python3/site-packages/pytz_deprecation_shim/__pycache__/_common.cpython-312.opt-1.pyc' => './usr/lib/python3/site-packages/pytz_deprecation_shim/__pycache__/_common.cpython-312.pyc'
'./usr/lib/python3/site-packages/pytz_deprecation_shim/__pycache__/_compat.cpython-312.opt-1.pyc' => './usr/lib/python3/site-packages/pytz_deprecation_shim/__pycache__/_compat.cpython-312.pyc'
'./usr/lib/python3/site-packages/pytz_deprecation_shim/__pycache__/_compat.cpython-312.opt-2.pyc' => './usr/lib/python3/site-packages/pytz_deprecation_shim/__pycache__/_compat.cpython-312.opt-1.pyc'
'./usr/lib/python3/site-packages/pytz_deprecation_shim/__pycache__/_compat_py2.cpython-312.opt-1.pyc' => './usr/lib/python3/site-packages/pytz_deprecation_shim/__pycache__/_compat_py2.cpython-312.pyc'
'./usr/lib/python3/site-packages/pytz_deprecation_shim/__pycache__/_compat_py2.cpython-312.opt-2.pyc' => './usr/lib/python3/site-packages/pytz_deprecation_shim/__pycache__/_compat_py2.cpython-312.opt-1.pyc'
'./usr/lib/python3/site-packages/pytz_deprecation_shim/__pycache__/_compat_py3.cpython-312.opt-1.pyc' => './usr/lib/python3/site-packages/pytz_deprecation_shim/__pycache__/_compat_py3.cpython-312.pyc'
'./usr/lib/python3/site-packages/pytz_deprecation_shim/__pycache__/_compat_py3.cpython-312.opt-2.pyc' => './usr/lib/python3/site-packages/pytz_deprecation_shim/__pycache__/_compat_py3.cpython-312.opt-1.pyc'
'./usr/lib/python3/site-packages/pytz_deprecation_shim/__pycache__/_exceptions.cpython-312.opt-1.pyc' => './usr/lib/python3/site-packages/pytz_deprecation_shim/__pycache__/_exceptions.cpython-312.pyc'
'./usr/lib/python3/site-packages/pytz_deprecation_shim/__pycache__/_impl.cpython-312.opt-1.pyc' => './usr/lib/python3/site-packages/pytz_deprecation_shim/__pycache__/_impl.cpython-312.pyc'
'./usr/lib/python3/site-packages/pytz_deprecation_shim/__pycache__/helpers.cpython-312.opt-1.pyc' => './usr/lib/python3/site-packages/pytz_deprecation_shim/__pycache__/helpers.cpython-312.pyc'
Executing(%check): /bin/sh -e /usr/src/tmp/rpm-tmp.38594
+ umask 022
+ /bin/mkdir -p /usr/src/RPM/BUILD
+ cd /usr/src/RPM/BUILD
+ cd python3-module-pytz-deprecation-shim-0.1.0.post0
+ export 'CFLAGS=-pipe -frecord-gcc-switches -Wall -g -O2 -flto=auto'
+ CFLAGS='-pipe -frecord-gcc-switches -Wall -g -O2 -flto=auto'
+ export 'CXXFLAGS=-pipe -frecord-gcc-switches -Wall -g -O2 -flto=auto'
+ CXXFLAGS='-pipe -frecord-gcc-switches -Wall -g -O2 -flto=auto'
+ export 'FFLAGS=-pipe -frecord-gcc-switches -Wall -g -O2 -flto=auto'
+ FFLAGS='-pipe -frecord-gcc-switches -Wall -g -O2 -flto=auto'
+ export NO_INTERNET=YES
+ NO_INTERNET=YES
+ /usr/bin/python3 -m pyproject_installer run -- python3 -m pytest tests
INFO     : Creating venv
INFO     : Installing console scripts
INFO     : Installing package: /usr/src/RPM/BUILD/python3-module-pytz-deprecation-shim-0.1.0.post0/dist/pytz_deprecation_shim-0.1.0.post0-py2.py3-none-any.whl
INFO     : Running command: ['/usr/src/RPM/BUILD/python3-module-pytz-deprecation-shim-0.1.0.post0/.run_venv/bin/python3', '-m', 'pyproject_installer', 'install', '/usr/src/RPM/BUILD/python3-module-pytz-deprecation-shim-0.1.0.post0/dist/pytz_deprecation_shim-0.1.0.post0-py2.py3-none-any.whl']
INFO     : Running command: ['python3', '-m', 'pytest', 'tests']
============================= test session starts ==============================
platform linux -- Python 3.12.10, pytest-8.3.5, pluggy-1.5.0
rootdir: /usr/src/RPM/BUILD/python3-module-pytz-deprecation-shim-0.1.0.post0
configfile: setup.cfg
plugins: hypothesis-6.131.16
collected 420 items

tests/test_errors.py .F..                                                [  0%]
tests/test_helpers.py .................................................. [ 12%]
........................................................................ [ 30%]
.......                                                                  [ 31%]
tests/test_pytz_equivalent.py XXX.F.                                     [ 33%]
tests/test_shims.py ......x............................................. [ 45%]
........................................................................ [ 62%]
........................................................................ [ 79%]
........................................................................ [ 96%]
.............                                                            [100%]

=================================== FAILURES ===================================
_________________________ test_localize_aware_datetime _________________________

key = 'America/Coyhaique'

    def load_tzdata(key):
        from importlib import resources
    
        components = key.split("/")
        package_name = ".".join(["tzdata.zoneinfo"] + components[:-1])
        resource_name = components[-1]
    
        try:
>           return resources.files(package_name).joinpath(resource_name).open("rb")

/usr/lib64/python3.12/zoneinfo/_common.py:12: 
_ _ _ _ _ _ _ _ _ _ _ _ _ _ _ _ _ _ _ _ _ _ _ _ _ _ _ _ _ _ _ _ _ _ _ _ _ _ _ _ 
/usr/lib64/python3.12/importlib/resources/_common.py:46: in wrapper
    return func(anchor)
/usr/lib64/python3.12/importlib/resources/_common.py:56: in files
    return from_package(resolve(anchor))
/usr/lib64/python3.12/functools.py:912: in wrapper
    return dispatch(args[0].__class__)(*args, **kw)
/usr/lib64/python3.12/importlib/resources/_common.py:82: in _
    return importlib.import_module(cand)
_ _ _ _ _ _ _ _ _ _ _ _ _ _ _ _ _ _ _ _ _ _ _ _ _ _ _ _ _ _ _ _ _ _ _ _ _ _ _ _ 

name = 'tzdata.zoneinfo.America', package = None

    def import_module(name, package=None):
        """Import a module.
    
        The 'package' argument is required when performing a relative import. It
        specifies the package to use as the anchor point from which to resolve the
        relative import to an absolute import.
    
        """
        level = 0
        if name.startswith('.'):
            if not package:
                raise TypeError("the 'package' argument is required to perform a "
                                f"relative import for {name!r}")
            for character in name:
                if character != '.':
                    break
                level += 1
>       return _bootstrap._gcd_import(name[level:], package, level)
E       ModuleNotFoundError: No module named 'tzdata'

/usr/lib64/python3.12/importlib/__init__.py:90: ModuleNotFoundError

During handling of the above exception, another exception occurred:

key = 'America/Coyhaique'
_cache = {'Africa/Abidjan': _PytzShimTimezone(zoneinfo.ZoneInfo(key='Africa/Abidjan'), 'Africa/Abidjan'), 'Africa/Accra': _Pytz...), 'Africa/Algiers'), 'Africa/Bamako': _PytzShimTimezone(zoneinfo.ZoneInfo(key='Africa/Bamako'), 'Africa/Bamako'), ...}

    def timezone(key, _cache={}):
        """Builds an IANA database time zone shim.
    
        This is the equivalent of ``pytz.timezone``.
    
        :param key:
            A valid key from the IANA time zone database.
    
        :raises UnknownTimeZoneError:
            If an unknown value is passed, this will raise an exception that can be
            caught by :exc:`pytz_deprecation_shim.UnknownTimeZoneError` or
            ``pytz.UnknownTimeZoneError``. Like
            :exc:`zoneinfo.ZoneInfoNotFoundError`, both of those are subclasses of
            :exc:`KeyError`.
        """
        instance = _cache.get(key, None)
        if instance is None:
            if len(key) == 3 and key.lower() == "utc":
                instance = _cache.setdefault(key, UTC)
            else:
                try:
>                   zone = _compat.get_timezone(key)

.run_venv/lib64/python3/site-packages/pytz_deprecation_shim/_impl.py:39: 
_ _ _ _ _ _ _ _ _ _ _ _ _ _ _ _ _ _ _ _ _ _ _ _ _ _ _ _ _ _ _ _ _ _ _ _ _ _ _ _ 
.run_venv/lib64/python3/site-packages/pytz_deprecation_shim/_compat_py3.py:16: in get_timezone
    return zoneinfo.ZoneInfo(key)
_ _ _ _ _ _ _ _ _ _ _ _ _ _ _ _ _ _ _ _ _ _ _ _ _ _ _ _ _ _ _ _ _ _ _ _ _ _ _ _ 

key = 'America/Coyhaique'

    def load_tzdata(key):
        from importlib import resources
    
        components = key.split("/")
        package_name = ".".join(["tzdata.zoneinfo"] + components[:-1])
        resource_name = components[-1]
    
        try:
            return resources.files(package_name).joinpath(resource_name).open("rb")
        except (ImportError, FileNotFoundError, UnicodeEncodeError):
            # There are three types of exception that can be raised that all amount
            # to "we cannot find this key":
            #
            # ImportError: If package_name doesn't exist (e.g. if tzdata is not
            #   installed, or if there's an error in the folder name like
            #   Amrica/New_York)
            # FileNotFoundError: If resource_name doesn't exist in the package
            #   (e.g. Europe/Krasnoy)
            # UnicodeEncodeError: If package_name or resource_name are not UTF-8,
            #   such as keys containing a surrogate character.
>           raise ZoneInfoNotFoundError(f"No time zone found with key {key}")
E           zoneinfo._common.ZoneInfoNotFoundError: 'No time zone found with key America/Coyhaique'

/usr/lib64/python3.12/zoneinfo/_common.py:24: ZoneInfoNotFoundError

During handling of the above exception, another exception occurred:

    @hypothesis.given(key=valid_zone_strategy)
>   def test_localize_aware_datetime(key):

tests/test_errors.py:30: 
_ _ _ _ _ _ _ _ _ _ _ _ _ _ _ _ _ _ _ _ _ _ _ _ _ _ _ _ _ _ _ _ _ _ _ _ _ _ _ _ 
tests/test_errors.py:31: in test_localize_aware_datetime
    zone = pds.timezone(key)
_ _ _ _ _ _ _ _ _ _ _ _ _ _ _ _ _ _ _ _ _ _ _ _ _ _ _ _ _ _ _ _ _ _ _ _ _ _ _ _ 

key = 'America/Coyhaique'
_cache = {'Africa/Abidjan': _PytzShimTimezone(zoneinfo.ZoneInfo(key='Africa/Abidjan'), 'Africa/Abidjan'), 'Africa/Accra': _Pytz...), 'Africa/Algiers'), 'Africa/Bamako': _PytzShimTimezone(zoneinfo.ZoneInfo(key='Africa/Bamako'), 'Africa/Bamako'), ...}

    def timezone(key, _cache={}):
        """Builds an IANA database time zone shim.
    
        This is the equivalent of ``pytz.timezone``.
    
        :param key:
            A valid key from the IANA time zone database.
    
        :raises UnknownTimeZoneError:
            If an unknown value is passed, this will raise an exception that can be
            caught by :exc:`pytz_deprecation_shim.UnknownTimeZoneError` or
            ``pytz.UnknownTimeZoneError``. Like
            :exc:`zoneinfo.ZoneInfoNotFoundError`, both of those are subclasses of
            :exc:`KeyError`.
        """
        instance = _cache.get(key, None)
        if instance is None:
            if len(key) == 3 and key.lower() == "utc":
                instance = _cache.setdefault(key, UTC)
            else:
                try:
                    zone = _compat.get_timezone(key)
                except KeyError:
>                   raise get_exception(UnknownTimeZoneError, key)
E                   pytz_deprecation_shim._exceptions._make_pytz_derived_errors.<locals>.UnknownTimeZoneError: 'America/Coyhaique'
E                   Falsifying example: test_localize_aware_datetime(
E                       key='America/Coyhaique',
E                   )
E                   Explanation:
E                       These lines were always and only run by failing examples:
E                           /usr/lib64/python3.12/zoneinfo/_tzpath.py:79

.run_venv/lib64/python3/site-packages/pytz_deprecation_shim/_impl.py:41: UnknownTimeZoneError
_____________________________ test_zone_attribute ______________________________

key = 'America/Coyhaique'

    def load_tzdata(key):
        from importlib import resources
    
        components = key.split("/")
        package_name = ".".join(["tzdata.zoneinfo"] + components[:-1])
        resource_name = components[-1]
    
        try:
>           return resources.files(package_name).joinpath(resource_name).open("rb")

/usr/lib64/python3.12/zoneinfo/_common.py:12: 
_ _ _ _ _ _ _ _ _ _ _ _ _ _ _ _ _ _ _ _ _ _ _ _ _ _ _ _ _ _ _ _ _ _ _ _ _ _ _ _ 
/usr/lib64/python3.12/importlib/resources/_common.py:46: in wrapper
    return func(anchor)
/usr/lib64/python3.12/importlib/resources/_common.py:56: in files
    return from_package(resolve(anchor))
/usr/lib64/python3.12/functools.py:912: in wrapper
    return dispatch(args[0].__class__)(*args, **kw)
/usr/lib64/python3.12/importlib/resources/_common.py:82: in _
    return importlib.import_module(cand)
_ _ _ _ _ _ _ _ _ _ _ _ _ _ _ _ _ _ _ _ _ _ _ _ _ _ _ _ _ _ _ _ _ _ _ _ _ _ _ _ 

name = 'tzdata.zoneinfo.America', package = None

    def import_module(name, package=None):
        """Import a module.
    
        The 'package' argument is required when performing a relative import. It
        specifies the package to use as the anchor point from which to resolve the
        relative import to an absolute import.
    
        """
        level = 0
        if name.startswith('.'):
            if not package:
                raise TypeError("the 'package' argument is required to perform a "
                                f"relative import for {name!r}")
            for character in name:
                if character != '.':
                    break
                level += 1
>       return _bootstrap._gcd_import(name[level:], package, level)
E       ModuleNotFoundError: No module named 'tzdata'

/usr/lib64/python3.12/importlib/__init__.py:90: ModuleNotFoundError

During handling of the above exception, another exception occurred:

key = 'America/Coyhaique'
_cache = {'Africa/Abidjan': _PytzShimTimezone(zoneinfo.ZoneInfo(key='Africa/Abidjan'), 'Africa/Abidjan'), 'Africa/Accra': _Pytz...), 'Africa/Algiers'), 'Africa/Asmara': _PytzShimTimezone(zoneinfo.ZoneInfo(key='Africa/Asmara'), 'Africa/Asmara'), ...}

    def timezone(key, _cache={}):
        """Builds an IANA database time zone shim.
    
        This is the equivalent of ``pytz.timezone``.
    
        :param key:
            A valid key from the IANA time zone database.
    
        :raises UnknownTimeZoneError:
            If an unknown value is passed, this will raise an exception that can be
            caught by :exc:`pytz_deprecation_shim.UnknownTimeZoneError` or
            ``pytz.UnknownTimeZoneError``. Like
            :exc:`zoneinfo.ZoneInfoNotFoundError`, both of those are subclasses of
            :exc:`KeyError`.
        """
        instance = _cache.get(key, None)
        if instance is None:
            if len(key) == 3 and key.lower() == "utc":
                instance = _cache.setdefault(key, UTC)
            else:
                try:
>                   zone = _compat.get_timezone(key)

.run_venv/lib64/python3/site-packages/pytz_deprecation_shim/_impl.py:39: 
_ _ _ _ _ _ _ _ _ _ _ _ _ _ _ _ _ _ _ _ _ _ _ _ _ _ _ _ _ _ _ _ _ _ _ _ _ _ _ _ 
.run_venv/lib64/python3/site-packages/pytz_deprecation_shim/_compat_py3.py:16: in get_timezone
    return zoneinfo.ZoneInfo(key)
_ _ _ _ _ _ _ _ _ _ _ _ _ _ _ _ _ _ _ _ _ _ _ _ _ _ _ _ _ _ _ _ _ _ _ _ _ _ _ _ 

key = 'America/Coyhaique'

    def load_tzdata(key):
        from importlib import resources
    
        components = key.split("/")
        package_name = ".".join(["tzdata.zoneinfo"] + components[:-1])
        resource_name = components[-1]
    
        try:
            return resources.files(package_name).joinpath(resource_name).open("rb")
        except (ImportError, FileNotFoundError, UnicodeEncodeError):
            # There are three types of exception that can be raised that all amount
            # to "we cannot find this key":
            #
            # ImportError: If package_name doesn't exist (e.g. if tzdata is not
            #   installed, or if there's an error in the folder name like
            #   Amrica/New_York)
            # FileNotFoundError: If resource_name doesn't exist in the package
            #   (e.g. Europe/Krasnoy)
            # UnicodeEncodeError: If package_name or resource_name are not UTF-8,
            #   such as keys containing a surrogate character.
>           raise ZoneInfoNotFoundError(f"No time zone found with key {key}")
E           zoneinfo._common.ZoneInfoNotFoundError: 'No time zone found with key America/Coyhaique'

/usr/lib64/python3.12/zoneinfo/_common.py:24: ZoneInfoNotFoundError

During handling of the above exception, another exception occurred:

    @hypothesis.given(key=valid_zone_strategy)
>   def test_zone_attribute(key):

tests/test_pytz_equivalent.py:233: 
_ _ _ _ _ _ _ _ _ _ _ _ _ _ _ _ _ _ _ _ _ _ _ _ _ _ _ _ _ _ _ _ _ _ _ _ _ _ _ _ 
tests/test_pytz_equivalent.py:235: in test_zone_attribute
    shim_zone = pds.timezone(key)
_ _ _ _ _ _ _ _ _ _ _ _ _ _ _ _ _ _ _ _ _ _ _ _ _ _ _ _ _ _ _ _ _ _ _ _ _ _ _ _ 

key = 'America/Coyhaique'
_cache = {'Africa/Abidjan': _PytzShimTimezone(zoneinfo.ZoneInfo(key='Africa/Abidjan'), 'Africa/Abidjan'), 'Africa/Accra': _Pytz...), 'Africa/Algiers'), 'Africa/Asmara': _PytzShimTimezone(zoneinfo.ZoneInfo(key='Africa/Asmara'), 'Africa/Asmara'), ...}

    def timezone(key, _cache={}):
        """Builds an IANA database time zone shim.
    
        This is the equivalent of ``pytz.timezone``.
    
        :param key:
            A valid key from the IANA time zone database.
    
        :raises UnknownTimeZoneError:
            If an unknown value is passed, this will raise an exception that can be
            caught by :exc:`pytz_deprecation_shim.UnknownTimeZoneError` or
            ``pytz.UnknownTimeZoneError``. Like
            :exc:`zoneinfo.ZoneInfoNotFoundError`, both of those are subclasses of
            :exc:`KeyError`.
        """
        instance = _cache.get(key, None)
        if instance is None:
            if len(key) == 3 and key.lower() == "utc":
                instance = _cache.setdefault(key, UTC)
            else:
                try:
                    zone = _compat.get_timezone(key)
                except KeyError:
>                   raise get_exception(UnknownTimeZoneError, key)
E                   pytz_deprecation_shim._exceptions._make_pytz_derived_errors.<locals>.UnknownTimeZoneError: 'America/Coyhaique'
E                   Falsifying example: test_zone_attribute(
E                       key='America/Coyhaique',
E                   )
E                   Explanation:
E                       These lines were always and only run by failing examples:
E                           /usr/lib64/python3.12/zoneinfo/_tzpath.py:79

.run_venv/lib64/python3/site-packages/pytz_deprecation_shim/_impl.py:41: UnknownTimeZoneError
================================== Hypothesis ==================================
`git apply .hypothesis/patches/2025-05-16--96c443e6.patch` to add failing examples to your code.
=========================== short test summary info ============================
FAILED tests/test_errors.py::test_localize_aware_datetime - pytz_deprecation_...
FAILED tests/test_pytz_equivalent.py::test_zone_attribute - pytz_deprecation_...
============= 2 failed, 414 passed, 1 xfailed, 3 xpassed in 5.47s ==============
INFO     : Command's result: FAILURE
INFO     : Command's error: Command '['python3', '-m', 'pytest', 'tests']' returned non-zero exit status 1.
error: Bad exit status from /usr/src/tmp/rpm-tmp.38594 (%check)


RPM build errors:
    Bad exit status from /usr/src/tmp/rpm-tmp.38594 (%check)
Command exited with non-zero status 1
6.19user 0.95system 0:07.10elapsed 100%CPU (0avgtext+0avgdata 256968maxresident)k
0inputs+0outputs (0major+179409minor)pagefaults 0swaps
hsh-rebuild: rebuild of `python3-module-pytz-deprecation-shim-0.1.0.post0-alt3.src.rpm' failed.
Command exited with non-zero status 1
4.31user 3.26system 0:23.07elapsed 32%CPU (0avgtext+0avgdata 141704maxresident)k
0inputs+0outputs (0major+300010minor)pagefaults 0swaps
