<86>May 16 03:27:32 userdel[366178]: delete user 'rooter'
<86>May 16 03:27:32 userdel[366178]: removed group 'rooter' owned by 'rooter'
<86>May 16 03:27:32 userdel[366178]: removed shadow group 'rooter' owned by 'rooter'
<86>May 16 03:27:32 groupadd[366185]: group added to /etc/group: name=rooter, GID=1217
<86>May 16 03:27:32 groupadd[366185]: group added to /etc/gshadow: name=rooter
<86>May 16 03:27:32 groupadd[366185]: new group: name=rooter, GID=1217
<86>May 16 03:27:32 useradd[366191]: new user: name=rooter, UID=1217, GID=1217, home=/root, shell=/bin/bash, from=none
<86>May 16 03:27:32 userdel[366201]: delete user 'builder'
<86>May 16 03:27:32 userdel[366201]: removed group 'builder' owned by 'builder'
<86>May 16 03:27:32 groupadd[366208]: group added to /etc/group: name=builder, GID=1218
<86>May 16 03:27:32 groupadd[366208]: group added to /etc/gshadow: name=builder
<86>May 16 03:27:32 groupadd[366208]: new group: name=builder, GID=1218
<86>May 16 03:27:32 useradd[366214]: new user: name=builder, UID=1218, GID=1218, home=/usr/src, shell=/bin/bash, from=none
<13>May 16 03:27:41 rpmi: libmpdec3-2.5.1-alt3 sisyphus+314490.500.5.1 1675432004 installed
<13>May 16 03:27:41 rpmi: libgdbm-1.8.3-alt10 sisyphus+346222.200.3.2 1716468404 installed
<13>May 16 03:27:41 rpmi: libexpat-2.7.1-alt1 sisyphus+379929.100.1.1 1743519381 installed
<13>May 16 03:27:41 rpmi: openssl-config-3.2.0-alt1 sisyphus+366659.140.4.1 1736956949 installed
<13>May 16 03:27:41 rpmi: libb2-0.98.1-alt1_1 sisyphus+291614.100.1.1 1638962877 installed
<13>May 16 03:27:41 rpmi: libp11-kit-1:0.25.5-alt1 sisyphus+352553.100.1.1 1720622573 installed
<13>May 16 03:27:41 rpmi: libtasn1-4.20.0-alt2 sisyphus+375829.100.1.1 1740299335 installed
<13>May 16 03:27:41 rpmi: rpm-macros-alternatives-0.5.3-alt1 sisyphus+371878.100.1.1 1737988822 installed
<13>May 16 03:27:41 rpmi: alternatives-0.5.3-alt1 sisyphus+371878.100.1.1 1737988822 installed
<13>May 16 03:27:41 rpmi: ca-certificates-2025.05.12-alt1 sisyphus+383903.200.2.1 1747060316 installed
<13>May 16 03:27:41 rpmi: ca-trust-0.2.0-alt1 sisyphus+344843.100.1.1 1712743326 installed
<13>May 16 03:27:41 rpmi: p11-kit-trust-1:0.25.5-alt1 sisyphus+352553.100.1.1 1720622573 installed
<13>May 16 03:27:42 rpmi: libcrypto3-3.3.3-alt1 sisyphus+374381.40.2.1 1739299401 installed
<13>May 16 03:27:42 rpmi: libssl3-3.3.3-alt1 sisyphus+374381.40.2.1 1739299401 installed
<13>May 16 03:27:42 rpmi: python3-3.12.10-alt1 sisyphus+381757.100.1.1 1744802808 installed
<13>May 16 03:27:42 rpmi: python3-base-3.12.10-alt1 sisyphus+381757.100.1.1 1744802808 installed
<13>May 16 03:27:42 rpmi: python3-module-py3dephell-0.3.1-alt1 sisyphus+365261.200.1.1 1734463433 installed
<13>May 16 03:27:43 rpmi: python3-module-pyproject-installer-0.5.5-alt2 sisyphus+366395.100.1.1 1735032014 installed
<13>May 16 03:27:43 rpmi: rpm-macros-pyproject-0.0.9-alt1 sisyphus+362541.300.2.1 1731671840 installed
<13>May 16 03:27:43 rpmi: tests-for-installed-python3-pkgs-0.1.28-alt1 sisyphus+375953.100.2.1 1740855713 installed
<13>May 16 03:27:43 rpmi: rpm-build-python3-0.1.28-alt1 sisyphus+375953.100.2.1 1740855713 installed
<13>May 16 03:27:43 rpmi: rpm-build-pyproject-0.0.9-alt1 sisyphus+362541.300.2.1 1731671840 installed
<13>May 16 03:28:14 rpmi: python3-module-typing_extensions-4.13.2-alt1 sisyphus+381315.100.1.1 1744375640 installed
<13>May 16 03:28:14 rpmi: python3-module-attrs-25.3.0-alt1 sisyphus+378700.100.1.1 1742472992 installed
<13>May 16 03:28:14 rpmi: python3-module-docutils-0.20.1-alt1 sisyphus+323438.100.1.1 1687370718 installed
<13>May 16 03:28:14 rpmi: python3-module-click-8.1.8-alt1 sisyphus+366297.100.1.1 1734946237 installed
<13>May 16 03:28:14 rpmi: python3-module-zope.interface-7.2-alt1.1 sisyphus+376369.21500.10.1 1746631801 installed
<13>May 16 03:28:14 rpmi: python3-module-idna-3.10-alt1 sisyphus+358681.100.1.1 1727701241 installed
<13>May 16 03:28:14 rpmi: python3-module-Pygments-2.19.1-alt1 sisyphus+368586.100.2.1 1737039695 installed
<13>May 16 03:28:14 rpmi: python3-module-packaging-25.0-alt1 sisyphus+382195.100.1.1 1745223121 installed
<13>May 16 03:28:14 rpmi: python3-module-six-1.17.0-alt1.1 sisyphus+373470.100.1.1 1738920023 installed
<13>May 16 03:28:14 rpmi: python3-module-dateutil-2.9.0.post0-alt1 sisyphus+378451.100.1.1 1742313746 installed
<13>May 16 03:28:14 rpmi: python3-module-markupsafe-1:3.0.2-alt1 sisyphus+360209.100.1.1 1729323052 installed
<13>May 16 03:28:14 rpmi: python3-module-jinja2-3.1.6-alt1 sisyphus+377889.1500.2.1 1742249941 installed
<13>May 16 03:28:14 rpmi: python3-module-urllib3-2:2.4.0-alt1 sisyphus+381271.100.2.1 1744618213 installed
<13>May 16 03:28:14 rpmi: python3-module-wcwidth-0.2.13-alt1 sisyphus+341792.100.2.1 1709543329 installed
<13>May 16 03:28:14 rpmi: python3-module-asgiref-3.8.1-alt1 sisyphus+372174.1500.2.1 1738333633 installed
<13>May 16 03:28:14 rpmi: python3-module-pluggy-1.5.0-alt1 sisyphus+345632.100.2.1 1713864244 installed
<13>May 16 03:28:14 rpmi: python3-module-werkzeug-3.1.3-alt1 sisyphus+361875.200.2.1 1731337173 installed
<13>May 16 03:28:14 rpmi: python3-module-outcome-1.3.0-alt1 sisyphus+332382.100.1.1 1697882349 installed
<13>May 16 03:28:14 rpmi: python3-module-h11-0.14.0-alt1 sisyphus+312690.100.1.1 1672395335 installed
<13>May 16 03:28:14 rpmi: python3-module-itsdangerous-2.2.0-alt1 sisyphus+345793.200.2.1 1714032239 installed
<13>May 16 03:28:14 rpmi: python3-module-jmespath-1.0.1-alt1 sisyphus+317988.100.2.1 1680612150 installed
<13>May 16 03:28:14 rpmi: python3-module-certifi-2024.12.14-alt1 sisyphus+369729.200.2.2 1737050219 installed
<13>May 16 03:28:14 rpmi: python3-module-sniffio-1.3.1-alt1 sisyphus+341424.100.1.1 1708941879 installed
<13>May 16 03:28:14 rpmi: python3-module-anyio-4.9.0-alt1 sisyphus+380033.1100.6.1 1743624903 installed
<13>May 16 03:28:14 rpmi: python3-module-starlette-0.46.2-alt1 sisyphus+382533.100.1.1 1745502362 installed
<13>May 16 03:28:14 rpmi: python3-module-multidict-6.4.3-alt1 sisyphus+381313.100.1.1 1744375526 installed
<13>May 16 03:28:14 rpmi: python3-module-more-itertools-10.6.0-alt1 sisyphus+369595.100.2.1 1737017267 installed
<13>May 16 03:28:14 rpmi: libtcl-8.6.13-alt1 sisyphus+310696.100.1.1 1669548266 installed
<13>May 16 03:28:14 rpmi: libidn2-2.3.7-alt1 sisyphus+339505.100.1.2 1706718968 installed
<13>May 16 03:28:14 rpmi: libnettle8-3.10.1-alt1 sisyphus+372008.100.1.1 1738078259 installed
<13>May 16 03:28:14 rpmi: python3-module-jaraco.functools-4.1.0-alt1.1 sisyphus+376369.24200.10.1 1746632566 installed
<13>May 16 03:28:14 rpmi: python3-module-hyperlink-21.0.0-alt1.1 sisyphus+304836.100.1.1 1659710964 installed
<13>May 16 03:28:14 rpmi: python3-module-traitlets-5.14.3-alt1 sisyphus+345559.100.1.1 1713606266 installed
<13>May 16 03:28:14 rpmi: python3-module-rpds-py-0.24.0-alt1 sisyphus+379397.100.1.1 1743076397 installed
<13>May 16 03:28:14 rpmi: python3-module-referencing-0.36.2-alt1 sisyphus+371784.100.1.1 1737888262 installed
<13>May 16 03:28:14 rpmi: python3-module-html5tagger-1.3.0-alt1 sisyphus+354562.600.3.1 1723069786 installed
<13>May 16 03:28:15 rpmi: python3-module-graphql-core-3.2.6-alt1 sisyphus+376265.100.1.1 1740648737 installed
<13>May 16 03:28:15 rpmi: python3-module-xmod-1.8.1-alt1 sisyphus+354658.1700.13.1 1723248064 installed
<13>May 16 03:28:15 rpmi: python3-module-blinker-1.9.0-alt1 sisyphus+362571.300.7.1 1734000808 installed
<13>May 16 03:28:15 rpmi: python3-module-flask-3.1.0-alt1 sisyphus+362571.400.7.1 1734000837 installed
<13>May 16 03:28:15 rpmi: python3-module-pathspec-0.12.1-alt1 sisyphus+341971.100.1.1 1709553025 installed
<13>May 16 03:28:15 rpmi: python3-module-mypy_extensions-1.0.0-alt1 sisyphus+316350.100.2.1 1678357948 installed
<13>May 16 03:28:15 rpmi: python3-module-decorator-5.2.1-alt1 sisyphus+376067.100.1.1 1740491622 installed
<13>May 16 03:28:15 rpmi: python3-module-priority-2.0.0-alt3 sisyphus+338701.100.1.2 1705988383 installed
<13>May 16 03:28:15 rpmi: python3-module-sortedcontainers-2.4.0-alt1 sisyphus+272042.100.1.1 1621262424 installed
<13>May 16 03:28:15 rpmi: python3-module-propcache-0.2.1-alt1 sisyphus+369528.100.1.1 1736868993 installed
<13>May 16 03:28:15 rpmi: python3-module-frozenlist-1.5.0-alt1 sisyphus+362047.100.1.1 1731079173 installed
<13>May 16 03:28:15 rpmi: python3-module-platformdirs-4.3.7-alt1 sisyphus+378659.100.2.1 1742562597 installed
<13>May 16 03:28:15 rpmi: libwebp7-1.5.0-alt1 sisyphus+376290.12500.24.2 1745387604 installed
<13>May 16 03:28:15 rpmi: libopenblas-0.3.29-alt2 sisyphus+373279.100.1.1 1738760159 installed
<13>May 16 03:28:15 rpmi: libjpeg-2:3.0.2-alt2.1 sisyphus+340135.100.1.1 1707449145 installed
<13>May 16 03:28:15 rpmi: libcares-1.34.5-alt1 sisyphus+381066.100.1.1 1744213475 installed
<13>May 16 03:28:15 rpmi: python3-module-aiosignal-1.3.2-alt1 sisyphus+369480.100.1.1 1736854528 installed
<13>May 16 03:28:15 rpmi: python3-module-yarl-1.18.3-alt1 sisyphus+369529.100.2.1 1736876451 installed
<13>May 16 03:28:15 rpmi: python3-module-mypy-1.15.0-alt2 sisyphus+384204.100.1.1 1747304735 installed
<13>May 16 03:28:15 rpmi: python3-module-runs-1.2.2-alt1 sisyphus+354658.2200.13.1 1723248163 installed
<13>May 16 03:28:15 rpmi: python3-module-editor-1.6.6-alt1 sisyphus+354658.2300.20.1 1723501752 installed
<13>May 16 03:28:15 rpmi: python3-module-jsonschema-specifications-2024.10.1-alt2 sisyphus+376621.100.1.1 1740871880 installed
<13>May 16 03:28:15 rpmi: python3-module-jsonschema-4.23.0-alt1 sisyphus+352455.200.1.1 1720510011 installed
<13>May 16 03:28:15 rpmi: libhogweed6-3.10.1-alt1 sisyphus+372008.100.1.1 1738078259 installed
<13>May 16 03:28:15 rpmi: libgnutls30-3.8.9-alt1 sisyphus+380042.200.2.1 1743618110 installed
<13>May 16 03:28:15 rpmi: libngtcp2.16-1.12.0-alt1 sisyphus+382655.200.1.1 1745743462 installed
<13>May 16 03:28:15 rpmi: libngtcp2_crypto_gnutls8-1.12.0-alt1 sisyphus+382655.200.1.1 1745743462 installed
<13>May 16 03:28:15 rpmi: tcl-8.6.13-alt1 sisyphus+310696.100.1.1 1669548266 installed
<13>May 16 03:28:15 rpmi: python3-module-wsproto-1.2.0-alt1 sisyphus+309644.100.1.2 1667834502 installed
<13>May 16 03:28:15 rpmi: python3-module-prettytable-2.1.0-alt1 sisyphus+269172.200.1.1 1617824839 installed
<13>May 16 03:28:15 rpmi: python3-module-alabaster-0.7.16-alt1 sisyphus+349698.100.1.1 1716897815 installed
<13>May 16 03:28:15 rpmi: python3-module-ipython-pygments-lexers-1.1.1-alt1 sisyphus+377149.100.4.1 1741352254 installed
<13>May 16 03:28:15 rpmi: python3-module-incremental-22.10.0-alt1 sisyphus+312706.100.1.1 1672404273 installed
<13>May 16 03:28:15 rpmi: python3-module-pydantic-core-2.33.2-alt1 sisyphus+383374.100.3.1 1746561227 installed
<13>May 16 03:28:15 rpmi: python3-module-typing-inspection-0.4.0-alt1 sisyphus+380428.300.1.1 1743797867 installed
<13>May 16 03:28:16 rpmi: python3-module-shellingham-1.5.4-alt1 sisyphus+332574.100.1.1 1698135363 installed
<13>May 16 03:28:16 rpmi: python3-module-websockets-14.1-alt1 sisyphus+369527.100.1.1 1736868330 installed
<13>May 16 03:28:16 rpmi: python3-module-sanic-routing-23.12.0-alt1 sisyphus+352905.1200.13.1 1722262189 installed
<13>May 16 03:28:16 rpmi: python3-module-testpath-0.6.0-alt2 sisyphus+309123.500.4.1 1668095372 installed
<13>May 16 03:28:16 rpmi: python3-module-pure-eval-0.2.3-alt1 sisyphus+353357.100.1.1 1721650016 installed
<13>May 16 03:28:16 rpmi: python3-module-pyogg-0.6.14-alt1 sisyphus+367505.100.1.1 1735845349 installed
<13>May 16 03:28:16 rpmi: python3-module-pyglet-1.5.30-alt1 sisyphus+367527.100.1.1 1735927191 installed
<13>May 16 03:28:16 rpmi: python3-module-pyperclip-1.9.0-alt1 sisyphus+353859.100.1.1 1722231798 installed
<13>May 16 03:28:16 rpmi: python3-module-pygobject3-nox-3.52.3-alt1 sisyphus+378334.100.1.1 1742236125 installed
<13>May 16 03:28:16 rpmi: python3-module-pickleshare-0.7.5-alt3 sisyphus+339447.100.1.1 1706675898 installed
<13>May 16 03:28:16 rpmi: python3-module-matplotlib-data-3.10.3-alt1 sisyphus+384058.100.1.1 1747148923 installed
<13>May 16 03:28:16 rpmi: python3-module-railroad-diagrams-3.0.1-alt1 sisyphus+358318.100.1.1 1727257812 installed
<13>May 16 03:28:16 rpmi: python3-module-pyparsing-3.2.3-alt1 sisyphus+379206.100.2.1 1742978787 installed
<13>May 16 03:28:16 rpmi: python3-module-kiwisolver-1.4.8-alt1 sisyphus+366446.100.5.1 1735114509 installed
<13>May 16 03:28:16 rpmi: python3-module-zipp-3.21.0-alt1 sisyphus+362195.100.2.1 1731487934 installed
<13>May 16 03:28:16 rpmi: python3-module-importlib-metadata-8.6.1-alt1 sisyphus+370687.100.1.1 1737451177 installed
<13>May 16 03:28:16 rpmi: python3-module-pytz-1:2025.2-alt1 sisyphus+379213.100.2.1 1742985453 installed
<13>May 16 03:28:16 rpmi: python3-module-lark-1.2.2-alt1 sisyphus+358322.100.1.1 1727258177 installed
<13>May 16 03:28:16 rpmi: python3-module-uc-micro-py-1.0.3-alt1 sisyphus+341790.100.1.1 1709309103 installed
<13>May 16 03:28:16 rpmi: python3-module-linkify-it-py-2.0.3-alt1 sisyphus+343902.100.1.1 1711708185 installed
<13>May 16 03:28:16 rpmi: python3-module-mdurl-0.1.2-alt1 sisyphus+318894.1000.3.1 1682420700 installed
<13>May 16 03:28:16 rpmi: python3-module-markdown-it-3.0.0-alt2 sisyphus+365460.100.1.1 1734639341 installed
<13>May 16 03:28:16 rpmi: python3-module-rich-14.0.0-alt1 sisyphus+379788.100.2.1 1743422434 installed
<13>May 16 03:28:16 rpmi: python3-module-typer-0.15.3-alt1 sisyphus+382799.100.1.1 1745913733 installed
<13>May 16 03:28:16 rpmi: python3-module-socksio-1.0.0-alt1 sisyphus+295017.1500.2.1 1644498004 installed
<13>May 16 03:28:16 rpmi: python3-module-httpcore-1.0.7-alt1 sisyphus+378468.100.1.1 1742318664 installed
<13>May 16 03:28:16 rpmi: python3-module-trove-classifiers-2025.4.11.15-alt1 sisyphus+381567.100.1.1 1744619284 installed
<13>May 16 03:28:16 rpmi: python3-module-executing-2.2.0-alt1 sisyphus+370911.100.1.1 1737575455 installed
<13>May 16 03:28:16 rpmi: python3-module-pyasn1-0.6.1-alt1 sisyphus+357301.100.1.1 1740397762 installed
<13>May 16 03:28:16 rpmi: python3-module-wrapt-1.17.2-alt1 sisyphus+369689.100.1.2 1736966077 installed
<13>May 16 03:28:16 rpmi: python3-module-deprecated-1.2.18-alt1.1 sisyphus+376369.3400.10.1 1746627769 installed
<13>May 16 03:28:16 rpmi: python3-module-opentelemetry-api-1.33.0-alt1 sisyphus+384045.200.2.1 1747215669 installed
<13>May 16 03:28:16 rpmi: python3-module-cycler-0.12.1-alt1 sisyphus+331222.100.1.1 1696668651 installed
<13>May 16 03:28:16 rpmi: python3-module-sqlparse-0.5.3-alt1 sisyphus+367438.100.1.1 1735561443 installed
<13>May 16 03:28:16 rpmi: python3-module-watchdog-6.0.0-alt1 sisyphus+361834.100.1.1 1730891538 installed
<13>May 16 03:28:16 rpmi: python3-module-readchar-4.1.0-alt1 sisyphus+354658.1600.13.1 1723248032 installed
<13>May 16 03:28:16 rpmi: python3-module-bson-4.13.0-alt1 sisyphus+384236.100.1.1 1747321919 installed
<13>May 16 03:28:16 rpmi: python3-module-bottle-1:0.12.25-alt1 sisyphus+316623.100.1.1 1678651894 installed
<13>May 16 03:28:16 rpmi: python3-module-snowballstemmer-2.2.0-alt1 sisyphus+319215.100.1.1 1682346633 installed
<13>May 16 03:28:16 rpmi: python3-module-roman_numerals-3.1.0-alt1 sisyphus+376287.100.1.1 1740659993 installed
<13>May 16 03:28:16 rpmi: python3-module-imagesize-1.4.1-alt1 sisyphus+318084.100.1.1 1680697673 installed
<13>May 16 03:28:16 rpmi: python3-module-defusedxml-0.7.1-alt1 sisyphus+274841.2300.1.1 1624295691 installed
<13>May 16 03:28:16 rpmi: python3-module-charset-normalizer-3.2.0-alt1 sisyphus+347396.200.2.1 1714733155 installed
<13>May 16 03:28:17 rpmi: python3-module-requests-2.32.3-alt1 sisyphus+349946.100.1.1 1717059877 installed
<13>May 16 03:28:17 rpmi: python3-modules-curses-3.12.10-alt1 sisyphus+381757.100.1.1 1744802808 installed
<13>May 16 03:28:17 rpmi: python3-module-blessed-1.20.0-alt1 sisyphus+373263.100.1.1 1738756875 installed
<13>May 16 03:28:17 rpmi: python3-module-inquirer-3.3.0-alt1 sisyphus+354658.2400.20.1 1723501784 installed
<13>May 16 03:28:17 rpmi: python3-module-babel-1:2.17.0-alt1 sisyphus+383519.100.1.1 1746611672 installed
<13>May 16 03:28:17 rpmi: python3-module-cramjam-2.10.0-alt1 sisyphus+381685.100.1.1 1744726406 installed
<13>May 16 03:28:17 rpmi: python3-module-snappy-0.7.2-alt1 sisyphus+364632.500.2.1 1733915558 installed
<13>May 16 03:28:17 rpmi: python3-module-pycryptodome-3.22.0-alt1 sisyphus+378294.100.1.1 1742210220 installed
<13>May 16 03:28:17 rpmi: python3-module-asttokens-3.0.0-alt1 sisyphus+363799.100.1.1 1733123348 installed
<13>May 16 03:28:17 rpmi: python3-module-stack-data-0.6.3-alt2 sisyphus+380649.100.1.1 1743970069 installed
<13>May 16 03:28:17 rpmi: python3-module-argcomplete-3.6.2-alt1 sisyphus+380100.100.1.1 1743688705 installed
<13>May 16 03:28:17 rpmi: python3-module-annotated-types-0.7.0-alt1 sisyphus+349932.100.1.1 1717043663 installed
<13>May 16 03:28:18 rpmi: python3-module-pydantic-2.11.4-alt1 sisyphus+383374.300.3.1 1746561287 installed
<13>May 16 03:28:18 rpmi: python3-module-fastapi-0.115.12-alt1 sisyphus+380428.540.2.1 1743803294 installed
<13>May 16 03:28:18 rpmi: python3-module-iniconfig-2.1.0-alt1 sisyphus+378658.100.2.1 1742493599 installed
<13>May 16 03:28:18 rpmi: python3-module-pytest-8.3.5-alt2 sisyphus+383865.100.1.1 1747039699 installed
<13>May 16 03:28:18 rpmi: python3-module-hpack-4.0.0-alt1 sisyphus+270376.200.1.1 1618956626 installed
<13>May 16 03:28:18 rpmi: python3-module-hyperframe-6.0.1-alt1 sisyphus+270376.300.2.1 1618957001 installed
<13>May 16 03:28:18 rpmi: python3-module-h2-4.1.0-alt1 sisyphus+325714.100.2.2 1690478873 installed
<13>May 16 03:28:18 rpmi: python3-module-hypercorn-0.17.3-alt1 sisyphus+349867.100.1.1 1716975339 installed
<13>May 16 03:28:18 rpmi: python3-module-constantly-15.1.0-alt7 sisyphus+338906.100.1.1 1706107088 installed
<13>May 16 03:28:18 rpmi: python3-module-appdirs-1.4.4-alt2 sisyphus+359005.100.1.1 1728036426 installed
<13>May 16 03:28:18 rpmi: python3-module-z3c-3.0.0-alt4 sisyphus+284857.200.1.1 1631109149 installed
<13>May 16 03:28:18 rpmi: python3-module-zc-1.0.0-alt7 sisyphus+284857.100.1.1 1631109117 installed
<13>May 16 03:28:18 rpmi: python3-module-zope-3.3.0-alt9 sisyphus+281937.200.4.1 1628175900 installed
<13>May 16 03:28:18 rpmi: python3-module-zope.event-5.0-alt1.1.1 sisyphus+376369.20700.10.1 1746631591 installed
<13>May 16 03:28:18 rpmi: python3-module-psutil-7.0.0-alt1 sisyphus+378483.100.1.1 1742330008 installed
<13>May 16 03:28:18 rpmi: python3-module-objgraph-3.6.2-alt1 sisyphus+359468.100.1.1 1728573508 installed
<13>May 16 03:28:18 rpmi: python3-module-greenlet-3.2.2-alt1 sisyphus+383924.100.1.2 1747067810 installed
<13>May 16 03:28:18 rpmi: python3-module-astor-0.8.1-alt1.1 sisyphus+315877.100.1.1 1677481862 installed
<13>May 16 03:28:18 rpmi: python3-module-pycparser-2.22-alt1 sisyphus+378485.100.1.1 1742331206 installed
<13>May 16 03:28:18 rpmi: python3-module-cffi-1.17.1-alt1 sisyphus+357396.100.1.1 1726156476 installed
<13>May 16 03:28:18 rpmi: python3-module-cryptography-44.0.0-alt1 sisyphus+368451.100.1.1 1736436050 installed
<13>May 16 03:28:18 rpmi: python3-module-openssl-24.3.0-alt1 sisyphus+368451.200.1.1 1736436083 installed
<13>May 16 03:28:18 rpmi: python3-module-trio-0.30.0-alt1 sisyphus+383467.100.1.2 1746556155 installed
<13>May 16 03:28:18 rpmi: python3-module-dns-1:2.6.1-alt1 sisyphus+341811.20.3.1 1709382170 installed
<13>May 16 03:28:18 rpmi: python3-module-trio-tests-0.30.0-alt1 sisyphus+383467.100.1.2 1746556155 installed
<13>May 16 03:28:18 rpmi: python3-module-service_identity-24.2.0-alt1 sisyphus+362235.100.1.1 1731336596 installed
<13>May 16 03:28:18 rpmi: python3-module-pymongo-4.13.0-alt1 sisyphus+384236.100.1.1 1747321919 installed
<13>May 16 03:28:18 rpmi: python3-module-servicemanager-2.0.7-alt1 sisyphus+275998.100.1.1 1624811123 installed
<13>May 16 03:28:18 rpmi: python3-module-execnet-2.1.1-alt1 sisyphus+344737.100.1.1 1712657795 installed
<13>May 16 03:28:18 rpmi: python3-module-redis-py-4.5.5-alt1.1 sisyphus+332415.100.1.1 1697904078 installed
<13>May 16 03:28:19 rpmi: python3-module-pycares-4.8.0-alt1 sisyphus+383444.100.1.1 1746542991 installed
<13>May 16 03:28:19 rpmi: python3-module-aiohappyeyeballs-2.4.4-alt1 sisyphus+369620.100.1.1 1736938218 installed
<13>May 16 03:28:19 rpmi: python3-module-aiofiles-23.1.0-alt1 sisyphus+320282.100.1.1 1683807546 installed
<13>May 16 03:28:19 rpmi: python3-module-quart-0.20.0-alt1 sisyphus+366408.100.2.1 1735120827 installed
<13>May 16 03:28:19 rpmi: python3-module-olefile-0.46-alt2 sisyphus+288126.100.1.1 1635163866 installed
<13>May 16 03:28:19 rpmi: python3-module-wheel-0.45.1-alt3 sisyphus+384059.500.2.1 1747240259 installed
<13>May 16 03:28:19 rpmi: python3-module-jaraco.context-6.0.1-alt1.1 sisyphus+376369.6200.10.1 1746628448 installed
<13>May 16 03:28:19 rpmi: python3-module-autocommand-2.2.2-alt1.1 sisyphus+339714.100.1.1 1706968174 installed
<13>May 16 03:28:19 rpmi: python3-module-jaraco.text-4.0.0-alt1.1 sisyphus+376369.7300.10.1 1746628739 installed
<13>May 16 03:28:19 rpmi: python3-module-pkg_resources-1:80.4.0-alt1 sisyphus+384059.100.2.1 1747240150 installed
<13>May 16 03:28:19 rpmi: python3-module-tracerite-1.1.1-alt1 sisyphus+354562.1000.3.1 1723069812 installed
<13>May 16 03:28:19 rpmi: python3-module-openid-3.2.0-alt1 sisyphus+278049.100.2.1 1625998936 installed
<13>May 16 03:28:19 rpmi: python3-module-OpenGL-3.1.9-alt2.1 sisyphus+376369.34300.10.2 1746655744 installed
<13>May 16 03:28:19 rpmi: python3-module-Cheetah-3.4.0-alt1.1.1 sisyphus+376369.27100.10.1 1746633546 installed
<13>May 16 03:28:19 rpmi: python3-module-paste-3.10.1-alt1.1 sisyphus+376369.11500.10.1 1746629504 installed
<13>May 16 03:28:19 rpmi: python3-module-PasteDeploy-1:3.1.0-alt1.1 sisyphus+376369.26200.10.1 1746633333 installed
<13>May 16 03:28:19 rpmi: python3-module-PasteScript-1:3.7.0-alt1.1 sisyphus+376369.24300.10.1 1746632597 installed
<13>May 16 03:28:19 rpmi: python-sphinx-objects.inv-1:2.3.14.20250414-alt1 sisyphus+381547.100.1.1 1744608913 installed
<13>May 16 03:28:19 rpmi: python3-module-sphinxcontrib-applehelp-2.0.0-alt1 sisyphus+353872.100.1.1 1722243556 installed
<13>May 16 03:28:20 rpmi: python3-module-sphinxcontrib-devhelp-2.0.0-alt1 sisyphus+353872.200.1.1 1722243589 installed
<13>May 16 03:28:20 rpmi: python3-module-sphinxcontrib-jquery-4.1-alt3 sisyphus+339023.100.1.1 1706234262 installed
<13>May 16 03:28:20 rpmi: python3-module-sphinxcontrib-jsmath-1.0.1-alt2 sisyphus+348403.100.1.1 1716017686 installed
<13>May 16 03:28:20 rpmi: python3-module-sphinxcontrib-htmlhelp-2.1.0-alt1 sisyphus+353893.100.2.1 1722416845 installed
<13>May 16 03:28:20 rpmi: python3-module-sphinxcontrib-serializinghtml-2.0.0-alt1 sisyphus+361088.100.1.1 1730215552 installed
<13>May 16 03:28:20 rpmi: python3-module-sphinxcontrib-qthelp-2.0.0-alt1 sisyphus+353872.300.1.1 1722243619 installed
<13>May 16 03:28:20 rpmi: python3-module-sphinx-sphinx-build-symlink-1:8.2.1-alt1 sisyphus+376300.100.1.1 1740663832 installed
<13>May 16 03:28:20 rpmi: python3-module-sphinx-1:8.2.1-alt1 sisyphus+376300.100.1.1 1740663832 installed
<13>May 16 03:28:21 rpmi: python3-module-botocore-1.37.37-alt1 sisyphus+382196.100.2.1 1745319899 installed
<13>May 16 03:28:21 rpmi: python3-module-s3transfer-0.11.5-alt1 sisyphus+382196.300.2.1 1745320396 installed
<13>May 16 03:28:21 rpmi: python3-module-boto3-1.37.37-alt1 sisyphus+382196.200.2.1 1745320312 installed
<13>May 16 03:28:21 rpmi: libyaml2-0.2.5-alt1 sisyphus+278391.100.1.1 1626094928 installed
<13>May 16 03:28:21 rpmi: python3-module-yaml-6.0.2-alt1.1 sisyphus+376369.16600.10.1 1746631034 installed
<13>May 16 03:28:21 rpmi: python3-module-libcst-1.7.0-alt1 sisyphus+377931.100.1.1 1741945033 installed
<13>May 16 03:28:21 rpmi: python3-module-chalice-1.31.2-alt1 sisyphus+354658.2460.20.1 1723501854 installed
<13>May 16 03:28:21 rpmi: libuv-1.50.0-alt1 sisyphus+377760.100.1.1 1741795923 installed
<13>May 16 03:28:21 rpmi: libsqlite3-3.47.1-alt1 sisyphus+375553.2600.2.1 1740149712 installed
<13>May 16 03:28:21 rpmi: python3-modules-sqlite3-3.12.10-alt1 sisyphus+381757.100.1.1 1744802808 installed
<13>May 16 03:28:21 rpmi: libqhull-2020.2-alt2 sisyphus+384239.100.1.1 1747324499 installed
<13>May 16 03:28:21 rpmi: libopenjpeg2.0-2.5.3-alt1 sisyphus+376290.11300.24.2 1745386888 installed
<13>May 16 03:28:21 rpmi: liblcms2-2.17-alt1 sisyphus+376290.10700.24.2 1745385260 installed
<13>May 16 03:28:21 rpmi: libxblas-1.0.248-alt2 sisyphus+285045.40.2.1 1631388330 installed
<13>May 16 03:28:21 rpmi: libhttp-parser-2.9.4-alt2 sisyphus+279479.100.1.1 1626549243 installed
<13>May 16 03:28:21 rpmi: python3-module-httptools-0.6.4-alt1 sisyphus+360443.100.1.1 1729609752 installed
<13>May 16 03:28:21 rpmi: python3-module-sanic-24.12.0-alt1 sisyphus+379431.100.3.1 1745323897 installed
<13>May 16 03:28:21 rpmi: libusb-1.0.27-alt1 sisyphus+347412.100.1.1 1714739651 installed
<13>May 16 03:28:21 rpmi: libhidapi-0.14.0-alt1 sisyphus+378183.100.1.1 1742067545 installed
<13>May 16 03:28:21 rpmi: python3-module-cython-hidapi-0.14.0-alt1.1 sisyphus+333513.54340.73.1 1704651867 installed
<13>May 16 03:28:21 rpmi: python3-module-serial-3.5-alt3 sisyphus+360600.100.2.1 1729786231 installed
<13>May 16 03:28:21 rpmi: python3-module-automat-25.4.16-alt1.1 sisyphus+376369.25200.10.1 1746633028 installed
<13>May 16 03:28:21 rpmi: python3-module-twisted-logger-24.11.0-alt2 sisyphus+376609.40.2.1 1740866761 installed
<13>May 16 03:28:21 rpmi: python3-module-twisted-web-24.11.0-alt2 sisyphus+376609.40.2.1 1740866761 installed
<13>May 16 03:28:21 rpmi: python3-module-twisted-words-24.11.0-alt2 sisyphus+376609.40.2.1 1740866761 installed
<13>May 16 03:28:22 rpmi: python3-module-twisted-core-24.11.0-alt2 sisyphus+376609.40.2.1 1740866761 installed
<13>May 16 03:28:22 rpmi: python3-module-twisted-names-24.11.0-alt2 sisyphus+376609.40.2.1 1740866761 installed
<13>May 16 03:28:22 rpmi: python3-module-tornado-6.4.2-alt1 sisyphus+363445.100.1.1 1732635491 installed
<13>May 16 03:28:22 rpmi: python3-module-txaio-23.1.1-alt2 sisyphus+379674.100.1.1 1743237423 installed
<13>May 16 03:28:22 rpmi: libgomp1-14.2.1-alt1 sisyphus+360995.100.1.1 1730131018 installed
<13>May 16 03:28:22 rpmi: libimagequant-2.17.0-alt1_1 sisyphus+291138.100.1.1 1638394107 installed
<13>May 16 03:28:22 rpmi: libquadmath0-14.2.1-alt1 sisyphus+360995.100.1.1 1730131018 installed
<13>May 16 03:28:22 rpmi: libgfortran5-14.2.1-alt1 sisyphus+360995.100.1.1 1730131018 installed
<13>May 16 03:28:22 rpmi: liblapack-1:3.8.0-alt8 sisyphus+379383.100.1.1 1743069366 installed
<13>May 16 03:28:22 rpmi: python3-module-numpy-1:1.26.5-alt1 sisyphus+352832.100.1.1 1720965091 installed
<13>May 16 03:28:22 rpmi: libflatbuffers-25.2.10-alt1 sisyphus+374392.100.1.1 1739298190 installed
<13>May 16 03:28:22 rpmi: python3-module-flatbuffers-25.2.10-alt1 sisyphus+374392.100.1.1 1739298190 installed
<13>May 16 03:28:22 rpmi: python3-module-autobahn-21.3.1-alt2 sisyphus+274601.640.8.1 1623847158 installed
<13>May 16 03:28:22 rpmi: libev4-4.33-alt3 sisyphus+334335.340.4.1 1699912675 installed
<13>May 16 03:28:23 rpmi: python3-module-gevent-24.11.1-alt1 sisyphus+378463.100.2.1 1742318286 installed
<13>May 16 03:28:23 rpmi: libdeflate-1.24-alt1 sisyphus+384095.100.1.1 1747211183 installed
<13>May 16 03:28:23 rpmi: libtiff6-4.7.0-alt1 sisyphus+376290.174.24.2 1745358940 installed
<13>May 16 03:28:23 rpmi: libpng16-1.6.42-alt2 sisyphus+339555.100.1.1 1706781682 installed
<13>May 16 03:28:23 rpmi: libgraphite2-1.3.14-alt2.1 sisyphus+279571.100.1.2 1626605111 installed
<13>May 16 03:28:23 rpmi: libXdmcp-1.1.5-alt1 sisyphus+343583.700.1.1 1711441061 installed
<13>May 16 03:28:23 rpmi: libXau-1.0.11-alt1 sisyphus+311428.100.1.1 1670577439 installed
<13>May 16 03:28:23 rpmi: libxcb-1.17.0-alt1 sisyphus+345308.200.1.1 1713342004 installed
<13>May 16 03:28:23 rpmi: libX11-locales-3:1.8.11-alt1 sisyphus+373040.100.1.1 1738571640 installed
<13>May 16 03:28:23 rpmi: libX11-3:1.8.11-alt1 sisyphus+373040.100.1.1 1738571640 installed
<13>May 16 03:28:23 rpmi: libXrender-0.9.12-alt1 sisyphus+373121.100.1.1 1738654919 installed
<13>May 16 03:28:23 rpmi: libssh2-1.11.0-alt2 sisyphus+339356.100.1.1 1706593137 installed
<13>May 16 03:28:23 rpmi: publicsuffix-list-dafsa-20250416-alt1 sisyphus+381887.100.1.1 1744900874 installed
<13>May 16 03:28:23 rpmi: libpsl-0.21.5-alt1 sisyphus+338474.100.1.1 1705684769 installed
<13>May 16 03:28:23 rpmi: libnghttp3.9-1.9.0-alt1 sisyphus+382655.100.1.1 1745743397 installed
<13>May 16 03:28:23 rpmi: libnghttp2-1.65.0-alt1 sisyphus+377060.100.1.1 1741259309 installed
<13>May 16 03:28:23 rpmi: openldap-common-2.6.9-alt2 sisyphus+367501.300.4.1 1735841751 installed
<13>May 16 03:28:23 rpmi: libntlm-1.5-alt2 sisyphus+379810.500.4.1 1743501147 installed
<13>May 16 03:28:23 rpmi: libidn-1.37-alt2 sisyphus+300849.100.1.1 1653769687 installed
<13>May 16 03:28:23 rpmi: libverto-0.3.2-alt1_1 sisyphus+321176.2200.10.2 1684803947 installed
<13>May 16 03:28:23 rpmi: liblmdb-0.9.33-alt1 sisyphus+360625.100.1.1 1729819640 installed
<13>May 16 03:28:23 rpmi: libkeyutils-1.6.3-alt1 sisyphus+346336.200.2.2 1716472658 installed
<13>May 16 03:28:23 rpmi: libcom_err-1.47.1.0.10.ad56-alt2 sisyphus+363497.200.3.1 1732729908 installed
<86>May 16 03:28:23 groupadd[368811]: group added to /etc/group: name=_keytab, GID=999
<86>May 16 03:28:23 groupadd[368811]: group added to /etc/gshadow: name=_keytab
<86>May 16 03:28:23 groupadd[368811]: new group: name=_keytab, GID=999
<13>May 16 03:28:23 rpmi: libkrb5-1.21.3-alt2 sisyphus+351857.100.1.1 1719735141 installed
<13>May 16 03:28:23 rpmi: libgsasl18-2.2.1-alt2 sisyphus+359713.200.2.1 1728905430 installed
<86>May 16 03:28:23 groupadd[368818]: group added to /etc/group: name=sasl, GID=998
<86>May 16 03:28:23 groupadd[368818]: group added to /etc/gshadow: name=sasl
<86>May 16 03:28:23 groupadd[368818]: new group: name=sasl, GID=998
<13>May 16 03:28:23 rpmi: libsasl2-3-2.1.28-alt2.1 sisyphus+367419.100.1.1 1735482560 installed
<13>May 16 03:28:23 rpmi: libldap2-2.6.9-alt2 sisyphus+367501.300.4.1 1735841751 installed
<13>May 16 03:28:23 rpmi: libpq5-17-17.5-alt1 sisyphus+383526.100.1.1 1746616280 installed
<13>May 16 03:28:23 rpmi: python3-module-psycopg2-2.9.10-alt1 sisyphus+361099.100.1.1 1730221764 installed
<13>May 16 03:28:23 rpmi: python3-module-eventlet-0.40.0-alt1 sisyphus+384110.100.1.1 1747219515 installed
<13>May 16 03:28:23 rpmi: python3-module-gunicorn-23.0.0-alt1 sisyphus+362920.200.1.1 1732021917 installed
<13>May 16 03:28:23 rpmi: python3-module-aiohttp-3.11.18-alt1 sisyphus+384011.100.1.1 1747133882 installed
<13>May 16 03:28:23 rpmi: python3-module-black-25.1.0-alt1 sisyphus+372035.100.1.1 1738146346 installed
<13>May 16 03:28:24 rpmi: python3-module-django-5.2.1-alt1 sisyphus+383925.100.1.1 1747069833 installed
<13>May 16 03:28:24 rpmi: python3-module-django-dbbackend-postgresql-5.2.1-alt1 sisyphus+383925.100.1.1 1747069833 installed
<13>May 16 03:28:24 rpmi: python3-module-hypothesis-6.131.16-alt1 sisyphus+383970.200.2.1 1747157058 installed
<13>May 16 03:28:24 rpmi: python3-module-daphne-4.1.2-alt2 sisyphus+360972.100.1.1 1730106823 installed
<13>May 16 03:28:24 rpmi: python3-module-channels-4.2.0-alt1 sisyphus+362894.100.1.1 1731998600 installed
<13>May 16 03:28:24 rpmi: python3-module-gssapi-1.9.0-alt1 sisyphus+359349.100.1.1 1728472724 installed
<13>May 16 03:28:24 rpmi: python3-module-asyncssh-2.21.0-alt1 sisyphus+383474.100.1.1 1746551078 installed
<13>May 16 03:28:24 rpmi: python3-module-prompt_toolkit-3.0.51-alt1 sisyphus+381665.100.1.1 1744717056 installed
<13>May 16 03:28:24 rpmi: libbrotlicommon-1.1.0-alt1 sisyphus+328501.100.1.1 1693598419 installed
<13>May 16 03:28:24 rpmi: libbrotlidec-1.1.0-alt1 sisyphus+328501.100.1.1 1693598419 installed
<13>May 16 03:28:24 rpmi: libharfbuzz-11.2.1-alt1 sisyphus+384013.100.1.1 1747136771 installed
<13>May 16 03:28:24 rpmi: libfreetype-2.13.3-alt1 sisyphus+355656.100.1.1 1724221064 installed
<13>May 16 03:28:24 rpmi: libfontconfig1-2.16.0-alt1 sisyphus+374470.100.1.1 1739370046 installed
<13>May 16 03:28:24 rpmi: libXft-2.3.8-alt1 sisyphus+331490.400.1.1 1697023269 installed
<13>May 16 03:28:24 rpmi: libtk-8.6.13-alt1 sisyphus+310696.200.1.1 1669548530 installed
<13>May 16 03:28:24 rpmi: tk-8.6.13-alt1 sisyphus+310696.200.1.1 1669548530 installed
<13>May 16 03:28:24 rpmi: tcl-tix-8.4.3-alt5 sisyphus+371748.200.2.1 1738070355 installed
<13>May 16 03:28:25 rpmi: python3-modules-tkinter-3.12.10-alt1 sisyphus+381757.100.1.1 1744802808 installed
<13>May 16 03:28:25 rpmi: python3-module-Pillow-11.2.1-alt1 sisyphus+376290.15240.24.2 1745390306 installed
<13>May 16 03:28:25 rpmi: python3-module-mpl_toolkits-3.10.3-alt1 sisyphus+384058.100.1.1 1747148923 installed
<13>May 16 03:28:25 rpmi: python3-module-matplotlib-3.10.3-alt1 sisyphus+384058.100.1.1 1747148923 installed
<13>May 16 03:28:25 rpmi: python3-module-matplotlib-inline-0.1.7-alt2 sisyphus+374260.100.2.1 1741201733 installed
<13>May 16 03:28:25 rpmi: python3-module-ipython-9.2.0-alt1 sisyphus+382673.100.1.1 1745773363 installed
<13>May 16 03:28:25 rpmi: python3-module-pyinstrument-4.6.2-alt1 sisyphus+352905.1400.12.1 1722013517 installed
<13>May 16 03:28:25 rpmi: libcurl-8.13.0-alt1 sisyphus+380015.100.1.1 1743595100 installed
<13>May 16 03:28:25 rpmi: curl-8.13.0-alt1 sisyphus+380015.100.1.1 1743595100 installed
<13>May 16 03:28:25 rpmi: python3-module-strawberry-graphql-0.266.0-alt1 sisyphus+382751.300.4.1 1747055607 installed
<13>May 16 03:28:25 rpmi: python3-module-hypothesis-graphql-0.11.1-alt1 sisyphus+359511.2200.20.1 1737095006 installed
<13>May 16 03:28:25 rpmi: python3-module-hypothesis-jsonschema-0.23.1-alt1 sisyphus+359511.2400.20.1 1737095476 installed
<13>May 16 03:28:25 rpmi: python3-module-hypothesis-openapi-0.2.1-alt1 sisyphus+359511.500.20.1 1737094468 installed
<13>May 16 03:28:25 rpmi: python3-module-pytest-trio-0.8.0-alt2.1 sisyphus+333845.300.3.1 1699533104 installed
<13>May 16 03:28:25 rpmi: python3-module-aiohttp-tests-3.11.18-alt1 sisyphus+384011.100.1.1 1747133882 installed
<13>May 16 03:28:25 rpmi: python3-module-pyrate-limiter-3.7.0-alt1 sisyphus+359511.700.20.1 1737094824 installed
<13>May 16 03:28:25 rpmi: python3-module-pytest-xdist-3.6.1-alt1 sisyphus+347405.100.1.1 1714737453 installed
<13>May 16 03:28:25 rpmi: python3-module-trustme-1.2.1-alt1 sisyphus+367484.100.1.1 1735799253 installed
<13>May 16 03:28:25 rpmi: python3-module-pytest-asyncio-0.25.3-alt1 sisyphus+372038.100.2.1 1738225951 installed
<13>May 16 03:28:25 rpmi: python3-module-pytest-httpserver-1.1.3-alt1 sisyphus+382589.200.1.1 1745567527 installed
<13>May 16 03:28:25 rpmi: python3-module-pytest-mock-3.14.0-alt1 sisyphus+343327.100.2.2 1711118794 installed
<13>May 16 03:28:25 rpmi: python3-module-pytest-subtests-0.14.1-alt1 sisyphus+367437.100.1.1 1735561259 installed
<13>May 16 03:28:25 rpmi: python3-module-syrupy-4.9.1-alt1 sisyphus+379148.100.1.1 1742851715 installed
<13>May 16 03:28:25 rpmi: python3-module-starlette-testclient-0.4.0-alt1 sisyphus+359511.2140.20.1 1737094850 installed
<13>May 16 03:28:25 rpmi: python3-module-hatchling-1.27.0-alt1 sisyphus+365115.100.2.1 1734340769 installed
<13>May 16 03:28:25 rpmi: python3-module-httpx-0.27.0-alt2 sisyphus+350273.700.4.1 1735399284 installed
<13>May 16 03:28:25 rpmi: python3-module-junit-xml-1.9-alt1 sisyphus+359511.600.19.2 1737039609 installed
<13>May 16 03:28:25 rpmi: python3-module-rfc3339-validator-0.1.4-alt1 sisyphus+324808.500.3.1 1689507361 installed
<13>May 16 03:28:25 rpmi: python3-module-tomli_w-1.2.0-alt1 sisyphus+369733.100.1.1 1737024677 installed
<13>May 16 03:28:25 rpmi: python3-module-tomli-2.2.1-alt1 sisyphus+363592.100.1.1 1732803942 installed
<13>May 16 03:28:25 rpmi: python3-module-harfile-0.3.0-alt1 sisyphus+359511.100.20.1 1737094417 installed
<13>May 16 03:28:25 rpmi: python3-module-colorama-0.4.6-alt1 sisyphus+308971.100.1.1 1666698282 installed
<13>May 16 03:28:25 rpmi: python3-module-backoff-2.2.1-alt1 sisyphus+357169.300.5.1 1734758632 installed
Building target platforms: x86_64
Building for target x86_64
Wrote: /usr/src/in/nosrpm/python3-module-schemathesis-3.39.16-alt1.nosrc.rpm (w1.gzdio)
Installing python3-module-schemathesis-3.39.16-alt1.src.rpm
Building target platforms: x86_64
Building for target x86_64
Executing(%prep): /bin/sh -e /usr/src/tmp/rpm-tmp.72658
+ umask 022
+ /bin/mkdir -p /usr/src/RPM/BUILD
+ cd /usr/src/RPM/BUILD
+ cd /usr/src/RPM/BUILD
+ rm -rf python3-module-schemathesis-3.39.16
+ echo 'Source #0 (python3-module-schemathesis-3.39.16.tar):'
Source #0 (python3-module-schemathesis-3.39.16.tar):
+ /bin/tar -xf /usr/src/RPM/SOURCES/python3-module-schemathesis-3.39.16.tar
+ cd python3-module-schemathesis-3.39.16
+ /bin/chmod -c -Rf u+rwX,go-w .
+ echo 'Patch #0 (python3-module-schemathesis-3.39.16-alt.patch):'
Patch #0 (python3-module-schemathesis-3.39.16-alt.patch):
+ /usr/bin/patch -p1
patching file test/specs/openapi/stateful/test_config.py
patching file test/specs/openapi/stateful/test_runner.py
patching file test/specs/openapi/stateful/test_stateful.py
+ /usr/bin/python3 -m pyproject_installer deps --depsconfig /usr/src/RPM/SOURCES/pyproject_deps.json show pep518
+ /usr/bin/python3 -m pyproject_installer deps --depsconfig /usr/src/RPM/SOURCES/pyproject_deps.json sync pep518 --verify --verify-exclude 'wheel$'
+ /usr/bin/python3 -m pyproject_installer deps --depsconfig /usr/src/RPM/SOURCES/pyproject_deps.json show pep517
+ /usr/bin/python3 -m pyproject_installer deps --depsconfig /usr/src/RPM/SOURCES/pyproject_deps.json sync pep517 --verify --verify-exclude 'wheel$'
+ /usr/bin/python3 -m pyproject_installer deps --depsconfig /usr/src/RPM/SOURCES/pyproject_deps.json show metadata
+ /usr/bin/python3 -m pyproject_installer deps --depsconfig /usr/src/RPM/SOURCES/pyproject_deps.json sync metadata --verify
INFO     : Building metadata
INFO     : Building metadata with prepare_metadata_for_build_wheel
INFO     : Source tree: /usr/src/RPM/BUILD/python3-module-schemathesis-3.39.16
INFO     : Output dir: /usr/src/tmp/tmp5ehjn3b8
+ exit 0
Executing(%build): /bin/sh -e /usr/src/tmp/rpm-tmp.75167
+ umask 022
+ /bin/mkdir -p /usr/src/RPM/BUILD
+ cd /usr/src/RPM/BUILD
+ cd python3-module-schemathesis-3.39.16
+ export 'CFLAGS=-pipe -frecord-gcc-switches -Wall -g -O2 -flto=auto'
+ CFLAGS='-pipe -frecord-gcc-switches -Wall -g -O2 -flto=auto'
+ export 'CXXFLAGS=-pipe -frecord-gcc-switches -Wall -g -O2 -flto=auto'
+ CXXFLAGS='-pipe -frecord-gcc-switches -Wall -g -O2 -flto=auto'
+ export 'FFLAGS=-pipe -frecord-gcc-switches -Wall -g -O2 -flto=auto'
+ FFLAGS='-pipe -frecord-gcc-switches -Wall -g -O2 -flto=auto'
+ /usr/bin/python3 -m pyproject_installer -v build
INFO     : pyproject_installer.build_cmd._build : Building wheel
INFO     : pyproject_installer.build_cmd._build : Source tree: /usr/src/RPM/BUILD/python3-module-schemathesis-3.39.16
INFO     : pyproject_installer.build_cmd._build : Output dir: /usr/src/RPM/BUILD/python3-module-schemathesis-3.39.16/dist
DEBUG    : pyproject_installer.lib.build_backend : Validating source path
DEBUG    : pyproject_installer.lib.build_backend : Checking for PEP517 spec
DEBUG    : pyproject_installer.lib.build_backend : Parsing configuration file: /usr/src/RPM/BUILD/python3-module-schemathesis-3.39.16/pyproject.toml
INFO     : backend_caller.py : Calling hook build_wheel in subprocess
INFO     : backend_caller.py : Build backend: hatchling.build
INFO     : backend_caller.py : Hook args: ['/usr/src/RPM/BUILD/python3-module-schemathesis-3.39.16/dist']
INFO     : backend_caller.py : Hook kwargs: {'config_settings': None}
INFO     : pyproject_installer.build_cmd._build : Built wheel: schemathesis-3.39.16-py3-none-any.whl
+ exit 0
Executing(%install): /bin/sh -e /usr/src/tmp/rpm-tmp.75167
+ umask 022
+ /bin/mkdir -p /usr/src/RPM/BUILD
+ cd /usr/src/RPM/BUILD
+ /bin/chmod -Rf u+rwX -- /usr/src/tmp/python3-module-schemathesis-buildroot
+ :
+ /bin/rm -rf -- /usr/src/tmp/python3-module-schemathesis-buildroot
+ PATH=/usr/libexec/rpm-build:/usr/src/bin:/usr/bin:/bin:/usr/local/bin:/usr/games
+ cd python3-module-schemathesis-3.39.16
+ /usr/bin/python3 -m pyproject_installer -v install --destdir=/usr/src/tmp/python3-module-schemathesis-buildroot
INFO     : pyproject_installer.install_cmd._install : Installing wheel
INFO     : pyproject_installer.install_cmd._install : Wheel directory: /usr/src/RPM/BUILD/python3-module-schemathesis-3.39.16/dist
INFO     : pyproject_installer.install_cmd._install : Wheel filename: schemathesis-3.39.16-py3-none-any.whl
INFO     : pyproject_installer.install_cmd._install : Destination: /usr/src/tmp/python3-module-schemathesis-buildroot
DEBUG    : pyproject_installer.lib.wheel : Parsing wheel filename
DEBUG    : pyproject_installer.lib.wheel : Validating wheel file
DEBUG    : pyproject_installer.lib.wheel : Validating wheel spec version
DEBUG    : pyproject_installer.lib.wheel : Parsing wheel spec metadata
DEBUG    : pyproject_installer.lib.wheel : Validating RECORD
INFO     : pyproject_installer.install_cmd._install : Wheel installation root: /usr/src/tmp/python3-module-schemathesis-buildroot/usr/lib/python3/site-packages
INFO     : pyproject_installer.install_cmd._install : Extracting wheel
DEBUG    : pyproject_installer.install_cmd._install : Filtering out not allowed file: schemathesis-3.39.16.dist-info/WHEEL
DEBUG    : pyproject_installer.install_cmd._install : Filtering out not allowed file: schemathesis-3.39.16.dist-info/licenses/LICENSE
DEBUG    : pyproject_installer.install_cmd._install : Filtering out not allowed file: schemathesis-3.39.16.dist-info/RECORD
INFO     : pyproject_installer.install_cmd._install : Generating entrypoints scripts
DEBUG    : pyproject_installer.lib.scripts : Installing console script: schemathesis
DEBUG    : pyproject_installer.lib.scripts : Installing console script: st
INFO     : pyproject_installer.install_cmd._install : Wheel was installed
+ /usr/lib/rpm/brp-alt
Cleaning files in /usr/src/tmp/python3-module-schemathesis-buildroot (auto)
Verifying and fixing files in /usr/src/tmp/python3-module-schemathesis-buildroot (binconfig,pkgconfig,libtool,desktop,gnuconfig)
Checking contents of files in /usr/src/tmp/python3-module-schemathesis-buildroot/ (default)
Compressing files in /usr/src/tmp/python3-module-schemathesis-buildroot (auto)
Adjusting library links in /usr/src/tmp/python3-module-schemathesis-buildroot
./usr/lib: (from <cmdline>:0)
Verifying ELF objects in /usr/src/tmp/python3-module-schemathesis-buildroot (arch=normal,fhs=normal,lfs=relaxed,lint=relaxed,rpath=normal,stack=normal,textrel=normal,unresolved=normal)
Splitting links to aliased files under /{,s}bin in /usr/src/tmp/python3-module-schemathesis-buildroot
Bytecompiling python3 modules in /usr/src/tmp/python3-module-schemathesis-buildroot using /usr/bin/python3
compile /usr/src/tmp/python3-module-schemathesis-buildroot/usr/lib/python3/site-packages/schemathesis/cli/output/__init__.py
compile /usr/src/tmp/python3-module-schemathesis-buildroot/usr/lib/python3/site-packages/schemathesis/cli/output/default.py
compile /usr/src/tmp/python3-module-schemathesis-buildroot/usr/lib/python3/site-packages/schemathesis/cli/output/short.py
compile /usr/src/tmp/python3-module-schemathesis-buildroot/usr/lib/python3/site-packages/schemathesis/cli/__init__.py
compile /usr/src/tmp/python3-module-schemathesis-buildroot/usr/lib/python3/site-packages/schemathesis/cli/__main__.py
compile /usr/src/tmp/python3-module-schemathesis-buildroot/usr/lib/python3/site-packages/schemathesis/cli/callbacks.py
compile /usr/src/tmp/python3-module-schemathesis-buildroot/usr/lib/python3/site-packages/schemathesis/cli/cassettes.py
compile /usr/src/tmp/python3-module-schemathesis-buildroot/usr/lib/python3/site-packages/schemathesis/cli/constants.py
compile /usr/src/tmp/python3-module-schemathesis-buildroot/usr/lib/python3/site-packages/schemathesis/cli/context.py
compile /usr/src/tmp/python3-module-schemathesis-buildroot/usr/lib/python3/site-packages/schemathesis/cli/debug.py
compile /usr/src/tmp/python3-module-schemathesis-buildroot/usr/lib/python3/site-packages/schemathesis/cli/handlers.py
compile /usr/src/tmp/python3-module-schemathesis-buildroot/usr/lib/python3/site-packages/schemathesis/cli/junitxml.py
compile /usr/src/tmp/python3-module-schemathesis-buildroot/usr/lib/python3/site-packages/schemathesis/cli/options.py
compile /usr/src/tmp/python3-module-schemathesis-buildroot/usr/lib/python3/site-packages/schemathesis/cli/reporting.py
compile /usr/src/tmp/python3-module-schemathesis-buildroot/usr/lib/python3/site-packages/schemathesis/cli/sanitization.py
compile /usr/src/tmp/python3-module-schemathesis-buildroot/usr/lib/python3/site-packages/schemathesis/contrib/openapi/formats/__init__.py
compile /usr/src/tmp/python3-module-schemathesis-buildroot/usr/lib/python3/site-packages/schemathesis/contrib/openapi/formats/uuid.py
compile /usr/src/tmp/python3-module-schemathesis-buildroot/usr/lib/python3/site-packages/schemathesis/contrib/openapi/__init__.py
compile /usr/src/tmp/python3-module-schemathesis-buildroot/usr/lib/python3/site-packages/schemathesis/contrib/openapi/fill_missing_examples.py
compile /usr/src/tmp/python3-module-schemathesis-buildroot/usr/lib/python3/site-packages/schemathesis/contrib/__init__.py
compile /usr/src/tmp/python3-module-schemathesis-buildroot/usr/lib/python3/site-packages/schemathesis/contrib/unique_data.py
compile /usr/src/tmp/python3-module-schemathesis-buildroot/usr/lib/python3/site-packages/schemathesis/experimental/__init__.py
compile /usr/src/tmp/python3-module-schemathesis-buildroot/usr/lib/python3/site-packages/schemathesis/extra/__init__.py
compile /usr/src/tmp/python3-module-schemathesis-buildroot/usr/lib/python3/site-packages/schemathesis/extra/_aiohttp.py
compile /usr/src/tmp/python3-module-schemathesis-buildroot/usr/lib/python3/site-packages/schemathesis/extra/_flask.py
compile /usr/src/tmp/python3-module-schemathesis-buildroot/usr/lib/python3/site-packages/schemathesis/extra/_server.py
compile /usr/src/tmp/python3-module-schemathesis-buildroot/usr/lib/python3/site-packages/schemathesis/extra/pytest_plugin.py
compile /usr/src/tmp/python3-module-schemathesis-buildroot/usr/lib/python3/site-packages/schemathesis/fixups/__init__.py
compile /usr/src/tmp/python3-module-schemathesis-buildroot/usr/lib/python3/site-packages/schemathesis/fixups/fast_api.py
compile /usr/src/tmp/python3-module-schemathesis-buildroot/usr/lib/python3/site-packages/schemathesis/fixups/utf8_bom.py
compile /usr/src/tmp/python3-module-schemathesis-buildroot/usr/lib/python3/site-packages/schemathesis/generation/__init__.py
compile /usr/src/tmp/python3-module-schemathesis-buildroot/usr/lib/python3/site-packages/schemathesis/generation/_hypothesis.py
compile /usr/src/tmp/python3-module-schemathesis-buildroot/usr/lib/python3/site-packages/schemathesis/generation/_methods.py
compile /usr/src/tmp/python3-module-schemathesis-buildroot/usr/lib/python3/site-packages/schemathesis/generation/coverage.py
compile /usr/src/tmp/python3-module-schemathesis-buildroot/usr/lib/python3/site-packages/schemathesis/internal/__init__.py
compile /usr/src/tmp/python3-module-schemathesis-buildroot/usr/lib/python3/site-packages/schemathesis/internal/checks.py
compile /usr/src/tmp/python3-module-schemathesis-buildroot/usr/lib/python3/site-packages/schemathesis/internal/copy.py
compile /usr/src/tmp/python3-module-schemathesis-buildroot/usr/lib/python3/site-packages/schemathesis/internal/datetime.py
compile /usr/src/tmp/python3-module-schemathesis-buildroot/usr/lib/python3/site-packages/schemathesis/internal/deprecation.py
compile /usr/src/tmp/python3-module-schemathesis-buildroot/usr/lib/python3/site-packages/schemathesis/internal/diff.py
compile /usr/src/tmp/python3-module-schemathesis-buildroot/usr/lib/python3/site-packages/schemathesis/internal/extensions.py
compile /usr/src/tmp/python3-module-schemathesis-buildroot/usr/lib/python3/site-packages/schemathesis/internal/jsonschema.py
compile /usr/src/tmp/python3-module-schemathesis-buildroot/usr/lib/python3/site-packages/schemathesis/internal/output.py
compile /usr/src/tmp/python3-module-schemathesis-buildroot/usr/lib/python3/site-packages/schemathesis/internal/result.py
compile /usr/src/tmp/python3-module-schemathesis-buildroot/usr/lib/python3/site-packages/schemathesis/internal/transformation.py
compile /usr/src/tmp/python3-module-schemathesis-buildroot/usr/lib/python3/site-packages/schemathesis/internal/validation.py
compile /usr/src/tmp/python3-module-schemathesis-buildroot/usr/lib/python3/site-packages/schemathesis/runner/impl/__init__.py
compile /usr/src/tmp/python3-module-schemathesis-buildroot/usr/lib/python3/site-packages/schemathesis/runner/impl/context.py
compile /usr/src/tmp/python3-module-schemathesis-buildroot/usr/lib/python3/site-packages/schemathesis/runner/impl/core.py
compile /usr/src/tmp/python3-module-schemathesis-buildroot/usr/lib/python3/site-packages/schemathesis/runner/impl/solo.py
compile /usr/src/tmp/python3-module-schemathesis-buildroot/usr/lib/python3/site-packages/schemathesis/runner/impl/threadpool.py
compile /usr/src/tmp/python3-module-schemathesis-buildroot/usr/lib/python3/site-packages/schemathesis/runner/__init__.py
compile /usr/src/tmp/python3-module-schemathesis-buildroot/usr/lib/python3/site-packages/schemathesis/runner/events.py
compile /usr/src/tmp/python3-module-schemathesis-buildroot/usr/lib/python3/site-packages/schemathesis/runner/probes.py
compile /usr/src/tmp/python3-module-schemathesis-buildroot/usr/lib/python3/site-packages/schemathesis/runner/serialization.py
compile /usr/src/tmp/python3-module-schemathesis-buildroot/usr/lib/python3/site-packages/schemathesis/service/__init__.py
compile /usr/src/tmp/python3-module-schemathesis-buildroot/usr/lib/python3/site-packages/schemathesis/service/auth.py
compile /usr/src/tmp/python3-module-schemathesis-buildroot/usr/lib/python3/site-packages/schemathesis/service/ci.py
compile /usr/src/tmp/python3-module-schemathesis-buildroot/usr/lib/python3/site-packages/schemathesis/service/client.py
compile /usr/src/tmp/python3-module-schemathesis-buildroot/usr/lib/python3/site-packages/schemathesis/service/constants.py
compile /usr/src/tmp/python3-module-schemathesis-buildroot/usr/lib/python3/site-packages/schemathesis/service/events.py
compile /usr/src/tmp/python3-module-schemathesis-buildroot/usr/lib/python3/site-packages/schemathesis/service/extensions.py
compile /usr/src/tmp/python3-module-schemathesis-buildroot/usr/lib/python3/site-packages/schemathesis/service/hosts.py
compile /usr/src/tmp/python3-module-schemathesis-buildroot/usr/lib/python3/site-packages/schemathesis/service/metadata.py
compile /usr/src/tmp/python3-module-schemathesis-buildroot/usr/lib/python3/site-packages/schemathesis/service/models.py
compile /usr/src/tmp/python3-module-schemathesis-buildroot/usr/lib/python3/site-packages/schemathesis/service/report.py
compile /usr/src/tmp/python3-module-schemathesis-buildroot/usr/lib/python3/site-packages/schemathesis/service/serialization.py
compile /usr/src/tmp/python3-module-schemathesis-buildroot/usr/lib/python3/site-packages/schemathesis/service/usage.py
compile /usr/src/tmp/python3-module-schemathesis-buildroot/usr/lib/python3/site-packages/schemathesis/specs/graphql/__init__.py
compile /usr/src/tmp/python3-module-schemathesis-buildroot/usr/lib/python3/site-packages/schemathesis/specs/graphql/_cache.py
compile /usr/src/tmp/python3-module-schemathesis-buildroot/usr/lib/python3/site-packages/schemathesis/specs/graphql/loaders.py
compile /usr/src/tmp/python3-module-schemathesis-buildroot/usr/lib/python3/site-packages/schemathesis/specs/graphql/nodes.py
compile /usr/src/tmp/python3-module-schemathesis-buildroot/usr/lib/python3/site-packages/schemathesis/specs/graphql/scalars.py
compile /usr/src/tmp/python3-module-schemathesis-buildroot/usr/lib/python3/site-packages/schemathesis/specs/graphql/schemas.py
compile /usr/src/tmp/python3-module-schemathesis-buildroot/usr/lib/python3/site-packages/schemathesis/specs/graphql/validation.py
compile /usr/src/tmp/python3-module-schemathesis-buildroot/usr/lib/python3/site-packages/schemathesis/specs/openapi/expressions/__init__.py
compile /usr/src/tmp/python3-module-schemathesis-buildroot/usr/lib/python3/site-packages/schemathesis/specs/openapi/expressions/context.py
compile /usr/src/tmp/python3-module-schemathesis-buildroot/usr/lib/python3/site-packages/schemathesis/specs/openapi/expressions/errors.py
compile /usr/src/tmp/python3-module-schemathesis-buildroot/usr/lib/python3/site-packages/schemathesis/specs/openapi/expressions/extractors.py
compile /usr/src/tmp/python3-module-schemathesis-buildroot/usr/lib/python3/site-packages/schemathesis/specs/openapi/expressions/lexer.py
compile /usr/src/tmp/python3-module-schemathesis-buildroot/usr/lib/python3/site-packages/schemathesis/specs/openapi/expressions/nodes.py
compile /usr/src/tmp/python3-module-schemathesis-buildroot/usr/lib/python3/site-packages/schemathesis/specs/openapi/expressions/parser.py
compile /usr/src/tmp/python3-module-schemathesis-buildroot/usr/lib/python3/site-packages/schemathesis/specs/openapi/negative/__init__.py
compile /usr/src/tmp/python3-module-schemathesis-buildroot/usr/lib/python3/site-packages/schemathesis/specs/openapi/negative/mutations.py
compile /usr/src/tmp/python3-module-schemathesis-buildroot/usr/lib/python3/site-packages/schemathesis/specs/openapi/negative/types.py
compile /usr/src/tmp/python3-module-schemathesis-buildroot/usr/lib/python3/site-packages/schemathesis/specs/openapi/negative/utils.py
compile /usr/src/tmp/python3-module-schemathesis-buildroot/usr/lib/python3/site-packages/schemathesis/specs/openapi/stateful/__init__.py
compile /usr/src/tmp/python3-module-schemathesis-buildroot/usr/lib/python3/site-packages/schemathesis/specs/openapi/stateful/statistic.py
compile /usr/src/tmp/python3-module-schemathesis-buildroot/usr/lib/python3/site-packages/schemathesis/specs/openapi/stateful/types.py
compile /usr/src/tmp/python3-module-schemathesis-buildroot/usr/lib/python3/site-packages/schemathesis/specs/openapi/__init__.py
compile /usr/src/tmp/python3-module-schemathesis-buildroot/usr/lib/python3/site-packages/schemathesis/specs/openapi/_cache.py
compile /usr/src/tmp/python3-module-schemathesis-buildroot/usr/lib/python3/site-packages/schemathesis/specs/openapi/_hypothesis.py
compile /usr/src/tmp/python3-module-schemathesis-buildroot/usr/lib/python3/site-packages/schemathesis/specs/openapi/checks.py
compile /usr/src/tmp/python3-module-schemathesis-buildroot/usr/lib/python3/site-packages/schemathesis/specs/openapi/constants.py
compile /usr/src/tmp/python3-module-schemathesis-buildroot/usr/lib/python3/site-packages/schemathesis/specs/openapi/converter.py
compile /usr/src/tmp/python3-module-schemathesis-buildroot/usr/lib/python3/site-packages/schemathesis/specs/openapi/definitions.py
compile /usr/src/tmp/python3-module-schemathesis-buildroot/usr/lib/python3/site-packages/schemathesis/specs/openapi/examples.py
compile /usr/src/tmp/python3-module-schemathesis-buildroot/usr/lib/python3/site-packages/schemathesis/specs/openapi/formats.py
compile /usr/src/tmp/python3-module-schemathesis-buildroot/usr/lib/python3/site-packages/schemathesis/specs/openapi/links.py
compile /usr/src/tmp/python3-module-schemathesis-buildroot/usr/lib/python3/site-packages/schemathesis/specs/openapi/loaders.py
compile /usr/src/tmp/python3-module-schemathesis-buildroot/usr/lib/python3/site-packages/schemathesis/specs/openapi/media_types.py
compile /usr/src/tmp/python3-module-schemathesis-buildroot/usr/lib/python3/site-packages/schemathesis/specs/openapi/parameters.py
compile /usr/src/tmp/python3-module-schemathesis-buildroot/usr/lib/python3/site-packages/schemathesis/specs/openapi/patterns.py
compile /usr/src/tmp/python3-module-schemathesis-buildroot/usr/lib/python3/site-packages/schemathesis/specs/openapi/references.py
compile /usr/src/tmp/python3-module-schemathesis-buildroot/usr/lib/python3/site-packages/schemathesis/specs/openapi/schemas.py
compile /usr/src/tmp/python3-module-schemathesis-buildroot/usr/lib/python3/site-packages/schemathesis/specs/openapi/security.py
compile /usr/src/tmp/python3-module-schemathesis-buildroot/usr/lib/python3/site-packages/schemathesis/specs/openapi/serialization.py
compile /usr/src/tmp/python3-module-schemathesis-buildroot/usr/lib/python3/site-packages/schemathesis/specs/openapi/utils.py
compile /usr/src/tmp/python3-module-schemathesis-buildroot/usr/lib/python3/site-packages/schemathesis/specs/openapi/validation.py
compile /usr/src/tmp/python3-module-schemathesis-buildroot/usr/lib/python3/site-packages/schemathesis/specs/__init__.py
compile /usr/src/tmp/python3-module-schemathesis-buildroot/usr/lib/python3/site-packages/schemathesis/stateful/__init__.py
compile /usr/src/tmp/python3-module-schemathesis-buildroot/usr/lib/python3/site-packages/schemathesis/stateful/config.py
compile /usr/src/tmp/python3-module-schemathesis-buildroot/usr/lib/python3/site-packages/schemathesis/stateful/context.py
compile /usr/src/tmp/python3-module-schemathesis-buildroot/usr/lib/python3/site-packages/schemathesis/stateful/events.py
compile /usr/src/tmp/python3-module-schemathesis-buildroot/usr/lib/python3/site-packages/schemathesis/stateful/runner.py
compile /usr/src/tmp/python3-module-schemathesis-buildroot/usr/lib/python3/site-packages/schemathesis/stateful/sink.py
compile /usr/src/tmp/python3-module-schemathesis-buildroot/usr/lib/python3/site-packages/schemathesis/stateful/state_machine.py
compile /usr/src/tmp/python3-module-schemathesis-buildroot/usr/lib/python3/site-packages/schemathesis/stateful/statistic.py
compile /usr/src/tmp/python3-module-schemathesis-buildroot/usr/lib/python3/site-packages/schemathesis/stateful/validation.py
compile /usr/src/tmp/python3-module-schemathesis-buildroot/usr/lib/python3/site-packages/schemathesis/transports/__init__.py
compile /usr/src/tmp/python3-module-schemathesis-buildroot/usr/lib/python3/site-packages/schemathesis/transports/asgi.py
compile /usr/src/tmp/python3-module-schemathesis-buildroot/usr/lib/python3/site-packages/schemathesis/transports/auth.py
compile /usr/src/tmp/python3-module-schemathesis-buildroot/usr/lib/python3/site-packages/schemathesis/transports/content_types.py
compile /usr/src/tmp/python3-module-schemathesis-buildroot/usr/lib/python3/site-packages/schemathesis/transports/headers.py
compile /usr/src/tmp/python3-module-schemathesis-buildroot/usr/lib/python3/site-packages/schemathesis/transports/responses.py
compile /usr/src/tmp/python3-module-schemathesis-buildroot/usr/lib/python3/site-packages/schemathesis/__init__.py
compile /usr/src/tmp/python3-module-schemathesis-buildroot/usr/lib/python3/site-packages/schemathesis/_compat.py
compile /usr/src/tmp/python3-module-schemathesis-buildroot/usr/lib/python3/site-packages/schemathesis/_dependency_versions.py
compile /usr/src/tmp/python3-module-schemathesis-buildroot/usr/lib/python3/site-packages/schemathesis/_hypothesis.py
compile /usr/src/tmp/python3-module-schemathesis-buildroot/usr/lib/python3/site-packages/schemathesis/_lazy_import.py
compile /usr/src/tmp/python3-module-schemathesis-buildroot/usr/lib/python3/site-packages/schemathesis/_override.py
compile /usr/src/tmp/python3-module-schemathesis-buildroot/usr/lib/python3/site-packages/schemathesis/_patches.py
compile /usr/src/tmp/python3-module-schemathesis-buildroot/usr/lib/python3/site-packages/schemathesis/_rate_limiter.py
compile /usr/src/tmp/python3-module-schemathesis-buildroot/usr/lib/python3/site-packages/schemathesis/_xml.py
compile /usr/src/tmp/python3-module-schemathesis-buildroot/usr/lib/python3/site-packages/schemathesis/auths.py
compile /usr/src/tmp/python3-module-schemathesis-buildroot/usr/lib/python3/site-packages/schemathesis/checks.py
compile /usr/src/tmp/python3-module-schemathesis-buildroot/usr/lib/python3/site-packages/schemathesis/code_samples.py
compile /usr/src/tmp/python3-module-schemathesis-buildroot/usr/lib/python3/site-packages/schemathesis/constants.py
compile /usr/src/tmp/python3-module-schemathesis-buildroot/usr/lib/python3/site-packages/schemathesis/exceptions.py
compile /usr/src/tmp/python3-module-schemathesis-buildroot/usr/lib/python3/site-packages/schemathesis/failures.py
compile /usr/src/tmp/python3-module-schemathesis-buildroot/usr/lib/python3/site-packages/schemathesis/filters.py
compile /usr/src/tmp/python3-module-schemathesis-buildroot/usr/lib/python3/site-packages/schemathesis/graphql.py
compile /usr/src/tmp/python3-module-schemathesis-buildroot/usr/lib/python3/site-packages/schemathesis/hooks.py
compile /usr/src/tmp/python3-module-schemathesis-buildroot/usr/lib/python3/site-packages/schemathesis/lazy.py
compile /usr/src/tmp/python3-module-schemathesis-buildroot/usr/lib/python3/site-packages/schemathesis/loaders.py
compile /usr/src/tmp/python3-module-schemathesis-buildroot/usr/lib/python3/site-packages/schemathesis/models.py
compile /usr/src/tmp/python3-module-schemathesis-buildroot/usr/lib/python3/site-packages/schemathesis/parameters.py
compile /usr/src/tmp/python3-module-schemathesis-buildroot/usr/lib/python3/site-packages/schemathesis/sanitization.py
compile /usr/src/tmp/python3-module-schemathesis-buildroot/usr/lib/python3/site-packages/schemathesis/schemas.py
compile /usr/src/tmp/python3-module-schemathesis-buildroot/usr/lib/python3/site-packages/schemathesis/serializers.py
compile /usr/src/tmp/python3-module-schemathesis-buildroot/usr/lib/python3/site-packages/schemathesis/targets.py
compile /usr/src/tmp/python3-module-schemathesis-buildroot/usr/lib/python3/site-packages/schemathesis/throttling.py
compile /usr/src/tmp/python3-module-schemathesis-buildroot/usr/lib/python3/site-packages/schemathesis/types.py
compile /usr/src/tmp/python3-module-schemathesis-buildroot/usr/lib/python3/site-packages/schemathesis/utils.py
Bytecompiling python3 modules with optimization in /usr/src/tmp/python3-module-schemathesis-buildroot using /usr/bin/python3 -O
compile /usr/src/tmp/python3-module-schemathesis-buildroot/usr/lib/python3/site-packages/schemathesis/cli/output/__init__.py
compile /usr/src/tmp/python3-module-schemathesis-buildroot/usr/lib/python3/site-packages/schemathesis/cli/output/default.py
compile /usr/src/tmp/python3-module-schemathesis-buildroot/usr/lib/python3/site-packages/schemathesis/cli/output/short.py
compile /usr/src/tmp/python3-module-schemathesis-buildroot/usr/lib/python3/site-packages/schemathesis/cli/__init__.py
compile /usr/src/tmp/python3-module-schemathesis-buildroot/usr/lib/python3/site-packages/schemathesis/cli/__main__.py
compile /usr/src/tmp/python3-module-schemathesis-buildroot/usr/lib/python3/site-packages/schemathesis/cli/callbacks.py
compile /usr/src/tmp/python3-module-schemathesis-buildroot/usr/lib/python3/site-packages/schemathesis/cli/cassettes.py
compile /usr/src/tmp/python3-module-schemathesis-buildroot/usr/lib/python3/site-packages/schemathesis/cli/constants.py
compile /usr/src/tmp/python3-module-schemathesis-buildroot/usr/lib/python3/site-packages/schemathesis/cli/context.py
compile /usr/src/tmp/python3-module-schemathesis-buildroot/usr/lib/python3/site-packages/schemathesis/cli/debug.py
compile /usr/src/tmp/python3-module-schemathesis-buildroot/usr/lib/python3/site-packages/schemathesis/cli/handlers.py
compile /usr/src/tmp/python3-module-schemathesis-buildroot/usr/lib/python3/site-packages/schemathesis/cli/junitxml.py
compile /usr/src/tmp/python3-module-schemathesis-buildroot/usr/lib/python3/site-packages/schemathesis/cli/options.py
compile /usr/src/tmp/python3-module-schemathesis-buildroot/usr/lib/python3/site-packages/schemathesis/cli/reporting.py
compile /usr/src/tmp/python3-module-schemathesis-buildroot/usr/lib/python3/site-packages/schemathesis/cli/sanitization.py
compile /usr/src/tmp/python3-module-schemathesis-buildroot/usr/lib/python3/site-packages/schemathesis/contrib/openapi/formats/__init__.py
compile /usr/src/tmp/python3-module-schemathesis-buildroot/usr/lib/python3/site-packages/schemathesis/contrib/openapi/formats/uuid.py
compile /usr/src/tmp/python3-module-schemathesis-buildroot/usr/lib/python3/site-packages/schemathesis/contrib/openapi/__init__.py
compile /usr/src/tmp/python3-module-schemathesis-buildroot/usr/lib/python3/site-packages/schemathesis/contrib/openapi/fill_missing_examples.py
compile /usr/src/tmp/python3-module-schemathesis-buildroot/usr/lib/python3/site-packages/schemathesis/contrib/__init__.py
compile /usr/src/tmp/python3-module-schemathesis-buildroot/usr/lib/python3/site-packages/schemathesis/contrib/unique_data.py
compile /usr/src/tmp/python3-module-schemathesis-buildroot/usr/lib/python3/site-packages/schemathesis/experimental/__init__.py
compile /usr/src/tmp/python3-module-schemathesis-buildroot/usr/lib/python3/site-packages/schemathesis/extra/__init__.py
compile /usr/src/tmp/python3-module-schemathesis-buildroot/usr/lib/python3/site-packages/schemathesis/extra/_aiohttp.py
compile /usr/src/tmp/python3-module-schemathesis-buildroot/usr/lib/python3/site-packages/schemathesis/extra/_flask.py
compile /usr/src/tmp/python3-module-schemathesis-buildroot/usr/lib/python3/site-packages/schemathesis/extra/_server.py
compile /usr/src/tmp/python3-module-schemathesis-buildroot/usr/lib/python3/site-packages/schemathesis/extra/pytest_plugin.py
compile /usr/src/tmp/python3-module-schemathesis-buildroot/usr/lib/python3/site-packages/schemathesis/fixups/__init__.py
compile /usr/src/tmp/python3-module-schemathesis-buildroot/usr/lib/python3/site-packages/schemathesis/fixups/fast_api.py
compile /usr/src/tmp/python3-module-schemathesis-buildroot/usr/lib/python3/site-packages/schemathesis/fixups/utf8_bom.py
compile /usr/src/tmp/python3-module-schemathesis-buildroot/usr/lib/python3/site-packages/schemathesis/generation/__init__.py
compile /usr/src/tmp/python3-module-schemathesis-buildroot/usr/lib/python3/site-packages/schemathesis/generation/_hypothesis.py
compile /usr/src/tmp/python3-module-schemathesis-buildroot/usr/lib/python3/site-packages/schemathesis/generation/_methods.py
compile /usr/src/tmp/python3-module-schemathesis-buildroot/usr/lib/python3/site-packages/schemathesis/generation/coverage.py
compile /usr/src/tmp/python3-module-schemathesis-buildroot/usr/lib/python3/site-packages/schemathesis/internal/__init__.py
compile /usr/src/tmp/python3-module-schemathesis-buildroot/usr/lib/python3/site-packages/schemathesis/internal/checks.py
compile /usr/src/tmp/python3-module-schemathesis-buildroot/usr/lib/python3/site-packages/schemathesis/internal/copy.py
compile /usr/src/tmp/python3-module-schemathesis-buildroot/usr/lib/python3/site-packages/schemathesis/internal/datetime.py
compile /usr/src/tmp/python3-module-schemathesis-buildroot/usr/lib/python3/site-packages/schemathesis/internal/deprecation.py
compile /usr/src/tmp/python3-module-schemathesis-buildroot/usr/lib/python3/site-packages/schemathesis/internal/diff.py
compile /usr/src/tmp/python3-module-schemathesis-buildroot/usr/lib/python3/site-packages/schemathesis/internal/extensions.py
compile /usr/src/tmp/python3-module-schemathesis-buildroot/usr/lib/python3/site-packages/schemathesis/internal/jsonschema.py
compile /usr/src/tmp/python3-module-schemathesis-buildroot/usr/lib/python3/site-packages/schemathesis/internal/output.py
compile /usr/src/tmp/python3-module-schemathesis-buildroot/usr/lib/python3/site-packages/schemathesis/internal/result.py
compile /usr/src/tmp/python3-module-schemathesis-buildroot/usr/lib/python3/site-packages/schemathesis/internal/transformation.py
compile /usr/src/tmp/python3-module-schemathesis-buildroot/usr/lib/python3/site-packages/schemathesis/internal/validation.py
compile /usr/src/tmp/python3-module-schemathesis-buildroot/usr/lib/python3/site-packages/schemathesis/runner/impl/__init__.py
compile /usr/src/tmp/python3-module-schemathesis-buildroot/usr/lib/python3/site-packages/schemathesis/runner/impl/context.py
compile /usr/src/tmp/python3-module-schemathesis-buildroot/usr/lib/python3/site-packages/schemathesis/runner/impl/core.py
compile /usr/src/tmp/python3-module-schemathesis-buildroot/usr/lib/python3/site-packages/schemathesis/runner/impl/solo.py
compile /usr/src/tmp/python3-module-schemathesis-buildroot/usr/lib/python3/site-packages/schemathesis/runner/impl/threadpool.py
compile /usr/src/tmp/python3-module-schemathesis-buildroot/usr/lib/python3/site-packages/schemathesis/runner/__init__.py
compile /usr/src/tmp/python3-module-schemathesis-buildroot/usr/lib/python3/site-packages/schemathesis/runner/events.py
compile /usr/src/tmp/python3-module-schemathesis-buildroot/usr/lib/python3/site-packages/schemathesis/runner/probes.py
compile /usr/src/tmp/python3-module-schemathesis-buildroot/usr/lib/python3/site-packages/schemathesis/runner/serialization.py
compile /usr/src/tmp/python3-module-schemathesis-buildroot/usr/lib/python3/site-packages/schemathesis/service/__init__.py
compile /usr/src/tmp/python3-module-schemathesis-buildroot/usr/lib/python3/site-packages/schemathesis/service/auth.py
compile /usr/src/tmp/python3-module-schemathesis-buildroot/usr/lib/python3/site-packages/schemathesis/service/ci.py
compile /usr/src/tmp/python3-module-schemathesis-buildroot/usr/lib/python3/site-packages/schemathesis/service/client.py
compile /usr/src/tmp/python3-module-schemathesis-buildroot/usr/lib/python3/site-packages/schemathesis/service/constants.py
compile /usr/src/tmp/python3-module-schemathesis-buildroot/usr/lib/python3/site-packages/schemathesis/service/events.py
compile /usr/src/tmp/python3-module-schemathesis-buildroot/usr/lib/python3/site-packages/schemathesis/service/extensions.py
compile /usr/src/tmp/python3-module-schemathesis-buildroot/usr/lib/python3/site-packages/schemathesis/service/hosts.py
compile /usr/src/tmp/python3-module-schemathesis-buildroot/usr/lib/python3/site-packages/schemathesis/service/metadata.py
compile /usr/src/tmp/python3-module-schemathesis-buildroot/usr/lib/python3/site-packages/schemathesis/service/models.py
compile /usr/src/tmp/python3-module-schemathesis-buildroot/usr/lib/python3/site-packages/schemathesis/service/report.py
compile /usr/src/tmp/python3-module-schemathesis-buildroot/usr/lib/python3/site-packages/schemathesis/service/serialization.py
compile /usr/src/tmp/python3-module-schemathesis-buildroot/usr/lib/python3/site-packages/schemathesis/service/usage.py
compile /usr/src/tmp/python3-module-schemathesis-buildroot/usr/lib/python3/site-packages/schemathesis/specs/graphql/__init__.py
compile /usr/src/tmp/python3-module-schemathesis-buildroot/usr/lib/python3/site-packages/schemathesis/specs/graphql/_cache.py
compile /usr/src/tmp/python3-module-schemathesis-buildroot/usr/lib/python3/site-packages/schemathesis/specs/graphql/loaders.py
compile /usr/src/tmp/python3-module-schemathesis-buildroot/usr/lib/python3/site-packages/schemathesis/specs/graphql/nodes.py
compile /usr/src/tmp/python3-module-schemathesis-buildroot/usr/lib/python3/site-packages/schemathesis/specs/graphql/scalars.py
compile /usr/src/tmp/python3-module-schemathesis-buildroot/usr/lib/python3/site-packages/schemathesis/specs/graphql/schemas.py
compile /usr/src/tmp/python3-module-schemathesis-buildroot/usr/lib/python3/site-packages/schemathesis/specs/graphql/validation.py
compile /usr/src/tmp/python3-module-schemathesis-buildroot/usr/lib/python3/site-packages/schemathesis/specs/openapi/expressions/__init__.py
compile /usr/src/tmp/python3-module-schemathesis-buildroot/usr/lib/python3/site-packages/schemathesis/specs/openapi/expressions/context.py
compile /usr/src/tmp/python3-module-schemathesis-buildroot/usr/lib/python3/site-packages/schemathesis/specs/openapi/expressions/errors.py
compile /usr/src/tmp/python3-module-schemathesis-buildroot/usr/lib/python3/site-packages/schemathesis/specs/openapi/expressions/extractors.py
compile /usr/src/tmp/python3-module-schemathesis-buildroot/usr/lib/python3/site-packages/schemathesis/specs/openapi/expressions/lexer.py
compile /usr/src/tmp/python3-module-schemathesis-buildroot/usr/lib/python3/site-packages/schemathesis/specs/openapi/expressions/nodes.py
compile /usr/src/tmp/python3-module-schemathesis-buildroot/usr/lib/python3/site-packages/schemathesis/specs/openapi/expressions/parser.py
compile /usr/src/tmp/python3-module-schemathesis-buildroot/usr/lib/python3/site-packages/schemathesis/specs/openapi/negative/__init__.py
compile /usr/src/tmp/python3-module-schemathesis-buildroot/usr/lib/python3/site-packages/schemathesis/specs/openapi/negative/mutations.py
compile /usr/src/tmp/python3-module-schemathesis-buildroot/usr/lib/python3/site-packages/schemathesis/specs/openapi/negative/types.py
compile /usr/src/tmp/python3-module-schemathesis-buildroot/usr/lib/python3/site-packages/schemathesis/specs/openapi/negative/utils.py
compile /usr/src/tmp/python3-module-schemathesis-buildroot/usr/lib/python3/site-packages/schemathesis/specs/openapi/stateful/__init__.py
compile /usr/src/tmp/python3-module-schemathesis-buildroot/usr/lib/python3/site-packages/schemathesis/specs/openapi/stateful/statistic.py
compile /usr/src/tmp/python3-module-schemathesis-buildroot/usr/lib/python3/site-packages/schemathesis/specs/openapi/stateful/types.py
compile /usr/src/tmp/python3-module-schemathesis-buildroot/usr/lib/python3/site-packages/schemathesis/specs/openapi/__init__.py
compile /usr/src/tmp/python3-module-schemathesis-buildroot/usr/lib/python3/site-packages/schemathesis/specs/openapi/_cache.py
compile /usr/src/tmp/python3-module-schemathesis-buildroot/usr/lib/python3/site-packages/schemathesis/specs/openapi/_hypothesis.py
compile /usr/src/tmp/python3-module-schemathesis-buildroot/usr/lib/python3/site-packages/schemathesis/specs/openapi/checks.py
compile /usr/src/tmp/python3-module-schemathesis-buildroot/usr/lib/python3/site-packages/schemathesis/specs/openapi/constants.py
compile /usr/src/tmp/python3-module-schemathesis-buildroot/usr/lib/python3/site-packages/schemathesis/specs/openapi/converter.py
compile /usr/src/tmp/python3-module-schemathesis-buildroot/usr/lib/python3/site-packages/schemathesis/specs/openapi/definitions.py
compile /usr/src/tmp/python3-module-schemathesis-buildroot/usr/lib/python3/site-packages/schemathesis/specs/openapi/examples.py
compile /usr/src/tmp/python3-module-schemathesis-buildroot/usr/lib/python3/site-packages/schemathesis/specs/openapi/formats.py
compile /usr/src/tmp/python3-module-schemathesis-buildroot/usr/lib/python3/site-packages/schemathesis/specs/openapi/links.py
compile /usr/src/tmp/python3-module-schemathesis-buildroot/usr/lib/python3/site-packages/schemathesis/specs/openapi/loaders.py
compile /usr/src/tmp/python3-module-schemathesis-buildroot/usr/lib/python3/site-packages/schemathesis/specs/openapi/media_types.py
compile /usr/src/tmp/python3-module-schemathesis-buildroot/usr/lib/python3/site-packages/schemathesis/specs/openapi/parameters.py
compile /usr/src/tmp/python3-module-schemathesis-buildroot/usr/lib/python3/site-packages/schemathesis/specs/openapi/patterns.py
compile /usr/src/tmp/python3-module-schemathesis-buildroot/usr/lib/python3/site-packages/schemathesis/specs/openapi/references.py
compile /usr/src/tmp/python3-module-schemathesis-buildroot/usr/lib/python3/site-packages/schemathesis/specs/openapi/schemas.py
compile /usr/src/tmp/python3-module-schemathesis-buildroot/usr/lib/python3/site-packages/schemathesis/specs/openapi/security.py
compile /usr/src/tmp/python3-module-schemathesis-buildroot/usr/lib/python3/site-packages/schemathesis/specs/openapi/serialization.py
compile /usr/src/tmp/python3-module-schemathesis-buildroot/usr/lib/python3/site-packages/schemathesis/specs/openapi/utils.py
compile /usr/src/tmp/python3-module-schemathesis-buildroot/usr/lib/python3/site-packages/schemathesis/specs/openapi/validation.py
compile /usr/src/tmp/python3-module-schemathesis-buildroot/usr/lib/python3/site-packages/schemathesis/specs/__init__.py
compile /usr/src/tmp/python3-module-schemathesis-buildroot/usr/lib/python3/site-packages/schemathesis/stateful/__init__.py
compile /usr/src/tmp/python3-module-schemathesis-buildroot/usr/lib/python3/site-packages/schemathesis/stateful/config.py
compile /usr/src/tmp/python3-module-schemathesis-buildroot/usr/lib/python3/site-packages/schemathesis/stateful/context.py
compile /usr/src/tmp/python3-module-schemathesis-buildroot/usr/lib/python3/site-packages/schemathesis/stateful/events.py
compile /usr/src/tmp/python3-module-schemathesis-buildroot/usr/lib/python3/site-packages/schemathesis/stateful/runner.py
compile /usr/src/tmp/python3-module-schemathesis-buildroot/usr/lib/python3/site-packages/schemathesis/stateful/sink.py
compile /usr/src/tmp/python3-module-schemathesis-buildroot/usr/lib/python3/site-packages/schemathesis/stateful/state_machine.py
compile /usr/src/tmp/python3-module-schemathesis-buildroot/usr/lib/python3/site-packages/schemathesis/stateful/statistic.py
compile /usr/src/tmp/python3-module-schemathesis-buildroot/usr/lib/python3/site-packages/schemathesis/stateful/validation.py
compile /usr/src/tmp/python3-module-schemathesis-buildroot/usr/lib/python3/site-packages/schemathesis/transports/__init__.py
compile /usr/src/tmp/python3-module-schemathesis-buildroot/usr/lib/python3/site-packages/schemathesis/transports/asgi.py
compile /usr/src/tmp/python3-module-schemathesis-buildroot/usr/lib/python3/site-packages/schemathesis/transports/auth.py
compile /usr/src/tmp/python3-module-schemathesis-buildroot/usr/lib/python3/site-packages/schemathesis/transports/content_types.py
compile /usr/src/tmp/python3-module-schemathesis-buildroot/usr/lib/python3/site-packages/schemathesis/transports/headers.py
compile /usr/src/tmp/python3-module-schemathesis-buildroot/usr/lib/python3/site-packages/schemathesis/transports/responses.py
compile /usr/src/tmp/python3-module-schemathesis-buildroot/usr/lib/python3/site-packages/schemathesis/__init__.py
compile /usr/src/tmp/python3-module-schemathesis-buildroot/usr/lib/python3/site-packages/schemathesis/_compat.py
compile /usr/src/tmp/python3-module-schemathesis-buildroot/usr/lib/python3/site-packages/schemathesis/_dependency_versions.py
compile /usr/src/tmp/python3-module-schemathesis-buildroot/usr/lib/python3/site-packages/schemathesis/_hypothesis.py
compile /usr/src/tmp/python3-module-schemathesis-buildroot/usr/lib/python3/site-packages/schemathesis/_lazy_import.py
compile /usr/src/tmp/python3-module-schemathesis-buildroot/usr/lib/python3/site-packages/schemathesis/_override.py
compile /usr/src/tmp/python3-module-schemathesis-buildroot/usr/lib/python3/site-packages/schemathesis/_patches.py
compile /usr/src/tmp/python3-module-schemathesis-buildroot/usr/lib/python3/site-packages/schemathesis/_rate_limiter.py
compile /usr/src/tmp/python3-module-schemathesis-buildroot/usr/lib/python3/site-packages/schemathesis/_xml.py
compile /usr/src/tmp/python3-module-schemathesis-buildroot/usr/lib/python3/site-packages/schemathesis/auths.py
compile /usr/src/tmp/python3-module-schemathesis-buildroot/usr/lib/python3/site-packages/schemathesis/checks.py
compile /usr/src/tmp/python3-module-schemathesis-buildroot/usr/lib/python3/site-packages/schemathesis/code_samples.py
compile /usr/src/tmp/python3-module-schemathesis-buildroot/usr/lib/python3/site-packages/schemathesis/constants.py
compile /usr/src/tmp/python3-module-schemathesis-buildroot/usr/lib/python3/site-packages/schemathesis/exceptions.py
compile /usr/src/tmp/python3-module-schemathesis-buildroot/usr/lib/python3/site-packages/schemathesis/failures.py
compile /usr/src/tmp/python3-module-schemathesis-buildroot/usr/lib/python3/site-packages/schemathesis/filters.py
compile /usr/src/tmp/python3-module-schemathesis-buildroot/usr/lib/python3/site-packages/schemathesis/graphql.py
compile /usr/src/tmp/python3-module-schemathesis-buildroot/usr/lib/python3/site-packages/schemathesis/hooks.py
compile /usr/src/tmp/python3-module-schemathesis-buildroot/usr/lib/python3/site-packages/schemathesis/lazy.py
compile /usr/src/tmp/python3-module-schemathesis-buildroot/usr/lib/python3/site-packages/schemathesis/loaders.py
compile /usr/src/tmp/python3-module-schemathesis-buildroot/usr/lib/python3/site-packages/schemathesis/models.py
compile /usr/src/tmp/python3-module-schemathesis-buildroot/usr/lib/python3/site-packages/schemathesis/parameters.py
compile /usr/src/tmp/python3-module-schemathesis-buildroot/usr/lib/python3/site-packages/schemathesis/sanitization.py
compile /usr/src/tmp/python3-module-schemathesis-buildroot/usr/lib/python3/site-packages/schemathesis/schemas.py
compile /usr/src/tmp/python3-module-schemathesis-buildroot/usr/lib/python3/site-packages/schemathesis/serializers.py
compile /usr/src/tmp/python3-module-schemathesis-buildroot/usr/lib/python3/site-packages/schemathesis/targets.py
compile /usr/src/tmp/python3-module-schemathesis-buildroot/usr/lib/python3/site-packages/schemathesis/throttling.py
compile /usr/src/tmp/python3-module-schemathesis-buildroot/usr/lib/python3/site-packages/schemathesis/types.py
compile /usr/src/tmp/python3-module-schemathesis-buildroot/usr/lib/python3/site-packages/schemathesis/utils.py
Bytecompiling python3 modules with optimization-2 in /usr/src/tmp/python3-module-schemathesis-buildroot using /usr/bin/python3 -OO
compile /usr/src/tmp/python3-module-schemathesis-buildroot/usr/lib/python3/site-packages/schemathesis/cli/output/__init__.py
compile /usr/src/tmp/python3-module-schemathesis-buildroot/usr/lib/python3/site-packages/schemathesis/cli/output/default.py
compile /usr/src/tmp/python3-module-schemathesis-buildroot/usr/lib/python3/site-packages/schemathesis/cli/output/short.py
compile /usr/src/tmp/python3-module-schemathesis-buildroot/usr/lib/python3/site-packages/schemathesis/cli/__init__.py
compile /usr/src/tmp/python3-module-schemathesis-buildroot/usr/lib/python3/site-packages/schemathesis/cli/__main__.py
compile /usr/src/tmp/python3-module-schemathesis-buildroot/usr/lib/python3/site-packages/schemathesis/cli/callbacks.py
compile /usr/src/tmp/python3-module-schemathesis-buildroot/usr/lib/python3/site-packages/schemathesis/cli/cassettes.py
compile /usr/src/tmp/python3-module-schemathesis-buildroot/usr/lib/python3/site-packages/schemathesis/cli/constants.py
compile /usr/src/tmp/python3-module-schemathesis-buildroot/usr/lib/python3/site-packages/schemathesis/cli/context.py
compile /usr/src/tmp/python3-module-schemathesis-buildroot/usr/lib/python3/site-packages/schemathesis/cli/debug.py
compile /usr/src/tmp/python3-module-schemathesis-buildroot/usr/lib/python3/site-packages/schemathesis/cli/handlers.py
compile /usr/src/tmp/python3-module-schemathesis-buildroot/usr/lib/python3/site-packages/schemathesis/cli/junitxml.py
compile /usr/src/tmp/python3-module-schemathesis-buildroot/usr/lib/python3/site-packages/schemathesis/cli/options.py
compile /usr/src/tmp/python3-module-schemathesis-buildroot/usr/lib/python3/site-packages/schemathesis/cli/reporting.py
compile /usr/src/tmp/python3-module-schemathesis-buildroot/usr/lib/python3/site-packages/schemathesis/cli/sanitization.py
compile /usr/src/tmp/python3-module-schemathesis-buildroot/usr/lib/python3/site-packages/schemathesis/contrib/openapi/formats/__init__.py
compile /usr/src/tmp/python3-module-schemathesis-buildroot/usr/lib/python3/site-packages/schemathesis/contrib/openapi/formats/uuid.py
compile /usr/src/tmp/python3-module-schemathesis-buildroot/usr/lib/python3/site-packages/schemathesis/contrib/openapi/__init__.py
compile /usr/src/tmp/python3-module-schemathesis-buildroot/usr/lib/python3/site-packages/schemathesis/contrib/openapi/fill_missing_examples.py
compile /usr/src/tmp/python3-module-schemathesis-buildroot/usr/lib/python3/site-packages/schemathesis/contrib/__init__.py
compile /usr/src/tmp/python3-module-schemathesis-buildroot/usr/lib/python3/site-packages/schemathesis/contrib/unique_data.py
compile /usr/src/tmp/python3-module-schemathesis-buildroot/usr/lib/python3/site-packages/schemathesis/experimental/__init__.py
compile /usr/src/tmp/python3-module-schemathesis-buildroot/usr/lib/python3/site-packages/schemathesis/extra/__init__.py
compile /usr/src/tmp/python3-module-schemathesis-buildroot/usr/lib/python3/site-packages/schemathesis/extra/_aiohttp.py
compile /usr/src/tmp/python3-module-schemathesis-buildroot/usr/lib/python3/site-packages/schemathesis/extra/_flask.py
compile /usr/src/tmp/python3-module-schemathesis-buildroot/usr/lib/python3/site-packages/schemathesis/extra/_server.py
compile /usr/src/tmp/python3-module-schemathesis-buildroot/usr/lib/python3/site-packages/schemathesis/extra/pytest_plugin.py
compile /usr/src/tmp/python3-module-schemathesis-buildroot/usr/lib/python3/site-packages/schemathesis/fixups/__init__.py
compile /usr/src/tmp/python3-module-schemathesis-buildroot/usr/lib/python3/site-packages/schemathesis/fixups/fast_api.py
compile /usr/src/tmp/python3-module-schemathesis-buildroot/usr/lib/python3/site-packages/schemathesis/fixups/utf8_bom.py
compile /usr/src/tmp/python3-module-schemathesis-buildroot/usr/lib/python3/site-packages/schemathesis/generation/__init__.py
compile /usr/src/tmp/python3-module-schemathesis-buildroot/usr/lib/python3/site-packages/schemathesis/generation/_hypothesis.py
compile /usr/src/tmp/python3-module-schemathesis-buildroot/usr/lib/python3/site-packages/schemathesis/generation/_methods.py
compile /usr/src/tmp/python3-module-schemathesis-buildroot/usr/lib/python3/site-packages/schemathesis/generation/coverage.py
compile /usr/src/tmp/python3-module-schemathesis-buildroot/usr/lib/python3/site-packages/schemathesis/internal/__init__.py
compile /usr/src/tmp/python3-module-schemathesis-buildroot/usr/lib/python3/site-packages/schemathesis/internal/checks.py
compile /usr/src/tmp/python3-module-schemathesis-buildroot/usr/lib/python3/site-packages/schemathesis/internal/copy.py
compile /usr/src/tmp/python3-module-schemathesis-buildroot/usr/lib/python3/site-packages/schemathesis/internal/datetime.py
compile /usr/src/tmp/python3-module-schemathesis-buildroot/usr/lib/python3/site-packages/schemathesis/internal/deprecation.py
compile /usr/src/tmp/python3-module-schemathesis-buildroot/usr/lib/python3/site-packages/schemathesis/internal/diff.py
compile /usr/src/tmp/python3-module-schemathesis-buildroot/usr/lib/python3/site-packages/schemathesis/internal/extensions.py
compile /usr/src/tmp/python3-module-schemathesis-buildroot/usr/lib/python3/site-packages/schemathesis/internal/jsonschema.py
compile /usr/src/tmp/python3-module-schemathesis-buildroot/usr/lib/python3/site-packages/schemathesis/internal/output.py
compile /usr/src/tmp/python3-module-schemathesis-buildroot/usr/lib/python3/site-packages/schemathesis/internal/result.py
compile /usr/src/tmp/python3-module-schemathesis-buildroot/usr/lib/python3/site-packages/schemathesis/internal/transformation.py
compile /usr/src/tmp/python3-module-schemathesis-buildroot/usr/lib/python3/site-packages/schemathesis/internal/validation.py
compile /usr/src/tmp/python3-module-schemathesis-buildroot/usr/lib/python3/site-packages/schemathesis/runner/impl/__init__.py
compile /usr/src/tmp/python3-module-schemathesis-buildroot/usr/lib/python3/site-packages/schemathesis/runner/impl/context.py
compile /usr/src/tmp/python3-module-schemathesis-buildroot/usr/lib/python3/site-packages/schemathesis/runner/impl/core.py
compile /usr/src/tmp/python3-module-schemathesis-buildroot/usr/lib/python3/site-packages/schemathesis/runner/impl/solo.py
compile /usr/src/tmp/python3-module-schemathesis-buildroot/usr/lib/python3/site-packages/schemathesis/runner/impl/threadpool.py
compile /usr/src/tmp/python3-module-schemathesis-buildroot/usr/lib/python3/site-packages/schemathesis/runner/__init__.py
compile /usr/src/tmp/python3-module-schemathesis-buildroot/usr/lib/python3/site-packages/schemathesis/runner/events.py
compile /usr/src/tmp/python3-module-schemathesis-buildroot/usr/lib/python3/site-packages/schemathesis/runner/probes.py
compile /usr/src/tmp/python3-module-schemathesis-buildroot/usr/lib/python3/site-packages/schemathesis/runner/serialization.py
compile /usr/src/tmp/python3-module-schemathesis-buildroot/usr/lib/python3/site-packages/schemathesis/service/__init__.py
compile /usr/src/tmp/python3-module-schemathesis-buildroot/usr/lib/python3/site-packages/schemathesis/service/auth.py
compile /usr/src/tmp/python3-module-schemathesis-buildroot/usr/lib/python3/site-packages/schemathesis/service/ci.py
compile /usr/src/tmp/python3-module-schemathesis-buildroot/usr/lib/python3/site-packages/schemathesis/service/client.py
compile /usr/src/tmp/python3-module-schemathesis-buildroot/usr/lib/python3/site-packages/schemathesis/service/constants.py
compile /usr/src/tmp/python3-module-schemathesis-buildroot/usr/lib/python3/site-packages/schemathesis/service/events.py
compile /usr/src/tmp/python3-module-schemathesis-buildroot/usr/lib/python3/site-packages/schemathesis/service/extensions.py
compile /usr/src/tmp/python3-module-schemathesis-buildroot/usr/lib/python3/site-packages/schemathesis/service/hosts.py
compile /usr/src/tmp/python3-module-schemathesis-buildroot/usr/lib/python3/site-packages/schemathesis/service/metadata.py
compile /usr/src/tmp/python3-module-schemathesis-buildroot/usr/lib/python3/site-packages/schemathesis/service/models.py
compile /usr/src/tmp/python3-module-schemathesis-buildroot/usr/lib/python3/site-packages/schemathesis/service/report.py
compile /usr/src/tmp/python3-module-schemathesis-buildroot/usr/lib/python3/site-packages/schemathesis/service/serialization.py
compile /usr/src/tmp/python3-module-schemathesis-buildroot/usr/lib/python3/site-packages/schemathesis/service/usage.py
compile /usr/src/tmp/python3-module-schemathesis-buildroot/usr/lib/python3/site-packages/schemathesis/specs/graphql/__init__.py
compile /usr/src/tmp/python3-module-schemathesis-buildroot/usr/lib/python3/site-packages/schemathesis/specs/graphql/_cache.py
compile /usr/src/tmp/python3-module-schemathesis-buildroot/usr/lib/python3/site-packages/schemathesis/specs/graphql/loaders.py
compile /usr/src/tmp/python3-module-schemathesis-buildroot/usr/lib/python3/site-packages/schemathesis/specs/graphql/nodes.py
compile /usr/src/tmp/python3-module-schemathesis-buildroot/usr/lib/python3/site-packages/schemathesis/specs/graphql/scalars.py
compile /usr/src/tmp/python3-module-schemathesis-buildroot/usr/lib/python3/site-packages/schemathesis/specs/graphql/schemas.py
compile /usr/src/tmp/python3-module-schemathesis-buildroot/usr/lib/python3/site-packages/schemathesis/specs/graphql/validation.py
compile /usr/src/tmp/python3-module-schemathesis-buildroot/usr/lib/python3/site-packages/schemathesis/specs/openapi/expressions/__init__.py
compile /usr/src/tmp/python3-module-schemathesis-buildroot/usr/lib/python3/site-packages/schemathesis/specs/openapi/expressions/context.py
compile /usr/src/tmp/python3-module-schemathesis-buildroot/usr/lib/python3/site-packages/schemathesis/specs/openapi/expressions/errors.py
compile /usr/src/tmp/python3-module-schemathesis-buildroot/usr/lib/python3/site-packages/schemathesis/specs/openapi/expressions/extractors.py
compile /usr/src/tmp/python3-module-schemathesis-buildroot/usr/lib/python3/site-packages/schemathesis/specs/openapi/expressions/lexer.py
compile /usr/src/tmp/python3-module-schemathesis-buildroot/usr/lib/python3/site-packages/schemathesis/specs/openapi/expressions/nodes.py
compile /usr/src/tmp/python3-module-schemathesis-buildroot/usr/lib/python3/site-packages/schemathesis/specs/openapi/expressions/parser.py
compile /usr/src/tmp/python3-module-schemathesis-buildroot/usr/lib/python3/site-packages/schemathesis/specs/openapi/negative/__init__.py
compile /usr/src/tmp/python3-module-schemathesis-buildroot/usr/lib/python3/site-packages/schemathesis/specs/openapi/negative/mutations.py
compile /usr/src/tmp/python3-module-schemathesis-buildroot/usr/lib/python3/site-packages/schemathesis/specs/openapi/negative/types.py
compile /usr/src/tmp/python3-module-schemathesis-buildroot/usr/lib/python3/site-packages/schemathesis/specs/openapi/negative/utils.py
compile /usr/src/tmp/python3-module-schemathesis-buildroot/usr/lib/python3/site-packages/schemathesis/specs/openapi/stateful/__init__.py
compile /usr/src/tmp/python3-module-schemathesis-buildroot/usr/lib/python3/site-packages/schemathesis/specs/openapi/stateful/statistic.py
compile /usr/src/tmp/python3-module-schemathesis-buildroot/usr/lib/python3/site-packages/schemathesis/specs/openapi/stateful/types.py
compile /usr/src/tmp/python3-module-schemathesis-buildroot/usr/lib/python3/site-packages/schemathesis/specs/openapi/__init__.py
compile /usr/src/tmp/python3-module-schemathesis-buildroot/usr/lib/python3/site-packages/schemathesis/specs/openapi/_cache.py
compile /usr/src/tmp/python3-module-schemathesis-buildroot/usr/lib/python3/site-packages/schemathesis/specs/openapi/_hypothesis.py
compile /usr/src/tmp/python3-module-schemathesis-buildroot/usr/lib/python3/site-packages/schemathesis/specs/openapi/checks.py
compile /usr/src/tmp/python3-module-schemathesis-buildroot/usr/lib/python3/site-packages/schemathesis/specs/openapi/constants.py
compile /usr/src/tmp/python3-module-schemathesis-buildroot/usr/lib/python3/site-packages/schemathesis/specs/openapi/converter.py
compile /usr/src/tmp/python3-module-schemathesis-buildroot/usr/lib/python3/site-packages/schemathesis/specs/openapi/definitions.py
compile /usr/src/tmp/python3-module-schemathesis-buildroot/usr/lib/python3/site-packages/schemathesis/specs/openapi/examples.py
compile /usr/src/tmp/python3-module-schemathesis-buildroot/usr/lib/python3/site-packages/schemathesis/specs/openapi/formats.py
compile /usr/src/tmp/python3-module-schemathesis-buildroot/usr/lib/python3/site-packages/schemathesis/specs/openapi/links.py
compile /usr/src/tmp/python3-module-schemathesis-buildroot/usr/lib/python3/site-packages/schemathesis/specs/openapi/loaders.py
compile /usr/src/tmp/python3-module-schemathesis-buildroot/usr/lib/python3/site-packages/schemathesis/specs/openapi/media_types.py
compile /usr/src/tmp/python3-module-schemathesis-buildroot/usr/lib/python3/site-packages/schemathesis/specs/openapi/parameters.py
compile /usr/src/tmp/python3-module-schemathesis-buildroot/usr/lib/python3/site-packages/schemathesis/specs/openapi/patterns.py
compile /usr/src/tmp/python3-module-schemathesis-buildroot/usr/lib/python3/site-packages/schemathesis/specs/openapi/references.py
compile /usr/src/tmp/python3-module-schemathesis-buildroot/usr/lib/python3/site-packages/schemathesis/specs/openapi/schemas.py
compile /usr/src/tmp/python3-module-schemathesis-buildroot/usr/lib/python3/site-packages/schemathesis/specs/openapi/security.py
compile /usr/src/tmp/python3-module-schemathesis-buildroot/usr/lib/python3/site-packages/schemathesis/specs/openapi/serialization.py
compile /usr/src/tmp/python3-module-schemathesis-buildroot/usr/lib/python3/site-packages/schemathesis/specs/openapi/utils.py
compile /usr/src/tmp/python3-module-schemathesis-buildroot/usr/lib/python3/site-packages/schemathesis/specs/openapi/validation.py
compile /usr/src/tmp/python3-module-schemathesis-buildroot/usr/lib/python3/site-packages/schemathesis/specs/__init__.py
compile /usr/src/tmp/python3-module-schemathesis-buildroot/usr/lib/python3/site-packages/schemathesis/stateful/__init__.py
compile /usr/src/tmp/python3-module-schemathesis-buildroot/usr/lib/python3/site-packages/schemathesis/stateful/config.py
compile /usr/src/tmp/python3-module-schemathesis-buildroot/usr/lib/python3/site-packages/schemathesis/stateful/context.py
compile /usr/src/tmp/python3-module-schemathesis-buildroot/usr/lib/python3/site-packages/schemathesis/stateful/events.py
compile /usr/src/tmp/python3-module-schemathesis-buildroot/usr/lib/python3/site-packages/schemathesis/stateful/runner.py
compile /usr/src/tmp/python3-module-schemathesis-buildroot/usr/lib/python3/site-packages/schemathesis/stateful/sink.py
compile /usr/src/tmp/python3-module-schemathesis-buildroot/usr/lib/python3/site-packages/schemathesis/stateful/state_machine.py
compile /usr/src/tmp/python3-module-schemathesis-buildroot/usr/lib/python3/site-packages/schemathesis/stateful/statistic.py
compile /usr/src/tmp/python3-module-schemathesis-buildroot/usr/lib/python3/site-packages/schemathesis/stateful/validation.py
compile /usr/src/tmp/python3-module-schemathesis-buildroot/usr/lib/python3/site-packages/schemathesis/transports/__init__.py
compile /usr/src/tmp/python3-module-schemathesis-buildroot/usr/lib/python3/site-packages/schemathesis/transports/asgi.py
compile /usr/src/tmp/python3-module-schemathesis-buildroot/usr/lib/python3/site-packages/schemathesis/transports/auth.py
compile /usr/src/tmp/python3-module-schemathesis-buildroot/usr/lib/python3/site-packages/schemathesis/transports/content_types.py
compile /usr/src/tmp/python3-module-schemathesis-buildroot/usr/lib/python3/site-packages/schemathesis/transports/headers.py
compile /usr/src/tmp/python3-module-schemathesis-buildroot/usr/lib/python3/site-packages/schemathesis/transports/responses.py
compile /usr/src/tmp/python3-module-schemathesis-buildroot/usr/lib/python3/site-packages/schemathesis/__init__.py
compile /usr/src/tmp/python3-module-schemathesis-buildroot/usr/lib/python3/site-packages/schemathesis/_compat.py
compile /usr/src/tmp/python3-module-schemathesis-buildroot/usr/lib/python3/site-packages/schemathesis/_dependency_versions.py
compile /usr/src/tmp/python3-module-schemathesis-buildroot/usr/lib/python3/site-packages/schemathesis/_hypothesis.py
compile /usr/src/tmp/python3-module-schemathesis-buildroot/usr/lib/python3/site-packages/schemathesis/_lazy_import.py
compile /usr/src/tmp/python3-module-schemathesis-buildroot/usr/lib/python3/site-packages/schemathesis/_override.py
compile /usr/src/tmp/python3-module-schemathesis-buildroot/usr/lib/python3/site-packages/schemathesis/_patches.py
compile /usr/src/tmp/python3-module-schemathesis-buildroot/usr/lib/python3/site-packages/schemathesis/_rate_limiter.py
compile /usr/src/tmp/python3-module-schemathesis-buildroot/usr/lib/python3/site-packages/schemathesis/_xml.py
compile /usr/src/tmp/python3-module-schemathesis-buildroot/usr/lib/python3/site-packages/schemathesis/auths.py
compile /usr/src/tmp/python3-module-schemathesis-buildroot/usr/lib/python3/site-packages/schemathesis/checks.py
compile /usr/src/tmp/python3-module-schemathesis-buildroot/usr/lib/python3/site-packages/schemathesis/code_samples.py
compile /usr/src/tmp/python3-module-schemathesis-buildroot/usr/lib/python3/site-packages/schemathesis/constants.py
compile /usr/src/tmp/python3-module-schemathesis-buildroot/usr/lib/python3/site-packages/schemathesis/exceptions.py
compile /usr/src/tmp/python3-module-schemathesis-buildroot/usr/lib/python3/site-packages/schemathesis/failures.py
compile /usr/src/tmp/python3-module-schemathesis-buildroot/usr/lib/python3/site-packages/schemathesis/filters.py
compile /usr/src/tmp/python3-module-schemathesis-buildroot/usr/lib/python3/site-packages/schemathesis/graphql.py
compile /usr/src/tmp/python3-module-schemathesis-buildroot/usr/lib/python3/site-packages/schemathesis/hooks.py
compile /usr/src/tmp/python3-module-schemathesis-buildroot/usr/lib/python3/site-packages/schemathesis/lazy.py
compile /usr/src/tmp/python3-module-schemathesis-buildroot/usr/lib/python3/site-packages/schemathesis/loaders.py
compile /usr/src/tmp/python3-module-schemathesis-buildroot/usr/lib/python3/site-packages/schemathesis/models.py
compile /usr/src/tmp/python3-module-schemathesis-buildroot/usr/lib/python3/site-packages/schemathesis/parameters.py
compile /usr/src/tmp/python3-module-schemathesis-buildroot/usr/lib/python3/site-packages/schemathesis/sanitization.py
compile /usr/src/tmp/python3-module-schemathesis-buildroot/usr/lib/python3/site-packages/schemathesis/schemas.py
compile /usr/src/tmp/python3-module-schemathesis-buildroot/usr/lib/python3/site-packages/schemathesis/serializers.py
compile /usr/src/tmp/python3-module-schemathesis-buildroot/usr/lib/python3/site-packages/schemathesis/targets.py
compile /usr/src/tmp/python3-module-schemathesis-buildroot/usr/lib/python3/site-packages/schemathesis/throttling.py
compile /usr/src/tmp/python3-module-schemathesis-buildroot/usr/lib/python3/site-packages/schemathesis/types.py
compile /usr/src/tmp/python3-module-schemathesis-buildroot/usr/lib/python3/site-packages/schemathesis/utils.py
Hardlinking identical .pyc and .opt-?.pyc files
'./usr/lib/python3/site-packages/schemathesis/__pycache__/__init__.cpython-312.opt-1.pyc' => './usr/lib/python3/site-packages/schemathesis/__pycache__/__init__.cpython-312.pyc'
'./usr/lib/python3/site-packages/schemathesis/__pycache__/__init__.cpython-312.opt-2.pyc' => './usr/lib/python3/site-packages/schemathesis/__pycache__/__init__.cpython-312.opt-1.pyc'
'./usr/lib/python3/site-packages/schemathesis/__pycache__/_compat.cpython-312.opt-1.pyc' => './usr/lib/python3/site-packages/schemathesis/__pycache__/_compat.cpython-312.pyc'
'./usr/lib/python3/site-packages/schemathesis/__pycache__/_compat.cpython-312.opt-2.pyc' => './usr/lib/python3/site-packages/schemathesis/__pycache__/_compat.cpython-312.opt-1.pyc'
'./usr/lib/python3/site-packages/schemathesis/__pycache__/_dependency_versions.cpython-312.opt-1.pyc' => './usr/lib/python3/site-packages/schemathesis/__pycache__/_dependency_versions.cpython-312.pyc'
'./usr/lib/python3/site-packages/schemathesis/__pycache__/_hypothesis.cpython-312.opt-1.pyc' => './usr/lib/python3/site-packages/schemathesis/__pycache__/_hypothesis.cpython-312.pyc'
'./usr/lib/python3/site-packages/schemathesis/__pycache__/_lazy_import.cpython-312.opt-1.pyc' => './usr/lib/python3/site-packages/schemathesis/__pycache__/_lazy_import.cpython-312.pyc'
'./usr/lib/python3/site-packages/schemathesis/__pycache__/_lazy_import.cpython-312.opt-2.pyc' => './usr/lib/python3/site-packages/schemathesis/__pycache__/_lazy_import.cpython-312.opt-1.pyc'
'./usr/lib/python3/site-packages/schemathesis/__pycache__/_override.cpython-312.opt-1.pyc' => './usr/lib/python3/site-packages/schemathesis/__pycache__/_override.cpython-312.pyc'
'./usr/lib/python3/site-packages/schemathesis/__pycache__/_patches.cpython-312.opt-1.pyc' => './usr/lib/python3/site-packages/schemathesis/__pycache__/_patches.cpython-312.pyc'
'./usr/lib/python3/site-packages/schemathesis/__pycache__/_rate_limiter.cpython-312.opt-1.pyc' => './usr/lib/python3/site-packages/schemathesis/__pycache__/_rate_limiter.cpython-312.pyc'
'./usr/lib/python3/site-packages/schemathesis/__pycache__/_rate_limiter.cpython-312.opt-2.pyc' => './usr/lib/python3/site-packages/schemathesis/__pycache__/_rate_limiter.cpython-312.opt-1.pyc'
'./usr/lib/python3/site-packages/schemathesis/__pycache__/_xml.cpython-312.opt-1.pyc' => './usr/lib/python3/site-packages/schemathesis/__pycache__/_xml.cpython-312.pyc'
'./usr/lib/python3/site-packages/schemathesis/__pycache__/auths.cpython-312.opt-1.pyc' => './usr/lib/python3/site-packages/schemathesis/__pycache__/auths.cpython-312.pyc'
'./usr/lib/python3/site-packages/schemathesis/__pycache__/checks.cpython-312.opt-1.pyc' => './usr/lib/python3/site-packages/schemathesis/__pycache__/checks.cpython-312.pyc'
'./usr/lib/python3/site-packages/schemathesis/__pycache__/code_samples.cpython-312.opt-1.pyc' => './usr/lib/python3/site-packages/schemathesis/__pycache__/code_samples.cpython-312.pyc'
'./usr/lib/python3/site-packages/schemathesis/__pycache__/constants.cpython-312.opt-1.pyc' => './usr/lib/python3/site-packages/schemathesis/__pycache__/constants.cpython-312.pyc'
'./usr/lib/python3/site-packages/schemathesis/__pycache__/constants.cpython-312.opt-2.pyc' => './usr/lib/python3/site-packages/schemathesis/__pycache__/constants.cpython-312.opt-1.pyc'
'./usr/lib/python3/site-packages/schemathesis/__pycache__/exceptions.cpython-312.opt-1.pyc' => './usr/lib/python3/site-packages/schemathesis/__pycache__/exceptions.cpython-312.pyc'
'./usr/lib/python3/site-packages/schemathesis/__pycache__/failures.cpython-312.opt-1.pyc' => './usr/lib/python3/site-packages/schemathesis/__pycache__/failures.cpython-312.pyc'
'./usr/lib/python3/site-packages/schemathesis/__pycache__/filters.cpython-312.opt-1.pyc' => './usr/lib/python3/site-packages/schemathesis/__pycache__/filters.cpython-312.pyc'
'./usr/lib/python3/site-packages/schemathesis/__pycache__/graphql.cpython-312.opt-1.pyc' => './usr/lib/python3/site-packages/schemathesis/__pycache__/graphql.cpython-312.pyc'
'./usr/lib/python3/site-packages/schemathesis/__pycache__/graphql.cpython-312.opt-2.pyc' => './usr/lib/python3/site-packages/schemathesis/__pycache__/graphql.cpython-312.opt-1.pyc'
'./usr/lib/python3/site-packages/schemathesis/__pycache__/hooks.cpython-312.opt-1.pyc' => './usr/lib/python3/site-packages/schemathesis/__pycache__/hooks.cpython-312.pyc'
'./usr/lib/python3/site-packages/schemathesis/__pycache__/lazy.cpython-312.opt-1.pyc' => './usr/lib/python3/site-packages/schemathesis/__pycache__/lazy.cpython-312.pyc'
'./usr/lib/python3/site-packages/schemathesis/__pycache__/loaders.cpython-312.opt-1.pyc' => './usr/lib/python3/site-packages/schemathesis/__pycache__/loaders.cpython-312.pyc'
'./usr/lib/python3/site-packages/schemathesis/__pycache__/parameters.cpython-312.opt-1.pyc' => './usr/lib/python3/site-packages/schemathesis/__pycache__/parameters.cpython-312.pyc'
'./usr/lib/python3/site-packages/schemathesis/__pycache__/sanitization.cpython-312.opt-1.pyc' => './usr/lib/python3/site-packages/schemathesis/__pycache__/sanitization.cpython-312.pyc'
'./usr/lib/python3/site-packages/schemathesis/__pycache__/schemas.cpython-312.opt-1.pyc' => './usr/lib/python3/site-packages/schemathesis/__pycache__/schemas.cpython-312.pyc'
'./usr/lib/python3/site-packages/schemathesis/__pycache__/serializers.cpython-312.opt-1.pyc' => './usr/lib/python3/site-packages/schemathesis/__pycache__/serializers.cpython-312.pyc'
'./usr/lib/python3/site-packages/schemathesis/__pycache__/targets.cpython-312.opt-1.pyc' => './usr/lib/python3/site-packages/schemathesis/__pycache__/targets.cpython-312.pyc'
'./usr/lib/python3/site-packages/schemathesis/__pycache__/throttling.cpython-312.opt-1.pyc' => './usr/lib/python3/site-packages/schemathesis/__pycache__/throttling.cpython-312.pyc'
'./usr/lib/python3/site-packages/schemathesis/__pycache__/throttling.cpython-312.opt-2.pyc' => './usr/lib/python3/site-packages/schemathesis/__pycache__/throttling.cpython-312.opt-1.pyc'
'./usr/lib/python3/site-packages/schemathesis/__pycache__/types.cpython-312.opt-1.pyc' => './usr/lib/python3/site-packages/schemathesis/__pycache__/types.cpython-312.pyc'
'./usr/lib/python3/site-packages/schemathesis/__pycache__/utils.cpython-312.opt-1.pyc' => './usr/lib/python3/site-packages/schemathesis/__pycache__/utils.cpython-312.pyc'
'./usr/lib/python3/site-packages/schemathesis/cli/__pycache__/__init__.cpython-312.opt-1.pyc' => './usr/lib/python3/site-packages/schemathesis/cli/__pycache__/__init__.cpython-312.pyc'
'./usr/lib/python3/site-packages/schemathesis/cli/__pycache__/__main__.cpython-312.opt-1.pyc' => './usr/lib/python3/site-packages/schemathesis/cli/__pycache__/__main__.cpython-312.pyc'
'./usr/lib/python3/site-packages/schemathesis/cli/__pycache__/__main__.cpython-312.opt-2.pyc' => './usr/lib/python3/site-packages/schemathesis/cli/__pycache__/__main__.cpython-312.opt-1.pyc'
'./usr/lib/python3/site-packages/schemathesis/cli/__pycache__/callbacks.cpython-312.opt-1.pyc' => './usr/lib/python3/site-packages/schemathesis/cli/__pycache__/callbacks.cpython-312.pyc'
'./usr/lib/python3/site-packages/schemathesis/cli/__pycache__/cassettes.cpython-312.opt-1.pyc' => './usr/lib/python3/site-packages/schemathesis/cli/__pycache__/cassettes.cpython-312.pyc'
'./usr/lib/python3/site-packages/schemathesis/cli/__pycache__/constants.cpython-312.opt-1.pyc' => './usr/lib/python3/site-packages/schemathesis/cli/__pycache__/constants.cpython-312.pyc'
'./usr/lib/python3/site-packages/schemathesis/cli/__pycache__/constants.cpython-312.opt-2.pyc' => './usr/lib/python3/site-packages/schemathesis/cli/__pycache__/constants.cpython-312.opt-1.pyc'
'./usr/lib/python3/site-packages/schemathesis/cli/__pycache__/context.cpython-312.opt-1.pyc' => './usr/lib/python3/site-packages/schemathesis/cli/__pycache__/context.cpython-312.pyc'
'./usr/lib/python3/site-packages/schemathesis/cli/__pycache__/debug.cpython-312.opt-1.pyc' => './usr/lib/python3/site-packages/schemathesis/cli/__pycache__/debug.cpython-312.pyc'
'./usr/lib/python3/site-packages/schemathesis/cli/__pycache__/debug.cpython-312.opt-2.pyc' => './usr/lib/python3/site-packages/schemathesis/cli/__pycache__/debug.cpython-312.opt-1.pyc'
'./usr/lib/python3/site-packages/schemathesis/cli/__pycache__/handlers.cpython-312.opt-1.pyc' => './usr/lib/python3/site-packages/schemathesis/cli/__pycache__/handlers.cpython-312.pyc'
'./usr/lib/python3/site-packages/schemathesis/cli/__pycache__/handlers.cpython-312.opt-2.pyc' => './usr/lib/python3/site-packages/schemathesis/cli/__pycache__/handlers.cpython-312.opt-1.pyc'
'./usr/lib/python3/site-packages/schemathesis/cli/__pycache__/junitxml.cpython-312.opt-1.pyc' => './usr/lib/python3/site-packages/schemathesis/cli/__pycache__/junitxml.cpython-312.pyc'
'./usr/lib/python3/site-packages/schemathesis/cli/__pycache__/junitxml.cpython-312.opt-2.pyc' => './usr/lib/python3/site-packages/schemathesis/cli/__pycache__/junitxml.cpython-312.opt-1.pyc'
'./usr/lib/python3/site-packages/schemathesis/cli/__pycache__/options.cpython-312.opt-1.pyc' => './usr/lib/python3/site-packages/schemathesis/cli/__pycache__/options.cpython-312.pyc'
'./usr/lib/python3/site-packages/schemathesis/cli/__pycache__/reporting.cpython-312.opt-1.pyc' => './usr/lib/python3/site-packages/schemathesis/cli/__pycache__/reporting.cpython-312.pyc'
'./usr/lib/python3/site-packages/schemathesis/cli/__pycache__/reporting.cpython-312.opt-2.pyc' => './usr/lib/python3/site-packages/schemathesis/cli/__pycache__/reporting.cpython-312.opt-1.pyc'
'./usr/lib/python3/site-packages/schemathesis/cli/__pycache__/sanitization.cpython-312.opt-1.pyc' => './usr/lib/python3/site-packages/schemathesis/cli/__pycache__/sanitization.cpython-312.pyc'
'./usr/lib/python3/site-packages/schemathesis/cli/__pycache__/sanitization.cpython-312.opt-2.pyc' => './usr/lib/python3/site-packages/schemathesis/cli/__pycache__/sanitization.cpython-312.opt-1.pyc'
'./usr/lib/python3/site-packages/schemathesis/cli/output/__pycache__/__init__.cpython-312.opt-1.pyc' => './usr/lib/python3/site-packages/schemathesis/cli/output/__pycache__/__init__.cpython-312.pyc'
'./usr/lib/python3/site-packages/schemathesis/cli/output/__pycache__/__init__.cpython-312.opt-2.pyc' => './usr/lib/python3/site-packages/schemathesis/cli/output/__pycache__/__init__.cpython-312.opt-1.pyc'
'./usr/lib/python3/site-packages/schemathesis/cli/output/__pycache__/default.cpython-312.opt-1.pyc' => './usr/lib/python3/site-packages/schemathesis/cli/output/__pycache__/default.cpython-312.pyc'
'./usr/lib/python3/site-packages/schemathesis/cli/output/__pycache__/short.cpython-312.opt-1.pyc' => './usr/lib/python3/site-packages/schemathesis/cli/output/__pycache__/short.cpython-312.pyc'
'./usr/lib/python3/site-packages/schemathesis/contrib/__pycache__/__init__.cpython-312.opt-1.pyc' => './usr/lib/python3/site-packages/schemathesis/contrib/__pycache__/__init__.cpython-312.pyc'
'./usr/lib/python3/site-packages/schemathesis/contrib/__pycache__/__init__.cpython-312.opt-2.pyc' => './usr/lib/python3/site-packages/schemathesis/contrib/__pycache__/__init__.cpython-312.opt-1.pyc'
'./usr/lib/python3/site-packages/schemathesis/contrib/__pycache__/unique_data.cpython-312.opt-1.pyc' => './usr/lib/python3/site-packages/schemathesis/contrib/__pycache__/unique_data.cpython-312.pyc'
'./usr/lib/python3/site-packages/schemathesis/contrib/__pycache__/unique_data.cpython-312.opt-2.pyc' => './usr/lib/python3/site-packages/schemathesis/contrib/__pycache__/unique_data.cpython-312.opt-1.pyc'
'./usr/lib/python3/site-packages/schemathesis/contrib/openapi/__pycache__/__init__.cpython-312.opt-1.pyc' => './usr/lib/python3/site-packages/schemathesis/contrib/openapi/__pycache__/__init__.cpython-312.pyc'
'./usr/lib/python3/site-packages/schemathesis/contrib/openapi/__pycache__/__init__.cpython-312.opt-2.pyc' => './usr/lib/python3/site-packages/schemathesis/contrib/openapi/__pycache__/__init__.cpython-312.opt-1.pyc'
'./usr/lib/python3/site-packages/schemathesis/contrib/openapi/__pycache__/fill_missing_examples.cpython-312.opt-1.pyc' => './usr/lib/python3/site-packages/schemathesis/contrib/openapi/__pycache__/fill_missing_examples.cpython-312.pyc'
'./usr/lib/python3/site-packages/schemathesis/contrib/openapi/__pycache__/fill_missing_examples.cpython-312.opt-2.pyc' => './usr/lib/python3/site-packages/schemathesis/contrib/openapi/__pycache__/fill_missing_examples.cpython-312.opt-1.pyc'
'./usr/lib/python3/site-packages/schemathesis/contrib/openapi/formats/__pycache__/__init__.cpython-312.opt-1.pyc' => './usr/lib/python3/site-packages/schemathesis/contrib/openapi/formats/__pycache__/__init__.cpython-312.pyc'
'./usr/lib/python3/site-packages/schemathesis/contrib/openapi/formats/__pycache__/__init__.cpython-312.opt-2.pyc' => './usr/lib/python3/site-packages/schemathesis/contrib/openapi/formats/__pycache__/__init__.cpython-312.opt-1.pyc'
'./usr/lib/python3/site-packages/schemathesis/contrib/openapi/formats/__pycache__/uuid.cpython-312.opt-1.pyc' => './usr/lib/python3/site-packages/schemathesis/contrib/openapi/formats/__pycache__/uuid.cpython-312.pyc'
'./usr/lib/python3/site-packages/schemathesis/contrib/openapi/formats/__pycache__/uuid.cpython-312.opt-2.pyc' => './usr/lib/python3/site-packages/schemathesis/contrib/openapi/formats/__pycache__/uuid.cpython-312.opt-1.pyc'
'./usr/lib/python3/site-packages/schemathesis/experimental/__pycache__/__init__.cpython-312.opt-1.pyc' => './usr/lib/python3/site-packages/schemathesis/experimental/__pycache__/__init__.cpython-312.pyc'
'./usr/lib/python3/site-packages/schemathesis/experimental/__pycache__/__init__.cpython-312.opt-2.pyc' => './usr/lib/python3/site-packages/schemathesis/experimental/__pycache__/__init__.cpython-312.opt-1.pyc'
'./usr/lib/python3/site-packages/schemathesis/extra/__pycache__/__init__.cpython-312.opt-1.pyc' => './usr/lib/python3/site-packages/schemathesis/extra/__pycache__/__init__.cpython-312.pyc'
'./usr/lib/python3/site-packages/schemathesis/extra/__pycache__/__init__.cpython-312.opt-2.pyc' => './usr/lib/python3/site-packages/schemathesis/extra/__pycache__/__init__.cpython-312.opt-1.pyc'
'./usr/lib/python3/site-packages/schemathesis/extra/__pycache__/_aiohttp.cpython-312.opt-1.pyc' => './usr/lib/python3/site-packages/schemathesis/extra/__pycache__/_aiohttp.cpython-312.pyc'
'./usr/lib/python3/site-packages/schemathesis/extra/__pycache__/_flask.cpython-312.opt-1.pyc' => './usr/lib/python3/site-packages/schemathesis/extra/__pycache__/_flask.cpython-312.pyc'
'./usr/lib/python3/site-packages/schemathesis/extra/__pycache__/_server.cpython-312.opt-1.pyc' => './usr/lib/python3/site-packages/schemathesis/extra/__pycache__/_server.cpython-312.pyc'
'./usr/lib/python3/site-packages/schemathesis/extra/__pycache__/pytest_plugin.cpython-312.opt-1.pyc' => './usr/lib/python3/site-packages/schemathesis/extra/__pycache__/pytest_plugin.cpython-312.pyc'
'./usr/lib/python3/site-packages/schemathesis/fixups/__pycache__/__init__.cpython-312.opt-1.pyc' => './usr/lib/python3/site-packages/schemathesis/fixups/__pycache__/__init__.cpython-312.pyc'
'./usr/lib/python3/site-packages/schemathesis/fixups/__pycache__/fast_api.cpython-312.opt-1.pyc' => './usr/lib/python3/site-packages/schemathesis/fixups/__pycache__/fast_api.cpython-312.pyc'
'./usr/lib/python3/site-packages/schemathesis/fixups/__pycache__/utf8_bom.cpython-312.opt-1.pyc' => './usr/lib/python3/site-packages/schemathesis/fixups/__pycache__/utf8_bom.cpython-312.pyc'
'./usr/lib/python3/site-packages/schemathesis/fixups/__pycache__/utf8_bom.cpython-312.opt-2.pyc' => './usr/lib/python3/site-packages/schemathesis/fixups/__pycache__/utf8_bom.cpython-312.opt-1.pyc'
'./usr/lib/python3/site-packages/schemathesis/generation/__pycache__/__init__.cpython-312.opt-1.pyc' => './usr/lib/python3/site-packages/schemathesis/generation/__pycache__/__init__.cpython-312.pyc'
'./usr/lib/python3/site-packages/schemathesis/generation/__pycache__/_hypothesis.cpython-312.opt-1.pyc' => './usr/lib/python3/site-packages/schemathesis/generation/__pycache__/_hypothesis.cpython-312.pyc'
'./usr/lib/python3/site-packages/schemathesis/generation/__pycache__/_methods.cpython-312.opt-1.pyc' => './usr/lib/python3/site-packages/schemathesis/generation/__pycache__/_methods.cpython-312.pyc'
'./usr/lib/python3/site-packages/schemathesis/generation/__pycache__/coverage.cpython-312.opt-1.pyc' => './usr/lib/python3/site-packages/schemathesis/generation/__pycache__/coverage.cpython-312.pyc'
'./usr/lib/python3/site-packages/schemathesis/internal/__pycache__/__init__.cpython-312.opt-1.pyc' => './usr/lib/python3/site-packages/schemathesis/internal/__pycache__/__init__.cpython-312.pyc'
'./usr/lib/python3/site-packages/schemathesis/internal/__pycache__/checks.cpython-312.opt-1.pyc' => './usr/lib/python3/site-packages/schemathesis/internal/__pycache__/checks.cpython-312.pyc'
'./usr/lib/python3/site-packages/schemathesis/internal/__pycache__/copy.cpython-312.opt-1.pyc' => './usr/lib/python3/site-packages/schemathesis/internal/__pycache__/copy.cpython-312.pyc'
'./usr/lib/python3/site-packages/schemathesis/internal/__pycache__/datetime.cpython-312.opt-1.pyc' => './usr/lib/python3/site-packages/schemathesis/internal/__pycache__/datetime.cpython-312.pyc'
'./usr/lib/python3/site-packages/schemathesis/internal/__pycache__/datetime.cpython-312.opt-2.pyc' => './usr/lib/python3/site-packages/schemathesis/internal/__pycache__/datetime.cpython-312.opt-1.pyc'
'./usr/lib/python3/site-packages/schemathesis/internal/__pycache__/deprecation.cpython-312.opt-1.pyc' => './usr/lib/python3/site-packages/schemathesis/internal/__pycache__/deprecation.cpython-312.pyc'
'./usr/lib/python3/site-packages/schemathesis/internal/__pycache__/deprecation.cpython-312.opt-2.pyc' => './usr/lib/python3/site-packages/schemathesis/internal/__pycache__/deprecation.cpython-312.opt-1.pyc'
'./usr/lib/python3/site-packages/schemathesis/internal/__pycache__/diff.cpython-312.opt-1.pyc' => './usr/lib/python3/site-packages/schemathesis/internal/__pycache__/diff.cpython-312.pyc'
'./usr/lib/python3/site-packages/schemathesis/internal/__pycache__/extensions.cpython-312.opt-1.pyc' => './usr/lib/python3/site-packages/schemathesis/internal/__pycache__/extensions.cpython-312.pyc'
'./usr/lib/python3/site-packages/schemathesis/internal/__pycache__/jsonschema.cpython-312.opt-1.pyc' => './usr/lib/python3/site-packages/schemathesis/internal/__pycache__/jsonschema.cpython-312.pyc'
'./usr/lib/python3/site-packages/schemathesis/internal/__pycache__/output.cpython-312.opt-1.pyc' => './usr/lib/python3/site-packages/schemathesis/internal/__pycache__/output.cpython-312.pyc'
'./usr/lib/python3/site-packages/schemathesis/internal/__pycache__/result.cpython-312.opt-1.pyc' => './usr/lib/python3/site-packages/schemathesis/internal/__pycache__/result.cpython-312.pyc'
'./usr/lib/python3/site-packages/schemathesis/internal/__pycache__/result.cpython-312.opt-2.pyc' => './usr/lib/python3/site-packages/schemathesis/internal/__pycache__/result.cpython-312.opt-1.pyc'
'./usr/lib/python3/site-packages/schemathesis/internal/__pycache__/transformation.cpython-312.opt-1.pyc' => './usr/lib/python3/site-packages/schemathesis/internal/__pycache__/transformation.cpython-312.pyc'
'./usr/lib/python3/site-packages/schemathesis/internal/__pycache__/validation.cpython-312.opt-1.pyc' => './usr/lib/python3/site-packages/schemathesis/internal/__pycache__/validation.cpython-312.pyc'
'./usr/lib/python3/site-packages/schemathesis/runner/__pycache__/__init__.cpython-312.opt-1.pyc' => './usr/lib/python3/site-packages/schemathesis/runner/__pycache__/__init__.cpython-312.pyc'
'./usr/lib/python3/site-packages/schemathesis/runner/__pycache__/events.cpython-312.opt-1.pyc' => './usr/lib/python3/site-packages/schemathesis/runner/__pycache__/events.cpython-312.pyc'
'./usr/lib/python3/site-packages/schemathesis/runner/__pycache__/probes.cpython-312.opt-1.pyc' => './usr/lib/python3/site-packages/schemathesis/runner/__pycache__/probes.cpython-312.pyc'
'./usr/lib/python3/site-packages/schemathesis/runner/__pycache__/serialization.cpython-312.opt-1.pyc' => './usr/lib/python3/site-packages/schemathesis/runner/__pycache__/serialization.cpython-312.pyc'
'./usr/lib/python3/site-packages/schemathesis/runner/impl/__pycache__/__init__.cpython-312.opt-1.pyc' => './usr/lib/python3/site-packages/schemathesis/runner/impl/__pycache__/__init__.cpython-312.pyc'
'./usr/lib/python3/site-packages/schemathesis/runner/impl/__pycache__/__init__.cpython-312.opt-2.pyc' => './usr/lib/python3/site-packages/schemathesis/runner/impl/__pycache__/__init__.cpython-312.opt-1.pyc'
'./usr/lib/python3/site-packages/schemathesis/runner/impl/__pycache__/context.cpython-312.opt-1.pyc' => './usr/lib/python3/site-packages/schemathesis/runner/impl/__pycache__/context.cpython-312.pyc'
'./usr/lib/python3/site-packages/schemathesis/runner/impl/__pycache__/solo.cpython-312.opt-1.pyc' => './usr/lib/python3/site-packages/schemathesis/runner/impl/__pycache__/solo.cpython-312.pyc'
'./usr/lib/python3/site-packages/schemathesis/runner/impl/__pycache__/threadpool.cpython-312.opt-1.pyc' => './usr/lib/python3/site-packages/schemathesis/runner/impl/__pycache__/threadpool.cpython-312.pyc'
'./usr/lib/python3/site-packages/schemathesis/service/__pycache__/__init__.cpython-312.opt-1.pyc' => './usr/lib/python3/site-packages/schemathesis/service/__pycache__/__init__.cpython-312.pyc'
'./usr/lib/python3/site-packages/schemathesis/service/__pycache__/__init__.cpython-312.opt-2.pyc' => './usr/lib/python3/site-packages/schemathesis/service/__pycache__/__init__.cpython-312.opt-1.pyc'
'./usr/lib/python3/site-packages/schemathesis/service/__pycache__/auth.cpython-312.opt-1.pyc' => './usr/lib/python3/site-packages/schemathesis/service/__pycache__/auth.cpython-312.pyc'
'./usr/lib/python3/site-packages/schemathesis/service/__pycache__/auth.cpython-312.opt-2.pyc' => './usr/lib/python3/site-packages/schemathesis/service/__pycache__/auth.cpython-312.opt-1.pyc'
'./usr/lib/python3/site-packages/schemathesis/service/__pycache__/ci.cpython-312.opt-1.pyc' => './usr/lib/python3/site-packages/schemathesis/service/__pycache__/ci.cpython-312.pyc'
'./usr/lib/python3/site-packages/schemathesis/service/__pycache__/client.cpython-312.opt-1.pyc' => './usr/lib/python3/site-packages/schemathesis/service/__pycache__/client.cpython-312.pyc'
'./usr/lib/python3/site-packages/schemathesis/service/__pycache__/constants.cpython-312.opt-1.pyc' => './usr/lib/python3/site-packages/schemathesis/service/__pycache__/constants.cpython-312.pyc'
'./usr/lib/python3/site-packages/schemathesis/service/__pycache__/constants.cpython-312.opt-2.pyc' => './usr/lib/python3/site-packages/schemathesis/service/__pycache__/constants.cpython-312.opt-1.pyc'
'./usr/lib/python3/site-packages/schemathesis/service/__pycache__/events.cpython-312.opt-1.pyc' => './usr/lib/python3/site-packages/schemathesis/service/__pycache__/events.cpython-312.pyc'
'./usr/lib/python3/site-packages/schemathesis/service/__pycache__/extensions.cpython-312.opt-1.pyc' => './usr/lib/python3/site-packages/schemathesis/service/__pycache__/extensions.cpython-312.pyc'
'./usr/lib/python3/site-packages/schemathesis/service/__pycache__/hosts.cpython-312.opt-1.pyc' => './usr/lib/python3/site-packages/schemathesis/service/__pycache__/hosts.cpython-312.pyc'
'./usr/lib/python3/site-packages/schemathesis/service/__pycache__/metadata.cpython-312.opt-1.pyc' => './usr/lib/python3/site-packages/schemathesis/service/__pycache__/metadata.cpython-312.pyc'
'./usr/lib/python3/site-packages/schemathesis/service/__pycache__/models.cpython-312.opt-1.pyc' => './usr/lib/python3/site-packages/schemathesis/service/__pycache__/models.cpython-312.pyc'
'./usr/lib/python3/site-packages/schemathesis/service/__pycache__/report.cpython-312.opt-1.pyc' => './usr/lib/python3/site-packages/schemathesis/service/__pycache__/report.cpython-312.pyc'
'./usr/lib/python3/site-packages/schemathesis/service/__pycache__/serialization.cpython-312.opt-1.pyc' => './usr/lib/python3/site-packages/schemathesis/service/__pycache__/serialization.cpython-312.pyc'
'./usr/lib/python3/site-packages/schemathesis/service/__pycache__/usage.cpython-312.opt-1.pyc' => './usr/lib/python3/site-packages/schemathesis/service/__pycache__/usage.cpython-312.pyc'
'./usr/lib/python3/site-packages/schemathesis/specs/__pycache__/__init__.cpython-312.opt-1.pyc' => './usr/lib/python3/site-packages/schemathesis/specs/__pycache__/__init__.cpython-312.pyc'
'./usr/lib/python3/site-packages/schemathesis/specs/__pycache__/__init__.cpython-312.opt-2.pyc' => './usr/lib/python3/site-packages/schemathesis/specs/__pycache__/__init__.cpython-312.opt-1.pyc'
'./usr/lib/python3/site-packages/schemathesis/specs/graphql/__pycache__/__init__.cpython-312.opt-1.pyc' => './usr/lib/python3/site-packages/schemathesis/specs/graphql/__pycache__/__init__.cpython-312.pyc'
'./usr/lib/python3/site-packages/schemathesis/specs/graphql/__pycache__/__init__.cpython-312.opt-2.pyc' => './usr/lib/python3/site-packages/schemathesis/specs/graphql/__pycache__/__init__.cpython-312.opt-1.pyc'
'./usr/lib/python3/site-packages/schemathesis/specs/graphql/__pycache__/_cache.cpython-312.opt-1.pyc' => './usr/lib/python3/site-packages/schemathesis/specs/graphql/__pycache__/_cache.cpython-312.pyc'
'./usr/lib/python3/site-packages/schemathesis/specs/graphql/__pycache__/_cache.cpython-312.opt-2.pyc' => './usr/lib/python3/site-packages/schemathesis/specs/graphql/__pycache__/_cache.cpython-312.opt-1.pyc'
'./usr/lib/python3/site-packages/schemathesis/specs/graphql/__pycache__/loaders.cpython-312.opt-1.pyc' => './usr/lib/python3/site-packages/schemathesis/specs/graphql/__pycache__/loaders.cpython-312.pyc'
'./usr/lib/python3/site-packages/schemathesis/specs/graphql/__pycache__/nodes.cpython-312.opt-1.pyc' => './usr/lib/python3/site-packages/schemathesis/specs/graphql/__pycache__/nodes.cpython-312.pyc'
'./usr/lib/python3/site-packages/schemathesis/specs/graphql/__pycache__/nodes.cpython-312.opt-2.pyc' => './usr/lib/python3/site-packages/schemathesis/specs/graphql/__pycache__/nodes.cpython-312.opt-1.pyc'
'./usr/lib/python3/site-packages/schemathesis/specs/graphql/__pycache__/scalars.cpython-312.opt-1.pyc' => './usr/lib/python3/site-packages/schemathesis/specs/graphql/__pycache__/scalars.cpython-312.pyc'
'./usr/lib/python3/site-packages/schemathesis/specs/graphql/__pycache__/schemas.cpython-312.opt-1.pyc' => './usr/lib/python3/site-packages/schemathesis/specs/graphql/__pycache__/schemas.cpython-312.pyc'
'./usr/lib/python3/site-packages/schemathesis/specs/graphql/__pycache__/validation.cpython-312.opt-1.pyc' => './usr/lib/python3/site-packages/schemathesis/specs/graphql/__pycache__/validation.cpython-312.pyc'
'./usr/lib/python3/site-packages/schemathesis/specs/openapi/__pycache__/__init__.cpython-312.opt-1.pyc' => './usr/lib/python3/site-packages/schemathesis/specs/openapi/__pycache__/__init__.cpython-312.pyc'
'./usr/lib/python3/site-packages/schemathesis/specs/openapi/__pycache__/__init__.cpython-312.opt-2.pyc' => './usr/lib/python3/site-packages/schemathesis/specs/openapi/__pycache__/__init__.cpython-312.opt-1.pyc'
'./usr/lib/python3/site-packages/schemathesis/specs/openapi/__pycache__/_cache.cpython-312.opt-1.pyc' => './usr/lib/python3/site-packages/schemathesis/specs/openapi/__pycache__/_cache.cpython-312.pyc'
'./usr/lib/python3/site-packages/schemathesis/specs/openapi/__pycache__/_hypothesis.cpython-312.opt-1.pyc' => './usr/lib/python3/site-packages/schemathesis/specs/openapi/__pycache__/_hypothesis.cpython-312.pyc'
'./usr/lib/python3/site-packages/schemathesis/specs/openapi/__pycache__/checks.cpython-312.opt-1.pyc' => './usr/lib/python3/site-packages/schemathesis/specs/openapi/__pycache__/checks.cpython-312.pyc'
'./usr/lib/python3/site-packages/schemathesis/specs/openapi/__pycache__/constants.cpython-312.opt-1.pyc' => './usr/lib/python3/site-packages/schemathesis/specs/openapi/__pycache__/constants.cpython-312.pyc'
'./usr/lib/python3/site-packages/schemathesis/specs/openapi/__pycache__/constants.cpython-312.opt-2.pyc' => './usr/lib/python3/site-packages/schemathesis/specs/openapi/__pycache__/constants.cpython-312.opt-1.pyc'
'./usr/lib/python3/site-packages/schemathesis/specs/openapi/__pycache__/converter.cpython-312.opt-1.pyc' => './usr/lib/python3/site-packages/schemathesis/specs/openapi/__pycache__/converter.cpython-312.pyc'
'./usr/lib/python3/site-packages/schemathesis/specs/openapi/__pycache__/definitions.cpython-312.opt-1.pyc' => './usr/lib/python3/site-packages/schemathesis/specs/openapi/__pycache__/definitions.cpython-312.pyc'
'./usr/lib/python3/site-packages/schemathesis/specs/openapi/__pycache__/definitions.cpython-312.opt-2.pyc' => './usr/lib/python3/site-packages/schemathesis/specs/openapi/__pycache__/definitions.cpython-312.opt-1.pyc'
'./usr/lib/python3/site-packages/schemathesis/specs/openapi/__pycache__/examples.cpython-312.opt-1.pyc' => './usr/lib/python3/site-packages/schemathesis/specs/openapi/__pycache__/examples.cpython-312.pyc'
'./usr/lib/python3/site-packages/schemathesis/specs/openapi/__pycache__/formats.cpython-312.opt-1.pyc' => './usr/lib/python3/site-packages/schemathesis/specs/openapi/__pycache__/formats.cpython-312.pyc'
'./usr/lib/python3/site-packages/schemathesis/specs/openapi/__pycache__/links.cpython-312.opt-1.pyc' => './usr/lib/python3/site-packages/schemathesis/specs/openapi/__pycache__/links.cpython-312.pyc'
'./usr/lib/python3/site-packages/schemathesis/specs/openapi/__pycache__/loaders.cpython-312.opt-1.pyc' => './usr/lib/python3/site-packages/schemathesis/specs/openapi/__pycache__/loaders.cpython-312.pyc'
'./usr/lib/python3/site-packages/schemathesis/specs/openapi/__pycache__/media_types.cpython-312.opt-1.pyc' => './usr/lib/python3/site-packages/schemathesis/specs/openapi/__pycache__/media_types.cpython-312.pyc'
'./usr/lib/python3/site-packages/schemathesis/specs/openapi/__pycache__/parameters.cpython-312.opt-1.pyc' => './usr/lib/python3/site-packages/schemathesis/specs/openapi/__pycache__/parameters.cpython-312.pyc'
'./usr/lib/python3/site-packages/schemathesis/specs/openapi/__pycache__/references.cpython-312.opt-1.pyc' => './usr/lib/python3/site-packages/schemathesis/specs/openapi/__pycache__/references.cpython-312.pyc'
'./usr/lib/python3/site-packages/schemathesis/specs/openapi/__pycache__/schemas.cpython-312.opt-1.pyc' => './usr/lib/python3/site-packages/schemathesis/specs/openapi/__pycache__/schemas.cpython-312.pyc'
'./usr/lib/python3/site-packages/schemathesis/specs/openapi/__pycache__/security.cpython-312.opt-1.pyc' => './usr/lib/python3/site-packages/schemathesis/specs/openapi/__pycache__/security.cpython-312.pyc'
'./usr/lib/python3/site-packages/schemathesis/specs/openapi/__pycache__/serialization.cpython-312.opt-1.pyc' => './usr/lib/python3/site-packages/schemathesis/specs/openapi/__pycache__/serialization.cpython-312.pyc'
'./usr/lib/python3/site-packages/schemathesis/specs/openapi/__pycache__/utils.cpython-312.opt-1.pyc' => './usr/lib/python3/site-packages/schemathesis/specs/openapi/__pycache__/utils.cpython-312.pyc'
'./usr/lib/python3/site-packages/schemathesis/specs/openapi/__pycache__/validation.cpython-312.opt-1.pyc' => './usr/lib/python3/site-packages/schemathesis/specs/openapi/__pycache__/validation.cpython-312.pyc'
'./usr/lib/python3/site-packages/schemathesis/specs/openapi/expressions/__pycache__/__init__.cpython-312.opt-1.pyc' => './usr/lib/python3/site-packages/schemathesis/specs/openapi/expressions/__pycache__/__init__.cpython-312.pyc'
'./usr/lib/python3/site-packages/schemathesis/specs/openapi/expressions/__pycache__/context.cpython-312.opt-1.pyc' => './usr/lib/python3/site-packages/schemathesis/specs/openapi/expressions/__pycache__/context.cpython-312.pyc'
'./usr/lib/python3/site-packages/schemathesis/specs/openapi/expressions/__pycache__/errors.cpython-312.opt-1.pyc' => './usr/lib/python3/site-packages/schemathesis/specs/openapi/expressions/__pycache__/errors.cpython-312.pyc'
'./usr/lib/python3/site-packages/schemathesis/specs/openapi/expressions/__pycache__/extractors.cpython-312.opt-1.pyc' => './usr/lib/python3/site-packages/schemathesis/specs/openapi/expressions/__pycache__/extractors.cpython-312.pyc'
'./usr/lib/python3/site-packages/schemathesis/specs/openapi/expressions/__pycache__/lexer.cpython-312.opt-1.pyc' => './usr/lib/python3/site-packages/schemathesis/specs/openapi/expressions/__pycache__/lexer.cpython-312.pyc'
'./usr/lib/python3/site-packages/schemathesis/specs/openapi/expressions/__pycache__/nodes.cpython-312.opt-1.pyc' => './usr/lib/python3/site-packages/schemathesis/specs/openapi/expressions/__pycache__/nodes.cpython-312.pyc'
'./usr/lib/python3/site-packages/schemathesis/specs/openapi/expressions/__pycache__/parser.cpython-312.opt-1.pyc' => './usr/lib/python3/site-packages/schemathesis/specs/openapi/expressions/__pycache__/parser.cpython-312.pyc'
'./usr/lib/python3/site-packages/schemathesis/specs/openapi/negative/__pycache__/__init__.cpython-312.opt-1.pyc' => './usr/lib/python3/site-packages/schemathesis/specs/openapi/negative/__pycache__/__init__.cpython-312.pyc'
'./usr/lib/python3/site-packages/schemathesis/specs/openapi/negative/__pycache__/mutations.cpython-312.opt-1.pyc' => './usr/lib/python3/site-packages/schemathesis/specs/openapi/negative/__pycache__/mutations.cpython-312.pyc'
'./usr/lib/python3/site-packages/schemathesis/specs/openapi/negative/__pycache__/types.cpython-312.opt-1.pyc' => './usr/lib/python3/site-packages/schemathesis/specs/openapi/negative/__pycache__/types.cpython-312.pyc'
'./usr/lib/python3/site-packages/schemathesis/specs/openapi/negative/__pycache__/types.cpython-312.opt-2.pyc' => './usr/lib/python3/site-packages/schemathesis/specs/openapi/negative/__pycache__/types.cpython-312.opt-1.pyc'
'./usr/lib/python3/site-packages/schemathesis/specs/openapi/negative/__pycache__/utils.cpython-312.opt-1.pyc' => './usr/lib/python3/site-packages/schemathesis/specs/openapi/negative/__pycache__/utils.cpython-312.pyc'
'./usr/lib/python3/site-packages/schemathesis/specs/openapi/negative/__pycache__/utils.cpython-312.opt-2.pyc' => './usr/lib/python3/site-packages/schemathesis/specs/openapi/negative/__pycache__/utils.cpython-312.opt-1.pyc'
'./usr/lib/python3/site-packages/schemathesis/specs/openapi/stateful/__pycache__/__init__.cpython-312.opt-1.pyc' => './usr/lib/python3/site-packages/schemathesis/specs/openapi/stateful/__pycache__/__init__.cpython-312.pyc'
'./usr/lib/python3/site-packages/schemathesis/specs/openapi/stateful/__pycache__/statistic.cpython-312.opt-1.pyc' => './usr/lib/python3/site-packages/schemathesis/specs/openapi/stateful/__pycache__/statistic.cpython-312.pyc'
'./usr/lib/python3/site-packages/schemathesis/specs/openapi/stateful/__pycache__/types.cpython-312.opt-1.pyc' => './usr/lib/python3/site-packages/schemathesis/specs/openapi/stateful/__pycache__/types.cpython-312.pyc'
'./usr/lib/python3/site-packages/schemathesis/specs/openapi/stateful/__pycache__/types.cpython-312.opt-2.pyc' => './usr/lib/python3/site-packages/schemathesis/specs/openapi/stateful/__pycache__/types.cpython-312.opt-1.pyc'
'./usr/lib/python3/site-packages/schemathesis/stateful/__pycache__/__init__.cpython-312.opt-1.pyc' => './usr/lib/python3/site-packages/schemathesis/stateful/__pycache__/__init__.cpython-312.pyc'
'./usr/lib/python3/site-packages/schemathesis/stateful/__pycache__/config.cpython-312.opt-1.pyc' => './usr/lib/python3/site-packages/schemathesis/stateful/__pycache__/config.cpython-312.pyc'
'./usr/lib/python3/site-packages/schemathesis/stateful/__pycache__/context.cpython-312.opt-1.pyc' => './usr/lib/python3/site-packages/schemathesis/stateful/__pycache__/context.cpython-312.pyc'
'./usr/lib/python3/site-packages/schemathesis/stateful/__pycache__/events.cpython-312.opt-1.pyc' => './usr/lib/python3/site-packages/schemathesis/stateful/__pycache__/events.cpython-312.pyc'
'./usr/lib/python3/site-packages/schemathesis/stateful/__pycache__/runner.cpython-312.opt-1.pyc' => './usr/lib/python3/site-packages/schemathesis/stateful/__pycache__/runner.cpython-312.pyc'
'./usr/lib/python3/site-packages/schemathesis/stateful/__pycache__/sink.cpython-312.opt-1.pyc' => './usr/lib/python3/site-packages/schemathesis/stateful/__pycache__/sink.cpython-312.pyc'
'./usr/lib/python3/site-packages/schemathesis/stateful/__pycache__/state_machine.cpython-312.opt-1.pyc' => './usr/lib/python3/site-packages/schemathesis/stateful/__pycache__/state_machine.cpython-312.pyc'
'./usr/lib/python3/site-packages/schemathesis/stateful/__pycache__/statistic.cpython-312.opt-1.pyc' => './usr/lib/python3/site-packages/schemathesis/stateful/__pycache__/statistic.cpython-312.pyc'
'./usr/lib/python3/site-packages/schemathesis/stateful/__pycache__/validation.cpython-312.opt-1.pyc' => './usr/lib/python3/site-packages/schemathesis/stateful/__pycache__/validation.cpython-312.pyc'
'./usr/lib/python3/site-packages/schemathesis/transports/__pycache__/__init__.cpython-312.opt-1.pyc' => './usr/lib/python3/site-packages/schemathesis/transports/__pycache__/__init__.cpython-312.pyc'
'./usr/lib/python3/site-packages/schemathesis/transports/__pycache__/asgi.cpython-312.opt-1.pyc' => './usr/lib/python3/site-packages/schemathesis/transports/__pycache__/asgi.cpython-312.pyc'
'./usr/lib/python3/site-packages/schemathesis/transports/__pycache__/asgi.cpython-312.opt-2.pyc' => './usr/lib/python3/site-packages/schemathesis/transports/__pycache__/asgi.cpython-312.opt-1.pyc'
'./usr/lib/python3/site-packages/schemathesis/transports/__pycache__/auth.cpython-312.opt-1.pyc' => './usr/lib/python3/site-packages/schemathesis/transports/__pycache__/auth.cpython-312.pyc'
'./usr/lib/python3/site-packages/schemathesis/transports/__pycache__/auth.cpython-312.opt-2.pyc' => './usr/lib/python3/site-packages/schemathesis/transports/__pycache__/auth.cpython-312.opt-1.pyc'
'./usr/lib/python3/site-packages/schemathesis/transports/__pycache__/content_types.cpython-312.opt-1.pyc' => './usr/lib/python3/site-packages/schemathesis/transports/__pycache__/content_types.cpython-312.pyc'
'./usr/lib/python3/site-packages/schemathesis/transports/__pycache__/headers.cpython-312.opt-1.pyc' => './usr/lib/python3/site-packages/schemathesis/transports/__pycache__/headers.cpython-312.pyc'
'./usr/lib/python3/site-packages/schemathesis/transports/__pycache__/responses.cpython-312.opt-1.pyc' => './usr/lib/python3/site-packages/schemathesis/transports/__pycache__/responses.cpython-312.pyc'
'./usr/lib/python3/site-packages/schemathesis/transports/__pycache__/responses.cpython-312.opt-2.pyc' => './usr/lib/python3/site-packages/schemathesis/transports/__pycache__/responses.cpython-312.opt-1.pyc'
Executing(%check): /bin/sh -e /usr/src/tmp/rpm-tmp.1892
+ umask 022
+ /bin/mkdir -p /usr/src/RPM/BUILD
+ cd /usr/src/RPM/BUILD
+ cd python3-module-schemathesis-3.39.16
+ export 'CFLAGS=-pipe -frecord-gcc-switches -Wall -g -O2 -flto=auto'
+ CFLAGS='-pipe -frecord-gcc-switches -Wall -g -O2 -flto=auto'
+ export 'CXXFLAGS=-pipe -frecord-gcc-switches -Wall -g -O2 -flto=auto'
+ CXXFLAGS='-pipe -frecord-gcc-switches -Wall -g -O2 -flto=auto'
+ export 'FFLAGS=-pipe -frecord-gcc-switches -Wall -g -O2 -flto=auto'
+ FFLAGS='-pipe -frecord-gcc-switches -Wall -g -O2 -flto=auto'
+ export NO_INTERNET=YES
+ NO_INTERNET=YES
+ /usr/bin/python3 -m pyproject_installer run -- python3 -m pytest --snapshot-update test/
INFO     : Creating venv
INFO     : Installing console scripts
INFO     : Installing package: /usr/src/RPM/BUILD/python3-module-schemathesis-3.39.16/dist/schemathesis-3.39.16-py3-none-any.whl
INFO     : Running command: ['/usr/src/RPM/BUILD/python3-module-schemathesis-3.39.16/.run_venv/bin/python3', '-m', 'pyproject_installer', 'install', '/usr/src/RPM/BUILD/python3-module-schemathesis-3.39.16/dist/schemathesis-3.39.16-py3-none-any.whl']
INFO     : Running command: ['python3', '-m', 'pytest', '--snapshot-update', 'test/']
============================= test session starts ==============================
platform linux -- Python 3.12.10, pytest-8.3.5, pluggy-1.5.0
rootdir: /usr/src/RPM/BUILD/python3-module-schemathesis-3.39.16
configfile: pyproject.toml
plugins: schemathesis-3.39.16, syrupy-4.9.1, subtests-0.14.1, mock-3.14.0, pytest_httpserver-1.1.3, asyncio-0.25.3, xdist-3.6.1, trio-0.8.0, hypothesis-6.131.16, anyio-4.9.0
asyncio: mode=Mode.STRICT, asyncio_default_fixture_loop_scope=None
collected 2766 items

test/auth/test_cli.py .......                                            [  0%]
test/auth/test_provider.py ...........                                   [  0%]
test/auth/test_pytest.py .............                                   [  1%]
test/checks/test_checks.py .....                                         [  1%]
test/cli/output/test_default.py ................                         [  1%]
test/cli/test_asgi.py ...                                                [  1%]
test/cli/test_callbacks.py ....................................          [  3%]
test/cli/test_cassettes.py ............................................. [  4%]
....................                                                     [  5%]
test/cli/test_checks.py ..................                               [  6%]
test/cli/test_commands.py .............................................. [  7%]
........................................................................ [ 10%]
........................................................................ [ 13%]
........................................................................ [ 15%]
................F....................................................... [ 18%]
...........................................                              [ 19%]
test/cli/test_crashes.py ...                                             [ 20%]
test/cli/test_hooks.py ........                                          [ 20%]
test/cli/test_junitxml.py .............                                  [ 20%]
test/cli/test_options.py ..                                              [ 20%]
test/cli/test_reporting.py .                                             [ 20%]
test/cli/test_targeted.py ...                                            [ 21%]
test/code_samples/test_curl.py ..........                                [ 21%]
test/code_samples/test_python.py ......................                  [ 22%]
test/contrib/openapi/formats/test_uuid.py .                              [ 22%]
test/contrib/openapi/test_fill_missing_examples.py .                     [ 22%]
test/contrib/test_install.py .                                           [ 22%]
test/contrib/test_unique_data.py XXXX........                            [ 22%]
test/coverage/test_combinations.py ..................................... [ 24%]
.................................s...................................... [ 26%]
...................................................                      [ 28%]
test/coverage/test_examples.py .........                                 [ 28%]
test/coverage/test_phase.py ..............................               [ 29%]
test/experimental/test_experiments.py .......                            [ 30%]
test/experimental/test_openapi_3_1.py ....                               [ 30%]
test/extra/test_aiohttp.py .                                             [ 30%]
test/filters/test_expressions.py ....................                    [ 31%]
test/filters/test_matching.py .......................................... [ 32%]
...................................                                      [ 33%]
test/hooks/test_filter_operations.py ..                                  [ 33%]
test/hooks/test_filters.py ........                                      [ 34%]
test/hooks/test_hooks.py ............................                    [ 35%]
test/loaders/test_app.py ....                                            [ 35%]
test/loaders/test_common.py .......................................      [ 36%]
test/loaders/test_graphql.py ..........                                  [ 37%]
test/loaders/test_openapi.py .......................                     [ 37%]
test/loaders/test_yaml.py ....                                           [ 38%]
test/runner/test_checks.py ............................................. [ 39%]
...................................................                      [ 41%]
test/runner/test_events.py ...                                           [ 41%]
test/runner/test_probes.py .....                                         [ 41%]
test/runner/test_runner.py ............................................. [ 43%]
........................................................................ [ 46%]
...............................................................F..       [ 48%]
test/service/test_auth.py ..........                                     [ 48%]
test/service/test_ci.py ...                                              [ 48%]
test/service/test_cli.py ...............................                 [ 50%]
test/service/test_extensions.py ........................................ [ 51%]
.                                                                        [ 51%]
test/service/test_report.py ....                                         [ 51%]
test/service/test_serialization.py .............                         [ 52%]
test/service/test_usage.py .........                                     [ 52%]
test/specs/graphql/test_basic.py ......................................  [ 53%]
test/specs/graphql/test_custom_scalars.py .....                          [ 54%]
test/specs/graphql/test_pytest.py ..                                     [ 54%]
test/specs/openapi/parameters/test_forms.py .......                      [ 54%]
test/specs/openapi/parameters/test_non_payload.py ..                     [ 54%]
test/specs/openapi/parameters/test_simple_payloads.py ......             [ 54%]
test/specs/openapi/stateful/test_config.py ....                          [ 54%]
test/specs/openapi/stateful/test_runner.py FFFFF....F........F.F.F..FFFF [ 55%]
FFFFFFFFF                                                                [ 56%]
test/specs/openapi/stateful/test_stateful.py ........FFFF.......FFF....  [ 57%]
test/specs/openapi/test_checks.py ...................................... [ 58%]
........................                                                 [ 59%]
test/specs/openapi/test_examples.py .................................... [ 60%]
...................                                                      [ 61%]
test/specs/openapi/test_expressions.py ................................. [ 62%]
....................................................                     [ 64%]
test/specs/openapi/test_hypothesis.py ................................   [ 65%]
test/specs/openapi/test_ignored_auth.py ................................ [ 66%]
...........                                                              [ 67%]
test/specs/openapi/test_links.py ...................                     [ 67%]
test/specs/openapi/test_media_types.py ..                                [ 67%]
test/specs/openapi/test_negative.py .................................... [ 69%]
.........................................                                [ 70%]
test/specs/openapi/test_parameters.py .....                              [ 70%]
test/specs/openapi/test_patterns.py .................................... [ 72%]
...............................................                          [ 73%]
test/specs/openapi/test_randomized.py .                                  [ 73%]
test/specs/openapi/test_schemas.py .....                                 [ 74%]
test/specs/openapi/test_security.py ......                               [ 74%]
test/specs/openapi/test_serializing.py ................................. [ 75%]
...................................................                      [ 77%]
test/specs/openapi/test_utils.py ....                                    [ 77%]
test/specs/openapi/test_validation.py ..                                 [ 77%]
test/test_app.py ..                                                      [ 77%]
test/test_asgi.py ............                                           [ 78%]
test/test_async.py .......                                               [ 78%]
test/test_common_parameters.py ....                                      [ 78%]
test/test_converter.py ...............                                   [ 78%]
test/test_dereferencing.py ........................................      [ 80%]
test/test_direct_access.py .........                                     [ 80%]
test/test_examples.py .                                                  [ 80%]
test/test_filters.py ..............                                      [ 81%]
test/test_fixups.py ........                                             [ 81%]
test/test_hypothesis.py ............................................     [ 83%]
test/test_internal.py ......                                             [ 83%]
test/test_lazy.py ..................................                     [ 84%]
test/test_models.py .................................................... [ 86%]
...............                                                          [ 87%]
test/test_output.py ......                                               [ 87%]
test/test_package.py .                                                   [ 87%]
test/test_parameters.py ................................................ [ 89%]
...........                                                              [ 89%]
test/test_parametrization.py ...............................             [ 90%]
test/test_petstore.py ....................................               [ 91%]
test/test_pytest.py ........................................             [ 93%]
test/test_rate_limit.py ......                                           [ 93%]
test/test_recoverable_errors.py .......                                  [ 93%]
test/test_required.py ......                                             [ 93%]
test/test_sanitizing_output.py ......................................... [ 95%]
.....                                                                    [ 95%]
test/test_schemas.py ......................                              [ 96%]
test/test_serialization.py ............................................. [ 98%]
.......                                                                  [ 98%]
test/test_stateful.py .........................                          [ 99%]
test/test_unittest.py ..                                                 [ 99%]
test/test_utils.py .                                                     [ 99%]
test/test_wsgi.py ......                                                 [ 99%]
test/transports/test_content_types.py ............                       [100%]

=================================== FAILURES ===================================
_________________ test_new_stateful_runner_junit[Open API 3.0] _________________

tmp_path = PosixPath('/usr/src/tmp/pytest-of-builder/pytest-0/test_new_stateful_runner_junit0')
cli = <test.conftest.cli.<locals>.Runner object at 0x7f8c13d3ca40>
schema_url = 'http://127.0.0.1:55323/schema.yaml'

    @pytest.mark.openapi_version("3.0")
    @pytest.mark.operations("create_user", "get_user", "update_user")
    def test_new_stateful_runner_junit(tmp_path, cli, schema_url):
        junit_path = tmp_path / "junit.xml"
        cli.run(
            schema_url,
            "--experimental=stateful-test-runner",
            "--experimental=stateful-only",
            "--hypothesis-max-examples=80",
            "--exitfirst",
            f"--junit-xml={junit_path}",
        )
        assert junit_path.exists()
        tree = ElementTree.parse(junit_path)
        root = tree.getroot()
        assert root.tag == "testsuites"
        assert len(root) == 1
        assert len(root[0]) == 1
        assert root[0][0].attrib["name"] == "Stateful tests"
        assert len(root[0][0]) == 1
>       assert root[0][0][0].tag == "failure"
E       AssertionError: assert 'error' == 'failure'
E         
E         - failure
E         + error

test/cli/test_commands.py:1627: AssertionError
------------------------------ Captured log call -------------------------------
ERROR    aiohttp.server:web_protocol.py:481 Error handling request from 127.0.0.1
Traceback (most recent call last):
  File "/usr/lib64/python3/site-packages/aiohttp/web_protocol.py", line 408, in data_received
    messages, upgraded, tail = self._request_parser.feed_data(data)
                               ^^^^^^^^^^^^^^^^^^^^^^^^^^^^^^^^^^^^
  File "aiohttp/_http_parser.pyx", line 558, in aiohttp._http_parser.HttpParser.feed_data
aiohttp.http_exceptions.BadHttpMessage: 400, message:
  Invalid header value char:

    b'X-Schemathesis-Probe-Null: '
                                 ^
_____________________ test_stateful_override[Open API 3.0] _____________________

real_app_schema = <OpenApi30 for Example API 1.0.0>

    @pytest.mark.openapi_version("3.0")
    @pytest.mark.operations("get_user", "create_user", "update_user")
    def test_stateful_override(real_app_schema):
        experimental.STATEFUL_TEST_RUNNER.enable()
        experimental.STATEFUL_ONLY.enable()
        _, *_, after_execution, _ = from_schema(
            real_app_schema,
            override=CaseOverride(path_parameters={"user_id": "42"}, headers={}, query={}, cookies={}),
            hypothesis_settings=hypothesis.settings(max_examples=40, deadline=None, stateful_step_count=2),
            store_interactions=True,
            stateful=Stateful.links,
        ).execute()
        interactions = after_execution.result.interactions
        assert len(interactions) > 0
        get_requests = [i.request for i in interactions if i.request.method == "GET"]
>       assert len(get_requests) > 0
E       assert 0 > 0
E        +  where 0 = len([])

test/runner/test_runner.py:1438: AssertionError
------------------------------ Captured log call -------------------------------
ERROR    aiohttp.server:web_protocol.py:481 Error handling request from 127.0.0.1
Traceback (most recent call last):
  File "/usr/lib64/python3/site-packages/aiohttp/web_protocol.py", line 408, in data_received
    messages, upgraded, tail = self._request_parser.feed_data(data)
                               ^^^^^^^^^^^^^^^^^^^^^^^^^^^^^^^^^^^^
  File "aiohttp/_http_parser.pyx", line 558, in aiohttp._http_parser.HttpParser.feed_data
aiohttp.http_exceptions.BadHttpMessage: 400, message:
  Invalid header value char:

    b'X-Schemathesis-Probe-Null: '
                                 ^
______________________ test_find_independent_5xx[kwargs0] ______________________

runner_factory = <function runner_factory.<locals>._runner_factory at 0x7f8b796b4ae0>
kwargs = {'exit_first': False, 'hypothesis_settings': settings(backend='hypothesis', database=None, deadline=timedelta(millisec...t_blob=False, report_multiple_bugs=True, stateful_step_count=50, suppress_health_check=(), verbosity=Verbosity.normal)}

    @pytest.mark.parametrize(
        "kwargs",
        [
            {"exit_first": False},
            {"exit_first": True},
            {"max_failures": 1},
            {"max_failures": 2},
        ],
    )
    def test_find_independent_5xx(runner_factory, kwargs):
        # When the app contains multiple endpoints with 5xx responses
        runner = runner_factory(app_kwargs={"independent_500": True}, config_kwargs=kwargs)
        result = collect_result(runner)
        all_affected_operations = {
            "DELETE /users/{userId}",
            "PATCH /users/{userId}",
        }
>       assert result.events[-1].status == events.RunStatus.FAILURE, result.errors
E       AssertionError: [Errored(timestamp=1681540.507690677, exception=InvalidDefinition("No progress can be made from state _InstrumentedSta... 'GET /users/{userId} -> 200': [],
E          'DELETE /orders/{orderId} -> 200': [],
E          'DELETE /users/{userId} -> 204': []})"))]
E       assert <RunStatus.ERROR: 'error'> == <RunStatus.FAILURE: 'failure'>
E         
E         - failure
E         + error

test/specs/openapi/stateful/test_runner.py:106: AssertionError
______________________ test_find_independent_5xx[kwargs1] ______________________

runner_factory = <function runner_factory.<locals>._runner_factory at 0x7f8bd6350c20>
kwargs = {'exit_first': True, 'hypothesis_settings': settings(backend='hypothesis', database=None, deadline=timedelta(milliseco...t_blob=False, report_multiple_bugs=True, stateful_step_count=50, suppress_health_check=(), verbosity=Verbosity.normal)}

    @pytest.mark.parametrize(
        "kwargs",
        [
            {"exit_first": False},
            {"exit_first": True},
            {"max_failures": 1},
            {"max_failures": 2},
        ],
    )
    def test_find_independent_5xx(runner_factory, kwargs):
        # When the app contains multiple endpoints with 5xx responses
        runner = runner_factory(app_kwargs={"independent_500": True}, config_kwargs=kwargs)
        result = collect_result(runner)
        all_affected_operations = {
            "DELETE /users/{userId}",
            "PATCH /users/{userId}",
        }
>       assert result.events[-1].status == events.RunStatus.FAILURE, result.errors
E       AssertionError: [Errored(timestamp=1681540.591462982, exception=InvalidDefinition("No progress can be made from state _InstrumentedSta... 'GET /users/{userId} -> 200': [],
E          'DELETE /orders/{orderId} -> 200': [],
E          'DELETE /users/{userId} -> 204': []})"))]
E       assert <RunStatus.ERROR: 'error'> == <RunStatus.FAILURE: 'failure'>
E         
E         - failure
E         + error

test/specs/openapi/stateful/test_runner.py:106: AssertionError
______________________ test_find_independent_5xx[kwargs2] ______________________

runner_factory = <function runner_factory.<locals>._runner_factory at 0x7f8bd55c3740>
kwargs = {'hypothesis_settings': settings(backend='hypothesis', database=None, deadline=timedelta(milliseconds=200), derandomiz...t_multiple_bugs=True, stateful_step_count=50, suppress_health_check=(), verbosity=Verbosity.normal), 'max_failures': 1}

    @pytest.mark.parametrize(
        "kwargs",
        [
            {"exit_first": False},
            {"exit_first": True},
            {"max_failures": 1},
            {"max_failures": 2},
        ],
    )
    def test_find_independent_5xx(runner_factory, kwargs):
        # When the app contains multiple endpoints with 5xx responses
        runner = runner_factory(app_kwargs={"independent_500": True}, config_kwargs=kwargs)
        result = collect_result(runner)
        all_affected_operations = {
            "DELETE /users/{userId}",
            "PATCH /users/{userId}",
        }
>       assert result.events[-1].status == events.RunStatus.FAILURE, result.errors
E       AssertionError: [Errored(timestamp=1681540.677375078, exception=InvalidDefinition("No progress can be made from state _InstrumentedSta... 'GET /users/{userId} -> 200': [],
E          'DELETE /orders/{orderId} -> 200': [],
E          'DELETE /users/{userId} -> 204': []})"))]
E       assert <RunStatus.ERROR: 'error'> == <RunStatus.FAILURE: 'failure'>
E         
E         - failure
E         + error

test/specs/openapi/stateful/test_runner.py:106: AssertionError
______________________ test_find_independent_5xx[kwargs3] ______________________

runner_factory = <function runner_factory.<locals>._runner_factory at 0x7f8bf82ea5c0>
kwargs = {'hypothesis_settings': settings(backend='hypothesis', database=None, deadline=timedelta(milliseconds=200), derandomiz...t_multiple_bugs=True, stateful_step_count=50, suppress_health_check=(), verbosity=Verbosity.normal), 'max_failures': 2}

    @pytest.mark.parametrize(
        "kwargs",
        [
            {"exit_first": False},
            {"exit_first": True},
            {"max_failures": 1},
            {"max_failures": 2},
        ],
    )
    def test_find_independent_5xx(runner_factory, kwargs):
        # When the app contains multiple endpoints with 5xx responses
        runner = runner_factory(app_kwargs={"independent_500": True}, config_kwargs=kwargs)
        result = collect_result(runner)
        all_affected_operations = {
            "DELETE /users/{userId}",
            "PATCH /users/{userId}",
        }
>       assert result.events[-1].status == events.RunStatus.FAILURE, result.errors
E       AssertionError: [Errored(timestamp=1681540.76062399, exception=InvalidDefinition("No progress can be made from state _InstrumentedStat... 'GET /users/{userId} -> 200': [],
E          'DELETE /orders/{orderId} -> 200': [],
E          'DELETE /users/{userId} -> 204': []})"))]
E       assert <RunStatus.ERROR: 'error'> == <RunStatus.FAILURE: 'failure'>
E         
E         - failure
E         + error

test/specs/openapi/stateful/test_runner.py:106: AssertionError
__________________________ test_works_on_single_link ___________________________

runner_factory = <function runner_factory.<locals>._runner_factory at 0x7f8c1203f560>

    def test_works_on_single_link(runner_factory):
        runner = runner_factory(app_kwargs={"single_link": True, "independent_500": True})
        result = collect_result(runner)
>       assert result.events[-1].status == events.RunStatus.FAILURE, result.errors
E       AssertionError: [Errored(timestamp=1681540.84130644, exception=InvalidDefinition("No progress can be made from state _InstrumentedStat...catch_all': [VarReference(name='catch_all_0')],
E          'POST /users -> 201': [],
E          'DELETE /users/{userId} -> 204': []})"))]
E       assert <RunStatus.ERROR: 'error'> == <RunStatus.FAILURE: 'failure'>
E         
E         - failure
E         + error

test/specs/openapi/stateful/test_runner.py:141: AssertionError
_________________ test_stop_outside_of_state_machine_execution _________________

runner_factory = <function runner_factory.<locals>._runner_factory at 0x7f8c11cae7a0>
mocker = <pytest_mock.plugin.MockerFixture object at 0x7f8c11fb4920>

    def test_stop_outside_of_state_machine_execution(runner_factory, mocker):
        # When stop signal is received outside of state machine execution
        runner = runner_factory(
            app_kwargs={"independent_500": True},
        )
        mocker.patch(
            "schemathesis.stateful.runner.RunnerContext.mark_as_seen_in_run", side_effect=lambda *_, **__: runner.stop()
        )
        result = collect_result(runner)
>       assert result.events[-2].status == events.SuiteStatus.INTERRUPTED
E       AssertionError: assert <SuiteStatus.ERROR: 'error'> == <SuiteStatus....'interrupted'>
E         
E         - interrupted
E         + error

test/specs/openapi/stateful/test_runner.py:191: AssertionError
__________________ test_failure_hidden_behind_another_failure __________________

runner_factory = <function runner_factory.<locals>._runner_factory at 0x7f8c1218d800>

    def test_failure_hidden_behind_another_failure(runner_factory):
        # The same API operation, but one error is far less frequent and is located behind another one that happens more often, so it is not found in the first test suite
    
        suite_number = 0
    
        def dynamic_check(*args, **kwargs):
            if suite_number == 0:
                not_a_server_error(*args, **kwargs)
            else:
                response_schema_conformance(*args, **kwargs)
    
        runner = runner_factory(
            app_kwargs={"failure_behind_failure": True},
            config_kwargs={
                "checks": (dynamic_check,),
                "hypothesis_settings": hypothesis.settings(
                    max_examples=100,
                    phases=(hypothesis.Phase.generate,),
                    deadline=None,
                ),
            },
        )
        failures = []
        for event in runner.execute():
            if isinstance(event, events.SuiteFinished):
                failures.extend(event.failures)
                suite_number += 1
>       assert len(failures) == 2
E       assert 1 == 2
E        +  where 1 = len([<schemathesis.models.Check object at 0x7f8c1e085730>])

test/specs/openapi/stateful/test_runner.py:341: AssertionError
___________________________ test_find_use_after_free ___________________________

runner_factory = <function runner_factory.<locals>._runner_factory at 0x7f8c11bd9300>

    @flaky(max_runs=10, min_passes=1)
    def test_find_use_after_free(runner_factory):
        runner = runner_factory(
            app_kwargs={"use_after_free": True},
            config_kwargs={
                "checks": (use_after_free,),
                "hypothesis_settings": hypothesis.settings(max_examples=60, database=None),
            },
        )
        result = collect_result(runner)
        assert len(result.sink.transitions.roots["POST /users"]) > 0
>       assert result.sink.suites[events.SuiteStatus.FAILURE] == 1
E       assert 0 == 1

test/specs/openapi/stateful/test_runner.py:365: AssertionError
_____________________________ test_flaky[kwargs0] ______________________________

runner_factory = <function runner_factory.<locals>._runner_factory at 0x7f8bfa6da480>
kwargs = {'exit_first': False}

    @pytest.mark.parametrize(
        "kwargs",
        [{"exit_first": False}, {"exit_first": True}],
    )
    def test_flaky(runner_factory, kwargs):
        found = False
    
        def flaky_check(*args, **kwargs):
            nonlocal found
            if not found:
                found = True
                raise AssertionError("Flaky")
    
        runner = runner_factory(
            config_kwargs={
                "hypothesis_settings": hypothesis.settings(max_examples=1, database=None),
                "checks": (flaky_check,),
                **kwargs,
            }
        )
        failures = []
        for event in runner.execute():
>           assert not isinstance(event, events.Errored)
E           assert not True
E            +  where True = isinstance(Errored(timestamp=1681542.722971388, exception=InvalidDefinition("No progress can be made from state _InstrumentedStat...n 'GET /users/{userId} -> 200': [],\n 'DELETE /orders/{orderId} -> 200': [],\n 'DELETE /users/{userId} -> 204': []})")), <class 'schemathesis.stateful.events.Errored'>)
E            +    where <class 'schemathesis.stateful.events.Errored'> = events.Errored

test/specs/openapi/stateful/test_runner.py:416: AssertionError
__________________________ test_random_unsatisfiable ___________________________

runner_factory = <function runner_factory.<locals>._runner_factory at 0x7f8bfa5c28e0>

    def test_random_unsatisfiable(runner_factory):
        runner = runner_factory(
            config_kwargs={"hypothesis_settings": hypothesis.settings(max_examples=25, database=None)},
        )
    
        @runner.state_machine.schema.hook
        def map_body(ctx, body):
            if len(body["name"]) % 3 == 2:
                raise hypothesis.errors.Unsatisfiable("Occurs randomly")
            return body
    
        result = collect_result(runner)
>       assert not result.errors, result.errors
E       AssertionError: [Errored(timestamp=1681542.921874879, exception=InvalidDefinition("No progress can be made from state _InstrumentedSta... 'GET /users/{userId} -> 200': [],
E          'DELETE /orders/{orderId} -> 200': [],
E          'DELETE /users/{userId} -> 204': []})"))]
E       assert not [Errored(timestamp=1681542.921874879, exception=InvalidDefinition("No progress can be made from state _InstrumentedSta... 'GET /users/{userId} -> 200': [],\n 'DELETE /orders/{orderId} -> 200': [],\n 'DELETE /users/{userId} -> 204': []})"))]
E        +  where [Errored(timestamp=1681542.921874879, exception=InvalidDefinition("No progress can be made from state _InstrumentedSta... 'GET /users/{userId} -> 200': [],\n 'DELETE /orders/{orderId} -> 200': [],\n 'DELETE /users/{userId} -> 204': []})"))] = RunnerResult(events=[RunStarted(timestamp=1681542.88073818, started_at=1747366292.4239051, state_machine=<class 'schem...1, <SuiteStatus.INTERRUPTED: 'interrupted'>: 0}, failures=[], start_time=1681542.88073818, end_time=1681542.932149089)).errors

test/specs/openapi/stateful/test_runner.py:446: AssertionError
_____________________________ test_custom_headers ______________________________

runner_factory = <function runner_factory.<locals>._runner_factory at 0x7f8bd570c860>

    def test_custom_headers(runner_factory):
        headers = {"X-Foo": "Bar"}
        runner = runner_factory(
            app_kwargs={"custom_headers": headers},
            config_kwargs={"hypothesis_settings": hypothesis.settings(max_examples=1, database=None), "headers": headers},
        )
        result = collect_result(runner)
>       assert result.events[-1].status == events.RunStatus.SUCCESS
E       AssertionError: assert <RunStatus.ERROR: 'error'> == <RunStatus.SUCCESS: 'success'>
E         
E         - success
E         + error

test/specs/openapi/stateful/test_runner.py:456: AssertionError
__________________________ test_multiple_source_links __________________________

runner_factory = <function runner_factory.<locals>._runner_factory at 0x7f8bd570dbc0>

    def test_multiple_source_links(runner_factory):
        # When there are multiple links coming to the same operation from different operations
        # Then there should be no error during getting the previous step results
        runner = runner_factory(
            app_kwargs={"multiple_source_links": True},
            config_kwargs={"hypothesis_settings": hypothesis.settings(max_examples=10, database=None)},
        )
        result = collect_result(runner)
>       assert not result.errors, result.errors
E       AssertionError: [Errored(timestamp=1681543.086292894, exception=InvalidDefinition("No progress can be made from state _InstrumentedSta..._0')],
E          'POST /users -> 201': [],
E          'DELETE /users/{userId} -> 204': [],
E          'DELETE /orders/{orderId} -> 200': []})"))]
E       assert not [Errored(timestamp=1681543.086292894, exception=InvalidDefinition("No progress can be made from state _InstrumentedSta..._0')],\n 'POST /users -> 201': [],\n 'DELETE /users/{userId} -> 204': [],\n 'DELETE /orders/{orderId} -> 200': []})"))]
E        +  where [Errored(timestamp=1681543.086292894, exception=InvalidDefinition("No progress can be made from state _InstrumentedSta..._0')],\n 'POST /users -> 201': [],\n 'DELETE /users/{userId} -> 204': [],\n 'DELETE /orders/{orderId} -> 200': []})"))] = RunnerResult(events=[RunStarted(timestamp=1681543.050619862, started_at=1747366292.5937867, state_machine=<class 'sche..., <SuiteStatus.INTERRUPTED: 'interrupted'>: 0}, failures=[], start_time=1681543.050619862, end_time=1681543.096554934)).errors

test/specs/openapi/stateful/test_runner.py:467: AssertionError
_________________________________ test_dry_run _________________________________

runner_factory = <function runner_factory.<locals>._runner_factory at 0x7f8b7a76ff60>

    def test_dry_run(runner_factory):
        runner = runner_factory(
            config_kwargs={
                "hypothesis_settings": hypothesis.settings(max_examples=1, database=None),
                "dry_run": True,
            },
        )
        result = collect_result(runner)
>       assert not result.errors, result.errors
E       AssertionError: [Errored(timestamp=1681543.16398516, exception=InvalidDefinition("No progress can be made from state _InstrumentedStat... 'GET /users/{userId} -> 200': [],
E          'DELETE /orders/{orderId} -> 200': [],
E          'DELETE /users/{userId} -> 204': []})"))]
E       assert not [Errored(timestamp=1681543.16398516, exception=InvalidDefinition("No progress can be made from state _InstrumentedStat... 'GET /users/{userId} -> 200': [],\n 'DELETE /orders/{orderId} -> 200': [],\n 'DELETE /users/{userId} -> 204': []})"))]
E        +  where [Errored(timestamp=1681543.16398516, exception=InvalidDefinition("No progress can be made from state _InstrumentedStat... 'GET /users/{userId} -> 200': [],\n 'DELETE /orders/{orderId} -> 200': [],\n 'DELETE /users/{userId} -> 204': []})"))] = RunnerResult(events=[RunStarted(timestamp=1681543.129585514, started_at=1747366292.6727524, state_machine=<class 'sche...1, <SuiteStatus.INTERRUPTED: 'interrupted'>: 0}, failures=[], start_time=1681543.129585514, end_time=1681543.17425125)).errors

test/specs/openapi/stateful/test_runner.py:478: AssertionError
_________________________ test_max_response_time_valid _________________________

runner_factory = <function runner_factory.<locals>._runner_factory at 0x7f8b7ae047c0>

    def test_max_response_time_valid(runner_factory):
        runner = runner_factory(
            config_kwargs={
                "hypothesis_settings": hypothesis.settings(max_examples=1, database=None),
                "max_response_time": 10000,
            },
        )
        result = collect_result(runner)
>       assert not result.errors, result.errors
E       AssertionError: [Errored(timestamp=1681543.246405368, exception=InvalidDefinition("No progress can be made from state _InstrumentedSta... 'GET /users/{userId} -> 200': [],
E          'DELETE /orders/{orderId} -> 200': [],
E          'DELETE /users/{userId} -> 204': []})"))]
E       assert not [Errored(timestamp=1681543.246405368, exception=InvalidDefinition("No progress can be made from state _InstrumentedSta... 'GET /users/{userId} -> 200': [],\n 'DELETE /orders/{orderId} -> 200': [],\n 'DELETE /users/{userId} -> 204': []})"))]
E        +  where [Errored(timestamp=1681543.246405368, exception=InvalidDefinition("No progress can be made from state _InstrumentedSta... 'GET /users/{userId} -> 200': [],\n 'DELETE /orders/{orderId} -> 200': [],\n 'DELETE /users/{userId} -> 204': []})"))] = RunnerResult(events=[RunStarted(timestamp=1681543.20737211, started_at=1747366292.750539, state_machine=<class 'schema...1, <SuiteStatus.INTERRUPTED: 'interrupted'>: 0}, failures=[], start_time=1681543.20737211, end_time=1681543.256673238)).errors

test/specs/openapi/stateful/test_runner.py:493: AssertionError
________________________ test_max_response_time_invalid ________________________

runner_factory = <function runner_factory.<locals>._runner_factory at 0x7f8c114b9760>

    def test_max_response_time_invalid(runner_factory):
        runner = runner_factory(
            app_kwargs={"slowdown": 0.010},
            config_kwargs={
                "hypothesis_settings": hypothesis.settings(max_examples=1, database=None, stateful_step_count=2),
                "max_response_time": 5,
            },
        )
        failures = []
        for event in runner.execute():
>           assert not isinstance(event, events.Errored)
E           assert not True
E            +  where True = isinstance(Errored(timestamp=1681543.404856635, exception=InvalidDefinition("No progress can be made from state _InstrumentedStat...n 'GET /users/{userId} -> 200': [],\n 'DELETE /orders/{orderId} -> 200': [],\n 'DELETE /users/{userId} -> 204': []})")), <class 'schemathesis.stateful.events.Errored'>)
E            +    where <class 'schemathesis.stateful.events.Errored'> = events.Errored

test/specs/openapi/stateful/test_runner.py:507: AssertionError
________________________________ test_targeted _________________________________

runner_factory = <function runner_factory.<locals>._runner_factory at 0x7f8b796a1620>

    def test_targeted(runner_factory):
        calls = 0
    
        def custom_target(ctx):
            nonlocal calls
            calls += 1
            return 1.0
    
        runner = runner_factory(
            config_kwargs={
                "hypothesis_settings": hypothesis.settings(max_examples=1, database=None, stateful_step_count=5),
                "checks": (not_a_server_error,),
                "targets": [custom_target],
            },
        )
        result = collect_result(runner)
>       assert not result.errors, result.errors
E       AssertionError: [Errored(timestamp=1681543.473200445, exception=InvalidDefinition("No progress can be made from state _InstrumentedSta... 'GET /users/{userId} -> 200': [],
E          'DELETE /orders/{orderId} -> 200': [],
E          'DELETE /users/{userId} -> 204': []})"))]
E       assert not [Errored(timestamp=1681543.473200445, exception=InvalidDefinition("No progress can be made from state _InstrumentedSta... 'GET /users/{userId} -> 200': [],\n 'DELETE /orders/{orderId} -> 200': [],\n 'DELETE /users/{userId} -> 204': []})"))]
E        +  where [Errored(timestamp=1681543.473200445, exception=InvalidDefinition("No progress can be made from state _InstrumentedSta... 'GET /users/{userId} -> 200': [],\n 'DELETE /orders/{orderId} -> 200': [],\n 'DELETE /users/{userId} -> 204': []})"))] = RunnerResult(events=[RunStarted(timestamp=1681543.437865654, started_at=1747366292.9810326, state_machine=<class 'sche..., <SuiteStatus.INTERRUPTED: 'interrupted'>: 0}, failures=[], start_time=1681543.437865654, end_time=1681543.483466945)).errors

test/specs/openapi/stateful/test_runner.py:531: AssertionError
______________________________ test_external_link ______________________________

ctx = Context(request=<SubRequest 'ctx' for <Function test_external_link>>)
app_factory = <function app_factory.<locals>._factory at 0x7f8c12080ea0>

    def test_external_link(ctx, app_factory):
        remote_app = app_factory(independent_500=True)
        remote_app_port = run_server(remote_app)
        base_ref = f"http://127.0.0.1:{remote_app_port}/openapi.json#/paths/~1users~1{{userId}}"
        post_links = {
            "GetUser": {
                "operationRef": f"{base_ref}/get",
                "parameters": {"userId": "$response.body#/id"},
            },
            "DeleteUser": {
                "operationRef": f"{base_ref}/delete",
                "parameters": {"userId": "$response.body#/id"},
            },
            "UpdateUser": {
                "operationRef": f"{base_ref}/patch",
                "parameters": {"userId": "$response.body#/id"},
                "requestBody": {
                    "last_modified": "$response.body#/last_modified",
                },
            },
        }
        get_links = {
            "DeleteUser": {
                "operationId": "deleteUser",
                "parameters": {"userId": "$request.path.userId"},
            },
        }
        delete_links = {
            "GetUser": {
                "operationId": "getUser",
                "parameters": {"userId": "$request.path.userId"},
            },
        }
        schema = ctx.openapi.build_schema(
            {
                "/users": {
                    "post": {
                        "operationId": "createUser",
                        "requestBody": {
                            "required": True,
                            "content": {"application/json": {"schema": {"$ref": "#/components/schemas/NewUser"}}},
                        },
                        "responses": {
                            "201": {
                                "description": "Successful response",
                                "content": {"application/json": {"schema": {"$ref": "#/components/schemas/User"}}},
                                "links": post_links,
                            },
                            "400": {"description": "Bad request"},
                            "default": {"description": "Default"},
                        },
                    },
                },
                "/users/{userId}": {
                    "parameters": [{"in": "path", "name": "userId", "required": True, "schema": {"type": "integer"}}],
                    "get": {
                        "summary": "Get a user",
                        "operationId": "getUser",
                        "responses": {
                            "200": {
                                "description": "Successful response",
                                "content": {"application/json": {"schema": {"$ref": "#/components/schemas/User"}}},
                                "links": get_links,
                            },
                            "404": {"description": "User not found"},
                            "default": {"description": "Default"},
                        },
                    },
                    "delete": {
                        "summary": "Delete a user",
                        "operationId": "deleteUser",
                        "responses": {
                            "204": {
                                "description": "Successful response",
                                "links": delete_links,
                            },
                            "404": {"description": "User not found"},
                            "default": {"description": "Default"},
                        },
                    },
                    "patch": {
                        "summary": "Update a user",
                        "operationId": "updateUser",
                        "requestBody": {
                            "required": True,
                            "content": {"application/json": {"schema": {"$ref": "#/components/schemas/UpdateUser"}}},
                        },
                        "responses": {
                            "200": {
                                "description": "Successful response",
                                "content": {"application/json": {"schema": {"$ref": "#/components/schemas/User"}}},
                            },
                            "404": {"description": "User not found"},
                            "default": {"description": "Default"},
                        },
                    },
                },
            },
            components={
                "schemas": {
                    "User": {
                        "type": "object",
                        "properties": {
                            "id": {"type": "integer"},
                            "name": {"type": "string"},
                            "last_modified": {"type": "string"},
                        },
                        "required": ["id", "name", "last_modified"],
                    },
                    "NewUser": {
                        "type": "object",
                        "required": ["name"],
                        "properties": {"name": {"type": "string", "maxLength": 50}},
                        "additionalProperties": False,
                    },
                }
            },
        )
        root_app = app_factory(independent_500=True)
        schema = schemathesis.from_dict(schema, app=root_app)
        state_machine = schema.as_state_machine()
        runner = state_machine.runner(
            config=StatefulTestRunnerConfig(hypothesis_settings=hypothesis.settings(max_examples=75, database=None))
        )
        result = collect_result(runner)
>       assert result.events[-1].status == events.RunStatus.FAILURE
E       AssertionError: assert <RunStatus.ERROR: 'error'> == <RunStatus.FAILURE: 'failure'>
E         
E         - failure
E         + error

test/specs/openapi/stateful/test_runner.py:660: AssertionError
----------------------------- Captured stdout call -----------------------------
 * Serving Flask app 'stateful.conftest'
 * Debug mode: off
______________________ test_new_resource_is_not_available ______________________

runner_factory = <function runner_factory.<locals>._runner_factory at 0x7f8c121ab1a0>

    def test_new_resource_is_not_available(runner_factory):
        # When a resource is not available after creation
        runner = runner_factory(
            app_kwargs={"ensure_resource_availability": True},
            config_kwargs={
                "hypothesis_settings": hypothesis.settings(max_examples=50, database=None),
            },
        )
        result = collect_result(runner)
        # Then it is a failure
>       assert result.events[-1].status == events.RunStatus.FAILURE
E       AssertionError: assert <RunStatus.ERROR: 'error'> == <RunStatus.FAILURE: 'failure'>
E         
E         - failure
E         + error

test/specs/openapi/stateful/test_runner.py:673: AssertionError
_____________________________ test_negative_tests ______________________________

runner_factory = <function runner_factory.<locals>._runner_factory at 0x7f8c114d72e0>

    def test_negative_tests(runner_factory):
        runner = runner_factory(
            app_kwargs={"independent_500": True},
            config_kwargs={
                "hypothesis_settings": hypothesis.settings(max_examples=50, database=None),
            },
            loader_kwargs={"data_generation_methods": DataGenerationMethod.all()},
        )
        result = collect_result(runner)
>       assert result.events[-1].status == events.RunStatus.FAILURE, result.errors
E       AssertionError: [Errored(timestamp=1681543.793203972, exception=InvalidDefinition("No progress can be made from state _InstrumentedSta... 'GET /users/{userId} -> 200': [],
E          'DELETE /orders/{orderId} -> 200': [],
E          'DELETE /users/{userId} -> 204': []})"))]
E       assert <RunStatus.ERROR: 'error'> == <RunStatus.FAILURE: 'failure'>
E         
E         - failure
E         + error

test/specs/openapi/stateful/test_runner.py:686: AssertionError
_______________________________ test_unique_data _______________________________

runner_factory = <function runner_factory.<locals>._runner_factory at 0x7f8c11eda520>

    def test_unique_data(runner_factory):
        runner = runner_factory(
            app_kwargs={"independent_500": True},
            config_kwargs={
                "unique_data": True,
                "hypothesis_settings": hypothesis.settings(max_examples=30, database=None, stateful_step_count=100),
            },
        )
        cases = []
        for event in runner.execute():
            if isinstance(event, events.ScenarioStarted):
                cases.clear()
            elif isinstance(event, events.StepFinished) and event.transition_id is None:
                cases.append(event.case)
            elif isinstance(event, events.ScenarioFinished):
                assert len(cases) == len(set(cases)), "Duplicate cases found"
            elif isinstance(event, events.RunFinished):
>               assert event.status == events.RunStatus.FAILURE
E               AssertionError: assert <RunStatus.ERROR: 'error'> == <RunStatus.FAILURE: 'failure'>
E                 
E                 - failure
E                 + error

test/specs/openapi/stateful/test_runner.py:706: AssertionError
___________________________ test_ignored_auth_valid ____________________________

runner_factory = <function runner_factory.<locals>._runner_factory at 0x7f8bd5889c60>

    def test_ignored_auth_valid(runner_factory):
        # When auth works properly
        token = "Test"
        runner = runner_factory(
            app_kwargs={"auth_token": token},
            config_kwargs={
                "checks": (ignored_auth,),
                "headers": {"Authorization": f"Bearer {token}"},
            },
        )
        result = collect_result(runner)
        # Then no failures are reported
>       assert result.events[-1].status == events.RunStatus.SUCCESS
E       AssertionError: assert <RunStatus.ERROR: 'error'> == <RunStatus.SUCCESS: 'success'>
E         
E         - success
E         + error

test/specs/openapi/stateful/test_runner.py:721: AssertionError
__________________________ test_ignored_auth_invalid ___________________________

runner_factory = <function runner_factory.<locals>._runner_factory at 0x7f8c11e6e700>

    def test_ignored_auth_invalid(runner_factory):
        # When auth is ignored
        token = "Test"
        runner = runner_factory(
            app_kwargs={"auth_token": token, "ignored_auth": True},
            config_kwargs={
                "checks": (ignored_auth,),
                "headers": {"Authorization": "Bearer UNKNOWN"},
            },
        )
        result = collect_result(runner)
        # Then it should be reported
>       assert result.events[-1].status == events.RunStatus.FAILURE
E       AssertionError: assert <RunStatus.ERROR: 'error'> == <RunStatus.FAILURE: 'failure'>
E         
E         - failure
E         + error

test/specs/openapi/stateful/test_runner.py:736: AssertionError
______________________ test_hidden_failure[Open API 2.0] _______________________

testdir = <Testdir local('/usr/src/tmp/pytest-of-builder/pytest-0/test_hidden_failure0')>
app_schema = {'basePath': '/api', 'host': '127.0.0.1:8888', 'info': {'description': 'An API to test Schemathesis', 'title': 'Exampl...ed': True, 'schema': {...}}], 'responses': {'200': {'description': 'OK'}, '404': {'description': 'Not found'}}}}}, ...}
openapi3_base_url = 'http://127.0.0.1:55323/api'

    @pytest.mark.operations("create_user", "get_user", "update_user")
    def test_hidden_failure(testdir, app_schema, openapi3_base_url):
        # When we run test as a state machine
        testdir.make_test(
            f"""
    schema.base_url = "{openapi3_base_url}"
    TestStateful = schema.as_state_machine().TestCase
    TestStateful.settings = settings(
        max_examples=2000,
        deadline=None,
        suppress_health_check=list(HealthCheck),
        phases=[Phase.generate],
        stateful_step_count=3  # There is no need for longer sequences to uncover the bug
    )
    """,
            schema=app_schema,
        )
        result = testdir.runpytest()
        # Then it should be able to find a hidden error:
        result.assert_outcomes(failed=1)
        # And there should be Python code to reproduce the error in the GET call
>       result.stdout.re_match_lines([rf"E +curl -X GET '{openapi3_base_url}/users/\w+.+"])
E       Failed:  nomatch: "E +curl -X GET 'http://127.0.0.1:55323/api/users/\\w+.+"
E            and: '============================= test session starts =============================='
E            and: 'platform linux -- Python 3.12.10, pytest-8.3.5, pluggy-1.5.0'
E            and: 'rootdir: /usr/src/tmp/pytest-of-builder/pytest-0/test_hidden_failure0'
E            and: 'plugins: schemathesis-3.39.16, syrupy-4.9.1, subtests-0.14.1, mock-3.14.0, pytest_httpserver-1.1.3, asyncio-0.25.3, xdist-3.6.1, trio-0.8.0, hypothesis-6.131.16, anyio-4.9.0'
E            and: 'asyncio: mode=Mode.STRICT, asyncio_default_fixture_loop_scope=None'
E            and: 'collected 1 item'
E            and: ''
E            and: 'test_hidden_failure.py F                                                 [100%]'
E            and: ''
E            and: '=================================== FAILURES ==================================='
E            and: '_____________________________ TestStateful.runTest _____________________________'
E            and: ''
E            and: 'self = <schemathesis.stateful.state_machine.APIWorkflow.TestCase testMethod=runTest>'
E            and: ''
E            and: '    def runTest(self) -> None:'
E            and: '>       run_state_machine_as_test(cls, settings=self.settings)'
E            and: ''
E            and: '/usr/src/RPM/BUILD/python3-module-schemathesis-3.39.16/.run_venv/lib64/python3/site-packages/schemathesis/stateful/state_machine.py:75: '
E            and: '_ _ _ _ _ _ _ _ _ _ _ _ _ _ _ _ _ _ _ _ _ _ _ _ _ _ _ _ _ _ _ _ _ _ _ _ _ _ _ _ '
E            and: '/usr/src/RPM/BUILD/python3-module-schemathesis-3.39.16/.run_venv/lib64/python3/site-packages/schemathesis/stateful/__init__.py:147: in run_state_machine_as_test'
E            and: '    return _run_state_machine_as_test(state_machine_factory, settings=settings, _min_steps=2)'
E            and: '/usr/lib/python3/site-packages/hypothesis/stateful.py:258: in run_state_machine_as_test'
E            and: '    state_machine_test(state_machine_factory)'
E            and: '/usr/lib/python3/site-packages/hypothesis/stateful.py:115: in run_state_machine'
E            and: '    @given(st.data())'
E            and: '_ _ _ _ _ _ _ _ _ _ _ _ _ _ _ _ _ _ _ _ _ _ _ _ _ _ _ _ _ _ _ _ _ _ _ _ _ _ _ _ '
E            and: ''
E            and: 'self = RuleStrategy(machine=APIWorkflow({...}))'
E            and: 'data = ConjectureData(VALID, 7 choices, frozen)'
E            and: ''
E            and: '    def do_draw(self, data):'
E            and: '        if not any(self.is_valid(rule) for rule in self.rules):'
E            and: '            msg = f"No progress can be made from state {self.machine!r}"'
E            and: '>           raise InvalidDefinition(msg) from None'
E            and: "E           hypothesis.errors.InvalidDefinition: No progress can be made from state APIWorkflow({'catch_all': [VarReference(name='catch_all_0')],"
E            and: "E            'POST /api/users/ -> 201': [],"
E            and: "E            'GET /api/users/{user_id} -> 200': []})"
E            and: 'E           Falsifying example:'
E            and: 'E           state = APIWorkflow()'
E            and: "E           catch_all_0 = state.POST_api_users___X(case=state.schema['/users/']['POST'].make_case(headers={}, body={'first_name': '000', 'last_name': '000'}, media_type='application/json'), previous=None)"
E            and: 'E           state.teardown()'
E            and: ''
E            and: '/usr/lib/python3/site-packages/hypothesis/stateful.py:1032: InvalidDefinition'
E            and: '=========================== short test summary info ============================'
E            and: 'FAILED test_hidden_failure.py::TestStateful::runTest - hypothesis.errors.Inva...'
E            and: '============================== 1 failed in 0.18s ==============================='
E            and: 'Hypothesis calls: 0'
E       remains unmatched: "E +curl -X GET 'http://127.0.0.1:55323/api/users/\\w+.+"

/usr/src/RPM/BUILD/python3-module-schemathesis-3.39.16/test/specs/openapi/stateful/test_stateful.py:124: Failed
----------------------------- Captured stdout call -----------------------------
============================= test session starts ==============================
platform linux -- Python 3.12.10, pytest-8.3.5, pluggy-1.5.0
rootdir: /usr/src/tmp/pytest-of-builder/pytest-0/test_hidden_failure0
plugins: schemathesis-3.39.16, syrupy-4.9.1, subtests-0.14.1, mock-3.14.0, pytest_httpserver-1.1.3, asyncio-0.25.3, xdist-3.6.1, trio-0.8.0, hypothesis-6.131.16, anyio-4.9.0
asyncio: mode=Mode.STRICT, asyncio_default_fixture_loop_scope=None
collected 1 item

test_hidden_failure.py F                                                 [100%]

=================================== FAILURES ===================================
_____________________________ TestStateful.runTest _____________________________

self = <schemathesis.stateful.state_machine.APIWorkflow.TestCase testMethod=runTest>

    def runTest(self) -> None:
>       run_state_machine_as_test(cls, settings=self.settings)

/usr/src/RPM/BUILD/python3-module-schemathesis-3.39.16/.run_venv/lib64/python3/site-packages/schemathesis/stateful/state_machine.py:75: 
_ _ _ _ _ _ _ _ _ _ _ _ _ _ _ _ _ _ _ _ _ _ _ _ _ _ _ _ _ _ _ _ _ _ _ _ _ _ _ _ 
/usr/src/RPM/BUILD/python3-module-schemathesis-3.39.16/.run_venv/lib64/python3/site-packages/schemathesis/stateful/__init__.py:147: in run_state_machine_as_test
    return _run_state_machine_as_test(state_machine_factory, settings=settings, _min_steps=2)
/usr/lib/python3/site-packages/hypothesis/stateful.py:258: in run_state_machine_as_test
    state_machine_test(state_machine_factory)
/usr/lib/python3/site-packages/hypothesis/stateful.py:115: in run_state_machine
    @given(st.data())
_ _ _ _ _ _ _ _ _ _ _ _ _ _ _ _ _ _ _ _ _ _ _ _ _ _ _ _ _ _ _ _ _ _ _ _ _ _ _ _ 

self = RuleStrategy(machine=APIWorkflow({...}))
data = ConjectureData(VALID, 7 choices, frozen)

    def do_draw(self, data):
        if not any(self.is_valid(rule) for rule in self.rules):
            msg = f"No progress can be made from state {self.machine!r}"
>           raise InvalidDefinition(msg) from None
E           hypothesis.errors.InvalidDefinition: No progress can be made from state APIWorkflow({'catch_all': [VarReference(name='catch_all_0')],
E            'POST /api/users/ -> 201': [],
E            'GET /api/users/{user_id} -> 200': []})
E           Falsifying example:
E           state = APIWorkflow()
E           catch_all_0 = state.POST_api_users___X(case=state.schema['/users/']['POST'].make_case(headers={}, body={'first_name': '000', 'last_name': '000'}, media_type='application/json'), previous=None)
E           state.teardown()

/usr/lib/python3/site-packages/hypothesis/stateful.py:1032: InvalidDefinition
=========================== short test summary info ============================
FAILED test_hidden_failure.py::TestStateful::runTest - hypothesis.errors.Inva...
============================== 1 failed in 0.18s ===============================
Hypothesis calls: 0
______________________ test_hidden_failure[Open API 3.0] _______________________

testdir = <Testdir local('/usr/src/tmp/pytest-of-builder/pytest-0/test_hidden_failure1')>
app_schema = {'components': {'links': {'UpdateUserById': {'operationId': 'updateUser', 'parameters': {'user_id': '$response.body#/i...': {...}}, 'required': True}, 'responses': {'200': {'description': 'OK'}, '404': {'description': 'Not found'}}}}}, ...}
openapi3_base_url = 'http://127.0.0.1:55323/api'

    @pytest.mark.operations("create_user", "get_user", "update_user")
    def test_hidden_failure(testdir, app_schema, openapi3_base_url):
        # When we run test as a state machine
        testdir.make_test(
            f"""
    schema.base_url = "{openapi3_base_url}"
    TestStateful = schema.as_state_machine().TestCase
    TestStateful.settings = settings(
        max_examples=2000,
        deadline=None,
        suppress_health_check=list(HealthCheck),
        phases=[Phase.generate],
        stateful_step_count=3  # There is no need for longer sequences to uncover the bug
    )
    """,
            schema=app_schema,
        )
        result = testdir.runpytest()
        # Then it should be able to find a hidden error:
        result.assert_outcomes(failed=1)
        # And there should be Python code to reproduce the error in the GET call
>       result.stdout.re_match_lines([rf"E +curl -X GET '{openapi3_base_url}/users/\w+.+"])
E       Failed:  nomatch: "E +curl -X GET 'http://127.0.0.1:55323/api/users/\\w+.+"
E            and: '============================= test session starts =============================='
E            and: 'platform linux -- Python 3.12.10, pytest-8.3.5, pluggy-1.5.0'
E            and: 'rootdir: /usr/src/tmp/pytest-of-builder/pytest-0/test_hidden_failure1'
E            and: 'plugins: schemathesis-3.39.16, syrupy-4.9.1, subtests-0.14.1, mock-3.14.0, pytest_httpserver-1.1.3, asyncio-0.25.3, xdist-3.6.1, trio-0.8.0, hypothesis-6.131.16, anyio-4.9.0'
E            and: 'asyncio: mode=Mode.STRICT, asyncio_default_fixture_loop_scope=None'
E            and: 'collected 1 item'
E            and: ''
E            and: 'test_hidden_failure.py F                                                 [100%]'
E            and: ''
E            and: '=================================== FAILURES ==================================='
E            and: '_____________________________ TestStateful.runTest _____________________________'
E            and: ''
E            and: 'self = <schemathesis.stateful.state_machine.APIWorkflow.TestCase testMethod=runTest>'
E            and: ''
E            and: '    def runTest(self) -> None:'
E            and: '>       run_state_machine_as_test(cls, settings=self.settings)'
E            and: ''
E            and: '/usr/src/RPM/BUILD/python3-module-schemathesis-3.39.16/.run_venv/lib64/python3/site-packages/schemathesis/stateful/state_machine.py:75: '
E            and: '_ _ _ _ _ _ _ _ _ _ _ _ _ _ _ _ _ _ _ _ _ _ _ _ _ _ _ _ _ _ _ _ _ _ _ _ _ _ _ _ '
E            and: '/usr/src/RPM/BUILD/python3-module-schemathesis-3.39.16/.run_venv/lib64/python3/site-packages/schemathesis/stateful/__init__.py:147: in run_state_machine_as_test'
E            and: '    return _run_state_machine_as_test(state_machine_factory, settings=settings, _min_steps=2)'
E            and: '/usr/lib/python3/site-packages/hypothesis/stateful.py:258: in run_state_machine_as_test'
E            and: '    state_machine_test(state_machine_factory)'
E            and: '/usr/lib/python3/site-packages/hypothesis/stateful.py:115: in run_state_machine'
E            and: '    @given(st.data())'
E            and: '_ _ _ _ _ _ _ _ _ _ _ _ _ _ _ _ _ _ _ _ _ _ _ _ _ _ _ _ _ _ _ _ _ _ _ _ _ _ _ _ '
E            and: ''
E            and: 'self = RuleStrategy(machine=APIWorkflow({...}))'
E            and: 'data = ConjectureData(VALID, 7 choices, frozen)'
E            and: ''
E            and: '    def do_draw(self, data):'
E            and: '        if not any(self.is_valid(rule) for rule in self.rules):'
E            and: '            msg = f"No progress can be made from state {self.machine!r}"'
E            and: '>           raise InvalidDefinition(msg) from None'
E            and: "E           hypothesis.errors.InvalidDefinition: No progress can be made from state APIWorkflow({'catch_all': [VarReference(name='catch_all_0')],"
E            and: "E            'POST /api/users/ -> 201': [],"
E            and: "E            'GET /api/users/{user_id} -> 200': []})"
E            and: 'E           Falsifying example:'
E            and: 'E           state = APIWorkflow()'
E            and: "E           catch_all_0 = state.POST_api_users___X(case=state.schema['/users/']['POST'].make_case(headers={}, body={'first_name': '000', 'last_name': '000'}, media_type='application/json'), previous=None)"
E            and: 'E           state.teardown()'
E            and: ''
E            and: '/usr/lib/python3/site-packages/hypothesis/stateful.py:1032: InvalidDefinition'
E            and: '=========================== short test summary info ============================'
E            and: 'FAILED test_hidden_failure.py::TestStateful::runTest - hypothesis.errors.Inva...'
E            and: '============================== 1 failed in 0.17s ==============================='
E            and: 'Hypothesis calls: 0'
E       remains unmatched: "E +curl -X GET 'http://127.0.0.1:55323/api/users/\\w+.+"

/usr/src/RPM/BUILD/python3-module-schemathesis-3.39.16/test/specs/openapi/stateful/test_stateful.py:124: Failed
----------------------------- Captured stdout call -----------------------------
============================= test session starts ==============================
platform linux -- Python 3.12.10, pytest-8.3.5, pluggy-1.5.0
rootdir: /usr/src/tmp/pytest-of-builder/pytest-0/test_hidden_failure1
plugins: schemathesis-3.39.16, syrupy-4.9.1, subtests-0.14.1, mock-3.14.0, pytest_httpserver-1.1.3, asyncio-0.25.3, xdist-3.6.1, trio-0.8.0, hypothesis-6.131.16, anyio-4.9.0
asyncio: mode=Mode.STRICT, asyncio_default_fixture_loop_scope=None
collected 1 item

test_hidden_failure.py F                                                 [100%]

=================================== FAILURES ===================================
_____________________________ TestStateful.runTest _____________________________

self = <schemathesis.stateful.state_machine.APIWorkflow.TestCase testMethod=runTest>

    def runTest(self) -> None:
>       run_state_machine_as_test(cls, settings=self.settings)

/usr/src/RPM/BUILD/python3-module-schemathesis-3.39.16/.run_venv/lib64/python3/site-packages/schemathesis/stateful/state_machine.py:75: 
_ _ _ _ _ _ _ _ _ _ _ _ _ _ _ _ _ _ _ _ _ _ _ _ _ _ _ _ _ _ _ _ _ _ _ _ _ _ _ _ 
/usr/src/RPM/BUILD/python3-module-schemathesis-3.39.16/.run_venv/lib64/python3/site-packages/schemathesis/stateful/__init__.py:147: in run_state_machine_as_test
    return _run_state_machine_as_test(state_machine_factory, settings=settings, _min_steps=2)
/usr/lib/python3/site-packages/hypothesis/stateful.py:258: in run_state_machine_as_test
    state_machine_test(state_machine_factory)
/usr/lib/python3/site-packages/hypothesis/stateful.py:115: in run_state_machine
    @given(st.data())
_ _ _ _ _ _ _ _ _ _ _ _ _ _ _ _ _ _ _ _ _ _ _ _ _ _ _ _ _ _ _ _ _ _ _ _ _ _ _ _ 

self = RuleStrategy(machine=APIWorkflow({...}))
data = ConjectureData(VALID, 7 choices, frozen)

    def do_draw(self, data):
        if not any(self.is_valid(rule) for rule in self.rules):
            msg = f"No progress can be made from state {self.machine!r}"
>           raise InvalidDefinition(msg) from None
E           hypothesis.errors.InvalidDefinition: No progress can be made from state APIWorkflow({'catch_all': [VarReference(name='catch_all_0')],
E            'POST /api/users/ -> 201': [],
E            'GET /api/users/{user_id} -> 200': []})
E           Falsifying example:
E           state = APIWorkflow()
E           catch_all_0 = state.POST_api_users___X(case=state.schema['/users/']['POST'].make_case(headers={}, body={'first_name': '000', 'last_name': '000'}, media_type='application/json'), previous=None)
E           state.teardown()

/usr/lib/python3/site-packages/hypothesis/stateful.py:1032: InvalidDefinition
=========================== short test summary info ============================
FAILED test_hidden_failure.py::TestStateful::runTest - hypothesis.errors.Inva...
============================== 1 failed in 0.17s ===============================
Hypothesis calls: 0
__________________ test_hidden_failure_app[wsgi_app_factory] ___________________

request = <FixtureRequest for <Function test_hidden_failure_app[wsgi_app_factory]>>
factory_name = 'wsgi_app_factory', open_api_3 = <OpenAPIVersion._3: '3.0'>

    @pytest.mark.parametrize("factory_name", ["wsgi_app_factory", "asgi_app_factory"])
    def test_hidden_failure_app(request, factory_name, open_api_3):
        factory = request.getfixturevalue(factory_name)
        app = factory(operations=("create_user", "get_user", "update_user"), version=open_api_3)
    
        if factory_name == "asgi_app_factory":
            schema = schemathesis.from_asgi("/openapi.json", app=app, force_schema_version="30")
            schema.add_link(
                source=schema["/users/"]["POST"],
                target=schema["/users/{user_id}"]["GET"],
                status_code="201",
                parameters={
                    "path.user_id": "$response.body#/id",
                    "query.uid": "$response.body#/id",
                },
            )
            schema.add_link(
                source=schema["/users/"]["POST"],
                target=schema["/users/{user_id}"]["PATCH"],
                status_code="201",
                parameters={"user_id": "$response.body#/id"},
            )
            schema.add_link(
                source=schema["/users/{user_id}"]["GET"],
                target="#/paths/~1users~1{user_id}/patch",
                status_code="200",
                parameters={"user_id": "$response.body#/id"},
                request_body={"first_name": "foo", "last_name": "bar"},
            )
        else:
            schema = schemathesis.from_wsgi("/schema.yaml", app=app)
    
        state_machine = schema.as_state_machine()
    
        with pytest.raises(CheckFailed, match="Server error"):
>           state_machine.run(
                settings=settings(
                    max_examples=2000,
                    deadline=None,
                    suppress_health_check=list(HealthCheck),
                    phases=[Phase.generate],
                    stateful_step_count=3,
                )
            )

test/specs/openapi/stateful/test_stateful.py:180: 
_ _ _ _ _ _ _ _ _ _ _ _ _ _ _ _ _ _ _ _ _ _ _ _ _ _ _ _ _ _ _ _ _ _ _ _ _ _ _ _ 
.run_venv/lib64/python3/site-packages/schemathesis/stateful/state_machine.py:115: in run
    return run_state_machine_as_test(cls, settings=settings)
.run_venv/lib64/python3/site-packages/schemathesis/stateful/__init__.py:147: in run_state_machine_as_test
    return _run_state_machine_as_test(state_machine_factory, settings=settings, _min_steps=2)
/usr/lib/python3/site-packages/hypothesis/stateful.py:258: in run_state_machine_as_test
    state_machine_test(state_machine_factory)
/usr/lib/python3/site-packages/hypothesis/stateful.py:115: in run_state_machine
    @given(st.data())
_ _ _ _ _ _ _ _ _ _ _ _ _ _ _ _ _ _ _ _ _ _ _ _ _ _ _ _ _ _ _ _ _ _ _ _ _ _ _ _ 

self = RuleStrategy(machine=APIWorkflow({...}))
data = ConjectureData(VALID, 7 choices, frozen)

    def do_draw(self, data):
        if not any(self.is_valid(rule) for rule in self.rules):
            msg = f"No progress can be made from state {self.machine!r}"
>           raise InvalidDefinition(msg) from None
E           hypothesis.errors.InvalidDefinition: No progress can be made from state APIWorkflow({'catch_all': [VarReference(name='catch_all_0')],
E            'POST /api/users/ -> 201': [],
E            'GET /api/users/{user_id} -> 200': []})
E           Falsifying example:
E           state = APIWorkflow()
E           catch_all_0 = state.POST_api_users___X(case=state.schema['/users/']['POST'].make_case(headers={}, body={'first_name': '000', 'last_name': '000'}, media_type='application/json'), previous=None)
E           state.teardown()

/usr/lib/python3/site-packages/hypothesis/stateful.py:1032: InvalidDefinition
__________________ test_hidden_failure_app[asgi_app_factory] ___________________

request = <FixtureRequest for <Function test_hidden_failure_app[asgi_app_factory]>>
factory_name = 'asgi_app_factory', open_api_3 = <OpenAPIVersion._3: '3.0'>

    @pytest.mark.parametrize("factory_name", ["wsgi_app_factory", "asgi_app_factory"])
    def test_hidden_failure_app(request, factory_name, open_api_3):
        factory = request.getfixturevalue(factory_name)
        app = factory(operations=("create_user", "get_user", "update_user"), version=open_api_3)
    
        if factory_name == "asgi_app_factory":
            schema = schemathesis.from_asgi("/openapi.json", app=app, force_schema_version="30")
            schema.add_link(
                source=schema["/users/"]["POST"],
                target=schema["/users/{user_id}"]["GET"],
                status_code="201",
                parameters={
                    "path.user_id": "$response.body#/id",
                    "query.uid": "$response.body#/id",
                },
            )
            schema.add_link(
                source=schema["/users/"]["POST"],
                target=schema["/users/{user_id}"]["PATCH"],
                status_code="201",
                parameters={"user_id": "$response.body#/id"},
            )
            schema.add_link(
                source=schema["/users/{user_id}"]["GET"],
                target="#/paths/~1users~1{user_id}/patch",
                status_code="200",
                parameters={"user_id": "$response.body#/id"},
                request_body={"first_name": "foo", "last_name": "bar"},
            )
        else:
            schema = schemathesis.from_wsgi("/schema.yaml", app=app)
    
        state_machine = schema.as_state_machine()
    
        with pytest.raises(CheckFailed, match="Server error"):
>           state_machine.run(
                settings=settings(
                    max_examples=2000,
                    deadline=None,
                    suppress_health_check=list(HealthCheck),
                    phases=[Phase.generate],
                    stateful_step_count=3,
                )
            )

test/specs/openapi/stateful/test_stateful.py:180: 
_ _ _ _ _ _ _ _ _ _ _ _ _ _ _ _ _ _ _ _ _ _ _ _ _ _ _ _ _ _ _ _ _ _ _ _ _ _ _ _ 
.run_venv/lib64/python3/site-packages/schemathesis/stateful/state_machine.py:115: in run
    return run_state_machine_as_test(cls, settings=settings)
.run_venv/lib64/python3/site-packages/schemathesis/stateful/__init__.py:147: in run_state_machine_as_test
    return _run_state_machine_as_test(state_machine_factory, settings=settings, _min_steps=2)
/usr/lib/python3/site-packages/hypothesis/stateful.py:258: in run_state_machine_as_test
    state_machine_test(state_machine_factory)
/usr/lib/python3/site-packages/hypothesis/stateful.py:115: in run_state_machine
    @given(st.data())
_ _ _ _ _ _ _ _ _ _ _ _ _ _ _ _ _ _ _ _ _ _ _ _ _ _ _ _ _ _ _ _ _ _ _ _ _ _ _ _ 

self = RuleStrategy(machine=APIWorkflow({...}))
data = ConjectureData(VALID, 7 choices, frozen)

    def do_draw(self, data):
        if not any(self.is_valid(rule) for rule in self.rules):
            msg = f"No progress can be made from state {self.machine!r}"
>           raise InvalidDefinition(msg) from None
E           hypothesis.errors.InvalidDefinition: No progress can be made from state APIWorkflow({'catch_all': [VarReference(name='catch_all_0')],
E            'POST /users/ -> 201': [],
E            'GET /users/{user_id} -> 200': []})
E           Falsifying example:
E           state = APIWorkflow()
E           catch_all_0 = state.POST_users___X(case=state.schema['/users/']['POST'].make_case(headers={}, body={'first_name': '000', 'last_name': '000'}, media_type='application/json'), previous=None)
E           state.teardown()

/usr/lib/python3/site-packages/hypothesis/stateful.py:1032: InvalidDefinition
_____________________________ test_use_after_free ______________________________

app_factory = <function app_factory.<locals>._factory at 0x7f8b79ade7a0>

    @flaky(max_runs=10, min_passes=1)
    def test_use_after_free(app_factory):
        app = app_factory(use_after_free=True)
        schema = schemathesis.from_wsgi("/openapi.json", app=app)
        state_machine = schema.as_state_machine()
    
        with pytest.raises(CheckFailed) as exc:
>           state_machine.run(
                settings=settings(
                    max_examples=2000,
                    deadline=None,
                    suppress_health_check=list(HealthCheck),
                    phases=[Phase.generate],
                    stateful_step_count=3,
                )
            )

test/specs/openapi/stateful/test_stateful.py:332: 
_ _ _ _ _ _ _ _ _ _ _ _ _ _ _ _ _ _ _ _ _ _ _ _ _ _ _ _ _ _ _ _ _ _ _ _ _ _ _ _ 
.run_venv/lib64/python3/site-packages/schemathesis/stateful/state_machine.py:115: in run
    return run_state_machine_as_test(cls, settings=settings)
.run_venv/lib64/python3/site-packages/schemathesis/stateful/__init__.py:147: in run_state_machine_as_test
    return _run_state_machine_as_test(state_machine_factory, settings=settings, _min_steps=2)
/usr/lib/python3/site-packages/hypothesis/stateful.py:258: in run_state_machine_as_test
    state_machine_test(state_machine_factory)
/usr/lib/python3/site-packages/hypothesis/stateful.py:115: in run_state_machine
    @given(st.data())
_ _ _ _ _ _ _ _ _ _ _ _ _ _ _ _ _ _ _ _ _ _ _ _ _ _ _ _ _ _ _ _ _ _ _ _ _ _ _ _ 

self = RuleStrategy(machine=APIWorkflow({...}))
data = ConjectureData(VALID, 6 choices, frozen)

    def do_draw(self, data):
        if not any(self.is_valid(rule) for rule in self.rules):
            msg = f"No progress can be made from state {self.machine!r}"
>           raise InvalidDefinition(msg) from None
E           hypothesis.errors.InvalidDefinition: No progress can be made from state APIWorkflow({'catch_all': [VarReference(name='catch_all_0')],
E            'POST /users -> 201': [],
E            'GET /users/{userId} -> 200': [],
E            'DELETE /orders/{orderId} -> 200': [],
E            'DELETE /users/{userId} -> 204': []})
E           Falsifying example:
E           state = APIWorkflow()
E           catch_all_0 = state.POST_users__X(case=state.schema['/users']['POST'].make_case(headers={}, body={'name': ''}, media_type='application/json'), previous=None)
E           state.teardown()

/usr/lib/python3/site-packages/hypothesis/stateful.py:1032: InvalidDefinition
___________________________ test_dynamic_body[True] ____________________________

merge_body = True
app_factory = <function app_factory.<locals>._factory at 0x7f8b79f2a200>

    @pytest.mark.parametrize("merge_body", [True, False])
    def test_dynamic_body(merge_body, app_factory):
        app = app_factory(merge_body=merge_body)
        schema = schemathesis.from_wsgi("/openapi.json", app=app)
        state_machine = schema.as_state_machine()
    
>       state_machine.run(
            settings=settings(
                max_examples=100,
                deadline=None,
                suppress_health_check=list(HealthCheck),
                phases=[Phase.generate],
                stateful_step_count=2,
            )
        )

test/specs/openapi/stateful/test_stateful.py:357: 
_ _ _ _ _ _ _ _ _ _ _ _ _ _ _ _ _ _ _ _ _ _ _ _ _ _ _ _ _ _ _ _ _ _ _ _ _ _ _ _ 
.run_venv/lib64/python3/site-packages/schemathesis/stateful/state_machine.py:115: in run
    return run_state_machine_as_test(cls, settings=settings)
.run_venv/lib64/python3/site-packages/schemathesis/stateful/__init__.py:147: in run_state_machine_as_test
    return _run_state_machine_as_test(state_machine_factory, settings=settings, _min_steps=2)
/usr/lib/python3/site-packages/hypothesis/stateful.py:258: in run_state_machine_as_test
    state_machine_test(state_machine_factory)
/usr/lib/python3/site-packages/hypothesis/stateful.py:115: in run_state_machine
    @given(st.data())
_ _ _ _ _ _ _ _ _ _ _ _ _ _ _ _ _ _ _ _ _ _ _ _ _ _ _ _ _ _ _ _ _ _ _ _ _ _ _ _ 

self = RuleStrategy(machine=APIWorkflow({...}))
data = ConjectureData(VALID, 6 choices, frozen)

    def do_draw(self, data):
        if not any(self.is_valid(rule) for rule in self.rules):
            msg = f"No progress can be made from state {self.machine!r}"
>           raise InvalidDefinition(msg) from None
E           hypothesis.errors.InvalidDefinition: No progress can be made from state APIWorkflow({'catch_all': [VarReference(name='catch_all_0')],
E            'POST /users -> 201': [],
E            'GET /users/{userId} -> 200': [],
E            'DELETE /orders/{orderId} -> 200': [],
E            'DELETE /users/{userId} -> 204': []})
E           Falsifying example:
E           state = APIWorkflow()
E           catch_all_0 = state.POST_users__X(case=state.schema['/users']['POST'].make_case(headers={}, body={'name': ''}, media_type='application/json'), previous=None)
E           state.teardown()

/usr/lib/python3/site-packages/hypothesis/stateful.py:1032: InvalidDefinition
___________________________ test_dynamic_body[False] ___________________________

merge_body = False
app_factory = <function app_factory.<locals>._factory at 0x7f8b7a1536a0>

    @pytest.mark.parametrize("merge_body", [True, False])
    def test_dynamic_body(merge_body, app_factory):
        app = app_factory(merge_body=merge_body)
        schema = schemathesis.from_wsgi("/openapi.json", app=app)
        state_machine = schema.as_state_machine()
    
>       state_machine.run(
            settings=settings(
                max_examples=100,
                deadline=None,
                suppress_health_check=list(HealthCheck),
                phases=[Phase.generate],
                stateful_step_count=2,
            )
        )

test/specs/openapi/stateful/test_stateful.py:357: 
_ _ _ _ _ _ _ _ _ _ _ _ _ _ _ _ _ _ _ _ _ _ _ _ _ _ _ _ _ _ _ _ _ _ _ _ _ _ _ _ 
.run_venv/lib64/python3/site-packages/schemathesis/stateful/state_machine.py:115: in run
    return run_state_machine_as_test(cls, settings=settings)
.run_venv/lib64/python3/site-packages/schemathesis/stateful/__init__.py:147: in run_state_machine_as_test
    return _run_state_machine_as_test(state_machine_factory, settings=settings, _min_steps=2)
/usr/lib/python3/site-packages/hypothesis/stateful.py:258: in run_state_machine_as_test
    state_machine_test(state_machine_factory)
/usr/lib/python3/site-packages/hypothesis/stateful.py:115: in run_state_machine
    @given(st.data())
_ _ _ _ _ _ _ _ _ _ _ _ _ _ _ _ _ _ _ _ _ _ _ _ _ _ _ _ _ _ _ _ _ _ _ _ _ _ _ _ 

self = RuleStrategy(machine=APIWorkflow({...}))
data = ConjectureData(VALID, 6 choices, frozen)

    def do_draw(self, data):
        if not any(self.is_valid(rule) for rule in self.rules):
            msg = f"No progress can be made from state {self.machine!r}"
>           raise InvalidDefinition(msg) from None
E           hypothesis.errors.InvalidDefinition: No progress can be made from state APIWorkflow({'catch_all': [VarReference(name='catch_all_0')],
E            'POST /users -> 201': [],
E            'GET /users/{userId} -> 200': [],
E            'DELETE /orders/{orderId} -> 200': [],
E            'DELETE /users/{userId} -> 204': []})
E           Falsifying example:
E           state = APIWorkflow()
E           catch_all_0 = state.POST_users__X(case=state.schema['/users']['POST'].make_case(headers={}, body={'name': ''}, media_type='application/json'), previous=None)
E           state.teardown()

/usr/lib/python3/site-packages/hypothesis/stateful.py:1032: InvalidDefinition
=============================== warnings summary ===============================
.run_venv/lib64/python3/site-packages/schemathesis/generation/coverage.py:305
  /usr/src/RPM/BUILD/python3-module-schemathesis-3.39.16/.run_venv/lib64/python3/site-packages/schemathesis/generation/coverage.py:305: DeprecationWarning: jsonschema.exceptions.RefResolutionError is deprecated as of version 4.18.0. If you wish to catch potential reference resolution errors, directly catch referencing.exceptions.Unresolvable.
    ref_error: type[Exception] = jsonschema.RefResolutionError,

.run_venv/lib64/python3/site-packages/schemathesis/specs/openapi/references.py:11
  /usr/src/RPM/BUILD/python3-module-schemathesis-3.39.16/.run_venv/lib64/python3/site-packages/schemathesis/specs/openapi/references.py:11: DeprecationWarning: jsonschema.exceptions.RefResolutionError is deprecated as of version 4.18.0. If you wish to catch potential reference resolution errors, directly catch referencing.exceptions.Unresolvable.
    from jsonschema.exceptions import RefResolutionError

.run_venv/lib64/python3/site-packages/schemathesis/specs/openapi/references.py:51
  /usr/src/RPM/BUILD/python3-module-schemathesis-3.39.16/.run_venv/lib64/python3/site-packages/schemathesis/specs/openapi/references.py:51: DeprecationWarning: jsonschema.RefResolver is deprecated as of v4.18.0, in favor of the https://github.com/python-jsonschema/referencing library, which provides more compliant referencing behavior as well as more flexible APIs for customization. A future release will remove RefResolver. Please file a feature request (on referencing) if you are missing an API for the kind of customization you need.
    class InliningResolver(jsonschema.RefResolver):

.run_venv/lib64/python3/site-packages/schemathesis/specs/openapi/schemas.py:89
  /usr/src/RPM/BUILD/python3-module-schemathesis-3.39.16/.run_venv/lib64/python3/site-packages/schemathesis/specs/openapi/schemas.py:89: DeprecationWarning: jsonschema.exceptions.RefResolutionError is deprecated as of version 4.18.0. If you wish to catch potential reference resolution errors, directly catch referencing.exceptions.Unresolvable.
    SCHEMA_PARSING_ERRORS = (KeyError, AttributeError, jsonschema.exceptions.RefResolutionError)

test/auth/test_provider.py::test_auth_cache_with_scopes
  /usr/src/RPM/BUILD/python3-module-schemathesis-3.39.16/.run_venv/lib64/python3/site-packages/schemathesis/auths.py:464: DeprecationWarning: The method 'get' of your AuthProvider is using the old calling convention, which is deprecated and will be removed in Schemathesis 4.0. Please update it to accept both 'case' and 'context' as arguments.
    warnings.warn(

test/auth/test_pytest.py: 13 warnings
test/code_samples/test_curl.py: 2 warnings
test/hooks/test_hooks.py: 5 warnings
test/specs/graphql/test_pytest.py: 2 warnings
test/specs/openapi/stateful/test_stateful.py: 6 warnings
test/specs/openapi/test_ignored_auth.py: 3 warnings
test/specs/openapi/test_serializing.py: 29 warnings
test/test_async.py: 3 warnings
test/test_common_parameters.py: 3 warnings
test/test_dereferencing.py: 12 warnings
test/test_filters.py: 14 warnings
test/test_fixups.py: 1 warning
test/test_lazy.py: 34 warnings
test/test_models.py: 2 warnings
test/test_parameters.py: 35 warnings
test/test_parametrization.py: 25 warnings
test/test_petstore.py: 36 warnings
test/test_pytest.py: 40 warnings
test/test_recoverable_errors.py: 3 warnings
test/test_required.py: 6 warnings
test/test_wsgi.py: 1 warning
  /usr/lib/python3/site-packages/pytest_asyncio/plugin.py:207: PytestDeprecationWarning: The configuration option "asyncio_default_fixture_loop_scope" is unset.
  The event loop scope for asynchronous fixtures will default to the fixture caching scope. Future versions of pytest-asyncio will default the loop scope for asynchronous fixtures to function scope. Set the default fixture loop scope explicitly in order to avoid unexpected behavior in the future. Valid fixture loop scopes are: "function", "class", "module", "package", "session"
  
    warnings.warn(PytestDeprecationWarning(_DEFAULT_FIXTURE_LOOP_SCOPE_UNSET))

test/checks/test_checks.py::test_wrap_check_compatibility_wrapper
  /usr/src/RPM/BUILD/python3-module-schemathesis-3.39.16/test/checks/test_checks.py:43: DeprecationWarning: The check function 'old_style_check' uses an outdated signature. Please update it to accept 'ctx' as the first argument: (ctx: CheckContext, response: GenericResponse, case: Case) -> Optional[bool]
    wrapped = wrap_check(old_style_check)

test/cli/test_commands.py: 4 warnings
test/runner/test_checks.py: 1 warning
test/specs/openapi/stateful/test_runner.py: 1 warning
test/test_dereferencing.py: 1 warning
test/test_recoverable_errors.py: 6 warnings
test/test_schemas.py: 3 warnings
  /usr/src/RPM/BUILD/python3-module-schemathesis-3.39.16/.run_venv/lib64/python3/site-packages/schemathesis/specs/openapi/schemas.py:350: DeprecationWarning: jsonschema.exceptions.RefResolutionError is deprecated as of version 4.18.0. If you wish to catch potential reference resolution errors, directly catch referencing.exceptions.Unresolvable.
    if isinstance(error, jsonschema.exceptions.RefResolutionError):

test/contrib/test_install.py::test_installation
test/contrib/test_unique_data.py::test_python_tests[raw_schema0]
test/contrib/test_unique_data.py::test_python_tests[raw_schema1]
test/contrib/test_unique_data.py::test_python_tests[raw_schema2]
test/contrib/test_unique_data.py::test_python_tests[None]
  /usr/src/RPM/BUILD/python3-module-schemathesis-3.39.16/.run_venv/lib64/python3/site-packages/schemathesis/contrib/unique_data.py:15: DeprecationWarning: The `schemathesis.contrib.unique_data` hook is **DEPRECATED**. The concept of this feature does not fit the core principles of Hypothesis where strategies are configurable on a per-example basis but this feature implies uniqueness across examples. This leads to cryptic error messages about external state and flaky test runs, therefore it will be removed in Schemathesis 4.0
    warnings.warn(

test/coverage/test_combinations.py::test_unsupported_patterns[^[A-Za-z0-9]$|^[A-Za-z0-9][\\w-\\.]*[A-Za-z0-9]$]
  /usr/lib/python3/site-packages/hypothesis_jsonschema/_from_schema.py:643: UserWarning: Got patternProperties entry='^[A-Za-z0-9]$|^[A-Za-z0-9][\\w-\\.]*[A-Za-z0-9]$', but this is not valid syntax for a Python regular expression (bad character range \w-\. at position 27) so it will not be handled by the strategy.  See https://json-schema.org/understanding-json-schema/reference/regular_expressions.html
    _warn_invalid_regex(key, err, "patternProperties entry")

test/coverage/test_combinations.py::test_unsupported_patterns[^[-._\\p{L}\\p{N}]+$]
  /usr/lib/python3/site-packages/hypothesis_jsonschema/_from_schema.py:643: UserWarning: Got patternProperties entry='^[-._\\p{L}\\p{N}]+$', but this is not valid syntax for a Python regular expression (bad escape \p at position 5) so it will not be handled by the strategy.  See https://json-schema.org/understanding-json-schema/reference/regular_expressions.html
    _warn_invalid_regex(key, err, "patternProperties entry")

test/filters/test_matching.py::test_exclude_custom[args0-kwargs0-[<Filter: [matcher_func]>]]
test/filters/test_matching.py::test_exclude_custom[args1-kwargs1-[<Filter: [is_deprecated]>, <Filter: [matcher_func]>]]
test/filters/test_matching.py::test_exclude_custom[args2-kwargs2-[<Filter: [is_deprecated]>]]
test/runner/test_runner.py::test_execute_filter_method[Open API 2.0]
test/runner/test_runner.py::test_execute_filter_method[Open API 3.0]
  /usr/src/RPM/BUILD/python3-module-schemathesis-3.39.16/.run_venv/lib64/python3/site-packages/schemathesis/internal/deprecation.py:6: DeprecationWarning: Argument `method` is deprecated and will be removed in Schemathesis 4.0. Use `include` and `exclude` methods instead.
    warnings.warn(

test/filters/test_matching.py::test_exclude_custom[args0-kwargs0-[<Filter: [matcher_func]>]]
test/filters/test_matching.py::test_exclude_custom[args1-kwargs1-[<Filter: [is_deprecated]>, <Filter: [matcher_func]>]]
test/filters/test_matching.py::test_exclude_custom[args2-kwargs2-[<Filter: [is_deprecated]>]]
test/runner/test_runner.py::test_execute_filter_endpoint[Open API 2.0]
test/runner/test_runner.py::test_execute_filter_endpoint[Open API 3.0]
test/runner/test_runner.py::test_url_joining[petstore_v2.yaml]
test/runner/test_runner.py::test_url_joining[petstore_v3.yaml]
  /usr/src/RPM/BUILD/python3-module-schemathesis-3.39.16/.run_venv/lib64/python3/site-packages/schemathesis/internal/deprecation.py:6: DeprecationWarning: Argument `endpoint` is deprecated and will be removed in Schemathesis 4.0. Use `include` and `exclude` methods instead.
    warnings.warn(

test/filters/test_matching.py::test_exclude_custom[args0-kwargs0-[<Filter: [matcher_func]>]]
test/filters/test_matching.py::test_exclude_custom[args1-kwargs1-[<Filter: [is_deprecated]>, <Filter: [matcher_func]>]]
test/filters/test_matching.py::test_exclude_custom[args2-kwargs2-[<Filter: [is_deprecated]>]]
  /usr/src/RPM/BUILD/python3-module-schemathesis-3.39.16/.run_venv/lib64/python3/site-packages/schemathesis/internal/deprecation.py:6: DeprecationWarning: Argument `tag` is deprecated and will be removed in Schemathesis 4.0. Use `include` and `exclude` methods instead.
    warnings.warn(

test/filters/test_matching.py::test_exclude_custom[args0-kwargs0-[<Filter: [matcher_func]>]]
test/filters/test_matching.py::test_exclude_custom[args1-kwargs1-[<Filter: [is_deprecated]>, <Filter: [matcher_func]>]]
test/filters/test_matching.py::test_exclude_custom[args2-kwargs2-[<Filter: [is_deprecated]>]]
  /usr/src/RPM/BUILD/python3-module-schemathesis-3.39.16/.run_venv/lib64/python3/site-packages/schemathesis/internal/deprecation.py:6: DeprecationWarning: Argument `operation_id` is deprecated and will be removed in Schemathesis 4.0. Use `include` and `exclude` methods instead.
    warnings.warn(

test/runner/test_runner.py::test_stop_event_stream_after_second_event[multi-worker]
  /usr/lib/python3/site-packages/_pytest/threadexception.py:82: PytestUnhandledThreadExceptionWarning: Exception in thread schemathesis_0
  
  Traceback (most recent call last):
    File "/usr/lib64/python3.12/threading.py", line 1075, in _bootstrap_inner
      self.run()
    File "/usr/lib64/python3.12/threading.py", line 1012, in run
      self._target(*self._args, **self._kwargs)
    File "/usr/src/RPM/BUILD/python3-module-schemathesis-3.39.16/.run_venv/lib64/python3/site-packages/schemathesis/runner/impl/threadpool.py", line 135, in thread_task
      _run_task(
    File "/usr/src/RPM/BUILD/python3-module-schemathesis-3.39.16/.run_venv/lib64/python3/site-packages/schemathesis/runner/impl/threadpool.py", line 85, in _run_task
      result = tasks_queue.get(timeout=0.001)
               ^^^^^^^^^^^^^^^^^^^^^^^^^^^^^^
    File "/usr/lib64/python3.12/queue.py", line 180, in get
      self.not_empty.wait(remaining)
    File "/usr/lib64/python3.12/threading.py", line 359, in wait
      gotit = waiter.acquire(True, timeout)
              ^^^^^^^^^^^^^^^^^^^^^^^^^^^^^
  SystemExit
  
    warnings.warn(pytest.PytestUnhandledThreadExceptionWarning(msg))

test/specs/graphql/test_basic.py::test_as_wsgi_kwargs
  /usr/src/RPM/BUILD/python3-module-schemathesis-3.39.16/.run_venv/lib64/python3/site-packages/schemathesis/internal/deprecation.py:6: DeprecationWarning: Function `as_werkzeug_kwargs` is deprecated and will be removed in Schemathesis 4.0. Use Case.as_transport_kwargs instead.
    warnings.warn(

test/specs/openapi/test_ignored_auth.py::test_auth_via_setitem[cookie]
  /usr/lib/python3/site-packages/anyio/streams/memory.py:313: ResourceWarning: Unclosed <MemoryObjectSendStream at 7f8b79527950>
    warnings.warn(
  Enable tracemalloc to get traceback where the object was allocated.
  See https://docs.pytest.org/en/stable/how-to/capture-warnings.html#resource-warnings for more info.

test/specs/openapi/test_ignored_auth.py::test_auth_via_setitem[cookie]
  /usr/lib/python3/site-packages/anyio/streams/memory.py:183: ResourceWarning: Unclosed <MemoryObjectReceiveStream at 7f8b795278f0>
    warnings.warn(
  Enable tracemalloc to get traceback where the object was allocated.
  See https://docs.pytest.org/en/stable/how-to/capture-warnings.html#resource-warnings for more info.

test/specs/openapi/test_ignored_auth.py::test_auth_via_setitem[cookie]
  /usr/lib/python3/site-packages/anyio/streams/memory.py:313: ResourceWarning: Unclosed <MemoryObjectSendStream at 7f8b795e9f40>
    warnings.warn(
  Enable tracemalloc to get traceback where the object was allocated.
  See https://docs.pytest.org/en/stable/how-to/capture-warnings.html#resource-warnings for more info.

test/specs/openapi/test_ignored_auth.py::test_auth_via_setitem[cookie]
  /usr/lib/python3/site-packages/anyio/streams/memory.py:183: ResourceWarning: Unclosed <MemoryObjectReceiveStream at 7f8b795eb980>
    warnings.warn(
  Enable tracemalloc to get traceback where the object was allocated.
  See https://docs.pytest.org/en/stable/how-to/capture-warnings.html#resource-warnings for more info.

test/specs/openapi/test_ignored_auth.py::test_auth_via_setitem[cookie]
  /usr/lib/python3/site-packages/anyio/streams/memory.py:313: ResourceWarning: Unclosed <MemoryObjectSendStream at 7f8b795e9250>
    warnings.warn(
  Enable tracemalloc to get traceback where the object was allocated.
  See https://docs.pytest.org/en/stable/how-to/capture-warnings.html#resource-warnings for more info.

test/specs/openapi/test_ignored_auth.py::test_auth_via_setitem[cookie]
  /usr/lib/python3/site-packages/anyio/streams/memory.py:183: ResourceWarning: Unclosed <MemoryObjectReceiveStream at 7f8b795e8e60>
    warnings.warn(
  Enable tracemalloc to get traceback where the object was allocated.
  See https://docs.pytest.org/en/stable/how-to/capture-warnings.html#resource-warnings for more info.

test/specs/openapi/test_ignored_auth.py::test_auth_via_setitem[cookie]
  /usr/lib/python3/site-packages/anyio/streams/memory.py:313: ResourceWarning: Unclosed <MemoryObjectSendStream at 7f8b7954e4b0>
    warnings.warn(
  Enable tracemalloc to get traceback where the object was allocated.
  See https://docs.pytest.org/en/stable/how-to/capture-warnings.html#resource-warnings for more info.

test/specs/openapi/test_ignored_auth.py::test_auth_via_setitem[cookie]
  /usr/lib/python3/site-packages/anyio/streams/memory.py:183: ResourceWarning: Unclosed <MemoryObjectReceiveStream at 7f8b7954daf0>
    warnings.warn(
  Enable tracemalloc to get traceback where the object was allocated.
  See https://docs.pytest.org/en/stable/how-to/capture-warnings.html#resource-warnings for more info.

test/specs/openapi/test_ignored_auth.py::test_auth_via_setitem[cookie]
  /usr/lib/python3/site-packages/anyio/streams/memory.py:313: ResourceWarning: Unclosed <MemoryObjectSendStream at 7f8b795e9cd0>
    warnings.warn(
  Enable tracemalloc to get traceback where the object was allocated.
  See https://docs.pytest.org/en/stable/how-to/capture-warnings.html#resource-warnings for more info.

test/specs/openapi/test_ignored_auth.py::test_auth_via_setitem[cookie]
  /usr/lib/python3/site-packages/anyio/streams/memory.py:183: ResourceWarning: Unclosed <MemoryObjectReceiveStream at 7f8b795eba70>
    warnings.warn(
  Enable tracemalloc to get traceback where the object was allocated.
  See https://docs.pytest.org/en/stable/how-to/capture-warnings.html#resource-warnings for more info.

test/specs/openapi/test_ignored_auth.py::test_auth_via_setitem[cookie]
  /usr/lib/python3/site-packages/anyio/streams/memory.py:313: ResourceWarning: Unclosed <MemoryObjectSendStream at 7f8b7954b7d0>
    warnings.warn(
  Enable tracemalloc to get traceback where the object was allocated.
  See https://docs.pytest.org/en/stable/how-to/capture-warnings.html#resource-warnings for more info.

test/specs/openapi/test_ignored_auth.py::test_auth_via_setitem[cookie]
  /usr/lib/python3/site-packages/anyio/streams/memory.py:183: ResourceWarning: Unclosed <MemoryObjectReceiveStream at 7f8b7954b800>
    warnings.warn(
  Enable tracemalloc to get traceback where the object was allocated.
  See https://docs.pytest.org/en/stable/how-to/capture-warnings.html#resource-warnings for more info.

test/test_asgi.py::test_cookies[call_asgi]
test/test_asgi.py::test_not_app_with_asgi
  /usr/src/RPM/BUILD/python3-module-schemathesis-3.39.16/.run_venv/lib64/python3/site-packages/schemathesis/internal/deprecation.py:6: DeprecationWarning: Function `call_asgi` is deprecated and will be removed in Schemathesis 4.0. Use Case.call instead.
    warnings.warn(

test/test_wsgi.py::test_cookies[call_wsgi]
test/test_wsgi.py::test_not_wsgi
  /usr/src/RPM/BUILD/python3-module-schemathesis-3.39.16/.run_venv/lib64/python3/site-packages/schemathesis/internal/deprecation.py:6: DeprecationWarning: Function `call_wsgi` is deprecated and will be removed in Schemathesis 4.0. Use Case.call instead.
    warnings.warn(

-- Docs: https://docs.pytest.org/en/stable/how-to/capture-warnings.html
=================================== XPASSES ====================================
--------------------------- snapshot report summary ----------------------------
281 snapshots passed. 10 snapshots updated. 1 unused snapshot deleted.

Deleted test_github_suggestion[Open API 3.0] (test/service/__snapshots__/test_cli/test_github_suggestion[Open API 3.0].raw)
=========================== short test summary info ============================
SKIPPED [1] test/coverage/test_combinations.py:227: This test is not applicable for multiple_of=None
XPASS test/contrib/test_unique_data.py::test_python_tests[raw_schema0] - The `schemathesis.contrib.unique_data` hook is deprecated
XPASS test/contrib/test_unique_data.py::test_python_tests[raw_schema1] - The `schemathesis.contrib.unique_data` hook is deprecated
XPASS test/contrib/test_unique_data.py::test_python_tests[raw_schema2] - The `schemathesis.contrib.unique_data` hook is deprecated
XPASS test/contrib/test_unique_data.py::test_python_tests[None] - The `schemathesis.contrib.unique_data` hook is deprecated
FAILED test/cli/test_commands.py::test_new_stateful_runner_junit[Open API 3.0]
FAILED test/runner/test_runner.py::test_stateful_override[Open API 3.0] - ass...
FAILED test/specs/openapi/stateful/test_runner.py::test_find_independent_5xx[kwargs0]
FAILED test/specs/openapi/stateful/test_runner.py::test_find_independent_5xx[kwargs1]
FAILED test/specs/openapi/stateful/test_runner.py::test_find_independent_5xx[kwargs2]
FAILED test/specs/openapi/stateful/test_runner.py::test_find_independent_5xx[kwargs3]
FAILED test/specs/openapi/stateful/test_runner.py::test_works_on_single_link
FAILED test/specs/openapi/stateful/test_runner.py::test_stop_outside_of_state_machine_execution
FAILED test/specs/openapi/stateful/test_runner.py::test_failure_hidden_behind_another_failure
FAILED test/specs/openapi/stateful/test_runner.py::test_find_use_after_free
FAILED test/specs/openapi/stateful/test_runner.py::test_flaky[kwargs0] - asse...
FAILED test/specs/openapi/stateful/test_runner.py::test_random_unsatisfiable
FAILED test/specs/openapi/stateful/test_runner.py::test_custom_headers - Asse...
FAILED test/specs/openapi/stateful/test_runner.py::test_multiple_source_links
FAILED test/specs/openapi/stateful/test_runner.py::test_dry_run - AssertionEr...
FAILED test/specs/openapi/stateful/test_runner.py::test_max_response_time_valid
FAILED test/specs/openapi/stateful/test_runner.py::test_max_response_time_invalid
FAILED test/specs/openapi/stateful/test_runner.py::test_targeted - AssertionE...
FAILED test/specs/openapi/stateful/test_runner.py::test_external_link - Asser...
FAILED test/specs/openapi/stateful/test_runner.py::test_new_resource_is_not_available
FAILED test/specs/openapi/stateful/test_runner.py::test_negative_tests - Asse...
FAILED test/specs/openapi/stateful/test_runner.py::test_unique_data - Asserti...
FAILED test/specs/openapi/stateful/test_runner.py::test_ignored_auth_valid - ...
FAILED test/specs/openapi/stateful/test_runner.py::test_ignored_auth_invalid
FAILED test/specs/openapi/stateful/test_stateful.py::test_hidden_failure[Open API 2.0]
FAILED test/specs/openapi/stateful/test_stateful.py::test_hidden_failure[Open API 3.0]
FAILED test/specs/openapi/stateful/test_stateful.py::test_hidden_failure_app[wsgi_app_factory]
FAILED test/specs/openapi/stateful/test_stateful.py::test_hidden_failure_app[asgi_app_factory]
FAILED test/specs/openapi/stateful/test_stateful.py::test_use_after_free - hy...
FAILED test/specs/openapi/stateful/test_stateful.py::test_dynamic_body[True]
FAILED test/specs/openapi/stateful/test_stateful.py::test_dynamic_body[False]
= 31 failed, 2730 passed, 1 skipped, 4 xpassed, 340 warnings in 571.60s (0:09:31) =
INFO     : Command's result: FAILURE
INFO     : Command's error: Command '['python3', '-m', 'pytest', '--snapshot-update', 'test/']' returned non-zero exit status 1.
error: Bad exit status from /usr/src/tmp/rpm-tmp.1892 (%check)


RPM build errors:
    Bad exit status from /usr/src/tmp/rpm-tmp.1892 (%check)
Command exited with non-zero status 1
502.78user 36.55system 9:44.45elapsed 92%CPU (0avgtext+0avgdata 616984maxresident)k
0inputs+0outputs (0major+2584958minor)pagefaults 0swaps
hsh-rebuild: rebuild of `python3-module-schemathesis-3.39.16-alt1.src.rpm' failed.
Command exited with non-zero status 1
8.78user 3.13system 10:44.43elapsed 1%CPU (0avgtext+0avgdata 142372maxresident)k
246488inputs+0outputs (0major+358359minor)pagefaults 0swaps
