<86>May 16 01:41:24 userdel[4124824]: delete user 'rooter'
<86>May 16 01:41:24 userdel[4124824]: removed group 'rooter' owned by 'rooter'
<86>May 16 01:41:24 userdel[4124824]: removed shadow group 'rooter' owned by 'rooter'
<86>May 16 01:41:24 groupadd[4124940]: group added to /etc/group: name=rooter, GID=1865
<86>May 16 01:41:24 groupadd[4124940]: group added to /etc/gshadow: name=rooter
<86>May 16 01:41:24 groupadd[4124940]: new group: name=rooter, GID=1865
<86>May 16 01:41:24 useradd[4125023]: new user: name=rooter, UID=1865, GID=1865, home=/root, shell=/bin/bash, from=none
<86>May 16 01:41:24 userdel[4125114]: delete user 'builder'
<86>May 16 01:41:24 userdel[4125114]: removed group 'builder' owned by 'builder'
<86>May 16 01:41:24 userdel[4125114]: removed shadow group 'builder' owned by 'builder'
<86>May 16 01:41:24 groupadd[4125200]: group added to /etc/group: name=builder, GID=1866
<86>May 16 01:41:24 groupadd[4125200]: group added to /etc/gshadow: name=builder
<86>May 16 01:41:24 groupadd[4125200]: new group: name=builder, GID=1866
<86>May 16 01:41:24 useradd[4125311]: new user: name=builder, UID=1866, GID=1866, home=/usr/src, shell=/bin/bash, from=none
<13>May 16 01:41:29 rpmi: libmpdec3-2.5.1-alt3 sisyphus+314490.500.5.1 1675432004 installed
<13>May 16 01:41:29 rpmi: libgdbm-1.8.3-alt10 sisyphus+346222.200.3.2 1716468404 installed
<13>May 16 01:41:29 rpmi: libexpat-2.7.1-alt1 sisyphus+379929.100.1.1 1743519381 installed
<13>May 16 01:41:29 rpmi: openssl-config-3.2.0-alt1 sisyphus+366659.140.4.1 1736956949 installed
<13>May 16 01:41:29 rpmi: libb2-0.98.1-alt1_1 sisyphus+291614.100.1.1 1638962877 installed
<13>May 16 01:41:29 rpmi: libp11-kit-1:0.25.5-alt1 sisyphus+352553.100.1.1 1720622573 installed
<13>May 16 01:41:29 rpmi: libtasn1-4.20.0-alt2 sisyphus+375829.100.1.1 1740299335 installed
<13>May 16 01:41:29 rpmi: rpm-macros-alternatives-0.5.3-alt1 sisyphus+371878.100.1.1 1737988822 installed
<13>May 16 01:41:29 rpmi: alternatives-0.5.3-alt1 sisyphus+371878.100.1.1 1737988822 installed
<13>May 16 01:41:29 rpmi: ca-certificates-2025.05.12-alt1 sisyphus+383903.200.2.1 1747060316 installed
<13>May 16 01:41:29 rpmi: ca-trust-0.2.0-alt1 sisyphus+344843.100.1.1 1712743326 installed
<13>May 16 01:41:29 rpmi: p11-kit-trust-1:0.25.5-alt1 sisyphus+352553.100.1.1 1720622573 installed
<13>May 16 01:41:29 rpmi: libcrypto3-3.3.3-alt1 sisyphus+374381.40.2.1 1739299401 installed
<13>May 16 01:41:29 rpmi: libssl3-3.3.3-alt1 sisyphus+374381.40.2.1 1739299401 installed
<13>May 16 01:41:29 rpmi: python3-3.12.10-alt1 sisyphus+381757.100.1.1 1744802808 installed
<13>May 16 01:41:30 rpmi: python3-base-3.12.10-alt1 sisyphus+381757.100.1.1 1744802808 installed
<13>May 16 01:41:30 rpmi: python3-module-py3dephell-0.3.1-alt1 sisyphus+365261.200.1.1 1734463433 installed
<13>May 16 01:41:30 rpmi: tests-for-installed-python3-pkgs-0.1.28-alt1 sisyphus+375953.100.2.1 1740855713 installed
<13>May 16 01:41:30 rpmi: rpm-build-python3-0.1.28-alt1 sisyphus+375953.100.2.1 1740855713 installed
<13>May 16 01:41:33 rpmi: python3-module-docutils-0.20.1-alt1 sisyphus+323438.100.1.1 1687370718 installed
<13>May 16 01:41:33 rpmi: python3-module-urllib3-2:2.4.0-alt1 sisyphus+381271.100.2.1 1744618213 installed
<13>May 16 01:41:33 rpmi: python3-module-packaging-25.0-alt1 sisyphus+382195.100.1.1 1745223121 installed
<13>May 16 01:41:33 rpmi: python3-module-more-itertools-10.6.0-alt1 sisyphus+369595.100.2.1 1737017267 installed
<13>May 16 01:41:33 rpmi: python3-module-Pygments-2.19.1-alt1 sisyphus+368586.100.2.1 1737039695 installed
<13>May 16 01:41:33 rpmi: python3-module-jaraco.functools-4.1.0-alt1.1 sisyphus+376369.24200.10.1 1746632566 installed
<13>May 16 01:41:33 rpmi: python3-module-defusedxml-0.7.1-alt1 sisyphus+274841.2300.1.1 1624295691 installed
<13>May 16 01:41:34 rpmi: python3-module-babel-1:2.17.0-alt1 sisyphus+383519.100.1.1 1746611672 installed
<13>May 16 01:41:34 rpmi: python3-module-alabaster-0.7.16-alt1 sisyphus+349698.100.1.1 1716897815 installed
<13>May 16 01:41:34 rpmi: python3-module-snowballstemmer-2.2.0-alt1 sisyphus+319215.100.1.1 1682346633 installed
<13>May 16 01:41:34 rpmi: python3-module-roman_numerals-3.1.0-alt1 sisyphus+376287.100.1.1 1740659993 installed
<13>May 16 01:41:34 rpmi: python3-module-pluggy-1.5.0-alt1 sisyphus+345632.100.2.1 1713864244 installed
<13>May 16 01:41:34 rpmi: python3-module-wheel-0.45.1-alt3 sisyphus+384059.500.2.1 1747240259 installed
<13>May 16 01:41:34 rpmi: python3-module-platformdirs-4.3.7-alt1 sisyphus+378659.100.2.1 1742562597 installed
<13>May 16 01:41:34 rpmi: python3-module-markupsafe-1:3.0.2-alt1 sisyphus+360209.100.1.1 1729323052 installed
<13>May 16 01:41:34 rpmi: python3-module-jinja2-3.1.6-alt1 sisyphus+377889.1500.2.1 1742249941 installed
<13>May 16 01:41:34 rpmi: python3-module-jaraco.context-6.0.1-alt1.1 sisyphus+376369.6200.10.1 1746628448 installed
<13>May 16 01:41:34 rpmi: python3-module-iniconfig-2.1.0-alt1 sisyphus+378658.100.2.1 1742493599 installed
<13>May 16 01:41:34 rpmi: python3-module-pytest-8.3.5-alt2 sisyphus+383865.100.1.1 1747039699 installed
<13>May 16 01:41:34 rpmi: python3-module-imagesize-1.4.1-alt1 sisyphus+318084.100.1.1 1680697673 installed
<13>May 16 01:41:34 rpmi: python3-module-idna-3.10-alt1 sisyphus+358681.100.1.1 1727701241 installed
<13>May 16 01:41:34 rpmi: python3-module-charset-normalizer-3.2.0-alt1 sisyphus+347396.200.2.1 1714733155 installed
<13>May 16 01:41:34 rpmi: python3-module-requests-2.32.3-alt1 sisyphus+349946.100.1.1 1717059877 installed
<13>May 16 01:41:34 rpmi: python3-module-autocommand-2.2.2-alt1.1 sisyphus+339714.100.1.1 1706968174 installed
<13>May 16 01:41:34 rpmi: python3-module-jaraco.text-4.0.0-alt1.1 sisyphus+376369.7300.10.1 1746628739 installed
<13>May 16 01:41:34 rpmi: python3-module-pkg_resources-1:80.4.0-alt1 sisyphus+384059.100.2.1 1747240150 installed
<13>May 16 01:41:34 rpmi: python-sphinx-objects.inv-1:2.3.14.20250414-alt1 sisyphus+381547.100.1.1 1744608913 installed
<13>May 16 01:41:34 rpmi: python3-module-sphinxcontrib-applehelp-2.0.0-alt1 sisyphus+353872.100.1.1 1722243556 installed
<13>May 16 01:41:34 rpmi: python3-module-sphinxcontrib-devhelp-2.0.0-alt1 sisyphus+353872.200.1.1 1722243589 installed
<13>May 16 01:41:34 rpmi: python3-module-sphinxcontrib-jquery-4.1-alt3 sisyphus+339023.100.1.1 1706234262 installed
<13>May 16 01:41:34 rpmi: python3-module-sphinxcontrib-jsmath-1.0.1-alt2 sisyphus+348403.100.1.1 1716017686 installed
<13>May 16 01:41:34 rpmi: python3-module-sphinxcontrib-htmlhelp-2.1.0-alt1 sisyphus+353893.100.2.1 1722416845 installed
<13>May 16 01:41:34 rpmi: python3-module-sphinxcontrib-serializinghtml-2.0.0-alt1 sisyphus+361088.100.1.1 1730215552 installed
<13>May 16 01:41:34 rpmi: python3-module-sphinxcontrib-qthelp-2.0.0-alt1 sisyphus+353872.300.1.1 1722243619 installed
<13>May 16 01:41:34 rpmi: python3-module-sphinx-sphinx-build-symlink-1:8.2.1-alt1 sisyphus+376300.100.1.1 1740663832 installed
<13>May 16 01:41:34 rpmi: python3-module-sphinx-1:8.2.1-alt1 sisyphus+376300.100.1.1 1740663832 installed
<13>May 16 01:41:34 rpmi: libpython3-3.12.10-alt1 sisyphus+381757.100.1.1 1744802808 installed
<13>May 16 01:41:34 rpmi: libncurses6-6.3.20220618-alt4 sisyphus+327286.4600.14.1 1711486705 installed
<13>May 16 01:41:34 rpmi: libtinfo-devel-6.3.20220618-alt4 sisyphus+327286.4600.14.1 1711486705 installed
<13>May 16 01:41:34 rpmi: libncurses-devel-6.3.20220618-alt4 sisyphus+327286.4600.14.1 1711486705 installed
<13>May 16 01:41:35 rpmi: python3-dev-3.12.10-alt1 sisyphus+381757.100.1.1 1744802808 installed
<13>May 16 01:41:35 rpmi: python3-module-setuptools-1:80.4.0-alt1 sisyphus+384059.100.2.1 1747240150 installed
<13>May 16 01:41:36 rpmi: python3-module-sphinx-tests-1:8.2.1-alt1 sisyphus+376300.100.1.1 1740663832 installed
Building target platforms: x86_64
Building for target x86_64
Wrote: /usr/src/in/nosrpm/python3-module-sphinxcontrib-jsmath-1.0.1-alt2.nosrc.rpm (w1.gzdio)
<13>May 16 01:41:38 rpmi: python3-module-system-seed-wheels-0.0.1-alt1 sisyphus+270533.400.6.1 1619683425 installed
<13>May 16 01:41:38 rpmi: python3-module-filelock-3.18.0-alt1 sisyphus+377927.100.2.1 1741959375 installed
<13>May 16 01:41:38 rpmi: python3-module-pip-wheel-25.1.1-alt1 sisyphus+384061.100.2.1 1747306475 installed
<13>May 16 01:41:38 rpmi: python3-module-setuptools-wheel-1:80.4.0-alt1 sisyphus+384059.100.2.1 1747240150 installed
<13>May 16 01:41:38 rpmi: python3-module-wheel-wheel-0.45.1-alt3 sisyphus+384059.500.2.1 1747240259 installed
<13>May 16 01:41:38 rpmi: python3-module-system-seed-wheels-wheels-0.0.1-alt1 sisyphus+270533.400.6.1 1619683425 installed
<13>May 16 01:41:38 rpmi: python3-module-pyproject-installer-0.5.5-alt2 sisyphus+366395.100.1.1 1735032014 installed
<13>May 16 01:41:38 rpmi: python3-module-pyproject-api-1.6.1-alt1 sisyphus+330404.60.15.1 1698684249 installed
<13>May 16 01:41:38 rpmi: python3-module-distlib-0.3.9-alt1 sisyphus+359423.100.1.1 1728557083 installed
<13>May 16 01:41:38 rpmi: python3-module-virtualenv-20.30.0-alt1 sisyphus+379870.100.2.1 1743506980 installed
<13>May 16 01:41:38 rpmi: python3-module-colorama-0.4.6-alt1 sisyphus+308971.100.1.1 1666698282 installed
<13>May 16 01:41:38 rpmi: python3-module-chardet-1:5.2.0-alt1 sisyphus+326284.100.2.1 1691056316 installed
<13>May 16 01:41:38 rpmi: python3-module-cachetools-5.5.2-alt1 sisyphus+375542.100.1.1 1740130789 installed
<13>May 16 01:41:38 rpmi: python3-module-tox-4.25.0-alt1 sisyphus+379466.100.1.1 1743153108 installed
<13>May 16 01:41:38 rpmi: python3-module-tox-console-scripts-0.4.0-alt1 sisyphus+371114.200.4.1 1739124059 installed
<13>May 16 01:41:38 rpmi: python3-module-tox-no-deps-0.3.0-alt1 sisyphus+371114.300.4.1 1739124101 installed
<13>May 16 01:41:38 rpmi: python3-module-tox-passenv-0.1.0-alt1 sisyphus+371114.500.4.1 1739124145 installed
Installing python3-module-sphinxcontrib-jsmath-1.0.1-alt2.src.rpm
Building target platforms: x86_64
Building for target x86_64
Executing(%prep): /bin/sh -e /usr/src/tmp/rpm-tmp.62100
+ umask 022
+ /bin/mkdir -p /usr/src/RPM/BUILD
+ cd /usr/src/RPM/BUILD
+ cd /usr/src/RPM/BUILD
+ rm -rf python3-module-sphinxcontrib-jsmath-1.0.1
+ echo 'Source #0 (python3-module-sphinxcontrib-jsmath-1.0.1.tar):'
Source #0 (python3-module-sphinxcontrib-jsmath-1.0.1.tar):
+ /bin/tar -xf /usr/src/RPM/SOURCES/python3-module-sphinxcontrib-jsmath-1.0.1.tar
+ cd python3-module-sphinxcontrib-jsmath-1.0.1
+ /bin/chmod -c -Rf u+rwX,go-w .
+ echo 'Patch #0 (sphinx5.patch):'
Patch #0 (sphinx5.patch):
+ /usr/bin/patch -p1
patching file tests/test_jsmath.py
+ exit 0
Executing(%build): /bin/sh -e /usr/src/tmp/rpm-tmp.62100
+ umask 022
+ /bin/mkdir -p /usr/src/RPM/BUILD
+ cd /usr/src/RPM/BUILD
+ cd python3-module-sphinxcontrib-jsmath-1.0.1
+ export 'CFLAGS=-pipe -frecord-gcc-switches -Wall -g -O2 -flto=auto'
+ CFLAGS='-pipe -frecord-gcc-switches -Wall -g -O2 -flto=auto'
+ export 'CXXFLAGS=-pipe -frecord-gcc-switches -Wall -g -O2 -flto=auto'
+ CXXFLAGS='-pipe -frecord-gcc-switches -Wall -g -O2 -flto=auto'
+ export 'FFLAGS=-pipe -frecord-gcc-switches -Wall -g -O2 -flto=auto'
+ FFLAGS='-pipe -frecord-gcc-switches -Wall -g -O2 -flto=auto'
+ /usr/bin/python3 -m pyproject_installer -v build
INFO     : pyproject_installer.build_cmd._build : Building wheel
INFO     : pyproject_installer.build_cmd._build : Source tree: /usr/src/RPM/BUILD/python3-module-sphinxcontrib-jsmath-1.0.1
INFO     : pyproject_installer.build_cmd._build : Output dir: /usr/src/RPM/BUILD/python3-module-sphinxcontrib-jsmath-1.0.1/dist
DEBUG    : pyproject_installer.lib.build_backend : Validating source path
DEBUG    : pyproject_installer.lib.build_backend : Checking for PEP517 spec
INFO     : pyproject_installer.lib.build_backend : pyproject.toml was not found, using defaults
INFO     : backend_caller.py : Calling hook build_wheel in subprocess
INFO     : backend_caller.py : Build backend: setuptools.build_meta:__legacy__
INFO     : backend_caller.py : Hook args: ['/usr/src/RPM/BUILD/python3-module-sphinxcontrib-jsmath-1.0.1/dist']
INFO     : backend_caller.py : Hook kwargs: {'config_settings': None}
/usr/lib64/python3/site-packages/setuptools/dist.py:808: SetuptoolsDeprecationWarning: The namespace_packages parameter is deprecated.
!!

        ********************************************************************************
        Please replace its usage with implicit namespaces (PEP 420).

        See https://setuptools.pypa.io/en/latest/references/keywords.html#keyword-namespace-packages for details.
        ********************************************************************************

!!
  ep.load()(self, ep.name, value)
/usr/lib64/python3/site-packages/setuptools/dist.py:761: SetuptoolsDeprecationWarning: License classifiers are deprecated.
!!

        ********************************************************************************
        Please consider removing the following classifiers in favor of a SPDX license expression:

        License :: OSI Approved :: BSD License

        See https://packaging.python.org/en/latest/guides/writing-pyproject-toml/#license for details.
        ********************************************************************************

!!
  self._finalize_license_expression()
INFO     : root : running bdist_wheel
/usr/lib64/python3/site-packages/setuptools/_distutils/cmd.py:135: SetuptoolsDeprecationWarning: bdist_wheel.universal is deprecated
!!

        ********************************************************************************
        With Python 2.7 end-of-life, support for building universal wheels
        (i.e., wheels that support both Python 2 and Python 3)
        is being obviated.
        Please discontinue using this option, or if you still need it,
        file an issue with pypa/setuptools describing your use case.

        By 2025-Aug-30, you need to update your project and remove deprecated calls
        or your builds will no longer be supported.
        ********************************************************************************

!!
  self.finalize_options()
INFO     : root : running build
INFO     : root : running build_py
INFO     : root : creating build/lib/sphinxcontrib
INFO     : root : copying sphinxcontrib/__init__.py -> build/lib/sphinxcontrib
INFO     : root : creating build/lib/sphinxcontrib/jsmath
INFO     : root : copying sphinxcontrib/jsmath/version.py -> build/lib/sphinxcontrib/jsmath
INFO     : root : copying sphinxcontrib/jsmath/__init__.py -> build/lib/sphinxcontrib/jsmath
INFO     : root : running egg_info
INFO     : root : creating sphinxcontrib_jsmath.egg-info
INFO     : root : writing sphinxcontrib_jsmath.egg-info/PKG-INFO
INFO     : root : writing dependency_links to sphinxcontrib_jsmath.egg-info/dependency_links.txt
INFO     : root : writing namespace_packages to sphinxcontrib_jsmath.egg-info/namespace_packages.txt
INFO     : root : writing requirements to sphinxcontrib_jsmath.egg-info/requires.txt
INFO     : root : writing top-level names to sphinxcontrib_jsmath.egg-info/top_level.txt
INFO     : root : writing manifest file 'sphinxcontrib_jsmath.egg-info/SOURCES.txt'
INFO     : root : reading manifest file 'sphinxcontrib_jsmath.egg-info/SOURCES.txt'
INFO     : root : reading manifest template 'MANIFEST.in'
INFO     : root : adding license file 'LICENSE'
INFO     : root : writing manifest file 'sphinxcontrib_jsmath.egg-info/SOURCES.txt'
INFO     : root : installing to build/bdist.linux-x86_64/wheel
INFO     : root : running install
INFO     : root : running install_lib
WARNING  : root : Skipping installation of build/bdist.linux-x86_64/wheel/./sphinxcontrib/__init__.py (namespace package)
INFO     : root : copying sphinxcontrib/jsmath/__init__.py -> build/bdist.linux-x86_64/wheel/./sphinxcontrib/jsmath
INFO     : root : copying sphinxcontrib/jsmath/version.py -> build/bdist.linux-x86_64/wheel/./sphinxcontrib/jsmath
INFO     : root : running install_egg_info
INFO     : root : Copying sphinxcontrib_jsmath.egg-info to build/bdist.linux-x86_64/wheel/./sphinxcontrib_jsmath-1.0.1.dev20250516-py3.12.egg-info
INFO     : root : Installing build/bdist.linux-x86_64/wheel/./sphinxcontrib_jsmath-1.0.1.dev20250516-py3.12-nspkg.pth
INFO     : root : running install_scripts
INFO     : root : creating build/bdist.linux-x86_64/wheel/sphinxcontrib_jsmath-1.0.1.dev20250516.dist-info/WHEEL
INFO     : wheel : creating '/usr/src/RPM/BUILD/python3-module-sphinxcontrib-jsmath-1.0.1/dist/.tmp-4x79ls08/sphinxcontrib_jsmath-1.0.1.dev20250516-py2.py3-none-any.whl' and adding 'build/bdist.linux-x86_64/wheel' to it
INFO     : wheel : adding 'sphinxcontrib_jsmath-1.0.1.dev20250516-py3.12-nspkg.pth'
INFO     : wheel : adding 'sphinxcontrib/jsmath/__init__.py'
INFO     : wheel : adding 'sphinxcontrib/jsmath/version.py'
INFO     : wheel : adding 'sphinxcontrib_jsmath-1.0.1.dev20250516.dist-info/licenses/LICENSE'
INFO     : wheel : adding 'sphinxcontrib_jsmath-1.0.1.dev20250516.dist-info/METADATA'
INFO     : wheel : adding 'sphinxcontrib_jsmath-1.0.1.dev20250516.dist-info/WHEEL'
INFO     : wheel : adding 'sphinxcontrib_jsmath-1.0.1.dev20250516.dist-info/namespace_packages.txt'
INFO     : wheel : adding 'sphinxcontrib_jsmath-1.0.1.dev20250516.dist-info/top_level.txt'
INFO     : wheel : adding 'sphinxcontrib_jsmath-1.0.1.dev20250516.dist-info/RECORD'
INFO     : root : removing build/bdist.linux-x86_64/wheel
INFO     : pyproject_installer.build_cmd._build : Built wheel: sphinxcontrib_jsmath-1.0.1.dev20250516-py2.py3-none-any.whl
+ exit 0
Executing(%install): /bin/sh -e /usr/src/tmp/rpm-tmp.62100
+ umask 022
+ /bin/mkdir -p /usr/src/RPM/BUILD
+ cd /usr/src/RPM/BUILD
+ /bin/chmod -Rf u+rwX -- /usr/src/tmp/python3-module-sphinxcontrib-jsmath-buildroot
+ :
+ /bin/rm -rf -- /usr/src/tmp/python3-module-sphinxcontrib-jsmath-buildroot
+ PATH=/usr/libexec/rpm-build:/usr/src/bin:/usr/bin:/bin:/usr/local/bin:/usr/games
+ cd python3-module-sphinxcontrib-jsmath-1.0.1
+ /usr/bin/python3 -m pyproject_installer -v install --destdir=/usr/src/tmp/python3-module-sphinxcontrib-jsmath-buildroot
INFO     : pyproject_installer.install_cmd._install : Installing wheel
INFO     : pyproject_installer.install_cmd._install : Wheel directory: /usr/src/RPM/BUILD/python3-module-sphinxcontrib-jsmath-1.0.1/dist
INFO     : pyproject_installer.install_cmd._install : Wheel filename: sphinxcontrib_jsmath-1.0.1.dev20250516-py2.py3-none-any.whl
INFO     : pyproject_installer.install_cmd._install : Destination: /usr/src/tmp/python3-module-sphinxcontrib-jsmath-buildroot
DEBUG    : pyproject_installer.lib.wheel : Parsing wheel filename
DEBUG    : pyproject_installer.lib.wheel : Validating wheel file
DEBUG    : pyproject_installer.lib.wheel : Validating wheel spec version
DEBUG    : pyproject_installer.lib.wheel : Parsing wheel spec metadata
DEBUG    : pyproject_installer.lib.wheel : Validating RECORD
INFO     : pyproject_installer.install_cmd._install : Wheel installation root: /usr/src/tmp/python3-module-sphinxcontrib-jsmath-buildroot/usr/lib/python3/site-packages
INFO     : pyproject_installer.install_cmd._install : Extracting wheel
DEBUG    : pyproject_installer.install_cmd._install : Filtering out not allowed file: sphinxcontrib_jsmath-1.0.1.dev20250516.dist-info/licenses/LICENSE
DEBUG    : pyproject_installer.install_cmd._install : Filtering out not allowed file: sphinxcontrib_jsmath-1.0.1.dev20250516.dist-info/WHEEL
DEBUG    : pyproject_installer.install_cmd._install : Filtering out not allowed file: sphinxcontrib_jsmath-1.0.1.dev20250516.dist-info/namespace_packages.txt
DEBUG    : pyproject_installer.install_cmd._install : Filtering out not allowed file: sphinxcontrib_jsmath-1.0.1.dev20250516.dist-info/top_level.txt
DEBUG    : pyproject_installer.install_cmd._install : Filtering out not allowed file: sphinxcontrib_jsmath-1.0.1.dev20250516.dist-info/RECORD
INFO     : pyproject_installer.install_cmd._install : Wheel was installed
+ /usr/lib/rpm/brp-alt
Cleaning files in /usr/src/tmp/python3-module-sphinxcontrib-jsmath-buildroot (auto)
Verifying and fixing files in /usr/src/tmp/python3-module-sphinxcontrib-jsmath-buildroot (binconfig,pkgconfig,libtool,desktop,gnuconfig)
Checking contents of files in /usr/src/tmp/python3-module-sphinxcontrib-jsmath-buildroot/ (default)
Compressing files in /usr/src/tmp/python3-module-sphinxcontrib-jsmath-buildroot (auto)
Adjusting library links in /usr/src/tmp/python3-module-sphinxcontrib-jsmath-buildroot
./usr/lib: (from <cmdline>:0)
Verifying ELF objects in /usr/src/tmp/python3-module-sphinxcontrib-jsmath-buildroot (arch=normal,fhs=normal,lfs=relaxed,lint=relaxed,rpath=normal,stack=normal,textrel=normal,unresolved=normal)
Splitting links to aliased files under /{,s}bin in /usr/src/tmp/python3-module-sphinxcontrib-jsmath-buildroot
Bytecompiling python3 modules in /usr/src/tmp/python3-module-sphinxcontrib-jsmath-buildroot using /usr/bin/python3
compile /usr/src/tmp/python3-module-sphinxcontrib-jsmath-buildroot/usr/lib/python3/site-packages/sphinxcontrib/jsmath/__init__.py
compile /usr/src/tmp/python3-module-sphinxcontrib-jsmath-buildroot/usr/lib/python3/site-packages/sphinxcontrib/jsmath/version.py
Bytecompiling python3 modules with optimization in /usr/src/tmp/python3-module-sphinxcontrib-jsmath-buildroot using /usr/bin/python3 -O
compile /usr/src/tmp/python3-module-sphinxcontrib-jsmath-buildroot/usr/lib/python3/site-packages/sphinxcontrib/jsmath/__init__.py
compile /usr/src/tmp/python3-module-sphinxcontrib-jsmath-buildroot/usr/lib/python3/site-packages/sphinxcontrib/jsmath/version.py
Bytecompiling python3 modules with optimization-2 in /usr/src/tmp/python3-module-sphinxcontrib-jsmath-buildroot using /usr/bin/python3 -OO
compile /usr/src/tmp/python3-module-sphinxcontrib-jsmath-buildroot/usr/lib/python3/site-packages/sphinxcontrib/jsmath/__init__.py
compile /usr/src/tmp/python3-module-sphinxcontrib-jsmath-buildroot/usr/lib/python3/site-packages/sphinxcontrib/jsmath/version.py
Hardlinking identical .pyc and .opt-?.pyc files
'./usr/lib/python3/site-packages/sphinxcontrib/jsmath/__pycache__/__init__.cpython-312.opt-1.pyc' => './usr/lib/python3/site-packages/sphinxcontrib/jsmath/__pycache__/__init__.cpython-312.pyc'
'./usr/lib/python3/site-packages/sphinxcontrib/jsmath/__pycache__/version.cpython-312.opt-1.pyc' => './usr/lib/python3/site-packages/sphinxcontrib/jsmath/__pycache__/version.cpython-312.pyc'
Executing(%check): /bin/sh -e /usr/src/tmp/rpm-tmp.56172
+ umask 022
+ /bin/mkdir -p /usr/src/RPM/BUILD
+ cd /usr/src/RPM/BUILD
+ cd python3-module-sphinxcontrib-jsmath-1.0.1
++ cat ./dist/.wheeltracker
+ _tox_wheel=sphinxcontrib_jsmath-1.0.1.dev20250516-py2.py3-none-any.whl
+ export NO_INTERNET=YES
+ NO_INTERNET=YES
+ export PIP_NO_BUILD_ISOLATION=NO
+ PIP_NO_BUILD_ISOLATION=NO
+ export PIP_NO_INDEX=YES
+ PIP_NO_INDEX=YES
+ export TOXENV=py3
+ TOXENV=py3
+ export TOX_TESTENV_PASSENV=NO_INTERNET
+ TOX_TESTENV_PASSENV=NO_INTERNET
+ export VIRTUALENV_SYSTEM_SITE_PACKAGES=YES
+ VIRTUALENV_SYSTEM_SITE_PACKAGES=YES
+ /usr/bin/tox.py3 --sitepackages -vr -s false --no-deps --console-scripts --installpkg=./dist/sphinxcontrib_jsmath-1.0.1.dev20250516-py2.py3-none-any.whl
py3: relaxing dependencies for test env: py3
py3: passing additional environment variables for test env py3: NO_INTERNET
flake8: relaxing dependencies for test env: flake8
flake8: passing additional environment variables for test env flake8: NO_INTERNET
mypy: relaxing dependencies for test env: mypy
mypy: passing additional environment variables for test env mypy: NO_INTERNET
py35: relaxing dependencies for test env: py35
py35: passing additional environment variables for test env py35: NO_INTERNET
py36: relaxing dependencies for test env: py36
py36: passing additional environment variables for test env py36: NO_INTERNET
py37: relaxing dependencies for test env: py37
py37: passing additional environment variables for test env py37: NO_INTERNET
py38: relaxing dependencies for test env: py38
py38: passing additional environment variables for test env py38: NO_INTERNET
.pkg_external: remove tox env folder /usr/src/RPM/BUILD/python3-module-sphinxcontrib-jsmath-1.0.1/.tox/.pkg_external
.pkg_external_sdist_meta: remove tox env folder /usr/src/RPM/BUILD/python3-module-sphinxcontrib-jsmath-1.0.1/.tox/.pkg_external_sdist_meta
py3: find interpreter for spec PythonSpec(major=3, free_threaded=False)
py3: proposed PythonInfo(spec=CPython3.12.10.final.0-64, exe=/usr/bin/python3, platform=linux, version='3.12.10 (main, Apr 16 2025, 11:02:44) [GCC 14.2.1 20241028 (ALT Sisyphus 14.2.1-alt1)]', encoding_fs_io=utf-8-utf-8)
py3: create virtual environment via CPython3Posix(dest=/usr/src/RPM/BUILD/python3-module-sphinxcontrib-jsmath-1.0.1/.tox/py3, clear=False, no_vcs_ignore=False, global=True)
py3: add seed packages via FromAppData(download=False, pip=bundle, via=copy, app_data_dir=/usr/src/.local/share/virtualenv)
py3: add activators for Bash, CShell, Fish, Nushell, PowerShell, Python
py3: installing console scripts
py3: generating console scripts of system packages
py3: generating console scripts of user packages
.pkg_external: find interpreter for spec PythonSpec(path=/usr/bin/python3)
.pkg_external: proposed PythonInfo(spec=CPython3.12.10.final.0-64, exe=/usr/bin/python3, platform=linux, version='3.12.10 (main, Apr 16 2025, 11:02:44) [GCC 14.2.1 20241028 (ALT Sisyphus 14.2.1-alt1)]', encoding_fs_io=utf-8-utf-8)
.pkg_external: create virtual environment via CPython3Posix(dest=/usr/src/RPM/BUILD/python3-module-sphinxcontrib-jsmath-1.0.1/.tox/.pkg_external, clear=False, no_vcs_ignore=False, global=True)
.pkg_external: add seed packages via FromAppData(download=False, pip=bundle, via=copy, app_data_dir=/usr/src/.local/share/virtualenv)
.pkg_external: add activators for Bash, CShell, Fish, Nushell, PowerShell, Python
py3: install_package> python -I -m pip install --force-reinstall --no-deps /usr/src/RPM/BUILD/python3-module-sphinxcontrib-jsmath-1.0.1/dist/sphinxcontrib_jsmath-1.0.1.dev20250516-py2.py3-none-any.whl
py3: exit 0 (0.71 seconds) /usr/src/RPM/BUILD/python3-module-sphinxcontrib-jsmath-1.0.1> python -I -m pip install --force-reinstall --no-deps /usr/src/RPM/BUILD/python3-module-sphinxcontrib-jsmath-1.0.1/dist/sphinxcontrib_jsmath-1.0.1.dev20250516-py2.py3-none-any.whl pid=118896
py3: commands[0]> pytest --durations 25
============================= test session starts ==============================
platform linux -- Python 3.12.10, pytest-8.3.5, pluggy-1.5.0
cachedir: .tox/py3/.pytest_cache
rootdir: /usr/src/RPM/BUILD/python3-module-sphinxcontrib-jsmath-1.0.1
collected 3 items

tests/test_jsmath.py ..F                                                 [100%]

=================================== FAILURES ===================================
____________________ test_disabled_when_equations_not_found ____________________

app = <SphinxTestApp buildername='html'>
status = <_io.StringIO object at 0x7f2272513700>
warning = <_io.StringIO object at 0x7f2272753dc0>

    @pytest.mark.sphinx('html', testroot='nomath')
    def test_disabled_when_equations_not_found(app, status, warning):
        app.builder.build_all()
    
        content = (app.outdir / 'index.html').read_text()
>       assert 'jsmath.js' not in content
E       assert 'jsmath.js' not in '<!DOCTYPE h...dy>\n</html>'
E         
E         'jsmath.js' is contained here:
E           "/path/to/jsmath.js"></script>
E         ?           +++++++++
E               <link rel="index" title="Index" href="genindex.html" />
E               <link rel="search" title="Search" href="search.html" /> 
E             </head><body>...
E         
E         ...Full output truncated (64 lines hidden), use '-vv' to show

tests/test_jsmath.py:56: AssertionError
--------------------------- Captured stdout teardown ---------------------------
# testroot: root
# builder: html
# srcdir: /usr/src/tmp/pytest-of-builder/pytest-0/nomath
# outdir: /usr/src/tmp/pytest-of-builder/pytest-0/nomath/_build/html
# status: 
[01mRunning Sphinx v8.2.1[39;49;00m
[01mloading translations [en]... [39;49;00mdone
[01mbuilding [mo]: [39;49;00mall of 0 po files
[01mwriting output... [39;49;00m
[01mbuilding [html]: [39;49;00mall source files
[01mupdating environment: [39;49;00m[new config] 1 added, 0 changed, 0 removed
[01mreading sources... [39;49;00m[100%] [35mindex[39;49;00m

[01mlooking for now-outdated files... [39;49;00mnone found
[01mpickling environment... [39;49;00mdone
[01mchecking consistency... [39;49;00mdone
[01mpreparing documents... [39;49;00mdone
[01mcopying assets... [39;49;00m
[01mcopying static files... [39;49;00m
Writing evaluated template result to /usr/src/tmp/pytest-of-builder/pytest-0/nomath/_build/html/_static/language_data.js
Writing evaluated template result to /usr/src/tmp/pytest-of-builder/pytest-0/nomath/_build/html/_static/documentation_options.js
Writing evaluated template result to /usr/src/tmp/pytest-of-builder/pytest-0/nomath/_build/html/_static/basic.css
[01mcopying static files: [39;49;00mdone
[01mcopying extra files... [39;49;00m
[01mcopying extra files: [39;49;00mdone
[01mcopying assets: [39;49;00mdone
[01mwriting output... [39;49;00m[100%] [32mindex[39;49;00m

[01mgenerating indices... [39;49;00mgenindex done
[01mwriting additional pages... [39;49;00msearch done
[01mdumping search index in English (code: en)... [39;49;00mdone
[01mdumping object inventory... [39;49;00mdone

# warning: 

=============================== warnings summary ===============================
tests/conftest.py:11
  /usr/src/RPM/BUILD/python3-module-sphinxcontrib-jsmath-1.0.1/tests/conftest.py:11: RemovedInSphinx90Warning: 'sphinx.testing.path' is deprecated. Use 'os.path' or 'pathlib' instead.
    from sphinx.testing.path import path

-- Docs: https://docs.pytest.org/en/stable/how-to/capture-warnings.html
============================= slowest 25 durations =============================
0.44s setup    tests/test_jsmath.py::test_basic
0.08s call     tests/test_jsmath.py::test_basic
0.07s call     tests/test_jsmath.py::test_numfig_enabled
0.06s call     tests/test_jsmath.py::test_disabled_when_equations_not_found
0.02s setup    tests/test_jsmath.py::test_numfig_enabled
0.02s setup    tests/test_jsmath.py::test_disabled_when_equations_not_found

(3 durations < 0.005s hidden.  Use -vv to show these durations.)
=========================== short test summary info ============================
FAILED tests/test_jsmath.py::test_disabled_when_equations_not_found - assert ...
==================== 1 failed, 2 passed, 1 warning in 0.79s ====================
py3: exit 1 (1.16 seconds) /usr/src/RPM/BUILD/python3-module-sphinxcontrib-jsmath-1.0.1> pytest --durations 25 pid=127863
  py3: FAIL code 1 (2.08=setup[0.91]+cmd[1.16] seconds)
  evaluation failed :( (2.16 seconds)
error: Bad exit status from /usr/src/tmp/rpm-tmp.56172 (%check)


RPM build errors:
    Bad exit status from /usr/src/tmp/rpm-tmp.56172 (%check)
Command exited with non-zero status 1
2.73user 0.79system 0:03.48elapsed 101%CPU (0avgtext+0avgdata 72212maxresident)k
0inputs+0outputs (0major+135572minor)pagefaults 0swaps
hsh-rebuild: rebuild of `python3-module-sphinxcontrib-jsmath-1.0.1-alt2.src.rpm' failed.
Command exited with non-zero status 1
6.24user 3.69system 0:21.64elapsed 45%CPU (0avgtext+0avgdata 140480maxresident)k
3088inputs+0outputs (0major+362294minor)pagefaults 0swaps
