<86>May 10 10:03:15 userdel[3312737]: delete user 'rooter'
<86>May 10 10:03:15 groupadd[3312757]: group added to /etc/group: name=rooter, GID=1865
<86>May 10 10:03:15 groupadd[3312757]: group added to /etc/gshadow: name=rooter
<86>May 10 10:03:15 groupadd[3312757]: new group: name=rooter, GID=1865
<86>May 10 10:03:15 useradd[3312796]: new user: name=rooter, UID=1865, GID=1865, home=/root, shell=/bin/bash, from=none
<86>May 10 10:03:15 userdel[3312841]: delete user 'builder'
<86>May 10 10:03:15 userdel[3312841]: removed shadow group 'builder' owned by 'builder'
<86>May 10 10:03:15 groupadd[3312884]: group added to /etc/group: name=builder, GID=1866
<86>May 10 10:03:15 groupadd[3312884]: group added to /etc/gshadow: name=builder
<86>May 10 10:03:15 groupadd[3312884]: new group: name=builder, GID=1866
<86>May 10 10:03:15 useradd[3312926]: new user: name=builder, UID=1866, GID=1866, home=/usr/src, shell=/bin/bash, from=none
<13>May 10 10:03:20 rpmi: libmpdec3-2.5.1-alt3 sisyphus+314490.500.5.1 1675432033 installed
<13>May 10 10:03:20 rpmi: libgdbm-1.8.3-alt10 sisyphus+346222.200.3.2 1716468406 installed
<13>May 10 10:03:20 rpmi: libexpat-2.7.1-alt1 sisyphus+379929.100.1.1 1743519386 installed
<13>May 10 10:03:20 rpmi: openssl-config-3.2.0-alt1 sisyphus+366659.140.4.1 1736956949 installed
<13>May 10 10:03:20 rpmi: libb2-0.98.1-alt1_1 sisyphus+291614.100.1.1 1638962878 installed
<13>May 10 10:03:20 rpmi: libp11-kit-1:0.25.5-alt1 sisyphus+352553.100.1.1 1720622586 installed
<13>May 10 10:03:20 rpmi: libtasn1-4.20.0-alt2 sisyphus+375829.100.1.1 1740299335 installed
<13>May 10 10:03:20 rpmi: rpm-macros-alternatives-0.5.3-alt1 sisyphus+371878.100.1.1 1737988822 installed
<13>May 10 10:03:20 rpmi: alternatives-0.5.3-alt1 sisyphus+371878.100.1.1 1737988822 installed
<13>May 10 10:03:20 rpmi: ca-certificates-2025.02.10-alt1 sisyphus+374228.100.4.1 1739265441 installed
<13>May 10 10:03:20 rpmi: ca-trust-0.2.0-alt1 sisyphus+344843.100.1.1 1712743326 installed
<13>May 10 10:03:20 rpmi: p11-kit-trust-1:0.25.5-alt1 sisyphus+352553.100.1.1 1720622586 installed
<13>May 10 10:03:20 rpmi: libcrypto3-3.3.3-alt1 sisyphus+374381.40.2.1 1739299702 installed
<13>May 10 10:03:20 rpmi: libssl3-3.3.3-alt1 sisyphus+374381.40.2.1 1739299702 installed
<13>May 10 10:03:20 rpmi: python3-3.12.10-alt1 sisyphus+381757.100.1.1 1744802963 installed
<13>May 10 10:03:21 rpmi: python3-base-3.12.10-alt1 sisyphus+381757.100.1.1 1744802963 installed
<13>May 10 10:03:21 rpmi: python3-module-py3dephell-0.3.1-alt1 sisyphus+365261.200.1.1 1734463433 installed
<13>May 10 10:03:21 rpmi: python3-module-pyproject-installer-0.5.5-alt2 sisyphus+366395.100.1.1 1735032014 installed
<13>May 10 10:03:21 rpmi: rpm-macros-pyproject-0.0.9-alt1 sisyphus+362541.300.2.1 1731671840 installed
<13>May 10 10:03:21 rpmi: tests-for-installed-python3-pkgs-0.1.28-alt1 sisyphus+375953.100.2.1 1740855713 installed
<13>May 10 10:03:21 rpmi: rpm-build-python3-0.1.28-alt1 sisyphus+375953.100.2.1 1740855713 installed
<13>May 10 10:03:21 rpmi: rpm-build-pyproject-0.0.9-alt1 sisyphus+362541.300.2.1 1731671840 installed
<13>May 10 10:03:25 rpmi: python3-module-system-seed-wheels-0.0.1-alt1 sisyphus+270533.400.6.1 1619683380 installed
<13>May 10 10:03:25 rpmi: python3-module-packaging-25.0-alt1 sisyphus+382195.100.1.1 1745223121 installed
<13>May 10 10:03:25 rpmi: python3-module-pluggy-1.5.0-alt1 sisyphus+345632.100.2.1 1713864244 installed
<13>May 10 10:03:25 rpmi: python3-module-platformdirs-4.3.7-alt1 sisyphus+378659.100.2.1 1742562597 installed
<13>May 10 10:03:25 rpmi: python3-module-filelock-3.18.0-alt1 sisyphus+377927.100.2.1 1741959375 installed
<13>May 10 10:03:25 rpmi: python3-module-pyproject-api-1.6.1-alt1 sisyphus+330404.60.15.1 1698684249 installed
<13>May 10 10:03:26 rpmi: python3-module-pip-wheel-25.0.1-alt1 sisyphus+374183.100.2.2 1739264653 installed
<13>May 10 10:03:26 rpmi: python3-module-setuptools-wheel-1:76.0.0-alt1 sisyphus+376369.200.10.1 1746626832 installed
<13>May 10 10:03:26 rpmi: python3-module-wheel-wheel-0.45.1-alt2 sisyphus+376369.34000.10.1 1746635900 installed
<13>May 10 10:03:26 rpmi: python3-module-system-seed-wheels-wheels-0.0.1-alt1 sisyphus+270533.400.6.1 1619683380 installed
<13>May 10 10:03:26 rpmi: python3-module-tomli-2.2.1-alt1 sisyphus+363592.100.1.1 1732803942 installed
<13>May 10 10:03:26 rpmi: python3-module-poetry-alt-namespace-0.0.1-alt1 sisyphus+306728.100.1.1 1663083685 installed
<13>May 10 10:03:26 rpmi: python3-module-lark-1.2.2-alt1 sisyphus+358322.100.1.1 1727258177 installed
<13>May 10 10:03:26 rpmi: python3-module-iniconfig-2.1.0-alt1 sisyphus+378658.100.2.1 1742493599 installed
<13>May 10 10:03:26 rpmi: python3-module-fastjsonschema-2.21.1-alt1 sisyphus+363956.100.1.1 1733217943 installed
<13>May 10 10:03:26 rpmi: python3-module-distlib-0.3.9-alt1 sisyphus+359423.100.1.1 1728557083 installed
<13>May 10 10:03:26 rpmi: python3-module-virtualenv-20.30.0-alt1 sisyphus+379870.100.2.1 1743506980 installed
<13>May 10 10:03:26 rpmi: python3-module-colorama-0.4.6-alt1 sisyphus+308971.100.1.1 1666698282 installed
<13>May 10 10:03:26 rpmi: python3-module-chardet-1:5.2.0-alt1 sisyphus+326284.100.2.1 1691056316 installed
<13>May 10 10:03:26 rpmi: python3-module-cachetools-5.5.2-alt1 sisyphus+375542.100.1.1 1740130789 installed
<13>May 10 10:03:26 rpmi: python3-module-tox-4.25.0-alt1 sisyphus+379466.100.1.1 1743153108 installed
<13>May 10 10:03:26 rpmi: python3-module-poetry-core-2.1.2-alt1 sisyphus+379774.100.1.1 1743417020 installed
<13>May 10 10:03:26 rpmi: python3-module-pytest-8.3.5-alt1 sisyphus+376824.100.2.1 1741167719 installed
<13>May 10 10:03:26 rpmi: python3-module-toml-0.10.2-alt4 sisyphus+373477.100.1.1 1738921937 installed
Building target platforms: i586
Building for target i586
Wrote: /usr/src/in/nosrpm/python3-module-sh-2.2.2-alt1.nosrc.rpm (w1.gzdio)
Installing python3-module-sh-2.2.2-alt1.src.rpm
Building target platforms: i586
Building for target i586
Executing(%prep): /bin/sh -e /usr/src/tmp/rpm-tmp.68838
+ umask 022
+ /bin/mkdir -p /usr/src/RPM/BUILD
+ cd /usr/src/RPM/BUILD
+ cd /usr/src/RPM/BUILD
+ rm -rf python3-module-sh-2.2.2
+ echo 'Source #0 (python3-module-sh-2.2.2.tar):'
Source #0 (python3-module-sh-2.2.2.tar):
+ /bin/tar -xf /usr/src/RPM/SOURCES/python3-module-sh-2.2.2.tar
+ cd python3-module-sh-2.2.2
+ /bin/chmod -c -Rf u+rwX,go-w .
+ /usr/bin/python3 -m pyproject_installer deps --depsconfig /usr/src/RPM/SOURCES/pyproject_deps.json show pep518
+ /usr/bin/python3 -m pyproject_installer deps --depsconfig /usr/src/RPM/SOURCES/pyproject_deps.json sync pep518 --verify --verify-exclude 'wheel$'
+ /usr/bin/python3 -m pyproject_installer deps --depsconfig /usr/src/RPM/SOURCES/pyproject_deps.json show pep517
+ /usr/bin/python3 -m pyproject_installer deps --depsconfig /usr/src/RPM/SOURCES/pyproject_deps.json sync pep517 --verify --verify-exclude 'wheel$'
+ /usr/bin/python3 -m pyproject_installer deps --depsconfig /usr/src/RPM/SOURCES/pyproject_deps.json show metadata
+ /usr/bin/python3 -m pyproject_installer deps --depsconfig /usr/src/RPM/SOURCES/pyproject_deps.json sync metadata --verify
INFO     : Building metadata
INFO     : Building metadata with prepare_metadata_for_build_wheel
INFO     : Source tree: /usr/src/RPM/BUILD/python3-module-sh-2.2.2
INFO     : Output dir: /usr/src/tmp/tmpz6j4mmut
+ /usr/bin/python3 -m pyproject_installer deps --depsconfig /usr/src/RPM/SOURCES/pyproject_deps.json show check
+ /usr/bin/python3 -m pyproject_installer deps --depsconfig /usr/src/RPM/SOURCES/pyproject_deps.json sync check --verify
+ exit 0
Executing(%build): /bin/sh -e /usr/src/tmp/rpm-tmp.64433
+ umask 022
+ /bin/mkdir -p /usr/src/RPM/BUILD
+ cd /usr/src/RPM/BUILD
+ cd python3-module-sh-2.2.2
+ export 'CFLAGS=-pipe -frecord-gcc-switches -Wall -g -O2 -flto=auto -march=i586 -mtune=generic'
+ CFLAGS='-pipe -frecord-gcc-switches -Wall -g -O2 -flto=auto -march=i586 -mtune=generic'
+ export 'CXXFLAGS=-pipe -frecord-gcc-switches -Wall -g -O2 -flto=auto -march=i586 -mtune=generic'
+ CXXFLAGS='-pipe -frecord-gcc-switches -Wall -g -O2 -flto=auto -march=i586 -mtune=generic'
+ export 'FFLAGS=-pipe -frecord-gcc-switches -Wall -g -O2 -flto=auto -march=i586 -mtune=generic'
+ FFLAGS='-pipe -frecord-gcc-switches -Wall -g -O2 -flto=auto -march=i586 -mtune=generic'
+ /usr/bin/python3 -m pyproject_installer -v build
INFO     : pyproject_installer.build_cmd._build : Building wheel
INFO     : pyproject_installer.build_cmd._build : Source tree: /usr/src/RPM/BUILD/python3-module-sh-2.2.2
INFO     : pyproject_installer.build_cmd._build : Output dir: /usr/src/RPM/BUILD/python3-module-sh-2.2.2/dist
DEBUG    : pyproject_installer.lib.build_backend : Validating source path
DEBUG    : pyproject_installer.lib.build_backend : Checking for PEP517 spec
DEBUG    : pyproject_installer.lib.build_backend : Parsing configuration file: /usr/src/RPM/BUILD/python3-module-sh-2.2.2/pyproject.toml
INFO     : backend_caller.py : Calling hook build_wheel in subprocess
INFO     : backend_caller.py : Build backend: poetry.core.masonry.api
INFO     : backend_caller.py : Hook args: ['/usr/src/RPM/BUILD/python3-module-sh-2.2.2/dist']
INFO     : backend_caller.py : Hook kwargs: {'config_settings': None}
INFO     : poetry.core.masonry.builders.wheel : Building wheel
DEBUG    : poetry.core.masonry.builders.builder : Adding: /usr/src/RPM/BUILD/python3-module-sh-2.2.2/sh.py
INFO     : poetry.core.masonry.builders.wheel : Built sh-2.2.2-py3-none-any.whl
INFO     : pyproject_installer.build_cmd._build : Built wheel: sh-2.2.2-py3-none-any.whl
+ exit 0
Executing(%install): /bin/sh -e /usr/src/tmp/rpm-tmp.64433
+ umask 022
+ /bin/mkdir -p /usr/src/RPM/BUILD
+ cd /usr/src/RPM/BUILD
+ /bin/chmod -Rf u+rwX -- /usr/src/tmp/python3-module-sh-buildroot
+ :
+ /bin/rm -rf -- /usr/src/tmp/python3-module-sh-buildroot
+ PATH=/usr/libexec/rpm-build:/usr/src/bin:/usr/bin:/bin:/usr/local/bin:/usr/games
+ cd python3-module-sh-2.2.2
+ /usr/bin/python3 -m pyproject_installer -v install --destdir=/usr/src/tmp/python3-module-sh-buildroot
INFO     : pyproject_installer.install_cmd._install : Installing wheel
INFO     : pyproject_installer.install_cmd._install : Wheel directory: /usr/src/RPM/BUILD/python3-module-sh-2.2.2/dist
INFO     : pyproject_installer.install_cmd._install : Wheel filename: sh-2.2.2-py3-none-any.whl
INFO     : pyproject_installer.install_cmd._install : Destination: /usr/src/tmp/python3-module-sh-buildroot
DEBUG    : pyproject_installer.lib.wheel : Parsing wheel filename
DEBUG    : pyproject_installer.lib.wheel : Validating wheel file
DEBUG    : pyproject_installer.lib.wheel : Validating wheel spec version
DEBUG    : pyproject_installer.lib.wheel : Parsing wheel spec metadata
DEBUG    : pyproject_installer.lib.wheel : Validating RECORD
INFO     : pyproject_installer.install_cmd._install : Wheel installation root: /usr/src/tmp/python3-module-sh-buildroot/usr/lib/python3/site-packages
INFO     : pyproject_installer.install_cmd._install : Extracting wheel
DEBUG    : pyproject_installer.install_cmd._install : Filtering out not allowed file: sh-2.2.2.dist-info/LICENSE.txt
DEBUG    : pyproject_installer.install_cmd._install : Filtering out not allowed file: sh-2.2.2.dist-info/WHEEL
DEBUG    : pyproject_installer.install_cmd._install : Filtering out not allowed file: sh-2.2.2.dist-info/RECORD
INFO     : pyproject_installer.install_cmd._install : Wheel was installed
+ /usr/lib/rpm/brp-alt
Cleaning files in /usr/src/tmp/python3-module-sh-buildroot (auto)
Verifying and fixing files in /usr/src/tmp/python3-module-sh-buildroot (binconfig,pkgconfig,libtool,desktop,gnuconfig)
Checking contents of files in /usr/src/tmp/python3-module-sh-buildroot/ (default)
Compressing files in /usr/src/tmp/python3-module-sh-buildroot (auto)
Adjusting library links in /usr/src/tmp/python3-module-sh-buildroot
./usr/lib: (from <cmdline>:0)
Verifying ELF objects in /usr/src/tmp/python3-module-sh-buildroot (arch=normal,fhs=normal,lfs=relaxed,lint=relaxed,rpath=normal,stack=normal,textrel=normal,unresolved=normal)
Splitting links to aliased files under /{,s}bin in /usr/src/tmp/python3-module-sh-buildroot
Bytecompiling python3 modules in /usr/src/tmp/python3-module-sh-buildroot using /usr/bin/python3
compile /usr/src/tmp/python3-module-sh-buildroot/usr/lib/python3/site-packages/sh.py
Bytecompiling python3 modules with optimization in /usr/src/tmp/python3-module-sh-buildroot using /usr/bin/python3 -O
compile /usr/src/tmp/python3-module-sh-buildroot/usr/lib/python3/site-packages/sh.py
Bytecompiling python3 modules with optimization-2 in /usr/src/tmp/python3-module-sh-buildroot using /usr/bin/python3 -OO
compile /usr/src/tmp/python3-module-sh-buildroot/usr/lib/python3/site-packages/sh.py
Hardlinking identical .pyc and .opt-?.pyc files
'./usr/lib/python3/site-packages/__pycache__/sh.cpython-312.opt-1.pyc' => './usr/lib/python3/site-packages/__pycache__/sh.cpython-312.pyc'
Executing(%check): /bin/sh -e /usr/src/tmp/rpm-tmp.43751
+ umask 022
+ /bin/mkdir -p /usr/src/RPM/BUILD
+ cd /usr/src/RPM/BUILD
+ cd python3-module-sh-2.2.2
+ export SH_TESTS_RUNNING=1
+ SH_TESTS_RUNNING=1
+ export 'CFLAGS=-pipe -frecord-gcc-switches -Wall -g -O2 -flto=auto -march=i586 -mtune=generic'
+ CFLAGS='-pipe -frecord-gcc-switches -Wall -g -O2 -flto=auto -march=i586 -mtune=generic'
+ export 'CXXFLAGS=-pipe -frecord-gcc-switches -Wall -g -O2 -flto=auto -march=i586 -mtune=generic'
+ CXXFLAGS='-pipe -frecord-gcc-switches -Wall -g -O2 -flto=auto -march=i586 -mtune=generic'
+ export 'FFLAGS=-pipe -frecord-gcc-switches -Wall -g -O2 -flto=auto -march=i586 -mtune=generic'
+ FFLAGS='-pipe -frecord-gcc-switches -Wall -g -O2 -flto=auto -march=i586 -mtune=generic'
+ export NO_INTERNET=YES
+ NO_INTERNET=YES
+ /usr/bin/python3 -m pyproject_installer run -- python3 -m pytest -ra -Wignore
INFO     : Creating venv
INFO     : Installing console scripts
INFO     : Installing package: /usr/src/RPM/BUILD/python3-module-sh-2.2.2/dist/sh-2.2.2-py3-none-any.whl
INFO     : Running command: ['/usr/src/RPM/BUILD/python3-module-sh-2.2.2/.run_venv/bin/python3', '-m', 'pyproject_installer', 'install', '/usr/src/RPM/BUILD/python3-module-sh-2.2.2/dist/sh-2.2.2-py3-none-any.whl']
INFO     : Running command: ['python3', '-m', 'pytest', '-ra', '-Wignore']
============================= test session starts ==============================
platform linux -- Python 3.12.10, pytest-8.3.5, pluggy-1.5.0
rootdir: /usr/src/RPM/BUILD/python3-module-sh-2.2.2
configfile: pyproject.toml
collected 183 items

tests/sh_test.py ....................................................... [ 30%]
................F..........s............................................ [ 69%]
........................................................                 [100%]

=================================== FAILURES ===================================
_____________________ FunctionalTests.test_general_signal ______________________

self = <tests.sh_test.FunctionalTests testMethod=test_general_signal>

        def test_general_signal(self):
            from signal import SIGINT
    
            py = create_tmp_test(
                """
    import sys
    import os
    import time
    import signal
    
    i = 0
    def sig_handler(sig, frame):
        global i
        i = 42
    
    signal.signal(signal.SIGINT, sig_handler)
    
    for _ in range(6):
        print(i)
        i += 1
        sys.stdout.flush()
        time.sleep(2)
    """
            )
    
            stdout = []
    
            def agg(line, stdin, process):
                line = line.strip()
                stdout.append(line)
                if line == "3":
                    process.signal(SIGINT)
                    return True
    
            p = python(py.name, _out=agg, _tee=True)
            p.wait()
    
            self.assertEqual(p.process.exit_code, 0)
>           self.assertEqual(str(p), "0\n1\n2\n3\n42\n43\n")
E           AssertionError: '0\n1\n2\n3\n43\n44\n' != '0\n1\n2\n3\n42\n43\n'
E             0
E             1
E             2
E             3
E           + 42
E             43
E           - 44

tests/sh_test.py:1693: AssertionError
=========================== short test summary info ============================
SKIPPED [1] tests/sh_test.py:2365: what's the best way to test a different '_encoding' special keywordargument?
FAILED tests/sh_test.py::FunctionalTests::test_general_signal - AssertionErro...
============= 1 failed, 181 passed, 1 skipped in 68.42s (0:01:08) ==============
INFO     : Command's result: FAILURE
INFO     : Command's error: Command '['python3', '-m', 'pytest', '-ra', '-Wignore']' returned non-zero exit status 1.
error: Bad exit status from /usr/src/tmp/rpm-tmp.43751 (%check)


RPM build errors:
    Bad exit status from /usr/src/tmp/rpm-tmp.43751 (%check)
Command exited with non-zero status 1
6.91user 3.22system 1:13.44elapsed 13%CPU (0avgtext+0avgdata 31936maxresident)k
0inputs+0outputs (0major+554439minor)pagefaults 0swaps
hsh-rebuild: rebuild of `python3-module-sh-2.2.2-alt1.src.rpm' failed.
Command exited with non-zero status 1
7.32user 4.81system 1:36.45elapsed 12%CPU (0avgtext+0avgdata 132916maxresident)k
800inputs+0outputs (0major+293239minor)pagefaults 0swaps
