<86>May 16 04:19:29 userdel[2482656]: delete user 'rooter'
<86>May 16 04:19:29 userdel[2482656]: removed group 'rooter' owned by 'rooter'
<86>May 16 04:19:29 userdel[2482656]: removed shadow group 'rooter' owned by 'rooter'
<86>May 16 04:19:29 groupadd[2482676]: group added to /etc/group: name=rooter, GID=1301
<86>May 16 04:19:29 groupadd[2482676]: group added to /etc/gshadow: name=rooter
<86>May 16 04:19:29 groupadd[2482676]: new group: name=rooter, GID=1301
<86>May 16 04:19:29 useradd[2482694]: new user: name=rooter, UID=1301, GID=1301, home=/root, shell=/bin/bash, from=none
<86>May 16 04:19:29 userdel[2482726]: delete user 'builder'
<86>May 16 04:19:29 userdel[2482726]: removed group 'builder' owned by 'builder'
<86>May 16 04:19:29 userdel[2482726]: removed shadow group 'builder' owned by 'builder'
<86>May 16 04:19:30 groupadd[2482744]: group added to /etc/group: name=builder, GID=1302
<86>May 16 04:19:30 groupadd[2482744]: group added to /etc/gshadow: name=builder
<86>May 16 04:19:30 groupadd[2482744]: new group: name=builder, GID=1302
<86>May 16 04:19:30 useradd[2482759]: new user: name=builder, UID=1302, GID=1302, home=/usr/src, shell=/bin/bash, from=none
<13>May 16 04:19:34 rpmi: libmpdec3-2.5.1-alt3 sisyphus+314490.500.5.1 1675432004 installed
<13>May 16 04:19:34 rpmi: libgdbm-1.8.3-alt10 sisyphus+346222.200.3.2 1716468404 installed
<13>May 16 04:19:34 rpmi: libexpat-2.7.1-alt1 sisyphus+379929.100.1.1 1743519381 installed
<13>May 16 04:19:34 rpmi: openssl-config-3.2.0-alt1 sisyphus+366659.140.4.1 1736956949 installed
<13>May 16 04:19:34 rpmi: libb2-0.98.1-alt1_1 sisyphus+291614.100.1.1 1638962877 installed
<13>May 16 04:19:34 rpmi: libp11-kit-1:0.25.5-alt1 sisyphus+352553.100.1.1 1720622573 installed
<13>May 16 04:19:34 rpmi: libtasn1-4.20.0-alt2 sisyphus+375829.100.1.1 1740299335 installed
<13>May 16 04:19:34 rpmi: rpm-macros-alternatives-0.5.3-alt1 sisyphus+371878.100.1.1 1737988822 installed
<13>May 16 04:19:34 rpmi: alternatives-0.5.3-alt1 sisyphus+371878.100.1.1 1737988822 installed
<13>May 16 04:19:34 rpmi: ca-certificates-2025.05.12-alt1 sisyphus+383903.200.2.1 1747060316 installed
<13>May 16 04:19:34 rpmi: ca-trust-0.2.0-alt1 sisyphus+344843.100.1.1 1712743326 installed
<13>May 16 04:19:34 rpmi: p11-kit-trust-1:0.25.5-alt1 sisyphus+352553.100.1.1 1720622573 installed
<13>May 16 04:19:34 rpmi: libcrypto3-3.3.3-alt1 sisyphus+374381.40.2.1 1739299401 installed
<13>May 16 04:19:34 rpmi: libssl3-3.3.3-alt1 sisyphus+374381.40.2.1 1739299401 installed
<13>May 16 04:19:35 rpmi: python3-3.12.10-alt1 sisyphus+381757.100.1.1 1744802808 installed
<13>May 16 04:19:35 rpmi: python3-base-3.12.10-alt1 sisyphus+381757.100.1.1 1744802808 installed
<13>May 16 04:19:35 rpmi: python3-module-py3dephell-0.3.1-alt1 sisyphus+365261.200.1.1 1734463433 installed
<13>May 16 04:19:35 rpmi: tests-for-installed-python3-pkgs-0.1.28-alt1 sisyphus+375953.100.2.1 1740855713 installed
<13>May 16 04:19:35 rpmi: rpm-build-python3-0.1.28-alt1 sisyphus+375953.100.2.1 1740855713 installed
<13>May 16 04:19:39 rpmi: python3-module-packaging-25.0-alt1 sisyphus+382195.100.1.1 1745223121 installed
<13>May 16 04:19:39 rpmi: python3-module-system-seed-wheels-0.0.1-alt1 sisyphus+270533.400.6.1 1619683425 installed
<13>May 16 04:19:39 rpmi: python3-module-pluggy-1.5.0-alt1 sisyphus+345632.100.2.1 1713864244 installed
<13>May 16 04:19:39 rpmi: python3-module-platformdirs-4.3.7-alt1 sisyphus+378659.100.2.1 1742562597 installed
<13>May 16 04:19:39 rpmi: python3-module-more-itertools-10.6.0-alt1 sisyphus+369595.100.2.1 1737017267 installed
<13>May 16 04:19:39 rpmi: python3-module-jaraco.functools-4.1.0-alt1.1 sisyphus+376369.24200.10.1 1746632566 installed
<13>May 16 04:19:39 rpmi: libidn2-2.3.7-alt1 sisyphus+339505.100.1.2 1706718968 installed
<13>May 16 04:19:39 rpmi: libnettle8-3.10.1-alt1 sisyphus+372008.100.1.1 1738078259 installed
<13>May 16 04:19:39 rpmi: python3-module-iniconfig-2.1.0-alt1 sisyphus+378658.100.2.1 1742493599 installed
<13>May 16 04:19:39 rpmi: python3-module-pytest-8.3.5-alt2 sisyphus+383865.100.1.1 1747039699 installed
<13>May 16 04:19:39 rpmi: python3-module-filelock-3.18.0-alt1 sisyphus+377927.100.2.1 1741959375 installed
<13>May 16 04:19:39 rpmi: python3-module-urllib3-2:2.4.0-alt1 sisyphus+381271.100.2.1 1744618213 installed
<13>May 16 04:19:39 rpmi: python3-module-idna-3.10-alt1 sisyphus+358681.100.1.1 1727701241 installed
<13>May 16 04:19:39 rpmi: python3-module-colorama-0.4.6-alt1 sisyphus+308971.100.1.1 1666698282 installed
<13>May 16 04:19:39 rpmi: libhogweed6-3.10.1-alt1 sisyphus+372008.100.1.1 1738078259 installed
<13>May 16 04:19:39 rpmi: libgnutls30-3.8.9-alt1 sisyphus+380042.200.2.1 1743618110 installed
<13>May 16 04:19:39 rpmi: libngtcp2.16-1.12.0-alt1 sisyphus+382655.200.1.1 1745743462 installed
<13>May 16 04:19:39 rpmi: libngtcp2_crypto_gnutls8-1.12.0-alt1 sisyphus+382655.200.1.1 1745743462 installed
<13>May 16 04:19:39 rpmi: python3-module-pip-wheel-25.1.1-alt1 sisyphus+384061.100.2.1 1747306475 installed
<13>May 16 04:19:39 rpmi: python3-module-setuptools-wheel-1:80.4.0-alt1 sisyphus+384059.100.2.1 1747240150 installed
<13>May 16 04:19:39 rpmi: python3-module-wheel-wheel-0.45.1-alt3 sisyphus+384059.500.2.1 1747240259 installed
<13>May 16 04:19:39 rpmi: python3-module-system-seed-wheels-wheels-0.0.1-alt1 sisyphus+270533.400.6.1 1619683425 installed
<13>May 16 04:19:39 rpmi: python3-module-pyproject-api-1.6.1-alt1 sisyphus+330404.60.15.1 1698684249 installed
<13>May 16 04:19:39 rpmi: python3-module-watchdog-6.0.0-alt1 sisyphus+361834.100.1.1 1730891538 installed
<13>May 16 04:19:39 rpmi: python3-module-termcolor-3.0.1-alt1 sisyphus+380388.100.1.1 1743763587 installed
<13>May 16 04:19:39 rpmi: python3-module-wheel-0.45.1-alt3 sisyphus+384059.500.2.1 1747240259 installed
<13>May 16 04:19:39 rpmi: python3-module-jaraco.context-6.0.1-alt1.1 sisyphus+376369.6200.10.1 1746628448 installed
<13>May 16 04:19:39 rpmi: python3-module-pyasn1-0.6.1-alt1 sisyphus+357301.100.1.1 1740397762 installed
<13>May 16 04:19:39 rpmi: python3-module-wcwidth-0.2.13-alt1 sisyphus+341792.100.2.1 1709543329 installed
<13>May 16 04:19:39 rpmi: python3-module-prettytable-2.1.0-alt1 sisyphus+269172.200.1.1 1617824839 installed
<13>May 16 04:19:39 rpmi: python3-module-docopt-0.6.2-alt3 sisyphus+277358.100.1.1 1625505697 installed
<13>May 16 04:19:39 rpmi: python3-module-distlib-0.3.9-alt1 sisyphus+359423.100.1.1 1728557083 installed
<13>May 16 04:19:39 rpmi: python3-module-virtualenv-20.30.0-alt1 sisyphus+379870.100.2.1 1743506980 installed
<13>May 16 04:19:39 rpmi: python3-module-six-1.17.0-alt1.1 sisyphus+373470.100.1.1 1738920023 installed
<13>May 16 04:19:39 rpmi: python3-module-dateutil-2.9.0.post0-alt1 sisyphus+378451.100.1.1 1742313746 installed
<13>May 16 04:19:39 rpmi: python3-module-tempora-5.8.0-alt1 sisyphus+368412.100.1.1 1736424788 installed
<13>May 16 04:19:39 rpmi: python3-module-charset-normalizer-3.2.0-alt1 sisyphus+347396.200.2.1 1714733155 installed
<13>May 16 04:19:40 rpmi: python3-module-requests-2.32.3-alt1 sisyphus+349946.100.1.1 1717059877 installed
<13>May 16 04:19:40 rpmi: python3-module-chardet-1:5.2.0-alt1 sisyphus+326284.100.2.1 1691056316 installed
<13>May 16 04:19:40 rpmi: python3-module-cachetools-5.5.2-alt1 sisyphus+375542.100.1.1 1740130789 installed
<13>May 16 04:19:40 rpmi: python3-module-tox-4.25.0-alt1 sisyphus+379466.100.1.1 1743153108 installed
<13>May 16 04:19:40 rpmi: python3-module-bson-4.13.0-alt1 sisyphus+384236.100.1.1 1747321919 installed
<13>May 16 04:19:40 rpmi: python3-module-bottle-1:0.12.25-alt1 sisyphus+316623.100.1.1 1678651894 installed
<13>May 16 04:19:40 rpmi: python3-module-autocommand-2.2.2-alt1.1 sisyphus+339714.100.1.1 1706968174 installed
<13>May 16 04:19:40 rpmi: python3-module-jaraco.text-4.0.0-alt1.1 sisyphus+376369.7300.10.1 1746628739 installed
<13>May 16 04:19:40 rpmi: python3-module-pkg_resources-1:80.4.0-alt1 sisyphus+384059.100.2.1 1747240150 installed
<13>May 16 04:19:40 rpmi: python3-module-attrs-25.3.0-alt1 sisyphus+378700.100.1.1 1742472992 installed
<13>May 16 04:19:40 rpmi: python3-module-argcomplete-3.6.2-alt1 sisyphus+380100.100.1.1 1743688705 installed
<13>May 16 04:19:40 rpmi: python3-module-apipkg-3.0.2-alt1.1 sisyphus+373179.100.1.1 1738684703 installed
<13>May 16 04:19:40 rpmi: python3-module-py-1.11.0-alt1 sisyphus+295927.100.2.1 1646050822 installed
<13>May 16 04:19:40 rpmi: python3-module-pycparser-2.22-alt1 sisyphus+378485.100.1.1 1742331206 installed
<13>May 16 04:19:40 rpmi: python3-module-cffi-1.17.1-alt1 sisyphus+357396.100.1.1 1726156476 installed
<13>May 16 04:19:40 rpmi: python3-module-cryptography-44.0.0-alt1 sisyphus+368451.100.1.1 1736436050 installed
<13>May 16 04:19:40 rpmi: python3-module-openssl-24.3.0-alt1 sisyphus+368451.200.1.1 1736436083 installed
<13>May 16 04:19:40 rpmi: python3-module-service_identity-24.2.0-alt1 sisyphus+362235.100.1.1 1731336596 installed
<13>May 16 04:19:40 rpmi: python3-module-pymongo-4.13.0-alt1 sisyphus+384236.100.1.1 1747321919 installed
<13>May 16 04:19:40 rpmi: python3-module-servicemanager-2.0.7-alt1 sisyphus+275998.100.1.1 1624811123 installed
<13>May 16 04:19:40 rpmi: python3-module-execnet-2.1.1-alt1 sisyphus+344737.100.1.1 1712657795 installed
<13>May 16 04:19:41 rpmi: mercurial-7.0.1-alt1 sisyphus+382790.100.2.2 1746550268 installed
<13>May 16 04:19:41 rpmi: libsqlite3-3.47.1-alt1 sisyphus+375553.2600.2.1 1740149712 installed
<13>May 16 04:19:41 rpmi: python3-modules-sqlite3-3.12.10-alt1 sisyphus+381757.100.1.1 1744802808 installed
<13>May 16 04:19:41 rpmi: python3-module-coverage-7.6.10-alt1 sisyphus+378449.100.1.1 1742313292 installed
<13>May 16 04:19:41 rpmi: libpython3-3.12.10-alt1 sisyphus+381757.100.1.1 1744802808 installed
<13>May 16 04:19:41 rpmi: libncurses6-6.3.20220618-alt4 sisyphus+327286.4600.14.1 1711486705 installed
<13>May 16 04:19:41 rpmi: libtinfo-devel-6.3.20220618-alt4 sisyphus+327286.4600.14.1 1711486705 installed
<13>May 16 04:19:41 rpmi: libncurses-devel-6.3.20220618-alt4 sisyphus+327286.4600.14.1 1711486705 installed
<13>May 16 04:19:42 rpmi: python3-dev-3.12.10-alt1 sisyphus+381757.100.1.1 1744802808 installed
<13>May 16 04:19:42 rpmi: python3-module-setuptools-1:80.4.0-alt1 sisyphus+384059.100.2.1 1747240150 installed
<13>May 16 04:19:42 rpmi: libssh2-1.11.0-alt2 sisyphus+339356.100.1.1 1706593137 installed
<13>May 16 04:19:42 rpmi: publicsuffix-list-dafsa-20250416-alt1 sisyphus+381887.100.1.1 1744900874 installed
<13>May 16 04:19:42 rpmi: libpsl-0.21.5-alt1 sisyphus+338474.100.1.1 1705684769 installed
<13>May 16 04:19:42 rpmi: libnghttp3.9-1.9.0-alt1 sisyphus+382655.100.1.1 1745743397 installed
<13>May 16 04:19:42 rpmi: libnghttp2-1.65.0-alt1 sisyphus+377060.100.1.1 1741259309 installed
<13>May 16 04:19:42 rpmi: openldap-common-2.6.9-alt2 sisyphus+367501.300.4.1 1735841751 installed
<13>May 16 04:19:42 rpmi: libntlm-1.5-alt2 sisyphus+379810.500.4.1 1743501147 installed
<13>May 16 04:19:42 rpmi: libidn-1.37-alt2 sisyphus+300849.100.1.1 1653769687 installed
<13>May 16 04:19:42 rpmi: libbrotlicommon-1.1.0-alt1 sisyphus+328501.100.1.1 1693598419 installed
<13>May 16 04:19:42 rpmi: libbrotlidec-1.1.0-alt1 sisyphus+328501.100.1.1 1693598419 installed
<13>May 16 04:19:42 rpmi: libxxhash-0.8.2-alt1 sisyphus+336514.200.7.1 1702672118 installed
<13>May 16 04:19:42 rpmi: liblz4-1:1.9.4-alt1 sisyphus+309416.100.1.1 1667412981 installed
<13>May 16 04:19:42 rpmi: rsync-3.2.7-alt3 sisyphus+372266.100.1.1 1738342240 installed
<13>May 16 04:19:42 rpmi: openssh-common-9.6p1-alt3 sisyphus+375192.100.1.1 1739876264 installed
<13>May 16 04:19:42 rpmi: libverto-0.3.2-alt1_1 sisyphus+321176.2200.10.2 1684803947 installed
<13>May 16 04:19:42 rpmi: liblmdb-0.9.33-alt1 sisyphus+360625.100.1.1 1729819640 installed
<13>May 16 04:19:42 rpmi: libkeyutils-1.6.3-alt1 sisyphus+346336.200.2.2 1716472658 installed
<13>May 16 04:19:42 rpmi: libcom_err-1.47.1.0.10.ad56-alt2 sisyphus+363497.200.3.1 1732729908 installed
<86>May 16 04:19:42 groupadd[2496884]: group added to /etc/group: name=_keytab, GID=999
<86>May 16 04:19:42 groupadd[2496884]: group added to /etc/gshadow: name=_keytab
<86>May 16 04:19:42 groupadd[2496884]: new group: name=_keytab, GID=999
<13>May 16 04:19:42 rpmi: libkrb5-1.21.3-alt2 sisyphus+351857.100.1.1 1719735141 installed
<13>May 16 04:19:42 rpmi: libgsasl18-2.2.1-alt2 sisyphus+359713.200.2.1 1728905430 installed
<86>May 16 04:19:42 groupadd[2497026]: group added to /etc/group: name=sasl, GID=998
<86>May 16 04:19:42 groupadd[2497026]: group added to /etc/gshadow: name=sasl
<86>May 16 04:19:42 groupadd[2497026]: new group: name=sasl, GID=998
<13>May 16 04:19:42 rpmi: libsasl2-3-2.1.28-alt2.1 sisyphus+367419.100.1.1 1735482560 installed
<13>May 16 04:19:42 rpmi: libldap2-2.6.9-alt2 sisyphus+367501.300.4.1 1735841751 installed
<13>May 16 04:19:42 rpmi: libcurl-8.13.0-alt1 sisyphus+380015.100.1.1 1743595100 installed
<13>May 16 04:19:42 rpmi: libedit3-3.1.20250104-alt1 sisyphus+384216.200.2.1 1747315147 installed
<86>May 16 04:19:42 groupadd[2497175]: group added to /etc/group: name=sshagent, GID=997
<86>May 16 04:19:42 groupadd[2497175]: group added to /etc/gshadow: name=sshagent
<86>May 16 04:19:42 groupadd[2497175]: new group: name=sshagent, GID=997
<13>May 16 04:19:42 rpmi: openssh-clients-9.6p1-alt3 sisyphus+375192.100.1.1 1739876264 installed
<13>May 16 04:19:42 rpmi: less-633-alt1 sisyphus+328181.300.2.1 1693321749 installed
<13>May 16 04:19:42 rpmi: diffstat-1.64-alt1 sisyphus+346132.200.3.2 1716466240 installed
<13>May 16 04:19:43 rpmi: git-core-2.42.4-alt1 sisyphus+369547.100.1.1 1736878350 installed
<13>May 16 04:19:43 rpmi: python3-module-setuptools_scm-8.3.1-alt1 sisyphus+384062.100.2.1 1747309818 installed
<13>May 16 04:19:43 rpmi: python3-module-pytest-cov-6.1.1-alt1 sisyphus+380698.100.1.1 1744020317 installed
<13>May 16 04:19:43 rpmi: python3-module-pytest-testmon-2.1.3-alt1 sisyphus+366311.100.1.1 1734951726 installed
<13>May 16 04:19:43 rpmi: python3-module-pytest-xdist-3.6.1-alt1 sisyphus+347405.100.1.1 1714737453 installed
<13>May 16 04:19:43 rpmi: python3-module-requests_toolbelt-1.0.0-alt3 sisyphus+338996.100.1.1 1706201427 installed
<13>May 16 04:19:43 rpmi: python3-module-trustme-1.2.1-alt1 sisyphus+367484.100.1.1 1735799253 installed
<13>May 16 04:19:43 rpmi: python3-module-pytest-forked-1.6.0-alt2 sisyphus+340567.100.1.1 1707818505 installed
<13>May 16 04:19:43 rpmi: python3-module-requests-unixsocket2-1.0.0-alt1 sisyphus+380392.100.1.1 1743766765 installed
<13>May 16 04:19:43 rpmi: python3-module-portend-3.2.0-alt1.1 sisyphus+373425.100.1.1 1738855149 installed
<13>May 16 04:19:43 rpmi: python3-module-pytest-watch-4.2.0-alt2 sisyphus+281111.100.1.2 1627369761 installed
<13>May 16 04:19:43 rpmi: python3-module-pytest-sugar-1.0.0-alt1 sisyphus+339657.100.2.1 1707131143 installed
<13>May 16 04:19:43 rpmi: python3-module-pytest-ignore-flaky-2.2.1-alt1 sisyphus+345628.100.1.1 1713788176 installed
<13>May 16 04:19:43 rpmi: python3-module-pytest-mock-3.14.0-alt1 sisyphus+343327.100.2.2 1711118794 installed
Building target platforms: x86_64
Building for target x86_64
Wrote: /usr/src/in/nosrpm/python3-module-cheroot-10.0.1-alt3.nosrc.rpm (w1.gzdio)
<13>May 16 04:19:45 rpmi: python3-module-pyproject-installer-0.5.5-alt2 sisyphus+366395.100.1.1 1735032014 installed
Installing python3-module-cheroot-10.0.1-alt3.src.rpm
Building target platforms: x86_64
Building for target x86_64
Executing(%prep): /bin/sh -e /usr/src/tmp/rpm-tmp.26483
+ umask 022
+ /bin/mkdir -p /usr/src/RPM/BUILD
+ cd /usr/src/RPM/BUILD
+ cd /usr/src/RPM/BUILD
+ rm -rf python3-module-cheroot-10.0.1
+ echo 'Source #0 (python3-module-cheroot-10.0.1.tar):'
Source #0 (python3-module-cheroot-10.0.1.tar):
+ /bin/tar -xf /usr/src/RPM/SOURCES/python3-module-cheroot-10.0.1.tar
+ cd python3-module-cheroot-10.0.1
+ /bin/chmod -c -Rf u+rwX,go-w .
+ echo 'Patch #0 (python3-module-cheroot-10.0.1-alt3.patch):'
Patch #0 (python3-module-cheroot-10.0.1-alt3.patch):
+ /usr/bin/patch -p1
patching file .gear/python3-module-cheroot.spec
patching file .gear/rules
patching file .gear/tags/67cfd5307678ca7cf2559724a6380c3b0e9e28ed
patching file .gear/tags/list
patching file .gear/upstream/remotes
patching file .gitignore
patching file cheroot/_compat.py
patching file cheroot/_compat.pyi
patching file cheroot/test/test_server.py
patching file cheroot/test/test_ssl.py
patching file cheroot/testing.py
patching file cheroot/workers/threadpool.py
patching file setup.cfg
patching file tox.ini
+ exit 0
Executing(%build): /bin/sh -e /usr/src/tmp/rpm-tmp.26483
+ umask 022
+ /bin/mkdir -p /usr/src/RPM/BUILD
+ cd /usr/src/RPM/BUILD
+ cd python3-module-cheroot-10.0.1
+ export SETUPTOOLS_SCM_PRETEND_VERSION=10.0.1
+ SETUPTOOLS_SCM_PRETEND_VERSION=10.0.1
+ export 'CFLAGS=-pipe -frecord-gcc-switches -Wall -g -O2 -flto=auto'
+ CFLAGS='-pipe -frecord-gcc-switches -Wall -g -O2 -flto=auto'
+ export 'CXXFLAGS=-pipe -frecord-gcc-switches -Wall -g -O2 -flto=auto'
+ CXXFLAGS='-pipe -frecord-gcc-switches -Wall -g -O2 -flto=auto'
+ export 'FFLAGS=-pipe -frecord-gcc-switches -Wall -g -O2 -flto=auto'
+ FFLAGS='-pipe -frecord-gcc-switches -Wall -g -O2 -flto=auto'
+ /usr/bin/python3 -m pyproject_installer -v build
INFO     : pyproject_installer.build_cmd._build : Building wheel
INFO     : pyproject_installer.build_cmd._build : Source tree: /usr/src/RPM/BUILD/python3-module-cheroot-10.0.1
INFO     : pyproject_installer.build_cmd._build : Output dir: /usr/src/RPM/BUILD/python3-module-cheroot-10.0.1/dist
DEBUG    : pyproject_installer.lib.build_backend : Validating source path
DEBUG    : pyproject_installer.lib.build_backend : Checking for PEP517 spec
DEBUG    : pyproject_installer.lib.build_backend : Parsing configuration file: /usr/src/RPM/BUILD/python3-module-cheroot-10.0.1/pyproject.toml
INFO     : backend_caller.py : Calling hook build_wheel in subprocess
INFO     : backend_caller.py : Build backend: setuptools.build_meta
INFO     : backend_caller.py : Hook args: ['/usr/src/RPM/BUILD/python3-module-cheroot-10.0.1/dist']
INFO     : backend_caller.py : Hook kwargs: {'config_settings': None}
/usr/lib64/python3/site-packages/setuptools/dist.py:761: SetuptoolsDeprecationWarning: License classifiers are deprecated.
!!

        ********************************************************************************
        Please consider removing the following classifiers in favor of a SPDX license expression:

        License :: OSI Approved :: BSD License

        See https://packaging.python.org/en/latest/guides/writing-pyproject-toml/#license for details.
        ********************************************************************************

!!
  self._finalize_license_expression()
INFO     : root : running bdist_wheel
INFO     : root : running build
INFO     : root : running build_py
INFO     : root : creating build/lib/cheroot
INFO     : root : copying cheroot/testing.py -> build/lib/cheroot
INFO     : root : copying cheroot/_compat.py -> build/lib/cheroot
INFO     : root : copying cheroot/wsgi.py -> build/lib/cheroot
INFO     : root : copying cheroot/server.py -> build/lib/cheroot
INFO     : root : copying cheroot/makefile.py -> build/lib/cheroot
INFO     : root : copying cheroot/errors.py -> build/lib/cheroot
INFO     : root : copying cheroot/connections.py -> build/lib/cheroot
INFO     : root : copying cheroot/cli.py -> build/lib/cheroot
INFO     : root : copying cheroot/__main__.py -> build/lib/cheroot
INFO     : root : copying cheroot/__init__.py -> build/lib/cheroot
INFO     : root : creating build/lib/cheroot/workers
INFO     : root : copying cheroot/workers/threadpool.py -> build/lib/cheroot/workers
INFO     : root : copying cheroot/workers/__init__.py -> build/lib/cheroot/workers
INFO     : root : creating build/lib/cheroot/test
INFO     : root : copying cheroot/test/test_ssl.py -> build/lib/cheroot/test
INFO     : root : copying cheroot/test/test_server.py -> build/lib/cheroot/test
INFO     : root : copying cheroot/test/webtest.py -> build/lib/cheroot/test
INFO     : root : copying cheroot/test/test_wsgi.py -> build/lib/cheroot/test
INFO     : root : copying cheroot/test/test_makefile.py -> build/lib/cheroot/test
INFO     : root : copying cheroot/test/test_errors.py -> build/lib/cheroot/test
INFO     : root : copying cheroot/test/test_dispatch.py -> build/lib/cheroot/test
INFO     : root : copying cheroot/test/test_core.py -> build/lib/cheroot/test
INFO     : root : copying cheroot/test/test_conn.py -> build/lib/cheroot/test
INFO     : root : copying cheroot/test/test_cli.py -> build/lib/cheroot/test
INFO     : root : copying cheroot/test/test__compat.py -> build/lib/cheroot/test
INFO     : root : copying cheroot/test/helper.py -> build/lib/cheroot/test
INFO     : root : copying cheroot/test/conftest.py -> build/lib/cheroot/test
INFO     : root : copying cheroot/test/_pytest_plugin.py -> build/lib/cheroot/test
INFO     : root : copying cheroot/test/__init__.py -> build/lib/cheroot/test
INFO     : root : creating build/lib/cheroot/ssl
INFO     : root : copying cheroot/ssl/pyopenssl.py -> build/lib/cheroot/ssl
INFO     : root : copying cheroot/ssl/builtin.py -> build/lib/cheroot/ssl
INFO     : root : copying cheroot/ssl/__init__.py -> build/lib/cheroot/ssl
INFO     : root : running egg_info
INFO     : root : creating cheroot.egg-info
INFO     : root : writing cheroot.egg-info/PKG-INFO
INFO     : root : writing dependency_links to cheroot.egg-info/dependency_links.txt
INFO     : root : writing entry points to cheroot.egg-info/entry_points.txt
INFO     : root : writing requirements to cheroot.egg-info/requires.txt
INFO     : root : writing top-level names to cheroot.egg-info/top_level.txt
INFO     : root : writing manifest file 'cheroot.egg-info/SOURCES.txt'
ERROR setuptools_scm._file_finders.git listing git files failed - pretending there aren't any
WARNING setuptools_scm._file_finders.git git archive detected - fallback to listing all files
INFO     : root : adding license file 'LICENSE.md'
INFO     : root : writing manifest file 'cheroot.egg-info/SOURCES.txt'
INFO     : root : copying cheroot/__init__.pyi -> build/lib/cheroot
INFO     : root : copying cheroot/_compat.pyi -> build/lib/cheroot
INFO     : root : copying cheroot/cli.pyi -> build/lib/cheroot
INFO     : root : copying cheroot/connections.pyi -> build/lib/cheroot
INFO     : root : copying cheroot/errors.pyi -> build/lib/cheroot
INFO     : root : copying cheroot/makefile.pyi -> build/lib/cheroot
INFO     : root : copying cheroot/py.typed -> build/lib/cheroot
INFO     : root : copying cheroot/server.pyi -> build/lib/cheroot
INFO     : root : copying cheroot/testing.pyi -> build/lib/cheroot
INFO     : root : copying cheroot/wsgi.pyi -> build/lib/cheroot
INFO     : root : copying cheroot/workers/__init__.pyi -> build/lib/cheroot/workers
INFO     : root : copying cheroot/workers/threadpool.pyi -> build/lib/cheroot/workers
INFO     : root : copying cheroot/ssl/__init__.pyi -> build/lib/cheroot/ssl
INFO     : root : copying cheroot/ssl/builtin.pyi -> build/lib/cheroot/ssl
INFO     : root : copying cheroot/ssl/pyopenssl.pyi -> build/lib/cheroot/ssl
INFO     : root : installing to build/bdist.linux-x86_64/wheel
INFO     : root : running install
INFO     : root : running install_lib
INFO     : root : creating build/bdist.linux-x86_64/wheel
INFO     : root : creating build/bdist.linux-x86_64/wheel/cheroot
INFO     : root : copying build/lib/cheroot/wsgi.pyi -> build/bdist.linux-x86_64/wheel/./cheroot
INFO     : root : copying build/lib/cheroot/testing.pyi -> build/bdist.linux-x86_64/wheel/./cheroot
INFO     : root : copying build/lib/cheroot/server.pyi -> build/bdist.linux-x86_64/wheel/./cheroot
INFO     : root : copying build/lib/cheroot/py.typed -> build/bdist.linux-x86_64/wheel/./cheroot
INFO     : root : copying build/lib/cheroot/makefile.pyi -> build/bdist.linux-x86_64/wheel/./cheroot
INFO     : root : copying build/lib/cheroot/errors.pyi -> build/bdist.linux-x86_64/wheel/./cheroot
INFO     : root : copying build/lib/cheroot/connections.pyi -> build/bdist.linux-x86_64/wheel/./cheroot
INFO     : root : copying build/lib/cheroot/cli.pyi -> build/bdist.linux-x86_64/wheel/./cheroot
INFO     : root : copying build/lib/cheroot/_compat.pyi -> build/bdist.linux-x86_64/wheel/./cheroot
INFO     : root : copying build/lib/cheroot/__init__.pyi -> build/bdist.linux-x86_64/wheel/./cheroot
INFO     : root : creating build/bdist.linux-x86_64/wheel/cheroot/ssl
INFO     : root : copying build/lib/cheroot/ssl/pyopenssl.pyi -> build/bdist.linux-x86_64/wheel/./cheroot/ssl
INFO     : root : copying build/lib/cheroot/ssl/builtin.pyi -> build/bdist.linux-x86_64/wheel/./cheroot/ssl
INFO     : root : copying build/lib/cheroot/ssl/__init__.pyi -> build/bdist.linux-x86_64/wheel/./cheroot/ssl
INFO     : root : copying build/lib/cheroot/ssl/__init__.py -> build/bdist.linux-x86_64/wheel/./cheroot/ssl
INFO     : root : copying build/lib/cheroot/ssl/builtin.py -> build/bdist.linux-x86_64/wheel/./cheroot/ssl
INFO     : root : copying build/lib/cheroot/ssl/pyopenssl.py -> build/bdist.linux-x86_64/wheel/./cheroot/ssl
INFO     : root : creating build/bdist.linux-x86_64/wheel/cheroot/test
INFO     : root : copying build/lib/cheroot/test/__init__.py -> build/bdist.linux-x86_64/wheel/./cheroot/test
INFO     : root : copying build/lib/cheroot/test/_pytest_plugin.py -> build/bdist.linux-x86_64/wheel/./cheroot/test
INFO     : root : copying build/lib/cheroot/test/conftest.py -> build/bdist.linux-x86_64/wheel/./cheroot/test
INFO     : root : copying build/lib/cheroot/test/helper.py -> build/bdist.linux-x86_64/wheel/./cheroot/test
INFO     : root : copying build/lib/cheroot/test/test__compat.py -> build/bdist.linux-x86_64/wheel/./cheroot/test
INFO     : root : copying build/lib/cheroot/test/test_cli.py -> build/bdist.linux-x86_64/wheel/./cheroot/test
INFO     : root : copying build/lib/cheroot/test/test_conn.py -> build/bdist.linux-x86_64/wheel/./cheroot/test
INFO     : root : copying build/lib/cheroot/test/test_core.py -> build/bdist.linux-x86_64/wheel/./cheroot/test
INFO     : root : copying build/lib/cheroot/test/test_dispatch.py -> build/bdist.linux-x86_64/wheel/./cheroot/test
INFO     : root : copying build/lib/cheroot/test/test_errors.py -> build/bdist.linux-x86_64/wheel/./cheroot/test
INFO     : root : copying build/lib/cheroot/test/test_makefile.py -> build/bdist.linux-x86_64/wheel/./cheroot/test
INFO     : root : copying build/lib/cheroot/test/test_wsgi.py -> build/bdist.linux-x86_64/wheel/./cheroot/test
INFO     : root : copying build/lib/cheroot/test/webtest.py -> build/bdist.linux-x86_64/wheel/./cheroot/test
INFO     : root : copying build/lib/cheroot/test/test_server.py -> build/bdist.linux-x86_64/wheel/./cheroot/test
INFO     : root : copying build/lib/cheroot/test/test_ssl.py -> build/bdist.linux-x86_64/wheel/./cheroot/test
INFO     : root : creating build/bdist.linux-x86_64/wheel/cheroot/workers
INFO     : root : copying build/lib/cheroot/workers/threadpool.pyi -> build/bdist.linux-x86_64/wheel/./cheroot/workers
INFO     : root : copying build/lib/cheroot/workers/__init__.pyi -> build/bdist.linux-x86_64/wheel/./cheroot/workers
INFO     : root : copying build/lib/cheroot/workers/__init__.py -> build/bdist.linux-x86_64/wheel/./cheroot/workers
INFO     : root : copying build/lib/cheroot/workers/threadpool.py -> build/bdist.linux-x86_64/wheel/./cheroot/workers
INFO     : root : copying build/lib/cheroot/__init__.py -> build/bdist.linux-x86_64/wheel/./cheroot
INFO     : root : copying build/lib/cheroot/__main__.py -> build/bdist.linux-x86_64/wheel/./cheroot
INFO     : root : copying build/lib/cheroot/cli.py -> build/bdist.linux-x86_64/wheel/./cheroot
INFO     : root : copying build/lib/cheroot/connections.py -> build/bdist.linux-x86_64/wheel/./cheroot
INFO     : root : copying build/lib/cheroot/errors.py -> build/bdist.linux-x86_64/wheel/./cheroot
INFO     : root : copying build/lib/cheroot/makefile.py -> build/bdist.linux-x86_64/wheel/./cheroot
INFO     : root : copying build/lib/cheroot/server.py -> build/bdist.linux-x86_64/wheel/./cheroot
INFO     : root : copying build/lib/cheroot/wsgi.py -> build/bdist.linux-x86_64/wheel/./cheroot
INFO     : root : copying build/lib/cheroot/_compat.py -> build/bdist.linux-x86_64/wheel/./cheroot
INFO     : root : copying build/lib/cheroot/testing.py -> build/bdist.linux-x86_64/wheel/./cheroot
INFO     : root : running install_egg_info
INFO     : root : Copying cheroot.egg-info to build/bdist.linux-x86_64/wheel/./cheroot-10.0.1-py3.12.egg-info
INFO     : root : running install_scripts
INFO     : root : creating build/bdist.linux-x86_64/wheel/cheroot-10.0.1.dist-info/WHEEL
INFO     : wheel : creating '/usr/src/RPM/BUILD/python3-module-cheroot-10.0.1/dist/.tmp-lb_w17oi/cheroot-10.0.1-py3-none-any.whl' and adding 'build/bdist.linux-x86_64/wheel' to it
INFO     : wheel : adding 'cheroot/__init__.py'
INFO     : wheel : adding 'cheroot/__init__.pyi'
INFO     : wheel : adding 'cheroot/__main__.py'
INFO     : wheel : adding 'cheroot/_compat.py'
INFO     : wheel : adding 'cheroot/_compat.pyi'
INFO     : wheel : adding 'cheroot/cli.py'
INFO     : wheel : adding 'cheroot/cli.pyi'
INFO     : wheel : adding 'cheroot/connections.py'
INFO     : wheel : adding 'cheroot/connections.pyi'
INFO     : wheel : adding 'cheroot/errors.py'
INFO     : wheel : adding 'cheroot/errors.pyi'
INFO     : wheel : adding 'cheroot/makefile.py'
INFO     : wheel : adding 'cheroot/makefile.pyi'
INFO     : wheel : adding 'cheroot/py.typed'
INFO     : wheel : adding 'cheroot/server.py'
INFO     : wheel : adding 'cheroot/server.pyi'
INFO     : wheel : adding 'cheroot/testing.py'
INFO     : wheel : adding 'cheroot/testing.pyi'
INFO     : wheel : adding 'cheroot/wsgi.py'
INFO     : wheel : adding 'cheroot/wsgi.pyi'
INFO     : wheel : adding 'cheroot/ssl/__init__.py'
INFO     : wheel : adding 'cheroot/ssl/__init__.pyi'
INFO     : wheel : adding 'cheroot/ssl/builtin.py'
INFO     : wheel : adding 'cheroot/ssl/builtin.pyi'
INFO     : wheel : adding 'cheroot/ssl/pyopenssl.py'
INFO     : wheel : adding 'cheroot/ssl/pyopenssl.pyi'
INFO     : wheel : adding 'cheroot/test/__init__.py'
INFO     : wheel : adding 'cheroot/test/_pytest_plugin.py'
INFO     : wheel : adding 'cheroot/test/conftest.py'
INFO     : wheel : adding 'cheroot/test/helper.py'
INFO     : wheel : adding 'cheroot/test/test__compat.py'
INFO     : wheel : adding 'cheroot/test/test_cli.py'
INFO     : wheel : adding 'cheroot/test/test_conn.py'
INFO     : wheel : adding 'cheroot/test/test_core.py'
INFO     : wheel : adding 'cheroot/test/test_dispatch.py'
INFO     : wheel : adding 'cheroot/test/test_errors.py'
INFO     : wheel : adding 'cheroot/test/test_makefile.py'
INFO     : wheel : adding 'cheroot/test/test_server.py'
INFO     : wheel : adding 'cheroot/test/test_ssl.py'
INFO     : wheel : adding 'cheroot/test/test_wsgi.py'
INFO     : wheel : adding 'cheroot/test/webtest.py'
INFO     : wheel : adding 'cheroot/workers/__init__.py'
INFO     : wheel : adding 'cheroot/workers/__init__.pyi'
INFO     : wheel : adding 'cheroot/workers/threadpool.py'
INFO     : wheel : adding 'cheroot/workers/threadpool.pyi'
INFO     : wheel : adding 'cheroot-10.0.1.dist-info/licenses/LICENSE.md'
INFO     : wheel : adding 'cheroot-10.0.1.dist-info/METADATA'
INFO     : wheel : adding 'cheroot-10.0.1.dist-info/WHEEL'
INFO     : wheel : adding 'cheroot-10.0.1.dist-info/entry_points.txt'
INFO     : wheel : adding 'cheroot-10.0.1.dist-info/top_level.txt'
INFO     : wheel : adding 'cheroot-10.0.1.dist-info/RECORD'
INFO     : root : removing build/bdist.linux-x86_64/wheel
INFO     : pyproject_installer.build_cmd._build : Built wheel: cheroot-10.0.1-py3-none-any.whl
+ exit 0
Executing(%install): /bin/sh -e /usr/src/tmp/rpm-tmp.11513
+ umask 022
+ /bin/mkdir -p /usr/src/RPM/BUILD
+ cd /usr/src/RPM/BUILD
+ /bin/chmod -Rf u+rwX -- /usr/src/tmp/python3-module-cheroot-buildroot
+ :
+ /bin/rm -rf -- /usr/src/tmp/python3-module-cheroot-buildroot
+ PATH=/usr/libexec/rpm-build:/usr/src/bin:/usr/bin:/bin:/usr/local/bin:/usr/games
+ cd python3-module-cheroot-10.0.1
+ export SETUPTOOLS_SCM_PRETEND_VERSION=10.0.1
+ SETUPTOOLS_SCM_PRETEND_VERSION=10.0.1
+ /usr/bin/python3 -m pyproject_installer -v install --destdir=/usr/src/tmp/python3-module-cheroot-buildroot
INFO     : pyproject_installer.install_cmd._install : Installing wheel
INFO     : pyproject_installer.install_cmd._install : Wheel directory: /usr/src/RPM/BUILD/python3-module-cheroot-10.0.1/dist
INFO     : pyproject_installer.install_cmd._install : Wheel filename: cheroot-10.0.1-py3-none-any.whl
INFO     : pyproject_installer.install_cmd._install : Destination: /usr/src/tmp/python3-module-cheroot-buildroot
DEBUG    : pyproject_installer.lib.wheel : Parsing wheel filename
DEBUG    : pyproject_installer.lib.wheel : Validating wheel file
DEBUG    : pyproject_installer.lib.wheel : Validating wheel spec version
DEBUG    : pyproject_installer.lib.wheel : Parsing wheel spec metadata
DEBUG    : pyproject_installer.lib.wheel : Validating RECORD
INFO     : pyproject_installer.install_cmd._install : Wheel installation root: /usr/src/tmp/python3-module-cheroot-buildroot/usr/lib/python3/site-packages
INFO     : pyproject_installer.install_cmd._install : Extracting wheel
DEBUG    : pyproject_installer.install_cmd._install : Filtering out not allowed file: cheroot-10.0.1.dist-info/licenses/LICENSE.md
DEBUG    : pyproject_installer.install_cmd._install : Filtering out not allowed file: cheroot-10.0.1.dist-info/WHEEL
DEBUG    : pyproject_installer.install_cmd._install : Filtering out not allowed file: cheroot-10.0.1.dist-info/top_level.txt
DEBUG    : pyproject_installer.install_cmd._install : Filtering out not allowed file: cheroot-10.0.1.dist-info/RECORD
INFO     : pyproject_installer.install_cmd._install : Generating entrypoints scripts
DEBUG    : pyproject_installer.lib.scripts : Installing console script: cheroot
INFO     : pyproject_installer.install_cmd._install : Wheel was installed
+ /usr/lib/rpm/brp-alt
Cleaning files in /usr/src/tmp/python3-module-cheroot-buildroot (auto)
Verifying and fixing files in /usr/src/tmp/python3-module-cheroot-buildroot (binconfig,pkgconfig,libtool,desktop,gnuconfig)
Checking contents of files in /usr/src/tmp/python3-module-cheroot-buildroot/ (default)
Compressing files in /usr/src/tmp/python3-module-cheroot-buildroot (auto)
Adjusting library links in /usr/src/tmp/python3-module-cheroot-buildroot
./usr/lib: (from <cmdline>:0)
Verifying ELF objects in /usr/src/tmp/python3-module-cheroot-buildroot (arch=normal,fhs=normal,lfs=relaxed,lint=relaxed,rpath=normal,stack=normal,textrel=normal,unresolved=normal)
Splitting links to aliased files under /{,s}bin in /usr/src/tmp/python3-module-cheroot-buildroot
Bytecompiling python3 modules in /usr/src/tmp/python3-module-cheroot-buildroot using /usr/bin/python3
compile /usr/src/tmp/python3-module-cheroot-buildroot/usr/lib/python3/site-packages/cheroot/ssl/__init__.py
compile /usr/src/tmp/python3-module-cheroot-buildroot/usr/lib/python3/site-packages/cheroot/ssl/builtin.py
compile /usr/src/tmp/python3-module-cheroot-buildroot/usr/lib/python3/site-packages/cheroot/ssl/pyopenssl.py
compile /usr/src/tmp/python3-module-cheroot-buildroot/usr/lib/python3/site-packages/cheroot/test/__init__.py
compile /usr/src/tmp/python3-module-cheroot-buildroot/usr/lib/python3/site-packages/cheroot/test/_pytest_plugin.py
compile /usr/src/tmp/python3-module-cheroot-buildroot/usr/lib/python3/site-packages/cheroot/test/conftest.py
compile /usr/src/tmp/python3-module-cheroot-buildroot/usr/lib/python3/site-packages/cheroot/test/helper.py
compile /usr/src/tmp/python3-module-cheroot-buildroot/usr/lib/python3/site-packages/cheroot/test/test__compat.py
compile /usr/src/tmp/python3-module-cheroot-buildroot/usr/lib/python3/site-packages/cheroot/test/test_cli.py
compile /usr/src/tmp/python3-module-cheroot-buildroot/usr/lib/python3/site-packages/cheroot/test/test_conn.py
compile /usr/src/tmp/python3-module-cheroot-buildroot/usr/lib/python3/site-packages/cheroot/test/test_core.py
compile /usr/src/tmp/python3-module-cheroot-buildroot/usr/lib/python3/site-packages/cheroot/test/test_dispatch.py
compile /usr/src/tmp/python3-module-cheroot-buildroot/usr/lib/python3/site-packages/cheroot/test/test_errors.py
compile /usr/src/tmp/python3-module-cheroot-buildroot/usr/lib/python3/site-packages/cheroot/test/test_makefile.py
compile /usr/src/tmp/python3-module-cheroot-buildroot/usr/lib/python3/site-packages/cheroot/test/test_server.py
compile /usr/src/tmp/python3-module-cheroot-buildroot/usr/lib/python3/site-packages/cheroot/test/test_ssl.py
compile /usr/src/tmp/python3-module-cheroot-buildroot/usr/lib/python3/site-packages/cheroot/test/test_wsgi.py
compile /usr/src/tmp/python3-module-cheroot-buildroot/usr/lib/python3/site-packages/cheroot/test/webtest.py
compile /usr/src/tmp/python3-module-cheroot-buildroot/usr/lib/python3/site-packages/cheroot/workers/__init__.py
compile /usr/src/tmp/python3-module-cheroot-buildroot/usr/lib/python3/site-packages/cheroot/workers/threadpool.py
compile /usr/src/tmp/python3-module-cheroot-buildroot/usr/lib/python3/site-packages/cheroot/__init__.py
compile /usr/src/tmp/python3-module-cheroot-buildroot/usr/lib/python3/site-packages/cheroot/__main__.py
compile /usr/src/tmp/python3-module-cheroot-buildroot/usr/lib/python3/site-packages/cheroot/_compat.py
compile /usr/src/tmp/python3-module-cheroot-buildroot/usr/lib/python3/site-packages/cheroot/cli.py
compile /usr/src/tmp/python3-module-cheroot-buildroot/usr/lib/python3/site-packages/cheroot/connections.py
compile /usr/src/tmp/python3-module-cheroot-buildroot/usr/lib/python3/site-packages/cheroot/errors.py
compile /usr/src/tmp/python3-module-cheroot-buildroot/usr/lib/python3/site-packages/cheroot/makefile.py
compile /usr/src/tmp/python3-module-cheroot-buildroot/usr/lib/python3/site-packages/cheroot/server.py
compile /usr/src/tmp/python3-module-cheroot-buildroot/usr/lib/python3/site-packages/cheroot/testing.py
compile /usr/src/tmp/python3-module-cheroot-buildroot/usr/lib/python3/site-packages/cheroot/wsgi.py
Bytecompiling python3 modules with optimization in /usr/src/tmp/python3-module-cheroot-buildroot using /usr/bin/python3 -O
compile /usr/src/tmp/python3-module-cheroot-buildroot/usr/lib/python3/site-packages/cheroot/ssl/__init__.py
compile /usr/src/tmp/python3-module-cheroot-buildroot/usr/lib/python3/site-packages/cheroot/ssl/builtin.py
compile /usr/src/tmp/python3-module-cheroot-buildroot/usr/lib/python3/site-packages/cheroot/ssl/pyopenssl.py
compile /usr/src/tmp/python3-module-cheroot-buildroot/usr/lib/python3/site-packages/cheroot/test/__init__.py
compile /usr/src/tmp/python3-module-cheroot-buildroot/usr/lib/python3/site-packages/cheroot/test/_pytest_plugin.py
compile /usr/src/tmp/python3-module-cheroot-buildroot/usr/lib/python3/site-packages/cheroot/test/conftest.py
compile /usr/src/tmp/python3-module-cheroot-buildroot/usr/lib/python3/site-packages/cheroot/test/helper.py
compile /usr/src/tmp/python3-module-cheroot-buildroot/usr/lib/python3/site-packages/cheroot/test/test__compat.py
compile /usr/src/tmp/python3-module-cheroot-buildroot/usr/lib/python3/site-packages/cheroot/test/test_cli.py
compile /usr/src/tmp/python3-module-cheroot-buildroot/usr/lib/python3/site-packages/cheroot/test/test_conn.py
compile /usr/src/tmp/python3-module-cheroot-buildroot/usr/lib/python3/site-packages/cheroot/test/test_core.py
compile /usr/src/tmp/python3-module-cheroot-buildroot/usr/lib/python3/site-packages/cheroot/test/test_dispatch.py
compile /usr/src/tmp/python3-module-cheroot-buildroot/usr/lib/python3/site-packages/cheroot/test/test_errors.py
compile /usr/src/tmp/python3-module-cheroot-buildroot/usr/lib/python3/site-packages/cheroot/test/test_makefile.py
compile /usr/src/tmp/python3-module-cheroot-buildroot/usr/lib/python3/site-packages/cheroot/test/test_server.py
compile /usr/src/tmp/python3-module-cheroot-buildroot/usr/lib/python3/site-packages/cheroot/test/test_ssl.py
compile /usr/src/tmp/python3-module-cheroot-buildroot/usr/lib/python3/site-packages/cheroot/test/test_wsgi.py
compile /usr/src/tmp/python3-module-cheroot-buildroot/usr/lib/python3/site-packages/cheroot/test/webtest.py
compile /usr/src/tmp/python3-module-cheroot-buildroot/usr/lib/python3/site-packages/cheroot/workers/__init__.py
compile /usr/src/tmp/python3-module-cheroot-buildroot/usr/lib/python3/site-packages/cheroot/workers/threadpool.py
compile /usr/src/tmp/python3-module-cheroot-buildroot/usr/lib/python3/site-packages/cheroot/__init__.py
compile /usr/src/tmp/python3-module-cheroot-buildroot/usr/lib/python3/site-packages/cheroot/__main__.py
compile /usr/src/tmp/python3-module-cheroot-buildroot/usr/lib/python3/site-packages/cheroot/_compat.py
compile /usr/src/tmp/python3-module-cheroot-buildroot/usr/lib/python3/site-packages/cheroot/cli.py
compile /usr/src/tmp/python3-module-cheroot-buildroot/usr/lib/python3/site-packages/cheroot/connections.py
compile /usr/src/tmp/python3-module-cheroot-buildroot/usr/lib/python3/site-packages/cheroot/errors.py
compile /usr/src/tmp/python3-module-cheroot-buildroot/usr/lib/python3/site-packages/cheroot/makefile.py
compile /usr/src/tmp/python3-module-cheroot-buildroot/usr/lib/python3/site-packages/cheroot/server.py
compile /usr/src/tmp/python3-module-cheroot-buildroot/usr/lib/python3/site-packages/cheroot/testing.py
compile /usr/src/tmp/python3-module-cheroot-buildroot/usr/lib/python3/site-packages/cheroot/wsgi.py
Bytecompiling python3 modules with optimization-2 in /usr/src/tmp/python3-module-cheroot-buildroot using /usr/bin/python3 -OO
compile /usr/src/tmp/python3-module-cheroot-buildroot/usr/lib/python3/site-packages/cheroot/ssl/__init__.py
compile /usr/src/tmp/python3-module-cheroot-buildroot/usr/lib/python3/site-packages/cheroot/ssl/builtin.py
compile /usr/src/tmp/python3-module-cheroot-buildroot/usr/lib/python3/site-packages/cheroot/ssl/pyopenssl.py
compile /usr/src/tmp/python3-module-cheroot-buildroot/usr/lib/python3/site-packages/cheroot/test/__init__.py
compile /usr/src/tmp/python3-module-cheroot-buildroot/usr/lib/python3/site-packages/cheroot/test/_pytest_plugin.py
compile /usr/src/tmp/python3-module-cheroot-buildroot/usr/lib/python3/site-packages/cheroot/test/conftest.py
compile /usr/src/tmp/python3-module-cheroot-buildroot/usr/lib/python3/site-packages/cheroot/test/helper.py
compile /usr/src/tmp/python3-module-cheroot-buildroot/usr/lib/python3/site-packages/cheroot/test/test__compat.py
compile /usr/src/tmp/python3-module-cheroot-buildroot/usr/lib/python3/site-packages/cheroot/test/test_cli.py
compile /usr/src/tmp/python3-module-cheroot-buildroot/usr/lib/python3/site-packages/cheroot/test/test_conn.py
compile /usr/src/tmp/python3-module-cheroot-buildroot/usr/lib/python3/site-packages/cheroot/test/test_core.py
compile /usr/src/tmp/python3-module-cheroot-buildroot/usr/lib/python3/site-packages/cheroot/test/test_dispatch.py
compile /usr/src/tmp/python3-module-cheroot-buildroot/usr/lib/python3/site-packages/cheroot/test/test_errors.py
compile /usr/src/tmp/python3-module-cheroot-buildroot/usr/lib/python3/site-packages/cheroot/test/test_makefile.py
compile /usr/src/tmp/python3-module-cheroot-buildroot/usr/lib/python3/site-packages/cheroot/test/test_server.py
compile /usr/src/tmp/python3-module-cheroot-buildroot/usr/lib/python3/site-packages/cheroot/test/test_ssl.py
compile /usr/src/tmp/python3-module-cheroot-buildroot/usr/lib/python3/site-packages/cheroot/test/test_wsgi.py
compile /usr/src/tmp/python3-module-cheroot-buildroot/usr/lib/python3/site-packages/cheroot/test/webtest.py
compile /usr/src/tmp/python3-module-cheroot-buildroot/usr/lib/python3/site-packages/cheroot/workers/__init__.py
compile /usr/src/tmp/python3-module-cheroot-buildroot/usr/lib/python3/site-packages/cheroot/workers/threadpool.py
compile /usr/src/tmp/python3-module-cheroot-buildroot/usr/lib/python3/site-packages/cheroot/__init__.py
compile /usr/src/tmp/python3-module-cheroot-buildroot/usr/lib/python3/site-packages/cheroot/__main__.py
compile /usr/src/tmp/python3-module-cheroot-buildroot/usr/lib/python3/site-packages/cheroot/_compat.py
compile /usr/src/tmp/python3-module-cheroot-buildroot/usr/lib/python3/site-packages/cheroot/cli.py
compile /usr/src/tmp/python3-module-cheroot-buildroot/usr/lib/python3/site-packages/cheroot/connections.py
compile /usr/src/tmp/python3-module-cheroot-buildroot/usr/lib/python3/site-packages/cheroot/errors.py
compile /usr/src/tmp/python3-module-cheroot-buildroot/usr/lib/python3/site-packages/cheroot/makefile.py
compile /usr/src/tmp/python3-module-cheroot-buildroot/usr/lib/python3/site-packages/cheroot/server.py
compile /usr/src/tmp/python3-module-cheroot-buildroot/usr/lib/python3/site-packages/cheroot/testing.py
compile /usr/src/tmp/python3-module-cheroot-buildroot/usr/lib/python3/site-packages/cheroot/wsgi.py
Hardlinking identical .pyc and .opt-?.pyc files
'./usr/lib/python3/site-packages/cheroot/__pycache__/__init__.cpython-312.opt-1.pyc' => './usr/lib/python3/site-packages/cheroot/__pycache__/__init__.cpython-312.pyc'
'./usr/lib/python3/site-packages/cheroot/__pycache__/__main__.cpython-312.opt-1.pyc' => './usr/lib/python3/site-packages/cheroot/__pycache__/__main__.cpython-312.pyc'
'./usr/lib/python3/site-packages/cheroot/__pycache__/_compat.cpython-312.opt-1.pyc' => './usr/lib/python3/site-packages/cheroot/__pycache__/_compat.cpython-312.pyc'
'./usr/lib/python3/site-packages/cheroot/__pycache__/cli.cpython-312.opt-1.pyc' => './usr/lib/python3/site-packages/cheroot/__pycache__/cli.cpython-312.pyc'
'./usr/lib/python3/site-packages/cheroot/__pycache__/connections.cpython-312.opt-1.pyc' => './usr/lib/python3/site-packages/cheroot/__pycache__/connections.cpython-312.pyc'
'./usr/lib/python3/site-packages/cheroot/__pycache__/errors.cpython-312.opt-1.pyc' => './usr/lib/python3/site-packages/cheroot/__pycache__/errors.cpython-312.pyc'
'./usr/lib/python3/site-packages/cheroot/__pycache__/makefile.cpython-312.opt-1.pyc' => './usr/lib/python3/site-packages/cheroot/__pycache__/makefile.cpython-312.pyc'
'./usr/lib/python3/site-packages/cheroot/__pycache__/server.cpython-312.opt-1.pyc' => './usr/lib/python3/site-packages/cheroot/__pycache__/server.cpython-312.pyc'
'./usr/lib/python3/site-packages/cheroot/__pycache__/testing.cpython-312.opt-1.pyc' => './usr/lib/python3/site-packages/cheroot/__pycache__/testing.cpython-312.pyc'
'./usr/lib/python3/site-packages/cheroot/__pycache__/wsgi.cpython-312.opt-1.pyc' => './usr/lib/python3/site-packages/cheroot/__pycache__/wsgi.cpython-312.pyc'
'./usr/lib/python3/site-packages/cheroot/ssl/__pycache__/__init__.cpython-312.opt-1.pyc' => './usr/lib/python3/site-packages/cheroot/ssl/__pycache__/__init__.cpython-312.pyc'
'./usr/lib/python3/site-packages/cheroot/ssl/__pycache__/builtin.cpython-312.opt-1.pyc' => './usr/lib/python3/site-packages/cheroot/ssl/__pycache__/builtin.cpython-312.pyc'
'./usr/lib/python3/site-packages/cheroot/ssl/__pycache__/pyopenssl.cpython-312.opt-1.pyc' => './usr/lib/python3/site-packages/cheroot/ssl/__pycache__/pyopenssl.cpython-312.pyc'
'./usr/lib/python3/site-packages/cheroot/test/__pycache__/__init__.cpython-312.opt-1.pyc' => './usr/lib/python3/site-packages/cheroot/test/__pycache__/__init__.cpython-312.pyc'
'./usr/lib/python3/site-packages/cheroot/test/__pycache__/_pytest_plugin.cpython-312.opt-1.pyc' => './usr/lib/python3/site-packages/cheroot/test/__pycache__/_pytest_plugin.cpython-312.pyc'
'./usr/lib/python3/site-packages/cheroot/test/__pycache__/conftest.cpython-312.opt-1.pyc' => './usr/lib/python3/site-packages/cheroot/test/__pycache__/conftest.cpython-312.pyc'
'./usr/lib/python3/site-packages/cheroot/test/__pycache__/helper.cpython-312.opt-1.pyc' => './usr/lib/python3/site-packages/cheroot/test/__pycache__/helper.cpython-312.pyc'
'./usr/lib/python3/site-packages/cheroot/workers/__pycache__/__init__.cpython-312.opt-1.pyc' => './usr/lib/python3/site-packages/cheroot/workers/__pycache__/__init__.cpython-312.pyc'
'./usr/lib/python3/site-packages/cheroot/workers/__pycache__/threadpool.cpython-312.opt-1.pyc' => './usr/lib/python3/site-packages/cheroot/workers/__pycache__/threadpool.cpython-312.pyc'
Executing(%check): /bin/sh -e /usr/src/tmp/rpm-tmp.11513
+ umask 022
+ /bin/mkdir -p /usr/src/RPM/BUILD
+ cd /usr/src/RPM/BUILD
+ cd python3-module-cheroot-10.0.1
+ export 'CFLAGS=-pipe -frecord-gcc-switches -Wall -g -O2 -flto=auto'
+ CFLAGS='-pipe -frecord-gcc-switches -Wall -g -O2 -flto=auto'
+ export 'CXXFLAGS=-pipe -frecord-gcc-switches -Wall -g -O2 -flto=auto'
+ CXXFLAGS='-pipe -frecord-gcc-switches -Wall -g -O2 -flto=auto'
+ export 'FFLAGS=-pipe -frecord-gcc-switches -Wall -g -O2 -flto=auto'
+ FFLAGS='-pipe -frecord-gcc-switches -Wall -g -O2 -flto=auto'
+ export NO_INTERNET=YES
+ NO_INTERNET=YES
+ /usr/bin/python3 -m pyproject_installer run -- python3 -m pytest -k 'not test_tls_client_auth'
INFO     : Creating venv
INFO     : Installing console scripts
INFO     : Installing package: /usr/src/RPM/BUILD/python3-module-cheroot-10.0.1/dist/cheroot-10.0.1-py3-none-any.whl
INFO     : Running command: ['/usr/src/RPM/BUILD/python3-module-cheroot-10.0.1/.run_venv/bin/python3', '-m', 'pyproject_installer', 'install', '/usr/src/RPM/BUILD/python3-module-cheroot-10.0.1/dist/cheroot-10.0.1-py3-none-any.whl']
INFO     : Running command: ['python3', '-m', 'pytest', '-k', 'not test_tls_client_auth']
============================= test session starts ==============================
platform linux -- Python 3.12.10, pytest-8.3.5, pluggy-1.5.0 -- /usr/src/RPM/BUILD/python3-module-cheroot-10.0.1/.run_venv/bin/python3
cachedir: .pytest_cache
rootdir: /usr/src/RPM/BUILD/python3-module-cheroot-10.0.1
configfile: pytest.ini
testpaths: cheroot/test/
plugins: mock-3.14.0, ignore-flaky-2.2.1, sugar-1.0.0, forked-1.6.0, xdist-3.6.1, testmon-2.1.3, cov-6.1.1
created: 8/8 workers
8 workers [156 items]

scheduling tests via LoadScheduling

cheroot/test/test_conn.py::test_streaming_10[False] 
cheroot/test/test__compat.py::test_extract_bytes_invalid 
cheroot/test/test_conn.py::test_keepalive_conn_management 
cheroot/test/test__compat.py::test_compat_functions_negative_nonnative[ntou] 
cheroot/test/test_cli.py::test_parse_wsgi_bind_addr[/tmp/some-random-file-name-/tmp/some-random-file-name] 
[gw4] [  0%] PASSED cheroot/test/test_cli.py::test_parse_wsgi_bind_addr[/tmp/some-random-file-name-/tmp/some-random-file-name] 
cheroot/test/test_cli.py::test_parse_wsgi_bind_addr[@cheroot-\x00cheroot] 
[gw4] [  1%] PASSED cheroot/test/test_cli.py::test_parse_wsgi_bind_addr[@cheroot-\x00cheroot] 
cheroot/test/test_cli.py::test_Aplication_resolve[None-application] 
[gw2] [  1%] PASSED cheroot/test/test__compat.py::test_extract_bytes_invalid 
cheroot/test/test_cli.py::test_parse_wsgi_bind_addr[192.168.1.1:80-expected_bind_addr0] 
cheroot/test/test__compat.py::test_compat_functions_positive[ntob-bar-bar] 
[gw4] [  2%] PASSED cheroot/test/test_cli.py::test_Aplication_resolve[None-application] 
cheroot/test/test_cli.py::test_Aplication_resolve[main-main] 
[gw5] [  3%] PASSED cheroot/test/test_cli.py::test_Aplication_resolve[main-main] 
cheroot/test/test_conn.py::test_HTTP11_persistent_connections 
cheroot/test/test_cli.py::test_parse_wsgi_bind_addr[foo@bar:5000-expected_bind_addr3] 
[gw2] [  3%] PASSED cheroot/test/test_cli.py::test_parse_wsgi_bind_addr[192.168.1.1:80-expected_bind_addr0] 
cheroot/test/test_cli.py::test_parse_wsgi_bind_addr[[::1]:8000-expected_bind_addr1] 
[gw2] [  4%] PASSED cheroot/test/test_cli.py::test_parse_wsgi_bind_addr[[::1]:8000-expected_bind_addr1] 
[gw1] [  5%] PASSED cheroot/test/test__compat.py::test_compat_functions_negative_nonnative[ntou] 
cheroot/test/test__compat.py::test_ntou_escape 
[gw1] [  5%] PASSED cheroot/test/test__compat.py::test_ntou_escape 
cheroot/test/test__compat.py::test_extract_bytes[qwerty-qwerty] 
[gw1] [  6%] PASSED cheroot/test/test__compat.py::test_extract_bytes[qwerty-qwerty] 
[gw0] [  7%] PASSED cheroot/test/test__compat.py::test_compat_functions_positive[ntob-bar-bar] 
cheroot/test/test__compat.py::test_compat_functions_positive[ntou-bar-bar] 
[gw3] [  7%] PASSED cheroot/test/test_cli.py::test_parse_wsgi_bind_addr[foo@bar:5000-expected_bind_addr3] 
cheroot/test/test_cli.py::test_parse_wsgi_bind_addr[foo-expected_bind_addr4] 
[gw3] [  8%] PASSED cheroot/test/test_cli.py::test_parse_wsgi_bind_addr[foo-expected_bind_addr4] 
cheroot/test/test_cli.py::test_parse_wsgi_bind_addr[123456789-expected_bind_addr5] 
[gw3] [  8%] PASSED cheroot/test/test_cli.py::test_parse_wsgi_bind_addr[123456789-expected_bind_addr5] 
[gw0] [  9%] PASSED cheroot/test/test__compat.py::test_compat_functions_positive[ntou-bar-bar] 
cheroot/test/test__compat.py::test_compat_functions_positive[bton-bar-bar] 
[gw0] [ 10%] PASSED cheroot/test/test__compat.py::test_compat_functions_positive[bton-bar-bar] 
cheroot/test/test_cli.py::test_parse_wsgi_bind_addr[localhost:5000-expected_bind_addr2] 
cheroot/test/test_cli.py::test_Aplication_resolve[application-application] 
[gw2] [ 10%] PASSED cheroot/test/test_cli.py::test_parse_wsgi_bind_addr[localhost:5000-expected_bind_addr2] 
[gw4] [ 11%] PASSED cheroot/test/test_cli.py::test_Aplication_resolve[application-application] 
cheroot/test/test_conn.py::test_broken_connection_during_tcp_fin[BrokenPipeError(EPIPE)] 
cheroot/test/test__compat.py::test_extract_bytes[input_argument1-asdfgh] 
cheroot/test/test_conn.py::test_broken_connection_during_tcp_fin[real socket.error(ENOTCONN)] 
[gw1] [ 12%] PASSED cheroot/test/test__compat.py::test_extract_bytes[input_argument1-asdfgh] 
cheroot/test/test_conn.py::test_remains_alive_post_unhandled_exception 
cheroot/test/test_cli.py::test_parse_wsgi_bind_addr[/tmp/cheroot.sock-/tmp/cheroot.sock] 
[gw3] [ 12%] PASSED cheroot/test/test_cli.py::test_parse_wsgi_bind_addr[/tmp/cheroot.sock-/tmp/cheroot.sock] 
cheroot/test/test__compat.py::test_compat_functions_negative_nonnative[ntob] 
[gw0] [ 13%] PASSED cheroot/test/test__compat.py::test_compat_functions_negative_nonnative[ntob] 
cheroot/test/test_conn.py::test_Chunked_Encoding 
cheroot/test/test_conn.py::test_100_Continue 
[gw7] [ 14%] PASSED cheroot/test/test_conn.py::test_streaming_10[False] 
[gw5] [ 14%] PASSED cheroot/test/test_conn.py::test_HTTP11_persistent_connections 
[gw3] [ 15%] PASSED cheroot/test/test_conn.py::test_100_Continue 
[gw0] [ 16%] XFAIL cheroot/test/test_conn.py::test_Chunked_Encoding 
[gw4] [ 16%] PASSED cheroot/test/test_conn.py::test_broken_connection_during_tcp_fin[real socket.error(ENOTCONN)] 
[gw2] [ 17%] PASSED cheroot/test/test_conn.py::test_broken_connection_during_tcp_fin[BrokenPipeError(EPIPE)] 
cheroot/test/test_conn.py::test_streaming_10[True] 
cheroot/test/test_conn.py::test_streaming_11[False] 
cheroot/test/test_conn.py::test_broken_connection_during_tcp_fin[socket.error(ESHUTDOWN)] 
cheroot/test/test_conn.py::test_broken_connection_during_tcp_fin[BrokenPipeError(ESHUTDOWN)] 
cheroot/test/test_conn.py::test_Content_Length_in 
cheroot/test/test_conn.py::test_readall_or_close[0] 
[gw7] [ 17%] PASSED cheroot/test/test_conn.py::test_streaming_10[True] 
[gw5] [ 18%] PASSED cheroot/test/test_conn.py::test_streaming_11[False] 
[gw1] [ 19%] PASSED cheroot/test/test_conn.py::test_remains_alive_post_unhandled_exception 
[gw0] [ 19%] PASSED cheroot/test/test_conn.py::test_Content_Length_in 
cheroot/test/test_conn.py::test_HTTP11_Timeout[True] 
[gw3] [ 20%] PASSED cheroot/test/test_conn.py::test_readall_or_close[0] 
[gw4] [ 21%] PASSED cheroot/test/test_conn.py::test_broken_connection_during_tcp_fin[socket.error(ESHUTDOWN)] 
[gw2] [ 21%] PASSED cheroot/test/test_conn.py::test_broken_connection_during_tcp_fin[BrokenPipeError(ESHUTDOWN)] 
cheroot/test/test_conn.py::test_keepalive[HTTP/1.0] 
cheroot/test/test_conn.py::test_streaming_11[True] 
cheroot/test/test_conn.py::test_broken_connection_during_tcp_fin[RuntimeError(666)] 
cheroot/test/test_conn.py::test_broken_connection_during_http_communication_fallback 
cheroot/test/test_conn.py::test_Content_Length_not_int 
cheroot/test/test_conn.py::test_readall_or_close[1001] 
[gw7] [ 22%] PASSED cheroot/test/test_conn.py::test_keepalive[HTTP/1.0] 
[gw5] [ 23%] PASSED cheroot/test/test_conn.py::test_streaming_11[True] 
[gw0] [ 23%] PASSED cheroot/test/test_conn.py::test_Content_Length_not_int 
[gw3] [ 24%] PASSED cheroot/test/test_conn.py::test_readall_or_close[1001] 
[gw4] [ 25%] PASSED cheroot/test/test_conn.py::test_broken_connection_during_tcp_fin[RuntimeError(666)] 
cheroot/test/test_conn.py::test_keepalive[HTTP/1.1] 
cheroot/test/test_conn.py::test_Content_Length_out[/wrong_cl_unbuffered-200-I too] 
cheroot/test/test_conn.py::test_broken_connection_during_tcp_fin[socket.error(-1)] 
cheroot/test/test_conn.py::test_Content_Length_out[/wrong_cl_buffered-500-The requested resource returned more bytes than the declared Content-Length.] 
cheroot/test/test_conn.py::test_No_Message_Body 
[gw7] [ 25%] PASSED cheroot/test/test_conn.py::test_keepalive[HTTP/1.1] 
[gw5] [ 26%] PASSED cheroot/test/test_conn.py::test_Content_Length_out[/wrong_cl_unbuffered-200-I too] 
[gw0] [ 26%] PASSED cheroot/test/test_conn.py::test_Content_Length_out[/wrong_cl_buffered-500-The requested resource returned more bytes than the declared Content-Length.] 
[gw2] [ 27%] PASSED cheroot/test/test_conn.py::test_broken_connection_during_http_communication_fallback 
[gw3] [ 28%] PASSED cheroot/test/test_conn.py::test_No_Message_Body 
cheroot/test/test_conn.py::test_kb_int_from_http_handler 
[gw4] [ 28%] PASSED cheroot/test/test_conn.py::test_broken_connection_during_tcp_fin[socket.error(-1)] 
cheroot/test/test_core.py::test_http_connect_request 
cheroot/test/test_conn.py::test_598 
cheroot/test/test_conn.py::test_broken_connection_during_tcp_fin[ConnectionResetError(ECONNRESET)] 
cheroot/test/test_core.py::test_parse_acceptable_uri[/%D0%AE%D1%85%D1%85%D1%83%D1%83%D1%83?%D1%97=%D0%B9%D0%BE] 
cheroot/test/test_core.py::test_parse_no_leading_slash_invalid[\u043f\u0440\u0438\u0432\u0456\u0442] 
[gw7] [ 29%] PASSED cheroot/test/test_core.py::test_http_connect_request 
[gw0] [ 30%] PASSED cheroot/test/test_core.py::test_parse_acceptable_uri[/%D0%AE%D1%85%D1%85%D1%83%D1%83%D1%83?%D1%97=%D0%B9%D0%BE] 
[gw3] [ 30%] PASSED cheroot/test/test_core.py::test_parse_no_leading_slash_invalid[\u043f\u0440\u0438\u0432\u0456\u0442] 
[gw4] [ 31%] PASSED cheroot/test/test_conn.py::test_broken_connection_during_tcp_fin[ConnectionResetError(ECONNRESET)] 
[gw2] [ 32%] PASSED cheroot/test/test_conn.py::test_kb_int_from_http_handler 
cheroot/test/test_conn.py::test_unhandled_exception_in_request_handler 
[gw1] [ 32%] PASSED cheroot/test/test_conn.py::test_HTTP11_Timeout[True] 
cheroot/test/test_conn.py::test_HTTP11_Timeout[False] 
cheroot/test/test_core.py::test_normal_request 
cheroot/test/test_core.py::test_no_content_length 
cheroot/test/test_core.py::test_parse_uri_unsafe_uri 
cheroot/test/test_core.py::test_parse_uri_absolute_uri 
[gw7] [ 33%] PASSED cheroot/test/test_core.py::test_normal_request 
[gw4] [ 33%] PASSED cheroot/test/test_core.py::test_no_content_length 
[gw0] [ 34%] PASSED cheroot/test/test_core.py::test_parse_uri_unsafe_uri 
[gw3] [ 35%] PASSED cheroot/test/test_core.py::test_parse_uri_absolute_uri 
[gw5] [ 35%] XFAIL cheroot/test/test_conn.py::test_598 
[gw2] [ 36%] PASSED cheroot/test/test_conn.py::test_unhandled_exception_in_request_handler 
cheroot/test/test_core.py::test_malformed_request_line[GET / HTTPS/1.1-400-Malformed Request-Line: bad protocol] 
[gw6] [ 37%] PASSED cheroot/test/test_conn.py::test_keepalive_conn_management 
[gw2] [ 37%] PASSED cheroot/test/test_core.py::test_malformed_request_line[GET / HTTPS/1.1-400-Malformed Request-Line: bad protocol] 
cheroot/test/test_conn.py::test_No_CRLF[\n\n] 
cheroot/test/test_core.py::test_query_string_request 
[gw5] [ 38%] PASSED cheroot/test/test_conn.py::test_No_CRLF[\n\n] 
cheroot/test/test_core.py::test_content_length_required 
cheroot/test/test_core.py::test_parse_uri_invalid_uri 
cheroot/test/test_core.py::test_parse_uri_asterisk_uri 
[gw7] [ 39%] PASSED cheroot/test/test_core.py::test_query_string_request 
[gw4] [ 39%] PASSED cheroot/test/test_core.py::test_content_length_required 
[gw0] [ 40%] PASSED cheroot/test/test_core.py::test_parse_uri_invalid_uri 
[gw3] [ 41%] PASSED cheroot/test/test_core.py::test_parse_uri_asterisk_uri 
cheroot/test/test_conn.py::test_broken_connection_during_tcp_fin[socket.error(ECONNRESET)] 
cheroot/test/test_core.py::test_malformed_request_line[GET / HTTP/1-400-Malformed Request-Line: bad version] 
[gw2] [ 41%] PASSED cheroot/test/test_core.py::test_malformed_request_line[GET / HTTP/1-400-Malformed Request-Line: bad version] 
cheroot/test/test_conn.py::test_No_CRLF[\r\n\n] 
[gw6] [ 42%] PASSED cheroot/test/test_conn.py::test_broken_connection_during_tcp_fin[socket.error(ECONNRESET)] 
cheroot/test/test_core.py::test_parse_acceptable_uri[/hello] 
[gw5] [ 42%] PASSED cheroot/test/test_conn.py::test_No_CRLF[\r\n\n] 
cheroot/test/test_core.py::test_large_request 
cheroot/test/test_core.py::test_parse_no_leading_slash_invalid[hello] 
cheroot/test/test_core.py::test_parse_uri_fragment_uri 
[gw7] [ 43%] PASSED cheroot/test/test_core.py::test_parse_acceptable_uri[/hello] 
[gw0] [ 44%] PASSED cheroot/test/test_core.py::test_parse_no_leading_slash_invalid[hello] 
[gw3] [ 44%] PASSED cheroot/test/test_core.py::test_parse_uri_fragment_uri 
[gw4] [ 45%] XFAIL cheroot/test/test_core.py::test_large_request 
cheroot/test/test_conn.py::test_broken_connection_during_tcp_fin[socket.error(EPIPE)] 
cheroot/test/test_core.py::test_malformed_request_line[GET / HTTP/2.15-505-Cannot fulfill request] 
[gw2] [ 46%] PASSED cheroot/test/test_core.py::test_malformed_request_line[GET / HTTP/2.15-505-Cannot fulfill request] 
cheroot/test/test_conn.py::test_invalid_selected_connection 
[gw6] [ 46%] PASSED cheroot/test/test_conn.py::test_broken_connection_during_tcp_fin[socket.error(EPIPE)] 
cheroot/test/test_core.py::test_parse_acceptable_uri[/query_string?test=True] 
cheroot/test/test_core.py::test_malformed_http_method 
cheroot/test/test_core.py::test_malformed_request_line[GET /-400-Malformed Request-Line] 
cheroot/test/test_core.py::test_garbage_in 
[gw1] [ 47%] PASSED cheroot/test/test_conn.py::test_HTTP11_Timeout[False] 
cheroot/test/test_conn.py::test_HTTP11_Timeout_after_request 
[gw7] [ 48%] PASSED cheroot/test/test_core.py::test_parse_acceptable_uri[/query_string?test=True] 
[gw0] [ 48%] PASSED cheroot/test/test_core.py::test_malformed_http_method 
[gw4] [ 49%] PASSED cheroot/test/test_core.py::test_malformed_request_line[GET /-400-Malformed Request-Line] 
[gw3] [ 50%] PASSED cheroot/test/test_core.py::test_garbage_in 
cheroot/test/test_conn.py::test_broken_connection_during_tcp_fin[simulated socket.error(ENOTCONN)] 
cheroot/test/test_errors.py::test_plat_specific_errors[err_names0-err_nums0] 
[gw2] [ 50%] PASSED cheroot/test/test_errors.py::test_plat_specific_errors[err_names0-err_nums0] 
cheroot/test/test_errors.py::test_plat_specific_errors[err_names1-err_nums1] 
[gw2] [ 51%] PASSED cheroot/test/test_errors.py::test_plat_specific_errors[err_names1-err_nums1] 
cheroot/test/test_makefile.py::test_bytes_read 
[gw2] [ 51%] PASSED cheroot/test/test_makefile.py::test_bytes_read 
cheroot/test/test_server.py::test_bind_addr_unix[abstract] 
[gw2] [ 52%] PASSED cheroot/test/test_server.py::test_bind_addr_unix[abstract] 
[gw6] [ 53%] PASSED cheroot/test/test_conn.py::test_broken_connection_during_tcp_fin[simulated socket.error(ENOTCONN)] 
cheroot/test/test_server.py::test_server_interrupt[OSError0] 
cheroot/test/test_core.py::test_malformed_header 
cheroot/test/test_core.py::test_send_header_before_closing 
cheroot/test/test_server.py::test_server_interrupt[RuntimeError] 
[gw0] [ 53%] PASSED cheroot/test/test_core.py::test_malformed_header 
[gw3] [ 54%] PASSED cheroot/test/test_core.py::test_send_header_before_closing 
cheroot/test/test_server.py::test_bind_addr_unix[file] 
cheroot/test/test_server.py::test_bind_addr_inet[0.0.0.0] 
[gw2] [ 55%] PASSED cheroot/test/test_server.py::test_bind_addr_unix[file] 
[gw5] [ 55%] PASSED cheroot/test/test_conn.py::test_invalid_selected_connection 
cheroot/test/test_makefile.py::test_bytes_written 
[gw5] [ 56%] PASSED cheroot/test/test_makefile.py::test_bytes_written 
cheroot/test/test_server.py::test_prepare_makes_server_ready 
[gw5] [ 57%] PASSED cheroot/test/test_server.py::test_prepare_makes_server_ready 
cheroot/test/test_server.py::test_stop_interrupts_serve 
[gw6] [ 57%] PASSED cheroot/test/test_server.py::test_bind_addr_inet[0.0.0.0] 
[gw7] [ 58%] PASSED cheroot/test/test_server.py::test_server_interrupt[OSError0] 
cheroot/test/test_server.py::test_server_interrupt[KeyboardInterrupt] 
cheroot/test/test_core.py::test_request_line_split_issue_1220 
[gw4] [ 58%] PASSED cheroot/test/test_server.py::test_server_interrupt[RuntimeError] 
cheroot/test/test_server.py::test_serving_is_false_and_stop_returns_after_ctrlc 
cheroot/test/test_dispatch.py::test_dispatch_no_script_name 
[gw3] [ 59%] PASSED cheroot/test/test_dispatch.py::test_dispatch_no_script_name 
[gw4] [ 60%] PASSED cheroot/test/test_server.py::test_serving_is_false_and_stop_returns_after_ctrlc 
cheroot/test/test_server.py::test_high_number_of_file_descriptors[2048] 
cheroot/test/test_server.py::test_reuse_port[::] 
[gw3] [ 60%] PASSED cheroot/test/test_server.py::test_reuse_port[::] 
cheroot/test/test_server.py::test_threadpool_threadrange_set[1--2-inf] 
[gw3] [ 61%] PASSED cheroot/test/test_server.py::test_threadpool_threadrange_set[1--2-inf] 
cheroot/test/test_server.py::test_threadpool_threadrange_set[1--1-inf] 
[gw3] [ 62%] PASSED cheroot/test/test_server.py::test_threadpool_threadrange_set[1--1-inf] 
cheroot/test/test_server.py::test_threadpool_threadrange_set[1-1-1] 
[gw3] [ 62%] PASSED cheroot/test/test_server.py::test_threadpool_threadrange_set[1-1-1] 
cheroot/test/test_server.py::test_threadpool_threadrange_set[1-2-2] 
[gw3] [ 63%] PASSED cheroot/test/test_server.py::test_threadpool_threadrange_set[1-2-2] 
cheroot/test/test_server.py::test_threadpool_threadrange_set[1-inf-inf] 
[gw3] [ 64%] PASSED cheroot/test/test_server.py::test_threadpool_threadrange_set[1-inf-inf] 
cheroot/test/test_server.py::test_threadpool_threadrange_set[2--2-inf] 
[gw3] [ 64%] PASSED cheroot/test/test_server.py::test_threadpool_threadrange_set[2--2-inf] 
cheroot/test/test_server.py::test_threadpool_threadrange_set[2--1-inf] 
[gw3] [ 65%] PASSED cheroot/test/test_server.py::test_threadpool_threadrange_set[2--1-inf] 
cheroot/test/test_server.py::test_threadpool_threadrange_set[2-2-2] 
[gw3] [ 66%] PASSED cheroot/test/test_server.py::test_threadpool_threadrange_set[2-2-2] 
cheroot/test/test_server.py::test_threadpool_threadrange_set[2-inf-inf] 
[gw3] [ 66%] PASSED cheroot/test/test_server.py::test_threadpool_threadrange_set[2-inf-inf] 
cheroot/test/test_server.py::test_threadpool_invalid_threadrange[-1--1-min=-1 must be > 0] 
[gw3] [ 67%] PASSED cheroot/test/test_server.py::test_threadpool_invalid_threadrange[-1--1-min=-1 must be > 0] 
cheroot/test/test_server.py::test_threadpool_invalid_threadrange[-1-0-min=-1 must be > 0] 
[gw3] [ 67%] PASSED cheroot/test/test_server.py::test_threadpool_invalid_threadrange[-1-0-min=-1 must be > 0] 
cheroot/test/test_server.py::test_threadpool_invalid_threadrange[-1-1-min=-1 must be > 0] 
[gw3] [ 68%] PASSED cheroot/test/test_server.py::test_threadpool_invalid_threadrange[-1-1-min=-1 must be > 0] 
cheroot/test/test_server.py::test_threadpool_invalid_threadrange[-1-2-min=-1 must be > 0] 
[gw3] [ 69%] PASSED cheroot/test/test_server.py::test_threadpool_invalid_threadrange[-1-2-min=-1 must be > 0] 
cheroot/test/test_server.py::test_threadpool_invalid_threadrange[0--1-min=0 must be > 0] 
[gw3] [ 69%] PASSED cheroot/test/test_server.py::test_threadpool_invalid_threadrange[0--1-min=0 must be > 0] 
cheroot/test/test_server.py::test_threadpool_invalid_threadrange[0-0-min=0 must be > 0] 
[gw3] [ 70%] PASSED cheroot/test/test_server.py::test_threadpool_invalid_threadrange[0-0-min=0 must be > 0] 
cheroot/test/test_server.py::test_threadpool_invalid_threadrange[0-1-min=0 must be > 0] 
[gw3] [ 71%] PASSED cheroot/test/test_server.py::test_threadpool_invalid_threadrange[0-1-min=0 must be > 0] 
cheroot/test/test_server.py::test_threadpool_invalid_threadrange[0-2-min=0 must be > 0] 
[gw3] [ 71%] PASSED cheroot/test/test_server.py::test_threadpool_invalid_threadrange[0-2-min=0 must be > 0] 
cheroot/test/test_server.py::test_threadpool_invalid_threadrange[1-0-Expected an integer or the infinity value for the `max` argument but got 0.] 
[gw3] [ 72%] PASSED cheroot/test/test_server.py::test_threadpool_invalid_threadrange[1-0-Expected an integer or the infinity value for the `max` argument but got 0.] 
cheroot/test/test_server.py::test_threadpool_invalid_threadrange[1-0.5-Expected an integer or the infinity value for the `max` argument but got 0.5.] 
[gw0] [ 73%] PASSED cheroot/test/test_core.py::test_request_line_split_issue_1220 
[gw3] [ 73%] PASSED cheroot/test/test_server.py::test_threadpool_invalid_threadrange[1-0.5-Expected an integer or the infinity value for the `max` argument but got 0.5.] 
cheroot/test/test_server.py::test_threadpool_invalid_threadrange[2-0-Expected an integer or the infinity value for the `max` argument but got 0.] 
[gw3] [ 74%] PASSED cheroot/test/test_server.py::test_threadpool_invalid_threadrange[2-0-Expected an integer or the infinity value for the `max` argument but got 0.] 
cheroot/test/test_server.py::test_threadpool_invalid_threadrange[2-1-Expected an integer or the infinity value for the `max` argument but got '1'.] 
[gw3] [ 75%] PASSED cheroot/test/test_server.py::test_threadpool_invalid_threadrange[2-1-Expected an integer or the infinity value for the `max` argument but got '1'.] 
cheroot/test/test_server.py::test_threadpool_invalid_threadrange[2-1-max=1 must be > min=2] 
[gw3] [ 75%] PASSED cheroot/test/test_server.py::test_threadpool_invalid_threadrange[2-1-max=1 must be > min=2] 
cheroot/test/test_server.py::test_threadpool_multistart_validation 
[gw3] [ 76%] PASSED cheroot/test/test_server.py::test_threadpool_multistart_validation 
cheroot/test/test_ssl.py::test_ssl_adapters[builtin] 
cheroot/test/test_server.py::test_bind_addr_unix_abstract 
cheroot/test/test_server.py::test_bind_addr_inet[::] 
[gw2] [ 76%] PASSED cheroot/test/test_server.py::test_bind_addr_unix_abstract 
[gw3] [ 77%] PASSED cheroot/test/test_ssl.py::test_ssl_adapters[builtin] 
[gw5] [ 78%] PASSED cheroot/test/test_server.py::test_stop_interrupts_serve 
cheroot/test/test_server.py::test_peercreds_unix_sock[file] 
[gw6] [ 78%] PASSED cheroot/test/test_server.py::test_bind_addr_inet[::] 
[gw5] [ 79%] PASSED cheroot/test/test_server.py::test_peercreds_unix_sock[file] 
[gw7] [ 80%] PASSED cheroot/test/test_server.py::test_server_interrupt[KeyboardInterrupt] 
cheroot/test/test_server.py::test_server_interrupt[OSError1] 
cheroot/test/test_server.py::test_peercreds_unix_sock_with_lookup[file] 
cheroot/test/test_server.py::test_peercreds_unix_sock[abstract] 
[gw4] [ 80%] PASSED cheroot/test/test_server.py::test_high_number_of_file_descriptors[2048] 
cheroot/test/test_server.py::test_reuse_port[0.0.0.0] 
[gw0] [ 81%] PASSED cheroot/test/test_server.py::test_peercreds_unix_sock_with_lookup[file] 
[gw4] [ 82%] PASSED cheroot/test/test_server.py::test_reuse_port[0.0.0.0] 
cheroot/test/test_ssl.py::test_ssl_env[0-False-builtin] 
cheroot/test/test_ssl.py::test_ssl_env[0-True-pyopenssl] 
[gw2] [ 82%] PASSED cheroot/test/test_server.py::test_peercreds_unix_sock[abstract] 
cheroot/test/test_ssl.py::test_ssl_adapters[pyopenssl] 
cheroot/test/test_ssl.py::test_ssl_env[0-True-builtin] 
[gw4] [ 83%] PASSED cheroot/test/test_ssl.py::test_ssl_env[0-True-pyopenssl] 
[gw6] [ 83%] PASSED cheroot/test/test_ssl.py::test_ssl_env[0-False-builtin] 
[gw3] [ 84%] PASSED cheroot/test/test_ssl.py::test_ssl_adapters[pyopenssl] 
cheroot/test/test_server.py::test_peercreds_unix_sock_with_lookup[abstract] 
[gw2] [ 85%] PASSED cheroot/test/test_ssl.py::test_ssl_env[0-True-builtin] 
[gw5] [ 85%] PASSED cheroot/test/test_server.py::test_peercreds_unix_sock_with_lookup[abstract] 
cheroot/test/test_ssl.py::test_ssl_env[2-True-builtin] 
[gw7] [ 86%] PASSED cheroot/test/test_server.py::test_server_interrupt[OSError1] 
cheroot/test/test_ssl.py::test_ssl_env[0-False-pyopenssl] 
cheroot/test/test_server.py::test_high_number_of_file_descriptors[1024] 
[gw5] [ 87%] PASSED cheroot/test/test_ssl.py::test_ssl_env[2-True-builtin] 
[gw7] [ 87%] PASSED cheroot/test/test_ssl.py::test_ssl_env[0-False-pyopenssl] 
cheroot/test/test_ssl.py::test_ssl_env[1-False-pyopenssl] 
cheroot/test/test_ssl.py::test_ssl_env[1-False-builtin] 
cheroot/test/test_ssl.py::test_ssl_env[1-True-builtin] 
cheroot/test/test_ssl.py::test_ssl_env[1-True-pyopenssl] 
[gw6] [ 88%] PASSED cheroot/test/test_ssl.py::test_ssl_env[1-False-builtin] 
[gw4] [ 89%] PASSED cheroot/test/test_ssl.py::test_ssl_env[1-False-pyopenssl] 
[gw3] [ 89%] PASSED cheroot/test/test_ssl.py::test_ssl_env[1-True-builtin] 
[gw2] [ 90%] PASSED cheroot/test/test_ssl.py::test_ssl_env[1-True-pyopenssl] 
cheroot/test/test_ssl.py::test_ssl_env[2-True-pyopenssl] 
cheroot/test/test_ssl.py::test_https_over_http_error[0.0.0.0] 
[gw5] [ 91%] PASSED cheroot/test/test_ssl.py::test_ssl_env[2-True-pyopenssl] 
[gw0] [ 91%] PASSED cheroot/test/test_server.py::test_high_number_of_file_descriptors[1024] 
cheroot/test/test_ssl.py::test_https_over_http_error[::] 
[gw7] [ 92%] PASSED cheroot/test/test_ssl.py::test_https_over_http_error[0.0.0.0] 
cheroot/test/test_ssl.py::test_http_over_https_error[0.0.0.0-builtin] 
cheroot/test/test_ssl.py::test_http_over_https_error[0.0.0.0-pyopenssl] 
cheroot/test/test_ssl.py::test_http_over_https_error[::-builtin] 
cheroot/test/test_ssl.py::test_http_over_https_error[::-pyopenssl] 
[gw0] [ 92%] ERROR cheroot/test/test_ssl.py::test_https_over_http_error[::] 
[gw6] [ 93%] PASSED cheroot/test/test_ssl.py::test_http_over_https_error[0.0.0.0-pyopenssl] 
cheroot/test/test_wsgi.py::test_gateway_write_needs_start_response_called_before 
[gw0] [ 94%] PASSED cheroot/test/test_wsgi.py::test_gateway_write_needs_start_response_called_before Client ('127.0.0.1', 39606) attempted to speak plain HTTP into a TCP connection configured for TLS-only traffic  trying to send back a plain HTTP error response: (1, '[SSL: HTTP_REQUEST] http request (_ssl.c:1010)')

[gw4] [ 94%] PASSED cheroot/test/test_ssl.py::test_http_over_https_error[0.0.0.0-builtin] 
[gw3] [ 95%] PASSED cheroot/test/test_ssl.py::test_http_over_https_error[::-builtin] 
[gw2] [ 96%] PASSED cheroot/test/test_ssl.py::test_http_over_https_error[::-pyopenssl] 
cheroot/test/test_wsgi.py::test_connection_keepalive 
cheroot/test/test_wsgi.py::test_gateway_start_response_called_twice 
[gw7] [ 96%] PASSED cheroot/test/test_wsgi.py::test_gateway_start_response_called_twice 
cheroot/test/webtest.py::cheroot.test.webtest.strip_netloc 
[gw6] [ 97%] PASSED cheroot/test/webtest.py::cheroot.test.webtest.strip_netloc 
cheroot/test/webtest.py::cheroot.test.webtest.WebCase.getPage 
[gw4] [ 98%] PASSED cheroot/test/webtest.py::cheroot.test.webtest.WebCase.getPage 
[gw1] [ 98%] PASSED cheroot/test/test_conn.py::test_HTTP11_Timeout_after_request 
cheroot/test/test_conn.py::test_HTTP11_pipelining 
[gw1] [ 99%] PASSED cheroot/test/test_conn.py::test_HTTP11_pipelining 
[gw5] [100%] PASSED cheroot/test/test_wsgi.py::test_connection_keepalive 

==================================== ERRORS ====================================
_______________ ERROR at setup of test_https_over_http_error[::] _______________
[gw0] linux -- Python 3.12.10 /usr/src/RPM/BUILD/python3-module-cheroot-10.0.1/.run_venv/bin/python3

cls = <class '_pytest.runner.CallInfo'>
func = <function call_and_report.<locals>.<lambda> at 0x7f8ab17c45e0>
when = 'setup'
reraise = (<class '_pytest.outcomes.Exit'>, <class 'KeyboardInterrupt'>)

    @classmethod
    def from_call(
        cls,
        func: Callable[[], TResult],
        when: Literal["collect", "setup", "call", "teardown"],
        reraise: type[BaseException] | tuple[type[BaseException], ...] | None = None,
    ) -> CallInfo[TResult]:
        """Call func, wrapping the result in a CallInfo.
    
        :param func:
            The function to call. Called without arguments.
        :type func: Callable[[], _pytest.runner.TResult]
        :param when:
            The phase in which the function is called.
        :param reraise:
            Exception or exceptions that shall propagate if raised by the
            function, instead of being wrapped in the CallInfo.
        """
        excinfo = None
        start = timing.time()
        precise_start = timing.perf_counter()
        try:
>           result: TResult | None = func()

cls        = <class '_pytest.runner.CallInfo'>
duration   = 0.0007078638300299644
excinfo    = <ExceptionInfo AssertionError('previous item was not torn down properly') tblen=19>
func       = <function call_and_report.<locals>.<lambda> at 0x7f8ab17c45e0>
precise_start = 1684455.65738425
precise_stop = 1684455.658092114
reraise    = (<class '_pytest.outcomes.Exit'>, <class 'KeyboardInterrupt'>)
result     = None
start      = 1747369205.2005513
stop       = 1747369205.2012603
when       = 'setup'

/usr/lib/python3/site-packages/_pytest/runner.py:341: 
_ _ _ _ _ _ _ _ _ _ _ _ _ _ _ _ _ _ _ _ _ _ _ _ _ _ _ _ _ _ _ _ _ _ _ _ _ _ _ _ 
/usr/lib/python3/site-packages/_pytest/runner.py:242: in <lambda>
    lambda: runtest_hook(item=item, **kwds), when=when, reraise=reraise
        item       = <Function test_https_over_http_error[::]>
        kwds       = {}
        runtest_hook = <HookCaller 'pytest_runtest_setup'>
/usr/lib/python3/site-packages/pluggy/_hooks.py:513: in __call__
    return self._hookexec(self.name, self._hookimpls.copy(), kwargs, firstresult)
        firstresult = False
        kwargs     = {'item': <Function test_https_over_http_error[::]>}
        self       = <HookCaller 'pytest_runtest_setup'>
/usr/lib/python3/site-packages/pluggy/_manager.py:120: in _hookexec
    return self._inner_hookexec(hook_name, methods, kwargs, firstresult)
        firstresult = False
        hook_name  = 'pytest_runtest_setup'
        kwargs     = {'item': <Function test_https_over_http_error[::]>}
        methods    = [<HookImpl plugin_name='runner', plugin=<module '_pytest.runner' from '/usr/lib/python3/site-packages/_pytest/runner.p...=None>>, <HookImpl plugin_name='logging-plugin', plugin=<_pytest.logging.LoggingPlugin object at 0x7f8ad02048c0>>, ...]
        self       = <_pytest.config.PytestPluginManager object at 0x7f8ad242dd00>
/usr/lib/python3/site-packages/_pytest/unraisableexception.py:90: in pytest_runtest_setup
    yield from unraisable_exception_runtest_hook()
/usr/lib/python3/site-packages/_pytest/unraisableexception.py:70: in unraisable_exception_runtest_hook
    yield
        cm         = <_pytest.unraisableexception.catch_unraisable_exception object at 0x7f8ab173d0d0>
/usr/lib/python3/site-packages/_pytest/logging.py:840: in pytest_runtest_setup
    yield from self._runtest_for(item, "setup")
        empty      = {'setup': []}
        item       = <Function test_https_over_http_error[::]>
        self       = <_pytest.logging.LoggingPlugin object at 0x7f8ad02048c0>
/usr/lib/python3/site-packages/_pytest/logging.py:829: in _runtest_for
    yield
        caplog_handler = <LogCaptureHandler (NOTSET)>
        item       = <Function test_https_over_http_error[::]>
        log        = ''
        report_handler = <LogCaptureHandler (NOTSET)>
        self       = <_pytest.logging.LoggingPlugin object at 0x7f8ad02048c0>
        when       = 'setup'
/usr/lib/python3/site-packages/_pytest/capture.py:893: in pytest_runtest_setup
    return (yield)
        item       = <Function test_https_over_http_error[::]>
        self       = <CaptureManager _method='fd' _global_capturing=<MultiCapture out=<FDCapture 1 oldfd=7 _state='suspended' tmpfile=<_io....xtIOWrapper name='/dev/null' mode='r' encoding='utf-8'>> _state='suspended' _in_suspended=False> _capture_fixture=None>
/usr/lib/python3/site-packages/_pytest/threadexception.py:87: in pytest_runtest_setup
    yield from thread_exception_runtest_hook()
/usr/lib/python3/site-packages/_pytest/threadexception.py:68: in thread_exception_runtest_hook
    yield
        cm         = <_pytest.threadexception.catch_threading_exception object at 0x7f8ab173c620>
/usr/lib/python3/site-packages/_pytest/runner.py:160: in pytest_runtest_setup
    item.session._setupstate.setup(item)
        item       = <Function test_https_over_http_error[::]>
_ _ _ _ _ _ _ _ _ _ _ _ _ _ _ _ _ _ _ _ _ _ _ _ _ _ _ _ _ _ _ _ _ _ _ _ _ _ _ _ 

self = <_pytest.runner.SetupState object at 0x7f8ad0472780>
item = <Function test_https_over_http_error[::]>

    def setup(self, item: Item) -> None:
        """Setup objects along the collector chain to the item."""
        needed_collectors = item.listchain()
    
        # If a collector fails its setup, fail its entire subtree of items.
        # The setup is not retried for each item - the same exception is used.
        for col, (finalizers, exc) in self.stack.items():
>           assert col in needed_collectors, "previous item was not torn down properly"
E           AssertionError: previous item was not torn down properly

col        = <Module test_server.py>
exc        = None
finalizers = [<bound method Node.teardown of <Module test_server.py>>]
item       = <Function test_https_over_http_error[::]>
needed_collectors = [<Session  exitstatus=<ExitCode.OK: 0> testsfailed=0 testscollected=156>, <Dir python3-module-cheroot-10.0.1>, <Package cheroot>, <Package test>, <Module test_ssl.py>, <Function test_https_over_http_error[::]>]
self       = <_pytest.runner.SetupState object at 0x7f8ad0472780>

/usr/lib/python3/site-packages/_pytest/runner.py:505: AssertionError
- generated xml file: /usr/src/RPM/BUILD/python3-module-cheroot-10.0.1/.test-results/pytest/test.xml -
================================ tests coverage ================================
_______________ coverage: platform linux, python 3.12.10-final-0 _______________

Name                             Stmts   Miss  Cover   Missing
--------------------------------------------------------------
cheroot/__init__.py                  8      8     0%   3-12
cheroot/__main__.py                  3      3     0%   3-6
cheroot/_compat.py                  37      3    92%   13-15
cheroot/cli.py                      70     22    69%   86, 93, 101-107, 111, 119, 123-129, 150-151, 232-243
cheroot/connections.py             178     33    81%   17-39, 227, 284, 296-301, 325, 339-344, 351-375
cheroot/errors.py                   20      2    90%   55-56
cheroot/makefile.py                 41      2    95%   20, 35
cheroot/server.py                 1032    242    77%   120-127, 132-135, 139-144, 198, 204, 218, 229, 234, 251-252, 270, 281-284, 296-299, 323-332, 336, 340, 344-347, 374, 393-402, 414-423, 427, 431, 435-437, 465, 471, 480-481, 493, 501, 518, 522, 531-533, 547-578, 590-599, 608-629, 633, 716-721, 728-734, 768-770, 838-864, 907-911, 928-930, 937, 960-961, 1028-1030, 1059-1061, 1072-1078, 1110, 1150, 1283, 1314, 1328, 1355, 1357, 1393, 1397, 1408-1416, 1448, 1667-1670, 1674, 1721, 1735, 1740, 1759, 1764-1766, 1777-1785, 1792-1796, 1799, 1821-1822, 1903-1907, 1917, 1921-1927, 1937, 1951-1952, 1956-1958, 1965-1971, 1974, 1989, 1992, 1999, 2002-2005, 2055-2058, 2094-2096, 2146-2151, 2171-2173, 2217, 2225-2226
cheroot/ssl/builtin.py             191     32    83%   17-18, 22-26, 37, 73, 101-102, 127, 206, 218, 225, 233, 236, 273, 284, 289-290, 318, 365, 396, 403-404, 406-407, 421, 430, 441-442
cheroot/ssl/pyopenssl.py           144     21    85%   65-68, 100, 105-108, 111, 116-117, 123, 126, 130, 150, 158, 272, 283, 304, 378
cheroot/test/_pytest_plugin.py       6      4    33%   7-13, 16
cheroot/test/conftest.py            54      4    93%   29, 32, 55-56
cheroot/test/helper.py              99     42    58%   42-70, 75-76, 81-83, 88-91, 97-105, 135, 150-151, 166
cheroot/test/test_conn.py          719     33    95%   55, 97, 175-178, 306-311, 1049-1053, 1077-1080, 1083, 1177, 1351-1364, 1477-1479
cheroot/test/test_core.py          220      7    97%   32, 296-298, 403-406, 439
cheroot/test/test_makefile.py       30      4    87%   24-27
cheroot/test/test_server.py        231      7    97%   53, 237, 264, 306, 433, 456-457
cheroot/test/test_ssl.py           251     68    73%   89, 153-156, 275-436, 551, 553-569, 574, 638, 688, 692
cheroot/test/webtest.py            306    176    42%   54-57, 62-64, 72-79, 94-96, 125-126, 130-134, 145-150, 159, 163, 171, 198-228, 238-246, 251-296, 301, 305-310, 318-323, 327-338, 342-351, 355-362, 366-371, 375-381, 385-392, 396-401, 405-410, 414-419, 439, 451-454, 478, 502-505, 509, 518, 524, 579-588
cheroot/testing.py                  88      9    90%   46-47, 147-149, 153, 165-167
cheroot/workers/threadpool.py      176     40    77%   26, 29, 163, 218-222, 305-310, 320, 336-352, 363-364, 392-395, 400-411, 426
cheroot/wsgi.py                    144     33    77%   88, 92, 140, 163-164, 170, 174, 194, 271-282, 325-342, 396-402
--------------------------------------------------------------
TOTAL                             4182    795    81%

8 files skipped due to complete coverage.
Coverage XML written to file .test-results/pytest/cov.xml
============================= slowest 10 durations =============================
4.61s call     cheroot/test/test_wsgi.py::test_connection_keepalive
4.01s call     cheroot/test/test_conn.py::test_HTTP11_Timeout_after_request
3.42s call     cheroot/test/test_conn.py::test_keepalive_conn_management
2.00s call     cheroot/test/test_conn.py::test_HTTP11_Timeout[True]
2.00s call     cheroot/test/test_conn.py::test_HTTP11_Timeout[False]
1.03s call     cheroot/test/test_conn.py::test_invalid_selected_connection
0.62s call     cheroot/test/test_conn.py::test_broken_connection_during_http_communication_fallback
0.62s call     cheroot/test/test_conn.py::test_kb_int_from_http_handler
0.62s call     cheroot/test/test_conn.py::test_598
0.61s call     cheroot/test/test_conn.py::test_unhandled_exception_in_request_handler
=========================== short test summary info ============================
XFAIL cheroot/test/test_conn.py::test_Chunked_Encoding - Headers from earlier request leak into the request line for a subsequent request, resulting in 400 instead of 413. See cherrypy/cheroot#69 for details.
XFAIL cheroot/test/test_conn.py::test_598 - Sometimes this test fails due to low timeout. Ref: https://github.com/cherrypy/cherrypy/issues/598
XFAIL cheroot/test/test_core.py::test_large_request - https://github.com/cherrypy/cheroot/issues/106
ERROR cheroot/test/test_ssl.py::test_https_over_http_error[::] - AssertionErr...
=================== 152 passed, 3 xfailed, 1 error in 23.67s ===================
INFO     : Command's result: FAILURE
INFO     : Command's error: Command '['python3', '-m', 'pytest', '-k', 'not test_tls_client_auth']' returned non-zero exit status 1.
error: Bad exit status from /usr/src/tmp/rpm-tmp.11513 (%check)


RPM build errors:
    Bad exit status from /usr/src/tmp/rpm-tmp.11513 (%check)
Command exited with non-zero status 1
54.38user 3.32system 0:26.12elapsed 220%CPU (0avgtext+0avgdata 77592maxresident)k
0inputs+0outputs (0major+303407minor)pagefaults 0swaps
hsh-rebuild: rebuild of `python3-module-cheroot-10.0.1-alt3.src.rpm' failed.
Command exited with non-zero status 1
8.43user 2.64system 0:45.44elapsed 24%CPU (0avgtext+0avgdata 142384maxresident)k
896inputs+0outputs (0major+351246minor)pagefaults 0swaps
