<86>May 16 05:13:01 userdel[865849]: delete user 'rooter'
<86>May 16 05:13:01 userdel[865849]: removed group 'rooter' owned by 'rooter'
<86>May 16 05:13:01 userdel[865849]: removed shadow group 'rooter' owned by 'rooter'
<86>May 16 05:13:01 groupadd[865875]: group added to /etc/group: name=rooter, GID=1790
<86>May 16 05:13:01 groupadd[865875]: group added to /etc/gshadow: name=rooter
<86>May 16 05:13:01 groupadd[865875]: new group: name=rooter, GID=1790
<86>May 16 05:13:01 useradd[865889]: new user: name=rooter, UID=1790, GID=1790, home=/root, shell=/bin/bash, from=none
<86>May 16 05:13:01 userdel[865918]: delete user 'builder'
<86>May 16 05:13:01 userdel[865918]: removed group 'builder' owned by 'builder'
<86>May 16 05:13:01 userdel[865918]: removed shadow group 'builder' owned by 'builder'
<86>May 16 05:13:01 groupadd[865939]: group added to /etc/group: name=builder, GID=1791
<86>May 16 05:13:01 groupadd[865939]: group added to /etc/gshadow: name=builder
<86>May 16 05:13:01 groupadd[865939]: new group: name=builder, GID=1791
<86>May 16 05:13:01 useradd[865968]: new user: name=builder, UID=1791, GID=1791, home=/usr/src, shell=/bin/bash, from=none
<13>May 16 05:13:05 rpmi: libmpdec3-2.5.1-alt3 sisyphus+314490.500.5.1 1675432004 installed
<13>May 16 05:13:05 rpmi: libgdbm-1.8.3-alt10 sisyphus+346222.200.3.2 1716468404 installed
<13>May 16 05:13:05 rpmi: libexpat-2.7.1-alt1 sisyphus+379929.100.1.1 1743519381 installed
<13>May 16 05:13:05 rpmi: openssl-config-3.2.0-alt1 sisyphus+366659.140.4.1 1736956949 installed
<13>May 16 05:13:05 rpmi: libb2-0.98.1-alt1_1 sisyphus+291614.100.1.1 1638962877 installed
<13>May 16 05:13:05 rpmi: libp11-kit-1:0.25.5-alt1 sisyphus+352553.100.1.1 1720622573 installed
<13>May 16 05:13:05 rpmi: libtasn1-4.20.0-alt2 sisyphus+375829.100.1.1 1740299335 installed
<13>May 16 05:13:05 rpmi: rpm-macros-alternatives-0.5.3-alt1 sisyphus+371878.100.1.1 1737988822 installed
<13>May 16 05:13:05 rpmi: alternatives-0.5.3-alt1 sisyphus+371878.100.1.1 1737988822 installed
<13>May 16 05:13:05 rpmi: ca-certificates-2025.05.12-alt1 sisyphus+383903.200.2.1 1747060316 installed
<13>May 16 05:13:05 rpmi: ca-trust-0.2.0-alt1 sisyphus+344843.100.1.1 1712743326 installed
<13>May 16 05:13:05 rpmi: p11-kit-trust-1:0.25.5-alt1 sisyphus+352553.100.1.1 1720622573 installed
<13>May 16 05:13:05 rpmi: libcrypto3-3.3.3-alt1 sisyphus+374381.40.2.1 1739299401 installed
<13>May 16 05:13:05 rpmi: libssl3-3.3.3-alt1 sisyphus+374381.40.2.1 1739299401 installed
<13>May 16 05:13:05 rpmi: python3-3.12.10-alt1 sisyphus+381757.100.1.1 1744802808 installed
<13>May 16 05:13:06 rpmi: python3-base-3.12.10-alt1 sisyphus+381757.100.1.1 1744802808 installed
<13>May 16 05:13:06 rpmi: python3-module-py3dephell-0.3.1-alt1 sisyphus+365261.200.1.1 1734463433 installed
<13>May 16 05:13:06 rpmi: python3-module-pyproject-installer-0.5.5-alt2 sisyphus+366395.100.1.1 1735032014 installed
<13>May 16 05:13:06 rpmi: rpm-macros-pyproject-0.0.9-alt1 sisyphus+362541.300.2.1 1731671840 installed
<13>May 16 05:13:06 rpmi: tests-for-installed-python3-pkgs-0.1.28-alt1 sisyphus+375953.100.2.1 1740855713 installed
<13>May 16 05:13:06 rpmi: rpm-build-python3-0.1.28-alt1 sisyphus+375953.100.2.1 1740855713 installed
<13>May 16 05:13:06 rpmi: rpm-build-pyproject-0.0.9-alt1 sisyphus+362541.300.2.1 1731671840 installed
<13>May 16 05:13:09 rpmi: libcom_err-1.47.1.0.10.ad56-alt2 sisyphus+363497.200.3.1 1732729908 installed
<13>May 16 05:13:09 rpmi: libverto-0.3.2-alt1_1 sisyphus+321176.2200.10.2 1684803947 installed
<13>May 16 05:13:09 rpmi: python3-module-more-itertools-10.6.0-alt1 sisyphus+369595.100.2.1 1737017267 installed
<13>May 16 05:13:09 rpmi: python3-module-jaraco.functools-4.1.0-alt1.1 sisyphus+376369.24200.10.1 1746632566 installed
<13>May 16 05:13:09 rpmi: python3-module-packaging-25.0-alt1 sisyphus+382195.100.1.1 1745223121 installed
<13>May 16 05:13:09 rpmi: chrooted-0.3.12-alt1 sisyphus+327286.5300.14.1 1711487147 installed
<13>May 16 05:13:09 rpmi: liblz4-1:1.9.4-alt1 sisyphus+309416.100.1.1 1667412981 installed
<13>May 16 05:13:09 rpmi: libdevmapper-1.02.204-alt1 sisyphus+374689.200.1.1 1739555038 installed
<13>May 16 05:13:09 rpmi: libsystemd-1:257.5-alt3 sisyphus+382915.200.3.1 1746543080 installed
<13>May 16 05:13:09 rpmi: libdbus-1.16.2-alt1 sisyphus+376383.100.1.1 1740749230 installed
<86>May 16 05:13:09 groupadd[888956]: group added to /etc/group: name=messagebus, GID=999
<86>May 16 05:13:09 groupadd[888956]: group added to /etc/gshadow: name=messagebus
<86>May 16 05:13:09 groupadd[888956]: new group: name=messagebus, GID=999
<86>May 16 05:13:09 useradd[889013]: new user: name=messagebus, UID=999, GID=999, home=/run/dbus, shell=/dev/null, from=none
<13>May 16 05:13:09 rpmi: dbus-1.16.2-alt1 sisyphus+376383.100.1.1 1740749230 installed
<13>May 16 05:13:09 rpmi: dbus-tools-1.16.2-alt1 sisyphus+376383.100.1.1 1740749230 installed
<13>May 16 05:13:09 rpmi: pam_systemd-1:257.5-alt3 sisyphus+382915.200.3.1 1746543080 installed
<13>May 16 05:13:09 rpmi: libnss-systemd-1:257.5-alt3 sisyphus+382915.200.3.1 1746543080 installed
<13>May 16 05:13:10 rpmi: libnss-myhostname-1:257.5-alt3 sisyphus+382915.200.3.1 1746543080 installed
<13>May 16 05:13:10 rpmi: libverto-devel-0.3.2-alt1_1 sisyphus+321176.2200.10.2 1684803947 installed
<13>May 16 05:13:10 rpmi: libss-1.47.1.0.10.ad56-alt2 sisyphus+363497.200.3.1 1732729908 installed
<13>May 16 05:13:10 rpmi: libcom_err-devel-1.47.1.0.10.ad56-alt2 sisyphus+363497.200.3.1 1732729908 installed
<13>May 16 05:13:10 rpmi: libe2fs-1.47.1.0.10.ad56-alt2 sisyphus+363497.200.3.1 1732729908 installed
<13>May 16 05:13:10 rpmi: python3-module-pluggy-1.5.0-alt1 sisyphus+345632.100.2.1 1713864244 installed
<13>May 16 05:13:10 rpmi: python3-module-iniconfig-2.1.0-alt1 sisyphus+378658.100.2.1 1742493599 installed
<13>May 16 05:13:10 rpmi: python3-module-decorator-5.2.1-alt1 sisyphus+376067.100.1.1 1740491622 installed
<13>May 16 05:13:10 rpmi: python3-module-zombie-imp-0.0.2-alt1 sisyphus+339293.100.1.1 1706537230 installed
<13>May 16 05:13:10 rpmi: python3-module-wheel-0.45.1-alt3 sisyphus+384059.500.2.1 1747240259 installed
<13>May 16 05:13:10 rpmi: python3-module-platformdirs-4.3.7-alt1 sisyphus+378659.100.2.1 1742562597 installed
<13>May 16 05:13:10 rpmi: python3-module-jaraco.context-6.0.1-alt1.1 sisyphus+376369.6200.10.1 1746628448 installed
<13>May 16 05:13:10 rpmi: python3-module-autocommand-2.2.2-alt1.1 sisyphus+339714.100.1.1 1706968174 installed
<13>May 16 05:13:10 rpmi: python3-module-jaraco.text-4.0.0-alt1.1 sisyphus+376369.7300.10.1 1746628739 installed
<13>May 16 05:13:10 rpmi: python3-module-pkg_resources-1:80.4.0-alt1 sisyphus+384059.100.2.1 1747240150 installed
<13>May 16 05:13:10 rpmi: su-0.60-alt37 sisyphus+358299.200.3.1 1728461042 installed
<13>May 16 05:13:10 rpmi: systemd-modules-common-1:257.5-alt3 sisyphus+382915.200.3.1 1746543080 installed
<13>May 16 05:13:10 rpmi: systemd-sysctl-common-1:257.5-alt3 sisyphus+382915.200.3.1 1746543080 installed
<13>May 16 05:13:10 rpmi: systemd-tmpfiles-common-1:257.5-alt3 sisyphus+382915.200.3.1 1746543080 installed
<13>May 16 05:13:10 rpmi: systemd-utils-filetriggers-1:257.5-alt3 sisyphus+382915.200.3.1 1746543080 installed
<13>May 16 05:13:10 rpmi: systemd-filesystem-1:257.5-alt3 sisyphus+382915.200.3.1 1746543080 installed
<13>May 16 05:13:10 rpmi: msulogin-1.0-alt1 sisyphus+278100.4500.1.1 1626059577 installed
<13>May 16 05:13:10 rpmi: monit-base-5.35.2-alt1 sisyphus+383619.100.1.1 1746751526 installed
<86>May 16 05:13:10 groupadd[891817]: group added to /etc/group: name=psqluser, GID=998
<86>May 16 05:13:10 groupadd[891817]: group added to /etc/gshadow: name=psqluser
<86>May 16 05:13:10 groupadd[891817]: new group: name=psqluser, GID=998
<86>May 16 05:13:10 useradd[892055]: failed adding user 'postgres', exit code: 9
<13>May 16 05:13:10 rpmi: postgresql-common-1.0-alt9 sisyphus+316872.700.2.1 1679053194 installed
<13>May 16 05:13:10 rpmi: libxslt-1.1.39-alt1 sisyphus+349406.100.1.1 1716751806 installed
<13>May 16 05:13:10 rpmi: libuv-1.50.0-alt1 sisyphus+377760.100.1.1 1741795923 installed
<13>May 16 05:13:10 rpmi: libsqlite3-3.47.1-alt1 sisyphus+375553.2600.2.1 1740149712 installed
<13>May 16 05:13:10 rpmi: python3-modules-sqlite3-3.12.10-alt1 sisyphus+381757.100.1.1 1744802808 installed
<13>May 16 05:13:10 rpmi: python3-module-coverage-7.6.10-alt1 sisyphus+378449.100.1.1 1742313292 installed
<13>May 16 05:13:10 rpmi: libpython3-3.12.10-alt1 sisyphus+381757.100.1.1 1744802808 installed
<13>May 16 05:13:10 rpmi: libossp-uuid16-1.6.2-alt2 sisyphus+335067.4400.2.2 1701150504 installed
<13>May 16 05:13:10 rpmi: libncurses6-6.3.20220618-alt4 sisyphus+327286.4600.14.1 1711486705 installed
<13>May 16 05:13:10 rpmi: libtinfo-devel-6.3.20220618-alt4 sisyphus+327286.4600.14.1 1711486705 installed
<13>May 16 05:13:10 rpmi: libncurses-devel-6.3.20220618-alt4 sisyphus+327286.4600.14.1 1711486705 installed
<13>May 16 05:13:11 rpmi: python3-dev-3.12.10-alt1 sisyphus+381757.100.1.1 1744802808 installed
<13>May 16 05:13:11 rpmi: python3-module-setuptools-1:80.4.0-alt1 sisyphus+384059.100.2.1 1747240150 installed
<13>May 16 05:13:11 rpmi: openldap-common-2.6.9-alt2 sisyphus+367501.300.4.1 1735841751 installed
<13>May 16 05:13:11 rpmi: libidn2-2.3.7-alt1 sisyphus+339505.100.1.2 1706718968 installed
<13>May 16 05:13:11 rpmi: libicu76-1:7.6.1-alt1 sisyphus+375553.100.1.1 1740138060 installed
<13>May 16 05:13:11 rpmi: libfdisk-2.39.2-alt2 sisyphus+368471.140.2.1 1737124262 installed
<13>May 16 05:13:11 rpmi: libev4-4.33-alt3 sisyphus+334335.340.4.1 1699912675 installed
<13>May 16 05:13:11 rpmi: libverto-libev-0.3.2-alt1_1 sisyphus+321176.2200.10.2 1684803947 installed
<13>May 16 05:13:11 rpmi: libjson-c5-0.18-alt1 sisyphus+358387.100.1.1 1727298142 installed
<13>May 16 05:13:11 rpmi: libargon2-20190702-alt1 sisyphus+346050.200.2.1 1716230698 installed
<13>May 16 05:13:11 rpmi: libcryptsetup-2.7.5-alt1 sisyphus+357554.100.1.1 1726319400 installed
<13>May 16 05:13:11 rpmi: liblmdb-0.9.33-alt1 sisyphus+360625.100.1.1 1729819640 installed
<13>May 16 05:13:11 rpmi: libkeyutils-1.6.3-alt1 sisyphus+346336.200.2.2 1716472658 installed
<86>May 16 05:13:11 groupadd[895400]: group added to /etc/group: name=_keytab, GID=997
<86>May 16 05:13:11 groupadd[895400]: group added to /etc/gshadow: name=_keytab
<86>May 16 05:13:11 groupadd[895400]: new group: name=_keytab, GID=997
<13>May 16 05:13:12 rpmi: libkrb5-1.21.3-alt2 sisyphus+351857.100.1.1 1719735141 installed
<13>May 16 05:13:12 rpmi: krb5-kinit-1.21.3-alt2 sisyphus+351857.100.1.1 1719735141 installed
<13>May 16 05:13:12 rpmi: krb5-kadmin-1.21.3-alt2 sisyphus+351857.100.1.1 1719735141 installed
<86>May 16 05:13:12 groupadd[895529]: group added to /etc/group: name=sasl, GID=996
<86>May 16 05:13:12 groupadd[895529]: group added to /etc/gshadow: name=sasl
<86>May 16 05:13:12 groupadd[895529]: new group: name=sasl, GID=996
<13>May 16 05:13:12 rpmi: libsasl2-3-2.1.28-alt2.1 sisyphus+367419.100.1.1 1735482560 installed
<13>May 16 05:13:12 rpmi: libldap2-2.6.9-alt2 sisyphus+367501.300.4.1 1735841751 installed
<13>May 16 05:13:12 rpmi: libkrb5-ldap-1.21.3-alt2 sisyphus+351857.100.1.1 1719735141 installed
<13>May 16 05:13:12 rpmi: libpq5-17-17.5-alt1 sisyphus+383526.100.1.1 1746616280 installed
<13>May 16 05:13:12 rpmi: postgresql17-17.5-alt1 sisyphus+383526.100.1.1 1746616280 installed
<13>May 16 05:13:12 rpmi: libkrb5-devel-1.21.3-alt2 sisyphus+351857.100.1.1 1719735141 installed
<13>May 16 05:13:12 rpmi: krb5-kdc-1.21.3-alt2 sisyphus+351857.100.1.1 1719735141 installed
<13>May 16 05:13:12 rpmi: libtirpc-1.3.6-alt1 sisyphus+360096.100.1.1 1729241806 installed
<13>May 16 05:13:12 rpmi: quota-2:4.06.0.7.100b-alt1 sisyphus+284564.100.1.1 1630709881 installed
<13>May 16 05:13:12 rpmi: mount-2.39.2-alt2 sisyphus+368471.140.2.1 1737124262 installed
<13>May 16 05:13:12 rpmi: losetup-2.39.2-alt2 sisyphus+368471.140.2.1 1737124262 installed
<13>May 16 05:13:12 rpmi: libkmod-32-alt1 sisyphus+357452.100.2.1 1727718007 installed
<13>May 16 05:13:12 rpmi: kmod-32-alt1 sisyphus+357452.100.2.1 1727718007 installed
<13>May 16 05:13:12 rpmi: lsblk-2.39.2-alt2 sisyphus+368471.140.2.1 1737124262 installed
<86>May 16 05:13:12 groupadd[896450]: group added to /etc/group: name=tape, GID=995
<86>May 16 05:13:12 groupadd[896450]: group added to /etc/gshadow: name=tape
<86>May 16 05:13:12 groupadd[896450]: new group: name=tape, GID=995
<86>May 16 05:13:12 groupadd[896470]: group added to /etc/group: name=dialout, GID=994
<86>May 16 05:13:12 groupadd[896470]: group added to /etc/gshadow: name=dialout
<86>May 16 05:13:12 groupadd[896470]: new group: name=dialout, GID=994
<86>May 16 05:13:12 groupadd[896492]: group added to /etc/group: name=input, GID=993
<86>May 16 05:13:12 groupadd[896492]: group added to /etc/gshadow: name=input
<86>May 16 05:13:12 groupadd[896492]: new group: name=input, GID=993
<86>May 16 05:13:12 groupadd[896517]: group added to /etc/group: name=video, GID=992
<86>May 16 05:13:12 groupadd[896517]: group added to /etc/gshadow: name=video
<86>May 16 05:13:12 groupadd[896517]: new group: name=video, GID=992
<86>May 16 05:13:12 groupadd[896538]: group added to /etc/group: name=render, GID=991
<86>May 16 05:13:12 groupadd[896538]: group added to /etc/gshadow: name=render
<86>May 16 05:13:12 groupadd[896538]: new group: name=render, GID=991
<86>May 16 05:13:12 groupadd[896561]: group added to /etc/group: name=sgx, GID=990
<86>May 16 05:13:12 groupadd[896561]: group added to /etc/gshadow: name=sgx
<86>May 16 05:13:12 groupadd[896561]: new group: name=sgx, GID=990
<13>May 16 05:13:12 rpmi: udev-1:257.5-alt3 sisyphus+382915.200.3.1 1746543080 installed
<13>May 16 05:13:12 rpmi: dmsetup-1.02.204-alt1 sisyphus+374689.200.1.1 1739555038 installed
<13>May 16 05:13:12 rpmi: login-0.60-alt37 sisyphus+358299.200.3.1 1728461042 installed
<13>May 16 05:13:12 rpmi: agetty-2.39.2-alt2 sisyphus+368471.140.2.1 1737124262 installed
<13>May 16 05:13:12 rpmi: acl-2.3.1.0.20.d265-alt1 sisyphus+346027.200.3.2 1716498315 installed
<13>May 16 05:13:12 rpmi: systemd-boot-efi-1:257.5-alt3 sisyphus+382915.200.3.1 1746543247 installed
<86>May 16 05:13:12 groupadd[896942]: group added to /etc/group: name=systemd-journal, GID=989
<86>May 16 05:13:12 groupadd[896942]: group added to /etc/gshadow: name=systemd-journal
<86>May 16 05:13:12 groupadd[896942]: new group: name=systemd-journal, GID=989
<86>May 16 05:13:12 groupadd[896959]: group added to /etc/group: name=systemd-oom, GID=988
<86>May 16 05:13:12 groupadd[896959]: group added to /etc/gshadow: name=systemd-oom
<86>May 16 05:13:12 groupadd[896959]: new group: name=systemd-oom, GID=988
<86>May 16 05:13:12 useradd[896994]: new user: name=systemd-oom, UID=998, GID=988, home=/var/empty, shell=/dev/null, from=none
<13>May 16 05:13:13 rpmi: systemd-1:257.5-alt3 sisyphus+382915.200.3.1 1746543080 installed
<13>May 16 05:13:14 rpmi: postgresql17-server-17.5-alt1 sisyphus+383526.100.1.1 1746616280 installed
<13>May 16 05:13:14 rpmi: postgresql17-contrib-17.5-alt1 sisyphus+383526.100.1.1 1746616280 installed
<13>May 16 05:13:14 rpmi: python3-module-k5test-0.10.4-alt1 sisyphus+343169.100.1.1 1710929138 installed
<13>May 16 05:13:14 rpmi: libpq5-17-devel-17.5-alt1 sisyphus+383526.100.1.1 1746616280 installed
<13>May 16 05:13:14 rpmi: python3-module-gssapi-1.9.0-alt1 sisyphus+359349.100.1.1 1728472724 installed
<13>May 16 05:13:14 rpmi: python3-module-Cython-3.0.12-alt1 sisyphus+375455.100.1.1 1740050387 installed
<13>May 16 05:13:14 rpmi: python3-module-uvloop-0.21.0-alt2 sisyphus+360737.200.1.1 1730313489 installed
<13>May 16 05:13:14 rpmi: python3-module-pytest-8.3.5-alt2 sisyphus+383865.100.1.1 1747039699 installed
<13>May 16 05:13:14 rpmi: python3-module-distro-1.8.0-alt1 sisyphus+315544.100.1.1 1676899811 installed
warning: File /usr/src/in/source/python3-module-asyncpg-0.30.0-alt.patch is smaller than 8 bytes
Building target platforms: x86_64
Building for target x86_64
Wrote: /usr/src/in/nosrpm/python3-module-asyncpg-0.30.0-alt1.nosrc.rpm (w1.gzdio)
warning: File /usr/src/RPM/SOURCES/python3-module-asyncpg-0.30.0-alt.patch is smaller than 8 bytes
Installing python3-module-asyncpg-0.30.0-alt1.src.rpm
Building target platforms: x86_64
Building for target x86_64
Executing(%prep): /bin/sh -e /usr/src/tmp/rpm-tmp.50649
+ umask 022
+ /bin/mkdir -p /usr/src/RPM/BUILD
+ cd /usr/src/RPM/BUILD
+ cd /usr/src/RPM/BUILD
+ rm -rf python3-module-asyncpg-0.30.0
+ echo 'Source #0 (python3-module-asyncpg-0.30.0.tar):'
Source #0 (python3-module-asyncpg-0.30.0.tar):
+ /bin/tar -xf /usr/src/RPM/SOURCES/python3-module-asyncpg-0.30.0.tar
+ cd python3-module-asyncpg-0.30.0
+ echo 'Source #1 (submodules.tar):'
Source #1 (submodules.tar):
+ /bin/tar -xf /usr/src/RPM/SOURCES/submodules.tar
+ /bin/chmod -c -Rf u+rwX,go-w .
+ echo 'Patch #0 (python3-module-asyncpg-0.30.0-alt.patch):'
Patch #0 (python3-module-asyncpg-0.30.0-alt.patch):
+ /usr/bin/patch -p1
+ /usr/bin/python3 -m pyproject_installer deps --depsconfig /usr/src/RPM/SOURCES/pyproject_deps.json show pep518
+ /usr/bin/python3 -m pyproject_installer deps --depsconfig /usr/src/RPM/SOURCES/pyproject_deps.json sync pep518 --verify --verify-exclude 'wheel$'
+ /usr/bin/python3 -m pyproject_installer deps --depsconfig /usr/src/RPM/SOURCES/pyproject_deps.json show pep517
+ /usr/bin/python3 -m pyproject_installer deps --depsconfig /usr/src/RPM/SOURCES/pyproject_deps.json sync pep517 --verify --verify-exclude 'wheel$'
+ /usr/bin/python3 -m pyproject_installer deps --depsconfig /usr/src/RPM/SOURCES/pyproject_deps.json show metadata
+ /usr/bin/python3 -m pyproject_installer deps --depsconfig /usr/src/RPM/SOURCES/pyproject_deps.json sync metadata --verify
INFO     : Building metadata
INFO     : Building metadata with prepare_metadata_for_build_wheel
INFO     : Source tree: /usr/src/RPM/BUILD/python3-module-asyncpg-0.30.0
INFO     : Output dir: /usr/src/tmp/tmp4ngey34j
+ exit 0
Executing(%build): /bin/sh -e /usr/src/tmp/rpm-tmp.74655
+ umask 022
+ /bin/mkdir -p /usr/src/RPM/BUILD
+ cd /usr/src/RPM/BUILD
+ cd python3-module-asyncpg-0.30.0
+ export 'CFLAGS=-pipe -frecord-gcc-switches -Wall -g -O2 -flto=auto'
+ CFLAGS='-pipe -frecord-gcc-switches -Wall -g -O2 -flto=auto'
+ export 'CXXFLAGS=-pipe -frecord-gcc-switches -Wall -g -O2 -flto=auto'
+ CXXFLAGS='-pipe -frecord-gcc-switches -Wall -g -O2 -flto=auto'
+ export 'FFLAGS=-pipe -frecord-gcc-switches -Wall -g -O2 -flto=auto'
+ FFLAGS='-pipe -frecord-gcc-switches -Wall -g -O2 -flto=auto'
+ /usr/bin/python3 -m pyproject_installer -v build
INFO     : pyproject_installer.build_cmd._build : Building wheel
INFO     : pyproject_installer.build_cmd._build : Source tree: /usr/src/RPM/BUILD/python3-module-asyncpg-0.30.0
INFO     : pyproject_installer.build_cmd._build : Output dir: /usr/src/RPM/BUILD/python3-module-asyncpg-0.30.0/dist
DEBUG    : pyproject_installer.lib.build_backend : Validating source path
DEBUG    : pyproject_installer.lib.build_backend : Checking for PEP517 spec
DEBUG    : pyproject_installer.lib.build_backend : Parsing configuration file: /usr/src/RPM/BUILD/python3-module-asyncpg-0.30.0/pyproject.toml
INFO     : backend_caller.py : Calling hook build_wheel in subprocess
INFO     : backend_caller.py : Build backend: setuptools.build_meta
INFO     : backend_caller.py : Hook args: ['/usr/src/RPM/BUILD/python3-module-asyncpg-0.30.0/dist']
INFO     : backend_caller.py : Hook kwargs: {'config_settings': None}
/usr/lib64/python3/site-packages/setuptools/config/_apply_pyprojecttoml.py:82: SetuptoolsDeprecationWarning: `project.license` as a TOML table is deprecated
!!

        ********************************************************************************
        Please use a simple string containing a SPDX expression for `project.license`. You can also use `project.license-files`. (Both options available on setuptools>=77.0.0).

        By 2026-Feb-18, you need to update your project and remove deprecated calls
        or your builds will no longer be supported.

        See https://packaging.python.org/en/latest/guides/writing-pyproject-toml/#license for details.
        ********************************************************************************

!!
  corresp(dist, value, root_dir)
/usr/lib64/python3/site-packages/setuptools/config/_apply_pyprojecttoml.py:61: SetuptoolsDeprecationWarning: License classifiers are deprecated.
!!

        ********************************************************************************
        Please consider removing the following classifiers in favor of a SPDX license expression:

        License :: OSI Approved :: Apache Software License

        See https://packaging.python.org/en/latest/guides/writing-pyproject-toml/#license for details.
        ********************************************************************************

!!
  dist._finalize_license_expression()
/usr/lib64/python3/site-packages/setuptools/dist.py:761: SetuptoolsDeprecationWarning: License classifiers are deprecated.
!!

        ********************************************************************************
        Please consider removing the following classifiers in favor of a SPDX license expression:

        License :: OSI Approved :: Apache Software License

        See https://packaging.python.org/en/latest/guides/writing-pyproject-toml/#license for details.
        ********************************************************************************

!!
  self._finalize_license_expression()
INFO     : root : running bdist_wheel
INFO     : root : running build
INFO     : root : running build_py
INFO     : root : creating build/lib.linux-x86_64-cpython-312/asyncpg
INFO     : root : copying asyncpg/utils.py -> build/lib.linux-x86_64-cpython-312/asyncpg
INFO     : root : copying asyncpg/types.py -> build/lib.linux-x86_64-cpython-312/asyncpg
INFO     : root : copying asyncpg/transaction.py -> build/lib.linux-x86_64-cpython-312/asyncpg
INFO     : root : copying asyncpg/serverversion.py -> build/lib.linux-x86_64-cpython-312/asyncpg
INFO     : root : copying asyncpg/prepared_stmt.py -> build/lib.linux-x86_64-cpython-312/asyncpg
INFO     : root : copying asyncpg/pool.py -> build/lib.linux-x86_64-cpython-312/asyncpg
INFO     : root : copying asyncpg/introspection.py -> build/lib.linux-x86_64-cpython-312/asyncpg
INFO     : root : copying asyncpg/cursor.py -> build/lib.linux-x86_64-cpython-312/asyncpg
INFO     : root : copying asyncpg/connresource.py -> build/lib.linux-x86_64-cpython-312/asyncpg
INFO     : root : copying asyncpg/connection.py -> build/lib.linux-x86_64-cpython-312/asyncpg
INFO     : root : copying asyncpg/connect_utils.py -> build/lib.linux-x86_64-cpython-312/asyncpg
INFO     : root : copying asyncpg/compat.py -> build/lib.linux-x86_64-cpython-312/asyncpg
INFO     : root : copying asyncpg/cluster.py -> build/lib.linux-x86_64-cpython-312/asyncpg
INFO     : root : copying asyncpg/_version.py -> build/lib.linux-x86_64-cpython-312/asyncpg
INFO     : root : copying asyncpg/_asyncio_compat.py -> build/lib.linux-x86_64-cpython-312/asyncpg
INFO     : root : copying asyncpg/__init__.py -> build/lib.linux-x86_64-cpython-312/asyncpg
INFO     : root : creating build/lib.linux-x86_64-cpython-312/asyncpg/protocol
INFO     : root : copying asyncpg/protocol/__init__.py -> build/lib.linux-x86_64-cpython-312/asyncpg/protocol
INFO     : root : creating build/lib.linux-x86_64-cpython-312/asyncpg/pgproto
INFO     : root : copying asyncpg/pgproto/types.py -> build/lib.linux-x86_64-cpython-312/asyncpg/pgproto
INFO     : root : copying asyncpg/pgproto/__init__.py -> build/lib.linux-x86_64-cpython-312/asyncpg/pgproto
INFO     : root : creating build/lib.linux-x86_64-cpython-312/asyncpg/exceptions
INFO     : root : copying asyncpg/exceptions/_base.py -> build/lib.linux-x86_64-cpython-312/asyncpg/exceptions
INFO     : root : copying asyncpg/exceptions/__init__.py -> build/lib.linux-x86_64-cpython-312/asyncpg/exceptions
INFO     : root : creating build/lib.linux-x86_64-cpython-312/asyncpg/_testbase
INFO     : root : copying asyncpg/_testbase/fuzzer.py -> build/lib.linux-x86_64-cpython-312/asyncpg/_testbase
INFO     : root : copying asyncpg/_testbase/__init__.py -> build/lib.linux-x86_64-cpython-312/asyncpg/_testbase
INFO     : root : creating build/lib.linux-x86_64-cpython-312/asyncpg/protocol/codecs
INFO     : root : copying asyncpg/protocol/codecs/__init__.py -> build/lib.linux-x86_64-cpython-312/asyncpg/protocol/codecs
INFO     : root : running egg_info
INFO     : root : creating asyncpg.egg-info
INFO     : root : writing asyncpg.egg-info/PKG-INFO
INFO     : root : writing dependency_links to asyncpg.egg-info/dependency_links.txt
INFO     : root : writing requirements to asyncpg.egg-info/requires.txt
INFO     : root : writing top-level names to asyncpg.egg-info/top_level.txt
INFO     : root : writing manifest file 'asyncpg.egg-info/SOURCES.txt'
INFO     : root : reading manifest file 'asyncpg.egg-info/SOURCES.txt'
INFO     : root : reading manifest template 'MANIFEST.in'
WARNING  : root : warning: no files found matching '*.py' under directory 'examples'
INFO     : root : adding license file 'LICENSE'
INFO     : root : adding license file 'AUTHORS'
INFO     : root : writing manifest file 'asyncpg.egg-info/SOURCES.txt'
INFO     : root : copying asyncpg/protocol/consts.pxi -> build/lib.linux-x86_64-cpython-312/asyncpg/protocol
INFO     : root : copying asyncpg/protocol/coreproto.pxd -> build/lib.linux-x86_64-cpython-312/asyncpg/protocol
INFO     : root : copying asyncpg/protocol/coreproto.pyx -> build/lib.linux-x86_64-cpython-312/asyncpg/protocol
INFO     : root : copying asyncpg/protocol/cpythonx.pxd -> build/lib.linux-x86_64-cpython-312/asyncpg/protocol
INFO     : root : copying asyncpg/protocol/encodings.pyx -> build/lib.linux-x86_64-cpython-312/asyncpg/protocol
INFO     : root : copying asyncpg/protocol/pgtypes.pxi -> build/lib.linux-x86_64-cpython-312/asyncpg/protocol
INFO     : root : copying asyncpg/protocol/prepared_stmt.pxd -> build/lib.linux-x86_64-cpython-312/asyncpg/protocol
INFO     : root : copying asyncpg/protocol/prepared_stmt.pyx -> build/lib.linux-x86_64-cpython-312/asyncpg/protocol
INFO     : root : copying asyncpg/protocol/protocol.pxd -> build/lib.linux-x86_64-cpython-312/asyncpg/protocol
INFO     : root : copying asyncpg/protocol/protocol.pyi -> build/lib.linux-x86_64-cpython-312/asyncpg/protocol
INFO     : root : copying asyncpg/protocol/protocol.pyx -> build/lib.linux-x86_64-cpython-312/asyncpg/protocol
INFO     : root : copying asyncpg/protocol/scram.pxd -> build/lib.linux-x86_64-cpython-312/asyncpg/protocol
INFO     : root : copying asyncpg/protocol/scram.pyx -> build/lib.linux-x86_64-cpython-312/asyncpg/protocol
INFO     : root : copying asyncpg/protocol/settings.pxd -> build/lib.linux-x86_64-cpython-312/asyncpg/protocol
INFO     : root : copying asyncpg/protocol/settings.pyx -> build/lib.linux-x86_64-cpython-312/asyncpg/protocol
INFO     : root : copying asyncpg/pgproto/__init__.pxd -> build/lib.linux-x86_64-cpython-312/asyncpg/pgproto
INFO     : root : copying asyncpg/pgproto/buffer.pxd -> build/lib.linux-x86_64-cpython-312/asyncpg/pgproto
INFO     : root : copying asyncpg/pgproto/buffer.pyx -> build/lib.linux-x86_64-cpython-312/asyncpg/pgproto
INFO     : root : copying asyncpg/pgproto/consts.pxi -> build/lib.linux-x86_64-cpython-312/asyncpg/pgproto
INFO     : root : copying asyncpg/pgproto/cpythonx.pxd -> build/lib.linux-x86_64-cpython-312/asyncpg/pgproto
INFO     : root : copying asyncpg/pgproto/debug.pxd -> build/lib.linux-x86_64-cpython-312/asyncpg/pgproto
INFO     : root : copying asyncpg/pgproto/frb.pxd -> build/lib.linux-x86_64-cpython-312/asyncpg/pgproto
INFO     : root : copying asyncpg/pgproto/frb.pyx -> build/lib.linux-x86_64-cpython-312/asyncpg/pgproto
INFO     : root : copying asyncpg/pgproto/hton.pxd -> build/lib.linux-x86_64-cpython-312/asyncpg/pgproto
INFO     : root : copying asyncpg/pgproto/pgproto.pxd -> build/lib.linux-x86_64-cpython-312/asyncpg/pgproto
INFO     : root : copying asyncpg/pgproto/pgproto.pyi -> build/lib.linux-x86_64-cpython-312/asyncpg/pgproto
INFO     : root : copying asyncpg/pgproto/pgproto.pyx -> build/lib.linux-x86_64-cpython-312/asyncpg/pgproto
INFO     : root : copying asyncpg/pgproto/tohex.pxd -> build/lib.linux-x86_64-cpython-312/asyncpg/pgproto
INFO     : root : copying asyncpg/pgproto/uuid.pyx -> build/lib.linux-x86_64-cpython-312/asyncpg/pgproto
INFO     : root : creating build/lib.linux-x86_64-cpython-312/asyncpg/protocol/record
INFO     : root : copying asyncpg/protocol/record/__init__.pxd -> build/lib.linux-x86_64-cpython-312/asyncpg/protocol/record
INFO     : root : copying asyncpg/protocol/codecs/array.pyx -> build/lib.linux-x86_64-cpython-312/asyncpg/protocol/codecs
INFO     : root : copying asyncpg/protocol/codecs/base.pxd -> build/lib.linux-x86_64-cpython-312/asyncpg/protocol/codecs
INFO     : root : copying asyncpg/protocol/codecs/base.pyx -> build/lib.linux-x86_64-cpython-312/asyncpg/protocol/codecs
INFO     : root : copying asyncpg/protocol/codecs/pgproto.pyx -> build/lib.linux-x86_64-cpython-312/asyncpg/protocol/codecs
INFO     : root : copying asyncpg/protocol/codecs/range.pyx -> build/lib.linux-x86_64-cpython-312/asyncpg/protocol/codecs
INFO     : root : copying asyncpg/protocol/codecs/record.pyx -> build/lib.linux-x86_64-cpython-312/asyncpg/protocol/codecs
INFO     : root : copying asyncpg/protocol/codecs/textutils.pyx -> build/lib.linux-x86_64-cpython-312/asyncpg/protocol/codecs
INFO     : root : creating build/lib.linux-x86_64-cpython-312/asyncpg/pgproto/codecs
INFO     : root : copying asyncpg/pgproto/codecs/__init__.pxd -> build/lib.linux-x86_64-cpython-312/asyncpg/pgproto/codecs
INFO     : root : copying asyncpg/pgproto/codecs/bits.pyx -> build/lib.linux-x86_64-cpython-312/asyncpg/pgproto/codecs
INFO     : root : copying asyncpg/pgproto/codecs/bytea.pyx -> build/lib.linux-x86_64-cpython-312/asyncpg/pgproto/codecs
INFO     : root : copying asyncpg/pgproto/codecs/context.pyx -> build/lib.linux-x86_64-cpython-312/asyncpg/pgproto/codecs
INFO     : root : copying asyncpg/pgproto/codecs/datetime.pyx -> build/lib.linux-x86_64-cpython-312/asyncpg/pgproto/codecs
INFO     : root : copying asyncpg/pgproto/codecs/float.pyx -> build/lib.linux-x86_64-cpython-312/asyncpg/pgproto/codecs
INFO     : root : copying asyncpg/pgproto/codecs/geometry.pyx -> build/lib.linux-x86_64-cpython-312/asyncpg/pgproto/codecs
INFO     : root : copying asyncpg/pgproto/codecs/hstore.pyx -> build/lib.linux-x86_64-cpython-312/asyncpg/pgproto/codecs
INFO     : root : copying asyncpg/pgproto/codecs/int.pyx -> build/lib.linux-x86_64-cpython-312/asyncpg/pgproto/codecs
INFO     : root : copying asyncpg/pgproto/codecs/json.pyx -> build/lib.linux-x86_64-cpython-312/asyncpg/pgproto/codecs
INFO     : root : copying asyncpg/pgproto/codecs/jsonpath.pyx -> build/lib.linux-x86_64-cpython-312/asyncpg/pgproto/codecs
INFO     : root : copying asyncpg/pgproto/codecs/misc.pyx -> build/lib.linux-x86_64-cpython-312/asyncpg/pgproto/codecs
INFO     : root : copying asyncpg/pgproto/codecs/network.pyx -> build/lib.linux-x86_64-cpython-312/asyncpg/pgproto/codecs
INFO     : root : copying asyncpg/pgproto/codecs/numeric.pyx -> build/lib.linux-x86_64-cpython-312/asyncpg/pgproto/codecs
INFO     : root : copying asyncpg/pgproto/codecs/pg_snapshot.pyx -> build/lib.linux-x86_64-cpython-312/asyncpg/pgproto/codecs
INFO     : root : copying asyncpg/pgproto/codecs/text.pyx -> build/lib.linux-x86_64-cpython-312/asyncpg/pgproto/codecs
INFO     : root : copying asyncpg/pgproto/codecs/tid.pyx -> build/lib.linux-x86_64-cpython-312/asyncpg/pgproto/codecs
INFO     : root : copying asyncpg/pgproto/codecs/uuid.pyx -> build/lib.linux-x86_64-cpython-312/asyncpg/pgproto/codecs
INFO     : root : running build_ext
INFO     : root : building 'asyncpg.pgproto.pgproto' extension
INFO     : root : creating build/temp.linux-x86_64-cpython-312/asyncpg/pgproto
INFO     : root : x86_64-alt-linux-gcc -fno-strict-overflow -Wsign-compare -DDYNAMIC_ANNOTATIONS_ENABLED=1 -DNDEBUG -g -O3 -Wall -pipe -frecord-gcc-switches -Wall -g -O3 -flto=auto -ffat-lto-objects -pipe -frecord-gcc-switches -Wall -g -O3 -flto=auto -ffat-lto-objects -pipe -frecord-gcc-switches -Wall -g -O2 -flto=auto -fPIC -I/usr/include/python3.12 -c asyncpg/pgproto/pgproto.c -o build/temp.linux-x86_64-cpython-312/asyncpg/pgproto/pgproto.o -O2 -fsigned-char -Wall -Wsign-compare -Wconversion
asyncpg/pgproto/pgproto.c: In function ‘__Pyx_PyLong_AbsNeg’:
asyncpg/pgproto/pgproto.c:46911:97: warning: unsigned conversion from ‘int’ to ‘uintptr_t’ {aka ‘long unsigned int’} changes value from ‘-4’ to ‘18446744073709551612’ [-Wsign-conversion]
46911 |             ((PyLongObject*)copy)->long_value.lv_tag = ((PyLongObject*)copy)->long_value.lv_tag & ~_PyLong_SIGN_MASK;
      |                                                                                                 ^
INFO     : root : x86_64-alt-linux-gcc -shared -pipe -frecord-gcc-switches -Wall -g -O2 -flto=auto build/temp.linux-x86_64-cpython-312/asyncpg/pgproto/pgproto.o -L/usr/lib64 -o build/lib.linux-x86_64-cpython-312/asyncpg/pgproto/pgproto.cpython-312.so
INFO     : root : building 'asyncpg.protocol.protocol' extension
INFO     : root : creating build/temp.linux-x86_64-cpython-312/asyncpg/protocol
INFO     : root : creating build/temp.linux-x86_64-cpython-312/asyncpg/protocol/record
INFO     : root : x86_64-alt-linux-gcc -fno-strict-overflow -Wsign-compare -DDYNAMIC_ANNOTATIONS_ENABLED=1 -DNDEBUG -g -O3 -Wall -pipe -frecord-gcc-switches -Wall -g -O3 -flto=auto -ffat-lto-objects -pipe -frecord-gcc-switches -Wall -g -O3 -flto=auto -ffat-lto-objects -pipe -frecord-gcc-switches -Wall -g -O2 -flto=auto -fPIC -Iasyncpg/pgproto/ -I/usr/include/python3.12 -c asyncpg/protocol/protocol.c -o build/temp.linux-x86_64-cpython-312/asyncpg/protocol/protocol.o -O2 -fsigned-char -Wall -Wsign-compare -Wconversion
asyncpg/protocol/protocol.c: In function ‘__Pyx_PyUnicode_AsDouble_WithSpaces’:
asyncpg/protocol/protocol.c:4256:58: warning: conversion to ‘long unsigned int’ from ‘Py_ssize_t’ {aka ‘long int’} may change the sign of the result [-Wsign-conversion]
 4256 |         char *number = (char*) PyMem_Malloc((length + 1) * sizeof(char));
      |                                                          ^
asyncpg/protocol/protocol.c: In function ‘__Pyx__PyBytes_AsDouble’:
asyncpg/protocol/protocol.c:110197:58: warning: conversion to ‘long unsigned int’ from ‘Py_ssize_t’ {aka ‘long int’} may change the sign of the result [-Wsign-conversion]
110197 |         char *number = (char*) PyMem_Malloc((digits + 1) * sizeof(char));
       |                                                          ^
INFO     : root : x86_64-alt-linux-gcc -fno-strict-overflow -Wsign-compare -DDYNAMIC_ANNOTATIONS_ENABLED=1 -DNDEBUG -g -O3 -Wall -pipe -frecord-gcc-switches -Wall -g -O3 -flto=auto -ffat-lto-objects -pipe -frecord-gcc-switches -Wall -g -O3 -flto=auto -ffat-lto-objects -pipe -frecord-gcc-switches -Wall -g -O2 -flto=auto -fPIC -Iasyncpg/pgproto/ -I/usr/include/python3.12 -c asyncpg/protocol/record/recordobj.c -o build/temp.linux-x86_64-cpython-312/asyncpg/protocol/record/recordobj.o -O2 -fsigned-char -Wall -Wsign-compare -Wconversion
INFO     : root : x86_64-alt-linux-gcc -shared -pipe -frecord-gcc-switches -Wall -g -O2 -flto=auto build/temp.linux-x86_64-cpython-312/asyncpg/protocol/protocol.o build/temp.linux-x86_64-cpython-312/asyncpg/protocol/record/recordobj.o -L/usr/lib64 -o build/lib.linux-x86_64-cpython-312/asyncpg/protocol/protocol.cpython-312.so
INFO     : root : installing to build/bdist.linux-x86_64/wheel
INFO     : root : running install
INFO     : root : running install_lib
INFO     : root : creating build/bdist.linux-x86_64/wheel
INFO     : root : creating build/bdist.linux-x86_64/wheel/asyncpg
INFO     : root : creating build/bdist.linux-x86_64/wheel/asyncpg/_testbase
INFO     : root : copying build/lib.linux-x86_64-cpython-312/asyncpg/_testbase/__init__.py -> build/bdist.linux-x86_64/wheel/./asyncpg/_testbase
INFO     : root : copying build/lib.linux-x86_64-cpython-312/asyncpg/_testbase/fuzzer.py -> build/bdist.linux-x86_64/wheel/./asyncpg/_testbase
INFO     : root : creating build/bdist.linux-x86_64/wheel/asyncpg/exceptions
INFO     : root : copying build/lib.linux-x86_64-cpython-312/asyncpg/exceptions/__init__.py -> build/bdist.linux-x86_64/wheel/./asyncpg/exceptions
INFO     : root : copying build/lib.linux-x86_64-cpython-312/asyncpg/exceptions/_base.py -> build/bdist.linux-x86_64/wheel/./asyncpg/exceptions
INFO     : root : creating build/bdist.linux-x86_64/wheel/asyncpg/pgproto
INFO     : root : copying build/lib.linux-x86_64-cpython-312/asyncpg/pgproto/pgproto.cpython-312.so -> build/bdist.linux-x86_64/wheel/./asyncpg/pgproto
INFO     : root : creating build/bdist.linux-x86_64/wheel/asyncpg/pgproto/codecs
INFO     : root : copying build/lib.linux-x86_64-cpython-312/asyncpg/pgproto/codecs/uuid.pyx -> build/bdist.linux-x86_64/wheel/./asyncpg/pgproto/codecs
INFO     : root : copying build/lib.linux-x86_64-cpython-312/asyncpg/pgproto/codecs/tid.pyx -> build/bdist.linux-x86_64/wheel/./asyncpg/pgproto/codecs
INFO     : root : copying build/lib.linux-x86_64-cpython-312/asyncpg/pgproto/codecs/text.pyx -> build/bdist.linux-x86_64/wheel/./asyncpg/pgproto/codecs
INFO     : root : copying build/lib.linux-x86_64-cpython-312/asyncpg/pgproto/codecs/pg_snapshot.pyx -> build/bdist.linux-x86_64/wheel/./asyncpg/pgproto/codecs
INFO     : root : copying build/lib.linux-x86_64-cpython-312/asyncpg/pgproto/codecs/numeric.pyx -> build/bdist.linux-x86_64/wheel/./asyncpg/pgproto/codecs
INFO     : root : copying build/lib.linux-x86_64-cpython-312/asyncpg/pgproto/codecs/network.pyx -> build/bdist.linux-x86_64/wheel/./asyncpg/pgproto/codecs
INFO     : root : copying build/lib.linux-x86_64-cpython-312/asyncpg/pgproto/codecs/misc.pyx -> build/bdist.linux-x86_64/wheel/./asyncpg/pgproto/codecs
INFO     : root : copying build/lib.linux-x86_64-cpython-312/asyncpg/pgproto/codecs/jsonpath.pyx -> build/bdist.linux-x86_64/wheel/./asyncpg/pgproto/codecs
INFO     : root : copying build/lib.linux-x86_64-cpython-312/asyncpg/pgproto/codecs/json.pyx -> build/bdist.linux-x86_64/wheel/./asyncpg/pgproto/codecs
INFO     : root : copying build/lib.linux-x86_64-cpython-312/asyncpg/pgproto/codecs/int.pyx -> build/bdist.linux-x86_64/wheel/./asyncpg/pgproto/codecs
INFO     : root : copying build/lib.linux-x86_64-cpython-312/asyncpg/pgproto/codecs/hstore.pyx -> build/bdist.linux-x86_64/wheel/./asyncpg/pgproto/codecs
INFO     : root : copying build/lib.linux-x86_64-cpython-312/asyncpg/pgproto/codecs/geometry.pyx -> build/bdist.linux-x86_64/wheel/./asyncpg/pgproto/codecs
INFO     : root : copying build/lib.linux-x86_64-cpython-312/asyncpg/pgproto/codecs/float.pyx -> build/bdist.linux-x86_64/wheel/./asyncpg/pgproto/codecs
INFO     : root : copying build/lib.linux-x86_64-cpython-312/asyncpg/pgproto/codecs/datetime.pyx -> build/bdist.linux-x86_64/wheel/./asyncpg/pgproto/codecs
INFO     : root : copying build/lib.linux-x86_64-cpython-312/asyncpg/pgproto/codecs/context.pyx -> build/bdist.linux-x86_64/wheel/./asyncpg/pgproto/codecs
INFO     : root : copying build/lib.linux-x86_64-cpython-312/asyncpg/pgproto/codecs/bytea.pyx -> build/bdist.linux-x86_64/wheel/./asyncpg/pgproto/codecs
INFO     : root : copying build/lib.linux-x86_64-cpython-312/asyncpg/pgproto/codecs/bits.pyx -> build/bdist.linux-x86_64/wheel/./asyncpg/pgproto/codecs
INFO     : root : copying build/lib.linux-x86_64-cpython-312/asyncpg/pgproto/codecs/__init__.pxd -> build/bdist.linux-x86_64/wheel/./asyncpg/pgproto/codecs
INFO     : root : copying build/lib.linux-x86_64-cpython-312/asyncpg/pgproto/uuid.pyx -> build/bdist.linux-x86_64/wheel/./asyncpg/pgproto
INFO     : root : copying build/lib.linux-x86_64-cpython-312/asyncpg/pgproto/tohex.pxd -> build/bdist.linux-x86_64/wheel/./asyncpg/pgproto
INFO     : root : copying build/lib.linux-x86_64-cpython-312/asyncpg/pgproto/pgproto.pyx -> build/bdist.linux-x86_64/wheel/./asyncpg/pgproto
INFO     : root : copying build/lib.linux-x86_64-cpython-312/asyncpg/pgproto/pgproto.pyi -> build/bdist.linux-x86_64/wheel/./asyncpg/pgproto
INFO     : root : copying build/lib.linux-x86_64-cpython-312/asyncpg/pgproto/pgproto.pxd -> build/bdist.linux-x86_64/wheel/./asyncpg/pgproto
INFO     : root : copying build/lib.linux-x86_64-cpython-312/asyncpg/pgproto/hton.pxd -> build/bdist.linux-x86_64/wheel/./asyncpg/pgproto
INFO     : root : copying build/lib.linux-x86_64-cpython-312/asyncpg/pgproto/frb.pyx -> build/bdist.linux-x86_64/wheel/./asyncpg/pgproto
INFO     : root : copying build/lib.linux-x86_64-cpython-312/asyncpg/pgproto/frb.pxd -> build/bdist.linux-x86_64/wheel/./asyncpg/pgproto
INFO     : root : copying build/lib.linux-x86_64-cpython-312/asyncpg/pgproto/debug.pxd -> build/bdist.linux-x86_64/wheel/./asyncpg/pgproto
INFO     : root : copying build/lib.linux-x86_64-cpython-312/asyncpg/pgproto/cpythonx.pxd -> build/bdist.linux-x86_64/wheel/./asyncpg/pgproto
INFO     : root : copying build/lib.linux-x86_64-cpython-312/asyncpg/pgproto/consts.pxi -> build/bdist.linux-x86_64/wheel/./asyncpg/pgproto
INFO     : root : copying build/lib.linux-x86_64-cpython-312/asyncpg/pgproto/buffer.pyx -> build/bdist.linux-x86_64/wheel/./asyncpg/pgproto
INFO     : root : copying build/lib.linux-x86_64-cpython-312/asyncpg/pgproto/buffer.pxd -> build/bdist.linux-x86_64/wheel/./asyncpg/pgproto
INFO     : root : copying build/lib.linux-x86_64-cpython-312/asyncpg/pgproto/__init__.pxd -> build/bdist.linux-x86_64/wheel/./asyncpg/pgproto
INFO     : root : copying build/lib.linux-x86_64-cpython-312/asyncpg/pgproto/__init__.py -> build/bdist.linux-x86_64/wheel/./asyncpg/pgproto
INFO     : root : copying build/lib.linux-x86_64-cpython-312/asyncpg/pgproto/types.py -> build/bdist.linux-x86_64/wheel/./asyncpg/pgproto
INFO     : root : creating build/bdist.linux-x86_64/wheel/asyncpg/protocol
INFO     : root : copying build/lib.linux-x86_64-cpython-312/asyncpg/protocol/protocol.cpython-312.so -> build/bdist.linux-x86_64/wheel/./asyncpg/protocol
INFO     : root : creating build/bdist.linux-x86_64/wheel/asyncpg/protocol/record
INFO     : root : copying build/lib.linux-x86_64-cpython-312/asyncpg/protocol/record/__init__.pxd -> build/bdist.linux-x86_64/wheel/./asyncpg/protocol/record
INFO     : root : copying build/lib.linux-x86_64-cpython-312/asyncpg/protocol/settings.pyx -> build/bdist.linux-x86_64/wheel/./asyncpg/protocol
INFO     : root : copying build/lib.linux-x86_64-cpython-312/asyncpg/protocol/settings.pxd -> build/bdist.linux-x86_64/wheel/./asyncpg/protocol
INFO     : root : copying build/lib.linux-x86_64-cpython-312/asyncpg/protocol/scram.pyx -> build/bdist.linux-x86_64/wheel/./asyncpg/protocol
INFO     : root : copying build/lib.linux-x86_64-cpython-312/asyncpg/protocol/scram.pxd -> build/bdist.linux-x86_64/wheel/./asyncpg/protocol
INFO     : root : copying build/lib.linux-x86_64-cpython-312/asyncpg/protocol/protocol.pyx -> build/bdist.linux-x86_64/wheel/./asyncpg/protocol
INFO     : root : copying build/lib.linux-x86_64-cpython-312/asyncpg/protocol/protocol.pyi -> build/bdist.linux-x86_64/wheel/./asyncpg/protocol
INFO     : root : copying build/lib.linux-x86_64-cpython-312/asyncpg/protocol/protocol.pxd -> build/bdist.linux-x86_64/wheel/./asyncpg/protocol
INFO     : root : copying build/lib.linux-x86_64-cpython-312/asyncpg/protocol/prepared_stmt.pyx -> build/bdist.linux-x86_64/wheel/./asyncpg/protocol
INFO     : root : copying build/lib.linux-x86_64-cpython-312/asyncpg/protocol/prepared_stmt.pxd -> build/bdist.linux-x86_64/wheel/./asyncpg/protocol
INFO     : root : copying build/lib.linux-x86_64-cpython-312/asyncpg/protocol/pgtypes.pxi -> build/bdist.linux-x86_64/wheel/./asyncpg/protocol
INFO     : root : copying build/lib.linux-x86_64-cpython-312/asyncpg/protocol/encodings.pyx -> build/bdist.linux-x86_64/wheel/./asyncpg/protocol
INFO     : root : copying build/lib.linux-x86_64-cpython-312/asyncpg/protocol/cpythonx.pxd -> build/bdist.linux-x86_64/wheel/./asyncpg/protocol
INFO     : root : copying build/lib.linux-x86_64-cpython-312/asyncpg/protocol/coreproto.pyx -> build/bdist.linux-x86_64/wheel/./asyncpg/protocol
INFO     : root : copying build/lib.linux-x86_64-cpython-312/asyncpg/protocol/coreproto.pxd -> build/bdist.linux-x86_64/wheel/./asyncpg/protocol
INFO     : root : copying build/lib.linux-x86_64-cpython-312/asyncpg/protocol/consts.pxi -> build/bdist.linux-x86_64/wheel/./asyncpg/protocol
INFO     : root : creating build/bdist.linux-x86_64/wheel/asyncpg/protocol/codecs
INFO     : root : copying build/lib.linux-x86_64-cpython-312/asyncpg/protocol/codecs/textutils.pyx -> build/bdist.linux-x86_64/wheel/./asyncpg/protocol/codecs
INFO     : root : copying build/lib.linux-x86_64-cpython-312/asyncpg/protocol/codecs/record.pyx -> build/bdist.linux-x86_64/wheel/./asyncpg/protocol/codecs
INFO     : root : copying build/lib.linux-x86_64-cpython-312/asyncpg/protocol/codecs/range.pyx -> build/bdist.linux-x86_64/wheel/./asyncpg/protocol/codecs
INFO     : root : copying build/lib.linux-x86_64-cpython-312/asyncpg/protocol/codecs/pgproto.pyx -> build/bdist.linux-x86_64/wheel/./asyncpg/protocol/codecs
INFO     : root : copying build/lib.linux-x86_64-cpython-312/asyncpg/protocol/codecs/base.pyx -> build/bdist.linux-x86_64/wheel/./asyncpg/protocol/codecs
INFO     : root : copying build/lib.linux-x86_64-cpython-312/asyncpg/protocol/codecs/base.pxd -> build/bdist.linux-x86_64/wheel/./asyncpg/protocol/codecs
INFO     : root : copying build/lib.linux-x86_64-cpython-312/asyncpg/protocol/codecs/array.pyx -> build/bdist.linux-x86_64/wheel/./asyncpg/protocol/codecs
INFO     : root : copying build/lib.linux-x86_64-cpython-312/asyncpg/protocol/codecs/__init__.py -> build/bdist.linux-x86_64/wheel/./asyncpg/protocol/codecs
INFO     : root : copying build/lib.linux-x86_64-cpython-312/asyncpg/protocol/__init__.py -> build/bdist.linux-x86_64/wheel/./asyncpg/protocol
INFO     : root : copying build/lib.linux-x86_64-cpython-312/asyncpg/__init__.py -> build/bdist.linux-x86_64/wheel/./asyncpg
INFO     : root : copying build/lib.linux-x86_64-cpython-312/asyncpg/_asyncio_compat.py -> build/bdist.linux-x86_64/wheel/./asyncpg
INFO     : root : copying build/lib.linux-x86_64-cpython-312/asyncpg/_version.py -> build/bdist.linux-x86_64/wheel/./asyncpg
INFO     : root : copying build/lib.linux-x86_64-cpython-312/asyncpg/cluster.py -> build/bdist.linux-x86_64/wheel/./asyncpg
INFO     : root : copying build/lib.linux-x86_64-cpython-312/asyncpg/compat.py -> build/bdist.linux-x86_64/wheel/./asyncpg
INFO     : root : copying build/lib.linux-x86_64-cpython-312/asyncpg/connect_utils.py -> build/bdist.linux-x86_64/wheel/./asyncpg
INFO     : root : copying build/lib.linux-x86_64-cpython-312/asyncpg/connection.py -> build/bdist.linux-x86_64/wheel/./asyncpg
INFO     : root : copying build/lib.linux-x86_64-cpython-312/asyncpg/connresource.py -> build/bdist.linux-x86_64/wheel/./asyncpg
INFO     : root : copying build/lib.linux-x86_64-cpython-312/asyncpg/cursor.py -> build/bdist.linux-x86_64/wheel/./asyncpg
INFO     : root : copying build/lib.linux-x86_64-cpython-312/asyncpg/introspection.py -> build/bdist.linux-x86_64/wheel/./asyncpg
INFO     : root : copying build/lib.linux-x86_64-cpython-312/asyncpg/pool.py -> build/bdist.linux-x86_64/wheel/./asyncpg
INFO     : root : copying build/lib.linux-x86_64-cpython-312/asyncpg/prepared_stmt.py -> build/bdist.linux-x86_64/wheel/./asyncpg
INFO     : root : copying build/lib.linux-x86_64-cpython-312/asyncpg/serverversion.py -> build/bdist.linux-x86_64/wheel/./asyncpg
INFO     : root : copying build/lib.linux-x86_64-cpython-312/asyncpg/transaction.py -> build/bdist.linux-x86_64/wheel/./asyncpg
INFO     : root : copying build/lib.linux-x86_64-cpython-312/asyncpg/types.py -> build/bdist.linux-x86_64/wheel/./asyncpg
INFO     : root : copying build/lib.linux-x86_64-cpython-312/asyncpg/utils.py -> build/bdist.linux-x86_64/wheel/./asyncpg
INFO     : root : running install_egg_info
INFO     : root : Copying asyncpg.egg-info to build/bdist.linux-x86_64/wheel/./asyncpg-0.30.0-py3.12.egg-info
INFO     : root : running install_scripts
INFO     : root : creating build/bdist.linux-x86_64/wheel/asyncpg-0.30.0.dist-info/WHEEL
INFO     : wheel : creating '/usr/src/RPM/BUILD/python3-module-asyncpg-0.30.0/dist/.tmp-pr4f7xi8/asyncpg-0.30.0-cp312-cp312-linux_x86_64.whl' and adding 'build/bdist.linux-x86_64/wheel' to it
INFO     : wheel : adding 'asyncpg/__init__.py'
INFO     : wheel : adding 'asyncpg/_asyncio_compat.py'
INFO     : wheel : adding 'asyncpg/_version.py'
INFO     : wheel : adding 'asyncpg/cluster.py'
INFO     : wheel : adding 'asyncpg/compat.py'
INFO     : wheel : adding 'asyncpg/connect_utils.py'
INFO     : wheel : adding 'asyncpg/connection.py'
INFO     : wheel : adding 'asyncpg/connresource.py'
INFO     : wheel : adding 'asyncpg/cursor.py'
INFO     : wheel : adding 'asyncpg/introspection.py'
INFO     : wheel : adding 'asyncpg/pool.py'
INFO     : wheel : adding 'asyncpg/prepared_stmt.py'
INFO     : wheel : adding 'asyncpg/serverversion.py'
INFO     : wheel : adding 'asyncpg/transaction.py'
INFO     : wheel : adding 'asyncpg/types.py'
INFO     : wheel : adding 'asyncpg/utils.py'
INFO     : wheel : adding 'asyncpg/_testbase/__init__.py'
INFO     : wheel : adding 'asyncpg/_testbase/fuzzer.py'
INFO     : wheel : adding 'asyncpg/exceptions/__init__.py'
INFO     : wheel : adding 'asyncpg/exceptions/_base.py'
INFO     : wheel : adding 'asyncpg/pgproto/__init__.pxd'
INFO     : wheel : adding 'asyncpg/pgproto/__init__.py'
INFO     : wheel : adding 'asyncpg/pgproto/buffer.pxd'
INFO     : wheel : adding 'asyncpg/pgproto/buffer.pyx'
INFO     : wheel : adding 'asyncpg/pgproto/consts.pxi'
INFO     : wheel : adding 'asyncpg/pgproto/cpythonx.pxd'
INFO     : wheel : adding 'asyncpg/pgproto/debug.pxd'
INFO     : wheel : adding 'asyncpg/pgproto/frb.pxd'
INFO     : wheel : adding 'asyncpg/pgproto/frb.pyx'
INFO     : wheel : adding 'asyncpg/pgproto/hton.pxd'
INFO     : wheel : adding 'asyncpg/pgproto/pgproto.cpython-312.so'
INFO     : wheel : adding 'asyncpg/pgproto/pgproto.pxd'
INFO     : wheel : adding 'asyncpg/pgproto/pgproto.pyi'
INFO     : wheel : adding 'asyncpg/pgproto/pgproto.pyx'
INFO     : wheel : adding 'asyncpg/pgproto/tohex.pxd'
INFO     : wheel : adding 'asyncpg/pgproto/types.py'
INFO     : wheel : adding 'asyncpg/pgproto/uuid.pyx'
INFO     : wheel : adding 'asyncpg/pgproto/codecs/__init__.pxd'
INFO     : wheel : adding 'asyncpg/pgproto/codecs/bits.pyx'
INFO     : wheel : adding 'asyncpg/pgproto/codecs/bytea.pyx'
INFO     : wheel : adding 'asyncpg/pgproto/codecs/context.pyx'
INFO     : wheel : adding 'asyncpg/pgproto/codecs/datetime.pyx'
INFO     : wheel : adding 'asyncpg/pgproto/codecs/float.pyx'
INFO     : wheel : adding 'asyncpg/pgproto/codecs/geometry.pyx'
INFO     : wheel : adding 'asyncpg/pgproto/codecs/hstore.pyx'
INFO     : wheel : adding 'asyncpg/pgproto/codecs/int.pyx'
INFO     : wheel : adding 'asyncpg/pgproto/codecs/json.pyx'
INFO     : wheel : adding 'asyncpg/pgproto/codecs/jsonpath.pyx'
INFO     : wheel : adding 'asyncpg/pgproto/codecs/misc.pyx'
INFO     : wheel : adding 'asyncpg/pgproto/codecs/network.pyx'
INFO     : wheel : adding 'asyncpg/pgproto/codecs/numeric.pyx'
INFO     : wheel : adding 'asyncpg/pgproto/codecs/pg_snapshot.pyx'
INFO     : wheel : adding 'asyncpg/pgproto/codecs/text.pyx'
INFO     : wheel : adding 'asyncpg/pgproto/codecs/tid.pyx'
INFO     : wheel : adding 'asyncpg/pgproto/codecs/uuid.pyx'
INFO     : wheel : adding 'asyncpg/protocol/__init__.py'
INFO     : wheel : adding 'asyncpg/protocol/consts.pxi'
INFO     : wheel : adding 'asyncpg/protocol/coreproto.pxd'
INFO     : wheel : adding 'asyncpg/protocol/coreproto.pyx'
INFO     : wheel : adding 'asyncpg/protocol/cpythonx.pxd'
INFO     : wheel : adding 'asyncpg/protocol/encodings.pyx'
INFO     : wheel : adding 'asyncpg/protocol/pgtypes.pxi'
INFO     : wheel : adding 'asyncpg/protocol/prepared_stmt.pxd'
INFO     : wheel : adding 'asyncpg/protocol/prepared_stmt.pyx'
INFO     : wheel : adding 'asyncpg/protocol/protocol.cpython-312.so'
INFO     : wheel : adding 'asyncpg/protocol/protocol.pxd'
INFO     : wheel : adding 'asyncpg/protocol/protocol.pyi'
INFO     : wheel : adding 'asyncpg/protocol/protocol.pyx'
INFO     : wheel : adding 'asyncpg/protocol/scram.pxd'
INFO     : wheel : adding 'asyncpg/protocol/scram.pyx'
INFO     : wheel : adding 'asyncpg/protocol/settings.pxd'
INFO     : wheel : adding 'asyncpg/protocol/settings.pyx'
INFO     : wheel : adding 'asyncpg/protocol/codecs/__init__.py'
INFO     : wheel : adding 'asyncpg/protocol/codecs/array.pyx'
INFO     : wheel : adding 'asyncpg/protocol/codecs/base.pxd'
INFO     : wheel : adding 'asyncpg/protocol/codecs/base.pyx'
INFO     : wheel : adding 'asyncpg/protocol/codecs/pgproto.pyx'
INFO     : wheel : adding 'asyncpg/protocol/codecs/range.pyx'
INFO     : wheel : adding 'asyncpg/protocol/codecs/record.pyx'
INFO     : wheel : adding 'asyncpg/protocol/codecs/textutils.pyx'
INFO     : wheel : adding 'asyncpg/protocol/record/__init__.pxd'
INFO     : wheel : adding 'asyncpg-0.30.0.dist-info/licenses/AUTHORS'
INFO     : wheel : adding 'asyncpg-0.30.0.dist-info/licenses/LICENSE'
INFO     : wheel : adding 'asyncpg-0.30.0.dist-info/METADATA'
INFO     : wheel : adding 'asyncpg-0.30.0.dist-info/WHEEL'
INFO     : wheel : adding 'asyncpg-0.30.0.dist-info/top_level.txt'
INFO     : wheel : adding 'asyncpg-0.30.0.dist-info/RECORD'
INFO     : root : removing build/bdist.linux-x86_64/wheel
INFO     : pyproject_installer.build_cmd._build : Built wheel: asyncpg-0.30.0-cp312-cp312-linux_x86_64.whl
+ exit 0
Executing(%install): /bin/sh -e /usr/src/tmp/rpm-tmp.29895
+ umask 022
+ /bin/mkdir -p /usr/src/RPM/BUILD
+ cd /usr/src/RPM/BUILD
+ /bin/chmod -Rf u+rwX -- /usr/src/tmp/python3-module-asyncpg-buildroot
+ :
+ /bin/rm -rf -- /usr/src/tmp/python3-module-asyncpg-buildroot
+ PATH=/usr/libexec/rpm-build:/usr/src/bin:/usr/bin:/bin:/usr/local/bin:/usr/games
+ cd python3-module-asyncpg-0.30.0
+ /usr/bin/python3 -m pyproject_installer -v install --destdir=/usr/src/tmp/python3-module-asyncpg-buildroot
INFO     : pyproject_installer.install_cmd._install : Installing wheel
INFO     : pyproject_installer.install_cmd._install : Wheel directory: /usr/src/RPM/BUILD/python3-module-asyncpg-0.30.0/dist
INFO     : pyproject_installer.install_cmd._install : Wheel filename: asyncpg-0.30.0-cp312-cp312-linux_x86_64.whl
INFO     : pyproject_installer.install_cmd._install : Destination: /usr/src/tmp/python3-module-asyncpg-buildroot
DEBUG    : pyproject_installer.lib.wheel : Parsing wheel filename
DEBUG    : pyproject_installer.lib.wheel : Validating wheel file
DEBUG    : pyproject_installer.lib.wheel : Validating wheel spec version
DEBUG    : pyproject_installer.lib.wheel : Parsing wheel spec metadata
DEBUG    : pyproject_installer.lib.wheel : Validating RECORD
INFO     : pyproject_installer.install_cmd._install : Wheel installation root: /usr/src/tmp/python3-module-asyncpg-buildroot/usr/lib64/python3/site-packages
INFO     : pyproject_installer.install_cmd._install : Extracting wheel
DEBUG    : pyproject_installer.install_cmd._install : Filtering out not allowed file: asyncpg-0.30.0.dist-info/licenses/AUTHORS
DEBUG    : pyproject_installer.install_cmd._install : Filtering out not allowed file: asyncpg-0.30.0.dist-info/licenses/LICENSE
DEBUG    : pyproject_installer.install_cmd._install : Filtering out not allowed file: asyncpg-0.30.0.dist-info/WHEEL
DEBUG    : pyproject_installer.install_cmd._install : Filtering out not allowed file: asyncpg-0.30.0.dist-info/top_level.txt
DEBUG    : pyproject_installer.install_cmd._install : Filtering out not allowed file: asyncpg-0.30.0.dist-info/RECORD
INFO     : pyproject_installer.install_cmd._install : Wheel was installed
+ /usr/lib/rpm/brp-alt
Cleaning files in /usr/src/tmp/python3-module-asyncpg-buildroot (auto)
Verifying and fixing files in /usr/src/tmp/python3-module-asyncpg-buildroot (binconfig,pkgconfig,libtool,desktop,gnuconfig)
Checking contents of files in /usr/src/tmp/python3-module-asyncpg-buildroot/ (default)
Compressing files in /usr/src/tmp/python3-module-asyncpg-buildroot (auto)
Adjusting library links in /usr/src/tmp/python3-module-asyncpg-buildroot
./usr/lib64: (from <cmdline>:0)
Verifying ELF objects in /usr/src/tmp/python3-module-asyncpg-buildroot (arch=normal,fhs=normal,lfs=relaxed,lint=relaxed,rpath=normal,stack=normal,textrel=normal,unresolved=normal)
Splitting links to aliased files under /{,s}bin in /usr/src/tmp/python3-module-asyncpg-buildroot
Bytecompiling python3 modules in /usr/src/tmp/python3-module-asyncpg-buildroot using /usr/bin/python3
Can't list '/usr/src/tmp/python3-module-asyncpg-buildroot/usr/lib/python3/site-packages'
compile /usr/src/tmp/python3-module-asyncpg-buildroot/usr/lib64/python3/site-packages/asyncpg/_testbase/__init__.py
compile /usr/src/tmp/python3-module-asyncpg-buildroot/usr/lib64/python3/site-packages/asyncpg/_testbase/fuzzer.py
compile /usr/src/tmp/python3-module-asyncpg-buildroot/usr/lib64/python3/site-packages/asyncpg/exceptions/__init__.py
compile /usr/src/tmp/python3-module-asyncpg-buildroot/usr/lib64/python3/site-packages/asyncpg/exceptions/_base.py
compile /usr/src/tmp/python3-module-asyncpg-buildroot/usr/lib64/python3/site-packages/asyncpg/pgproto/__init__.py
compile /usr/src/tmp/python3-module-asyncpg-buildroot/usr/lib64/python3/site-packages/asyncpg/pgproto/types.py
compile /usr/src/tmp/python3-module-asyncpg-buildroot/usr/lib64/python3/site-packages/asyncpg/protocol/codecs/__init__.py
compile /usr/src/tmp/python3-module-asyncpg-buildroot/usr/lib64/python3/site-packages/asyncpg/protocol/__init__.py
compile /usr/src/tmp/python3-module-asyncpg-buildroot/usr/lib64/python3/site-packages/asyncpg/__init__.py
compile /usr/src/tmp/python3-module-asyncpg-buildroot/usr/lib64/python3/site-packages/asyncpg/_asyncio_compat.py
compile /usr/src/tmp/python3-module-asyncpg-buildroot/usr/lib64/python3/site-packages/asyncpg/_version.py
compile /usr/src/tmp/python3-module-asyncpg-buildroot/usr/lib64/python3/site-packages/asyncpg/cluster.py
compile /usr/src/tmp/python3-module-asyncpg-buildroot/usr/lib64/python3/site-packages/asyncpg/compat.py
compile /usr/src/tmp/python3-module-asyncpg-buildroot/usr/lib64/python3/site-packages/asyncpg/connect_utils.py
compile /usr/src/tmp/python3-module-asyncpg-buildroot/usr/lib64/python3/site-packages/asyncpg/connection.py
compile /usr/src/tmp/python3-module-asyncpg-buildroot/usr/lib64/python3/site-packages/asyncpg/connresource.py
compile /usr/src/tmp/python3-module-asyncpg-buildroot/usr/lib64/python3/site-packages/asyncpg/cursor.py
compile /usr/src/tmp/python3-module-asyncpg-buildroot/usr/lib64/python3/site-packages/asyncpg/introspection.py
compile /usr/src/tmp/python3-module-asyncpg-buildroot/usr/lib64/python3/site-packages/asyncpg/pool.py
compile /usr/src/tmp/python3-module-asyncpg-buildroot/usr/lib64/python3/site-packages/asyncpg/prepared_stmt.py
compile /usr/src/tmp/python3-module-asyncpg-buildroot/usr/lib64/python3/site-packages/asyncpg/serverversion.py
compile /usr/src/tmp/python3-module-asyncpg-buildroot/usr/lib64/python3/site-packages/asyncpg/transaction.py
compile /usr/src/tmp/python3-module-asyncpg-buildroot/usr/lib64/python3/site-packages/asyncpg/types.py
compile /usr/src/tmp/python3-module-asyncpg-buildroot/usr/lib64/python3/site-packages/asyncpg/utils.py
Bytecompiling python3 modules with optimization in /usr/src/tmp/python3-module-asyncpg-buildroot using /usr/bin/python3 -O
Can't list '/usr/src/tmp/python3-module-asyncpg-buildroot/usr/lib/python3/site-packages'
compile /usr/src/tmp/python3-module-asyncpg-buildroot/usr/lib64/python3/site-packages/asyncpg/_testbase/__init__.py
compile /usr/src/tmp/python3-module-asyncpg-buildroot/usr/lib64/python3/site-packages/asyncpg/_testbase/fuzzer.py
compile /usr/src/tmp/python3-module-asyncpg-buildroot/usr/lib64/python3/site-packages/asyncpg/exceptions/__init__.py
compile /usr/src/tmp/python3-module-asyncpg-buildroot/usr/lib64/python3/site-packages/asyncpg/exceptions/_base.py
compile /usr/src/tmp/python3-module-asyncpg-buildroot/usr/lib64/python3/site-packages/asyncpg/pgproto/__init__.py
compile /usr/src/tmp/python3-module-asyncpg-buildroot/usr/lib64/python3/site-packages/asyncpg/pgproto/types.py
compile /usr/src/tmp/python3-module-asyncpg-buildroot/usr/lib64/python3/site-packages/asyncpg/protocol/codecs/__init__.py
compile /usr/src/tmp/python3-module-asyncpg-buildroot/usr/lib64/python3/site-packages/asyncpg/protocol/__init__.py
compile /usr/src/tmp/python3-module-asyncpg-buildroot/usr/lib64/python3/site-packages/asyncpg/__init__.py
compile /usr/src/tmp/python3-module-asyncpg-buildroot/usr/lib64/python3/site-packages/asyncpg/_asyncio_compat.py
compile /usr/src/tmp/python3-module-asyncpg-buildroot/usr/lib64/python3/site-packages/asyncpg/_version.py
compile /usr/src/tmp/python3-module-asyncpg-buildroot/usr/lib64/python3/site-packages/asyncpg/cluster.py
compile /usr/src/tmp/python3-module-asyncpg-buildroot/usr/lib64/python3/site-packages/asyncpg/compat.py
compile /usr/src/tmp/python3-module-asyncpg-buildroot/usr/lib64/python3/site-packages/asyncpg/connect_utils.py
compile /usr/src/tmp/python3-module-asyncpg-buildroot/usr/lib64/python3/site-packages/asyncpg/connection.py
compile /usr/src/tmp/python3-module-asyncpg-buildroot/usr/lib64/python3/site-packages/asyncpg/connresource.py
compile /usr/src/tmp/python3-module-asyncpg-buildroot/usr/lib64/python3/site-packages/asyncpg/cursor.py
compile /usr/src/tmp/python3-module-asyncpg-buildroot/usr/lib64/python3/site-packages/asyncpg/introspection.py
compile /usr/src/tmp/python3-module-asyncpg-buildroot/usr/lib64/python3/site-packages/asyncpg/pool.py
compile /usr/src/tmp/python3-module-asyncpg-buildroot/usr/lib64/python3/site-packages/asyncpg/prepared_stmt.py
compile /usr/src/tmp/python3-module-asyncpg-buildroot/usr/lib64/python3/site-packages/asyncpg/serverversion.py
compile /usr/src/tmp/python3-module-asyncpg-buildroot/usr/lib64/python3/site-packages/asyncpg/transaction.py
compile /usr/src/tmp/python3-module-asyncpg-buildroot/usr/lib64/python3/site-packages/asyncpg/types.py
compile /usr/src/tmp/python3-module-asyncpg-buildroot/usr/lib64/python3/site-packages/asyncpg/utils.py
Bytecompiling python3 modules with optimization-2 in /usr/src/tmp/python3-module-asyncpg-buildroot using /usr/bin/python3 -OO
Can't list '/usr/src/tmp/python3-module-asyncpg-buildroot/usr/lib/python3/site-packages'
compile /usr/src/tmp/python3-module-asyncpg-buildroot/usr/lib64/python3/site-packages/asyncpg/_testbase/__init__.py
compile /usr/src/tmp/python3-module-asyncpg-buildroot/usr/lib64/python3/site-packages/asyncpg/_testbase/fuzzer.py
compile /usr/src/tmp/python3-module-asyncpg-buildroot/usr/lib64/python3/site-packages/asyncpg/exceptions/__init__.py
compile /usr/src/tmp/python3-module-asyncpg-buildroot/usr/lib64/python3/site-packages/asyncpg/exceptions/_base.py
compile /usr/src/tmp/python3-module-asyncpg-buildroot/usr/lib64/python3/site-packages/asyncpg/pgproto/__init__.py
compile /usr/src/tmp/python3-module-asyncpg-buildroot/usr/lib64/python3/site-packages/asyncpg/pgproto/types.py
compile /usr/src/tmp/python3-module-asyncpg-buildroot/usr/lib64/python3/site-packages/asyncpg/protocol/codecs/__init__.py
compile /usr/src/tmp/python3-module-asyncpg-buildroot/usr/lib64/python3/site-packages/asyncpg/protocol/__init__.py
compile /usr/src/tmp/python3-module-asyncpg-buildroot/usr/lib64/python3/site-packages/asyncpg/__init__.py
compile /usr/src/tmp/python3-module-asyncpg-buildroot/usr/lib64/python3/site-packages/asyncpg/_asyncio_compat.py
compile /usr/src/tmp/python3-module-asyncpg-buildroot/usr/lib64/python3/site-packages/asyncpg/_version.py
compile /usr/src/tmp/python3-module-asyncpg-buildroot/usr/lib64/python3/site-packages/asyncpg/cluster.py
compile /usr/src/tmp/python3-module-asyncpg-buildroot/usr/lib64/python3/site-packages/asyncpg/compat.py
compile /usr/src/tmp/python3-module-asyncpg-buildroot/usr/lib64/python3/site-packages/asyncpg/connect_utils.py
compile /usr/src/tmp/python3-module-asyncpg-buildroot/usr/lib64/python3/site-packages/asyncpg/connection.py
compile /usr/src/tmp/python3-module-asyncpg-buildroot/usr/lib64/python3/site-packages/asyncpg/connresource.py
compile /usr/src/tmp/python3-module-asyncpg-buildroot/usr/lib64/python3/site-packages/asyncpg/cursor.py
compile /usr/src/tmp/python3-module-asyncpg-buildroot/usr/lib64/python3/site-packages/asyncpg/introspection.py
compile /usr/src/tmp/python3-module-asyncpg-buildroot/usr/lib64/python3/site-packages/asyncpg/pool.py
compile /usr/src/tmp/python3-module-asyncpg-buildroot/usr/lib64/python3/site-packages/asyncpg/prepared_stmt.py
compile /usr/src/tmp/python3-module-asyncpg-buildroot/usr/lib64/python3/site-packages/asyncpg/serverversion.py
compile /usr/src/tmp/python3-module-asyncpg-buildroot/usr/lib64/python3/site-packages/asyncpg/transaction.py
compile /usr/src/tmp/python3-module-asyncpg-buildroot/usr/lib64/python3/site-packages/asyncpg/types.py
compile /usr/src/tmp/python3-module-asyncpg-buildroot/usr/lib64/python3/site-packages/asyncpg/utils.py
Hardlinking identical .pyc and .opt-?.pyc files
'./usr/lib64/python3/site-packages/asyncpg/__pycache__/__init__.cpython-312.opt-1.pyc' => './usr/lib64/python3/site-packages/asyncpg/__pycache__/__init__.cpython-312.pyc'
'./usr/lib64/python3/site-packages/asyncpg/__pycache__/__init__.cpython-312.opt-2.pyc' => './usr/lib64/python3/site-packages/asyncpg/__pycache__/__init__.cpython-312.opt-1.pyc'
'./usr/lib64/python3/site-packages/asyncpg/__pycache__/_asyncio_compat.cpython-312.opt-1.pyc' => './usr/lib64/python3/site-packages/asyncpg/__pycache__/_asyncio_compat.cpython-312.pyc'
'./usr/lib64/python3/site-packages/asyncpg/__pycache__/_version.cpython-312.opt-1.pyc' => './usr/lib64/python3/site-packages/asyncpg/__pycache__/_version.cpython-312.pyc'
'./usr/lib64/python3/site-packages/asyncpg/__pycache__/_version.cpython-312.opt-2.pyc' => './usr/lib64/python3/site-packages/asyncpg/__pycache__/_version.cpython-312.opt-1.pyc'
'./usr/lib64/python3/site-packages/asyncpg/__pycache__/cluster.cpython-312.opt-1.pyc' => './usr/lib64/python3/site-packages/asyncpg/__pycache__/cluster.cpython-312.pyc'
'./usr/lib64/python3/site-packages/asyncpg/__pycache__/compat.cpython-312.opt-1.pyc' => './usr/lib64/python3/site-packages/asyncpg/__pycache__/compat.cpython-312.pyc'
'./usr/lib64/python3/site-packages/asyncpg/__pycache__/compat.cpython-312.opt-2.pyc' => './usr/lib64/python3/site-packages/asyncpg/__pycache__/compat.cpython-312.opt-1.pyc'
'./usr/lib64/python3/site-packages/asyncpg/__pycache__/connresource.cpython-312.opt-1.pyc' => './usr/lib64/python3/site-packages/asyncpg/__pycache__/connresource.cpython-312.pyc'
'./usr/lib64/python3/site-packages/asyncpg/__pycache__/cursor.cpython-312.opt-1.pyc' => './usr/lib64/python3/site-packages/asyncpg/__pycache__/cursor.cpython-312.pyc'
'./usr/lib64/python3/site-packages/asyncpg/__pycache__/introspection.cpython-312.opt-1.pyc' => './usr/lib64/python3/site-packages/asyncpg/__pycache__/introspection.cpython-312.pyc'
'./usr/lib64/python3/site-packages/asyncpg/__pycache__/introspection.cpython-312.opt-2.pyc' => './usr/lib64/python3/site-packages/asyncpg/__pycache__/introspection.cpython-312.opt-1.pyc'
'./usr/lib64/python3/site-packages/asyncpg/__pycache__/pool.cpython-312.opt-1.pyc' => './usr/lib64/python3/site-packages/asyncpg/__pycache__/pool.cpython-312.pyc'
'./usr/lib64/python3/site-packages/asyncpg/__pycache__/prepared_stmt.cpython-312.opt-1.pyc' => './usr/lib64/python3/site-packages/asyncpg/__pycache__/prepared_stmt.cpython-312.pyc'
'./usr/lib64/python3/site-packages/asyncpg/__pycache__/serverversion.cpython-312.opt-1.pyc' => './usr/lib64/python3/site-packages/asyncpg/__pycache__/serverversion.cpython-312.pyc'
'./usr/lib64/python3/site-packages/asyncpg/__pycache__/serverversion.cpython-312.opt-2.pyc' => './usr/lib64/python3/site-packages/asyncpg/__pycache__/serverversion.cpython-312.opt-1.pyc'
'./usr/lib64/python3/site-packages/asyncpg/__pycache__/transaction.cpython-312.opt-1.pyc' => './usr/lib64/python3/site-packages/asyncpg/__pycache__/transaction.cpython-312.pyc'
'./usr/lib64/python3/site-packages/asyncpg/__pycache__/types.cpython-312.opt-1.pyc' => './usr/lib64/python3/site-packages/asyncpg/__pycache__/types.cpython-312.pyc'
'./usr/lib64/python3/site-packages/asyncpg/__pycache__/utils.cpython-312.opt-1.pyc' => './usr/lib64/python3/site-packages/asyncpg/__pycache__/utils.cpython-312.pyc'
'./usr/lib64/python3/site-packages/asyncpg/_testbase/__pycache__/__init__.cpython-312.opt-1.pyc' => './usr/lib64/python3/site-packages/asyncpg/_testbase/__pycache__/__init__.cpython-312.pyc'
'./usr/lib64/python3/site-packages/asyncpg/_testbase/__pycache__/__init__.cpython-312.opt-2.pyc' => './usr/lib64/python3/site-packages/asyncpg/_testbase/__pycache__/__init__.cpython-312.opt-1.pyc'
'./usr/lib64/python3/site-packages/asyncpg/_testbase/__pycache__/fuzzer.cpython-312.opt-1.pyc' => './usr/lib64/python3/site-packages/asyncpg/_testbase/__pycache__/fuzzer.cpython-312.pyc'
'./usr/lib64/python3/site-packages/asyncpg/_testbase/__pycache__/fuzzer.cpython-312.opt-2.pyc' => './usr/lib64/python3/site-packages/asyncpg/_testbase/__pycache__/fuzzer.cpython-312.opt-1.pyc'
'./usr/lib64/python3/site-packages/asyncpg/exceptions/__pycache__/__init__.cpython-312.opt-1.pyc' => './usr/lib64/python3/site-packages/asyncpg/exceptions/__pycache__/__init__.cpython-312.pyc'
'./usr/lib64/python3/site-packages/asyncpg/exceptions/__pycache__/__init__.cpython-312.opt-2.pyc' => './usr/lib64/python3/site-packages/asyncpg/exceptions/__pycache__/__init__.cpython-312.opt-1.pyc'
'./usr/lib64/python3/site-packages/asyncpg/exceptions/__pycache__/_base.cpython-312.opt-1.pyc' => './usr/lib64/python3/site-packages/asyncpg/exceptions/__pycache__/_base.cpython-312.pyc'
'./usr/lib64/python3/site-packages/asyncpg/pgproto/__pycache__/__init__.cpython-312.opt-1.pyc' => './usr/lib64/python3/site-packages/asyncpg/pgproto/__pycache__/__init__.cpython-312.pyc'
'./usr/lib64/python3/site-packages/asyncpg/pgproto/__pycache__/__init__.cpython-312.opt-2.pyc' => './usr/lib64/python3/site-packages/asyncpg/pgproto/__pycache__/__init__.cpython-312.opt-1.pyc'
'./usr/lib64/python3/site-packages/asyncpg/pgproto/__pycache__/types.cpython-312.opt-1.pyc' => './usr/lib64/python3/site-packages/asyncpg/pgproto/__pycache__/types.cpython-312.pyc'
'./usr/lib64/python3/site-packages/asyncpg/protocol/__pycache__/__init__.cpython-312.opt-1.pyc' => './usr/lib64/python3/site-packages/asyncpg/protocol/__pycache__/__init__.cpython-312.pyc'
'./usr/lib64/python3/site-packages/asyncpg/protocol/__pycache__/__init__.cpython-312.opt-2.pyc' => './usr/lib64/python3/site-packages/asyncpg/protocol/__pycache__/__init__.cpython-312.opt-1.pyc'
'./usr/lib64/python3/site-packages/asyncpg/protocol/codecs/__pycache__/__init__.cpython-312.opt-1.pyc' => './usr/lib64/python3/site-packages/asyncpg/protocol/codecs/__pycache__/__init__.cpython-312.pyc'
'./usr/lib64/python3/site-packages/asyncpg/protocol/codecs/__pycache__/__init__.cpython-312.opt-2.pyc' => './usr/lib64/python3/site-packages/asyncpg/protocol/codecs/__pycache__/__init__.cpython-312.opt-1.pyc'
Executing(%check): /bin/sh -e /usr/src/tmp/rpm-tmp.59208
+ umask 022
+ /bin/mkdir -p /usr/src/RPM/BUILD
+ cd /usr/src/RPM/BUILD
+ cd python3-module-asyncpg-0.30.0
+ export 'CFLAGS=-pipe -frecord-gcc-switches -Wall -g -O2 -flto=auto'
+ CFLAGS='-pipe -frecord-gcc-switches -Wall -g -O2 -flto=auto'
+ export 'CXXFLAGS=-pipe -frecord-gcc-switches -Wall -g -O2 -flto=auto'
+ CXXFLAGS='-pipe -frecord-gcc-switches -Wall -g -O2 -flto=auto'
+ export 'FFLAGS=-pipe -frecord-gcc-switches -Wall -g -O2 -flto=auto'
+ FFLAGS='-pipe -frecord-gcc-switches -Wall -g -O2 -flto=auto'
+ export NO_INTERNET=YES
+ NO_INTERNET=YES
+ /usr/bin/python3 -m pyproject_installer run -- pytest -vra ./tests -k 'not test_auth_gssapi'
INFO     : Creating venv
INFO     : Installing console scripts
INFO     : Installing package: /usr/src/RPM/BUILD/python3-module-asyncpg-0.30.0/dist/asyncpg-0.30.0-cp312-cp312-linux_x86_64.whl
INFO     : Running command: ['/usr/src/RPM/BUILD/python3-module-asyncpg-0.30.0/.run_venv/bin/python3', '-m', 'pyproject_installer', 'install', '/usr/src/RPM/BUILD/python3-module-asyncpg-0.30.0/dist/asyncpg-0.30.0-cp312-cp312-linux_x86_64.whl']
INFO     : Running command: ['pytest', '-vra', './tests', '-k', 'not test_auth_gssapi']
============================= test session starts ==============================
platform linux -- Python 3.12.10, pytest-8.3.5, pluggy-1.5.0 -- /usr/src/RPM/BUILD/python3-module-asyncpg-0.30.0/.run_venv/bin/python3
cachedir: .pytest_cache
rootdir: /usr/src/RPM/BUILD/python3-module-asyncpg-0.30.0
configfile: pyproject.toml
collecting ... collected 313 items / 3 deselected / 310 selected

tests/test__environment.py::TestEnvironment::test_environment_asyncpg_version SKIPPED
tests/test__environment.py::TestEnvironment::test_environment_server_version SKIPPED
tests/test__sourcecode.py::TestCodeQuality::test_flake8 SKIPPED (fla...)
tests/test__sourcecode.py::TestCodeQuality::test_mypy SKIPPED (mypy ...)
tests/test_adversity.py::TestConnectionLoss::test_connection_close_timeout PASSED
tests/test_adversity.py::TestConnectionLoss::test_pool_acquire_timeout PASSED
tests/test_adversity.py::TestConnectionLoss::test_pool_handles_abrupt_connection_loss PASSED
tests/test_adversity.py::TestConnectionLoss::test_pool_release_timeout PASSED
tests/test_cache_invalidation.py::TestCacheInvalidation::test_prepare_cache_invalidation_in_pool PASSED
tests/test_cache_invalidation.py::TestCacheInvalidation::test_prepare_cache_invalidation_in_transaction PASSED
tests/test_cache_invalidation.py::TestCacheInvalidation::test_prepare_cache_invalidation_silent PASSED
tests/test_cache_invalidation.py::TestCacheInvalidation::test_prepared_type_cache_invalidation PASSED
tests/test_cache_invalidation.py::TestCacheInvalidation::test_type_cache_invalidation_in_cancelled_transaction PASSED
tests/test_cache_invalidation.py::TestCacheInvalidation::test_type_cache_invalidation_in_pool PASSED
tests/test_cache_invalidation.py::TestCacheInvalidation::test_type_cache_invalidation_in_transaction PASSED
tests/test_cache_invalidation.py::TestCacheInvalidation::test_type_cache_invalidation_on_change_attr PASSED
tests/test_cache_invalidation.py::TestCacheInvalidation::test_type_cache_invalidation_on_drop_type_attr PASSED
tests/test_cancellation.py::TestCancellation::test_cancellation_01 PASSED
tests/test_cancellation.py::TestCancellation::test_cancellation_02 PASSED
tests/test_cancellation.py::TestCancellation::test_cancellation_03 PASSED
tests/test_cancellation.py::TestCancellation::test_cancellation_04 PASSED
tests/test_codecs.py::TestCodecs::test_all_builtin_types_handled PASSED
tests/test_codecs.py::TestCodecs::test_array_with_custom_json_text_codec PASSED
tests/test_codecs.py::TestCodecs::test_arrays PASSED
tests/test_codecs.py::TestCodecs::test_bitstring PASSED
tests/test_codecs.py::TestCodecs::test_composites PASSED
tests/test_codecs.py::TestCodecs::test_composites_in_arrays PASSED
tests/test_codecs.py::TestCodecs::test_custom_codec_binary PASSED
tests/test_codecs.py::TestCodecs::test_custom_codec_composite_non_tuple PASSED
tests/test_codecs.py::TestCodecs::test_custom_codec_composite_tuple PASSED
tests/test_codecs.py::TestCodecs::test_custom_codec_on_domain PASSED
tests/test_codecs.py::TestCodecs::test_custom_codec_on_enum PASSED
tests/test_codecs.py::TestCodecs::test_custom_codec_on_enum_array PASSED
tests/test_codecs.py::TestCodecs::test_custom_codec_on_stdsql_types PASSED
tests/test_codecs.py::TestCodecs::test_custom_codec_override_binary PASSED
tests/test_codecs.py::TestCodecs::test_custom_codec_override_text PASSED
tests/test_codecs.py::TestCodecs::test_custom_codec_override_tuple PASSED
tests/test_codecs.py::TestCodecs::test_custom_codec_text PASSED
tests/test_codecs.py::TestCodecs::test_domains PASSED
tests/test_codecs.py::TestCodecs::test_enum PASSED
tests/test_codecs.py::TestCodecs::test_enum_and_range PASSED
tests/test_codecs.py::TestCodecs::test_enum_function_return PASSED
tests/test_codecs.py::TestCodecs::test_enum_in_array PASSED
tests/test_codecs.py::TestCodecs::test_enum_in_composite PASSED
tests/test_codecs.py::TestCodecs::test_extra_codec_alias PASSED
tests/test_codecs.py::TestCodecs::test_interval PASSED
tests/test_codecs.py::TestCodecs::test_invalid_input PASSED
tests/test_codecs.py::TestCodecs::test_multirange_types PASSED
tests/test_codecs.py::TestCodecs::test_no_result PASSED
tests/test_codecs.py::TestCodecs::test_numeric PASSED
tests/test_codecs.py::TestCodecs::test_range_types PASSED
tests/test_codecs.py::TestCodecs::test_relacl_array_type PASSED
tests/test_codecs.py::TestCodecs::test_standard_codecs PASSED
tests/test_codecs.py::TestCodecs::test_table_as_composite PASSED
tests/test_codecs.py::TestCodecs::test_timetz_encoding PASSED
tests/test_codecs.py::TestCodecs::test_unhandled_type_fallback PASSED
tests/test_codecs.py::TestCodecs::test_unknown_type_text_fallback PASSED
tests/test_codecs.py::TestCodecs::test_void PASSED
tests/test_codecs.py::TestCodecsLargeOIDs::test_custom_codec_large_oid PASSED
tests/test_connect.py::TestSettings::test_get_settings_01 PASSED
tests/test_connect.py::TestSettings::test_server_version_01 PASSED
tests/test_connect.py::TestSettings::test_server_version_02 PASSED
tests/test_connect.py::TestAuthentication::test_auth_bad_user PASSED
tests/test_connect.py::TestAuthentication::test_auth_md5_unsupported PASSED
tests/test_connect.py::TestAuthentication::test_auth_password_cleartext PASSED
tests/test_connect.py::TestAuthentication::test_auth_password_cleartext_callable PASSED
tests/test_connect.py::TestAuthentication::test_auth_password_cleartext_callable_awaitable PASSED
tests/test_connect.py::TestAuthentication::test_auth_password_cleartext_callable_coroutine PASSED
tests/test_connect.py::TestAuthentication::test_auth_password_md5 PASSED
tests/test_connect.py::TestAuthentication::test_auth_password_scram_sha_256 PASSED
tests/test_connect.py::TestAuthentication::test_auth_reject PASSED
tests/test_connect.py::TestAuthentication::test_auth_trust PASSED
tests/test_connect.py::TestSspiAuthentication::test_auth_sspi SKIPPED
tests/test_connect.py::TestConnectParams::test_connect_args_validation PASSED
tests/test_connect.py::TestConnectParams::test_connect_params FAILED
tests/test_connect.py::TestConnectParams::test_connect_pgpass_badness_mode PASSED
tests/test_connect.py::TestConnectParams::test_connect_pgpass_badness_non_file PASSED
tests/test_connect.py::TestConnectParams::test_connect_pgpass_inaccessible_directory PASSED
tests/test_connect.py::TestConnectParams::test_connect_pgpass_inaccessible_file PASSED
tests/test_connect.py::TestConnectParams::test_connect_pgpass_nonexistent PASSED
tests/test_connect.py::TestConnectParams::test_connect_pgpass_regular PASSED
tests/test_connect.py::TestConnectParams::test_test_connect_params_environ PASSED
tests/test_connect.py::TestConnectParams::test_test_connect_params_run_testcase PASSED
tests/test_connect.py::TestConnection::test_connection_implicit_host PASSED
tests/test_connect.py::TestConnection::test_connection_isinstance PASSED
tests/test_connect.py::TestConnection::test_connection_no_home_dir PASSED
tests/test_connect.py::TestConnection::test_connection_ssl_to_no_ssl_server PASSED
tests/test_connect.py::TestConnection::test_connection_sslmode_no_ssl_server PASSED
tests/test_connect.py::TestConnection::test_connection_use_after_close PASSED
tests/test_connect.py::TestSSLConnection::test_executemany_uvloop_ssl_issue_700 PASSED
tests/test_connect.py::TestSSLConnection::test_ssl_connection_custom_context PASSED
tests/test_connect.py::TestSSLConnection::test_ssl_connection_default_context PASSED
tests/test_connect.py::TestSSLConnection::test_ssl_connection_pool PASSED
tests/test_connect.py::TestSSLConnection::test_ssl_connection_sslmode PASSED
tests/test_connect.py::TestSSLConnection::test_tls_version PASSED
tests/test_connect.py::TestClientSSLConnection::test_ssl_connection_client_auth_custom_context PASSED
tests/test_connect.py::TestClientSSLConnection::test_ssl_connection_client_auth_dot_postgresql PASSED
tests/test_connect.py::TestClientSSLConnection::test_ssl_connection_client_auth_dsn PASSED
tests/test_connect.py::TestClientSSLConnection::test_ssl_connection_client_auth_env PASSED
tests/test_connect.py::TestClientSSLConnection::test_ssl_connection_client_auth_fails_with_wrong_setup PASSED
tests/test_connect.py::TestNoSSLConnection::test_nossl_connection_pool PASSED
tests/test_connect.py::TestNoSSLConnection::test_nossl_connection_prefer_cancel PASSED
tests/test_connect.py::TestNoSSLConnection::test_nossl_connection_sslmode PASSED
tests/test_connect.py::TestConnectionGC::test_no_explicit_close_no_debug PASSED
tests/test_connect.py::TestConnectionGC::test_no_explicit_close_with_debug PASSED
tests/test_connect.py::TestConnectionAttributes::test_prefer_standby_picks_master_when_standby_is_down PASSED
tests/test_connect.py::TestConnectionAttributes::test_prefer_standby_when_standby_is_up PASSED
tests/test_connect.py::TestConnectionAttributes::test_target_attribute_not_matched PASSED
tests/test_connect.py::TestConnectionAttributes::test_target_server_attribute_port PASSED
tests/test_copy.py::TestCopyFrom::test_copy_from_query_basics PASSED
tests/test_copy.py::TestCopyFrom::test_copy_from_query_cancellation_explicit PASSED
tests/test_copy.py::TestCopyFrom::test_copy_from_query_cancellation_on_sink_error PASSED
tests/test_copy.py::TestCopyFrom::test_copy_from_query_cancellation_while_waiting_for_data PASSED
tests/test_copy.py::TestCopyFrom::test_copy_from_query_timeout_1 PASSED
tests/test_copy.py::TestCopyFrom::test_copy_from_query_timeout_2 PASSED
tests/test_copy.py::TestCopyFrom::test_copy_from_query_to_bad_output PASSED
tests/test_copy.py::TestCopyFrom::test_copy_from_query_to_path PASSED
tests/test_copy.py::TestCopyFrom::test_copy_from_query_to_path_like PASSED
tests/test_copy.py::TestCopyFrom::test_copy_from_query_to_sink PASSED
tests/test_copy.py::TestCopyFrom::test_copy_from_query_with_args PASSED
tests/test_copy.py::TestCopyFrom::test_copy_from_table_basics PASSED
tests/test_copy.py::TestCopyFrom::test_copy_from_table_large_rows PASSED
tests/test_copy.py::TestCopyTo::test_copy_records_to_table_1 PASSED
tests/test_copy.py::TestCopyTo::test_copy_records_to_table_async PASSED
tests/test_copy.py::TestCopyTo::test_copy_records_to_table_no_binary_codec PASSED
tests/test_copy.py::TestCopyTo::test_copy_records_to_table_where PASSED
tests/test_copy.py::TestCopyTo::test_copy_to_table_basics PASSED
tests/test_copy.py::TestCopyTo::test_copy_to_table_fail_in_source_1 PASSED
tests/test_copy.py::TestCopyTo::test_copy_to_table_fail_in_source_2 PASSED
tests/test_copy.py::TestCopyTo::test_copy_to_table_from_bytes_like PASSED
tests/test_copy.py::TestCopyTo::test_copy_to_table_from_file_path PASSED
tests/test_copy.py::TestCopyTo::test_copy_to_table_large_rows PASSED
tests/test_copy.py::TestCopyTo::test_copy_to_table_timeout PASSED
tests/test_cursor.py::TestIterableCursor::test_cursor_iterable_01 PASSED
tests/test_cursor.py::TestIterableCursor::test_cursor_iterable_02 PASSED
tests/test_cursor.py::TestIterableCursor::test_cursor_iterable_03 PASSED
tests/test_cursor.py::TestIterableCursor::test_cursor_iterable_04 PASSED
tests/test_cursor.py::TestIterableCursor::test_cursor_iterable_05 PASSED
tests/test_cursor.py::TestIterableCursor::test_cursor_iterable_06 PASSED
tests/test_cursor.py::TestCursor::test_cursor_01 PASSED
tests/test_cursor.py::TestCursor::test_cursor_02 PASSED
tests/test_cursor.py::TestCursor::test_cursor_03 PASSED
tests/test_cursor.py::TestCursor::test_cursor_04 PASSED
tests/test_exceptions.py::TestExceptions::test_exceptions_exported PASSED
tests/test_exceptions.py::TestExceptions::test_exceptions_str PASSED
tests/test_exceptions.py::TestExceptions::test_exceptions_unpacking PASSED
tests/test_execute.py::TestExecuteScript::test_execute_exceptions_1 PASSED
tests/test_execute.py::TestExecuteScript::test_execute_script_1 PASSED
tests/test_execute.py::TestExecuteScript::test_execute_script_2 PASSED
tests/test_execute.py::TestExecuteScript::test_execute_script_3 PASSED
tests/test_execute.py::TestExecuteScript::test_execute_script_check_transactionality PASSED
tests/test_execute.py::TestExecuteScript::test_execute_script_interrupted_close PASSED
tests/test_execute.py::TestExecuteScript::test_execute_script_interrupted_terminate PASSED
tests/test_execute.py::TestExecuteMany::test_executemany_bad_input PASSED
tests/test_execute.py::TestExecuteMany::test_executemany_basic PASSED
tests/test_execute.py::TestExecuteMany::test_executemany_client_failure_after_writes PASSED
tests/test_execute.py::TestExecuteMany::test_executemany_client_failure_in_transaction PASSED
tests/test_execute.py::TestExecuteMany::test_executemany_client_server_failure_conflict PASSED
tests/test_execute.py::TestExecuteMany::test_executemany_error_in_input_gen PASSED
tests/test_execute.py::TestExecuteMany::test_executemany_prepare PASSED
tests/test_execute.py::TestExecuteMany::test_executemany_returning PASSED
tests/test_execute.py::TestExecuteMany::test_executemany_server_failure PASSED
tests/test_execute.py::TestExecuteMany::test_executemany_server_failure_after_writes PASSED
tests/test_execute.py::TestExecuteMany::test_executemany_server_failure_during_writes PASSED
tests/test_execute.py::TestExecuteMany::test_executemany_timeout PASSED
tests/test_execute.py::TestExecuteMany::test_executemany_timeout_flow_control PASSED
tests/test_introspection.py::TestIntrospection::test_introspection_loads_basetypes_of_domains PASSED
tests/test_introspection.py::TestIntrospection::test_introspection_no_stmt_cache_01 PASSED
tests/test_introspection.py::TestIntrospection::test_introspection_no_stmt_cache_02 PASSED
tests/test_introspection.py::TestIntrospection::test_introspection_no_stmt_cache_03 PASSED
tests/test_introspection.py::TestIntrospection::test_introspection_on_large_db PASSED
tests/test_introspection.py::TestIntrospection::test_introspection_retries_after_cache_bust PASSED
tests/test_introspection.py::TestIntrospection::test_introspection_sticks_for_ps PASSED
tests/test_listeners.py::TestListeners::test_dangling_listener_warns PASSED
tests/test_listeners.py::TestListeners::test_listen_01 PASSED
tests/test_listeners.py::TestListeners::test_listen_02 PASSED
tests/test_listeners.py::TestListeners::test_listen_notletters PASSED
tests/test_listeners.py::TestLogListeners::test_dangling_log_listener_warns PASSED
tests/test_listeners.py::TestLogListeners::test_log_listener_01 PASSED
tests/test_listeners.py::TestLogListeners::test_log_listener_02 PASSED
tests/test_listeners.py::TestLogListeners::test_log_listener_03 PASSED
tests/test_listeners.py::TestConnectionTerminationListener::test_connection_termination_callback_called_on_local PASSED
tests/test_listeners.py::TestConnectionTerminationListener::test_connection_termination_callback_called_on_remote PASSED
tests/test_logging.py::TestQueryLogging::test_error_logging PASSED
tests/test_logging.py::TestQueryLogging::test_logging_context PASSED
tests/test_pool.py::TestPool::test_pool_01 PASSED
tests/test_pool.py::TestPool::test_pool_02 PASSED
tests/test_pool.py::TestPool::test_pool_03 PASSED
tests/test_pool.py::TestPool::test_pool_04 PASSED
tests/test_pool.py::TestPool::test_pool_05 PASSED
tests/test_pool.py::TestPool::test_pool_06 PASSED
tests/test_pool.py::TestPool::test_pool_07 PASSED
tests/test_pool.py::TestPool::test_pool_08 PASSED
tests/test_pool.py::TestPool::test_pool_09 PASSED
tests/test_pool.py::TestPool::test_pool_10 PASSED
tests/test_pool.py::TestPool::test_pool_11 PASSED
tests/test_pool.py::TestPool::test_pool_12 PASSED
tests/test_pool.py::TestPool::test_pool_13 PASSED
tests/test_pool.py::TestPool::test_pool_auth PASSED
tests/test_pool.py::TestPool::test_pool_close_timeout PASSED
tests/test_pool.py::TestPool::test_pool_close_waits_for_release PASSED
tests/test_pool.py::TestPool::test_pool_closing PASSED
tests/test_pool.py::TestPool::test_pool_config_persistence PASSED
tests/test_pool.py::TestPool::test_pool_connection_execute_many PASSED
tests/test_pool.py::TestPool::test_pool_connection_methods PASSED
tests/test_pool.py::TestPool::test_pool_exception_in_setup_and_init PASSED
tests/test_pool.py::TestPool::test_pool_expire_connections PASSED
tests/test_pool.py::TestPool::test_pool_handles_asyncgen_finalization PASSED
tests/test_pool.py::TestPool::test_pool_handles_inactive_connection_errors PASSED
tests/test_pool.py::TestPool::test_pool_handles_query_cancel_in_release PASSED
tests/test_pool.py::TestPool::test_pool_handles_task_cancel_in_acquire_with_timeout PASSED
tests/test_pool.py::TestPool::test_pool_handles_task_cancel_in_release PASSED
tests/test_pool.py::TestPool::test_pool_handles_transaction_exit_in_asyncgen_1 PASSED
tests/test_pool.py::TestPool::test_pool_handles_transaction_exit_in_asyncgen_2 PASSED
tests/test_pool.py::TestPool::test_pool_init_and_use_race PASSED
tests/test_pool.py::TestPool::test_pool_init_race PASSED
tests/test_pool.py::TestPool::test_pool_init_run_until_complete PASSED
tests/test_pool.py::TestPool::test_pool_max_inactive_time_01 PASSED
tests/test_pool.py::TestPool::test_pool_max_inactive_time_02 PASSED
tests/test_pool.py::TestPool::test_pool_max_inactive_time_03 PASSED
tests/test_pool.py::TestPool::test_pool_max_inactive_time_04 PASSED
tests/test_pool.py::TestPool::test_pool_max_inactive_time_05 PASSED
tests/test_pool.py::TestPool::test_pool_no_acquire_deadlock PASSED
tests/test_pool.py::TestPool::test_pool_release_in_xact PASSED
tests/test_pool.py::TestPool::test_pool_remote_close PASSED
tests/test_pool.py::TestPool::test_pool_set_connection_args PASSED
tests/test_pool.py::TestPool::test_pool_size_and_capacity PASSED
tests/test_pool.py::TestPoolReconnectWithTargetSessionAttrs::test_full_reconnect_on_node_change_role PASSED
tests/test_pool.py::TestHotStandby::test_standby_cursors PASSED
tests/test_pool.py::TestHotStandby::test_standby_pool_01 PASSED
tests/test_prepare.py::TestPrepare::test_prepare_01 PASSED
tests/test_prepare.py::TestPrepare::test_prepare_02 PASSED
tests/test_prepare.py::TestPrepare::test_prepare_03 PASSED
tests/test_prepare.py::TestPrepare::test_prepare_04 PASSED
tests/test_prepare.py::TestPrepare::test_prepare_05_unknownoid PASSED
tests/test_prepare.py::TestPrepare::test_prepare_06_interrupted_close PASSED
tests/test_prepare.py::TestPrepare::test_prepare_07_interrupted_terminate PASSED
tests/test_prepare.py::TestPrepare::test_prepare_08_big_result PASSED
tests/test_prepare.py::TestPrepare::test_prepare_09_raise_error PASSED
tests/test_prepare.py::TestPrepare::test_prepare_10_stmt_lru PASSED
tests/test_prepare.py::TestPrepare::test_prepare_11_stmt_gc PASSED
tests/test_prepare.py::TestPrepare::test_prepare_12_stmt_gc PASSED
tests/test_prepare.py::TestPrepare::test_prepare_13_connect PASSED
tests/test_prepare.py::TestPrepare::test_prepare_14_explain PASSED
tests/test_prepare.py::TestPrepare::test_prepare_15_stmt_gc_cache_disabled PASSED
tests/test_prepare.py::TestPrepare::test_prepare_16_command_result PASSED
tests/test_prepare.py::TestPrepare::test_prepare_17_stmt_closed_lru PASSED
tests/test_prepare.py::TestPrepare::test_prepare_18_empty_result PASSED
tests/test_prepare.py::TestPrepare::test_prepare_19_concurrent_calls PASSED
tests/test_prepare.py::TestPrepare::test_prepare_20_concurrent_calls PASSED
tests/test_prepare.py::TestPrepare::test_prepare_21_errors PASSED
tests/test_prepare.py::TestPrepare::test_prepare_22_empty PASSED
tests/test_prepare.py::TestPrepare::test_prepare_23_no_stmt_cache_seq PASSED
tests/test_prepare.py::TestPrepare::test_prepare_24_max_lifetime PASSED
tests/test_prepare.py::TestPrepare::test_prepare_25_max_lifetime_reset PASSED
tests/test_prepare.py::TestPrepare::test_prepare_26_max_lifetime_max_size PASSED
tests/test_prepare.py::TestPrepare::test_prepare_27_max_cacheable_statement_size PASSED
tests/test_prepare.py::TestPrepare::test_prepare_28_max_args PASSED
tests/test_prepare.py::TestPrepare::test_prepare_29_duplicates PASSED
tests/test_prepare.py::TestPrepare::test_prepare_30_invalid_arg_count PASSED
tests/test_prepare.py::TestPrepare::test_prepare_31_pgbouncer_note PASSED
tests/test_prepare.py::TestPrepare::test_prepare_does_not_use_cache PASSED
tests/test_prepare.py::TestPrepare::test_prepare_explicitly_named PASSED
tests/test_prepare.py::TestPrepare::test_prepare_fetchmany PASSED
tests/test_prepare.py::TestPrepare::test_prepare_statement_invalid PASSED
tests/test_record.py::TestRecord::test_record_cmp PASSED
tests/test_record.py::TestRecord::test_record_contains PASSED
tests/test_record.py::TestRecord::test_record_duplicate_colnames PASSED
tests/test_record.py::TestRecord::test_record_empty PASSED
tests/test_record.py::TestRecord::test_record_freelist_ok PASSED
tests/test_record.py::TestRecord::test_record_gc PASSED
tests/test_record.py::TestRecord::test_record_get PASSED
tests/test_record.py::TestRecord::test_record_hash PASSED
tests/test_record.py::TestRecord::test_record_immutable PASSED
tests/test_record.py::TestRecord::test_record_isinstance PASSED
tests/test_record.py::TestRecord::test_record_items PASSED
tests/test_record.py::TestRecord::test_record_iter PASSED
tests/test_record.py::TestRecord::test_record_keys PASSED
tests/test_record.py::TestRecord::test_record_len_getindex PASSED
tests/test_record.py::TestRecord::test_record_no_new PASSED
tests/test_record.py::TestRecord::test_record_not_pickleable PASSED
tests/test_record.py::TestRecord::test_record_repr PASSED
tests/test_record.py::TestRecord::test_record_slice PASSED
tests/test_record.py::TestRecord::test_record_subclass_01 PASSED
tests/test_record.py::TestRecord::test_record_subclass_02 PASSED
tests/test_record.py::TestRecord::test_record_subclass_03 PASSED
tests/test_record.py::TestRecord::test_record_subclass_04 PASSED
tests/test_record.py::TestRecord::test_record_subclass_05 PASSED
tests/test_record.py::TestRecord::test_record_subclass_06 PASSED
tests/test_record.py::TestRecord::test_record_values PASSED
tests/test_test.py::TestTests::test_tests_fail_1 PASSED
tests/test_test.py::TestHelpers::test_tests_assertLoopErrorHandlerCalled_01 PASSED
tests/test_timeout.py::TestTimeout::test_invalid_timeout PASSED
tests/test_timeout.py::TestTimeout::test_timeout_01 PASSED
tests/test_timeout.py::TestTimeout::test_timeout_02 PASSED
tests/test_timeout.py::TestTimeout::test_timeout_03 PASSED
tests/test_timeout.py::TestTimeout::test_timeout_04 PASSED
tests/test_timeout.py::TestTimeout::test_timeout_05 PASSED
tests/test_timeout.py::TestTimeout::test_timeout_06 PASSED
tests/test_timeout.py::TestConnectionCommandTimeout::test_command_timeout_01 PASSED
tests/test_timeout.py::TestTimeoutCoversPrepare::test_timeout_covers_prepare_01 PASSED
tests/test_transaction.py::TestTransaction::test_isolation_level PASSED
tests/test_transaction.py::TestTransaction::test_nested_isolation_level PASSED
tests/test_transaction.py::TestTransaction::test_transaction_interface_errors PASSED
tests/test_transaction.py::TestTransaction::test_transaction_nested PASSED
tests/test_transaction.py::TestTransaction::test_transaction_regular PASSED
tests/test_transaction.py::TestTransaction::test_transaction_within_manual_transaction PASSED
tests/test_types.py::TestTypes::test_range_issubset PASSED
tests/test_utils.py::TestUtils::test_mogrify_multiple PASSED
tests/test_utils.py::TestUtils::test_mogrify_simple PASSED

=================================== FAILURES ===================================
____________________ TestConnectParams.test_connect_params _____________________
Traceback (most recent call last):
  File "/usr/lib64/python3.12/unittest/case.py", line 58, in testPartExecutor
    yield
  File "/usr/lib64/python3.12/unittest/case.py", line 634, in run
    self._callTestMethod(testMethod)
  File "/usr/lib64/python3.12/unittest/case.py", line 589, in _callTestMethod
    if method() is not None:
       ^^^^^^^^
  File "/usr/src/RPM/BUILD/python3-module-asyncpg-0.30.0/tests/test_connect.py", line 1237, in test_connect_params
    self.run_testcase(testcase)
  File "/usr/src/RPM/BUILD/python3-module-asyncpg-0.30.0/tests/test_connect.py", line 1154, in run_testcase
    addrs, params = connect_utils._parse_connect_dsn_and_args(
                    ^^^^^^^^^^^^^^^^^^^^^^^^^^^^^^^^^^^^^^^^^^
  File "/usr/src/RPM/BUILD/python3-module-asyncpg-0.30.0/.run_venv/lib64/python3/site-packages/asyncpg/connect_utils.py", line 280, in _parse_connect_dsn_and_args
    parsed = urllib.parse.urlparse(dsn)
             ^^^^^^^^^^^^^^^^^^^^^^^^^^
  File "/usr/lib64/python3.12/urllib/parse.py", line 395, in urlparse
    splitresult = urlsplit(url, scheme, allow_fragments)
                  ^^^^^^^^^^^^^^^^^^^^^^^^^^^^^^^^^^^^^^
  File "/usr/lib64/python3.12/urllib/parse.py", line 516, in urlsplit
    _check_bracketed_netloc(netloc)
  File "/usr/lib64/python3.12/urllib/parse.py", line 451, in _check_bracketed_netloc
    raise ValueError("Invalid IPv6 URL")
ValueError: Invalid IPv6 URL
=========================== short test summary info ============================
SKIPPED [1] tests/test__environment.py:31: environ[ASYNCPG_VERSION] is not set
SKIPPED [1] tests/test__environment.py:18: environ[PGVERSION] is not set
SKIPPED [1] tests/test__sourcecode.py:19: flake8 module is missing
SKIPPED [1] tests/test__sourcecode.py:42: mypy module is missing
SKIPPED [1] tests/test_connect.py:467: SSPI is only available on Windows
FAILED tests/test_connect.py::TestConnectParams::test_connect_params - ValueE...
====== 1 failed, 304 passed, 5 skipped, 3 deselected in 65.96s (0:01:05) =======
INFO     : Command's result: FAILURE
INFO     : Command's error: Command '['pytest', '-vra', './tests', '-k', 'not test_auth_gssapi']' returned non-zero exit status 1.
error: Bad exit status from /usr/src/tmp/rpm-tmp.59208 (%check)


RPM build errors:
    File /usr/src/RPM/SOURCES/python3-module-asyncpg-0.30.0-alt.patch is smaller than 8 bytes
    Bad exit status from /usr/src/tmp/rpm-tmp.59208 (%check)
Command exited with non-zero status 1
118.72user 15.15system 2:20.45elapsed 95%CPU (0avgtext+0avgdata 540252maxresident)k
0inputs+0outputs (0major+2423998minor)pagefaults 0swaps
hsh-rebuild: rebuild of `python3-module-asyncpg-0.30.0-alt1.src.rpm' failed.
Command exited with non-zero status 1
5.38user 3.27system 2:39.20elapsed 5%CPU (0avgtext+0avgdata 142396maxresident)k
2096inputs+0outputs (0major+327414minor)pagefaults 0swaps
