<86>May 16 05:12:25 userdel[3425294]: delete user 'rooter'
<86>May 16 05:12:25 userdel[3425294]: removed group 'rooter' owned by 'rooter'
<86>May 16 05:12:25 userdel[3425294]: removed shadow group 'rooter' owned by 'rooter'
<86>May 16 05:12:25 groupadd[3425301]: group added to /etc/group: name=rooter, GID=1235
<86>May 16 05:12:25 groupadd[3425301]: group added to /etc/gshadow: name=rooter
<86>May 16 05:12:25 groupadd[3425301]: new group: name=rooter, GID=1235
<86>May 16 05:12:25 useradd[3425311]: new user: name=rooter, UID=1235, GID=1235, home=/root, shell=/bin/bash, from=none
<86>May 16 05:12:25 userdel[3425335]: delete user 'builder'
<86>May 16 05:12:25 userdel[3425335]: removed group 'builder' owned by 'builder'
<86>May 16 05:12:25 userdel[3425335]: removed shadow group 'builder' owned by 'builder'
<86>May 16 05:12:25 groupadd[3425356]: group added to /etc/group: name=builder, GID=1236
<86>May 16 05:12:25 groupadd[3425356]: group added to /etc/gshadow: name=builder
<86>May 16 05:12:25 groupadd[3425356]: new group: name=builder, GID=1236
<86>May 16 05:12:25 useradd[3425373]: new user: name=builder, UID=1236, GID=1236, home=/usr/src, shell=/bin/bash, from=none
<13>May 16 05:12:29 rpmi: libmpdec3-2.5.1-alt3 sisyphus+314490.500.5.1 1675432004 installed
<13>May 16 05:12:29 rpmi: libgdbm-1.8.3-alt10 sisyphus+346222.200.3.2 1716468404 installed
<13>May 16 05:12:29 rpmi: libexpat-2.7.1-alt1 sisyphus+379929.100.1.1 1743519381 installed
<13>May 16 05:12:29 rpmi: openssl-config-3.2.0-alt1 sisyphus+366659.140.4.1 1736956949 installed
<13>May 16 05:12:29 rpmi: libb2-0.98.1-alt1_1 sisyphus+291614.100.1.1 1638962877 installed
<13>May 16 05:12:29 rpmi: libp11-kit-1:0.25.5-alt1 sisyphus+352553.100.1.1 1720622573 installed
<13>May 16 05:12:29 rpmi: libtasn1-4.20.0-alt2 sisyphus+375829.100.1.1 1740299335 installed
<13>May 16 05:12:29 rpmi: rpm-macros-alternatives-0.5.3-alt1 sisyphus+371878.100.1.1 1737988822 installed
<13>May 16 05:12:29 rpmi: alternatives-0.5.3-alt1 sisyphus+371878.100.1.1 1737988822 installed
<13>May 16 05:12:29 rpmi: ca-certificates-2025.05.12-alt1 sisyphus+383903.200.2.1 1747060316 installed
<13>May 16 05:12:29 rpmi: ca-trust-0.2.0-alt1 sisyphus+344843.100.1.1 1712743326 installed
<13>May 16 05:12:29 rpmi: p11-kit-trust-1:0.25.5-alt1 sisyphus+352553.100.1.1 1720622573 installed
<13>May 16 05:12:29 rpmi: libcrypto3-3.3.3-alt1 sisyphus+374381.40.2.1 1739299401 installed
<13>May 16 05:12:29 rpmi: libssl3-3.3.3-alt1 sisyphus+374381.40.2.1 1739299401 installed
<13>May 16 05:12:30 rpmi: python3-3.12.10-alt1 sisyphus+381757.100.1.1 1744802808 installed
<13>May 16 05:12:30 rpmi: python3-base-3.12.10-alt1 sisyphus+381757.100.1.1 1744802808 installed
<13>May 16 05:12:30 rpmi: python3-module-py3dephell-0.3.1-alt1 sisyphus+365261.200.1.1 1734463433 installed
<13>May 16 05:12:30 rpmi: python3-module-pyproject-installer-0.5.5-alt2 sisyphus+366395.100.1.1 1735032014 installed
<13>May 16 05:12:30 rpmi: rpm-macros-pyproject-0.0.9-alt1 sisyphus+362541.300.2.1 1731671840 installed
<13>May 16 05:12:30 rpmi: tests-for-installed-python3-pkgs-0.1.28-alt1 sisyphus+375953.100.2.1 1740855713 installed
<13>May 16 05:12:30 rpmi: rpm-build-python3-0.1.28-alt1 sisyphus+375953.100.2.1 1740855713 installed
<13>May 16 05:12:30 rpmi: rpm-build-pyproject-0.0.9-alt1 sisyphus+362541.300.2.1 1731671840 installed
<13>May 16 05:12:34 rpmi: python3-module-docutils-0.20.1-alt1 sisyphus+323438.100.1.1 1687370718 installed
<13>May 16 05:12:34 rpmi: python3-module-idna-3.10-alt1 sisyphus+358681.100.1.1 1727701241 installed
<13>May 16 05:12:34 rpmi: python3-module-attrs-25.3.0-alt1 sisyphus+378700.100.1.1 1742472992 installed
<13>May 16 05:12:34 rpmi: python3-module-urllib3-2:2.4.0-alt1 sisyphus+381271.100.2.1 1744618213 installed
<13>May 16 05:12:34 rpmi: python3-module-zope.interface-7.2-alt1.1 sisyphus+376369.21500.10.1 1746631801 installed
<13>May 16 05:12:34 rpmi: python3-module-Pygments-2.19.1-alt1 sisyphus+368586.100.2.1 1737039695 installed
<13>May 16 05:12:34 rpmi: python3-module-markupsafe-1:3.0.2-alt1 sisyphus+360209.100.1.1 1729323052 installed
<13>May 16 05:12:34 rpmi: python3-module-jinja2-3.1.6-alt1 sisyphus+377889.1500.2.1 1742249941 installed
<13>May 16 05:12:34 rpmi: python3-module-six-1.17.0-alt1.1 sisyphus+373470.100.1.1 1738920023 installed
<13>May 16 05:12:34 rpmi: python3-module-click-8.1.8-alt1 sisyphus+366297.100.1.1 1734946237 installed
<13>May 16 05:12:34 rpmi: python3-module-certifi-2024.12.14-alt1 sisyphus+369729.200.2.2 1737050219 installed
<13>May 16 05:12:34 rpmi: python3-module-sniffio-1.3.1-alt1 sisyphus+341424.100.1.1 1708941879 installed
<13>May 16 05:12:34 rpmi: python3-module-packaging-25.0-alt1 sisyphus+382195.100.1.1 1745223121 installed
<13>May 16 05:12:34 rpmi: python3-module-more-itertools-10.6.0-alt1 sisyphus+369595.100.2.1 1737017267 installed
<13>May 16 05:12:34 rpmi: python3-module-jaraco.functools-4.1.0-alt1.1 sisyphus+376369.24200.10.1 1746632566 installed
<13>May 16 05:12:34 rpmi: python3-module-werkzeug-3.1.3-alt1 sisyphus+361875.200.2.1 1731337173 installed
<13>May 16 05:12:34 rpmi: python3-module-outcome-1.3.0-alt1 sisyphus+332382.100.1.1 1697882349 installed
<13>May 16 05:12:34 rpmi: python3-module-jmespath-1.0.1-alt1 sisyphus+317988.100.2.1 1680612150 installed
<13>May 16 05:12:34 rpmi: python3-module-pluggy-1.5.0-alt1 sisyphus+345632.100.2.1 1713864244 installed
<13>May 16 05:12:35 rpmi: python3-module-typing_extensions-4.13.2-alt1 sisyphus+381315.100.1.1 1744375640 installed
<13>May 16 05:12:35 rpmi: python3-module-propcache-0.2.1-alt1 sisyphus+369528.100.1.1 1736868993 installed
<13>May 16 05:12:35 rpmi: python3-module-multidict-6.4.3-alt1 sisyphus+381313.100.1.1 1744375526 installed
<13>May 16 05:12:35 rpmi: python3-module-frozenlist-1.5.0-alt1 sisyphus+362047.100.1.1 1731079173 installed
<13>May 16 05:12:35 rpmi: libcares-1.34.5-alt1 sisyphus+381066.100.1.1 1744213475 installed
<13>May 16 05:12:35 rpmi: python3-module-aiosignal-1.3.2-alt1 sisyphus+369480.100.1.1 1736854528 installed
<13>May 16 05:12:35 rpmi: python3-module-yarl-1.18.3-alt1 sisyphus+369529.100.2.1 1736876451 installed
<13>May 16 05:12:35 rpmi: python3-module-anyio-4.9.0-alt1 sisyphus+380033.1100.6.1 1743624903 installed
<13>May 16 05:12:35 rpmi: python3-module-incremental-22.10.0-alt1 sisyphus+312706.100.1.1 1672404273 installed
<13>May 16 05:12:35 rpmi: python3-module-dateutil-2.9.0.post0-alt1 sisyphus+378451.100.1.1 1742313746 installed
<13>May 16 05:12:35 rpmi: python3-module-alabaster-0.7.16-alt1 sisyphus+349698.100.1.1 1716897815 installed
<13>May 16 05:12:35 rpmi: python3-module-hyperlink-21.0.0-alt1.1 sisyphus+304836.100.1.1 1659710964 installed
<13>May 16 05:12:35 rpmi: python3-module-uc-micro-py-1.0.3-alt1 sisyphus+341790.100.1.1 1709309103 installed
<13>May 16 05:12:35 rpmi: python3-module-linkify-it-py-2.0.3-alt1 sisyphus+343902.100.1.1 1711708185 installed
<13>May 16 05:12:35 rpmi: python3-module-mdurl-0.1.2-alt1 sisyphus+318894.1000.3.1 1682420700 installed
<13>May 16 05:12:35 rpmi: python3-module-markdown-it-3.0.0-alt2 sisyphus+365460.100.1.1 1734639341 installed
<13>May 16 05:12:35 rpmi: python3-module-rich-14.0.0-alt1 sisyphus+379788.100.2.1 1743422434 installed
<13>May 16 05:12:35 rpmi: python3-module-railroad-diagrams-3.0.1-alt1 sisyphus+358318.100.1.1 1727257812 installed
<13>May 16 05:12:35 rpmi: python3-module-pyparsing-3.2.3-alt1 sisyphus+379206.100.2.1 1742978787 installed
<13>May 16 05:12:35 rpmi: python3-module-socksio-1.0.0-alt1 sisyphus+295017.1500.2.1 1644498004 installed
<13>May 16 05:12:35 rpmi: python3-module-h11-0.14.0-alt1 sisyphus+312690.100.1.1 1672395335 installed
<13>May 16 05:12:35 rpmi: python3-module-httpcore-1.0.7-alt1 sisyphus+378468.100.1.1 1742318664 installed
<13>May 16 05:12:35 rpmi: python3-module-itsdangerous-2.2.0-alt1 sisyphus+345793.200.2.1 1714032239 installed
<13>May 16 05:12:35 rpmi: python3-module-decorator-5.2.1-alt1 sisyphus+376067.100.1.1 1740491622 installed
<13>May 16 05:12:35 rpmi: python3-module-snowballstemmer-2.2.0-alt1 sisyphus+319215.100.1.1 1682346633 installed
<13>May 16 05:12:35 rpmi: python3-module-roman_numerals-3.1.0-alt1 sisyphus+376287.100.1.1 1740659993 installed
<13>May 16 05:12:35 rpmi: python3-module-imagesize-1.4.1-alt1 sisyphus+318084.100.1.1 1680697673 installed
<13>May 16 05:12:35 rpmi: python3-module-defusedxml-0.7.1-alt1 sisyphus+274841.2300.1.1 1624295691 installed
<13>May 16 05:12:35 rpmi: python3-module-charset-normalizer-3.2.0-alt1 sisyphus+347396.200.2.1 1714733155 installed
<13>May 16 05:12:35 rpmi: python3-module-requests-2.32.3-alt1 sisyphus+349946.100.1.1 1717059877 installed
<13>May 16 05:12:35 rpmi: python3-module-blinker-1.9.0-alt1 sisyphus+362571.300.7.1 1734000808 installed
<13>May 16 05:12:35 rpmi: python3-module-flask-3.1.0-alt1 sisyphus+362571.400.7.1 1734000837 installed
<13>May 16 05:12:36 rpmi: python3-module-babel-1:2.17.0-alt1 sisyphus+383519.100.1.1 1746611672 installed
<13>May 16 05:12:36 rpmi: python3-module-iniconfig-2.1.0-alt1 sisyphus+378658.100.2.1 1742493599 installed
<13>May 16 05:12:36 rpmi: python3-module-pytest-8.3.5-alt2 sisyphus+383865.100.1.1 1747039699 installed
<13>May 16 05:12:36 rpmi: python3-module-pytest-asyncio-0.25.3-alt1 sisyphus+372038.100.2.1 1738225951 installed
<13>May 16 05:12:36 rpmi: python3-module-priority-2.0.0-alt3 sisyphus+338701.100.1.2 1705988383 installed
<13>May 16 05:12:36 rpmi: python3-module-hpack-4.0.0-alt1 sisyphus+270376.200.1.1 1618956626 installed
<13>May 16 05:12:36 rpmi: python3-module-hyperframe-6.0.1-alt1 sisyphus+270376.300.2.1 1618957001 installed
<13>May 16 05:12:36 rpmi: python3-module-h2-4.1.0-alt1 sisyphus+325714.100.2.2 1690478873 installed
<13>May 16 05:12:36 rpmi: python3-module-constantly-15.1.0-alt7 sisyphus+338906.100.1.1 1706107088 installed
<13>May 16 05:12:36 rpmi: python3-module-appdirs-1.4.4-alt2 sisyphus+359005.100.1.1 1728036426 installed
<13>May 16 05:12:36 rpmi: python3-module-z3c-3.0.0-alt4 sisyphus+284857.200.1.1 1631109149 installed
<13>May 16 05:12:36 rpmi: python3-module-zc-1.0.0-alt7 sisyphus+284857.100.1.1 1631109117 installed
<13>May 16 05:12:36 rpmi: python3-module-zope-3.3.0-alt9 sisyphus+281937.200.4.1 1628175900 installed
<13>May 16 05:12:36 rpmi: python3-module-zope.event-5.0-alt1.1.1 sisyphus+376369.20700.10.1 1746631591 installed
<13>May 16 05:12:36 rpmi: python3-module-psutil-7.0.0-alt1 sisyphus+378483.100.1.1 1742330008 installed
<13>May 16 05:12:36 rpmi: python3-module-objgraph-3.6.2-alt1 sisyphus+359468.100.1.1 1728573508 installed
<13>May 16 05:12:36 rpmi: python3-module-greenlet-3.2.2-alt1 sisyphus+383924.100.1.2 1747067810 installed
<13>May 16 05:12:36 rpmi: python3-module-sortedcontainers-2.4.0-alt1 sisyphus+272042.100.1.1 1621262424 installed
<13>May 16 05:12:36 rpmi: python3-module-astor-0.8.1-alt1.1 sisyphus+315877.100.1.1 1677481862 installed
<13>May 16 05:12:36 rpmi: python3-module-pycparser-2.22-alt1 sisyphus+378485.100.1.1 1742331206 installed
<13>May 16 05:12:36 rpmi: python3-module-cffi-1.17.1-alt1 sisyphus+357396.100.1.1 1726156476 installed
<13>May 16 05:12:36 rpmi: python3-module-cryptography-44.0.0-alt1 sisyphus+368451.100.1.1 1736436050 installed
<13>May 16 05:12:36 rpmi: python3-module-openssl-24.3.0-alt1 sisyphus+368451.200.1.1 1736436083 installed
<13>May 16 05:12:36 rpmi: python3-module-trio-0.30.0-alt1 sisyphus+383467.100.1.2 1746556155 installed
<13>May 16 05:12:36 rpmi: python3-module-dns-1:2.6.1-alt1 sisyphus+341811.20.3.1 1709382170 installed
<13>May 16 05:12:36 rpmi: python3-module-pycares-4.8.0-alt1 sisyphus+383444.100.1.1 1746542991 installed
<13>May 16 05:12:36 rpmi: python3-module-brotlicffi-1.1.0.0-alt1 sisyphus+333513.57100.77.1 1704963683 installed
<13>May 16 05:12:36 rpmi: python3-module-httpbin-0.10.2-alt2 sisyphus+380088.100.1.1 1743681739 installed
<13>May 16 05:12:36 rpmi: python3-module-aiohappyeyeballs-2.4.4-alt1 sisyphus+369620.100.1.1 1736938218 installed
<13>May 16 05:12:36 rpmi: python3-module-wheel-0.45.1-alt3 sisyphus+384059.500.2.1 1747240259 installed
<13>May 16 05:12:36 rpmi: python3-module-platformdirs-4.3.7-alt1 sisyphus+378659.100.2.1 1742562597 installed
<13>May 16 05:12:36 rpmi: python3-module-jaraco.context-6.0.1-alt1.1 sisyphus+376369.6200.10.1 1746628448 installed
<13>May 16 05:12:36 rpmi: python3-module-autocommand-2.2.2-alt1.1 sisyphus+339714.100.1.1 1706968174 installed
<13>May 16 05:12:36 rpmi: python3-module-jaraco.text-4.0.0-alt1.1 sisyphus+376369.7300.10.1 1746628739 installed
<13>May 16 05:12:36 rpmi: python3-module-pkg_resources-1:80.4.0-alt1 sisyphus+384059.100.2.1 1747240150 installed
<13>May 16 05:12:36 rpmi: python3-module-openid-3.2.0-alt1 sisyphus+278049.100.2.1 1625998936 installed
<13>May 16 05:12:36 rpmi: python3-module-Cheetah-3.4.0-alt1.1.1 sisyphus+376369.27100.10.1 1746633546 installed
<13>May 16 05:12:36 rpmi: python3-module-paste-3.10.1-alt1.1 sisyphus+376369.11500.10.1 1746629504 installed
<13>May 16 05:12:36 rpmi: python3-module-PasteDeploy-1:3.1.0-alt1.1 sisyphus+376369.26200.10.1 1746633333 installed
<13>May 16 05:12:36 rpmi: python3-module-PasteScript-1:3.7.0-alt1.1 sisyphus+376369.24300.10.1 1746632597 installed
<13>May 16 05:12:36 rpmi: python-sphinx-objects.inv-1:2.3.14.20250414-alt1 sisyphus+381547.100.1.1 1744608913 installed
<13>May 16 05:12:36 rpmi: python3-module-sphinxcontrib-applehelp-2.0.0-alt1 sisyphus+353872.100.1.1 1722243556 installed
<13>May 16 05:12:36 rpmi: python3-module-sphinxcontrib-devhelp-2.0.0-alt1 sisyphus+353872.200.1.1 1722243589 installed
<13>May 16 05:12:36 rpmi: python3-module-sphinxcontrib-jquery-4.1-alt3 sisyphus+339023.100.1.1 1706234262 installed
<13>May 16 05:12:37 rpmi: python3-module-sphinxcontrib-jsmath-1.0.1-alt2 sisyphus+348403.100.1.1 1716017686 installed
<13>May 16 05:12:37 rpmi: python3-module-sphinxcontrib-htmlhelp-2.1.0-alt1 sisyphus+353893.100.2.1 1722416845 installed
<13>May 16 05:12:37 rpmi: python3-module-sphinxcontrib-serializinghtml-2.0.0-alt1 sisyphus+361088.100.1.1 1730215552 installed
<13>May 16 05:12:37 rpmi: python3-module-sphinxcontrib-qthelp-2.0.0-alt1 sisyphus+353872.300.1.1 1722243619 installed
<13>May 16 05:12:37 rpmi: python3-module-sphinx-sphinx-build-symlink-1:8.2.1-alt1 sisyphus+376300.100.1.1 1740663832 installed
<13>May 16 05:12:37 rpmi: python3-module-sphinx-1:8.2.1-alt1 sisyphus+376300.100.1.1 1740663832 installed
<13>May 16 05:12:38 rpmi: python3-module-botocore-1.37.37-alt1 sisyphus+382196.100.2.1 1745319899 installed
<13>May 16 05:12:38 rpmi: python3-module-s3transfer-0.11.5-alt1 sisyphus+382196.300.2.1 1745320396 installed
<13>May 16 05:12:38 rpmi: libyaml2-0.2.5-alt1 sisyphus+278391.100.1.1 1626094928 installed
<13>May 16 05:12:38 rpmi: libuv-1.50.0-alt1 sisyphus+377760.100.1.1 1741795923 installed
<13>May 16 05:12:38 rpmi: libpython3-3.12.10-alt1 sisyphus+381757.100.1.1 1744802808 installed
<13>May 16 05:12:38 rpmi: libncurses6-6.3.20220618-alt4 sisyphus+327286.4600.14.1 1711486705 installed
<13>May 16 05:12:38 rpmi: libtinfo-devel-6.3.20220618-alt4 sisyphus+327286.4600.14.1 1711486705 installed
<13>May 16 05:12:38 rpmi: libncurses-devel-6.3.20220618-alt4 sisyphus+327286.4600.14.1 1711486705 installed
<13>May 16 05:12:39 rpmi: python3-dev-3.12.10-alt1 sisyphus+381757.100.1.1 1744802808 installed
<13>May 16 05:12:39 rpmi: openldap-common-2.6.9-alt2 sisyphus+367501.300.4.1 1735841751 installed
<13>May 16 05:12:39 rpmi: libverto-0.3.2-alt1_1 sisyphus+321176.2200.10.2 1684803947 installed
<13>May 16 05:12:39 rpmi: liblmdb-0.9.33-alt1 sisyphus+360625.100.1.1 1729819640 installed
<13>May 16 05:12:39 rpmi: libkeyutils-1.6.3-alt1 sisyphus+346336.200.2.2 1716472658 installed
<13>May 16 05:12:39 rpmi: libusb-1.0.27-alt1 sisyphus+347412.100.1.1 1714739651 installed
<13>May 16 05:12:39 rpmi: libhidapi-0.14.0-alt1 sisyphus+378183.100.1.1 1742067545 installed
<13>May 16 05:12:39 rpmi: python3-module-cython-hidapi-0.14.0-alt1.1 sisyphus+333513.54340.73.1 1704651867 installed
<13>May 16 05:12:39 rpmi: python3-module-serial-3.5-alt3 sisyphus+360600.100.2.1 1729786231 installed
<13>May 16 05:12:39 rpmi: python3-module-automat-25.4.16-alt1.1 sisyphus+376369.25200.10.1 1746633028 installed
<13>May 16 05:12:39 rpmi: python3-module-twisted-logger-24.11.0-alt2 sisyphus+376609.40.2.1 1740866761 installed
<13>May 16 05:12:39 rpmi: python3-module-twisted-web-24.11.0-alt2 sisyphus+376609.40.2.1 1740866761 installed
<13>May 16 05:12:39 rpmi: python3-module-twisted-words-24.11.0-alt2 sisyphus+376609.40.2.1 1740866761 installed
<13>May 16 05:12:39 rpmi: python3-module-twisted-core-24.11.0-alt2 sisyphus+376609.40.2.1 1740866761 installed
<13>May 16 05:12:39 rpmi: python3-module-twisted-names-24.11.0-alt2 sisyphus+376609.40.2.1 1740866761 installed
<13>May 16 05:12:39 rpmi: python3-module-tornado-6.4.2-alt1 sisyphus+363445.100.1.1 1732635491 installed
<13>May 16 05:12:39 rpmi: libev4-4.33-alt3 sisyphus+334335.340.4.1 1699912675 installed
<13>May 16 05:12:40 rpmi: python3-module-gevent-24.11.1-alt1 sisyphus+378463.100.2.1 1742318286 installed
<13>May 16 05:12:40 rpmi: libcom_err-1.47.1.0.10.ad56-alt2 sisyphus+363497.200.3.1 1732729908 installed
<86>May 16 05:12:40 groupadd[3443435]: group added to /etc/group: name=_keytab, GID=999
<86>May 16 05:12:40 groupadd[3443435]: group added to /etc/gshadow: name=_keytab
<86>May 16 05:12:40 groupadd[3443435]: new group: name=_keytab, GID=999
<13>May 16 05:12:40 rpmi: libkrb5-1.21.3-alt2 sisyphus+351857.100.1.1 1719735141 installed
<86>May 16 05:12:40 groupadd[3443513]: group added to /etc/group: name=sasl, GID=998
<86>May 16 05:12:40 groupadd[3443513]: group added to /etc/gshadow: name=sasl
<86>May 16 05:12:40 groupadd[3443513]: new group: name=sasl, GID=998
<13>May 16 05:12:40 rpmi: libsasl2-3-2.1.28-alt2.1 sisyphus+367419.100.1.1 1735482560 installed
<13>May 16 05:12:40 rpmi: libldap2-2.6.9-alt2 sisyphus+367501.300.4.1 1735841751 installed
<13>May 16 05:12:40 rpmi: libpq5-17-17.5-alt1 sisyphus+383526.100.1.1 1746616280 installed
<13>May 16 05:12:40 rpmi: python3-module-psycopg2-2.9.10-alt1 sisyphus+361099.100.1.1 1730221764 installed
<13>May 16 05:12:40 rpmi: python3-module-eventlet-0.40.0-alt1 sisyphus+384110.100.1.1 1747219515 installed
<13>May 16 05:12:40 rpmi: python3-module-gunicorn-23.0.0-alt1 sisyphus+362920.200.1.1 1732021917 installed
<13>May 16 05:12:40 rpmi: python3-module-aiohttp-3.11.18-alt1 sisyphus+384011.100.1.1 1747133882 installed
<13>May 16 05:12:40 rpmi: python3-module-aiohttp-tests-3.11.18-alt1 sisyphus+384011.100.1.1 1747133882 installed
<13>May 16 05:12:40 rpmi: python3-module-pytest-aiohttp-1.1.0-alt1 sisyphus+371072.100.1.1 1737710424 installed
<13>May 16 05:12:40 rpmi: python3-module-setuptools-1:80.4.0-alt1 sisyphus+384059.100.2.1 1747240150 installed
<13>May 16 05:12:40 rpmi: python3-module-yaml-6.0.2-alt1.1 sisyphus+376369.16600.10.1 1746631034 installed
<13>May 16 05:12:40 rpmi: python3-module-boto3-1.37.37-alt1 sisyphus+382196.200.2.1 1745320312 installed
<13>May 16 05:12:40 rpmi: python3-module-pytest-httpbin-2.1.0-alt1 sisyphus+357885.100.1.1 1726751175 installed
<13>May 16 05:12:40 rpmi: python3-module-httpx-0.27.0-alt2 sisyphus+350273.700.4.1 1735399284 installed
<13>May 16 05:12:40 rpmi: python3-module-httplib2-0.22.0-alt1 sisyphus+317205.100.1.1 1679487967 installed
<13>May 16 05:12:40 rpmi: python3-module-wrapt-1.17.2-alt1 sisyphus+369689.100.1.2 1736966077 installed
warning: File /usr/src/in/source/python3-module-vcrpy-7.0.0-alt.patch is smaller than 8 bytes
Building target platforms: x86_64
Building for target x86_64
Wrote: /usr/src/in/nosrpm/python3-module-vcrpy-7.0.0-alt1.nosrc.rpm (w1.gzdio)
warning: File /usr/src/RPM/SOURCES/python3-module-vcrpy-7.0.0-alt.patch is smaller than 8 bytes
Installing python3-module-vcrpy-7.0.0-alt1.src.rpm
Building target platforms: x86_64
Building for target x86_64
Executing(%prep): /bin/sh -e /usr/src/tmp/rpm-tmp.53299
+ umask 022
+ /bin/mkdir -p /usr/src/RPM/BUILD
+ cd /usr/src/RPM/BUILD
+ cd /usr/src/RPM/BUILD
+ rm -rf python3-module-vcrpy-7.0.0
+ echo 'Source #0 (python3-module-vcrpy-7.0.0.tar):'
Source #0 (python3-module-vcrpy-7.0.0.tar):
+ /bin/tar -xf /usr/src/RPM/SOURCES/python3-module-vcrpy-7.0.0.tar
+ cd python3-module-vcrpy-7.0.0
+ /bin/chmod -c -Rf u+rwX,go-w .
+ echo 'Patch #0 (python3-module-vcrpy-7.0.0-alt.patch):'
Patch #0 (python3-module-vcrpy-7.0.0-alt.patch):
+ /usr/bin/patch -p1
+ /usr/bin/python3 -m pyproject_installer deps --depsconfig /usr/src/RPM/SOURCES/pyproject_deps.json show pep518
+ /usr/bin/python3 -m pyproject_installer deps --depsconfig /usr/src/RPM/SOURCES/pyproject_deps.json sync pep518 --verify --verify-exclude 'wheel$'
INFO     : build-system was not found, using defaults
+ /usr/bin/python3 -m pyproject_installer deps --depsconfig /usr/src/RPM/SOURCES/pyproject_deps.json show pep517
+ /usr/bin/python3 -m pyproject_installer deps --depsconfig /usr/src/RPM/SOURCES/pyproject_deps.json sync pep517 --verify --verify-exclude 'wheel$'
INFO     : build-system was not found, using defaults
+ /usr/bin/python3 -m pyproject_installer deps --depsconfig /usr/src/RPM/SOURCES/pyproject_deps.json show metadata
+ /usr/bin/python3 -m pyproject_installer deps --depsconfig /usr/src/RPM/SOURCES/pyproject_deps.json sync metadata --verify
INFO     : Building metadata
INFO     : Building metadata with prepare_metadata_for_build_wheel
INFO     : Source tree: /usr/src/RPM/BUILD/python3-module-vcrpy-7.0.0
INFO     : Output dir: /usr/src/tmp/tmp50ecxg3f
INFO     : build-system was not found, using defaults
+ exit 0
Executing(%build): /bin/sh -e /usr/src/tmp/rpm-tmp.39765
+ umask 022
+ /bin/mkdir -p /usr/src/RPM/BUILD
+ cd /usr/src/RPM/BUILD
+ cd python3-module-vcrpy-7.0.0
+ export 'CFLAGS=-pipe -frecord-gcc-switches -Wall -g -O2 -flto=auto'
+ CFLAGS='-pipe -frecord-gcc-switches -Wall -g -O2 -flto=auto'
+ export 'CXXFLAGS=-pipe -frecord-gcc-switches -Wall -g -O2 -flto=auto'
+ CXXFLAGS='-pipe -frecord-gcc-switches -Wall -g -O2 -flto=auto'
+ export 'FFLAGS=-pipe -frecord-gcc-switches -Wall -g -O2 -flto=auto'
+ FFLAGS='-pipe -frecord-gcc-switches -Wall -g -O2 -flto=auto'
+ /usr/bin/python3 -m pyproject_installer -v build
INFO     : pyproject_installer.build_cmd._build : Building wheel
INFO     : pyproject_installer.build_cmd._build : Source tree: /usr/src/RPM/BUILD/python3-module-vcrpy-7.0.0
INFO     : pyproject_installer.build_cmd._build : Output dir: /usr/src/RPM/BUILD/python3-module-vcrpy-7.0.0/dist
DEBUG    : pyproject_installer.lib.build_backend : Validating source path
DEBUG    : pyproject_installer.lib.build_backend : Checking for PEP517 spec
DEBUG    : pyproject_installer.lib.build_backend : Parsing configuration file: /usr/src/RPM/BUILD/python3-module-vcrpy-7.0.0/pyproject.toml
INFO     : pyproject_installer.lib.build_backend : build-system was not found, using defaults
INFO     : backend_caller.py : Calling hook build_wheel in subprocess
INFO     : backend_caller.py : Build backend: setuptools.build_meta:__legacy__
INFO     : backend_caller.py : Hook args: ['/usr/src/RPM/BUILD/python3-module-vcrpy-7.0.0/dist']
INFO     : backend_caller.py : Hook kwargs: {'config_settings': None}
/usr/lib64/python3/site-packages/setuptools/_distutils/dist.py:289: UserWarning: Unknown distribution option: 'tests_require'
  warnings.warn(msg)
/usr/lib64/python3/site-packages/setuptools/dist.py:761: SetuptoolsDeprecationWarning: License classifiers are deprecated.
!!

        ********************************************************************************
        Please consider removing the following classifiers in favor of a SPDX license expression:

        License :: OSI Approved :: MIT License

        See https://packaging.python.org/en/latest/guides/writing-pyproject-toml/#license for details.
        ********************************************************************************

!!
  self._finalize_license_expression()
INFO     : root : running bdist_wheel
/usr/lib64/python3/site-packages/setuptools/_distutils/cmd.py:135: SetuptoolsDeprecationWarning: bdist_wheel.universal is deprecated
!!

        ********************************************************************************
        With Python 2.7 end-of-life, support for building universal wheels
        (i.e., wheels that support both Python 2 and Python 3)
        is being obviated.
        Please discontinue using this option, or if you still need it,
        file an issue with pypa/setuptools describing your use case.

        By 2025-Aug-30, you need to update your project and remove deprecated calls
        or your builds will no longer be supported.
        ********************************************************************************

!!
  self.finalize_options()
INFO     : root : running build
INFO     : root : running build_py
INFO     : root : creating build/lib/vcr
INFO     : root : copying vcr/util.py -> build/lib/vcr
INFO     : root : copying vcr/unittest.py -> build/lib/vcr
INFO     : root : copying vcr/serialize.py -> build/lib/vcr
INFO     : root : copying vcr/request.py -> build/lib/vcr
INFO     : root : copying vcr/record_mode.py -> build/lib/vcr
INFO     : root : copying vcr/patch.py -> build/lib/vcr
INFO     : root : copying vcr/migration.py -> build/lib/vcr
INFO     : root : copying vcr/matchers.py -> build/lib/vcr
INFO     : root : copying vcr/filters.py -> build/lib/vcr
INFO     : root : copying vcr/errors.py -> build/lib/vcr
INFO     : root : copying vcr/config.py -> build/lib/vcr
INFO     : root : copying vcr/cassette.py -> build/lib/vcr
INFO     : root : copying vcr/_handle_coroutine.py -> build/lib/vcr
INFO     : root : copying vcr/__init__.py -> build/lib/vcr
INFO     : root : creating build/lib/vcr/stubs
INFO     : root : copying vcr/stubs/urllib3_stubs.py -> build/lib/vcr/stubs
INFO     : root : copying vcr/stubs/tornado_stubs.py -> build/lib/vcr/stubs
INFO     : root : copying vcr/stubs/requests_stubs.py -> build/lib/vcr/stubs
INFO     : root : copying vcr/stubs/httpx_stubs.py -> build/lib/vcr/stubs
INFO     : root : copying vcr/stubs/httplib2_stubs.py -> build/lib/vcr/stubs
INFO     : root : copying vcr/stubs/compat.py -> build/lib/vcr/stubs
INFO     : root : copying vcr/stubs/boto3_stubs.py -> build/lib/vcr/stubs
INFO     : root : copying vcr/stubs/aiohttp_stubs.py -> build/lib/vcr/stubs
INFO     : root : copying vcr/stubs/__init__.py -> build/lib/vcr/stubs
INFO     : root : creating build/lib/vcr/serializers
INFO     : root : copying vcr/serializers/yamlserializer.py -> build/lib/vcr/serializers
INFO     : root : copying vcr/serializers/jsonserializer.py -> build/lib/vcr/serializers
INFO     : root : copying vcr/serializers/compat.py -> build/lib/vcr/serializers
INFO     : root : copying vcr/serializers/__init__.py -> build/lib/vcr/serializers
INFO     : root : creating build/lib/vcr/persisters
INFO     : root : copying vcr/persisters/filesystem.py -> build/lib/vcr/persisters
INFO     : root : copying vcr/persisters/__init__.py -> build/lib/vcr/persisters
INFO     : root : installing to build/bdist.linux-x86_64/wheel
INFO     : root : running install
INFO     : root : running install_lib
INFO     : root : creating build/bdist.linux-x86_64/wheel
INFO     : root : creating build/bdist.linux-x86_64/wheel/vcr
INFO     : root : creating build/bdist.linux-x86_64/wheel/vcr/persisters
INFO     : root : copying build/lib/vcr/persisters/__init__.py -> build/bdist.linux-x86_64/wheel/./vcr/persisters
INFO     : root : copying build/lib/vcr/persisters/filesystem.py -> build/bdist.linux-x86_64/wheel/./vcr/persisters
INFO     : root : creating build/bdist.linux-x86_64/wheel/vcr/serializers
INFO     : root : copying build/lib/vcr/serializers/__init__.py -> build/bdist.linux-x86_64/wheel/./vcr/serializers
INFO     : root : copying build/lib/vcr/serializers/compat.py -> build/bdist.linux-x86_64/wheel/./vcr/serializers
INFO     : root : copying build/lib/vcr/serializers/jsonserializer.py -> build/bdist.linux-x86_64/wheel/./vcr/serializers
INFO     : root : copying build/lib/vcr/serializers/yamlserializer.py -> build/bdist.linux-x86_64/wheel/./vcr/serializers
INFO     : root : creating build/bdist.linux-x86_64/wheel/vcr/stubs
INFO     : root : copying build/lib/vcr/stubs/__init__.py -> build/bdist.linux-x86_64/wheel/./vcr/stubs
INFO     : root : copying build/lib/vcr/stubs/aiohttp_stubs.py -> build/bdist.linux-x86_64/wheel/./vcr/stubs
INFO     : root : copying build/lib/vcr/stubs/boto3_stubs.py -> build/bdist.linux-x86_64/wheel/./vcr/stubs
INFO     : root : copying build/lib/vcr/stubs/compat.py -> build/bdist.linux-x86_64/wheel/./vcr/stubs
INFO     : root : copying build/lib/vcr/stubs/httplib2_stubs.py -> build/bdist.linux-x86_64/wheel/./vcr/stubs
INFO     : root : copying build/lib/vcr/stubs/httpx_stubs.py -> build/bdist.linux-x86_64/wheel/./vcr/stubs
INFO     : root : copying build/lib/vcr/stubs/requests_stubs.py -> build/bdist.linux-x86_64/wheel/./vcr/stubs
INFO     : root : copying build/lib/vcr/stubs/tornado_stubs.py -> build/bdist.linux-x86_64/wheel/./vcr/stubs
INFO     : root : copying build/lib/vcr/stubs/urllib3_stubs.py -> build/bdist.linux-x86_64/wheel/./vcr/stubs
INFO     : root : copying build/lib/vcr/__init__.py -> build/bdist.linux-x86_64/wheel/./vcr
INFO     : root : copying build/lib/vcr/_handle_coroutine.py -> build/bdist.linux-x86_64/wheel/./vcr
INFO     : root : copying build/lib/vcr/cassette.py -> build/bdist.linux-x86_64/wheel/./vcr
INFO     : root : copying build/lib/vcr/config.py -> build/bdist.linux-x86_64/wheel/./vcr
INFO     : root : copying build/lib/vcr/errors.py -> build/bdist.linux-x86_64/wheel/./vcr
INFO     : root : copying build/lib/vcr/filters.py -> build/bdist.linux-x86_64/wheel/./vcr
INFO     : root : copying build/lib/vcr/matchers.py -> build/bdist.linux-x86_64/wheel/./vcr
INFO     : root : copying build/lib/vcr/migration.py -> build/bdist.linux-x86_64/wheel/./vcr
INFO     : root : copying build/lib/vcr/patch.py -> build/bdist.linux-x86_64/wheel/./vcr
INFO     : root : copying build/lib/vcr/record_mode.py -> build/bdist.linux-x86_64/wheel/./vcr
INFO     : root : copying build/lib/vcr/request.py -> build/bdist.linux-x86_64/wheel/./vcr
INFO     : root : copying build/lib/vcr/serialize.py -> build/bdist.linux-x86_64/wheel/./vcr
INFO     : root : copying build/lib/vcr/unittest.py -> build/bdist.linux-x86_64/wheel/./vcr
INFO     : root : copying build/lib/vcr/util.py -> build/bdist.linux-x86_64/wheel/./vcr
INFO     : root : running install_egg_info
INFO     : root : running egg_info
INFO     : root : writing vcrpy.egg-info/PKG-INFO
INFO     : root : writing dependency_links to vcrpy.egg-info/dependency_links.txt
INFO     : root : writing requirements to vcrpy.egg-info/requires.txt
INFO     : root : writing top-level names to vcrpy.egg-info/top_level.txt
INFO     : root : reading manifest file 'vcrpy.egg-info/SOURCES.txt'
INFO     : root : reading manifest template 'MANIFEST.in'
WARNING  : root : warning: no previously-included files matching '__pycache__' found under directory '*'
WARNING  : root : warning: no previously-included files matching '*.py[co]' found under directory '*'
INFO     : root : adding license file 'LICENSE.txt'
INFO     : root : writing manifest file 'vcrpy.egg-info/SOURCES.txt'
INFO     : root : Copying vcrpy.egg-info to build/bdist.linux-x86_64/wheel/./vcrpy-7.0.0-py3.12.egg-info
INFO     : root : running install_scripts
INFO     : root : creating build/bdist.linux-x86_64/wheel/vcrpy-7.0.0.dist-info/WHEEL
INFO     : wheel : creating '/usr/src/RPM/BUILD/python3-module-vcrpy-7.0.0/dist/.tmp-q6ztxs0b/vcrpy-7.0.0-py2.py3-none-any.whl' and adding 'build/bdist.linux-x86_64/wheel' to it
INFO     : wheel : adding 'vcr/__init__.py'
INFO     : wheel : adding 'vcr/_handle_coroutine.py'
INFO     : wheel : adding 'vcr/cassette.py'
INFO     : wheel : adding 'vcr/config.py'
INFO     : wheel : adding 'vcr/errors.py'
INFO     : wheel : adding 'vcr/filters.py'
INFO     : wheel : adding 'vcr/matchers.py'
INFO     : wheel : adding 'vcr/migration.py'
INFO     : wheel : adding 'vcr/patch.py'
INFO     : wheel : adding 'vcr/record_mode.py'
INFO     : wheel : adding 'vcr/request.py'
INFO     : wheel : adding 'vcr/serialize.py'
INFO     : wheel : adding 'vcr/unittest.py'
INFO     : wheel : adding 'vcr/util.py'
INFO     : wheel : adding 'vcr/persisters/__init__.py'
INFO     : wheel : adding 'vcr/persisters/filesystem.py'
INFO     : wheel : adding 'vcr/serializers/__init__.py'
INFO     : wheel : adding 'vcr/serializers/compat.py'
INFO     : wheel : adding 'vcr/serializers/jsonserializer.py'
INFO     : wheel : adding 'vcr/serializers/yamlserializer.py'
INFO     : wheel : adding 'vcr/stubs/__init__.py'
INFO     : wheel : adding 'vcr/stubs/aiohttp_stubs.py'
INFO     : wheel : adding 'vcr/stubs/boto3_stubs.py'
INFO     : wheel : adding 'vcr/stubs/compat.py'
INFO     : wheel : adding 'vcr/stubs/httplib2_stubs.py'
INFO     : wheel : adding 'vcr/stubs/httpx_stubs.py'
INFO     : wheel : adding 'vcr/stubs/requests_stubs.py'
INFO     : wheel : adding 'vcr/stubs/tornado_stubs.py'
INFO     : wheel : adding 'vcr/stubs/urllib3_stubs.py'
INFO     : wheel : adding 'vcrpy-7.0.0.dist-info/licenses/LICENSE.txt'
INFO     : wheel : adding 'vcrpy-7.0.0.dist-info/METADATA'
INFO     : wheel : adding 'vcrpy-7.0.0.dist-info/WHEEL'
INFO     : wheel : adding 'vcrpy-7.0.0.dist-info/top_level.txt'
INFO     : wheel : adding 'vcrpy-7.0.0.dist-info/RECORD'
INFO     : root : removing build/bdist.linux-x86_64/wheel
INFO     : pyproject_installer.build_cmd._build : Built wheel: vcrpy-7.0.0-py2.py3-none-any.whl
+ exit 0
Executing(%install): /bin/sh -e /usr/src/tmp/rpm-tmp.81626
+ umask 022
+ /bin/mkdir -p /usr/src/RPM/BUILD
+ cd /usr/src/RPM/BUILD
+ /bin/chmod -Rf u+rwX -- /usr/src/tmp/python3-module-vcrpy-buildroot
+ :
+ /bin/rm -rf -- /usr/src/tmp/python3-module-vcrpy-buildroot
+ PATH=/usr/libexec/rpm-build:/usr/src/bin:/usr/bin:/bin:/usr/local/bin:/usr/games
+ cd python3-module-vcrpy-7.0.0
+ /usr/bin/python3 -m pyproject_installer -v install --destdir=/usr/src/tmp/python3-module-vcrpy-buildroot
INFO     : pyproject_installer.install_cmd._install : Installing wheel
INFO     : pyproject_installer.install_cmd._install : Wheel directory: /usr/src/RPM/BUILD/python3-module-vcrpy-7.0.0/dist
INFO     : pyproject_installer.install_cmd._install : Wheel filename: vcrpy-7.0.0-py2.py3-none-any.whl
INFO     : pyproject_installer.install_cmd._install : Destination: /usr/src/tmp/python3-module-vcrpy-buildroot
DEBUG    : pyproject_installer.lib.wheel : Parsing wheel filename
DEBUG    : pyproject_installer.lib.wheel : Validating wheel file
DEBUG    : pyproject_installer.lib.wheel : Validating wheel spec version
DEBUG    : pyproject_installer.lib.wheel : Parsing wheel spec metadata
DEBUG    : pyproject_installer.lib.wheel : Validating RECORD
INFO     : pyproject_installer.install_cmd._install : Wheel installation root: /usr/src/tmp/python3-module-vcrpy-buildroot/usr/lib/python3/site-packages
INFO     : pyproject_installer.install_cmd._install : Extracting wheel
DEBUG    : pyproject_installer.install_cmd._install : Filtering out not allowed file: vcrpy-7.0.0.dist-info/licenses/LICENSE.txt
DEBUG    : pyproject_installer.install_cmd._install : Filtering out not allowed file: vcrpy-7.0.0.dist-info/WHEEL
DEBUG    : pyproject_installer.install_cmd._install : Filtering out not allowed file: vcrpy-7.0.0.dist-info/top_level.txt
DEBUG    : pyproject_installer.install_cmd._install : Filtering out not allowed file: vcrpy-7.0.0.dist-info/RECORD
INFO     : pyproject_installer.install_cmd._install : Wheel was installed
+ /usr/lib/rpm/brp-alt
Cleaning files in /usr/src/tmp/python3-module-vcrpy-buildroot (auto)
Verifying and fixing files in /usr/src/tmp/python3-module-vcrpy-buildroot (binconfig,pkgconfig,libtool,desktop,gnuconfig)
Checking contents of files in /usr/src/tmp/python3-module-vcrpy-buildroot/ (default)
Compressing files in /usr/src/tmp/python3-module-vcrpy-buildroot (auto)
Adjusting library links in /usr/src/tmp/python3-module-vcrpy-buildroot
./usr/lib: (from <cmdline>:0)
Verifying ELF objects in /usr/src/tmp/python3-module-vcrpy-buildroot (arch=normal,fhs=normal,lfs=relaxed,lint=relaxed,rpath=normal,stack=normal,textrel=normal,unresolved=normal)
Splitting links to aliased files under /{,s}bin in /usr/src/tmp/python3-module-vcrpy-buildroot
Bytecompiling python3 modules in /usr/src/tmp/python3-module-vcrpy-buildroot using /usr/bin/python3
compile /usr/src/tmp/python3-module-vcrpy-buildroot/usr/lib/python3/site-packages/vcr/persisters/__init__.py
compile /usr/src/tmp/python3-module-vcrpy-buildroot/usr/lib/python3/site-packages/vcr/persisters/filesystem.py
compile /usr/src/tmp/python3-module-vcrpy-buildroot/usr/lib/python3/site-packages/vcr/serializers/__init__.py
compile /usr/src/tmp/python3-module-vcrpy-buildroot/usr/lib/python3/site-packages/vcr/serializers/compat.py
compile /usr/src/tmp/python3-module-vcrpy-buildroot/usr/lib/python3/site-packages/vcr/serializers/jsonserializer.py
compile /usr/src/tmp/python3-module-vcrpy-buildroot/usr/lib/python3/site-packages/vcr/serializers/yamlserializer.py
compile /usr/src/tmp/python3-module-vcrpy-buildroot/usr/lib/python3/site-packages/vcr/stubs/__init__.py
compile /usr/src/tmp/python3-module-vcrpy-buildroot/usr/lib/python3/site-packages/vcr/stubs/aiohttp_stubs.py
compile /usr/src/tmp/python3-module-vcrpy-buildroot/usr/lib/python3/site-packages/vcr/stubs/boto3_stubs.py
compile /usr/src/tmp/python3-module-vcrpy-buildroot/usr/lib/python3/site-packages/vcr/stubs/compat.py
compile /usr/src/tmp/python3-module-vcrpy-buildroot/usr/lib/python3/site-packages/vcr/stubs/httplib2_stubs.py
compile /usr/src/tmp/python3-module-vcrpy-buildroot/usr/lib/python3/site-packages/vcr/stubs/httpx_stubs.py
compile /usr/src/tmp/python3-module-vcrpy-buildroot/usr/lib/python3/site-packages/vcr/stubs/requests_stubs.py
compile /usr/src/tmp/python3-module-vcrpy-buildroot/usr/lib/python3/site-packages/vcr/stubs/tornado_stubs.py
compile /usr/src/tmp/python3-module-vcrpy-buildroot/usr/lib/python3/site-packages/vcr/stubs/urllib3_stubs.py
compile /usr/src/tmp/python3-module-vcrpy-buildroot/usr/lib/python3/site-packages/vcr/__init__.py
compile /usr/src/tmp/python3-module-vcrpy-buildroot/usr/lib/python3/site-packages/vcr/_handle_coroutine.py
compile /usr/src/tmp/python3-module-vcrpy-buildroot/usr/lib/python3/site-packages/vcr/cassette.py
compile /usr/src/tmp/python3-module-vcrpy-buildroot/usr/lib/python3/site-packages/vcr/config.py
compile /usr/src/tmp/python3-module-vcrpy-buildroot/usr/lib/python3/site-packages/vcr/errors.py
compile /usr/src/tmp/python3-module-vcrpy-buildroot/usr/lib/python3/site-packages/vcr/filters.py
compile /usr/src/tmp/python3-module-vcrpy-buildroot/usr/lib/python3/site-packages/vcr/matchers.py
compile /usr/src/tmp/python3-module-vcrpy-buildroot/usr/lib/python3/site-packages/vcr/migration.py
compile /usr/src/tmp/python3-module-vcrpy-buildroot/usr/lib/python3/site-packages/vcr/patch.py
compile /usr/src/tmp/python3-module-vcrpy-buildroot/usr/lib/python3/site-packages/vcr/record_mode.py
compile /usr/src/tmp/python3-module-vcrpy-buildroot/usr/lib/python3/site-packages/vcr/request.py
compile /usr/src/tmp/python3-module-vcrpy-buildroot/usr/lib/python3/site-packages/vcr/serialize.py
compile /usr/src/tmp/python3-module-vcrpy-buildroot/usr/lib/python3/site-packages/vcr/unittest.py
compile /usr/src/tmp/python3-module-vcrpy-buildroot/usr/lib/python3/site-packages/vcr/util.py
Bytecompiling python3 modules with optimization in /usr/src/tmp/python3-module-vcrpy-buildroot using /usr/bin/python3 -O
compile /usr/src/tmp/python3-module-vcrpy-buildroot/usr/lib/python3/site-packages/vcr/persisters/__init__.py
compile /usr/src/tmp/python3-module-vcrpy-buildroot/usr/lib/python3/site-packages/vcr/persisters/filesystem.py
compile /usr/src/tmp/python3-module-vcrpy-buildroot/usr/lib/python3/site-packages/vcr/serializers/__init__.py
compile /usr/src/tmp/python3-module-vcrpy-buildroot/usr/lib/python3/site-packages/vcr/serializers/compat.py
compile /usr/src/tmp/python3-module-vcrpy-buildroot/usr/lib/python3/site-packages/vcr/serializers/jsonserializer.py
compile /usr/src/tmp/python3-module-vcrpy-buildroot/usr/lib/python3/site-packages/vcr/serializers/yamlserializer.py
compile /usr/src/tmp/python3-module-vcrpy-buildroot/usr/lib/python3/site-packages/vcr/stubs/__init__.py
compile /usr/src/tmp/python3-module-vcrpy-buildroot/usr/lib/python3/site-packages/vcr/stubs/aiohttp_stubs.py
compile /usr/src/tmp/python3-module-vcrpy-buildroot/usr/lib/python3/site-packages/vcr/stubs/boto3_stubs.py
compile /usr/src/tmp/python3-module-vcrpy-buildroot/usr/lib/python3/site-packages/vcr/stubs/compat.py
compile /usr/src/tmp/python3-module-vcrpy-buildroot/usr/lib/python3/site-packages/vcr/stubs/httplib2_stubs.py
compile /usr/src/tmp/python3-module-vcrpy-buildroot/usr/lib/python3/site-packages/vcr/stubs/httpx_stubs.py
compile /usr/src/tmp/python3-module-vcrpy-buildroot/usr/lib/python3/site-packages/vcr/stubs/requests_stubs.py
compile /usr/src/tmp/python3-module-vcrpy-buildroot/usr/lib/python3/site-packages/vcr/stubs/tornado_stubs.py
compile /usr/src/tmp/python3-module-vcrpy-buildroot/usr/lib/python3/site-packages/vcr/stubs/urllib3_stubs.py
compile /usr/src/tmp/python3-module-vcrpy-buildroot/usr/lib/python3/site-packages/vcr/__init__.py
compile /usr/src/tmp/python3-module-vcrpy-buildroot/usr/lib/python3/site-packages/vcr/_handle_coroutine.py
compile /usr/src/tmp/python3-module-vcrpy-buildroot/usr/lib/python3/site-packages/vcr/cassette.py
compile /usr/src/tmp/python3-module-vcrpy-buildroot/usr/lib/python3/site-packages/vcr/config.py
compile /usr/src/tmp/python3-module-vcrpy-buildroot/usr/lib/python3/site-packages/vcr/errors.py
compile /usr/src/tmp/python3-module-vcrpy-buildroot/usr/lib/python3/site-packages/vcr/filters.py
compile /usr/src/tmp/python3-module-vcrpy-buildroot/usr/lib/python3/site-packages/vcr/matchers.py
compile /usr/src/tmp/python3-module-vcrpy-buildroot/usr/lib/python3/site-packages/vcr/migration.py
compile /usr/src/tmp/python3-module-vcrpy-buildroot/usr/lib/python3/site-packages/vcr/patch.py
compile /usr/src/tmp/python3-module-vcrpy-buildroot/usr/lib/python3/site-packages/vcr/record_mode.py
compile /usr/src/tmp/python3-module-vcrpy-buildroot/usr/lib/python3/site-packages/vcr/request.py
compile /usr/src/tmp/python3-module-vcrpy-buildroot/usr/lib/python3/site-packages/vcr/serialize.py
compile /usr/src/tmp/python3-module-vcrpy-buildroot/usr/lib/python3/site-packages/vcr/unittest.py
compile /usr/src/tmp/python3-module-vcrpy-buildroot/usr/lib/python3/site-packages/vcr/util.py
Bytecompiling python3 modules with optimization-2 in /usr/src/tmp/python3-module-vcrpy-buildroot using /usr/bin/python3 -OO
compile /usr/src/tmp/python3-module-vcrpy-buildroot/usr/lib/python3/site-packages/vcr/persisters/__init__.py
compile /usr/src/tmp/python3-module-vcrpy-buildroot/usr/lib/python3/site-packages/vcr/persisters/filesystem.py
compile /usr/src/tmp/python3-module-vcrpy-buildroot/usr/lib/python3/site-packages/vcr/serializers/__init__.py
compile /usr/src/tmp/python3-module-vcrpy-buildroot/usr/lib/python3/site-packages/vcr/serializers/compat.py
compile /usr/src/tmp/python3-module-vcrpy-buildroot/usr/lib/python3/site-packages/vcr/serializers/jsonserializer.py
compile /usr/src/tmp/python3-module-vcrpy-buildroot/usr/lib/python3/site-packages/vcr/serializers/yamlserializer.py
compile /usr/src/tmp/python3-module-vcrpy-buildroot/usr/lib/python3/site-packages/vcr/stubs/__init__.py
compile /usr/src/tmp/python3-module-vcrpy-buildroot/usr/lib/python3/site-packages/vcr/stubs/aiohttp_stubs.py
compile /usr/src/tmp/python3-module-vcrpy-buildroot/usr/lib/python3/site-packages/vcr/stubs/boto3_stubs.py
compile /usr/src/tmp/python3-module-vcrpy-buildroot/usr/lib/python3/site-packages/vcr/stubs/compat.py
compile /usr/src/tmp/python3-module-vcrpy-buildroot/usr/lib/python3/site-packages/vcr/stubs/httplib2_stubs.py
compile /usr/src/tmp/python3-module-vcrpy-buildroot/usr/lib/python3/site-packages/vcr/stubs/httpx_stubs.py
compile /usr/src/tmp/python3-module-vcrpy-buildroot/usr/lib/python3/site-packages/vcr/stubs/requests_stubs.py
compile /usr/src/tmp/python3-module-vcrpy-buildroot/usr/lib/python3/site-packages/vcr/stubs/tornado_stubs.py
compile /usr/src/tmp/python3-module-vcrpy-buildroot/usr/lib/python3/site-packages/vcr/stubs/urllib3_stubs.py
compile /usr/src/tmp/python3-module-vcrpy-buildroot/usr/lib/python3/site-packages/vcr/__init__.py
compile /usr/src/tmp/python3-module-vcrpy-buildroot/usr/lib/python3/site-packages/vcr/_handle_coroutine.py
compile /usr/src/tmp/python3-module-vcrpy-buildroot/usr/lib/python3/site-packages/vcr/cassette.py
compile /usr/src/tmp/python3-module-vcrpy-buildroot/usr/lib/python3/site-packages/vcr/config.py
compile /usr/src/tmp/python3-module-vcrpy-buildroot/usr/lib/python3/site-packages/vcr/errors.py
compile /usr/src/tmp/python3-module-vcrpy-buildroot/usr/lib/python3/site-packages/vcr/filters.py
compile /usr/src/tmp/python3-module-vcrpy-buildroot/usr/lib/python3/site-packages/vcr/matchers.py
compile /usr/src/tmp/python3-module-vcrpy-buildroot/usr/lib/python3/site-packages/vcr/migration.py
compile /usr/src/tmp/python3-module-vcrpy-buildroot/usr/lib/python3/site-packages/vcr/patch.py
compile /usr/src/tmp/python3-module-vcrpy-buildroot/usr/lib/python3/site-packages/vcr/record_mode.py
compile /usr/src/tmp/python3-module-vcrpy-buildroot/usr/lib/python3/site-packages/vcr/request.py
compile /usr/src/tmp/python3-module-vcrpy-buildroot/usr/lib/python3/site-packages/vcr/serialize.py
compile /usr/src/tmp/python3-module-vcrpy-buildroot/usr/lib/python3/site-packages/vcr/unittest.py
compile /usr/src/tmp/python3-module-vcrpy-buildroot/usr/lib/python3/site-packages/vcr/util.py
Hardlinking identical .pyc and .opt-?.pyc files
'./usr/lib/python3/site-packages/vcr/__pycache__/__init__.cpython-312.opt-1.pyc' => './usr/lib/python3/site-packages/vcr/__pycache__/__init__.cpython-312.pyc'
'./usr/lib/python3/site-packages/vcr/__pycache__/__init__.cpython-312.opt-2.pyc' => './usr/lib/python3/site-packages/vcr/__pycache__/__init__.cpython-312.opt-1.pyc'
'./usr/lib/python3/site-packages/vcr/__pycache__/_handle_coroutine.cpython-312.opt-1.pyc' => './usr/lib/python3/site-packages/vcr/__pycache__/_handle_coroutine.cpython-312.pyc'
'./usr/lib/python3/site-packages/vcr/__pycache__/_handle_coroutine.cpython-312.opt-2.pyc' => './usr/lib/python3/site-packages/vcr/__pycache__/_handle_coroutine.cpython-312.opt-1.pyc'
'./usr/lib/python3/site-packages/vcr/__pycache__/config.cpython-312.opt-1.pyc' => './usr/lib/python3/site-packages/vcr/__pycache__/config.cpython-312.pyc'
'./usr/lib/python3/site-packages/vcr/__pycache__/config.cpython-312.opt-2.pyc' => './usr/lib/python3/site-packages/vcr/__pycache__/config.cpython-312.opt-1.pyc'
'./usr/lib/python3/site-packages/vcr/__pycache__/errors.cpython-312.opt-1.pyc' => './usr/lib/python3/site-packages/vcr/__pycache__/errors.cpython-312.pyc'
'./usr/lib/python3/site-packages/vcr/__pycache__/filters.cpython-312.opt-1.pyc' => './usr/lib/python3/site-packages/vcr/__pycache__/filters.cpython-312.pyc'
'./usr/lib/python3/site-packages/vcr/__pycache__/matchers.cpython-312.opt-1.pyc' => './usr/lib/python3/site-packages/vcr/__pycache__/matchers.cpython-312.pyc'
'./usr/lib/python3/site-packages/vcr/__pycache__/migration.cpython-312.opt-1.pyc' => './usr/lib/python3/site-packages/vcr/__pycache__/migration.cpython-312.pyc'
'./usr/lib/python3/site-packages/vcr/__pycache__/patch.cpython-312.opt-1.pyc' => './usr/lib/python3/site-packages/vcr/__pycache__/patch.cpython-312.pyc'
'./usr/lib/python3/site-packages/vcr/__pycache__/record_mode.cpython-312.opt-1.pyc' => './usr/lib/python3/site-packages/vcr/__pycache__/record_mode.cpython-312.pyc'
'./usr/lib/python3/site-packages/vcr/__pycache__/request.cpython-312.opt-1.pyc' => './usr/lib/python3/site-packages/vcr/__pycache__/request.cpython-312.pyc'
'./usr/lib/python3/site-packages/vcr/__pycache__/serialize.cpython-312.opt-1.pyc' => './usr/lib/python3/site-packages/vcr/__pycache__/serialize.cpython-312.pyc'
'./usr/lib/python3/site-packages/vcr/__pycache__/serialize.cpython-312.opt-2.pyc' => './usr/lib/python3/site-packages/vcr/__pycache__/serialize.cpython-312.opt-1.pyc'
'./usr/lib/python3/site-packages/vcr/__pycache__/unittest.cpython-312.opt-1.pyc' => './usr/lib/python3/site-packages/vcr/__pycache__/unittest.cpython-312.pyc'
'./usr/lib/python3/site-packages/vcr/__pycache__/util.cpython-312.opt-1.pyc' => './usr/lib/python3/site-packages/vcr/__pycache__/util.cpython-312.pyc'
'./usr/lib/python3/site-packages/vcr/persisters/__pycache__/__init__.cpython-312.opt-1.pyc' => './usr/lib/python3/site-packages/vcr/persisters/__pycache__/__init__.cpython-312.pyc'
'./usr/lib/python3/site-packages/vcr/persisters/__pycache__/__init__.cpython-312.opt-2.pyc' => './usr/lib/python3/site-packages/vcr/persisters/__pycache__/__init__.cpython-312.opt-1.pyc'
'./usr/lib/python3/site-packages/vcr/persisters/__pycache__/filesystem.cpython-312.opt-1.pyc' => './usr/lib/python3/site-packages/vcr/persisters/__pycache__/filesystem.cpython-312.pyc'
'./usr/lib/python3/site-packages/vcr/persisters/__pycache__/filesystem.cpython-312.opt-2.pyc' => './usr/lib/python3/site-packages/vcr/persisters/__pycache__/filesystem.cpython-312.opt-1.pyc'
'./usr/lib/python3/site-packages/vcr/serializers/__pycache__/__init__.cpython-312.opt-1.pyc' => './usr/lib/python3/site-packages/vcr/serializers/__pycache__/__init__.cpython-312.pyc'
'./usr/lib/python3/site-packages/vcr/serializers/__pycache__/__init__.cpython-312.opt-2.pyc' => './usr/lib/python3/site-packages/vcr/serializers/__pycache__/__init__.cpython-312.opt-1.pyc'
'./usr/lib/python3/site-packages/vcr/serializers/__pycache__/compat.cpython-312.opt-1.pyc' => './usr/lib/python3/site-packages/vcr/serializers/__pycache__/compat.cpython-312.pyc'
'./usr/lib/python3/site-packages/vcr/serializers/__pycache__/jsonserializer.cpython-312.opt-1.pyc' => './usr/lib/python3/site-packages/vcr/serializers/__pycache__/jsonserializer.cpython-312.pyc'
'./usr/lib/python3/site-packages/vcr/serializers/__pycache__/jsonserializer.cpython-312.opt-2.pyc' => './usr/lib/python3/site-packages/vcr/serializers/__pycache__/jsonserializer.cpython-312.opt-1.pyc'
'./usr/lib/python3/site-packages/vcr/serializers/__pycache__/yamlserializer.cpython-312.opt-1.pyc' => './usr/lib/python3/site-packages/vcr/serializers/__pycache__/yamlserializer.cpython-312.pyc'
'./usr/lib/python3/site-packages/vcr/serializers/__pycache__/yamlserializer.cpython-312.opt-2.pyc' => './usr/lib/python3/site-packages/vcr/serializers/__pycache__/yamlserializer.cpython-312.opt-1.pyc'
'./usr/lib/python3/site-packages/vcr/stubs/__pycache__/__init__.cpython-312.opt-1.pyc' => './usr/lib/python3/site-packages/vcr/stubs/__pycache__/__init__.cpython-312.pyc'
'./usr/lib/python3/site-packages/vcr/stubs/__pycache__/aiohttp_stubs.cpython-312.opt-1.pyc' => './usr/lib/python3/site-packages/vcr/stubs/__pycache__/aiohttp_stubs.cpython-312.pyc'
'./usr/lib/python3/site-packages/vcr/stubs/__pycache__/boto3_stubs.cpython-312.opt-1.pyc' => './usr/lib/python3/site-packages/vcr/stubs/__pycache__/boto3_stubs.cpython-312.pyc'
'./usr/lib/python3/site-packages/vcr/stubs/__pycache__/compat.cpython-312.opt-1.pyc' => './usr/lib/python3/site-packages/vcr/stubs/__pycache__/compat.cpython-312.pyc'
'./usr/lib/python3/site-packages/vcr/stubs/__pycache__/compat.cpython-312.opt-2.pyc' => './usr/lib/python3/site-packages/vcr/stubs/__pycache__/compat.cpython-312.opt-1.pyc'
'./usr/lib/python3/site-packages/vcr/stubs/__pycache__/httplib2_stubs.cpython-312.opt-1.pyc' => './usr/lib/python3/site-packages/vcr/stubs/__pycache__/httplib2_stubs.cpython-312.pyc'
'./usr/lib/python3/site-packages/vcr/stubs/__pycache__/requests_stubs.cpython-312.opt-1.pyc' => './usr/lib/python3/site-packages/vcr/stubs/__pycache__/requests_stubs.cpython-312.pyc'
'./usr/lib/python3/site-packages/vcr/stubs/__pycache__/tornado_stubs.cpython-312.opt-1.pyc' => './usr/lib/python3/site-packages/vcr/stubs/__pycache__/tornado_stubs.cpython-312.pyc'
'./usr/lib/python3/site-packages/vcr/stubs/__pycache__/urllib3_stubs.cpython-312.opt-1.pyc' => './usr/lib/python3/site-packages/vcr/stubs/__pycache__/urllib3_stubs.cpython-312.pyc'
Executing(%check): /bin/sh -e /usr/src/tmp/rpm-tmp.81626
+ umask 022
+ /bin/mkdir -p /usr/src/RPM/BUILD
+ cd /usr/src/RPM/BUILD
+ cd python3-module-vcrpy-7.0.0
++ python3 -m pytest_httpbin.certs
+ export REQUESTS_CA_BUNDLE=/usr/lib/python3/site-packages/pytest_httpbin/certs/client.pem
+ REQUESTS_CA_BUNDLE=/usr/lib/python3/site-packages/pytest_httpbin/certs/client.pem
+ export 'CFLAGS=-pipe -frecord-gcc-switches -Wall -g -O2 -flto=auto'
+ CFLAGS='-pipe -frecord-gcc-switches -Wall -g -O2 -flto=auto'
+ export 'CXXFLAGS=-pipe -frecord-gcc-switches -Wall -g -O2 -flto=auto'
+ CXXFLAGS='-pipe -frecord-gcc-switches -Wall -g -O2 -flto=auto'
+ export 'FFLAGS=-pipe -frecord-gcc-switches -Wall -g -O2 -flto=auto'
+ FFLAGS='-pipe -frecord-gcc-switches -Wall -g -O2 -flto=auto'
+ export NO_INTERNET=YES
+ NO_INTERNET=YES
+ /usr/bin/python3 -m pyproject_installer run -- python3 -m pytest -ra -m 'not online' tests/unit/
INFO     : Creating venv
INFO     : Installing console scripts
INFO     : Installing package: /usr/src/RPM/BUILD/python3-module-vcrpy-7.0.0/dist/vcrpy-7.0.0-py2.py3-none-any.whl
INFO     : Running command: ['/usr/src/RPM/BUILD/python3-module-vcrpy-7.0.0/.run_venv/bin/python3', '-m', 'pyproject_installer', 'install', '/usr/src/RPM/BUILD/python3-module-vcrpy-7.0.0/dist/vcrpy-7.0.0-py2.py3-none-any.whl']
INFO     : Running command: ['python3', '-m', 'pytest', '-ra', '-m', 'not online', 'tests/unit/']
/usr/lib/python3/site-packages/pytest_asyncio/plugin.py:207: PytestDeprecationWarning: The configuration option "asyncio_default_fixture_loop_scope" is unset.
The event loop scope for asynchronous fixtures will default to the fixture caching scope. Future versions of pytest-asyncio will default the loop scope for asynchronous fixtures to function scope. Set the default fixture loop scope explicitly in order to avoid unexpected behavior in the future. Valid fixture loop scopes are: "function", "class", "module", "package", "session"

  warnings.warn(PytestDeprecationWarning(_DEFAULT_FIXTURE_LOOP_SCOPE_UNSET))
============================= test session starts ==============================
platform linux -- Python 3.12.10, pytest-8.3.5, pluggy-1.5.0
rootdir: /usr/src/RPM/BUILD/python3-module-vcrpy-7.0.0
configfile: pyproject.toml
plugins: httpbin-2.1.0, aiohttp-1.1.0, asyncio-0.25.3, anyio-4.9.0
asyncio: mode=Mode.STRICT, asyncio_default_fixture_loop_scope=None
collected 180 items / 3 deselected / 177 selected

tests/unit/test_cassettes.py ...............................             [ 17%]
tests/unit/test_errors.py ....                                           [ 19%]
tests/unit/test_filters.py ........................                      [ 33%]
tests/unit/test_json_serializer.py .                                     [ 33%]
tests/unit/test_matchers.py ............................                 [ 49%]
tests/unit/test_migration.py ...                                         [ 51%]
tests/unit/test_persist.py ....                                          [ 53%]
tests/unit/test_request.py .................                             [ 63%]
tests/unit/test_response.py ....                                         [ 65%]
tests/unit/test_serialize.py ...............                             [ 74%]
tests/unit/test_stubs.py .FF                                             [ 75%]
tests/unit/test_unittest.py .......                                      [ 79%]
tests/unit/test_util.py ...........                                      [ 85%]
tests/unit/test_vcr.py ..F.....................                          [ 99%]
tests/unit/test_vcr_import.py .                                          [100%]

=================================== FAILURES ===================================
_______________ TestVCRConnection.test_body_consumed_once_stream _______________

self = <test_stubs.TestVCRConnection object at 0x7febf0b38a10>
tmpdir = local('/usr/src/tmp/pytest-of-builder/pytest-0/test_body_consumed_once_stream0')
httpbin = <pytest_httpbin.serve.Server object at 0x7febf0cf3fe0>

    def test_body_consumed_once_stream(self, tmpdir, httpbin):
>       self._test_body_consumed_once(
            tmpdir,
            httpbin,
            BytesIO(b"1234567890"),
            BytesIO(b"9876543210"),
            BytesIO(b"9876543210"),
        )

tests/unit/test_stubs.py:29: 
_ _ _ _ _ _ _ _ _ _ _ _ _ _ _ _ _ _ _ _ _ _ _ _ _ _ _ _ _ _ _ _ _ _ _ _ _ _ _ _ 
tests/unit/test_stubs.py:69: in _test_body_consumed_once
    conn2.getresponse()
vcr/stubs/__init__.py:278: in getresponse
    self.real_connection.request(
/usr/lib64/python3.12/http/client.py:1338: in request
    self._send_request(method, url, body, headers, encode_chunked)
/usr/lib64/python3.12/http/client.py:1384: in _send_request
    self.endheaders(body, encode_chunked=encode_chunked)
/usr/lib64/python3.12/http/client.py:1333: in endheaders
    self._send_output(message_body, encode_chunked=encode_chunked)
/usr/lib64/python3.12/http/client.py:1136: in _send_output
    self.send(b'0\r\n\r\n')
_ _ _ _ _ _ _ _ _ _ _ _ _ _ _ _ _ _ _ _ _ _ _ _ _ _ _ _ _ _ _ _ _ _ _ _ _ _ _ _ 

self = <http.client.HTTPConnection object at 0x7febf0b48140>
data = b'0\r\n\r\n'

    def send(self, data):
        """Send `data' to the server.
        ``data`` can be a string object, a bytes object, an array object, a
        file-like object that supports a .read() method, or an iterable object.
        """
    
        if self.sock is None:
            if self.auto_open:
                self.connect()
            else:
                raise NotConnected()
    
        if self.debuglevel > 0:
            print("send:", repr(data))
        if hasattr(data, "read") :
            if self.debuglevel > 0:
                print("sending a readable")
            encode = self._is_textIO(data)
            if encode and self.debuglevel > 0:
                print("encoding file using iso-8859-1")
            while datablock := data.read(self.blocksize):
                if encode:
                    datablock = datablock.encode("iso-8859-1")
                sys.audit("http.client.send", self, datablock)
                self.sock.sendall(datablock)
            return
        sys.audit("http.client.send", self, data)
        try:
>           self.sock.sendall(data)
E           BrokenPipeError: [Errno 32] Broken pipe

/usr/lib64/python3.12/http/client.py:1057: BrokenPipeError
----------------------------- Captured stderr call -----------------------------
127.0.0.1 - - [16/May/2025 05:12:49] "POST /anything HTTP/1.1" 501 159
127.0.0.1 - - [16/May/2025 05:12:49] "POST /anything HTTP/1.1" 501 159
______________ TestVCRConnection.test_body_consumed_once_iterator ______________

self = <test_stubs.TestVCRConnection object at 0x7febf0b38fe0>
tmpdir = local('/usr/src/tmp/pytest-of-builder/pytest-0/test_body_consumed_once_iterat0')
httpbin = <pytest_httpbin.serve.Server object at 0x7febf0cf3fe0>

    def test_body_consumed_once_iterator(self, tmpdir, httpbin):
>       self._test_body_consumed_once(
            tmpdir,
            httpbin,
            iter([b"1234567890"]),
            iter([b"9876543210"]),
            iter([b"9876543210"]),
        )

tests/unit/test_stubs.py:38: 
_ _ _ _ _ _ _ _ _ _ _ _ _ _ _ _ _ _ _ _ _ _ _ _ _ _ _ _ _ _ _ _ _ _ _ _ _ _ _ _ 
tests/unit/test_stubs.py:69: in _test_body_consumed_once
    conn2.getresponse()
vcr/stubs/__init__.py:278: in getresponse
    self.real_connection.request(
/usr/lib64/python3.12/http/client.py:1338: in request
    self._send_request(method, url, body, headers, encode_chunked)
/usr/lib64/python3.12/http/client.py:1384: in _send_request
    self.endheaders(body, encode_chunked=encode_chunked)
/usr/lib64/python3.12/http/client.py:1333: in endheaders
    self._send_output(message_body, encode_chunked=encode_chunked)
/usr/lib64/python3.12/http/client.py:1136: in _send_output
    self.send(b'0\r\n\r\n')
_ _ _ _ _ _ _ _ _ _ _ _ _ _ _ _ _ _ _ _ _ _ _ _ _ _ _ _ _ _ _ _ _ _ _ _ _ _ _ _ 

self = <http.client.HTTPConnection object at 0x7febf0ac1280>
data = b'0\r\n\r\n'

    def send(self, data):
        """Send `data' to the server.
        ``data`` can be a string object, a bytes object, an array object, a
        file-like object that supports a .read() method, or an iterable object.
        """
    
        if self.sock is None:
            if self.auto_open:
                self.connect()
            else:
                raise NotConnected()
    
        if self.debuglevel > 0:
            print("send:", repr(data))
        if hasattr(data, "read") :
            if self.debuglevel > 0:
                print("sending a readable")
            encode = self._is_textIO(data)
            if encode and self.debuglevel > 0:
                print("encoding file using iso-8859-1")
            while datablock := data.read(self.blocksize):
                if encode:
                    datablock = datablock.encode("iso-8859-1")
                sys.audit("http.client.send", self, datablock)
                self.sock.sendall(datablock)
            return
        sys.audit("http.client.send", self, data)
        try:
>           self.sock.sendall(data)
E           BrokenPipeError: [Errno 32] Broken pipe

/usr/lib64/python3.12/http/client.py:1057: BrokenPipeError
----------------------------- Captured stderr call -----------------------------
127.0.0.1 - - [16/May/2025 05:12:49] "POST /anything HTTP/1.1" 501 159
127.0.0.1 - - [16/May/2025 05:12:49] "POST /anything HTTP/1.1" 501 159
___________________ test_vcr_before_record_response_iterable ___________________

cls = <class '_pytest.runner.CallInfo'>
func = <function call_and_report.<locals>.<lambda> at 0x7febf07bbb00>
when = 'call'
reraise = (<class '_pytest.outcomes.Exit'>, <class 'KeyboardInterrupt'>)

    @classmethod
    def from_call(
        cls,
        func: Callable[[], TResult],
        when: Literal["collect", "setup", "call", "teardown"],
        reraise: type[BaseException] | tuple[type[BaseException], ...] | None = None,
    ) -> CallInfo[TResult]:
        """Call func, wrapping the result in a CallInfo.
    
        :param func:
            The function to call. Called without arguments.
        :type func: Callable[[], _pytest.runner.TResult]
        :param when:
            The phase in which the function is called.
        :param reraise:
            Exception or exceptions that shall propagate if raised by the
            function, instead of being wrapped in the CallInfo.
        """
        excinfo = None
        start = timing.time()
        precise_start = timing.perf_counter()
        try:
>           result: TResult | None = func()

/usr/lib/python3/site-packages/_pytest/runner.py:341: 
_ _ _ _ _ _ _ _ _ _ _ _ _ _ _ _ _ _ _ _ _ _ _ _ _ _ _ _ _ _ _ _ _ _ _ _ _ _ _ _ 
/usr/lib/python3/site-packages/_pytest/runner.py:242: in <lambda>
    lambda: runtest_hook(item=item, **kwds), when=when, reraise=reraise
/usr/lib/python3/site-packages/pluggy/_hooks.py:513: in __call__
    return self._hookexec(self.name, self._hookimpls.copy(), kwargs, firstresult)
/usr/lib/python3/site-packages/pluggy/_manager.py:120: in _hookexec
    return self._inner_hookexec(hook_name, methods, kwargs, firstresult)
/usr/lib/python3/site-packages/_pytest/threadexception.py:92: in pytest_runtest_call
    yield from thread_exception_runtest_hook()
/usr/lib/python3/site-packages/_pytest/threadexception.py:68: in thread_exception_runtest_hook
    yield
/usr/lib/python3/site-packages/_pytest/unraisableexception.py:95: in pytest_runtest_call
    yield from unraisable_exception_runtest_hook()
_ _ _ _ _ _ _ _ _ _ _ _ _ _ _ _ _ _ _ _ _ _ _ _ _ _ _ _ _ _ _ _ _ _ _ _ _ _ _ _ 

    def unraisable_exception_runtest_hook() -> Generator[None]:
        with catch_unraisable_exception() as cm:
            try:
                yield
            finally:
                if cm.unraisable:
                    if cm.unraisable.err_msg is not None:
                        err_msg = cm.unraisable.err_msg
                    else:
                        err_msg = "Exception ignored in"
                    msg = f"{err_msg}: {cm.unraisable.object!r}\n\n"
                    msg += "".join(
                        traceback.format_exception(
                            cm.unraisable.exc_type,
                            cm.unraisable.exc_value,
                            cm.unraisable.exc_traceback,
                        )
                    )
>                   warnings.warn(pytest.PytestUnraisableExceptionWarning(msg))
E                   pytest.PytestUnraisableExceptionWarning: Exception ignored in: <socket.socket fd=-1, family=2, type=1, proto=6>
E                   
E                   Traceback (most recent call last):
E                     File "/usr/lib64/python3.12/unittest/mock.py", line 469, in __init__
E                       __dict__['_mock_call_args_list'] = _CallList()
E                                                          ^^^^^^^^^^^
E                   ResourceWarning: unclosed <socket.socket fd=13, family=2, type=1, proto=6, laddr=('127.0.0.1', 45160)>

/usr/lib/python3/site-packages/_pytest/unraisableexception.py:85: PytestUnraisableExceptionWarning
=========================== short test summary info ============================
FAILED tests/unit/test_stubs.py::TestVCRConnection::test_body_consumed_once_stream
FAILED tests/unit/test_stubs.py::TestVCRConnection::test_body_consumed_once_iterator
FAILED tests/unit/test_vcr.py::test_vcr_before_record_response_iterable - pyt...
================= 3 failed, 174 passed, 3 deselected in 1.83s ==================
INFO     : Command's result: FAILURE
INFO     : Command's error: Command '['python3', '-m', 'pytest', '-ra', '-m', 'not online', 'tests/unit/']' returned non-zero exit status 1.
error: Bad exit status from /usr/src/tmp/rpm-tmp.81626 (%check)


RPM build errors:
    File /usr/src/RPM/SOURCES/python3-module-vcrpy-7.0.0-alt.patch is smaller than 8 bytes
    Bad exit status from /usr/src/tmp/rpm-tmp.81626 (%check)
Command exited with non-zero status 1
5.18user 0.90system 0:06.81elapsed 89%CPU (0avgtext+0avgdata 95592maxresident)k
0inputs+0outputs (0major+186366minor)pagefaults 0swaps
hsh-rebuild: rebuild of `python3-module-vcrpy-7.0.0-alt1.src.rpm' failed.
Command exited with non-zero status 1
7.46user 2.74system 0:28.18elapsed 36%CPU (0avgtext+0avgdata 141916maxresident)k
0inputs+0outputs (0major+317614minor)pagefaults 0swaps
