<86>May 16 02:23:24 userdel[2842777]: delete user 'rooter'
<86>May 16 02:23:24 userdel[2842777]: removed group 'rooter' owned by 'rooter'
<86>May 16 02:23:24 userdel[2842777]: removed shadow group 'rooter' owned by 'rooter'
<86>May 16 02:23:24 groupadd[2842785]: group added to /etc/group: name=rooter, GID=1826
<86>May 16 02:23:24 groupadd[2842785]: group added to /etc/gshadow: name=rooter
<86>May 16 02:23:24 groupadd[2842785]: new group: name=rooter, GID=1826
<86>May 16 02:23:24 useradd[2842791]: new user: name=rooter, UID=1826, GID=1826, home=/root, shell=/bin/bash, from=none
<86>May 16 02:23:24 userdel[2842808]: delete user 'builder'
<86>May 16 02:23:24 userdel[2842808]: removed group 'builder' owned by 'builder'
<86>May 16 02:23:24 userdel[2842808]: removed shadow group 'builder' owned by 'builder'
<86>May 16 02:23:24 groupadd[2842818]: group added to /etc/group: name=builder, GID=1827
<86>May 16 02:23:24 groupadd[2842818]: group added to /etc/gshadow: name=builder
<86>May 16 02:23:24 groupadd[2842818]: new group: name=builder, GID=1827
<86>May 16 02:23:24 useradd[2842833]: new user: name=builder, UID=1827, GID=1827, home=/usr/src, shell=/bin/bash, from=none
<13>May 16 02:23:27 rpmi: libmpdec3-2.5.1-alt3 sisyphus+314490.500.5.1 1675432004 installed
<13>May 16 02:23:27 rpmi: libgdbm-1.8.3-alt10 sisyphus+346222.200.3.2 1716468404 installed
<13>May 16 02:23:27 rpmi: libexpat-2.7.1-alt1 sisyphus+379929.100.1.1 1743519381 installed
<13>May 16 02:23:27 rpmi: openssl-config-3.2.0-alt1 sisyphus+366659.140.4.1 1736956949 installed
<13>May 16 02:23:27 rpmi: libb2-0.98.1-alt1_1 sisyphus+291614.100.1.1 1638962877 installed
<13>May 16 02:23:27 rpmi: libp11-kit-1:0.25.5-alt1 sisyphus+352553.100.1.1 1720622573 installed
<13>May 16 02:23:27 rpmi: libtasn1-4.20.0-alt2 sisyphus+375829.100.1.1 1740299335 installed
<13>May 16 02:23:27 rpmi: rpm-macros-alternatives-0.5.3-alt1 sisyphus+371878.100.1.1 1737988822 installed
<13>May 16 02:23:27 rpmi: alternatives-0.5.3-alt1 sisyphus+371878.100.1.1 1737988822 installed
<13>May 16 02:23:27 rpmi: ca-certificates-2025.05.12-alt1 sisyphus+383903.200.2.1 1747060316 installed
<13>May 16 02:23:27 rpmi: ca-trust-0.2.0-alt1 sisyphus+344843.100.1.1 1712743326 installed
<13>May 16 02:23:27 rpmi: p11-kit-trust-1:0.25.5-alt1 sisyphus+352553.100.1.1 1720622573 installed
<13>May 16 02:23:27 rpmi: libcrypto3-3.3.3-alt1 sisyphus+374381.40.2.1 1739299401 installed
<13>May 16 02:23:27 rpmi: libssl3-3.3.3-alt1 sisyphus+374381.40.2.1 1739299401 installed
<13>May 16 02:23:28 rpmi: python3-3.12.10-alt1 sisyphus+381757.100.1.1 1744802808 installed
<13>May 16 02:23:28 rpmi: python3-base-3.12.10-alt1 sisyphus+381757.100.1.1 1744802808 installed
<13>May 16 02:23:28 rpmi: python3-module-py3dephell-0.3.1-alt1 sisyphus+365261.200.1.1 1734463433 installed
<13>May 16 02:23:28 rpmi: tests-for-installed-python3-pkgs-0.1.28-alt1 sisyphus+375953.100.2.1 1740855713 installed
<13>May 16 02:23:28 rpmi: rpm-build-python3-0.1.28-alt1 sisyphus+375953.100.2.1 1740855713 installed
<13>May 16 02:23:30 rpmi: python3-module-packaging-25.0-alt1 sisyphus+382195.100.1.1 1745223121 installed
<13>May 16 02:23:30 rpmi: python3-module-system-seed-wheels-0.0.1-alt1 sisyphus+270533.400.6.1 1619683425 installed
<13>May 16 02:23:30 rpmi: python3-module-platformdirs-4.3.7-alt1 sisyphus+378659.100.2.1 1742562597 installed
<13>May 16 02:23:30 rpmi: python3-module-more-itertools-10.6.0-alt1 sisyphus+369595.100.2.1 1737017267 installed
<13>May 16 02:23:30 rpmi: python3-module-graphql-core-3.2.6-alt1 sisyphus+376265.100.1.1 1740648737 installed
<13>May 16 02:23:30 rpmi: python3-module-graphql-relay-3.2.0-alt1 sisyphus+330404.2340.10.1 1698400837 installed
<13>May 16 02:23:30 rpmi: python3-module-jaraco.functools-4.1.0-alt1.1 sisyphus+376369.24200.10.1 1746632566 installed
<13>May 16 02:23:30 rpmi: python3-module-fastjsonschema-2.21.1-alt1 sisyphus+363956.100.1.1 1733217943 installed
<13>May 16 02:23:30 rpmi: python3-module-zope.interface-7.2-alt1.1 sisyphus+376369.21500.10.1 1746631801 installed
<13>May 16 02:23:30 rpmi: python3-module-sqlparse-0.5.3-alt1 sisyphus+367438.100.1.1 1735561443 installed
<13>May 16 02:23:30 rpmi: python3-module-urllib3-2:2.4.0-alt1 sisyphus+381271.100.2.1 1744618213 installed
<13>May 16 02:23:30 rpmi: python3-module-asgiref-3.8.1-alt1 sisyphus+372174.1500.2.1 1738333633 installed
<13>May 16 02:23:30 rpmi: python3-module-pip-wheel-25.1.1-alt1 sisyphus+384061.100.2.1 1747306475 installed
<13>May 16 02:23:31 rpmi: python3-module-setuptools-wheel-1:80.4.0-alt1 sisyphus+384059.100.2.1 1747240150 installed
<13>May 16 02:23:31 rpmi: python3-module-wheel-wheel-0.45.1-alt3 sisyphus+384059.500.2.1 1747240259 installed
<13>May 16 02:23:31 rpmi: python3-module-system-seed-wheels-wheels-0.0.1-alt1 sisyphus+270533.400.6.1 1619683425 installed
<13>May 16 02:23:31 rpmi: python3-module-findpython-0.6.2-alt1 sisyphus+365393.2100.1.1 1734632146 installed
<13>May 16 02:23:31 rpmi: python3-module-tomlkit-0.13.2-alt1 sisyphus+358344.100.2.1 1727351286 installed
<13>May 16 02:23:31 rpmi: python3-module-shellingham-1.5.4-alt1 sisyphus+332574.100.1.1 1698135363 installed
<13>May 16 02:23:31 rpmi: python3-module-tomli-2.2.1-alt1 sisyphus+363592.100.1.1 1732803942 installed
<13>May 16 02:23:31 rpmi: python3-module-poetry-alt-namespace-0.0.1-alt1 sisyphus+306728.100.1.1 1663083686 installed
<13>May 16 02:23:31 rpmi: python3-module-pkginfo-1.12.1.2-alt2 sisyphus+375489.100.1.1 1740064345 installed
<13>May 16 02:23:31 rpmi: python3-module-wheel-0.45.1-alt3 sisyphus+384059.500.2.1 1747240259 installed
<13>May 16 02:23:31 rpmi: python3-module-pbs-installer-2024.10.16-alt1 sisyphus+365393.1400.4.1 1734644011 installed
<13>May 16 02:23:31 rpmi: python3-module-lark-1.2.2-alt1 sisyphus+358322.100.1.1 1727258177 installed
<13>May 16 02:23:31 rpmi: python3-module-poetry-core-2.1.2-alt1 sisyphus+379774.100.1.1 1743417020 installed
<13>May 16 02:23:31 rpmi: python3-module-jaraco.context-6.0.1-alt1.1 sisyphus+376369.6200.10.1 1746628448 installed
<13>May 16 02:23:31 rpmi: python3-module-installer-0.7.0-alt1 sisyphus+318881.100.2.1 1681988183 installed
<13>May 16 02:23:31 rpmi: python3-module-text-unidecode-1.3-alt1 sisyphus+276012.100.1.1 1624812015 installed
<13>May 16 02:23:31 rpmi: python3-module-six-1.17.0-alt1.1 sisyphus+373470.100.1.1 1738920023 installed
<13>May 16 02:23:31 rpmi: python3-module-pytz-1:2025.2-alt1 sisyphus+379213.100.2.1 1742985453 installed
<13>May 16 02:23:31 rpmi: python3-module-pluggy-1.5.0-alt1 sisyphus+345632.100.2.1 1713864244 installed
<13>May 16 02:23:31 rpmi: python3-module-iniconfig-2.1.0-alt1 sisyphus+378658.100.2.1 1742493599 installed
<13>May 16 02:23:31 rpmi: python3-module-pytest-8.3.5-alt2 sisyphus+383865.100.1.1 1747039699 installed
<13>May 16 02:23:31 rpmi: python3-module-filelock-3.18.0-alt1 sisyphus+377927.100.2.1 1741959375 installed
<13>May 16 02:23:31 rpmi: python3-module-z3c-3.0.0-alt4 sisyphus+284857.200.1.1 1631109149 installed
<13>May 16 02:23:31 rpmi: python3-module-zc-1.0.0-alt7 sisyphus+284857.100.1.1 1631109117 installed
<13>May 16 02:23:31 rpmi: python3-module-zope-3.3.0-alt9 sisyphus+281937.200.4.1 1628175900 installed
<13>May 16 02:23:31 rpmi: python3-module-zope.event-5.0-alt1.1.1 sisyphus+376369.20700.10.1 1746631591 installed
<13>May 16 02:23:31 rpmi: python3-module-psutil-7.0.0-alt1 sisyphus+378483.100.1.1 1742330008 installed
<13>May 16 02:23:31 rpmi: python3-module-objgraph-3.6.2-alt1 sisyphus+359468.100.1.1 1728573508 installed
<13>May 16 02:23:31 rpmi: python3-module-greenlet-3.2.2-alt1 sisyphus+383924.100.1.2 1747067810 installed
<13>May 16 02:23:31 rpmi: python3-module-fastimport-0.9.14-alt2 sisyphus+318148.100.1.1 1680797712 installed
<13>May 16 02:23:31 rpmi: python3-module-markupsafe-1:3.0.2-alt1 sisyphus+360209.100.1.1 1729323052 installed
<13>May 16 02:23:31 rpmi: python3-module-jinja2-3.1.6-alt1 sisyphus+377889.1500.2.1 1742249941 installed
<13>May 16 02:23:31 rpmi: python3-module-distlib-0.3.9-alt1 sisyphus+359423.100.1.1 1728557083 installed
<13>May 16 02:23:31 rpmi: python3-module-virtualenv-20.30.0-alt1 sisyphus+379870.100.2.1 1743506980 installed
<13>May 16 02:23:31 rpmi: python3-module-cleo-2.2.1-alt1 sisyphus+362876.200.1.1 1731956909 installed
<13>May 16 02:23:31 rpmi: python3-module-pycparser-2.22-alt1 sisyphus+378485.100.1.1 1742331206 installed
<13>May 16 02:23:31 rpmi: python3-module-cffi-1.17.1-alt1 sisyphus+357396.100.1.1 1726156476 installed
<13>May 16 02:23:31 rpmi: python3-module-cryptography-44.0.0-alt1 sisyphus+368451.100.1.1 1736436050 installed
<13>May 16 02:23:31 rpmi: python3-module-openssl-24.3.0-alt1 sisyphus+368451.200.1.1 1736436083 installed
<13>May 16 02:23:31 rpmi: python3-module-idna-3.10-alt1 sisyphus+358681.100.1.1 1727701241 installed
<13>May 16 02:23:31 rpmi: python3-module-charset-normalizer-3.2.0-alt1 sisyphus+347396.200.2.1 1714733155 installed
<13>May 16 02:23:31 rpmi: python3-module-requests-2.32.3-alt1 sisyphus+349946.100.1.1 1717059877 installed
<13>May 16 02:23:31 rpmi: python3-module-requests_toolbelt-1.0.0-alt3 sisyphus+338996.100.1.1 1706201427 installed
<13>May 16 02:23:31 rpmi: python3-module-msgpack-1.1.0-alt1 sisyphus+366518.100.1.1 1735151208 installed
<13>May 16 02:23:31 rpmi: python3-module-cachecontrol-0.14.3-alt1 sisyphus+382958.100.1.1 1746052463 installed
<13>May 16 02:23:31 rpmi: python3-module-pyproject_hooks-1.1.0-alt2 sisyphus+352023.500.4.2 1720458740 installed
<13>May 16 02:23:31 rpmi: python3-module-build-1.2.2.post1-alt1 sisyphus+359163.100.2.1 1728313366 installed
<13>May 16 02:23:31 rpmi: python3-module-autocommand-2.2.2-alt1.1 sisyphus+339714.100.1.1 1706968174 installed
<13>May 16 02:23:31 rpmi: python3-module-jaraco.text-4.0.0-alt1.1 sisyphus+376369.7300.10.1 1746628739 installed
<13>May 16 02:23:31 rpmi: python3-module-pkg_resources-1:80.4.0-alt1 sisyphus+384059.100.2.1 1747240150 installed
<13>May 16 02:23:31 rpmi: python3-module-aniso8601-10.0.1-alt1 sisyphus+382308.100.1.1 1745324355 installed
<13>May 16 02:23:31 rpmi: python3-module-graphene-3.3.0-alt1 sisyphus+330404.2560.10.1 1698400922 installed
<13>May 16 02:23:31 rpmi: libyaml2-0.2.5-alt1 sisyphus+278391.100.1.1 1626094928 installed
<13>May 16 02:23:31 rpmi: python3-module-yaml-6.0.2-alt1.1 sisyphus+376369.16600.10.1 1746631034 installed
<13>May 16 02:23:31 rpmi: libuv-1.50.0-alt1 sisyphus+377760.100.1.1 1741795923 installed
<13>May 16 02:23:31 rpmi: libsqlite3-3.47.1-alt1 sisyphus+375553.2600.2.1 1740149712 installed
<13>May 16 02:23:31 rpmi: python3-modules-sqlite3-3.12.10-alt1 sisyphus+381757.100.1.1 1744802808 installed
<13>May 16 02:23:31 rpmi: libpython3-3.12.10-alt1 sisyphus+381757.100.1.1 1744802808 installed
<13>May 16 02:23:31 rpmi: libncurses6-6.3.20220618-alt4 sisyphus+327286.4600.14.1 1711486705 installed
<13>May 16 02:23:31 rpmi: libtinfo-devel-6.3.20220618-alt4 sisyphus+327286.4600.14.1 1711486705 installed
<13>May 16 02:23:31 rpmi: libncurses-devel-6.3.20220618-alt4 sisyphus+327286.4600.14.1 1711486705 installed
<13>May 16 02:23:32 rpmi: python3-dev-3.12.10-alt1 sisyphus+381757.100.1.1 1744802808 installed
<13>May 16 02:23:32 rpmi: openldap-common-2.6.9-alt2 sisyphus+367501.300.4.1 1735841751 installed
<13>May 16 02:23:32 rpmi: libverto-0.3.2-alt1_1 sisyphus+321176.2200.10.2 1684803947 installed
<13>May 16 02:23:32 rpmi: liblmdb-0.9.33-alt1 sisyphus+360625.100.1.1 1729819640 installed
<13>May 16 02:23:32 rpmi: libkeyutils-1.6.3-alt1 sisyphus+346336.200.2.2 1716472658 installed
<13>May 16 02:23:32 rpmi: libev4-4.33-alt3 sisyphus+334335.340.4.1 1699912675 installed
<13>May 16 02:23:32 rpmi: libcom_err-1.47.1.0.10.ad56-alt2 sisyphus+363497.200.3.1 1732729908 installed
<86>May 16 02:23:32 groupadd[2859145]: group added to /etc/group: name=_keytab, GID=999
<86>May 16 02:23:32 groupadd[2859145]: group added to /etc/gshadow: name=_keytab
<86>May 16 02:23:32 groupadd[2859145]: new group: name=_keytab, GID=999
<13>May 16 02:23:32 rpmi: libkrb5-1.21.3-alt2 sisyphus+351857.100.1.1 1719735141 installed
<86>May 16 02:23:32 groupadd[2859234]: group added to /etc/group: name=sasl, GID=998
<86>May 16 02:23:32 groupadd[2859234]: group added to /etc/gshadow: name=sasl
<86>May 16 02:23:32 groupadd[2859234]: new group: name=sasl, GID=998
<13>May 16 02:23:32 rpmi: libsasl2-3-2.1.28-alt2.1 sisyphus+367419.100.1.1 1735482560 installed
<13>May 16 02:23:32 rpmi: libldap2-2.6.9-alt2 sisyphus+367501.300.4.1 1735841751 installed
<13>May 16 02:23:32 rpmi: libpq5-17-17.5-alt1 sisyphus+383526.100.1.1 1746616280 installed
<13>May 16 02:23:32 rpmi: python3-module-psycopg2-2.9.10-alt1 sisyphus+361099.100.1.1 1730221764 installed
<13>May 16 02:23:33 rpmi: python3-module-django-5.2.1-alt1 sisyphus+383925.100.1.1 1747069833 installed
<13>May 16 02:23:33 rpmi: python3-module-django-dbbackend-postgresql-5.2.1-alt1 sisyphus+383925.100.1.1 1747069833 installed
<13>May 16 02:23:33 rpmi: python3-module-django-filter-25.1-alt1 sisyphus+377889.300.1.1 1742236246 installed
<13>May 16 02:23:33 rpmi: python3-module-djangorestframework-3.16.0-alt1 sisyphus+379756.100.1.1 1743410753 installed
<13>May 16 02:23:33 rpmi: libcares-1.34.5-alt1 sisyphus+381066.100.1.1 1744213475 installed
<13>May 16 02:23:33 rpmi: python3-module-gevent-24.11.1-alt1 sisyphus+378463.100.2.1 1742318286 installed
<13>May 16 02:23:33 rpmi: python3-module-dulwich-0.22.7-alt1 sisyphus+370833.300.3.1 1737546698 installed
<13>May 16 02:23:33 rpmi: python3-module-promise-2.3.0-alt1 sisyphus+330404.2440.10.1 1698400867 installed
<13>May 16 02:23:33 rpmi: python3-module-graphene-django-3.2.3-alt1 sisyphus+377881.100.1.1 1741882036 installed
<13>May 16 02:23:33 rpmi: python3-module-poetry-2.1.2-alt1 sisyphus+379702.100.2.1 1743449323 installed
<13>May 16 02:23:33 rpmi: python3-module-django-dbbackend-sqlite3-5.2.1-alt1 sisyphus+383925.100.1.1 1747069833 installed
<13>May 16 02:23:33 rpmi: python3-module-django-debug-toolbar-5.2.0-alt1 sisyphus+383910.100.2.2 1747067583 installed
<13>May 16 02:23:33 rpmi: python3-module-setuptools-1:80.4.0-alt1 sisyphus+384059.100.2.1 1747240150 installed
<13>May 16 02:23:33 rpmi: python3-module-pytest-django-4.11.1-alt1 sisyphus+380385.100.1.1 1743762846 installed
Building target platforms: x86_64
Building for target x86_64
Wrote: /usr/src/in/nosrpm/python3-module-django-graphiql-debug-toolbar-0.2.0-alt3.nosrc.rpm (w1.gzdio)
<13>May 16 02:23:35 rpmi: python3-module-pyproject-installer-0.5.5-alt2 sisyphus+366395.100.1.1 1735032014 installed
Installing python3-module-django-graphiql-debug-toolbar-0.2.0-alt3.src.rpm
Building target platforms: x86_64
Building for target x86_64
Executing(%prep): /bin/sh -e /usr/src/tmp/rpm-tmp.56769
+ umask 022
+ /bin/mkdir -p /usr/src/RPM/BUILD
+ cd /usr/src/RPM/BUILD
+ cd /usr/src/RPM/BUILD
+ rm -rf django-graphiql-debug-toolbar-0.2.0
+ echo 'Source #0 (django-graphiql-debug-toolbar-0.2.0.tar):'
Source #0 (django-graphiql-debug-toolbar-0.2.0.tar):
+ /bin/tar -xf /usr/src/RPM/SOURCES/django-graphiql-debug-toolbar-0.2.0.tar
+ cd django-graphiql-debug-toolbar-0.2.0
+ /bin/chmod -c -Rf u+rwX,go-w .
+ sed -i 's/from debug_toolbar.middleware import _HTML_TYPES/from debug_toolbar.utils import _HTML_TYPES/' graphiql_debug_toolbar/middleware.py
+ exit 0
Executing(%build): /bin/sh -e /usr/src/tmp/rpm-tmp.56769
+ umask 022
+ /bin/mkdir -p /usr/src/RPM/BUILD
+ cd /usr/src/RPM/BUILD
+ cd django-graphiql-debug-toolbar-0.2.0
+ export 'CFLAGS=-pipe -frecord-gcc-switches -Wall -g -O2 -flto=auto'
+ CFLAGS='-pipe -frecord-gcc-switches -Wall -g -O2 -flto=auto'
+ export 'CXXFLAGS=-pipe -frecord-gcc-switches -Wall -g -O2 -flto=auto'
+ CXXFLAGS='-pipe -frecord-gcc-switches -Wall -g -O2 -flto=auto'
+ export 'FFLAGS=-pipe -frecord-gcc-switches -Wall -g -O2 -flto=auto'
+ FFLAGS='-pipe -frecord-gcc-switches -Wall -g -O2 -flto=auto'
+ /usr/bin/python3 -m pyproject_installer -v build
INFO     : pyproject_installer.build_cmd._build : Building wheel
INFO     : pyproject_installer.build_cmd._build : Source tree: /usr/src/RPM/BUILD/django-graphiql-debug-toolbar-0.2.0
INFO     : pyproject_installer.build_cmd._build : Output dir: /usr/src/RPM/BUILD/django-graphiql-debug-toolbar-0.2.0/dist
DEBUG    : pyproject_installer.lib.build_backend : Validating source path
DEBUG    : pyproject_installer.lib.build_backend : Checking for PEP517 spec
DEBUG    : pyproject_installer.lib.build_backend : Parsing configuration file: /usr/src/RPM/BUILD/django-graphiql-debug-toolbar-0.2.0/pyproject.toml
INFO     : backend_caller.py : Calling hook build_wheel in subprocess
INFO     : backend_caller.py : Build backend: poetry.core.masonry.api
INFO     : backend_caller.py : Hook args: ['/usr/src/RPM/BUILD/django-graphiql-debug-toolbar-0.2.0/dist']
INFO     : backend_caller.py : Hook kwargs: {'config_settings': None}
WARNING  : poetry.core.factory : The "poetry.dev-dependencies" section is deprecated and will be removed in a future version. Use "poetry.group.dev.dependencies" instead.
INFO     : poetry.core.masonry.builders.wheel : Building wheel
DEBUG    : poetry.core.masonry.builders.builder : Adding: /usr/src/RPM/BUILD/django-graphiql-debug-toolbar-0.2.0/graphiql_debug_toolbar/__init__.py
DEBUG    : poetry.core.masonry.builders.builder : Adding: /usr/src/RPM/BUILD/django-graphiql-debug-toolbar-0.2.0/graphiql_debug_toolbar/middleware.py
DEBUG    : poetry.core.masonry.builders.builder : Adding: /usr/src/RPM/BUILD/django-graphiql-debug-toolbar-0.2.0/graphiql_debug_toolbar/serializers.py
DEBUG    : poetry.core.masonry.builders.builder : Adding: /usr/src/RPM/BUILD/django-graphiql-debug-toolbar-0.2.0/graphiql_debug_toolbar/static/graphiql_debug_toolbar/js/parse.js
DEBUG    : poetry.core.masonry.builders.builder : Adding: /usr/src/RPM/BUILD/django-graphiql-debug-toolbar-0.2.0/graphiql_debug_toolbar/templates/graphiql_debug_toolbar/base.html
INFO     : poetry.core.masonry.builders.wheel : Built django_graphiql_debug_toolbar-0.2.0-py3-none-any.whl
INFO     : pyproject_installer.build_cmd._build : Built wheel: django_graphiql_debug_toolbar-0.2.0-py3-none-any.whl
+ exit 0
Executing(%install): /bin/sh -e /usr/src/tmp/rpm-tmp.56769
+ umask 022
+ /bin/mkdir -p /usr/src/RPM/BUILD
+ cd /usr/src/RPM/BUILD
+ /bin/chmod -Rf u+rwX -- /usr/src/tmp/python3-module-django-graphiql-debug-toolbar-buildroot
+ :
+ /bin/rm -rf -- /usr/src/tmp/python3-module-django-graphiql-debug-toolbar-buildroot
+ PATH=/usr/libexec/rpm-build:/usr/src/bin:/usr/bin:/bin:/usr/local/bin:/usr/games
+ cd django-graphiql-debug-toolbar-0.2.0
+ /usr/bin/python3 -m pyproject_installer -v install --destdir=/usr/src/tmp/python3-module-django-graphiql-debug-toolbar-buildroot
INFO     : pyproject_installer.install_cmd._install : Installing wheel
INFO     : pyproject_installer.install_cmd._install : Wheel directory: /usr/src/RPM/BUILD/django-graphiql-debug-toolbar-0.2.0/dist
INFO     : pyproject_installer.install_cmd._install : Wheel filename: django_graphiql_debug_toolbar-0.2.0-py3-none-any.whl
INFO     : pyproject_installer.install_cmd._install : Destination: /usr/src/tmp/python3-module-django-graphiql-debug-toolbar-buildroot
DEBUG    : pyproject_installer.lib.wheel : Parsing wheel filename
DEBUG    : pyproject_installer.lib.wheel : Validating wheel file
DEBUG    : pyproject_installer.lib.wheel : Validating wheel spec version
DEBUG    : pyproject_installer.lib.wheel : Parsing wheel spec metadata
DEBUG    : pyproject_installer.lib.wheel : Validating RECORD
INFO     : pyproject_installer.install_cmd._install : Wheel installation root: /usr/src/tmp/python3-module-django-graphiql-debug-toolbar-buildroot/usr/lib/python3/site-packages
INFO     : pyproject_installer.install_cmd._install : Extracting wheel
DEBUG    : pyproject_installer.install_cmd._install : Filtering out not allowed file: django_graphiql_debug_toolbar-0.2.0.dist-info/LICENSE
DEBUG    : pyproject_installer.install_cmd._install : Filtering out not allowed file: django_graphiql_debug_toolbar-0.2.0.dist-info/WHEEL
DEBUG    : pyproject_installer.install_cmd._install : Filtering out not allowed file: django_graphiql_debug_toolbar-0.2.0.dist-info/RECORD
INFO     : pyproject_installer.install_cmd._install : Wheel was installed
+ rm -f /usr/src/tmp/python3-module-django-graphiql-debug-toolbar-buildroot/usr/lib/python3/site-packages/LICENSE
+ rm -f /usr/src/tmp/python3-module-django-graphiql-debug-toolbar-buildroot/usr/lib/python3/site-packages/README.md
+ /usr/lib/rpm/brp-alt
Cleaning files in /usr/src/tmp/python3-module-django-graphiql-debug-toolbar-buildroot (auto)
Verifying and fixing files in /usr/src/tmp/python3-module-django-graphiql-debug-toolbar-buildroot (binconfig,pkgconfig,libtool,desktop,gnuconfig)
Checking contents of files in /usr/src/tmp/python3-module-django-graphiql-debug-toolbar-buildroot/ (default)
Compressing files in /usr/src/tmp/python3-module-django-graphiql-debug-toolbar-buildroot (auto)
Adjusting library links in /usr/src/tmp/python3-module-django-graphiql-debug-toolbar-buildroot
./usr/lib: (from <cmdline>:0)
Verifying ELF objects in /usr/src/tmp/python3-module-django-graphiql-debug-toolbar-buildroot (arch=normal,fhs=normal,lfs=relaxed,lint=relaxed,rpath=normal,stack=normal,textrel=normal,unresolved=normal)
Splitting links to aliased files under /{,s}bin in /usr/src/tmp/python3-module-django-graphiql-debug-toolbar-buildroot
Bytecompiling python3 modules in /usr/src/tmp/python3-module-django-graphiql-debug-toolbar-buildroot using /usr/bin/python3
compile /usr/src/tmp/python3-module-django-graphiql-debug-toolbar-buildroot/usr/lib/python3/site-packages/graphiql_debug_toolbar/__init__.py
compile /usr/src/tmp/python3-module-django-graphiql-debug-toolbar-buildroot/usr/lib/python3/site-packages/graphiql_debug_toolbar/middleware.py
compile /usr/src/tmp/python3-module-django-graphiql-debug-toolbar-buildroot/usr/lib/python3/site-packages/graphiql_debug_toolbar/serializers.py
Bytecompiling python3 modules with optimization in /usr/src/tmp/python3-module-django-graphiql-debug-toolbar-buildroot using /usr/bin/python3 -O
compile /usr/src/tmp/python3-module-django-graphiql-debug-toolbar-buildroot/usr/lib/python3/site-packages/graphiql_debug_toolbar/__init__.py
compile /usr/src/tmp/python3-module-django-graphiql-debug-toolbar-buildroot/usr/lib/python3/site-packages/graphiql_debug_toolbar/middleware.py
compile /usr/src/tmp/python3-module-django-graphiql-debug-toolbar-buildroot/usr/lib/python3/site-packages/graphiql_debug_toolbar/serializers.py
Bytecompiling python3 modules with optimization-2 in /usr/src/tmp/python3-module-django-graphiql-debug-toolbar-buildroot using /usr/bin/python3 -OO
compile /usr/src/tmp/python3-module-django-graphiql-debug-toolbar-buildroot/usr/lib/python3/site-packages/graphiql_debug_toolbar/__init__.py
compile /usr/src/tmp/python3-module-django-graphiql-debug-toolbar-buildroot/usr/lib/python3/site-packages/graphiql_debug_toolbar/middleware.py
compile /usr/src/tmp/python3-module-django-graphiql-debug-toolbar-buildroot/usr/lib/python3/site-packages/graphiql_debug_toolbar/serializers.py
Hardlinking identical .pyc and .opt-?.pyc files
'./usr/lib/python3/site-packages/graphiql_debug_toolbar/__pycache__/__init__.cpython-312.opt-1.pyc' => './usr/lib/python3/site-packages/graphiql_debug_toolbar/__pycache__/__init__.cpython-312.pyc'
'./usr/lib/python3/site-packages/graphiql_debug_toolbar/__pycache__/__init__.cpython-312.opt-2.pyc' => './usr/lib/python3/site-packages/graphiql_debug_toolbar/__pycache__/__init__.cpython-312.opt-1.pyc'
'./usr/lib/python3/site-packages/graphiql_debug_toolbar/__pycache__/middleware.cpython-312.opt-1.pyc' => './usr/lib/python3/site-packages/graphiql_debug_toolbar/__pycache__/middleware.cpython-312.pyc'
'./usr/lib/python3/site-packages/graphiql_debug_toolbar/__pycache__/middleware.cpython-312.opt-2.pyc' => './usr/lib/python3/site-packages/graphiql_debug_toolbar/__pycache__/middleware.cpython-312.opt-1.pyc'
'./usr/lib/python3/site-packages/graphiql_debug_toolbar/__pycache__/serializers.cpython-312.opt-1.pyc' => './usr/lib/python3/site-packages/graphiql_debug_toolbar/__pycache__/serializers.cpython-312.pyc'
'./usr/lib/python3/site-packages/graphiql_debug_toolbar/__pycache__/serializers.cpython-312.opt-2.pyc' => './usr/lib/python3/site-packages/graphiql_debug_toolbar/__pycache__/serializers.cpython-312.opt-1.pyc'
Executing(%check): /bin/sh -e /usr/src/tmp/rpm-tmp.56769
+ umask 022
+ /bin/mkdir -p /usr/src/RPM/BUILD
+ cd /usr/src/RPM/BUILD
+ cd django-graphiql-debug-toolbar-0.2.0
+ export 'CFLAGS=-pipe -frecord-gcc-switches -Wall -g -O2 -flto=auto'
+ CFLAGS='-pipe -frecord-gcc-switches -Wall -g -O2 -flto=auto'
+ export 'CXXFLAGS=-pipe -frecord-gcc-switches -Wall -g -O2 -flto=auto'
+ CXXFLAGS='-pipe -frecord-gcc-switches -Wall -g -O2 -flto=auto'
+ export 'FFLAGS=-pipe -frecord-gcc-switches -Wall -g -O2 -flto=auto'
+ FFLAGS='-pipe -frecord-gcc-switches -Wall -g -O2 -flto=auto'
+ export NO_INTERNET=YES
+ NO_INTERNET=YES
+ /usr/bin/python3 -m pyproject_installer run -- python3 -m pytest
INFO     : Creating venv
INFO     : Installing console scripts
INFO     : Installing package: /usr/src/RPM/BUILD/django-graphiql-debug-toolbar-0.2.0/dist/django_graphiql_debug_toolbar-0.2.0-py3-none-any.whl
INFO     : Running command: ['/usr/src/RPM/BUILD/django-graphiql-debug-toolbar-0.2.0/.run_venv/bin/python3', '-m', 'pyproject_installer', 'install', '/usr/src/RPM/BUILD/django-graphiql-debug-toolbar-0.2.0/dist/django_graphiql_debug_toolbar-0.2.0-py3-none-any.whl']
INFO     : Running command: ['python3', '-m', 'pytest']
Traceback (most recent call last):
  File "/usr/lib/python3/site-packages/django/core/files/storage/handler.py", line 26, in __getitem__
    return self._storages[alias]
           ~~~~~~~~~~~~~~^^^^^^^
KeyError: 'staticfiles'

During handling of the above exception, another exception occurred:

Traceback (most recent call last):
  File "<frozen runpy>", line 198, in _run_module_as_main
  File "<frozen runpy>", line 88, in _run_code
  File "/usr/lib/python3/site-packages/pytest/__main__.py", line 9, in <module>
    raise SystemExit(pytest.console_main())
                     ^^^^^^^^^^^^^^^^^^^^^
  File "/usr/lib/python3/site-packages/_pytest/config/__init__.py", line 201, in console_main
    code = main()
           ^^^^^^
  File "/usr/lib/python3/site-packages/_pytest/config/__init__.py", line 156, in main
    config = _prepareconfig(args, plugins)
             ^^^^^^^^^^^^^^^^^^^^^^^^^^^^^
  File "/usr/lib/python3/site-packages/_pytest/config/__init__.py", line 341, in _prepareconfig
    config = pluginmanager.hook.pytest_cmdline_parse(
             ^^^^^^^^^^^^^^^^^^^^^^^^^^^^^^^^^^^^^^^^
  File "/usr/lib/python3/site-packages/pluggy/_hooks.py", line 513, in __call__
    return self._hookexec(self.name, self._hookimpls.copy(), kwargs, firstresult)
           ^^^^^^^^^^^^^^^^^^^^^^^^^^^^^^^^^^^^^^^^^^^^^^^^^^^^^^^^^^^^^^^^^^^^^^
  File "/usr/lib/python3/site-packages/pluggy/_manager.py", line 120, in _hookexec
    return self._inner_hookexec(hook_name, methods, kwargs, firstresult)
           ^^^^^^^^^^^^^^^^^^^^^^^^^^^^^^^^^^^^^^^^^^^^^^^^^^^^^^^^^^^^^
  File "/usr/lib/python3/site-packages/pluggy/_callers.py", line 139, in _multicall
    raise exception.with_traceback(exception.__traceback__)
  File "/usr/lib/python3/site-packages/pluggy/_callers.py", line 122, in _multicall
    teardown.throw(exception)  # type: ignore[union-attr]
    ^^^^^^^^^^^^^^^^^^^^^^^^^
  File "/usr/lib/python3/site-packages/_pytest/helpconfig.py", line 105, in pytest_cmdline_parse
    config = yield
             ^^^^^
  File "/usr/lib/python3/site-packages/pluggy/_callers.py", line 103, in _multicall
    res = hook_impl.function(*args)
          ^^^^^^^^^^^^^^^^^^^^^^^^^
  File "/usr/lib/python3/site-packages/_pytest/config/__init__.py", line 1140, in pytest_cmdline_parse
    self.parse(args)
  File "/usr/lib/python3/site-packages/_pytest/config/__init__.py", line 1494, in parse
    self._preparse(args, addopts=addopts)
  File "/usr/lib/python3/site-packages/_pytest/config/__init__.py", line 1398, in _preparse
    self.hook.pytest_load_initial_conftests(
  File "/usr/lib/python3/site-packages/pluggy/_hooks.py", line 513, in __call__
    return self._hookexec(self.name, self._hookimpls.copy(), kwargs, firstresult)
           ^^^^^^^^^^^^^^^^^^^^^^^^^^^^^^^^^^^^^^^^^^^^^^^^^^^^^^^^^^^^^^^^^^^^^^
  File "/usr/lib/python3/site-packages/pluggy/_manager.py", line 120, in _hookexec
    return self._inner_hookexec(hook_name, methods, kwargs, firstresult)
           ^^^^^^^^^^^^^^^^^^^^^^^^^^^^^^^^^^^^^^^^^^^^^^^^^^^^^^^^^^^^^
  File "/usr/lib/python3/site-packages/pluggy/_callers.py", line 139, in _multicall
    raise exception.with_traceback(exception.__traceback__)
  File "/usr/lib/python3/site-packages/pluggy/_callers.py", line 122, in _multicall
    teardown.throw(exception)  # type: ignore[union-attr]
    ^^^^^^^^^^^^^^^^^^^^^^^^^
  File "/usr/lib/python3/site-packages/_pytest/warnings.py", line 151, in pytest_load_initial_conftests
    return (yield)
            ^^^^^
  File "/usr/lib/python3/site-packages/pluggy/_callers.py", line 122, in _multicall
    teardown.throw(exception)  # type: ignore[union-attr]
    ^^^^^^^^^^^^^^^^^^^^^^^^^
  File "/usr/lib/python3/site-packages/_pytest/capture.py", line 172, in pytest_load_initial_conftests
    yield
  File "/usr/lib/python3/site-packages/pluggy/_callers.py", line 103, in _multicall
    res = hook_impl.function(*args)
          ^^^^^^^^^^^^^^^^^^^^^^^^^
  File "/usr/lib/python3/site-packages/pytest_django/plugin.py", line 361, in pytest_load_initial_conftests
    _setup_django(early_config)
  File "/usr/lib/python3/site-packages/pytest_django/plugin.py", line 237, in _setup_django
    django.setup()
  File "/usr/lib/python3/site-packages/django/__init__.py", line 24, in setup
    apps.populate(settings.INSTALLED_APPS)
  File "/usr/lib/python3/site-packages/django/apps/registry.py", line 124, in populate
    app_config.ready()
  File "/usr/lib/python3/site-packages/debug_toolbar/apps.py", line 26, in ready
    cls.ready()
  File "/usr/lib/python3/site-packages/debug_toolbar/panels/staticfiles.py", line 79, in ready
    cls = storage.staticfiles_storage.__class__
          ^^^^^^^^^^^^^^^^^^^^^^^^^^^^^^^^^^^^^
  File "/usr/lib/python3/site-packages/django/utils/functional.py", line 280, in __getattribute__
    value = super().__getattribute__(name)
            ^^^^^^^^^^^^^^^^^^^^^^^^^^^^^^
  File "/usr/lib/python3/site-packages/django/utils/functional.py", line 251, in inner
    self._setup()
  File "/usr/lib/python3/site-packages/django/contrib/staticfiles/storage.py", line 542, in _setup
    self._wrapped = storages[STATICFILES_STORAGE_ALIAS]
                    ~~~~~~~~^^^^^^^^^^^^^^^^^^^^^^^^^^^
  File "/usr/lib/python3/site-packages/django/core/files/storage/handler.py", line 34, in __getitem__
    storage = self.create_storage(params)
              ^^^^^^^^^^^^^^^^^^^^^^^^^^^
  File "/usr/lib/python3/site-packages/django/core/files/storage/handler.py", line 46, in create_storage
    return storage_cls(**options)
           ^^^^^^^^^^^^^^^^^^^^^^
  File "/usr/lib/python3/site-packages/django/contrib/staticfiles/storage.py", line 29, in __init__
    check_settings(base_url)
  File "/usr/lib/python3/site-packages/django/contrib/staticfiles/utils.py", line 49, in check_settings
    raise ImproperlyConfigured(
django.core.exceptions.ImproperlyConfigured: You're using the staticfiles app without having set the required STATIC_URL setting.
INFO     : Command's result: FAILURE
INFO     : Command's error: Command '['python3', '-m', 'pytest']' returned non-zero exit status 1.
error: Bad exit status from /usr/src/tmp/rpm-tmp.56769 (%check)


RPM build errors:
    Bad exit status from /usr/src/tmp/rpm-tmp.56769 (%check)
Command exited with non-zero status 1
1.02user 0.48system 0:01.45elapsed 103%CPU (0avgtext+0avgdata 51464maxresident)k
0inputs+0outputs (0major+102161minor)pagefaults 0swaps
hsh-rebuild: rebuild of `python3-module-django-graphiql-debug-toolbar-0.2.0-alt3.src.rpm' failed.
Command exited with non-zero status 1
4.49user 3.26system 0:17.53elapsed 44%CPU (0avgtext+0avgdata 140976maxresident)k
880inputs+0outputs (0major+352698minor)pagefaults 0swaps
