<86>May 16 02:20:02 userdel[1660292]: delete user 'rooter'
<86>May 16 02:20:02 userdel[1660292]: removed group 'rooter' owned by 'rooter'
<86>May 16 02:20:02 userdel[1660292]: removed shadow group 'rooter' owned by 'rooter'
<86>May 16 02:20:02 groupadd[1660342]: group added to /etc/group: name=rooter, GID=1868
<86>May 16 02:20:02 groupadd[1660342]: group added to /etc/gshadow: name=rooter
<86>May 16 02:20:02 groupadd[1660342]: new group: name=rooter, GID=1868
<86>May 16 02:20:02 useradd[1660387]: new user: name=rooter, UID=1868, GID=1868, home=/root, shell=/bin/bash, from=none
<86>May 16 02:20:02 userdel[1660456]: delete user 'builder'
<86>May 16 02:20:02 userdel[1660456]: removed group 'builder' owned by 'builder'
<86>May 16 02:20:02 userdel[1660456]: removed shadow group 'builder' owned by 'builder'
<86>May 16 02:20:02 groupadd[1660505]: group added to /etc/group: name=builder, GID=1869
<86>May 16 02:20:02 groupadd[1660505]: group added to /etc/gshadow: name=builder
<86>May 16 02:20:02 groupadd[1660505]: new group: name=builder, GID=1869
<86>May 16 02:20:02 useradd[1660546]: new user: name=builder, UID=1869, GID=1869, home=/usr/src, shell=/bin/bash, from=none
<13>May 16 02:20:06 rpmi: libmpdec3-2.5.1-alt3 sisyphus+314490.500.5.1 1675432004 installed
<13>May 16 02:20:06 rpmi: libgdbm-1.8.3-alt10 sisyphus+346222.200.3.2 1716468404 installed
<13>May 16 02:20:06 rpmi: libexpat-2.7.1-alt1 sisyphus+379929.100.1.1 1743519381 installed
<13>May 16 02:20:06 rpmi: openssl-config-3.2.0-alt1 sisyphus+366659.140.4.1 1736956949 installed
<13>May 16 02:20:06 rpmi: libb2-0.98.1-alt1_1 sisyphus+291614.100.1.1 1638962877 installed
<13>May 16 02:20:06 rpmi: libp11-kit-1:0.25.5-alt1 sisyphus+352553.100.1.1 1720622573 installed
<13>May 16 02:20:06 rpmi: libtasn1-4.20.0-alt2 sisyphus+375829.100.1.1 1740299335 installed
<13>May 16 02:20:06 rpmi: rpm-macros-alternatives-0.5.3-alt1 sisyphus+371878.100.1.1 1737988822 installed
<13>May 16 02:20:06 rpmi: alternatives-0.5.3-alt1 sisyphus+371878.100.1.1 1737988822 installed
<13>May 16 02:20:06 rpmi: ca-certificates-2025.05.12-alt1 sisyphus+383903.200.2.1 1747060316 installed
<13>May 16 02:20:06 rpmi: ca-trust-0.2.0-alt1 sisyphus+344843.100.1.1 1712743326 installed
<13>May 16 02:20:06 rpmi: p11-kit-trust-1:0.25.5-alt1 sisyphus+352553.100.1.1 1720622573 installed
<13>May 16 02:20:06 rpmi: libcrypto3-3.3.3-alt1 sisyphus+374381.40.2.1 1739299401 installed
<13>May 16 02:20:06 rpmi: libssl3-3.3.3-alt1 sisyphus+374381.40.2.1 1739299401 installed
<13>May 16 02:20:06 rpmi: python3-3.12.10-alt1 sisyphus+381757.100.1.1 1744802808 installed
<13>May 16 02:20:06 rpmi: python3-base-3.12.10-alt1 sisyphus+381757.100.1.1 1744802808 installed
<13>May 16 02:20:06 rpmi: python3-module-py3dephell-0.3.1-alt1 sisyphus+365261.200.1.1 1734463433 installed
<13>May 16 02:20:06 rpmi: python3-module-pyproject-installer-0.5.5-alt2 sisyphus+366395.100.1.1 1735032014 installed
<13>May 16 02:20:06 rpmi: rpm-macros-pyproject-0.0.9-alt1 sisyphus+362541.300.2.1 1731671840 installed
<13>May 16 02:20:06 rpmi: tests-for-installed-python3-pkgs-0.1.28-alt1 sisyphus+375953.100.2.1 1740855713 installed
<13>May 16 02:20:06 rpmi: rpm-build-python3-0.1.28-alt1 sisyphus+375953.100.2.1 1740855713 installed
<13>May 16 02:20:06 rpmi: rpm-build-pyproject-0.0.9-alt1 sisyphus+362541.300.2.1 1731671840 installed
<13>May 16 02:20:09 rpmi: python3-module-pluggy-1.5.0-alt1 sisyphus+345632.100.2.1 1713864244 installed
<13>May 16 02:20:09 rpmi: python3-module-packaging-25.0-alt1 sisyphus+382195.100.1.1 1745223121 installed
<13>May 16 02:20:09 rpmi: python3-module-iniconfig-2.1.0-alt1 sisyphus+378658.100.2.1 1742493599 installed
<13>May 16 02:20:09 rpmi: python3-module-zipp-3.21.0-alt1 sisyphus+362195.100.2.1 1731487934 installed
<13>May 16 02:20:09 rpmi: python3-module-importlib-metadata-8.6.1-alt1 sisyphus+370687.100.1.1 1737451177 installed
<13>May 16 02:20:09 rpmi: python3-module-trove-classifiers-2025.4.11.15-alt1 sisyphus+381567.100.1.1 1744619284 installed
<13>May 16 02:20:09 rpmi: python3-module-pathspec-0.12.1-alt1 sisyphus+341971.100.1.1 1709553025 installed
<13>May 16 02:20:09 rpmi: python3-module-Pygments-2.19.1-alt1 sisyphus+368586.100.2.1 1737039695 installed
<13>May 16 02:20:09 rpmi: libyaml2-0.2.5-alt1 sisyphus+278391.100.1.1 1626094928 installed
<13>May 16 02:20:09 rpmi: python3-module-yaml-6.0.2-alt1.1 sisyphus+376369.16600.10.1 1746631034 installed
<13>May 16 02:20:09 rpmi: python3-module-markdown-3.8-alt1 sisyphus+383588.100.1.1 1746690556 installed
<13>May 16 02:20:09 rpmi: python3-module-hatchling-1.27.0-alt1 sisyphus+365115.100.2.1 1734340769 installed
<13>May 16 02:20:09 rpmi: python3-module-pytest-8.3.5-alt2 sisyphus+383865.100.1.1 1747039699 installed
warning: File /usr/src/in/source/python3-module-pymdown-extensions-10.14.3-alt.patch is smaller than 8 bytes
Building target platforms: x86_64
Building for target x86_64
Wrote: /usr/src/in/nosrpm/python3-module-pymdown-extensions-10.14.3-alt1.nosrc.rpm (w1.gzdio)
warning: File /usr/src/RPM/SOURCES/python3-module-pymdown-extensions-10.14.3-alt.patch is smaller than 8 bytes
Installing python3-module-pymdown-extensions-10.14.3-alt1.src.rpm
Building target platforms: x86_64
Building for target x86_64
Executing(%prep): /bin/sh -e /usr/src/tmp/rpm-tmp.40708
+ umask 022
+ /bin/mkdir -p /usr/src/RPM/BUILD
+ cd /usr/src/RPM/BUILD
+ cd /usr/src/RPM/BUILD
+ rm -rf python3-module-pymdown-extensions-10.14.3
+ echo 'Source #0 (python3-module-pymdown-extensions-10.14.3.tar):'
Source #0 (python3-module-pymdown-extensions-10.14.3.tar):
+ /bin/tar -xf /usr/src/RPM/SOURCES/python3-module-pymdown-extensions-10.14.3.tar
+ cd python3-module-pymdown-extensions-10.14.3
+ /bin/chmod -c -Rf u+rwX,go-w .
+ echo 'Patch #0 (python3-module-pymdown-extensions-10.14.3-alt.patch):'
Patch #0 (python3-module-pymdown-extensions-10.14.3-alt.patch):
+ /usr/bin/patch -p1
+ /usr/bin/python3 -m pyproject_installer deps --depsconfig /usr/src/RPM/SOURCES/pyproject_deps.json show pep518
+ /usr/bin/python3 -m pyproject_installer deps --depsconfig /usr/src/RPM/SOURCES/pyproject_deps.json sync pep518 --verify --verify-exclude 'wheel$'
+ /usr/bin/python3 -m pyproject_installer deps --depsconfig /usr/src/RPM/SOURCES/pyproject_deps.json show pep517
+ /usr/bin/python3 -m pyproject_installer deps --depsconfig /usr/src/RPM/SOURCES/pyproject_deps.json sync pep517 --verify --verify-exclude 'wheel$'
+ /usr/bin/python3 -m pyproject_installer deps --depsconfig /usr/src/RPM/SOURCES/pyproject_deps.json show metadata
+ /usr/bin/python3 -m pyproject_installer deps --depsconfig /usr/src/RPM/SOURCES/pyproject_deps.json sync metadata --verify
INFO     : Building metadata
INFO     : Building metadata with prepare_metadata_for_build_wheel
INFO     : Source tree: /usr/src/RPM/BUILD/python3-module-pymdown-extensions-10.14.3
INFO     : Output dir: /usr/src/tmp/tmpb762pve9
+ /usr/bin/python3 -m pyproject_installer deps --depsconfig /usr/src/RPM/SOURCES/pyproject_deps.json show check
+ /usr/bin/python3 -m pyproject_installer deps --depsconfig /usr/src/RPM/SOURCES/pyproject_deps.json sync check --verify
+ exit 0
Executing(%build): /bin/sh -e /usr/src/tmp/rpm-tmp.97535
+ umask 022
+ /bin/mkdir -p /usr/src/RPM/BUILD
+ cd /usr/src/RPM/BUILD
+ cd python3-module-pymdown-extensions-10.14.3
+ export 'CFLAGS=-pipe -frecord-gcc-switches -Wall -g -O2 -flto=auto'
+ CFLAGS='-pipe -frecord-gcc-switches -Wall -g -O2 -flto=auto'
+ export 'CXXFLAGS=-pipe -frecord-gcc-switches -Wall -g -O2 -flto=auto'
+ CXXFLAGS='-pipe -frecord-gcc-switches -Wall -g -O2 -flto=auto'
+ export 'FFLAGS=-pipe -frecord-gcc-switches -Wall -g -O2 -flto=auto'
+ FFLAGS='-pipe -frecord-gcc-switches -Wall -g -O2 -flto=auto'
+ /usr/bin/python3 -m pyproject_installer -v build
INFO     : pyproject_installer.build_cmd._build : Building wheel
INFO     : pyproject_installer.build_cmd._build : Source tree: /usr/src/RPM/BUILD/python3-module-pymdown-extensions-10.14.3
INFO     : pyproject_installer.build_cmd._build : Output dir: /usr/src/RPM/BUILD/python3-module-pymdown-extensions-10.14.3/dist
DEBUG    : pyproject_installer.lib.build_backend : Validating source path
DEBUG    : pyproject_installer.lib.build_backend : Checking for PEP517 spec
DEBUG    : pyproject_installer.lib.build_backend : Parsing configuration file: /usr/src/RPM/BUILD/python3-module-pymdown-extensions-10.14.3/pyproject.toml
INFO     : backend_caller.py : Calling hook build_wheel in subprocess
INFO     : backend_caller.py : Build backend: hatchling.build
INFO     : backend_caller.py : Hook args: ['/usr/src/RPM/BUILD/python3-module-pymdown-extensions-10.14.3/dist']
INFO     : backend_caller.py : Hook kwargs: {'config_settings': None}
INFO     : pyproject_installer.build_cmd._build : Built wheel: pymdown_extensions-10.14.3-py3-none-any.whl
+ exit 0
Executing(%install): /bin/sh -e /usr/src/tmp/rpm-tmp.97535
+ umask 022
+ /bin/mkdir -p /usr/src/RPM/BUILD
+ cd /usr/src/RPM/BUILD
+ /bin/chmod -Rf u+rwX -- /usr/src/tmp/python3-module-pymdown-extensions-buildroot
+ :
+ /bin/rm -rf -- /usr/src/tmp/python3-module-pymdown-extensions-buildroot
+ PATH=/usr/libexec/rpm-build:/usr/src/bin:/usr/bin:/bin:/usr/local/bin:/usr/games
+ cd python3-module-pymdown-extensions-10.14.3
+ /usr/bin/python3 -m pyproject_installer -v install --destdir=/usr/src/tmp/python3-module-pymdown-extensions-buildroot
INFO     : pyproject_installer.install_cmd._install : Installing wheel
INFO     : pyproject_installer.install_cmd._install : Wheel directory: /usr/src/RPM/BUILD/python3-module-pymdown-extensions-10.14.3/dist
INFO     : pyproject_installer.install_cmd._install : Wheel filename: pymdown_extensions-10.14.3-py3-none-any.whl
INFO     : pyproject_installer.install_cmd._install : Destination: /usr/src/tmp/python3-module-pymdown-extensions-buildroot
DEBUG    : pyproject_installer.lib.wheel : Parsing wheel filename
DEBUG    : pyproject_installer.lib.wheel : Validating wheel file
DEBUG    : pyproject_installer.lib.wheel : Validating wheel spec version
DEBUG    : pyproject_installer.lib.wheel : Parsing wheel spec metadata
DEBUG    : pyproject_installer.lib.wheel : Validating RECORD
INFO     : pyproject_installer.install_cmd._install : Wheel installation root: /usr/src/tmp/python3-module-pymdown-extensions-buildroot/usr/lib/python3/site-packages
INFO     : pyproject_installer.install_cmd._install : Extracting wheel
DEBUG    : pyproject_installer.install_cmd._install : Filtering out not allowed file: pymdown_extensions-10.14.3.dist-info/WHEEL
DEBUG    : pyproject_installer.install_cmd._install : Filtering out not allowed file: pymdown_extensions-10.14.3.dist-info/licenses/LICENSE.md
DEBUG    : pyproject_installer.install_cmd._install : Filtering out not allowed file: pymdown_extensions-10.14.3.dist-info/RECORD
INFO     : pyproject_installer.install_cmd._install : Wheel was installed
+ /usr/lib/rpm/brp-alt
Cleaning files in /usr/src/tmp/python3-module-pymdown-extensions-buildroot (auto)
Verifying and fixing files in /usr/src/tmp/python3-module-pymdown-extensions-buildroot (binconfig,pkgconfig,libtool,desktop,gnuconfig)
Checking contents of files in /usr/src/tmp/python3-module-pymdown-extensions-buildroot/ (default)
Compressing files in /usr/src/tmp/python3-module-pymdown-extensions-buildroot (auto)
Adjusting library links in /usr/src/tmp/python3-module-pymdown-extensions-buildroot
./usr/lib: (from <cmdline>:0)
Verifying ELF objects in /usr/src/tmp/python3-module-pymdown-extensions-buildroot (arch=normal,fhs=normal,lfs=relaxed,lint=relaxed,rpath=normal,stack=normal,textrel=normal,unresolved=normal)
Splitting links to aliased files under /{,s}bin in /usr/src/tmp/python3-module-pymdown-extensions-buildroot
Bytecompiling python3 modules in /usr/src/tmp/python3-module-pymdown-extensions-buildroot using /usr/bin/python3
compile /usr/src/tmp/python3-module-pymdown-extensions-buildroot/usr/lib/python3/site-packages/pymdownx/blocks/__init__.py
compile /usr/src/tmp/python3-module-pymdown-extensions-buildroot/usr/lib/python3/site-packages/pymdownx/blocks/admonition.py
compile /usr/src/tmp/python3-module-pymdown-extensions-buildroot/usr/lib/python3/site-packages/pymdownx/blocks/block.py
compile /usr/src/tmp/python3-module-pymdown-extensions-buildroot/usr/lib/python3/site-packages/pymdownx/blocks/caption.py
compile /usr/src/tmp/python3-module-pymdown-extensions-buildroot/usr/lib/python3/site-packages/pymdownx/blocks/definition.py
compile /usr/src/tmp/python3-module-pymdown-extensions-buildroot/usr/lib/python3/site-packages/pymdownx/blocks/details.py
compile /usr/src/tmp/python3-module-pymdown-extensions-buildroot/usr/lib/python3/site-packages/pymdownx/blocks/html.py
compile /usr/src/tmp/python3-module-pymdown-extensions-buildroot/usr/lib/python3/site-packages/pymdownx/blocks/tab.py
compile /usr/src/tmp/python3-module-pymdown-extensions-buildroot/usr/lib/python3/site-packages/pymdownx/__init__.py
compile /usr/src/tmp/python3-module-pymdown-extensions-buildroot/usr/lib/python3/site-packages/pymdownx/__meta__.py
compile /usr/src/tmp/python3-module-pymdown-extensions-buildroot/usr/lib/python3/site-packages/pymdownx/_bypassnorm.py
compile /usr/src/tmp/python3-module-pymdown-extensions-buildroot/usr/lib/python3/site-packages/pymdownx/arithmatex.py
compile /usr/src/tmp/python3-module-pymdown-extensions-buildroot/usr/lib/python3/site-packages/pymdownx/b64.py
compile /usr/src/tmp/python3-module-pymdown-extensions-buildroot/usr/lib/python3/site-packages/pymdownx/betterem.py
compile /usr/src/tmp/python3-module-pymdown-extensions-buildroot/usr/lib/python3/site-packages/pymdownx/caret.py
compile /usr/src/tmp/python3-module-pymdown-extensions-buildroot/usr/lib/python3/site-packages/pymdownx/critic.py
compile /usr/src/tmp/python3-module-pymdown-extensions-buildroot/usr/lib/python3/site-packages/pymdownx/details.py
compile /usr/src/tmp/python3-module-pymdown-extensions-buildroot/usr/lib/python3/site-packages/pymdownx/emoji.py
compile /usr/src/tmp/python3-module-pymdown-extensions-buildroot/usr/lib/python3/site-packages/pymdownx/emoji1_db.py
compile /usr/src/tmp/python3-module-pymdown-extensions-buildroot/usr/lib/python3/site-packages/pymdownx/escapeall.py
compile /usr/src/tmp/python3-module-pymdown-extensions-buildroot/usr/lib/python3/site-packages/pymdownx/extra.py
compile /usr/src/tmp/python3-module-pymdown-extensions-buildroot/usr/lib/python3/site-packages/pymdownx/fancylists.py
compile /usr/src/tmp/python3-module-pymdown-extensions-buildroot/usr/lib/python3/site-packages/pymdownx/gemoji_db.py
compile /usr/src/tmp/python3-module-pymdown-extensions-buildroot/usr/lib/python3/site-packages/pymdownx/highlight.py
compile /usr/src/tmp/python3-module-pymdown-extensions-buildroot/usr/lib/python3/site-packages/pymdownx/inlinehilite.py
compile /usr/src/tmp/python3-module-pymdown-extensions-buildroot/usr/lib/python3/site-packages/pymdownx/keymap_db.py
compile /usr/src/tmp/python3-module-pymdown-extensions-buildroot/usr/lib/python3/site-packages/pymdownx/keys.py
compile /usr/src/tmp/python3-module-pymdown-extensions-buildroot/usr/lib/python3/site-packages/pymdownx/magiclink.py
compile /usr/src/tmp/python3-module-pymdown-extensions-buildroot/usr/lib/python3/site-packages/pymdownx/mark.py
compile /usr/src/tmp/python3-module-pymdown-extensions-buildroot/usr/lib/python3/site-packages/pymdownx/pathconverter.py
compile /usr/src/tmp/python3-module-pymdown-extensions-buildroot/usr/lib/python3/site-packages/pymdownx/progressbar.py
compile /usr/src/tmp/python3-module-pymdown-extensions-buildroot/usr/lib/python3/site-packages/pymdownx/saneheaders.py
compile /usr/src/tmp/python3-module-pymdown-extensions-buildroot/usr/lib/python3/site-packages/pymdownx/slugs.py
compile /usr/src/tmp/python3-module-pymdown-extensions-buildroot/usr/lib/python3/site-packages/pymdownx/smartsymbols.py
compile /usr/src/tmp/python3-module-pymdown-extensions-buildroot/usr/lib/python3/site-packages/pymdownx/snippets.py
compile /usr/src/tmp/python3-module-pymdown-extensions-buildroot/usr/lib/python3/site-packages/pymdownx/striphtml.py
compile /usr/src/tmp/python3-module-pymdown-extensions-buildroot/usr/lib/python3/site-packages/pymdownx/superfences.py
compile /usr/src/tmp/python3-module-pymdown-extensions-buildroot/usr/lib/python3/site-packages/pymdownx/tabbed.py
compile /usr/src/tmp/python3-module-pymdown-extensions-buildroot/usr/lib/python3/site-packages/pymdownx/tasklist.py
compile /usr/src/tmp/python3-module-pymdown-extensions-buildroot/usr/lib/python3/site-packages/pymdownx/tilde.py
compile /usr/src/tmp/python3-module-pymdown-extensions-buildroot/usr/lib/python3/site-packages/pymdownx/twemoji_db.py
compile /usr/src/tmp/python3-module-pymdown-extensions-buildroot/usr/lib/python3/site-packages/pymdownx/util.py
Bytecompiling python3 modules with optimization in /usr/src/tmp/python3-module-pymdown-extensions-buildroot using /usr/bin/python3 -O
compile /usr/src/tmp/python3-module-pymdown-extensions-buildroot/usr/lib/python3/site-packages/pymdownx/blocks/__init__.py
compile /usr/src/tmp/python3-module-pymdown-extensions-buildroot/usr/lib/python3/site-packages/pymdownx/blocks/admonition.py
compile /usr/src/tmp/python3-module-pymdown-extensions-buildroot/usr/lib/python3/site-packages/pymdownx/blocks/block.py
compile /usr/src/tmp/python3-module-pymdown-extensions-buildroot/usr/lib/python3/site-packages/pymdownx/blocks/caption.py
compile /usr/src/tmp/python3-module-pymdown-extensions-buildroot/usr/lib/python3/site-packages/pymdownx/blocks/definition.py
compile /usr/src/tmp/python3-module-pymdown-extensions-buildroot/usr/lib/python3/site-packages/pymdownx/blocks/details.py
compile /usr/src/tmp/python3-module-pymdown-extensions-buildroot/usr/lib/python3/site-packages/pymdownx/blocks/html.py
compile /usr/src/tmp/python3-module-pymdown-extensions-buildroot/usr/lib/python3/site-packages/pymdownx/blocks/tab.py
compile /usr/src/tmp/python3-module-pymdown-extensions-buildroot/usr/lib/python3/site-packages/pymdownx/__init__.py
compile /usr/src/tmp/python3-module-pymdown-extensions-buildroot/usr/lib/python3/site-packages/pymdownx/__meta__.py
compile /usr/src/tmp/python3-module-pymdown-extensions-buildroot/usr/lib/python3/site-packages/pymdownx/_bypassnorm.py
compile /usr/src/tmp/python3-module-pymdown-extensions-buildroot/usr/lib/python3/site-packages/pymdownx/arithmatex.py
compile /usr/src/tmp/python3-module-pymdown-extensions-buildroot/usr/lib/python3/site-packages/pymdownx/b64.py
compile /usr/src/tmp/python3-module-pymdown-extensions-buildroot/usr/lib/python3/site-packages/pymdownx/betterem.py
compile /usr/src/tmp/python3-module-pymdown-extensions-buildroot/usr/lib/python3/site-packages/pymdownx/caret.py
compile /usr/src/tmp/python3-module-pymdown-extensions-buildroot/usr/lib/python3/site-packages/pymdownx/critic.py
compile /usr/src/tmp/python3-module-pymdown-extensions-buildroot/usr/lib/python3/site-packages/pymdownx/details.py
compile /usr/src/tmp/python3-module-pymdown-extensions-buildroot/usr/lib/python3/site-packages/pymdownx/emoji.py
compile /usr/src/tmp/python3-module-pymdown-extensions-buildroot/usr/lib/python3/site-packages/pymdownx/emoji1_db.py
compile /usr/src/tmp/python3-module-pymdown-extensions-buildroot/usr/lib/python3/site-packages/pymdownx/escapeall.py
compile /usr/src/tmp/python3-module-pymdown-extensions-buildroot/usr/lib/python3/site-packages/pymdownx/extra.py
compile /usr/src/tmp/python3-module-pymdown-extensions-buildroot/usr/lib/python3/site-packages/pymdownx/fancylists.py
compile /usr/src/tmp/python3-module-pymdown-extensions-buildroot/usr/lib/python3/site-packages/pymdownx/gemoji_db.py
compile /usr/src/tmp/python3-module-pymdown-extensions-buildroot/usr/lib/python3/site-packages/pymdownx/highlight.py
compile /usr/src/tmp/python3-module-pymdown-extensions-buildroot/usr/lib/python3/site-packages/pymdownx/inlinehilite.py
compile /usr/src/tmp/python3-module-pymdown-extensions-buildroot/usr/lib/python3/site-packages/pymdownx/keymap_db.py
compile /usr/src/tmp/python3-module-pymdown-extensions-buildroot/usr/lib/python3/site-packages/pymdownx/keys.py
compile /usr/src/tmp/python3-module-pymdown-extensions-buildroot/usr/lib/python3/site-packages/pymdownx/magiclink.py
compile /usr/src/tmp/python3-module-pymdown-extensions-buildroot/usr/lib/python3/site-packages/pymdownx/mark.py
compile /usr/src/tmp/python3-module-pymdown-extensions-buildroot/usr/lib/python3/site-packages/pymdownx/pathconverter.py
compile /usr/src/tmp/python3-module-pymdown-extensions-buildroot/usr/lib/python3/site-packages/pymdownx/progressbar.py
compile /usr/src/tmp/python3-module-pymdown-extensions-buildroot/usr/lib/python3/site-packages/pymdownx/saneheaders.py
compile /usr/src/tmp/python3-module-pymdown-extensions-buildroot/usr/lib/python3/site-packages/pymdownx/slugs.py
compile /usr/src/tmp/python3-module-pymdown-extensions-buildroot/usr/lib/python3/site-packages/pymdownx/smartsymbols.py
compile /usr/src/tmp/python3-module-pymdown-extensions-buildroot/usr/lib/python3/site-packages/pymdownx/snippets.py
compile /usr/src/tmp/python3-module-pymdown-extensions-buildroot/usr/lib/python3/site-packages/pymdownx/striphtml.py
compile /usr/src/tmp/python3-module-pymdown-extensions-buildroot/usr/lib/python3/site-packages/pymdownx/superfences.py
compile /usr/src/tmp/python3-module-pymdown-extensions-buildroot/usr/lib/python3/site-packages/pymdownx/tabbed.py
compile /usr/src/tmp/python3-module-pymdown-extensions-buildroot/usr/lib/python3/site-packages/pymdownx/tasklist.py
compile /usr/src/tmp/python3-module-pymdown-extensions-buildroot/usr/lib/python3/site-packages/pymdownx/tilde.py
compile /usr/src/tmp/python3-module-pymdown-extensions-buildroot/usr/lib/python3/site-packages/pymdownx/twemoji_db.py
compile /usr/src/tmp/python3-module-pymdown-extensions-buildroot/usr/lib/python3/site-packages/pymdownx/util.py
Bytecompiling python3 modules with optimization-2 in /usr/src/tmp/python3-module-pymdown-extensions-buildroot using /usr/bin/python3 -OO
compile /usr/src/tmp/python3-module-pymdown-extensions-buildroot/usr/lib/python3/site-packages/pymdownx/blocks/__init__.py
compile /usr/src/tmp/python3-module-pymdown-extensions-buildroot/usr/lib/python3/site-packages/pymdownx/blocks/admonition.py
compile /usr/src/tmp/python3-module-pymdown-extensions-buildroot/usr/lib/python3/site-packages/pymdownx/blocks/block.py
compile /usr/src/tmp/python3-module-pymdown-extensions-buildroot/usr/lib/python3/site-packages/pymdownx/blocks/caption.py
compile /usr/src/tmp/python3-module-pymdown-extensions-buildroot/usr/lib/python3/site-packages/pymdownx/blocks/definition.py
compile /usr/src/tmp/python3-module-pymdown-extensions-buildroot/usr/lib/python3/site-packages/pymdownx/blocks/details.py
compile /usr/src/tmp/python3-module-pymdown-extensions-buildroot/usr/lib/python3/site-packages/pymdownx/blocks/html.py
compile /usr/src/tmp/python3-module-pymdown-extensions-buildroot/usr/lib/python3/site-packages/pymdownx/blocks/tab.py
compile /usr/src/tmp/python3-module-pymdown-extensions-buildroot/usr/lib/python3/site-packages/pymdownx/__init__.py
compile /usr/src/tmp/python3-module-pymdown-extensions-buildroot/usr/lib/python3/site-packages/pymdownx/__meta__.py
compile /usr/src/tmp/python3-module-pymdown-extensions-buildroot/usr/lib/python3/site-packages/pymdownx/_bypassnorm.py
compile /usr/src/tmp/python3-module-pymdown-extensions-buildroot/usr/lib/python3/site-packages/pymdownx/arithmatex.py
compile /usr/src/tmp/python3-module-pymdown-extensions-buildroot/usr/lib/python3/site-packages/pymdownx/b64.py
compile /usr/src/tmp/python3-module-pymdown-extensions-buildroot/usr/lib/python3/site-packages/pymdownx/betterem.py
compile /usr/src/tmp/python3-module-pymdown-extensions-buildroot/usr/lib/python3/site-packages/pymdownx/caret.py
compile /usr/src/tmp/python3-module-pymdown-extensions-buildroot/usr/lib/python3/site-packages/pymdownx/critic.py
compile /usr/src/tmp/python3-module-pymdown-extensions-buildroot/usr/lib/python3/site-packages/pymdownx/details.py
compile /usr/src/tmp/python3-module-pymdown-extensions-buildroot/usr/lib/python3/site-packages/pymdownx/emoji.py
compile /usr/src/tmp/python3-module-pymdown-extensions-buildroot/usr/lib/python3/site-packages/pymdownx/emoji1_db.py
compile /usr/src/tmp/python3-module-pymdown-extensions-buildroot/usr/lib/python3/site-packages/pymdownx/escapeall.py
compile /usr/src/tmp/python3-module-pymdown-extensions-buildroot/usr/lib/python3/site-packages/pymdownx/extra.py
compile /usr/src/tmp/python3-module-pymdown-extensions-buildroot/usr/lib/python3/site-packages/pymdownx/fancylists.py
compile /usr/src/tmp/python3-module-pymdown-extensions-buildroot/usr/lib/python3/site-packages/pymdownx/gemoji_db.py
compile /usr/src/tmp/python3-module-pymdown-extensions-buildroot/usr/lib/python3/site-packages/pymdownx/highlight.py
compile /usr/src/tmp/python3-module-pymdown-extensions-buildroot/usr/lib/python3/site-packages/pymdownx/inlinehilite.py
compile /usr/src/tmp/python3-module-pymdown-extensions-buildroot/usr/lib/python3/site-packages/pymdownx/keymap_db.py
compile /usr/src/tmp/python3-module-pymdown-extensions-buildroot/usr/lib/python3/site-packages/pymdownx/keys.py
compile /usr/src/tmp/python3-module-pymdown-extensions-buildroot/usr/lib/python3/site-packages/pymdownx/magiclink.py
compile /usr/src/tmp/python3-module-pymdown-extensions-buildroot/usr/lib/python3/site-packages/pymdownx/mark.py
compile /usr/src/tmp/python3-module-pymdown-extensions-buildroot/usr/lib/python3/site-packages/pymdownx/pathconverter.py
compile /usr/src/tmp/python3-module-pymdown-extensions-buildroot/usr/lib/python3/site-packages/pymdownx/progressbar.py
compile /usr/src/tmp/python3-module-pymdown-extensions-buildroot/usr/lib/python3/site-packages/pymdownx/saneheaders.py
compile /usr/src/tmp/python3-module-pymdown-extensions-buildroot/usr/lib/python3/site-packages/pymdownx/slugs.py
compile /usr/src/tmp/python3-module-pymdown-extensions-buildroot/usr/lib/python3/site-packages/pymdownx/smartsymbols.py
compile /usr/src/tmp/python3-module-pymdown-extensions-buildroot/usr/lib/python3/site-packages/pymdownx/snippets.py
compile /usr/src/tmp/python3-module-pymdown-extensions-buildroot/usr/lib/python3/site-packages/pymdownx/striphtml.py
compile /usr/src/tmp/python3-module-pymdown-extensions-buildroot/usr/lib/python3/site-packages/pymdownx/superfences.py
compile /usr/src/tmp/python3-module-pymdown-extensions-buildroot/usr/lib/python3/site-packages/pymdownx/tabbed.py
compile /usr/src/tmp/python3-module-pymdown-extensions-buildroot/usr/lib/python3/site-packages/pymdownx/tasklist.py
compile /usr/src/tmp/python3-module-pymdown-extensions-buildroot/usr/lib/python3/site-packages/pymdownx/tilde.py
compile /usr/src/tmp/python3-module-pymdown-extensions-buildroot/usr/lib/python3/site-packages/pymdownx/twemoji_db.py
compile /usr/src/tmp/python3-module-pymdown-extensions-buildroot/usr/lib/python3/site-packages/pymdownx/util.py
Hardlinking identical .pyc and .opt-?.pyc files
'./usr/lib/python3/site-packages/pymdownx/__pycache__/__init__.cpython-312.opt-1.pyc' => './usr/lib/python3/site-packages/pymdownx/__pycache__/__init__.cpython-312.pyc'
'./usr/lib/python3/site-packages/pymdownx/__pycache__/__meta__.cpython-312.opt-1.pyc' => './usr/lib/python3/site-packages/pymdownx/__pycache__/__meta__.cpython-312.pyc'
'./usr/lib/python3/site-packages/pymdownx/__pycache__/_bypassnorm.cpython-312.opt-1.pyc' => './usr/lib/python3/site-packages/pymdownx/__pycache__/_bypassnorm.cpython-312.pyc'
'./usr/lib/python3/site-packages/pymdownx/__pycache__/arithmatex.cpython-312.opt-1.pyc' => './usr/lib/python3/site-packages/pymdownx/__pycache__/arithmatex.cpython-312.pyc'
'./usr/lib/python3/site-packages/pymdownx/__pycache__/b64.cpython-312.opt-1.pyc' => './usr/lib/python3/site-packages/pymdownx/__pycache__/b64.cpython-312.pyc'
'./usr/lib/python3/site-packages/pymdownx/__pycache__/betterem.cpython-312.opt-1.pyc' => './usr/lib/python3/site-packages/pymdownx/__pycache__/betterem.cpython-312.pyc'
'./usr/lib/python3/site-packages/pymdownx/__pycache__/caret.cpython-312.opt-1.pyc' => './usr/lib/python3/site-packages/pymdownx/__pycache__/caret.cpython-312.pyc'
'./usr/lib/python3/site-packages/pymdownx/__pycache__/critic.cpython-312.opt-1.pyc' => './usr/lib/python3/site-packages/pymdownx/__pycache__/critic.cpython-312.pyc'
'./usr/lib/python3/site-packages/pymdownx/__pycache__/details.cpython-312.opt-1.pyc' => './usr/lib/python3/site-packages/pymdownx/__pycache__/details.cpython-312.pyc'
'./usr/lib/python3/site-packages/pymdownx/__pycache__/emoji.cpython-312.opt-1.pyc' => './usr/lib/python3/site-packages/pymdownx/__pycache__/emoji.cpython-312.pyc'
'./usr/lib/python3/site-packages/pymdownx/__pycache__/emoji1_db.cpython-312.opt-1.pyc' => './usr/lib/python3/site-packages/pymdownx/__pycache__/emoji1_db.cpython-312.pyc'
'./usr/lib/python3/site-packages/pymdownx/__pycache__/escapeall.cpython-312.opt-1.pyc' => './usr/lib/python3/site-packages/pymdownx/__pycache__/escapeall.cpython-312.pyc'
'./usr/lib/python3/site-packages/pymdownx/__pycache__/extra.cpython-312.opt-1.pyc' => './usr/lib/python3/site-packages/pymdownx/__pycache__/extra.cpython-312.pyc'
'./usr/lib/python3/site-packages/pymdownx/__pycache__/fancylists.cpython-312.opt-1.pyc' => './usr/lib/python3/site-packages/pymdownx/__pycache__/fancylists.cpython-312.pyc'
'./usr/lib/python3/site-packages/pymdownx/__pycache__/gemoji_db.cpython-312.opt-1.pyc' => './usr/lib/python3/site-packages/pymdownx/__pycache__/gemoji_db.cpython-312.pyc'
'./usr/lib/python3/site-packages/pymdownx/__pycache__/highlight.cpython-312.opt-1.pyc' => './usr/lib/python3/site-packages/pymdownx/__pycache__/highlight.cpython-312.pyc'
'./usr/lib/python3/site-packages/pymdownx/__pycache__/inlinehilite.cpython-312.opt-1.pyc' => './usr/lib/python3/site-packages/pymdownx/__pycache__/inlinehilite.cpython-312.pyc'
'./usr/lib/python3/site-packages/pymdownx/__pycache__/keymap_db.cpython-312.opt-1.pyc' => './usr/lib/python3/site-packages/pymdownx/__pycache__/keymap_db.cpython-312.pyc'
'./usr/lib/python3/site-packages/pymdownx/__pycache__/keys.cpython-312.opt-1.pyc' => './usr/lib/python3/site-packages/pymdownx/__pycache__/keys.cpython-312.pyc'
'./usr/lib/python3/site-packages/pymdownx/__pycache__/magiclink.cpython-312.opt-1.pyc' => './usr/lib/python3/site-packages/pymdownx/__pycache__/magiclink.cpython-312.pyc'
'./usr/lib/python3/site-packages/pymdownx/__pycache__/mark.cpython-312.opt-1.pyc' => './usr/lib/python3/site-packages/pymdownx/__pycache__/mark.cpython-312.pyc'
'./usr/lib/python3/site-packages/pymdownx/__pycache__/pathconverter.cpython-312.opt-1.pyc' => './usr/lib/python3/site-packages/pymdownx/__pycache__/pathconverter.cpython-312.pyc'
'./usr/lib/python3/site-packages/pymdownx/__pycache__/progressbar.cpython-312.opt-1.pyc' => './usr/lib/python3/site-packages/pymdownx/__pycache__/progressbar.cpython-312.pyc'
'./usr/lib/python3/site-packages/pymdownx/__pycache__/saneheaders.cpython-312.opt-1.pyc' => './usr/lib/python3/site-packages/pymdownx/__pycache__/saneheaders.cpython-312.pyc'
'./usr/lib/python3/site-packages/pymdownx/__pycache__/slugs.cpython-312.opt-1.pyc' => './usr/lib/python3/site-packages/pymdownx/__pycache__/slugs.cpython-312.pyc'
'./usr/lib/python3/site-packages/pymdownx/__pycache__/smartsymbols.cpython-312.opt-1.pyc' => './usr/lib/python3/site-packages/pymdownx/__pycache__/smartsymbols.cpython-312.pyc'
'./usr/lib/python3/site-packages/pymdownx/__pycache__/snippets.cpython-312.opt-1.pyc' => './usr/lib/python3/site-packages/pymdownx/__pycache__/snippets.cpython-312.pyc'
'./usr/lib/python3/site-packages/pymdownx/__pycache__/striphtml.cpython-312.opt-1.pyc' => './usr/lib/python3/site-packages/pymdownx/__pycache__/striphtml.cpython-312.pyc'
'./usr/lib/python3/site-packages/pymdownx/__pycache__/superfences.cpython-312.opt-1.pyc' => './usr/lib/python3/site-packages/pymdownx/__pycache__/superfences.cpython-312.pyc'
'./usr/lib/python3/site-packages/pymdownx/__pycache__/tabbed.cpython-312.opt-1.pyc' => './usr/lib/python3/site-packages/pymdownx/__pycache__/tabbed.cpython-312.pyc'
'./usr/lib/python3/site-packages/pymdownx/__pycache__/tasklist.cpython-312.opt-1.pyc' => './usr/lib/python3/site-packages/pymdownx/__pycache__/tasklist.cpython-312.pyc'
'./usr/lib/python3/site-packages/pymdownx/__pycache__/tilde.cpython-312.opt-1.pyc' => './usr/lib/python3/site-packages/pymdownx/__pycache__/tilde.cpython-312.pyc'
'./usr/lib/python3/site-packages/pymdownx/__pycache__/twemoji_db.cpython-312.opt-1.pyc' => './usr/lib/python3/site-packages/pymdownx/__pycache__/twemoji_db.cpython-312.pyc'
'./usr/lib/python3/site-packages/pymdownx/__pycache__/util.cpython-312.opt-1.pyc' => './usr/lib/python3/site-packages/pymdownx/__pycache__/util.cpython-312.pyc'
'./usr/lib/python3/site-packages/pymdownx/blocks/__pycache__/__init__.cpython-312.opt-1.pyc' => './usr/lib/python3/site-packages/pymdownx/blocks/__pycache__/__init__.cpython-312.pyc'
'./usr/lib/python3/site-packages/pymdownx/blocks/__pycache__/admonition.cpython-312.opt-1.pyc' => './usr/lib/python3/site-packages/pymdownx/blocks/__pycache__/admonition.cpython-312.pyc'
'./usr/lib/python3/site-packages/pymdownx/blocks/__pycache__/block.cpython-312.opt-1.pyc' => './usr/lib/python3/site-packages/pymdownx/blocks/__pycache__/block.cpython-312.pyc'
'./usr/lib/python3/site-packages/pymdownx/blocks/__pycache__/caption.cpython-312.opt-1.pyc' => './usr/lib/python3/site-packages/pymdownx/blocks/__pycache__/caption.cpython-312.pyc'
'./usr/lib/python3/site-packages/pymdownx/blocks/__pycache__/definition.cpython-312.opt-1.pyc' => './usr/lib/python3/site-packages/pymdownx/blocks/__pycache__/definition.cpython-312.pyc'
'./usr/lib/python3/site-packages/pymdownx/blocks/__pycache__/details.cpython-312.opt-1.pyc' => './usr/lib/python3/site-packages/pymdownx/blocks/__pycache__/details.cpython-312.pyc'
'./usr/lib/python3/site-packages/pymdownx/blocks/__pycache__/html.cpython-312.opt-1.pyc' => './usr/lib/python3/site-packages/pymdownx/blocks/__pycache__/html.cpython-312.pyc'
'./usr/lib/python3/site-packages/pymdownx/blocks/__pycache__/tab.cpython-312.opt-1.pyc' => './usr/lib/python3/site-packages/pymdownx/blocks/__pycache__/tab.cpython-312.pyc'
Executing(%check): /bin/sh -e /usr/src/tmp/rpm-tmp.98485
+ umask 022
+ /bin/mkdir -p /usr/src/RPM/BUILD
+ cd /usr/src/RPM/BUILD
+ cd python3-module-pymdown-extensions-10.14.3
+ export 'CFLAGS=-pipe -frecord-gcc-switches -Wall -g -O2 -flto=auto'
+ CFLAGS='-pipe -frecord-gcc-switches -Wall -g -O2 -flto=auto'
+ export 'CXXFLAGS=-pipe -frecord-gcc-switches -Wall -g -O2 -flto=auto'
+ CXXFLAGS='-pipe -frecord-gcc-switches -Wall -g -O2 -flto=auto'
+ export 'FFLAGS=-pipe -frecord-gcc-switches -Wall -g -O2 -flto=auto'
+ FFLAGS='-pipe -frecord-gcc-switches -Wall -g -O2 -flto=auto'
+ export NO_INTERNET=YES
+ NO_INTERNET=YES
+ /usr/bin/python3 -m pyproject_installer run -- python3 -m pytest -vra
INFO     : Creating venv
INFO     : Installing console scripts
INFO     : Installing package: /usr/src/RPM/BUILD/python3-module-pymdown-extensions-10.14.3/dist/pymdown_extensions-10.14.3-py3-none-any.whl
INFO     : Running command: ['/usr/src/RPM/BUILD/python3-module-pymdown-extensions-10.14.3/.run_venv/bin/python3', '-m', 'pyproject_installer', 'install', '/usr/src/RPM/BUILD/python3-module-pymdown-extensions-10.14.3/dist/pymdown_extensions-10.14.3-py3-none-any.whl']
INFO     : Running command: ['python3', '-m', 'pytest', '-vra']
============================= test session starts ==============================
platform linux -- Python 3.12.10, pytest-8.3.5, pluggy-1.5.0 -- /usr/src/RPM/BUILD/python3-module-pymdown-extensions-10.14.3/.run_venv/bin/python3
cachedir: .pytest_cache
rootdir: /usr/src/RPM/BUILD/python3-module-pymdown-extensions-10.14.3
configfile: pyproject.toml
collecting ... collected 690 items

tests/test_extensions/test_arithmatex.py::TestArithmatexLimit::test_round_only PASSED [  0%]
tests/test_extensions/test_arithmatex.py::TestArithmatexLimit::test_square_only PASSED [  0%]
tests/test_extensions/test_arithmatex.py::TestArithmatexBlockEscapes::test_double_escaped_bracket_block PASSED [  0%]
tests/test_extensions/test_arithmatex.py::TestArithmatexBlockEscapes::test_double_escaped_dollar_block PASSED [  0%]
tests/test_extensions/test_arithmatex.py::TestArithmatexBlockEscapes::test_double_escaped_end_block PASSED [  0%]
tests/test_extensions/test_arithmatex.py::TestArithmatexBlockEscapes::test_escaped_bracket_block PASSED [  0%]
tests/test_extensions/test_arithmatex.py::TestArithmatexBlockEscapes::test_escaped_dollar_block PASSED [  1%]
tests/test_extensions/test_arithmatex.py::TestArithmatexBlockEscapes::test_escaped_dollar_dollar_block PASSED [  1%]
tests/test_extensions/test_arithmatex.py::TestArithmatexBlockEscapes::test_escaped_end_block PASSED [  1%]
tests/test_extensions/test_arithmatex.py::TestArithmatexHang::test_hang_dollar PASSED [  1%]
tests/test_extensions/test_b64.py::TestB64::test_cache_busting PASSED    [  1%]
tests/test_extensions/test_b64.py::TestB64::test_comment PASSED          [  1%]
tests/test_extensions/test_b64.py::TestB64::test_does_not_exist PASSED   [  1%]
tests/test_extensions/test_b64.py::TestB64::test_in_script PASSED        [  2%]
tests/test_extensions/test_b64.py::TestB64::test_relative_path PASSED    [  2%]
tests/test_extensions/test_betterem.py::TestBetterNoSmart::test_complex_cases_star PASSED [  2%]
tests/test_extensions/test_betterem.py::TestBetterNoSmart::test_complex_cases_underscore PASSED [  2%]
tests/test_extensions/test_betterem.py::TestBetterNoSmart::test_complex_multple_emphasis_type PASSED [  2%]
tests/test_extensions/test_betterem.py::TestBetterNoSmart::test_complex_multple_emphasis_type_variant2 PASSED [  2%]
tests/test_extensions/test_betterem.py::TestBetterNoSmart::test_complex_multple_underscore_type PASSED [  2%]
tests/test_extensions/test_betterem.py::TestBetterNoSmart::test_complex_multple_underscore_type_variant2 PASSED [  3%]
tests/test_extensions/test_betterem.py::TestBetterSmartAll::test_complex_cases_star PASSED [  3%]
tests/test_extensions/test_betterem.py::TestBetterSmartAll::test_complex_cases_underscore PASSED [  3%]
tests/test_extensions/test_blocks/test_admonitions.py::TestBlocksAdmonitions::test_admonition PASSED [  3%]
tests/test_extensions/test_blocks/test_admonitions.py::TestBlocksAdmonitions::test_custom PASSED [  3%]
tests/test_extensions/test_blocks/test_admonitions.py::TestBlocksAdmonitions::test_custom_dict_title PASSED [  3%]
tests/test_extensions/test_blocks/test_admonitions.py::TestBlocksAdmonitions::test_custom_explicit_title PASSED [  3%]
tests/test_extensions/test_blocks/test_admonitions.py::TestBlocksAdmonitions::test_custom_title PASSED [  4%]
tests/test_extensions/test_blocks/test_admonitions.py::TestBlocksAdmonitions::test_custom_with_class PASSED [  4%]
tests/test_extensions/test_blocks/test_admonitions.py::TestBlocksAdmonitions::test_custom_with_class_and_title PASSED [  4%]
tests/test_extensions/test_blocks/test_admonitions.py::TestBlocksAdmonitions::test_note_no_title PASSED [  4%]
tests/test_extensions/test_blocks/test_admonitions.py::TestBlocksAdmonitions::test_note_with_title PASSED [  4%]
tests/test_extensions/test_blocks/test_admonitions.py::TestBlocksAdmonitions::test_optional_title PASSED [  4%]
tests/test_extensions/test_blocks/test_admonitions.py::TestBlocksAdmonitions::test_type_empty_title PASSED [  4%]
tests/test_extensions/test_blocks/test_admonitions.py::TestBlocksAdmonitions::test_type_no_title PASSED [  5%]
tests/test_extensions/test_blocks/test_captions.py::TestBlocksCaption::test_bad_header PASSED [  5%]
tests/test_extensions/test_blocks/test_captions.py::TestBlocksCaption::test_caption PASSED [  5%]
tests/test_extensions/test_blocks/test_captions.py::TestBlocksCaption::test_caption_in_figure_block PASSED [  5%]
tests/test_extensions/test_blocks/test_captions.py::TestBlocksCaption::test_caption_not_in_figure_block PASSED [  5%]
tests/test_extensions/test_blocks/test_captions.py::TestBlocksCaption::test_caption_with_markdown PASSED [  5%]
tests/test_extensions/test_blocks/test_captions.py::TestBlocksCaption::test_image_caption PASSED [  5%]
tests/test_extensions/test_blocks/test_captions.py::TestBlocksCaption::test_manual_prepend PASSED [  6%]
tests/test_extensions/test_blocks/test_captions.py::TestBlocksCaption::test_nested_caption PASSED [  6%]
tests/test_extensions/test_blocks/test_captions.py::TestBlocksCaptionClass::test_class_insertion PASSED [  6%]
tests/test_extensions/test_blocks/test_captions.py::TestBlocksCaptionClass::test_class_insertion_existing_class PASSED [  6%]
tests/test_extensions/test_blocks/test_captions.py::TestBlocksCaptionClass::test_class_insertion_existing_figure PASSED [  6%]
tests/test_extensions/test_blocks/test_captions.py::TestBlocksCaptionPrefix::test_caption PASSED [  6%]
tests/test_extensions/test_blocks/test_captions.py::TestBlocksCaptionPrefix::test_consecutive_captions PASSED [  6%]
tests/test_extensions/test_blocks/test_captions.py::TestBlocksCaptionPrefix::test_depth PASSED [  7%]
tests/test_extensions/test_blocks/test_captions.py::TestBlocksCaptionPrefix::test_empty_paragraph FAILED [  7%]
tests/test_extensions/test_blocks/test_captions.py::TestBlocksCaptionPrefix::test_inject_new_p_in_caption PASSED [  7%]
tests/test_extensions/test_blocks/test_captions.py::TestBlocksCaptionPrefix::test_manual_prepend PASSED [  7%]
tests/test_extensions/test_blocks/test_captions.py::TestBlocksCaptionPrefix::test_nested_captions PASSED [  7%]
tests/test_extensions/test_blocks/test_captions.py::TestBlocksCaptionPrefix::test_nested_consecutive_captions PASSED [  7%]
tests/test_extensions/test_blocks/test_captions.py::TestBlocksCaptionAutoPrefix::test_caption PASSED [  7%]
tests/test_extensions/test_blocks/test_captions.py::TestBlocksCaptionAutoPrefix::test_consecutive_captions PASSED [  8%]
tests/test_extensions/test_blocks/test_captions.py::TestBlocksCaptionAutoPrefix::test_depth PASSED [  8%]
tests/test_extensions/test_blocks/test_captions.py::TestBlocksCaptionAutoPrefix::test_empty_paragraph FAILED [  8%]
tests/test_extensions/test_blocks/test_captions.py::TestBlocksCaptionAutoPrefix::test_existing_fig_caption PASSED [  8%]
tests/test_extensions/test_blocks/test_captions.py::TestBlocksCaptionAutoPrefix::test_inject_new_p_in_caption PASSED [  8%]
tests/test_extensions/test_blocks/test_captions.py::TestBlocksCaptionAutoPrefix::test_manual_number PASSED [  8%]
tests/test_extensions/test_blocks/test_captions.py::TestBlocksCaptionAutoPrefix::test_manual_prepend PASSED [  8%]
tests/test_extensions/test_blocks/test_captions.py::TestBlocksCaptionAutoPrefix::test_mixed_captions PASSED [  9%]
tests/test_extensions/test_blocks/test_captions.py::TestBlocksCaptionAutoPrefix::test_nested_captions PASSED [  9%]
tests/test_extensions/test_blocks/test_captions.py::TestBlocksCaptionAutoPrefix::test_nested_captions_manual_id PASSED [  9%]
tests/test_extensions/test_blocks/test_captions.py::TestBlocksCaptionAutoPrefix::test_nested_consecutive_captions PASSED [  9%]
tests/test_extensions/test_blocks/test_captions.py::TestBlocksCaptionAutoLevel::test_caption PASSED [  9%]
tests/test_extensions/test_blocks/test_captions.py::TestBlocksCaptionAutoLevel::test_depth PASSED [  9%]
tests/test_extensions/test_blocks/test_captions.py::TestBlocksCaptionAutoLevel::test_manual_numbers PASSED [ 10%]
tests/test_extensions/test_blocks/test_captions.py::TestBlocksCaptionAutoLevel::test_nested_captions PASSED [ 10%]
tests/test_extensions/test_blocks/test_captions.py::TestBlocksCaptionAutoLevel::test_nested_consecutive_captions PASSED [ 10%]
tests/test_extensions/test_blocks/test_captions.py::TestBlocksCaptionAutoLevelPrepend::test_caption PASSED [ 10%]
tests/test_extensions/test_blocks/test_captions.py::TestBlocksCaptionAutoLevelPrepend::test_manual_prepend PASSED [ 10%]
tests/test_extensions/test_blocks/test_captions.py::TestBlocksCaptionAutoLevelPrepend::test_nested_captions PASSED [ 10%]
tests/test_extensions/test_blocks/test_captions.py::TestBlocksCaptionAutoLevelPrepend::test_nested_consecutive_captions PASSED [ 10%]
tests/test_extensions/test_blocks/test_definition.py::TestBlocksDefinition::test_def PASSED [ 11%]
tests/test_extensions/test_blocks/test_definition.py::TestBlocksDefinition::test_handling_of_dt_dd PASSED [ 11%]
tests/test_extensions/test_blocks/test_definition.py::TestBlocksDefinition::test_multi_def PASSED [ 11%]
tests/test_extensions/test_blocks/test_definition.py::TestBlocksDefinition::test_multi_term PASSED [ 11%]
tests/test_extensions/test_blocks/test_definition.py::TestBlocksDefinition::test_non_paragraph_block PASSED [ 11%]
tests/test_extensions/test_blocks/test_details.py::TestBlocksDetails::test_custom PASSED [ 11%]
tests/test_extensions/test_blocks/test_details.py::TestBlocksDetails::test_custom_dict_title PASSED [ 11%]
tests/test_extensions/test_blocks/test_details.py::TestBlocksDetails::test_custom_explicit_title PASSED [ 12%]
tests/test_extensions/test_blocks/test_details.py::TestBlocksDetails::test_custom_title PASSED [ 12%]
tests/test_extensions/test_blocks/test_details.py::TestBlocksDetails::test_custom_with_class PASSED [ 12%]
tests/test_extensions/test_blocks/test_details.py::TestBlocksDetails::test_custom_with_class_and_title PASSED [ 12%]
tests/test_extensions/test_blocks/test_details.py::TestBlocksDetails::test_details PASSED [ 12%]
tests/test_extensions/test_blocks/test_details.py::TestBlocksDetails::test_details_open PASSED [ 12%]
tests/test_extensions/test_blocks/test_details.py::TestBlocksDetails::test_optional_title PASSED [ 12%]
tests/test_extensions/test_blocks/test_details.py::TestBlocksDetails::test_type_empty_title PASSED [ 13%]
tests/test_extensions/test_blocks/test_details.py::TestBlocksDetails::test_type_no_title PASSED [ 13%]
tests/test_extensions/test_blocks/test_general_blocks.py::TestTypeFunctions::test_type_any PASSED [ 13%]
tests/test_extensions/test_blocks/test_general_blocks.py::TestTypeFunctions::test_type_boolean PASSED [ 13%]
tests/test_extensions/test_blocks/test_general_blocks.py::TestTypeFunctions::test_type_html_classes PASSED [ 13%]
tests/test_extensions/test_blocks/test_general_blocks.py::TestTypeFunctions::test_type_html_identifier PASSED [ 13%]
tests/test_extensions/test_blocks/test_general_blocks.py::TestTypeFunctions::test_type_integer PASSED [ 13%]
tests/test_extensions/test_blocks/test_general_blocks.py::TestTypeFunctions::test_type_multi PASSED [ 14%]
tests/test_extensions/test_blocks/test_general_blocks.py::TestTypeFunctions::test_type_number PASSED [ 14%]
tests/test_extensions/test_blocks/test_general_blocks.py::TestTypeFunctions::test_type_ranged_integer PASSED [ 14%]
tests/test_extensions/test_blocks/test_general_blocks.py::TestTypeFunctions::test_type_ranged_number PASSED [ 14%]
tests/test_extensions/test_blocks/test_general_blocks.py::TestTypeFunctions::test_type_string PASSED [ 14%]
tests/test_extensions/test_blocks/test_general_blocks.py::TestTypeFunctions::test_type_string_delimiter PASSED [ 14%]
tests/test_extensions/test_blocks/test_general_blocks.py::TestTypeFunctions::test_type_string_in PASSED [ 14%]
tests/test_extensions/test_blocks/test_general_blocks.py::TestTypeFunctions::test_type_string_insensitive PASSED [ 15%]
tests/test_extensions/test_blocks/test_general_blocks.py::TestTypeFunctions::test_type_ternary PASSED [ 15%]
tests/test_extensions/test_blocks/test_general_blocks.py::TestRegister::test_duplicates PASSED [ 15%]
tests/test_extensions/test_blocks/test_general_blocks.py::TestBlockUndefinedOption::test_bad_frontmatter PASSED [ 15%]
tests/test_extensions/test_blocks/test_general_blocks.py::TestBlockUndefinedOption::test_bad_frontmatter2 PASSED [ 15%]
tests/test_extensions/test_blocks/test_general_blocks.py::TestBlockUndefinedOption::test_bad_option PASSED [ 15%]
tests/test_extensions/test_blocks/test_general_blocks.py::TestBlockUndefinedOption::test_commented_frontmatter PASSED [ 15%]
tests/test_extensions/test_blocks/test_general_blocks.py::TestBlockUndefinedOption::test_no_arg PASSED [ 16%]
tests/test_extensions/test_blocks/test_general_blocks.py::TestBlockUndefinedOption::test_too_many_args PASSED [ 16%]
tests/test_extensions/test_blocks/test_general_blocks.py::TestBlockUndefinedOption::test_undefined_option PASSED [ 16%]
tests/test_extensions/test_blocks/test_general_blocks.py::TestCodeHandling::test_superfence_block PASSED [ 16%]
tests/test_extensions/test_blocks/test_general_blocks.py::TestCodeHandling::test_superfence_inline PASSED [ 16%]
tests/test_extensions/test_blocks/test_general_blocks.py::TestAttributes::test_attributes PASSED [ 16%]
tests/test_extensions/test_blocks/test_general_blocks.py::TestAttributes::test_bad_attributes PASSED [ 16%]
tests/test_extensions/test_blocks/test_general_blocks.py::TestBlocksMdInHTML::test_md_in_html_inserted_correctly PASSED [ 17%]
tests/test_extensions/test_blocks/test_general_blocks.py::TestBlocksTab::test_definition_list PASSED [ 17%]
tests/test_extensions/test_blocks/test_general_blocks.py::TestBlocksTab::test_nested_tabbed PASSED [ 17%]
tests/test_extensions/test_blocks/test_general_blocks.py::TestBlocksTab::test_tabbed_break PASSED [ 17%]
tests/test_extensions/test_blocks/test_general_blocks.py::TestBlocksTab::test_tabbed_complex_list PASSED [ 17%]
tests/test_extensions/test_blocks/test_general_blocks.py::TestBlocksTab::test_tabbed_complex_list_unindented_content PASSED [ 17%]
tests/test_extensions/test_blocks/test_general_blocks.py::TestBlocksTab::test_with_big_lists PASSED [ 17%]
tests/test_extensions/test_blocks/test_general_blocks.py::TestBlocksTab::test_with_complex_lists PASSED [ 18%]
tests/test_extensions/test_blocks/test_general_blocks.py::TestBlocksTab::test_with_details PASSED [ 18%]
tests/test_extensions/test_blocks/test_general_blocks.py::TestBlocksTab::test_with_lists PASSED [ 18%]
tests/test_extensions/test_blocks/test_general_blocks.py::TestBlocksTab::test_with_preceding_text PASSED [ 18%]
tests/test_extensions/test_blocks/test_html.py::TestBlocksHTML::test_attributes PASSED [ 18%]
tests/test_extensions/test_blocks/test_html.py::TestBlocksHTML::test_bad_attributes PASSED [ 18%]
tests/test_extensions/test_blocks/test_html.py::TestBlocksHTML::test_bad_tag PASSED [ 18%]
tests/test_extensions/test_blocks/test_html.py::TestBlocksHTML::test_custom PASSED [ 19%]
tests/test_extensions/test_blocks/test_html.py::TestBlocksHTML::test_custom_override PASSED [ 19%]
tests/test_extensions/test_blocks/test_html.py::TestBlocksHTML::test_html_and_html PASSED [ 19%]
tests/test_extensions/test_blocks/test_html.py::TestBlocksHTML::test_html_and_script PASSED [ 19%]
tests/test_extensions/test_blocks/test_html.py::TestBlocksHTML::test_html_block PASSED [ 19%]
tests/test_extensions/test_blocks/test_html.py::TestBlocksHTML::test_html_force_block PASSED [ 19%]
tests/test_extensions/test_blocks/test_html.py::TestBlocksHTML::test_html_force_span PASSED [ 20%]
tests/test_extensions/test_blocks/test_html.py::TestBlocksHTML::test_html_forced_raw_element PASSED [ 20%]
tests/test_extensions/test_blocks/test_html.py::TestBlocksHTML::test_html_raw_element PASSED [ 20%]
tests/test_extensions/test_blocks/test_html.py::TestBlocksHTML::test_html_span PASSED [ 20%]
tests/test_extensions/test_blocks/test_html.py::TestBlocksHTML::test_inline_and_md_in_html PASSED [ 20%]
tests/test_extensions/test_blocks/test_html.py::TestBlocksHTML::test_multi_class PASSED [ 20%]
tests/test_extensions/test_blocks/test_html.py::TestBlocksHTML::test_multi_class2 PASSED [ 20%]
tests/test_extensions/test_blocks/test_html.py::TestBlocksHTML::test_raw_and_md_in_html PASSED [ 21%]
tests/test_extensions/test_blocks/test_html.py::TestBlocksHTML::test_raw_empty_block PASSED [ 21%]
tests/test_extensions/test_blocks/test_html.py::TestBlocksHTML::test_required_tag PASSED [ 21%]
tests/test_extensions/test_blocks/test_legacy_tab.py::TestLegacyTabSlugs::test_tab_slugs PASSED [ 21%]
tests/test_extensions/test_blocks/test_legacy_tab.py::TestLegacyTabSlugsSep::test_slug_with_separator PASSED [ 21%]
tests/test_extensions/test_blocks/test_legacy_tab.py::TestBlocksLegacyTab::test_required_title PASSED [ 21%]
tests/test_extensions/test_blocks/test_legacy_tab.py::TestBlocksLegacyTab::test_tabbed PASSED [ 21%]
tests/test_extensions/test_blocks/test_legacy_tab.py::TestBlocksLegacyTab::test_tabbed_markdown_title PASSED [ 22%]
tests/test_extensions/test_blocks/test_legacy_tab.py::TestBlocksLegacyTab::test_tabbed_select PASSED [ 22%]
tests/test_extensions/test_blocks/test_legacy_tab.py::TestBlocksLegacyTab::test_tabbed_select_multiple PASSED [ 22%]
tests/test_extensions/test_blocks/test_legacy_tab.py::TestBlocksLegacyTab::test_tabbed_split PASSED [ 22%]
tests/test_extensions/test_blocks/test_tab.py::TestTabSlugs::test_tab_slugs PASSED [ 22%]
tests/test_extensions/test_blocks/test_tab.py::TestTabSlugsSep::test_slug_with_separator PASSED [ 22%]
tests/test_extensions/test_blocks/test_tab.py::TestTabSlugsCombineHeader::test_combine_header_slug PASSED [ 22%]
tests/test_extensions/test_blocks/test_tab.py::TestTabSlugsCombineHeader::test_header_after PASSED [ 23%]
tests/test_extensions/test_blocks/test_tab.py::TestTabSlugsCombineHeader::test_no_header PASSED [ 23%]
tests/test_extensions/test_blocks/test_tab.py::TestBlocksTab::test_required_title PASSED [ 23%]
tests/test_extensions/test_blocks/test_tab.py::TestBlocksTab::test_tabbed PASSED [ 23%]
tests/test_extensions/test_blocks/test_tab.py::TestBlocksTab::test_tabbed_markdown_title PASSED [ 23%]
tests/test_extensions/test_blocks/test_tab.py::TestBlocksTab::test_tabbed_select PASSED [ 23%]
tests/test_extensions/test_blocks/test_tab.py::TestBlocksTab::test_tabbed_select_multiple PASSED [ 23%]
tests/test_extensions/test_blocks/test_tab.py::TestBlocksTab::test_tabbed_split PASSED [ 24%]
tests/test_extensions/test_caret.py::TestCaretSmart::test_case_1 PASSED  [ 24%]
tests/test_extensions/test_caret.py::TestCaretSmart::test_case_10 PASSED [ 24%]
tests/test_extensions/test_caret.py::TestCaretSmart::test_case_11 PASSED [ 24%]
tests/test_extensions/test_caret.py::TestCaretSmart::test_case_2 PASSED  [ 24%]
tests/test_extensions/test_caret.py::TestCaretSmart::test_case_3 PASSED  [ 24%]
tests/test_extensions/test_caret.py::TestCaretSmart::test_case_4 PASSED  [ 24%]
tests/test_extensions/test_caret.py::TestCaretSmart::test_case_5 PASSED  [ 25%]
tests/test_extensions/test_caret.py::TestCaretSmart::test_case_6 PASSED  [ 25%]
tests/test_extensions/test_caret.py::TestCaretSmart::test_case_7 PASSED  [ 25%]
tests/test_extensions/test_caret.py::TestCaretSmart::test_case_8 PASSED  [ 25%]
tests/test_extensions/test_caret.py::TestCaretSmart::test_case_9 PASSED  [ 25%]
tests/test_extensions/test_caret.py::TestCaretSmart::test_complex_cases PASSED [ 25%]
tests/test_extensions/test_caret.py::TestCaretNoSmart::test_case_1 PASSED [ 25%]
tests/test_extensions/test_caret.py::TestCaretNoSmart::test_case_10 PASSED [ 26%]
tests/test_extensions/test_caret.py::TestCaretNoSmart::test_case_2 PASSED [ 26%]
tests/test_extensions/test_caret.py::TestCaretNoSmart::test_case_3 PASSED [ 26%]
tests/test_extensions/test_caret.py::TestCaretNoSmart::test_case_4 PASSED [ 26%]
tests/test_extensions/test_caret.py::TestCaretNoSmart::test_case_5 PASSED [ 26%]
tests/test_extensions/test_caret.py::TestCaretNoSmart::test_case_6 PASSED [ 26%]
tests/test_extensions/test_caret.py::TestCaretNoSmart::test_case_7 PASSED [ 26%]
tests/test_extensions/test_caret.py::TestCaretNoSmart::test_case_8 PASSED [ 27%]
tests/test_extensions/test_caret.py::TestCaretNoSmart::test_case_9 PASSED [ 27%]
tests/test_extensions/test_caret.py::TestCaretNoSmart::test_complex_cases PASSED [ 27%]
tests/test_extensions/test_details.py::TestDetails::test_class PASSED    [ 27%]
tests/test_extensions/test_details.py::TestDetails::test_content_after PASSED [ 27%]
tests/test_extensions/test_details.py::TestDetails::test_definition_list PASSED [ 27%]
tests/test_extensions/test_details.py::TestDetails::test_details_complex_list PASSED [ 27%]
tests/test_extensions/test_details.py::TestDetails::test_details_complex_list_unindentd_content PASSED [ 28%]
tests/test_extensions/test_details.py::TestDetails::test_multiple_classes PASSED [ 28%]
tests/test_extensions/test_details.py::TestDetails::test_nested PASSED   [ 28%]
tests/test_extensions/test_details.py::TestDetails::test_only_class PASSED [ 28%]
tests/test_extensions/test_details.py::TestDetails::test_only_multiple_classes PASSED [ 28%]
tests/test_extensions/test_details.py::TestDetails::test_relaxed_spacing PASSED [ 28%]
tests/test_extensions/test_details.py::TestDetails::test_relaxed_spacing_no_title PASSED [ 28%]
tests/test_extensions/test_details.py::TestDetails::test_with_big_lists PASSED [ 29%]
tests/test_extensions/test_details.py::TestDetails::test_with_complex_lists PASSED [ 29%]
tests/test_extensions/test_details.py::TestDetails::test_with_lists PASSED [ 29%]
tests/test_extensions/test_details.py::TestDetails::test_with_preceding_text PASSED [ 29%]
tests/test_extensions/test_emoji.py::TestEmojiOldIndex::test_old_index PASSED [ 29%]
tests/test_extensions/test_emoji.py::TestEmojiNewIndex::test_new_index PASSED [ 29%]
tests/test_extensions/test_emoji.py::TestEmojiStrict::test_strict PASSED [ 30%]
tests/test_extensions/test_escapeall.py::TestEscapeAll::test_html_special_char_amp PASSED [ 30%]
tests/test_extensions/test_escapeall.py::TestEscapeAll::test_html_special_char_gt PASSED [ 30%]
tests/test_extensions/test_escapeall.py::TestEscapeAll::test_html_special_char_lt PASSED [ 30%]
tests/test_extensions/test_escapeall.py::TestEscapeAll::test_normal_escape PASSED [ 30%]
tests/test_extensions/test_fancylists.py::TestFancyLists::test_alpha PASSED [ 30%]
tests/test_extensions/test_fancylists.py::TestFancyLists::test_alpha_mitigation PASSED [ 30%]
tests/test_extensions/test_fancylists.py::TestFancyLists::test_alpha_mitigation_complex PASSED [ 31%]
tests/test_extensions/test_fancylists.py::TestFancyLists::test_alpha_mitigation_generic PASSED [ 31%]
tests/test_extensions/test_fancylists.py::TestFancyLists::test_alpha_mitigation_generic_no_start PASSED [ 31%]
tests/test_extensions/test_fancylists.py::TestFancyLists::test_alpha_mitigation_start PASSED [ 31%]
tests/test_extensions/test_fancylists.py::TestFancyLists::test_alpha_mitigation_switch PASSED [ 31%]
tests/test_extensions/test_fancylists.py::TestFancyLists::test_alpha_mitigation_ul_ignored PASSED [ 31%]
tests/test_extensions/test_fancylists.py::TestFancyLists::test_alpha_paren PASSED [ 31%]
tests/test_extensions/test_fancylists.py::TestFancyLists::test_alpha_two_spaces PASSED [ 32%]
tests/test_extensions/test_fancylists.py::TestFancyLists::test_alpha_upper PASSED [ 32%]
tests/test_extensions/test_fancylists.py::TestFancyLists::test_alpha_upper_paren PASSED [ 32%]
tests/test_extensions/test_fancylists.py::TestFancyLists::test_bad_roman PASSED [ 32%]
tests/test_extensions/test_fancylists.py::TestFancyLists::test_fail_case PASSED [ 32%]
tests/test_extensions/test_fancylists.py::TestFancyLists::test_header_case PASSED [ 32%]
tests/test_extensions/test_fancylists.py::TestFancyLists::test_indented_content PASSED [ 32%]
tests/test_extensions/test_fancylists.py::TestFancyLists::test_list_nested_same_line PASSED [ 33%]
tests/test_extensions/test_fancylists.py::TestFancyLists::test_mitigation_bad_type PASSED [ 33%]
tests/test_extensions/test_fancylists.py::TestFancyLists::test_mitigation_no_force_alpha PASSED [ 33%]
tests/test_extensions/test_fancylists.py::TestFancyLists::test_mitigation_no_type PASSED [ 33%]
tests/test_extensions/test_fancylists.py::TestFancyLists::test_mitigation_only_start PASSED [ 33%]
tests/test_extensions/test_fancylists.py::TestFancyLists::test_mixed_nesting_case PASSED [ 33%]
tests/test_extensions/test_fancylists.py::TestFancyLists::test_ordered PASSED [ 33%]
tests/test_extensions/test_fancylists.py::TestFancyLists::test_ordered_generic PASSED [ 34%]
tests/test_extensions/test_fancylists.py::TestFancyLists::test_ordered_generic_inherit PASSED [ 34%]
tests/test_extensions/test_fancylists.py::TestFancyLists::test_ordered_generic_inherit_no_change PASSED [ 34%]
tests/test_extensions/test_fancylists.py::TestFancyLists::test_ordered_generic_paren PASSED [ 34%]
tests/test_extensions/test_fancylists.py::TestFancyLists::test_ordered_generic_switch PASSED [ 34%]
tests/test_extensions/test_fancylists.py::TestFancyLists::test_ordered_paren PASSED [ 34%]
tests/test_extensions/test_fancylists.py::TestFancyLists::test_roman PASSED [ 34%]
tests/test_extensions/test_fancylists.py::TestFancyLists::test_roman_alpha PASSED [ 35%]
tests/test_extensions/test_fancylists.py::TestFancyLists::test_roman_mitigation PASSED [ 35%]
tests/test_extensions/test_fancylists.py::TestFancyLists::test_roman_paren PASSED [ 35%]
tests/test_extensions/test_fancylists.py::TestFancyLists::test_roman_relaxed PASSED [ 35%]
tests/test_extensions/test_fancylists.py::TestFancyLists::test_roman_start PASSED [ 35%]
tests/test_extensions/test_fancylists.py::TestFancyLists::test_roman_two_spaces PASSED [ 35%]
tests/test_extensions/test_fancylists.py::TestFancyLists::test_roman_upper PASSED [ 35%]
tests/test_extensions/test_fancylists.py::TestFancyLists::test_roman_upper_paren PASSED [ 36%]
tests/test_extensions/test_fancylists.py::TestFancyLists::test_tight_loose_mix PASSED [ 36%]
tests/test_extensions/test_fancylists.py::TestFancyLists::test_unindented_content PASSED [ 36%]
tests/test_extensions/test_fancylists.py::TestFancyLists::test_unordered PASSED [ 36%]
tests/test_extensions/test_fancylists.py::TestFancyListsStyle::test_inject_style PASSED [ 36%]
tests/test_extensions/test_fancylists.py::TestFancyListsStyle::test_inject_style_force PASSED [ 36%]
tests/test_extensions/test_fancylists.py::TestFancyListsClass::test_inject_class PASSED [ 36%]
tests/test_extensions/test_fancylists.py::TestFancyListsClass::test_inject_class_force PASSED [ 37%]
tests/test_extensions/test_fancylists.py::TestFancyListsDisableAlpha::test_no_alpha PASSED [ 37%]
tests/test_extensions/test_fancylists.py::TestFancyListsDisableAlpha::test_no_alpha_force PASSED [ 37%]
tests/test_extensions/test_fancylists.py::TestFancyListsDisableRoman::test_no_roman PASSED [ 37%]
tests/test_extensions/test_fancylists.py::TestFancyListsDisableRoman::test_no_roman_force PASSED [ 37%]
tests/test_extensions/test_highlight.py::TestHighlightGuess::test_guess PASSED [ 37%]
tests/test_extensions/test_highlight.py::TestHighlightGuessBlock::test_guess_block PASSED [ 37%]
tests/test_extensions/test_highlight.py::TestHighlightGuessBlock::test_no_guess_inline PASSED [ 38%]
tests/test_extensions/test_highlight.py::TestHighlightAutoTitle::test_auto_tile PASSED [ 38%]
tests/test_extensions/test_highlight.py::TestHighlightAutoTitleMap::test_auto_tile_map PASSED [ 38%]
tests/test_extensions/test_highlight.py::TestHighlightInline::test_pymdownx_inline PASSED [ 38%]
tests/test_extensions/test_highlight.py::TestNoClass::test_no_class PASSED [ 38%]
tests/test_extensions/test_highlight.py::TestNoClass::test_no_class_and_user_class PASSED [ 38%]
tests/test_extensions/test_highlight.py::TestNoClass::test_no_class_and_user_class_linenums PASSED [ 38%]
tests/test_extensions/test_highlight.py::TestNoClassNoPygments::test_no_class_no_pygments PASSED [ 39%]
tests/test_extensions/test_highlight.py::TestCustomLangPrefixNoPygments::test_custom_prefix_no_pygments PASSED [ 39%]
tests/test_extensions/test_highlight.py::TestCustomLangPrefixNoPygments::test_custom_prefix_no_pygments_inline PASSED [ 39%]
tests/test_extensions/test_highlight.py::TestNoPygments::test_no_pygments PASSED [ 39%]
tests/test_extensions/test_highlight.py::TestNoPygments::test_no_pygments_extraneous_new_lines PASSED [ 39%]
tests/test_extensions/test_highlight.py::TestNoPygments::test_no_pygments_linenums PASSED [ 39%]
tests/test_extensions/test_highlight.py::TestNoPygmentsCustomLineClass::test_no_pygments_linenums_custom_class PASSED [ 40%]
tests/test_extensions/test_highlight.py::TestNoPygmentsCustomLineClass::test_no_pygments_linenums_custom_class_fences PASSED [ 40%]
tests/test_extensions/test_highlight.py::TestHighlightSpecial::test_special PASSED [ 40%]
tests/test_extensions/test_highlight.py::TestHighlightSpecial::test_special_override PASSED [ 40%]
tests/test_extensions/test_highlight.py::TestDisabledLinenums::test_global_disable PASSED [ 40%]
tests/test_extensions/test_highlight.py::TestDisabledLinenumsNoPygments::test_global_disable PASSED [ 40%]
tests/test_extensions/test_highlight.py::TestGlobalLinenums::test_global_disabling_of_line_numbers PASSED [ 40%]
tests/test_extensions/test_highlight.py::TestGlobalLinenums::test_global_line_numbers PASSED [ 41%]
tests/test_extensions/test_highlight.py::TestPygmentsLangClass::test_inlinehilite PASSED [ 41%]
tests/test_extensions/test_highlight.py::TestPygmentsLangClass::test_superfences PASSED [ 41%]
tests/test_extensions/test_highlight.py::TestExtendedLang::test_extended_lang_case PASSED [ 41%]
tests/test_extensions/test_highlight.py::TestExtendedLang::test_extended_lang_inlinehilite PASSED [ 41%]
tests/test_extensions/test_highlight.py::TestExtendedLang::test_extended_lang_superfences PASSED [ 41%]
tests/test_extensions/test_highlight.py::TestDefaultLang::test_default_block PASSED [ 41%]
tests/test_extensions/test_highlight.py::TestDefaultLangInline::test_default_inline PASSED [ 42%]
tests/test_extensions/test_inlinehilite.py::TestInlineHilite::test_attributes PASSED [ 42%]
tests/test_extensions/test_inlinehilite.py::TestInlineHilite::test_escape PASSED [ 42%]
tests/test_extensions/test_inlinehilite.py::TestInlineHilite::test_language PASSED [ 42%]
tests/test_extensions/test_inlinehilite.py::TestInlineHilitePlainText::test_unstyled_plaintext PASSED [ 42%]
tests/test_extensions/test_inlinehilite.py::TestInlineHiliteNoClass::test_no_class PASSED [ 42%]
tests/test_extensions/test_inlinehilite.py::TestInlineHiliteNoClassNoPygments::test_no_class_no_pygments PASSED [ 42%]
tests/test_extensions/test_inlinehilite.py::TestInlineHiliteNoPygments::test_no_pygments PASSED [ 43%]
tests/test_extensions/test_inlinehilite.py::TestInlineHiliteGuess::test_guessing PASSED [ 43%]
tests/test_extensions/test_inlinehilite.py::TestInlineHiliteGuessInline::test_guessing_inline PASSED [ 43%]
tests/test_extensions/test_inlinehilite.py::TestInlineHiliteGuessInline::test_no_guessing_block PASSED [ 43%]
tests/test_extensions/test_inlinehilite.py::TestInlineHiliteCodeHilite::test_codehilite PASSED [ 43%]
tests/test_extensions/test_inlinehilite.py::TestInlineHiliteCustom1::test_arithmatex PASSED [ 43%]
tests/test_extensions/test_inlinehilite.py::TestLegacyInlineHiliteCustom1::test_legacy_arithmatex PASSED [ 43%]
tests/test_extensions/test_inlinehilite.py::TestInlineHiliteCustom2::test_preview_arithmatex PASSED [ 44%]
tests/test_extensions/test_inlinehilite.py::TestLegacyInlineHiliteCustom2::test_legacy_preview_arithmatex PASSED [ 44%]
tests/test_extensions/test_inlinehilite.py::TestInlineHiliteCustom3::test_arithmatex_generic PASSED [ 44%]
tests/test_extensions/test_inlinehilite.py::TestLegacyInlineHiliteCustom3::test_legacy_arithmatex_generic PASSED [ 44%]
tests/test_extensions/test_inlinehilite.py::TestInlineHiliteCustom4::test_custom PASSED [ 44%]
tests/test_extensions/test_inlinehilite.py::TestInlineHiliteCustom5::test_custom PASSED [ 44%]
tests/test_extensions/test_inlinehilite.py::TestInlineHiliteCustomBrokenFormatter::test_broken PASSED [ 44%]
tests/test_extensions/test_inlinehilite.py::TestInlineHiliteCustomBrokenFormatterFail::test_broken PASSED [ 45%]
tests/test_extensions/test_keys.py::TestKeys::test_avoid_base64 PASSED   [ 45%]
tests/test_extensions/test_legacy_slugs.py::TestUslugify::test_slug PASSED [ 45%]
tests/test_extensions/test_legacy_slugs.py::TestUslugifyEncoded::test_slug PASSED [ 45%]
tests/test_extensions/test_legacy_slugs.py::TestUslugifyCased::test_slug PASSED [ 45%]
tests/test_extensions/test_legacy_slugs.py::TestUslugifyCasedEncoded::test_slug PASSED [ 45%]
tests/test_extensions/test_legacy_slugs.py::TestGFM::test_slug PASSED    [ 45%]
tests/test_extensions/test_legacy_slugs.py::TestGFMEncoded::test_slug PASSED [ 46%]
tests/test_extensions/test_magiclink.py::TestMagicLinkShortner::test_discuss PASSED [ 46%]
tests/test_extensions/test_magiclink.py::TestMagicLinkShortner::test_excluded_user PASSED [ 46%]
tests/test_extensions/test_magiclink.py::TestMagicLinkShortner::test_excluded_user_repo PASSED [ 46%]
tests/test_extensions/test_magiclink.py::TestMagicLinkShortner::test_no_social PASSED [ 46%]
tests/test_extensions/test_magiclink.py::TestMagicLinkShortner::test_repo PASSED [ 46%]
tests/test_extensions/test_magiclink.py::TestMagicLinkShortner::test_user PASSED [ 46%]
tests/test_extensions/test_magiclink.py::TestMagicLinkShorthand::test_bad_discss PASSED [ 47%]
tests/test_extensions/test_magiclink.py::TestMagicLinkShorthand::test_discuss PASSED [ 47%]
tests/test_extensions/test_magiclink.py::TestMagicLinkExternalShorthand::test_bad_discss PASSED [ 47%]
tests/test_extensions/test_magiclink.py::TestMagicLinkShortnerSocial::test_excluded PASSED [ 47%]
tests/test_extensions/test_magiclink.py::TestMagicLinkShortnerSocial::test_no_repo PASSED [ 47%]
tests/test_extensions/test_magiclink.py::TestMagicLinkShortnerSocial::test_user PASSED [ 47%]
tests/test_extensions/test_magiclink.py::TestMagicLinkCustom::test_bad_name PASSED [ 47%]
tests/test_extensions/test_magiclink.py::TestMagicLinkCustom::test_commit_link PASSED [ 48%]
tests/test_extensions/test_magiclink.py::TestMagicLinkCustom::test_compare_link PASSED [ 48%]
tests/test_extensions/test_magiclink.py::TestMagicLinkCustom::test_default_commit PASSED [ 48%]
tests/test_extensions/test_magiclink.py::TestMagicLinkCustom::test_default_compare PASSED [ 48%]
tests/test_extensions/test_magiclink.py::TestMagicLinkCustom::test_default_discussion PASSED [ 48%]
tests/test_extensions/test_magiclink.py::TestMagicLinkCustom::test_default_issue PASSED [ 48%]
tests/test_extensions/test_magiclink.py::TestMagicLinkCustom::test_default_pull PASSED [ 48%]
tests/test_extensions/test_magiclink.py::TestMagicLinkCustom::test_discussion_link PASSED [ 49%]
tests/test_extensions/test_magiclink.py::TestMagicLinkCustom::test_external_user PASSED [ 49%]
tests/test_extensions/test_magiclink.py::TestMagicLinkCustom::test_issue_link PASSED [ 49%]
tests/test_extensions/test_magiclink.py::TestMagicLinkCustom::test_pull_link PASSED [ 49%]
tests/test_extensions/test_magiclink.py::TestMagicLinkCustom::test_repo PASSED [ 49%]
tests/test_extensions/test_magiclink.py::TestMagicLinkCustom::test_repo_link PASSED [ 49%]
tests/test_extensions/test_magiclink.py::TestMagicLinkCustom::test_user PASSED [ 50%]
tests/test_extensions/test_magiclink.py::TestMagicLinkCustom::test_user_link PASSED [ 50%]
tests/test_extensions/test_magiclink.py::TestMagicLinkWarning::test_deprecated_twitter PASSED [ 50%]
tests/test_extensions/test_magiclink.py::TestMagicLinkWarning::test_deprecated_twitter_shortener PASSED [ 50%]
tests/test_extensions/test_pathconverter.py::TestRelative::test_comment PASSED [ 50%]
tests/test_extensions/test_pathconverter.py::TestRelative::test_file_root PASSED [ 50%]
tests/test_extensions/test_pathconverter.py::TestRelative::test_file_win_file_path_root PASSED [ 50%]
tests/test_extensions/test_pathconverter.py::TestRelative::test_fragment PASSED [ 51%]
tests/test_extensions/test_pathconverter.py::TestRelative::test_in_script PASSED [ 51%]
tests/test_extensions/test_pathconverter.py::TestRelative::test_mail PASSED [ 51%]
tests/test_extensions/test_pathconverter.py::TestRelative::test_network_path PASSED [ 51%]
tests/test_extensions/test_pathconverter.py::TestRelative::test_relative_path PASSED [ 51%]
tests/test_extensions/test_pathconverter.py::TestRelative::test_root PASSED [ 51%]
tests/test_extensions/test_pathconverter.py::TestRelative::test_strange_url PASSED [ 51%]
tests/test_extensions/test_pathconverter.py::TestRelative::test_strange_url2 PASSED [ 52%]
tests/test_extensions/test_pathconverter.py::TestRelative::test_url PASSED [ 52%]
tests/test_extensions/test_pathconverter.py::TestRelative::test_win_file_path PASSED [ 52%]
tests/test_extensions/test_pathconverter.py::TestRelative::test_windows PASSED [ 52%]
tests/test_extensions/test_pathconverter.py::TestAbsolute::test_comment PASSED [ 52%]
tests/test_extensions/test_pathconverter.py::TestAbsolute::test_file_root PASSED [ 52%]
tests/test_extensions/test_pathconverter.py::TestAbsolute::test_file_win_file_path_root PASSED [ 52%]
tests/test_extensions/test_pathconverter.py::TestAbsolute::test_fragment PASSED [ 53%]
tests/test_extensions/test_pathconverter.py::TestAbsolute::test_in_script PASSED [ 53%]
tests/test_extensions/test_pathconverter.py::TestAbsolute::test_mail PASSED [ 53%]
tests/test_extensions/test_pathconverter.py::TestAbsolute::test_network_path PASSED [ 53%]
tests/test_extensions/test_pathconverter.py::TestAbsolute::test_relative_path PASSED [ 53%]
tests/test_extensions/test_pathconverter.py::TestAbsolute::test_root PASSED [ 53%]
tests/test_extensions/test_pathconverter.py::TestAbsolute::test_strange_url PASSED [ 53%]
tests/test_extensions/test_pathconverter.py::TestAbsolute::test_strange_url2 PASSED [ 54%]
tests/test_extensions/test_pathconverter.py::TestAbsolute::test_url PASSED [ 54%]
tests/test_extensions/test_pathconverter.py::TestAbsolute::test_win_file_path PASSED [ 54%]
tests/test_extensions/test_pathconverter.py::TestAbsolute::test_windows PASSED [ 54%]
tests/test_extensions/test_pathconverter.py::TestAbsoluteFileScheme::test_comment PASSED [ 54%]
tests/test_extensions/test_pathconverter.py::TestAbsoluteFileScheme::test_file_root PASSED [ 54%]
tests/test_extensions/test_pathconverter.py::TestAbsoluteFileScheme::test_file_win_file_path_root PASSED [ 54%]
tests/test_extensions/test_pathconverter.py::TestAbsoluteFileScheme::test_fragment PASSED [ 55%]
tests/test_extensions/test_pathconverter.py::TestAbsoluteFileScheme::test_in_script PASSED [ 55%]
tests/test_extensions/test_pathconverter.py::TestAbsoluteFileScheme::test_mail PASSED [ 55%]
tests/test_extensions/test_pathconverter.py::TestAbsoluteFileScheme::test_network_path PASSED [ 55%]
tests/test_extensions/test_pathconverter.py::TestAbsoluteFileScheme::test_relative_path PASSED [ 55%]
tests/test_extensions/test_pathconverter.py::TestAbsoluteFileScheme::test_root PASSED [ 55%]
tests/test_extensions/test_pathconverter.py::TestAbsoluteFileScheme::test_strange_url PASSED [ 55%]
tests/test_extensions/test_pathconverter.py::TestAbsoluteFileScheme::test_strange_url2 PASSED [ 56%]
tests/test_extensions/test_pathconverter.py::TestAbsoluteFileScheme::test_url PASSED [ 56%]
tests/test_extensions/test_pathconverter.py::TestAbsoluteFileScheme::test_win_file_path PASSED [ 56%]
tests/test_extensions/test_pathconverter.py::TestAbsoluteFileScheme::test_windows PASSED [ 56%]
tests/test_extensions/test_pathconverter.py::TestWindowsAbs::test_windows_root_conversion PASSED [ 56%]
tests/test_extensions/test_pathconverter.py::TestWindowsAbsFileScheme::test_windows_root_conversion PASSED [ 56%]
tests/test_extensions/test_pathconverter.py::TestWindowsRel::test_windows_root_conversion PASSED [ 56%]
tests/test_extensions/test_saneheaders.py::TestSaneHeadersWithMagicLink::test_header1 PASSED [ 57%]
tests/test_extensions/test_saneheaders.py::TestSaneHeadersWithMagicLink::test_header2 PASSED [ 57%]
tests/test_extensions/test_saneheaders.py::TestSaneHeadersWithMagicLink::test_header3 PASSED [ 57%]
tests/test_extensions/test_saneheaders.py::TestSaneHeadersWithMagicLink::test_header4 PASSED [ 57%]
tests/test_extensions/test_saneheaders.py::TestSaneHeadersWithMagicLink::test_header5 PASSED [ 57%]
tests/test_extensions/test_saneheaders.py::TestSaneHeadersWithMagicLink::test_header6 PASSED [ 57%]
tests/test_extensions/test_saneheaders.py::TestSaneHeadersWithMagicLink::test_header_trailing PASSED [ 57%]
tests/test_extensions/test_saneheaders.py::TestSaneHeadersWithMagicLink::test_header_with_magiclink PASSED [ 58%]
tests/test_extensions/test_saneheaders.py::TestSaneHeadersWithMagicLink::test_no_header PASSED [ 58%]
tests/test_extensions/test_saneheaders.py::TestSaneHeadersWithMagicLink::test_too_many_hashes PASSED [ 58%]
tests/test_extensions/test_slugs.py::TestUslugify::test_slug PASSED      [ 58%]
tests/test_extensions/test_slugs.py::TestUslugifyEncoded::test_slug PASSED [ 58%]
tests/test_extensions/test_slugs.py::TestUslugifyCased::test_slug PASSED [ 58%]
tests/test_extensions/test_slugs.py::TestUslugifyCasedEncoded::test_slug PASSED [ 58%]
tests/test_extensions/test_slugs.py::TestGFM::test_slug PASSED           [ 59%]
tests/test_extensions/test_slugs.py::TestGFMEncoded::test_slug PASSED    [ 59%]
tests/test_extensions/test_slugs.py::TestNormalize::test_slug PASSED     [ 59%]
tests/test_extensions/test_slugs.py::TestFold::test_slug PASSED          [ 59%]
tests/test_extensions/test_smartsymbols.py::TestSmartSymbols::test_copyright PASSED [ 59%]
tests/test_extensions/test_smartsymbols.py::TestSmartSymbols::test_double_arrow PASSED [ 59%]
tests/test_extensions/test_smartsymbols.py::TestSmartSymbols::test_fractions PASSED [ 60%]
tests/test_extensions/test_smartsymbols.py::TestSmartSymbols::test_left PASSED [ 60%]
tests/test_extensions/test_smartsymbols.py::TestSmartSymbols::test_neq PASSED [ 60%]
tests/test_extensions/test_smartsymbols.py::TestSmartSymbols::test_ordinals PASSED [ 60%]
tests/test_extensions/test_smartsymbols.py::TestSmartSymbols::test_plus_minus PASSED [ 60%]
tests/test_extensions/test_smartsymbols.py::TestSmartSymbols::test_registered PASSED [ 60%]
tests/test_extensions/test_smartsymbols.py::TestSmartSymbols::test_right PASSED [ 60%]
tests/test_extensions/test_smartsymbols.py::TestSmartSymbols::test_toc_tokens PASSED [ 61%]
tests/test_extensions/test_smartsymbols.py::TestSmartSymbols::test_trademark PASSED [ 61%]
tests/test_extensions/test_snippets.py::TestSnippetDedent::test_dedent_indented PASSED [ 61%]
tests/test_extensions/test_snippets.py::TestSnippetDedent::test_dedent_lines PASSED [ 61%]
tests/test_extensions/test_snippets.py::TestSnippetDedent::test_dedent_section PASSED [ 61%]
tests/test_extensions/test_snippets.py::TestSnippets::test_block PASSED  [ 61%]
tests/test_extensions/test_snippets.py::TestSnippets::test_end_line_block PASSED [ 61%]
tests/test_extensions/test_snippets.py::TestSnippets::test_end_line_inline PASSED [ 62%]
tests/test_extensions/test_snippets.py::TestSnippets::test_inline PASSED [ 62%]
tests/test_extensions/test_snippets.py::TestSnippets::test_mixed PASSED  [ 62%]
tests/test_extensions/test_snippets.py::TestSnippets::test_mixed_negative PASSED [ 62%]
tests/test_extensions/test_snippets.py::TestSnippets::test_negative_range PASSED [ 62%]
tests/test_extensions/test_snippets.py::TestSnippets::test_negative_single PASSED [ 62%]
tests/test_extensions/test_snippets.py::TestSnippets::test_section_block PASSED [ 62%]
tests/test_extensions/test_snippets.py::TestSnippets::test_section_block_min PASSED [ 63%]
tests/test_extensions/test_snippets.py::TestSnippets::test_section_end_first PASSED [ 63%]
tests/test_extensions/test_snippets.py::TestSnippets::test_section_ignore_double_start_section PASSED [ 63%]
tests/test_extensions/test_snippets.py::TestSnippets::test_section_inline PASSED [ 63%]
tests/test_extensions/test_snippets.py::TestSnippets::test_section_inline_escaped_other_section PASSED [ 63%]
tests/test_extensions/test_snippets.py::TestSnippets::test_section_inline_ignore_other_section PASSED [ 63%]
tests/test_extensions/test_snippets.py::TestSnippets::test_section_inline_min PASSED [ 63%]
tests/test_extensions/test_snippets.py::TestSnippets::test_section_no_end PASSED [ 64%]
tests/test_extensions/test_snippets.py::TestSnippets::test_start_1_1 PASSED [ 64%]
tests/test_extensions/test_snippets.py::TestSnippets::test_start_1_2 PASSED [ 64%]
tests/test_extensions/test_snippets.py::TestSnippets::test_start_end_line_block PASSED [ 64%]
tests/test_extensions/test_snippets.py::TestSnippets::test_start_end_line_inline PASSED [ 64%]
tests/test_extensions/test_snippets.py::TestSnippets::test_start_line_block PASSED [ 64%]
tests/test_extensions/test_snippets.py::TestSnippets::test_start_line_inline PASSED [ 64%]
tests/test_extensions/test_snippets.py::TestSnippets::test_start_multi PASSED [ 65%]
tests/test_extensions/test_snippets.py::TestSnippets::test_start_multi_hanging_comma PASSED [ 65%]
tests/test_extensions/test_snippets.py::TestSnippets::test_start_multi_no_end PASSED [ 65%]
tests/test_extensions/test_snippets.py::TestSnippets::test_start_multi_no_start PASSED [ 65%]
tests/test_extensions/test_snippets.py::TestSnippets::test_start_negative_multi PASSED [ 65%]
tests/test_extensions/test_snippets.py::TestSnippets::test_whole_file_with_sections PASSED [ 65%]
tests/test_extensions/test_snippets.py::TestSnippetsPathLike::test_inline PASSED [ 65%]
tests/test_extensions/test_snippets.py::TestSnippetsFile::test_user PASSED [ 66%]
tests/test_extensions/test_snippets.py::TestSnippetsNested::test_restricted PASSED [ 66%]
tests/test_extensions/test_snippets.py::TestSnippetsMultiNested::test_restricted_multi_nested PASSED [ 66%]
tests/test_extensions/test_snippets.py::TestSnippetsNestedUnrestricted::test_restricted PASSED [ 66%]
tests/test_extensions/test_snippets.py::TestSnippetsAutoAppend::test_auto_append PASSED [ 66%]
tests/test_extensions/test_snippets.py::TestSnippetsMissing::test_good PASSED [ 66%]
tests/test_extensions/test_snippets.py::TestSnippetsMissing::test_missing_file_lines PASSED [ 66%]
tests/test_extensions/test_snippets.py::TestSnippetsMissing::test_missing_section PASSED [ 67%]
tests/test_extensions/test_snippets.py::TestSnippetsMissing::test_nested PASSED [ 67%]
tests/test_extensions/test_snippets.py::TestSnippetsMissing::test_top_level PASSED [ 67%]
tests/test_extensions/test_snippets.py::TestSnippetsGracefulMissing::test_missing_lines PASSED [ 67%]
tests/test_extensions/test_snippets.py::TestSnippetsGracefulMissing::test_nested PASSED [ 67%]
tests/test_extensions/test_snippets.py::TestSnippetsGracefulMissing::test_top_level PASSED [ 67%]
tests/test_extensions/test_snippets.py::TestURLSnippets::test_content_length_zero PASSED [ 67%]
tests/test_extensions/test_snippets.py::TestURLSnippets::test_content_too_big_no_content_length PASSED [ 68%]
tests/test_extensions/test_snippets.py::TestURLSnippets::test_missing PASSED [ 68%]
tests/test_extensions/test_snippets.py::TestURLSnippets::test_missing_content_length PASSED [ 68%]
tests/test_extensions/test_snippets.py::TestURLSnippets::test_missing_content_length_too_big PASSED [ 68%]
tests/test_extensions/test_snippets.py::TestURLSnippets::test_url PASSED [ 68%]
tests/test_extensions/test_snippets.py::TestURLSnippets::test_url_lines PASSED [ 68%]
tests/test_extensions/test_snippets.py::TestURLSnippets::test_url_nested PASSED [ 68%]
tests/test_extensions/test_snippets.py::TestURLSnippets::test_url_nested_duplicatqe PASSED [ 69%]
tests/test_extensions/test_snippets.py::TestURLSnippets::test_url_nested_file PASSED [ 69%]
tests/test_extensions/test_snippets.py::TestURLSnippets::test_url_sections PASSED [ 69%]
tests/test_extensions/test_snippets.py::TestURLDedentSnippets::test_url_sections PASSED [ 69%]
tests/test_extensions/test_snippets.py::TestURLSnippetsNoMax::test_content_length_zero PASSED [ 69%]
tests/test_extensions/test_snippets.py::TestURLSnippetsMissing::test_missing PASSED [ 69%]
tests/test_extensions/test_striphmtl.py::TestStripHTML::test_multiple_inline PASSED [ 70%]
tests/test_extensions/test_superfences.py::TestHighlightTitle::test_title PASSED [ 70%]
tests/test_extensions/test_superfences.py::TestHighlightTitle::test_title_table PASSED [ 70%]
tests/test_extensions/test_superfences.py::TestHighlightStrip::test_no_stripnl PASSED [ 70%]
tests/test_extensions/test_superfences.py::TestHighlightAutoTitleOverride::test_auto_tile PASSED [ 70%]
tests/test_extensions/test_superfences.py::TestHighlightAutoTitleOverride::test_auto_tile_map PASSED [ 70%]
tests/test_extensions/test_superfences.py::TestHighlightLineWrapsInline::test_linespans PASSED [ 70%]
tests/test_extensions/test_superfences.py::TestHighlightLineWrapsPymdownxInline::test_linespans PASSED [ 71%]
tests/test_extensions/test_superfences.py::TestHighlightLineWrapsPymdownsTable::test_linespans PASSED [ 71%]
tests/test_extensions/test_superfences.py::TestHighlightLineAnchorsInline::test_linespans PASSED [ 71%]
tests/test_extensions/test_superfences.py::TestHighlightLineAnchorsPymdownxInline::test_linespans PASSED [ 71%]
tests/test_extensions/test_superfences.py::TestHighlightLineAnchorsPymdownsTable::test_linespans PASSED [ 71%]
tests/test_extensions/test_superfences.py::TestHighlightAnchorLinenumInline::test_linespans PASSED [ 71%]
tests/test_extensions/test_superfences.py::TestHighlightAnchorLinenumInline::test_linespans_id PASSED [ 71%]
tests/test_extensions/test_superfences.py::TestHighlightAnchorLinenumsPymdownxInline::test_linespans PASSED [ 72%]
tests/test_extensions/test_superfences.py::TestHighlightAnchorLinenumsPymdownxInline::test_linespans_id PASSED [ 72%]
tests/test_extensions/test_superfences.py::TestHighlightAnchorLinenumsPymdownsTable::test_linespans PASSED [ 72%]
tests/test_extensions/test_superfences.py::TestHighlightAnchorLinenumNameInline::test_linespans PASSED [ 72%]
tests/test_extensions/test_superfences.py::TestHighlightLines::test_highlight_in_range_only PASSED [ 72%]
tests/test_extensions/test_superfences.py::TestHighlightLines::test_highlight_out_of_range PASSED [ 72%]
tests/test_extensions/test_superfences.py::TestHighlightLines::test_highlight_range PASSED [ 72%]
tests/test_extensions/test_superfences.py::TestHighlightLines::test_nonword_boundary_language PASSED [ 73%]
tests/test_extensions/test_superfences.py::TestHighlightLines::test_omitted_language PASSED [ 73%]
tests/test_extensions/test_superfences.py::TestSuperFencesClassesIds::test_attr PASSED [ 73%]
tests/test_extensions/test_superfences.py::TestSuperFencesClassesIds::test_attrs_alternate_form PASSED [ 73%]
tests/test_extensions/test_superfences.py::TestSuperFencesClassesIds::test_classes PASSED [ 73%]
tests/test_extensions/test_superfences.py::TestSuperFencesClassesIds::test_id PASSED [ 73%]
tests/test_extensions/test_superfences.py::TestSuperFencesClassesIds::test_issue_2479 PASSED [ 73%]
tests/test_extensions/test_superfences.py::TestSuperFencesClassesIdsAttrList::test_attribute_lists_with_braces PASSED [ 74%]
tests/test_extensions/test_superfences.py::TestSuperFencesClassesIdsAttrList::test_attrs_alternate_form PASSED [ 74%]
tests/test_extensions/test_superfences.py::TestSuperFencesClassesIdsAttrList::test_bad_attr PASSED [ 74%]
tests/test_extensions/test_superfences.py::TestSuperFencesClassesIdsAttrList::test_classes PASSED [ 74%]
tests/test_extensions/test_superfences.py::TestSuperFencesClassesIdsAttrList::test_data_attr PASSED [ 74%]
tests/test_extensions/test_superfences.py::TestSuperFencesClassesIdsAttrList::test_data_attr_linenums PASSED [ 74%]
tests/test_extensions/test_superfences.py::TestSuperFencesClassesIdsAttrList::test_id PASSED [ 74%]
tests/test_extensions/test_superfences.py::TestSuperFencesClassesIdsAttrListNoPygments::test_attr PASSED [ 75%]
tests/test_extensions/test_superfences.py::TestSuperFencesClassesIdsAttrListNoPygments::test_classes PASSED [ 75%]
tests/test_extensions/test_superfences.py::TestSuperFencesClassesIdsAttrListNoPygments::test_id PASSED [ 75%]
tests/test_extensions/test_superfences.py::TestSuperFencesClassesIdsAttrListNoPygmentsOnPre::test_attr PASSED [ 75%]
tests/test_extensions/test_superfences.py::TestSuperFencesClassesIdsAttrListNoPygmentsOnPre::test_classes PASSED [ 75%]
tests/test_extensions/test_superfences.py::TestSuperFencesClassesIdsAttrListNoPygmentsOnPre::test_id PASSED [ 75%]
tests/test_extensions/test_superfences.py::TestSuperFencesBad::test_bad_option_value PASSED [ 75%]
tests/test_extensions/test_superfences.py::TestSuperFencesBad::test_bad_options PASSED [ 76%]
tests/test_extensions/test_superfences.py::TestSuperFencesCustom::test_bad_option_no_value PASSED [ 76%]
tests/test_extensions/test_superfences.py::TestSuperFencesCustom::test_bad_option_value PASSED [ 76%]
tests/test_extensions/test_superfences.py::TestSuperFencesCustom::test_bad_options PASSED [ 76%]
tests/test_extensions/test_superfences.py::TestSuperFencesCustom::test_custom_options PASSED [ 76%]
tests/test_extensions/test_superfences.py::TestSuperFencesCustom::test_custom_options_attr_list PASSED [ 76%]
tests/test_extensions/test_superfences.py::TestSuperFencesCustom::test_failure PASSED [ 76%]
tests/test_extensions/test_superfences.py::TestSuperFencesCustomException::test_custom_fail_exception PASSED [ 77%]
tests/test_extensions/test_superfences.py::TestSuperFencesCustomExceptionAttrList::test_custom_fail_exception PASSED [ 77%]
tests/test_extensions/test_superfences.py::TestSuperFencesCustomDefaultValidator::test_default_validator PASSED [ 77%]
tests/test_extensions/test_superfences.py::TestSuperFencesCustomArithmatex::test_arithmatex PASSED [ 77%]
tests/test_extensions/test_superfences.py::TestSuperFencesCustomLegacyArithmatex::test_legacy_arithmatex PASSED [ 77%]
tests/test_extensions/test_superfences.py::TestSuperFencesCustomArithmatexPreview::test_arithmatex_preview PASSED [ 77%]
tests/test_extensions/test_superfences.py::TestSuperFencesCustomLegacyArithmatexPreview::test_legacy_arithmatex_preview PASSED [ 77%]
tests/test_extensions/test_superfences.py::TestSuperFencesCustomArithmatexGeneric::test_arithmatex_generic PASSED [ 78%]
tests/test_extensions/test_superfences.py::TestSuperFencesCustomLegacyArithmatexGeneric::test_legacy_arithmatex_generic PASSED [ 78%]
tests/test_extensions/test_superfences.py::TestSuperFencesCustomDefault::test_default_override PASSED [ 78%]
tests/test_extensions/test_superfences.py::TestSuperFencesCustomBroken::test_broken PASSED [ 78%]
tests/test_extensions/test_superfences.py::TestSuperFencesCustomBroken::test_broken_blockquote PASSED [ 78%]
tests/test_extensions/test_superfences.py::TestSuperFencesCustomBrokenFail::test_custom_fail_exception PASSED [ 78%]
tests/test_extensions/test_superfences.py::TestSuperFencesCustomBrokenFail::test_custom_fail_exception_blockquote PASSED [ 78%]
tests/test_extensions/test_superfences.py::TestSuperFencesCustomValidatorBroken::test_broken PASSED [ 79%]
tests/test_extensions/test_superfences.py::TestSuperFencesCustomValidatorBroken::test_broken_brace PASSED [ 79%]
tests/test_extensions/test_tabbed.py::TestLegacyTab::test_definition_list PASSED [ 79%]
tests/test_extensions/test_tabbed.py::TestLegacyTab::test_indented_code PASSED [ 79%]
tests/test_extensions/test_tabbed.py::TestLegacyTab::test_nested_tabbed PASSED [ 79%]
tests/test_extensions/test_tabbed.py::TestLegacyTab::test_tabbed PASSED  [ 79%]
tests/test_extensions/test_tabbed.py::TestLegacyTab::test_tabbed_break PASSED [ 80%]
tests/test_extensions/test_tabbed.py::TestLegacyTab::test_tabbed_complex_list PASSED [ 80%]
tests/test_extensions/test_tabbed.py::TestLegacyTab::test_tabbed_complex_list_unindented_content PASSED [ 80%]
tests/test_extensions/test_tabbed.py::TestLegacyTab::test_tabbed_markdown_title PASSED [ 80%]
tests/test_extensions/test_tabbed.py::TestLegacyTab::test_tabbed_select PASSED [ 80%]
tests/test_extensions/test_tabbed.py::TestLegacyTab::test_tabbed_select_multiple PASSED [ 80%]
tests/test_extensions/test_tabbed.py::TestLegacyTab::test_tabbed_split PASSED [ 80%]
tests/test_extensions/test_tabbed.py::TestLegacyTab::test_with_big_lists PASSED [ 81%]
tests/test_extensions/test_tabbed.py::TestLegacyTab::test_with_complex_lists PASSED [ 81%]
tests/test_extensions/test_tabbed.py::TestLegacyTab::test_with_details PASSED [ 81%]
tests/test_extensions/test_tabbed.py::TestLegacyTab::test_with_lists PASSED [ 81%]
tests/test_extensions/test_tabbed.py::TestLegacyTab::test_with_preceding_text PASSED [ 81%]
tests/test_extensions/test_tabbed.py::TestLegacyTabSlugs::test_tab_slugs PASSED [ 81%]
tests/test_extensions/test_tabbed.py::TestLegacyTabSlugsSep::test_slug_with_separator PASSED [ 81%]
tests/test_extensions/test_tabbed.py::TestTabSlugsCombineHeader::test_combine_header_slug PASSED [ 82%]
tests/test_extensions/test_tabbed.py::TestTabSlugsCombineHeader::test_header_after PASSED [ 82%]
tests/test_extensions/test_tabbed.py::TestTabSlugsCombineHeader::test_no_header PASSED [ 82%]
tests/test_extensions/test_tabbed_alternate.py::TestTab::test_definition_list PASSED [ 82%]
tests/test_extensions/test_tabbed_alternate.py::TestTab::test_indented_code PASSED [ 82%]
tests/test_extensions/test_tabbed_alternate.py::TestTab::test_nested_tabbed PASSED [ 82%]
tests/test_extensions/test_tabbed_alternate.py::TestTab::test_tabbed PASSED [ 82%]
tests/test_extensions/test_tabbed_alternate.py::TestTab::test_tabbed_break PASSED [ 83%]
tests/test_extensions/test_tabbed_alternate.py::TestTab::test_tabbed_complex_list PASSED [ 83%]
tests/test_extensions/test_tabbed_alternate.py::TestTab::test_tabbed_complex_list_unindented_content PASSED [ 83%]
tests/test_extensions/test_tabbed_alternate.py::TestTab::test_tabbed_markdown_title PASSED [ 83%]
tests/test_extensions/test_tabbed_alternate.py::TestTab::test_tabbed_select PASSED [ 83%]
tests/test_extensions/test_tabbed_alternate.py::TestTab::test_tabbed_select_multiple PASSED [ 83%]
tests/test_extensions/test_tabbed_alternate.py::TestTab::test_tabbed_split PASSED [ 83%]
tests/test_extensions/test_tabbed_alternate.py::TestTab::test_with_big_lists PASSED [ 84%]
tests/test_extensions/test_tabbed_alternate.py::TestTab::test_with_complex_lists PASSED [ 84%]
tests/test_extensions/test_tabbed_alternate.py::TestTab::test_with_details PASSED [ 84%]
tests/test_extensions/test_tabbed_alternate.py::TestTab::test_with_lists PASSED [ 84%]
tests/test_extensions/test_tabbed_alternate.py::TestTab::test_with_preceding_text PASSED [ 84%]
tests/test_extensions/test_tabbed_alternate.py::TestLegacyTabSlugs::test_tab_slugs PASSED [ 84%]
tests/test_extensions/test_tabbed_alternate.py::TestLegacyTabSlugsSep::test_slug_with_separator PASSED [ 84%]
tests/test_extensions/test_tabbed_alternate.py::TestTabSlugsCombineHeader::test_combine_header_slug PASSED [ 85%]
tests/test_extensions/test_tabbed_alternate.py::TestTabSlugsCombineHeader::test_header_after PASSED [ 85%]
tests/test_extensions/test_tabbed_alternate.py::TestTabSlugsCombineHeader::test_no_header PASSED [ 85%]
tests/test_extensions/test_tilde.py::TestTildeSmart::test_case_1 PASSED  [ 85%]
tests/test_extensions/test_tilde.py::TestTildeSmart::test_case_10 PASSED [ 85%]
tests/test_extensions/test_tilde.py::TestTildeSmart::test_case_11 PASSED [ 85%]
tests/test_extensions/test_tilde.py::TestTildeSmart::test_case_2 PASSED  [ 85%]
tests/test_extensions/test_tilde.py::TestTildeSmart::test_case_3 PASSED  [ 86%]
tests/test_extensions/test_tilde.py::TestTildeSmart::test_case_4 PASSED  [ 86%]
tests/test_extensions/test_tilde.py::TestTildeSmart::test_case_5 PASSED  [ 86%]
tests/test_extensions/test_tilde.py::TestTildeSmart::test_case_6 PASSED  [ 86%]
tests/test_extensions/test_tilde.py::TestTildeSmart::test_case_7 PASSED  [ 86%]
tests/test_extensions/test_tilde.py::TestTildeSmart::test_case_8 PASSED  [ 86%]
tests/test_extensions/test_tilde.py::TestTildeSmart::test_case_9 PASSED  [ 86%]
tests/test_extensions/test_tilde.py::TestTildeSmart::test_complex_cases PASSED [ 87%]
tests/test_extensions/test_tilde.py::TestTildeNoSmart::test_case_1 PASSED [ 87%]
tests/test_extensions/test_tilde.py::TestTildeNoSmart::test_case_10 PASSED [ 87%]
tests/test_extensions/test_tilde.py::TestTildeNoSmart::test_case_11 PASSED [ 87%]
tests/test_extensions/test_tilde.py::TestTildeNoSmart::test_case_2 PASSED [ 87%]
tests/test_extensions/test_tilde.py::TestTildeNoSmart::test_case_3 PASSED [ 87%]
tests/test_extensions/test_tilde.py::TestTildeNoSmart::test_case_4 PASSED [ 87%]
tests/test_extensions/test_tilde.py::TestTildeNoSmart::test_case_5 PASSED [ 88%]
tests/test_extensions/test_tilde.py::TestTildeNoSmart::test_case_6 PASSED [ 88%]
tests/test_extensions/test_tilde.py::TestTildeNoSmart::test_case_7 PASSED [ 88%]
tests/test_extensions/test_tilde.py::TestTildeNoSmart::test_case_8 PASSED [ 88%]
tests/test_extensions/test_tilde.py::TestTildeNoSmart::test_case_9 PASSED [ 88%]
tests/test_extensions/test_tilde.py::TestTildeNoSmart::test_complex_cases PASSED [ 88%]
tests/test_syntax.py::test_extensions[compare0] PASSED                   [ 88%]
tests/test_syntax.py::test_extensions[compare1] PASSED                   [ 89%]
tests/test_syntax.py::test_extensions[compare2] PASSED                   [ 89%]
tests/test_syntax.py::test_extensions[compare3] PASSED                   [ 89%]
tests/test_syntax.py::test_extensions[compare4] PASSED                   [ 89%]
tests/test_syntax.py::test_extensions[compare5] PASSED                   [ 89%]
tests/test_syntax.py::test_extensions[compare6] PASSED                   [ 89%]
tests/test_syntax.py::test_extensions[compare7] PASSED                   [ 90%]
tests/test_syntax.py::test_extensions[compare8] PASSED                   [ 90%]
tests/test_syntax.py::test_extensions[compare9] PASSED                   [ 90%]
tests/test_syntax.py::test_extensions[compare10] PASSED                  [ 90%]
tests/test_syntax.py::test_extensions[compare11] PASSED                  [ 90%]
tests/test_syntax.py::test_extensions[compare12] PASSED                  [ 90%]
tests/test_syntax.py::test_extensions[compare13] PASSED                  [ 90%]
tests/test_syntax.py::test_extensions[compare14] PASSED                  [ 91%]
tests/test_syntax.py::test_extensions[compare15] PASSED                  [ 91%]
tests/test_syntax.py::test_extensions[compare16] PASSED                  [ 91%]
tests/test_syntax.py::test_extensions[compare17] PASSED                  [ 91%]
tests/test_syntax.py::test_extensions[compare18] PASSED                  [ 91%]
tests/test_syntax.py::test_extensions[compare19] PASSED                  [ 91%]
tests/test_syntax.py::test_extensions[compare20] PASSED                  [ 91%]
tests/test_syntax.py::test_extensions[compare21] PASSED                  [ 92%]
tests/test_syntax.py::test_extensions[compare22] PASSED                  [ 92%]
tests/test_syntax.py::test_extensions[compare23] PASSED                  [ 92%]
tests/test_syntax.py::test_extensions[compare24] PASSED                  [ 92%]
tests/test_syntax.py::test_extensions[compare25] PASSED                  [ 92%]
tests/test_syntax.py::test_extensions[compare26] PASSED                  [ 92%]
tests/test_syntax.py::test_extensions[compare27] PASSED                  [ 92%]
tests/test_syntax.py::test_extensions[compare28] PASSED                  [ 93%]
tests/test_syntax.py::test_extensions[compare29] PASSED                  [ 93%]
tests/test_syntax.py::test_extensions[compare30] PASSED                  [ 93%]
tests/test_syntax.py::test_extensions[compare31] PASSED                  [ 93%]
tests/test_syntax.py::test_extensions[compare32] PASSED                  [ 93%]
tests/test_syntax.py::test_extensions[compare33] PASSED                  [ 93%]
tests/test_syntax.py::test_extensions[compare34] PASSED                  [ 93%]
tests/test_syntax.py::test_extensions[compare35] PASSED                  [ 94%]
tests/test_syntax.py::test_extensions[compare36] PASSED                  [ 94%]
tests/test_syntax.py::test_extensions[compare37] PASSED                  [ 94%]
tests/test_syntax.py::test_extensions[compare38] PASSED                  [ 94%]
tests/test_syntax.py::test_extensions[compare39] PASSED                  [ 94%]
tests/test_syntax.py::test_extensions[compare40] PASSED                  [ 94%]
tests/test_syntax.py::test_extensions[compare41] PASSED                  [ 94%]
tests/test_syntax.py::test_extensions[compare42] PASSED                  [ 95%]
tests/test_syntax.py::test_extensions[compare43] PASSED                  [ 95%]
tests/test_syntax.py::test_extensions[compare44] PASSED                  [ 95%]
tests/test_syntax.py::test_extensions[compare45] PASSED                  [ 95%]
tests/test_syntax.py::test_extensions[compare46] PASSED                  [ 95%]
tests/test_syntax.py::test_extensions[compare47] PASSED                  [ 95%]
tests/test_syntax.py::test_extensions[compare48] PASSED                  [ 95%]
tests/test_syntax.py::test_extensions[compare49] PASSED                  [ 96%]
tests/test_syntax.py::test_extensions[compare50] PASSED                  [ 96%]
tests/test_syntax.py::test_extensions[compare51] PASSED                  [ 96%]
tests/test_syntax.py::test_extensions[compare52] PASSED                  [ 96%]
tests/test_syntax.py::test_extensions[compare53] PASSED                  [ 96%]
tests/test_syntax.py::test_extensions[compare54] PASSED                  [ 96%]
tests/test_syntax.py::test_extensions[compare55] PASSED                  [ 96%]
tests/test_syntax.py::test_extensions[compare56] PASSED                  [ 97%]
tests/test_syntax.py::test_extensions[compare57] PASSED                  [ 97%]
tests/test_syntax.py::test_extensions[compare58] PASSED                  [ 97%]
tests/test_targeted.py::TestUrlParse::test_clamp PASSED                  [ 97%]
tests/test_targeted.py::TestUrlParse::test_file_windows PASSED           [ 97%]
tests/test_targeted.py::TestUrlParse::test_file_windows_backslash PASSED [ 97%]
tests/test_targeted.py::TestUrlParse::test_file_windows_netpath PASSED   [ 97%]
tests/test_targeted.py::TestUrlParse::test_file_windows_start_backslash PASSED [ 98%]
tests/test_targeted.py::TestUrlParse::test_fragment PASSED               [ 98%]
tests/test_targeted.py::TestUrlParse::test_nix_path PASSED               [ 98%]
tests/test_targeted.py::TestUrlParse::test_relative_path PASSED          [ 98%]
tests/test_targeted.py::TestUrlParse::test_url PASSED                    [ 98%]
tests/test_targeted.py::TestUrlParse::test_windows_netpath_backslash PASSED [ 98%]
tests/test_targeted.py::TestUrlParse::test_windows_netpath_forward_slash PASSED [ 98%]
tests/test_targeted.py::TestUrlParse::test_windows_path_backslash PASSED [ 99%]
tests/test_targeted.py::TestUrlParse::test_windows_path_forward_slash PASSED [ 99%]
tests/test_targeted.py::TestUrlParse::test_windows_relative_path PASSED  [ 99%]
tests/test_versions.py::TestVersion::test_asserts PASSED                 [ 99%]
tests/test_versions.py::TestVersion::test_version_comparison PASSED      [ 99%]
tests/test_versions.py::TestVersion::test_version_output PASSED          [ 99%]
tests/test_versions.py::TestVersion::test_version_parsing PASSED         [100%]

=================================== FAILURES ===================================
_________________ TestBlocksCaptionPrefix.test_empty_paragraph _________________

self = <tests.test_extensions.test_blocks.test_captions.TestBlocksCaptionPrefix testMethod=test_empty_paragraph>

    def test_empty_paragraph(self):
        """Test `auto` cases that require prefix to inject a new paragraph."""
    
>       self.check_markdown(
            R"""
            Test
            /// figure-caption | 1
            <p markdown></p>
            ///
            """,
            R"""
            <figure id="__figure-caption_1">
            <p>Test</p>
            <figcaption>
            <p><span class="caption-prefix">Figure 1.</span></p>
            </figcaption>
            </figure>
            """,
            True
        )

tests/test_extensions/test_blocks/test_captions.py:520: 
_ _ _ _ _ _ _ _ _ _ _ _ _ _ _ _ _ _ _ _ _ _ _ _ _ _ _ _ _ _ _ _ _ _ _ _ _ _ _ _ 
tests/util.py:91: in check_markdown
    self.assertTrue(not diff)
E   AssertionError: False is not true
----------------------------- Captured stdout call -----------------------------
--- Expected
+++ Actual
@@ -1,6 +1,6 @@
 <figure id="__figure-caption_1">
 <p>Test</p>
 <figcaption>
-<p><span class="caption-prefix">Figure 1.</span></p>
+<p><span class="caption-prefix">Figure 1.</span> </p>
 </figcaption>
 </figure>
_______________ TestBlocksCaptionAutoPrefix.test_empty_paragraph _______________

self = <tests.test_extensions.test_blocks.test_captions.TestBlocksCaptionAutoPrefix testMethod=test_empty_paragraph>

    def test_empty_paragraph(self):
        """Test `auto` cases that require prefix to inject a new paragraph."""
    
>       self.check_markdown(
            R"""
            Test
            /// figure-caption
            <p markdown></p>
            ///
            """,
            R"""
            <figure id="__figure-caption_1">
            <p>Test</p>
            <figcaption>
            <p><span class="caption-prefix">Figure 1.</span></p>
            </figcaption>
            </figure>
            """,
            True
        )

tests/test_extensions/test_blocks/test_captions.py:917: 
_ _ _ _ _ _ _ _ _ _ _ _ _ _ _ _ _ _ _ _ _ _ _ _ _ _ _ _ _ _ _ _ _ _ _ _ _ _ _ _ 
tests/util.py:91: in check_markdown
    self.assertTrue(not diff)
E   AssertionError: False is not true
----------------------------- Captured stdout call -----------------------------
--- Expected
+++ Actual
@@ -1,6 +1,6 @@
 <figure id="__figure-caption_1">
 <p>Test</p>
 <figcaption>
-<p><span class="caption-prefix">Figure 1.</span></p>
+<p><span class="caption-prefix">Figure 1.</span> </p>
 </figcaption>
 </figure>
=========================== short test summary info ============================
FAILED tests/test_extensions/test_blocks/test_captions.py::TestBlocksCaptionPrefix::test_empty_paragraph
FAILED tests/test_extensions/test_blocks/test_captions.py::TestBlocksCaptionAutoPrefix::test_empty_paragraph
======================== 2 failed, 688 passed in 3.69s =========================
INFO     : Command's result: FAILURE
INFO     : Command's error: Command '['python3', '-m', 'pytest', '-vra']' returned non-zero exit status 1.
error: Bad exit status from /usr/src/tmp/rpm-tmp.98485 (%check)


RPM build errors:
    File /usr/src/RPM/SOURCES/python3-module-pymdown-extensions-10.14.3-alt.patch is smaller than 8 bytes
    Bad exit status from /usr/src/tmp/rpm-tmp.98485 (%check)
Command exited with non-zero status 1
5.95user 1.07system 0:06.96elapsed 100%CPU (0avgtext+0avgdata 113016maxresident)k
0inputs+0outputs (0major+249407minor)pagefaults 0swaps
hsh-rebuild: rebuild of `python3-module-pymdown-extensions-10.14.3-alt1.src.rpm' failed.
Command exited with non-zero status 1
4.59user 3.11system 0:19.51elapsed 39%CPU (0avgtext+0avgdata 141884maxresident)k
0inputs+0outputs (0major+301264minor)pagefaults 0swaps
