<86>May 16 01:32:34 userdel[1200220]: delete user 'rooter'
<86>May 16 01:32:34 userdel[1200220]: removed group 'rooter' owned by 'rooter'
<86>May 16 01:32:34 userdel[1200220]: removed shadow group 'rooter' owned by 'rooter'
<86>May 16 01:32:34 groupadd[1200250]: group added to /etc/group: name=rooter, GID=1853
<86>May 16 01:32:34 groupadd[1200250]: group added to /etc/gshadow: name=rooter
<86>May 16 01:32:34 groupadd[1200250]: new group: name=rooter, GID=1853
<86>May 16 01:32:34 useradd[1200275]: new user: name=rooter, UID=1853, GID=1853, home=/root, shell=/bin/bash, from=none
<86>May 16 01:32:34 userdel[1200304]: delete user 'builder'
<86>May 16 01:32:34 userdel[1200304]: removed group 'builder' owned by 'builder'
<86>May 16 01:32:34 userdel[1200304]: removed shadow group 'builder' owned by 'builder'
<86>May 16 01:32:35 groupadd[1200329]: group added to /etc/group: name=builder, GID=1854
<86>May 16 01:32:35 groupadd[1200329]: group added to /etc/gshadow: name=builder
<86>May 16 01:32:35 groupadd[1200329]: new group: name=builder, GID=1854
<86>May 16 01:32:35 useradd[1200354]: new user: name=builder, UID=1854, GID=1854, home=/usr/src, shell=/bin/bash, from=none
<13>May 16 01:32:38 rpmi: libmpdec3-2.5.1-alt3 sisyphus+314490.500.5.1 1675432004 installed
<13>May 16 01:32:38 rpmi: libgdbm-1.8.3-alt10 sisyphus+346222.200.3.2 1716468404 installed
<13>May 16 01:32:38 rpmi: libexpat-2.7.1-alt1 sisyphus+379929.100.1.1 1743519381 installed
<13>May 16 01:32:38 rpmi: openssl-config-3.2.0-alt1 sisyphus+366659.140.4.1 1736956949 installed
<13>May 16 01:32:38 rpmi: libb2-0.98.1-alt1_1 sisyphus+291614.100.1.1 1638962877 installed
<13>May 16 01:32:38 rpmi: libp11-kit-1:0.25.5-alt1 sisyphus+352553.100.1.1 1720622573 installed
<13>May 16 01:32:38 rpmi: libtasn1-4.20.0-alt2 sisyphus+375829.100.1.1 1740299335 installed
<13>May 16 01:32:38 rpmi: rpm-macros-alternatives-0.5.3-alt1 sisyphus+371878.100.1.1 1737988822 installed
<13>May 16 01:32:38 rpmi: alternatives-0.5.3-alt1 sisyphus+371878.100.1.1 1737988822 installed
<13>May 16 01:32:38 rpmi: ca-certificates-2025.05.12-alt1 sisyphus+383903.200.2.1 1747060316 installed
<13>May 16 01:32:38 rpmi: ca-trust-0.2.0-alt1 sisyphus+344843.100.1.1 1712743326 installed
<13>May 16 01:32:38 rpmi: p11-kit-trust-1:0.25.5-alt1 sisyphus+352553.100.1.1 1720622573 installed
<13>May 16 01:32:38 rpmi: libcrypto3-3.3.3-alt1 sisyphus+374381.40.2.1 1739299401 installed
<13>May 16 01:32:38 rpmi: libssl3-3.3.3-alt1 sisyphus+374381.40.2.1 1739299401 installed
<13>May 16 01:32:38 rpmi: python3-3.12.10-alt1 sisyphus+381757.100.1.1 1744802808 installed
<13>May 16 01:32:39 rpmi: python3-base-3.12.10-alt1 sisyphus+381757.100.1.1 1744802808 installed
<13>May 16 01:32:39 rpmi: python3-module-py3dephell-0.3.1-alt1 sisyphus+365261.200.1.1 1734463433 installed
<13>May 16 01:32:39 rpmi: python3-module-pyproject-installer-0.5.5-alt2 sisyphus+366395.100.1.1 1735032014 installed
<13>May 16 01:32:39 rpmi: rpm-macros-pyproject-0.0.9-alt1 sisyphus+362541.300.2.1 1731671840 installed
<13>May 16 01:32:39 rpmi: tests-for-installed-python3-pkgs-0.1.28-alt1 sisyphus+375953.100.2.1 1740855713 installed
<13>May 16 01:32:39 rpmi: rpm-build-python3-0.1.28-alt1 sisyphus+375953.100.2.1 1740855713 installed
<13>May 16 01:32:39 rpmi: rpm-build-pyproject-0.0.9-alt1 sisyphus+362541.300.2.1 1731671840 installed
<13>May 16 01:32:41 rpmi: python3-module-system-seed-wheels-0.0.1-alt1 sisyphus+270533.400.6.1 1619683425 installed
<13>May 16 01:32:41 rpmi: python3-module-packaging-25.0-alt1 sisyphus+382195.100.1.1 1745223121 installed
<13>May 16 01:32:41 rpmi: python3-module-platformdirs-4.3.7-alt1 sisyphus+378659.100.2.1 1742562597 installed
<13>May 16 01:32:41 rpmi: python3-module-more-itertools-10.6.0-alt1 sisyphus+369595.100.2.1 1737017267 installed
<13>May 16 01:32:41 rpmi: python3-module-jaraco.functools-4.1.0-alt1.1 sisyphus+376369.24200.10.1 1746632566 installed
<13>May 16 01:32:41 rpmi: python3-module-pluggy-1.5.0-alt1 sisyphus+345632.100.2.1 1713864244 installed
<13>May 16 01:32:41 rpmi: python3-module-filelock-3.18.0-alt1 sisyphus+377927.100.2.1 1741959375 installed
<13>May 16 01:32:41 rpmi: python3-module-pyproject-api-1.6.1-alt1 sisyphus+330404.60.15.1 1698684249 installed
<13>May 16 01:32:41 rpmi: python3-module-pip-wheel-25.1.1-alt1 sisyphus+384061.100.2.1 1747306475 installed
<13>May 16 01:32:42 rpmi: python3-module-setuptools-wheel-1:80.4.0-alt1 sisyphus+384059.100.2.1 1747240150 installed
<13>May 16 01:32:42 rpmi: python3-module-wheel-wheel-0.45.1-alt3 sisyphus+384059.500.2.1 1747240259 installed
<13>May 16 01:32:42 rpmi: python3-module-system-seed-wheels-wheels-0.0.1-alt1 sisyphus+270533.400.6.1 1619683425 installed
<13>May 16 01:32:42 rpmi: python3-module-wheel-0.45.1-alt3 sisyphus+384059.500.2.1 1747240259 installed
<13>May 16 01:32:42 rpmi: python3-module-jaraco.context-6.0.1-alt1.1 sisyphus+376369.6200.10.1 1746628448 installed
<13>May 16 01:32:42 rpmi: python3-module-iniconfig-2.1.0-alt1 sisyphus+378658.100.2.1 1742493599 installed
<13>May 16 01:32:42 rpmi: python3-module-distlib-0.3.9-alt1 sisyphus+359423.100.1.1 1728557083 installed
<13>May 16 01:32:42 rpmi: python3-module-virtualenv-20.30.0-alt1 sisyphus+379870.100.2.1 1743506980 installed
<13>May 16 01:32:42 rpmi: python3-module-colorama-0.4.6-alt1 sisyphus+308971.100.1.1 1666698282 installed
<13>May 16 01:32:42 rpmi: python3-module-chardet-1:5.2.0-alt1 sisyphus+326284.100.2.1 1691056316 installed
<13>May 16 01:32:42 rpmi: python3-module-cachetools-5.5.2-alt1 sisyphus+375542.100.1.1 1740130789 installed
<13>May 16 01:32:42 rpmi: python3-module-autocommand-2.2.2-alt1.1 sisyphus+339714.100.1.1 1706968174 installed
<13>May 16 01:32:42 rpmi: python3-module-jaraco.text-4.0.0-alt1.1 sisyphus+376369.7300.10.1 1746628739 installed
<13>May 16 01:32:42 rpmi: python3-module-pkg_resources-1:80.4.0-alt1 sisyphus+384059.100.2.1 1747240150 installed
<13>May 16 01:32:42 rpmi: libpython3-3.12.10-alt1 sisyphus+381757.100.1.1 1744802808 installed
<13>May 16 01:32:42 rpmi: libncurses6-6.3.20220618-alt4 sisyphus+327286.4600.14.1 1711486705 installed
<13>May 16 01:32:42 rpmi: libtinfo-devel-6.3.20220618-alt4 sisyphus+327286.4600.14.1 1711486705 installed
<13>May 16 01:32:42 rpmi: libncurses-devel-6.3.20220618-alt4 sisyphus+327286.4600.14.1 1711486705 installed
<13>May 16 01:32:43 rpmi: python3-dev-3.12.10-alt1 sisyphus+381757.100.1.1 1744802808 installed
<13>May 16 01:32:43 rpmi: python3-module-setuptools-1:80.4.0-alt1 sisyphus+384059.100.2.1 1747240150 installed
<13>May 16 01:32:43 rpmi: python3-module-tox-4.25.0-alt1 sisyphus+379466.100.1.1 1743153108 installed
<13>May 16 01:32:43 rpmi: python3-module-pytest-8.3.5-alt2 sisyphus+383865.100.1.1 1747039699 installed
<13>May 16 01:32:43 rpmi: python3-module-typing_extensions-4.13.2-alt1 sisyphus+381315.100.1.1 1744375640 installed
<13>May 16 01:32:43 rpmi: python3-module-babel-1:2.17.0-alt1 sisyphus+383519.100.1.1 1746611672 installed
Building target platforms: x86_64
Building for target x86_64
Wrote: /usr/src/in/nosrpm/python3-module-moneyed-3.0-alt1.nosrc.rpm (w1.gzdio)
Installing python3-module-moneyed-3.0-alt1.src.rpm
Building target platforms: x86_64
Building for target x86_64
Executing(%prep): /bin/sh -e /usr/src/tmp/rpm-tmp.90290
+ umask 022
+ /bin/mkdir -p /usr/src/RPM/BUILD
+ cd /usr/src/RPM/BUILD
+ cd /usr/src/RPM/BUILD
+ rm -rf python3-module-moneyed-3.0
+ echo 'Source #0 (python3-module-moneyed-3.0.tar):'
Source #0 (python3-module-moneyed-3.0.tar):
+ /bin/tar -xf /usr/src/RPM/SOURCES/python3-module-moneyed-3.0.tar
+ cd python3-module-moneyed-3.0
+ /bin/chmod -c -Rf u+rwX,go-w .
+ /usr/bin/python3 -m pyproject_installer deps --depsconfig /usr/src/RPM/SOURCES/pyproject_deps.json show pep518
+ /usr/bin/python3 -m pyproject_installer deps --depsconfig /usr/src/RPM/SOURCES/pyproject_deps.json sync pep518 --verify --verify-exclude 'wheel$'
+ /usr/bin/python3 -m pyproject_installer deps --depsconfig /usr/src/RPM/SOURCES/pyproject_deps.json show pep517
+ /usr/bin/python3 -m pyproject_installer deps --depsconfig /usr/src/RPM/SOURCES/pyproject_deps.json sync pep517 --verify --verify-exclude 'wheel$'
+ /usr/bin/python3 -m pyproject_installer deps --depsconfig /usr/src/RPM/SOURCES/pyproject_deps.json show metadata
+ /usr/bin/python3 -m pyproject_installer deps --depsconfig /usr/src/RPM/SOURCES/pyproject_deps.json sync metadata --verify
INFO     : Building metadata
INFO     : Building metadata with prepare_metadata_for_build_wheel
INFO     : Source tree: /usr/src/RPM/BUILD/python3-module-moneyed-3.0
INFO     : Output dir: /usr/src/tmp/tmpojeqkawl
+ exit 0
Executing(%build): /bin/sh -e /usr/src/tmp/rpm-tmp.23533
+ umask 022
+ /bin/mkdir -p /usr/src/RPM/BUILD
+ cd /usr/src/RPM/BUILD
+ cd python3-module-moneyed-3.0
+ export 'CFLAGS=-pipe -frecord-gcc-switches -Wall -g -O2 -flto=auto'
+ CFLAGS='-pipe -frecord-gcc-switches -Wall -g -O2 -flto=auto'
+ export 'CXXFLAGS=-pipe -frecord-gcc-switches -Wall -g -O2 -flto=auto'
+ CXXFLAGS='-pipe -frecord-gcc-switches -Wall -g -O2 -flto=auto'
+ export 'FFLAGS=-pipe -frecord-gcc-switches -Wall -g -O2 -flto=auto'
+ FFLAGS='-pipe -frecord-gcc-switches -Wall -g -O2 -flto=auto'
+ /usr/bin/python3 -m pyproject_installer -v build
INFO     : pyproject_installer.build_cmd._build : Building wheel
INFO     : pyproject_installer.build_cmd._build : Source tree: /usr/src/RPM/BUILD/python3-module-moneyed-3.0
INFO     : pyproject_installer.build_cmd._build : Output dir: /usr/src/RPM/BUILD/python3-module-moneyed-3.0/dist
DEBUG    : pyproject_installer.lib.build_backend : Validating source path
DEBUG    : pyproject_installer.lib.build_backend : Checking for PEP517 spec
DEBUG    : pyproject_installer.lib.build_backend : Parsing configuration file: /usr/src/RPM/BUILD/python3-module-moneyed-3.0/pyproject.toml
INFO     : backend_caller.py : Calling hook build_wheel in subprocess
INFO     : backend_caller.py : Build backend: setuptools.build_meta
INFO     : backend_caller.py : Hook args: ['/usr/src/RPM/BUILD/python3-module-moneyed-3.0/dist']
INFO     : backend_caller.py : Hook kwargs: {'config_settings': None}
/usr/lib64/python3/site-packages/setuptools/dist.py:761: SetuptoolsDeprecationWarning: License classifiers are deprecated.
!!

        ********************************************************************************
        Please consider removing the following classifiers in favor of a SPDX license expression:

        License :: OSI Approved :: BSD License

        See https://packaging.python.org/en/latest/guides/writing-pyproject-toml/#license for details.
        ********************************************************************************

!!
  self._finalize_license_expression()
INFO     : root : running bdist_wheel
INFO     : root : running build
INFO     : root : running build_py
INFO     : root : creating build/lib/moneyed
INFO     : root : copying src/moneyed/utils.py -> build/lib/moneyed
INFO     : root : copying src/moneyed/l10n.py -> build/lib/moneyed
INFO     : root : copying src/moneyed/classes.py -> build/lib/moneyed
INFO     : root : copying src/moneyed/__init__.py -> build/lib/moneyed
INFO     : root : running egg_info
INFO     : root : writing src/py_moneyed.egg-info/PKG-INFO
INFO     : root : writing dependency_links to src/py_moneyed.egg-info/dependency_links.txt
INFO     : root : writing requirements to src/py_moneyed.egg-info/requires.txt
INFO     : root : writing top-level names to src/py_moneyed.egg-info/top_level.txt
INFO     : root : reading manifest file 'src/py_moneyed.egg-info/SOURCES.txt'
INFO     : root : reading manifest template 'MANIFEST.in'
WARNING  : root : warning: no previously-included files found matching '*.yaml'
WARNING  : root : warning: no previously-included files found matching '*.yml'
WARNING  : root : warning: no previously-included files found matching 'tox.ini'
INFO     : root : adding license file 'LICENSE'
INFO     : root : writing manifest file 'src/py_moneyed.egg-info/SOURCES.txt'
INFO     : root : copying src/moneyed/py.typed -> build/lib/moneyed
INFO     : root : installing to build/bdist.linux-x86_64/wheel
INFO     : root : running install
INFO     : root : running install_lib
INFO     : root : creating build/bdist.linux-x86_64/wheel
INFO     : root : creating build/bdist.linux-x86_64/wheel/moneyed
INFO     : root : copying build/lib/moneyed/py.typed -> build/bdist.linux-x86_64/wheel/./moneyed
INFO     : root : copying build/lib/moneyed/__init__.py -> build/bdist.linux-x86_64/wheel/./moneyed
INFO     : root : copying build/lib/moneyed/classes.py -> build/bdist.linux-x86_64/wheel/./moneyed
INFO     : root : copying build/lib/moneyed/l10n.py -> build/bdist.linux-x86_64/wheel/./moneyed
INFO     : root : copying build/lib/moneyed/utils.py -> build/bdist.linux-x86_64/wheel/./moneyed
INFO     : root : running install_egg_info
INFO     : root : Copying src/py_moneyed.egg-info to build/bdist.linux-x86_64/wheel/./py_moneyed-3.0-py3.12.egg-info
INFO     : root : running install_scripts
INFO     : root : creating build/bdist.linux-x86_64/wheel/py_moneyed-3.0.dist-info/WHEEL
INFO     : wheel : creating '/usr/src/RPM/BUILD/python3-module-moneyed-3.0/dist/.tmp-pvjvqej3/py_moneyed-3.0-py3-none-any.whl' and adding 'build/bdist.linux-x86_64/wheel' to it
INFO     : wheel : adding 'moneyed/__init__.py'
INFO     : wheel : adding 'moneyed/classes.py'
INFO     : wheel : adding 'moneyed/l10n.py'
INFO     : wheel : adding 'moneyed/py.typed'
INFO     : wheel : adding 'moneyed/utils.py'
INFO     : wheel : adding 'py_moneyed-3.0.dist-info/licenses/LICENSE'
INFO     : wheel : adding 'py_moneyed-3.0.dist-info/METADATA'
INFO     : wheel : adding 'py_moneyed-3.0.dist-info/WHEEL'
INFO     : wheel : adding 'py_moneyed-3.0.dist-info/top_level.txt'
INFO     : wheel : adding 'py_moneyed-3.0.dist-info/RECORD'
INFO     : root : removing build/bdist.linux-x86_64/wheel
INFO     : pyproject_installer.build_cmd._build : Built wheel: py_moneyed-3.0-py3-none-any.whl
+ exit 0
Executing(%install): /bin/sh -e /usr/src/tmp/rpm-tmp.23533
+ umask 022
+ /bin/mkdir -p /usr/src/RPM/BUILD
+ cd /usr/src/RPM/BUILD
+ /bin/chmod -Rf u+rwX -- /usr/src/tmp/python3-module-moneyed-buildroot
+ :
+ /bin/rm -rf -- /usr/src/tmp/python3-module-moneyed-buildroot
+ PATH=/usr/libexec/rpm-build:/usr/src/bin:/usr/bin:/bin:/usr/local/bin:/usr/games
+ cd python3-module-moneyed-3.0
+ /usr/bin/python3 -m pyproject_installer -v install --destdir=/usr/src/tmp/python3-module-moneyed-buildroot
INFO     : pyproject_installer.install_cmd._install : Installing wheel
INFO     : pyproject_installer.install_cmd._install : Wheel directory: /usr/src/RPM/BUILD/python3-module-moneyed-3.0/dist
INFO     : pyproject_installer.install_cmd._install : Wheel filename: py_moneyed-3.0-py3-none-any.whl
INFO     : pyproject_installer.install_cmd._install : Destination: /usr/src/tmp/python3-module-moneyed-buildroot
DEBUG    : pyproject_installer.lib.wheel : Parsing wheel filename
DEBUG    : pyproject_installer.lib.wheel : Validating wheel file
DEBUG    : pyproject_installer.lib.wheel : Validating wheel spec version
DEBUG    : pyproject_installer.lib.wheel : Parsing wheel spec metadata
DEBUG    : pyproject_installer.lib.wheel : Validating RECORD
INFO     : pyproject_installer.install_cmd._install : Wheel installation root: /usr/src/tmp/python3-module-moneyed-buildroot/usr/lib/python3/site-packages
INFO     : pyproject_installer.install_cmd._install : Extracting wheel
DEBUG    : pyproject_installer.install_cmd._install : Filtering out not allowed file: py_moneyed-3.0.dist-info/licenses/LICENSE
DEBUG    : pyproject_installer.install_cmd._install : Filtering out not allowed file: py_moneyed-3.0.dist-info/WHEEL
DEBUG    : pyproject_installer.install_cmd._install : Filtering out not allowed file: py_moneyed-3.0.dist-info/top_level.txt
DEBUG    : pyproject_installer.install_cmd._install : Filtering out not allowed file: py_moneyed-3.0.dist-info/RECORD
INFO     : pyproject_installer.install_cmd._install : Wheel was installed
+ /usr/lib/rpm/brp-alt
Cleaning files in /usr/src/tmp/python3-module-moneyed-buildroot (auto)
Verifying and fixing files in /usr/src/tmp/python3-module-moneyed-buildroot (binconfig,pkgconfig,libtool,desktop,gnuconfig)
Checking contents of files in /usr/src/tmp/python3-module-moneyed-buildroot/ (default)
Compressing files in /usr/src/tmp/python3-module-moneyed-buildroot (auto)
Adjusting library links in /usr/src/tmp/python3-module-moneyed-buildroot
./usr/lib: (from <cmdline>:0)
Verifying ELF objects in /usr/src/tmp/python3-module-moneyed-buildroot (arch=normal,fhs=normal,lfs=relaxed,lint=relaxed,rpath=normal,stack=normal,textrel=normal,unresolved=normal)
Splitting links to aliased files under /{,s}bin in /usr/src/tmp/python3-module-moneyed-buildroot
Bytecompiling python3 modules in /usr/src/tmp/python3-module-moneyed-buildroot using /usr/bin/python3
compile /usr/src/tmp/python3-module-moneyed-buildroot/usr/lib/python3/site-packages/moneyed/__init__.py
compile /usr/src/tmp/python3-module-moneyed-buildroot/usr/lib/python3/site-packages/moneyed/classes.py
compile /usr/src/tmp/python3-module-moneyed-buildroot/usr/lib/python3/site-packages/moneyed/l10n.py
compile /usr/src/tmp/python3-module-moneyed-buildroot/usr/lib/python3/site-packages/moneyed/utils.py
Bytecompiling python3 modules with optimization in /usr/src/tmp/python3-module-moneyed-buildroot using /usr/bin/python3 -O
compile /usr/src/tmp/python3-module-moneyed-buildroot/usr/lib/python3/site-packages/moneyed/__init__.py
compile /usr/src/tmp/python3-module-moneyed-buildroot/usr/lib/python3/site-packages/moneyed/classes.py
compile /usr/src/tmp/python3-module-moneyed-buildroot/usr/lib/python3/site-packages/moneyed/l10n.py
compile /usr/src/tmp/python3-module-moneyed-buildroot/usr/lib/python3/site-packages/moneyed/utils.py
Bytecompiling python3 modules with optimization-2 in /usr/src/tmp/python3-module-moneyed-buildroot using /usr/bin/python3 -OO
compile /usr/src/tmp/python3-module-moneyed-buildroot/usr/lib/python3/site-packages/moneyed/__init__.py
compile /usr/src/tmp/python3-module-moneyed-buildroot/usr/lib/python3/site-packages/moneyed/classes.py
compile /usr/src/tmp/python3-module-moneyed-buildroot/usr/lib/python3/site-packages/moneyed/l10n.py
compile /usr/src/tmp/python3-module-moneyed-buildroot/usr/lib/python3/site-packages/moneyed/utils.py
Hardlinking identical .pyc and .opt-?.pyc files
'./usr/lib/python3/site-packages/moneyed/__pycache__/__init__.cpython-312.opt-1.pyc' => './usr/lib/python3/site-packages/moneyed/__pycache__/__init__.cpython-312.pyc'
'./usr/lib/python3/site-packages/moneyed/__pycache__/__init__.cpython-312.opt-2.pyc' => './usr/lib/python3/site-packages/moneyed/__pycache__/__init__.cpython-312.opt-1.pyc'
'./usr/lib/python3/site-packages/moneyed/__pycache__/l10n.cpython-312.opt-1.pyc' => './usr/lib/python3/site-packages/moneyed/__pycache__/l10n.cpython-312.pyc'
'./usr/lib/python3/site-packages/moneyed/__pycache__/utils.cpython-312.opt-1.pyc' => './usr/lib/python3/site-packages/moneyed/__pycache__/utils.cpython-312.pyc'
Executing(%check): /bin/sh -e /usr/src/tmp/rpm-tmp.23533
+ umask 022
+ /bin/mkdir -p /usr/src/RPM/BUILD
+ cd /usr/src/RPM/BUILD
+ cd python3-module-moneyed-3.0
+ export 'CFLAGS=-pipe -frecord-gcc-switches -Wall -g -O2 -flto=auto'
+ CFLAGS='-pipe -frecord-gcc-switches -Wall -g -O2 -flto=auto'
+ export 'CXXFLAGS=-pipe -frecord-gcc-switches -Wall -g -O2 -flto=auto'
+ CXXFLAGS='-pipe -frecord-gcc-switches -Wall -g -O2 -flto=auto'
+ export 'FFLAGS=-pipe -frecord-gcc-switches -Wall -g -O2 -flto=auto'
+ FFLAGS='-pipe -frecord-gcc-switches -Wall -g -O2 -flto=auto'
+ export NO_INTERNET=YES
+ NO_INTERNET=YES
+ /usr/bin/python3 -m pyproject_installer run -- python3 -m pytest -vra
INFO     : Creating venv
INFO     : Installing console scripts
INFO     : Installing package: /usr/src/RPM/BUILD/python3-module-moneyed-3.0/dist/py_moneyed-3.0-py3-none-any.whl
INFO     : Running command: ['/usr/src/RPM/BUILD/python3-module-moneyed-3.0/.run_venv/bin/python3', '-m', 'pyproject_installer', 'install', '/usr/src/RPM/BUILD/python3-module-moneyed-3.0/dist/py_moneyed-3.0-py3-none-any.whl']
INFO     : Running command: ['python3', '-m', 'pytest', '-vra']
============================= test session starts ==============================
platform linux -- Python 3.12.10, pytest-8.3.5, pluggy-1.5.0 -- /usr/src/RPM/BUILD/python3-module-moneyed-3.0/.run_venv/bin/python3
cachedir: .pytest_cache
rootdir: /usr/src/RPM/BUILD/python3-module-moneyed-3.0
configfile: setup.cfg
testpaths: tests
collecting ... collected 58 items

tests/test_l10n.py::test_format_money PASSED                             [  1%]
tests/test_l10n.py::test_format_money_decimal_quantization PASSED        [  3%]
tests/test_moneyed_classes.py::TestCurrency::test_init PASSED            [  5%]
tests/test_moneyed_classes.py::TestCurrency::test_name PASSED            [  6%]
tests/test_moneyed_classes.py::TestCurrency::test_countries PASSED       [  8%]
tests/test_moneyed_classes.py::TestCurrency::test_get_name PASSED        [ 10%]
tests/test_moneyed_classes.py::TestCurrency::test_repr PASSED            [ 12%]
tests/test_moneyed_classes.py::TestCurrency::test_hash PASSED            [ 13%]
tests/test_moneyed_classes.py::TestCurrency::test_compare PASSED         [ 15%]
tests/test_moneyed_classes.py::TestCurrency::test_fetching_currency_by_iso_code PASSED [ 17%]
tests/test_moneyed_classes.py::TestCurrency::test_get_currencies_of_country PASSED [ 18%]
tests/test_moneyed_classes.py::TestCurrency::test_zero_property PASSED   [ 20%]
tests/test_moneyed_classes.py::TestMoney::test_init PASSED               [ 22%]
tests/test_moneyed_classes.py::TestMoney::test_init_string_currency_code PASSED [ 24%]
tests/test_moneyed_classes.py::TestMoney::test_init_omit_currency PASSED [ 25%]
tests/test_moneyed_classes.py::TestMoney::test_init_float PASSED         [ 27%]
tests/test_moneyed_classes.py::TestMoney::test_repr PASSED               [ 29%]
tests/test_moneyed_classes.py::TestMoney::test_eval_from_repr PASSED     [ 31%]
tests/test_moneyed_classes.py::TestMoney::test_str PASSED                [ 32%]
tests/test_moneyed_classes.py::TestMoney::test_hash PASSED               [ 34%]
tests/test_moneyed_classes.py::TestMoney::test_add PASSED                [ 36%]
tests/test_moneyed_classes.py::TestMoney::test_add_non_money PASSED      [ 37%]
tests/test_moneyed_classes.py::TestMoney::test_add_with_custom_class_add PASSED [ 39%]
tests/test_moneyed_classes.py::TestMoney::test_sub PASSED                [ 41%]
tests/test_moneyed_classes.py::TestMoney::test_sub_non_money PASSED      [ 43%]
tests/test_moneyed_classes.py::TestMoney::test_rsub_non_money PASSED     [ 44%]
tests/test_moneyed_classes.py::TestMoney::test_mul PASSED                [ 46%]
tests/test_moneyed_classes.py::TestMoney::test_mul_float_warning PASSED  [ 48%]
tests/test_moneyed_classes.py::TestMoney::test_mul_bad PASSED            [ 50%]
tests/test_moneyed_classes.py::TestMoney::test_div PASSED                [ 51%]
tests/test_moneyed_classes.py::TestMoney::test_div_mismatched_currencies PASSED [ 53%]
tests/test_moneyed_classes.py::TestMoney::test_div_by_non_Money PASSED   [ 55%]
tests/test_moneyed_classes.py::TestMoney::test_rdiv_by_non_Money PASSED  [ 56%]
tests/test_moneyed_classes.py::TestMoney::test_div_float_warning PASSED  [ 58%]
tests/test_moneyed_classes.py::TestMoney::test_rmod PASSED               [ 60%]
tests/test_moneyed_classes.py::TestMoney::test_rmod_bad PASSED           [ 62%]
tests/test_moneyed_classes.py::TestMoney::test_rmod_float_warning PASSED [ 63%]
tests/test_moneyed_classes.py::TestMoney::test_convert_to_default PASSED [ 65%]
tests/test_moneyed_classes.py::TestMoney::test_ne PASSED                 [ 67%]
tests/test_moneyed_classes.py::TestMoney::test_equality_to_other_types PASSED [ 68%]
tests/test_moneyed_classes.py::TestMoney::test_not_equal_to_decimal_types PASSED [ 70%]
tests/test_moneyed_classes.py::TestMoney::test_lt PASSED                 [ 72%]
tests/test_moneyed_classes.py::TestMoney::test_lt_mistyped PASSED        [ 74%]
tests/test_moneyed_classes.py::TestMoney::test_gt PASSED                 [ 75%]
tests/test_moneyed_classes.py::TestMoney::test_gt_mistyped PASSED        [ 77%]
tests/test_moneyed_classes.py::TestMoney::test_abs PASSED                [ 79%]
tests/test_moneyed_classes.py::TestMoney::test_sum PASSED                [ 81%]
tests/test_moneyed_classes.py::TestMoney::test_round PASSED              [ 82%]
tests/test_moneyed_classes.py::TestMoney::test_round_context_override PASSED [ 84%]
tests/test_moneyed_classes.py::TestMoney::test_get_sub_unit PASSED       [ 86%]
tests/test_moneyed_classes.py::TestMoney::test_arithmetic_operations_return_real_subclass_instance PASSED [ 87%]
tests/test_moneyed_classes.py::TestMoney::test_can_call_subclass_method_after_arithmetic_operations PASSED [ 89%]
tests/test_moneyed_classes.py::TestMoney::test_bool PASSED               [ 91%]
tests/test_moneyed_classes.py::TestMoney::test_force_decimal PASSED      [ 93%]
tests/test_moneyed_classes.py::TestMoney::test_decimal_doesnt_use_str_when_multiplying PASSED [ 94%]
tests/test_moneyed_classes.py::TestMoney::test_decimal_doesnt_use_str_when_dividing PASSED [ 96%]
tests/test_moneyed_classes.py::test_all_babel_currencies FAILED          [ 98%]
tests/test_moneyed_classes.py::test_list_all_currencies PASSED           [100%]

=================================== FAILURES ===================================
__________________________ test_all_babel_currencies ___________________________

    def test_all_babel_currencies():
        missing = sorted(set(get_global("all_currencies").keys()) - set(CURRENCIES.keys()))
>       assert (
            missing == []
        ), "The following currencies defined in Babel are missing: " + ", ".join(missing)
E       AssertionError: The following currencies defined in Babel are missing: XCG, ZWG
E       assert ['XCG', 'ZWG'] == []
E         
E         Left contains 2 more items, first extra item: 'XCG'
E         
E         Full diff:
E         - []
E         + [
E         +     'XCG',
E         +     'ZWG',
E         + ]

tests/test_moneyed_classes.py:404: AssertionError
=========================== short test summary info ============================
FAILED tests/test_moneyed_classes.py::test_all_babel_currencies - AssertionEr...
========================= 1 failed, 57 passed in 0.14s =========================
INFO     : Command's result: FAILURE
INFO     : Command's error: Command '['python3', '-m', 'pytest', '-vra']' returned non-zero exit status 1.
error: Bad exit status from /usr/src/tmp/rpm-tmp.23533 (%check)


RPM build errors:
    Bad exit status from /usr/src/tmp/rpm-tmp.23533 (%check)
Command exited with non-zero status 1
2.02user 0.73system 0:02.71elapsed 101%CPU (0avgtext+0avgdata 34008maxresident)k
0inputs+0outputs (0major+147553minor)pagefaults 0swaps
hsh-rebuild: rebuild of `python3-module-moneyed-3.0-alt1.src.rpm' failed.
Command exited with non-zero status 1
4.66user 3.61system 0:17.24elapsed 48%CPU (0avgtext+0avgdata 141612maxresident)k
1408inputs+0outputs (0major+306693minor)pagefaults 0swaps
