<86>May 16 05:22:47 userdel[1548231]: delete user 'rooter'
<86>May 16 05:22:47 userdel[1548231]: removed group 'rooter' owned by 'rooter'
<86>May 16 05:22:47 userdel[1548231]: removed shadow group 'rooter' owned by 'rooter'
<86>May 16 05:22:47 groupadd[1548264]: group added to /etc/group: name=rooter, GID=1811
<86>May 16 05:22:47 groupadd[1548264]: group added to /etc/gshadow: name=rooter
<86>May 16 05:22:47 groupadd[1548264]: new group: name=rooter, GID=1811
<86>May 16 05:22:47 useradd[1548294]: new user: name=rooter, UID=1811, GID=1811, home=/root, shell=/bin/bash, from=none
<86>May 16 05:22:47 userdel[1548325]: delete user 'builder'
<86>May 16 05:22:47 userdel[1548325]: removed group 'builder' owned by 'builder'
<86>May 16 05:22:47 userdel[1548325]: removed shadow group 'builder' owned by 'builder'
<86>May 16 05:22:47 groupadd[1548348]: group added to /etc/group: name=builder, GID=1812
<86>May 16 05:22:47 groupadd[1548348]: group added to /etc/gshadow: name=builder
<86>May 16 05:22:47 groupadd[1548348]: new group: name=builder, GID=1812
<86>May 16 05:22:47 useradd[1548367]: new user: name=builder, UID=1812, GID=1812, home=/usr/src, shell=/bin/bash, from=none
<13>May 16 05:22:50 rpmi: libmpdec3-2.5.1-alt3 sisyphus+314490.500.5.1 1675432004 installed
<13>May 16 05:22:50 rpmi: libgdbm-1.8.3-alt10 sisyphus+346222.200.3.2 1716468404 installed
<13>May 16 05:22:50 rpmi: libexpat-2.7.1-alt1 sisyphus+379929.100.1.1 1743519381 installed
<13>May 16 05:22:50 rpmi: openssl-config-3.2.0-alt1 sisyphus+366659.140.4.1 1736956949 installed
<13>May 16 05:22:50 rpmi: libb2-0.98.1-alt1_1 sisyphus+291614.100.1.1 1638962877 installed
<13>May 16 05:22:50 rpmi: libp11-kit-1:0.25.5-alt1 sisyphus+352553.100.1.1 1720622573 installed
<13>May 16 05:22:50 rpmi: libtasn1-4.20.0-alt2 sisyphus+375829.100.1.1 1740299335 installed
<13>May 16 05:22:50 rpmi: rpm-macros-alternatives-0.5.3-alt1 sisyphus+371878.100.1.1 1737988822 installed
<13>May 16 05:22:50 rpmi: alternatives-0.5.3-alt1 sisyphus+371878.100.1.1 1737988822 installed
<13>May 16 05:22:50 rpmi: ca-certificates-2025.05.12-alt1 sisyphus+383903.200.2.1 1747060316 installed
<13>May 16 05:22:50 rpmi: ca-trust-0.2.0-alt1 sisyphus+344843.100.1.1 1712743326 installed
<13>May 16 05:22:50 rpmi: p11-kit-trust-1:0.25.5-alt1 sisyphus+352553.100.1.1 1720622573 installed
<13>May 16 05:22:50 rpmi: libcrypto3-3.3.3-alt1 sisyphus+374381.40.2.1 1739299401 installed
<13>May 16 05:22:50 rpmi: libssl3-3.3.3-alt1 sisyphus+374381.40.2.1 1739299401 installed
<13>May 16 05:22:50 rpmi: python3-3.12.10-alt1 sisyphus+381757.100.1.1 1744802808 installed
<13>May 16 05:22:51 rpmi: python3-base-3.12.10-alt1 sisyphus+381757.100.1.1 1744802808 installed
<13>May 16 05:22:51 rpmi: python3-module-py3dephell-0.3.1-alt1 sisyphus+365261.200.1.1 1734463433 installed
<13>May 16 05:22:51 rpmi: tests-for-installed-python3-pkgs-0.1.28-alt1 sisyphus+375953.100.2.1 1740855713 installed
<13>May 16 05:22:51 rpmi: rpm-build-python3-0.1.28-alt1 sisyphus+375953.100.2.1 1740855713 installed
<13>May 16 05:22:53 rpmi: python3-module-docutils-0.20.1-alt1 sisyphus+323438.100.1.1 1687370718 installed
<13>May 16 05:22:53 rpmi: python3-module-more-itertools-10.6.0-alt1 sisyphus+369595.100.2.1 1737017267 installed
<13>May 16 05:22:53 rpmi: libidn2-2.3.7-alt1 sisyphus+339505.100.1.2 1706718968 installed
<13>May 16 05:22:53 rpmi: libnettle8-3.10.1-alt1 sisyphus+372008.100.1.1 1738078259 installed
<13>May 16 05:22:53 rpmi: python3-module-jaraco.functools-4.1.0-alt1.1 sisyphus+376369.24200.10.1 1746632566 installed
<13>May 16 05:22:53 rpmi: python3-module-urllib3-2:2.4.0-alt1 sisyphus+381271.100.2.1 1744618213 installed
<13>May 16 05:22:53 rpmi: python3-module-packaging-25.0-alt1 sisyphus+382195.100.1.1 1745223121 installed
<13>May 16 05:22:53 rpmi: python3-module-wcwidth-0.2.13-alt1 sisyphus+341792.100.2.1 1709543329 installed
<13>May 16 05:22:53 rpmi: python3-module-zope.interface-7.2-alt1.1 sisyphus+376369.21500.10.1 1746631801 installed
<13>May 16 05:22:53 rpmi: python3-module-idna-3.10-alt1 sisyphus+358681.100.1.1 1727701241 installed
<13>May 16 05:22:53 rpmi: python3-module-attrs-25.3.0-alt1 sisyphus+378700.100.1.1 1742472992 installed
<13>May 16 05:22:53 rpmi: python3-module-Pygments-2.19.1-alt1 sisyphus+368586.100.2.1 1737039695 installed
<13>May 16 05:22:53 rpmi: python3-module-alabaster-0.7.16-alt1 sisyphus+349698.100.1.1 1716897815 installed
<13>May 16 05:22:53 rpmi: python3-module-hyperlink-21.0.0-alt1.1 sisyphus+304836.100.1.1 1659710964 installed
<13>May 16 05:22:53 rpmi: python3-module-prettytable-2.1.0-alt1 sisyphus+269172.200.1.1 1617824839 installed
<13>May 16 05:22:53 rpmi: libhogweed6-3.10.1-alt1 sisyphus+372008.100.1.1 1738078259 installed
<13>May 16 05:22:53 rpmi: libgnutls30-3.8.9-alt1 sisyphus+380042.200.2.1 1743618110 installed
<13>May 16 05:22:53 rpmi: libngtcp2.16-1.12.0-alt1 sisyphus+382655.200.1.1 1745743462 installed
<13>May 16 05:22:53 rpmi: libngtcp2_crypto_gnutls8-1.12.0-alt1 sisyphus+382655.200.1.1 1745743462 installed
<13>May 16 05:22:53 rpmi: python3-module-voluptuous-0.15.2-alt1 sisyphus+356879.100.1.1 1725536313 installed
<13>May 16 05:22:53 rpmi: python3-module-tomlkit-0.13.2-alt1 sisyphus+358344.100.2.1 1727351286 installed
<13>May 16 05:22:54 rpmi: python3-module-pygobject3-nox-3.52.3-alt1 sisyphus+378334.100.1.1 1742236125 installed
<13>May 16 05:22:54 rpmi: python3-module-iso8601-2.1.0-alt1 sisyphus+372208.100.1.1 1738294440 installed
<13>May 16 05:22:54 rpmi: python3-module-wheel-0.45.1-alt3 sisyphus+384059.500.2.1 1747240259 installed
<13>May 16 05:22:54 rpmi: python3-module-platformdirs-4.3.7-alt1 sisyphus+378659.100.2.1 1742562597 installed
<13>May 16 05:22:54 rpmi: python3-module-jaraco.context-6.0.1-alt1.1 sisyphus+376369.6200.10.1 1746628448 installed
<13>May 16 05:22:54 rpmi: python3-module-snowballstemmer-2.2.0-alt1 sisyphus+319215.100.1.1 1682346633 installed
<13>May 16 05:22:54 rpmi: python3-module-roman_numerals-3.1.0-alt1 sisyphus+376287.100.1.1 1740659993 installed
<13>May 16 05:22:54 rpmi: python3-module-markupsafe-1:3.0.2-alt1 sisyphus+360209.100.1.1 1729323052 installed
<13>May 16 05:22:54 rpmi: python3-module-jinja2-3.1.6-alt1 sisyphus+377889.1500.2.1 1742249941 installed
<13>May 16 05:22:54 rpmi: python3-module-imagesize-1.4.1-alt1 sisyphus+318084.100.1.1 1680697673 installed
<13>May 16 05:22:54 rpmi: python3-module-defusedxml-0.7.1-alt1 sisyphus+274841.2300.1.1 1624295691 installed
<13>May 16 05:22:54 rpmi: python3-module-pyperclip-1.9.0-alt1 sisyphus+353859.100.1.1 1722231798 installed
<13>May 16 05:22:54 rpmi: python3-module-cmd2-2.5.11-alt1 sisyphus+371999.100.1.1 1738068287 installed
<13>May 16 05:22:54 rpmi: python3-module-charset-normalizer-3.2.0-alt1 sisyphus+347396.200.2.1 1714733155 installed
<13>May 16 05:22:54 rpmi: python3-module-requests-2.32.3-alt1 sisyphus+349946.100.1.1 1717059877 installed
<13>May 16 05:22:54 rpmi: python3-module-babel-1:2.17.0-alt1 sisyphus+383519.100.1.1 1746611672 installed
<13>May 16 05:22:54 rpmi: python3-module-autopage-0.5.2-alt1 sisyphus+332588.100.1.1 1698141542 installed
<13>May 16 05:22:54 rpmi: python3-module-typing_extensions-4.13.2-alt1 sisyphus+381315.100.1.1 1744375640 installed
<13>May 16 05:22:54 rpmi: python3-module-priority-2.0.0-alt3 sisyphus+338701.100.1.2 1705988383 installed
<13>May 16 05:22:54 rpmi: python3-module-hpack-4.0.0-alt1 sisyphus+270376.200.1.1 1618956626 installed
<13>May 16 05:22:54 rpmi: python3-module-hyperframe-6.0.1-alt1 sisyphus+270376.300.2.1 1618957001 installed
<13>May 16 05:22:54 rpmi: python3-module-h2-4.1.0-alt1 sisyphus+325714.100.2.2 1690478873 installed
<13>May 16 05:22:54 rpmi: python3-module-click-8.1.8-alt1 sisyphus+366297.100.1.1 1734946237 installed
<13>May 16 05:22:54 rpmi: python3-module-incremental-22.10.0-alt1 sisyphus+312706.100.1.1 1672404273 installed
<13>May 16 05:22:54 rpmi: python3-module-constantly-15.1.0-alt7 sisyphus+338906.100.1.1 1706107088 installed
<13>May 16 05:22:54 rpmi: python3-module-pycparser-2.22-alt1 sisyphus+378485.100.1.1 1742331206 installed
<13>May 16 05:22:54 rpmi: python3-module-cffi-1.17.1-alt1 sisyphus+357396.100.1.1 1726156476 installed
<13>May 16 05:22:54 rpmi: python3-module-cryptography-44.0.0-alt1 sisyphus+368451.100.1.1 1736436050 installed
<13>May 16 05:22:54 rpmi: python3-module-openssl-24.3.0-alt1 sisyphus+368451.200.1.1 1736436083 installed
<13>May 16 05:22:54 rpmi: python3-module-autocommand-2.2.2-alt1.1 sisyphus+339714.100.1.1 1706968174 installed
<13>May 16 05:22:54 rpmi: python3-module-jaraco.text-4.0.0-alt1.1 sisyphus+376369.7300.10.1 1746628739 installed
<13>May 16 05:22:54 rpmi: python3-module-pkg_resources-1:80.4.0-alt1 sisyphus+384059.100.2.1 1747240150 installed
<13>May 16 05:22:54 rpmi: python3-module-appdirs-1.4.4-alt2 sisyphus+359005.100.1.1 1728036426 installed
<13>May 16 05:22:54 rpmi: python-sphinx-objects.inv-1:2.3.14.20250414-alt1 sisyphus+381547.100.1.1 1744608913 installed
<13>May 16 05:22:54 rpmi: python3-module-sphinxcontrib-applehelp-2.0.0-alt1 sisyphus+353872.100.1.1 1722243556 installed
<13>May 16 05:22:54 rpmi: python3-module-sphinxcontrib-devhelp-2.0.0-alt1 sisyphus+353872.200.1.1 1722243589 installed
<13>May 16 05:22:54 rpmi: python3-module-sphinxcontrib-jquery-4.1-alt3 sisyphus+339023.100.1.1 1706234262 installed
<13>May 16 05:22:54 rpmi: python3-module-sphinxcontrib-jsmath-1.0.1-alt2 sisyphus+348403.100.1.1 1716017686 installed
<13>May 16 05:22:54 rpmi: python3-module-sphinxcontrib-htmlhelp-2.1.0-alt1 sisyphus+353893.100.2.1 1722416845 installed
<13>May 16 05:22:54 rpmi: python3-module-sphinxcontrib-serializinghtml-2.0.0-alt1 sisyphus+361088.100.1.1 1730215552 installed
<13>May 16 05:22:54 rpmi: python3-module-sphinxcontrib-qthelp-2.0.0-alt1 sisyphus+353872.300.1.1 1722243619 installed
<13>May 16 05:22:54 rpmi: python3-module-sphinx-sphinx-build-symlink-1:8.2.1-alt1 sisyphus+376300.100.1.1 1740663832 installed
<13>May 16 05:22:55 rpmi: python3-module-sphinx-1:8.2.1-alt1 sisyphus+376300.100.1.1 1740663832 installed
<13>May 16 05:22:55 rpmi: python3-module-stevedore-5.4.1-alt1 sisyphus+379152.3700.1.1 1742854223 installed
<13>May 16 05:22:55 rpmi: python3-module-cliff-4.9.1-alt1 sisyphus+379152.300.1.1 1742852787 installed
<13>May 16 05:22:55 rpmi: libyaml2-0.2.5-alt1 sisyphus+278391.100.1.1 1626094928 installed
<13>May 16 05:22:55 rpmi: python3-module-yaml-6.0.2-alt1.1 sisyphus+376369.16600.10.1 1746631034 installed
<13>May 16 05:22:55 rpmi: libpython3-3.12.10-alt1 sisyphus+381757.100.1.1 1744802808 installed
<13>May 16 05:22:55 rpmi: libncurses6-6.3.20220618-alt4 sisyphus+327286.4600.14.1 1711486705 installed
<13>May 16 05:22:55 rpmi: libtinfo-devel-6.3.20220618-alt4 sisyphus+327286.4600.14.1 1711486705 installed
<13>May 16 05:22:55 rpmi: libncurses-devel-6.3.20220618-alt4 sisyphus+327286.4600.14.1 1711486705 installed
<13>May 16 05:22:56 rpmi: python3-dev-3.12.10-alt1 sisyphus+381757.100.1.1 1744802808 installed
<13>May 16 05:22:56 rpmi: python3-module-setuptools-1:80.4.0-alt1 sisyphus+384059.100.2.1 1747240150 installed
<13>May 16 05:22:56 rpmi: python3-module-pbr-6.1.1-alt1 sisyphus+374110.100.1.1 1739026696 installed
<13>May 16 05:22:56 rpmi: libusb-1.0.27-alt1 sisyphus+347412.100.1.1 1714739651 installed
<13>May 16 05:22:56 rpmi: libhidapi-0.14.0-alt1 sisyphus+378183.100.1.1 1742067545 installed
<13>May 16 05:22:56 rpmi: python3-module-cython-hidapi-0.14.0-alt1.1 sisyphus+333513.54340.73.1 1704651867 installed
<13>May 16 05:22:56 rpmi: python3-module-serial-3.5-alt3 sisyphus+360600.100.2.1 1729786231 installed
<13>May 16 05:22:56 rpmi: python3-module-twisted-logger-24.11.0-alt2 sisyphus+376609.40.2.1 1740866761 installed
<13>May 16 05:22:56 rpmi: python3-module-twisted-web-24.11.0-alt2 sisyphus+376609.40.2.1 1740866761 installed
<13>May 16 05:22:56 rpmi: python3-module-twisted-words-24.11.0-alt2 sisyphus+376609.40.2.1 1740866761 installed
<13>May 16 05:22:56 rpmi: python3-module-automat-25.4.16-alt1.1 sisyphus+376369.25200.10.1 1746633028 installed
<13>May 16 05:22:56 rpmi: python3-module-twisted-core-24.11.0-alt2 sisyphus+376609.40.2.1 1740866761 installed
<13>May 16 05:22:56 rpmi: python3-module-testscenarios-0.5.0-alt4 sisyphus+301700.600.1.1 1655380831 installed
<13>May 16 05:22:56 rpmi: python3-module-fixtures-4.2.3-alt1 sisyphus+375386.100.1.1 1739980282 installed
<13>May 16 05:22:56 rpmi: python3-module-testtools-2.7.2-alt2 sisyphus+380650.100.1.1 1743971148 installed
<13>May 16 05:22:56 rpmi: python3-module-subunit-1.4.4-alt1 sisyphus+341009.100.2.2 1708293759 installed
<13>May 16 05:22:56 rpmi: libssh2-1.11.0-alt2 sisyphus+339356.100.1.1 1706593137 installed
<13>May 16 05:22:56 rpmi: publicsuffix-list-dafsa-20250416-alt1 sisyphus+381887.100.1.1 1744900874 installed
<13>May 16 05:22:56 rpmi: libpsl-0.21.5-alt1 sisyphus+338474.100.1.1 1705684769 installed
<13>May 16 05:22:56 rpmi: libnghttp3.9-1.9.0-alt1 sisyphus+382655.100.1.1 1745743397 installed
<13>May 16 05:22:56 rpmi: libnghttp2-1.65.0-alt1 sisyphus+377060.100.1.1 1741259309 installed
<13>May 16 05:22:56 rpmi: openldap-common-2.6.9-alt2 sisyphus+367501.300.4.1 1735841751 installed
<13>May 16 05:22:56 rpmi: libntlm-1.5-alt2 sisyphus+379810.500.4.1 1743501147 installed
<13>May 16 05:22:56 rpmi: libidn-1.37-alt2 sisyphus+300849.100.1.1 1653769687 installed
<13>May 16 05:22:56 rpmi: libbrotlicommon-1.1.0-alt1 sisyphus+328501.100.1.1 1693598419 installed
<13>May 16 05:22:56 rpmi: libbrotlidec-1.1.0-alt1 sisyphus+328501.100.1.1 1693598419 installed
<13>May 16 05:22:56 rpmi: libxxhash-0.8.2-alt1 sisyphus+336514.200.7.1 1702672118 installed
<13>May 16 05:22:56 rpmi: liblz4-1:1.9.4-alt1 sisyphus+309416.100.1.1 1667412981 installed
<13>May 16 05:22:56 rpmi: rsync-3.2.7-alt3 sisyphus+372266.100.1.1 1738342240 installed
<13>May 16 05:22:56 rpmi: openssh-common-9.6p1-alt3 sisyphus+375192.100.1.1 1739876264 installed
<13>May 16 05:22:56 rpmi: libverto-0.3.2-alt1_1 sisyphus+321176.2200.10.2 1684803947 installed
<13>May 16 05:22:56 rpmi: liblmdb-0.9.33-alt1 sisyphus+360625.100.1.1 1729819640 installed
<13>May 16 05:22:56 rpmi: libkeyutils-1.6.3-alt1 sisyphus+346336.200.2.2 1716472658 installed
<13>May 16 05:22:56 rpmi: libcom_err-1.47.1.0.10.ad56-alt2 sisyphus+363497.200.3.1 1732729908 installed
<86>May 16 05:22:56 groupadd[1583014]: group added to /etc/group: name=_keytab, GID=999
<86>May 16 05:22:56 groupadd[1583014]: group added to /etc/gshadow: name=_keytab
<86>May 16 05:22:56 groupadd[1583014]: new group: name=_keytab, GID=999
<13>May 16 05:22:56 rpmi: libkrb5-1.21.3-alt2 sisyphus+351857.100.1.1 1719735141 installed
<13>May 16 05:22:56 rpmi: libgsasl18-2.2.1-alt2 sisyphus+359713.200.2.1 1728905430 installed
<86>May 16 05:22:56 groupadd[1583098]: group added to /etc/group: name=sasl, GID=998
<86>May 16 05:22:56 groupadd[1583098]: group added to /etc/gshadow: name=sasl
<86>May 16 05:22:56 groupadd[1583098]: new group: name=sasl, GID=998
<13>May 16 05:22:56 rpmi: libsasl2-3-2.1.28-alt2.1 sisyphus+367419.100.1.1 1735482560 installed
<13>May 16 05:22:56 rpmi: libldap2-2.6.9-alt2 sisyphus+367501.300.4.1 1735841751 installed
<13>May 16 05:22:56 rpmi: libcurl-8.13.0-alt1 sisyphus+380015.100.1.1 1743595100 installed
<13>May 16 05:22:56 rpmi: libedit3-3.1.20250104-alt1 sisyphus+384216.200.2.1 1747315147 installed
<86>May 16 05:22:56 groupadd[1583181]: group added to /etc/group: name=sshagent, GID=997
<86>May 16 05:22:56 groupadd[1583181]: group added to /etc/gshadow: name=sshagent
<86>May 16 05:22:56 groupadd[1583181]: new group: name=sshagent, GID=997
<13>May 16 05:22:56 rpmi: openssh-clients-9.6p1-alt3 sisyphus+375192.100.1.1 1739876264 installed
<13>May 16 05:22:56 rpmi: less-633-alt1 sisyphus+328181.300.2.1 1693321749 installed
<13>May 16 05:22:56 rpmi: perl-TermReadKey-2.38-alt1.1 sisyphus+335067.1700.1.1 1700901696 installed
<13>May 16 05:22:56 rpmi: perl-Filter-1.64-alt1 sisyphus+335067.400.1.1 1700901412 installed
<13>May 16 05:22:56 rpmi: perl-Encode-3.21-alt1 sisyphus+343095.100.1.1 1710875477 installed
<13>May 16 05:22:56 rpmi: perl-libintl-1.35-alt1 sisyphus+380233.100.1.2 1743734796 installed
<13>May 16 05:22:56 rpmi: perl-Error-0.17030-alt1 sisyphus+380202.100.1.2 1743727350 installed
<13>May 16 05:22:56 rpmi: diffstat-1.64-alt1 sisyphus+346132.200.3.2 1716466240 installed
<13>May 16 05:22:57 rpmi: git-core-2.42.4-alt1 sisyphus+369547.100.1.1 1736878350 installed
<13>May 16 05:22:57 rpmi: perl-Git-2.42.4-alt1 sisyphus+369547.100.1.1 1736878350 installed
<13>May 16 05:22:57 rpmi: git-2.42.4-alt1 sisyphus+369547.100.1.1 1736878350 installed
<13>May 16 05:22:57 rpmi: python3-module-stestr-4.2.0-alt1 sisyphus+382316.100.1.1 1745325245 installed
<13>May 16 05:22:57 rpmi: python3-module-testresources-2.0.1-alt3 sisyphus+301700.500.1.1 1655380812 installed
<86>May 16 05:22:57 groupadd[1584320]: group added to /etc/group: name=_gnupg, GID=996
<86>May 16 05:22:57 groupadd[1584320]: group added to /etc/gshadow: name=_gnupg
<86>May 16 05:22:57 groupadd[1584320]: new group: name=_gnupg, GID=996
<13>May 16 05:22:57 rpmi: gnupg-1.4.23-alt5 sisyphus+361229.300.3.1 1733551322 installed
<13>May 16 05:22:57 rpmi: python3-module-six-1.17.0-alt1.1 sisyphus+373470.100.1.1 1738920023 installed
Building target platforms: x86_64
Building for target x86_64
Wrote: /usr/src/in/nosrpm/python3-module-pbr-6.1.1-alt1.nosrc.rpm (w1.gzdio)
<13>May 16 05:22:59 rpmi: python3-module-system-seed-wheels-0.0.1-alt1 sisyphus+270533.400.6.1 1619683425 installed
<13>May 16 05:22:59 rpmi: python3-module-filelock-3.18.0-alt1 sisyphus+377927.100.2.1 1741959375 installed
<13>May 16 05:23:00 rpmi: python3-module-pip-wheel-25.1.1-alt1 sisyphus+384061.100.2.1 1747306475 installed
<13>May 16 05:23:00 rpmi: python3-module-setuptools-wheel-1:80.4.0-alt1 sisyphus+384059.100.2.1 1747240150 installed
<13>May 16 05:23:00 rpmi: python3-module-wheel-wheel-0.45.1-alt3 sisyphus+384059.500.2.1 1747240259 installed
<13>May 16 05:23:00 rpmi: python3-module-system-seed-wheels-wheels-0.0.1-alt1 sisyphus+270533.400.6.1 1619683425 installed
<13>May 16 05:23:00 rpmi: python3-module-pyproject-installer-0.5.5-alt2 sisyphus+366395.100.1.1 1735032014 installed
<13>May 16 05:23:00 rpmi: python3-module-pyproject-api-1.6.1-alt1 sisyphus+330404.60.15.1 1698684249 installed
<13>May 16 05:23:00 rpmi: python3-module-pluggy-1.5.0-alt1 sisyphus+345632.100.2.1 1713864244 installed
<13>May 16 05:23:00 rpmi: python3-module-distlib-0.3.9-alt1 sisyphus+359423.100.1.1 1728557083 installed
<13>May 16 05:23:00 rpmi: python3-module-virtualenv-20.30.0-alt1 sisyphus+379870.100.2.1 1743506980 installed
<13>May 16 05:23:00 rpmi: python3-module-colorama-0.4.6-alt1 sisyphus+308971.100.1.1 1666698282 installed
<13>May 16 05:23:00 rpmi: python3-module-chardet-1:5.2.0-alt1 sisyphus+326284.100.2.1 1691056316 installed
<13>May 16 05:23:00 rpmi: python3-module-cachetools-5.5.2-alt1 sisyphus+375542.100.1.1 1740130789 installed
<13>May 16 05:23:00 rpmi: python3-module-tox-4.25.0-alt1 sisyphus+379466.100.1.1 1743153108 installed
<13>May 16 05:23:00 rpmi: python3-module-tox-console-scripts-0.4.0-alt1 sisyphus+371114.200.4.1 1739124059 installed
<13>May 16 05:23:00 rpmi: python3-module-tox-no-deps-0.3.0-alt1 sisyphus+371114.300.4.1 1739124101 installed
<13>May 16 05:23:00 rpmi: python3-module-tox-passenv-0.1.0-alt1 sisyphus+371114.500.4.1 1739124145 installed
Installing python3-module-pbr-6.1.1-alt1.src.rpm
Building target platforms: x86_64
Building for target x86_64
Executing(%prep): /bin/sh -e /usr/src/tmp/rpm-tmp.28531
+ umask 022
+ /bin/mkdir -p /usr/src/RPM/BUILD
+ cd /usr/src/RPM/BUILD
+ cd /usr/src/RPM/BUILD
+ rm -rf python3-module-pbr-6.1.1
+ echo 'Source #0 (python3-module-pbr-6.1.1.tar):'
Source #0 (python3-module-pbr-6.1.1.tar):
+ /bin/tar -xf /usr/src/RPM/SOURCES/python3-module-pbr-6.1.1.tar
+ cd python3-module-pbr-6.1.1
+ /bin/chmod -c -Rf u+rwX,go-w .
+ rm -rf test-requirements.txt requirements.txt
+ rm -rf pbr.egg-info
+ exit 0
Executing(%build): /bin/sh -e /usr/src/tmp/rpm-tmp.28531
+ umask 022
+ /bin/mkdir -p /usr/src/RPM/BUILD
+ cd /usr/src/RPM/BUILD
+ cd python3-module-pbr-6.1.1
+ export PBR_VERSION=6.1.1
+ PBR_VERSION=6.1.1
+ export SKIP_PIP_INSTALL=1
+ SKIP_PIP_INSTALL=1
+ export 'CFLAGS=-pipe -frecord-gcc-switches -Wall -g -O2 -flto=auto'
+ CFLAGS='-pipe -frecord-gcc-switches -Wall -g -O2 -flto=auto'
+ export 'CXXFLAGS=-pipe -frecord-gcc-switches -Wall -g -O2 -flto=auto'
+ CXXFLAGS='-pipe -frecord-gcc-switches -Wall -g -O2 -flto=auto'
+ export 'FFLAGS=-pipe -frecord-gcc-switches -Wall -g -O2 -flto=auto'
+ FFLAGS='-pipe -frecord-gcc-switches -Wall -g -O2 -flto=auto'
+ /usr/bin/python3 -m pyproject_installer -v build
INFO     : pyproject_installer.build_cmd._build : Building wheel
INFO     : pyproject_installer.build_cmd._build : Source tree: /usr/src/RPM/BUILD/python3-module-pbr-6.1.1
INFO     : pyproject_installer.build_cmd._build : Output dir: /usr/src/RPM/BUILD/python3-module-pbr-6.1.1/dist
DEBUG    : pyproject_installer.lib.build_backend : Validating source path
DEBUG    : pyproject_installer.lib.build_backend : Checking for PEP517 spec
DEBUG    : pyproject_installer.lib.build_backend : Parsing configuration file: /usr/src/RPM/BUILD/python3-module-pbr-6.1.1/pyproject.toml
INFO     : backend_caller.py : Calling hook build_wheel in subprocess
INFO     : backend_caller.py : Build backend: pbr.build
INFO     : backend_caller.py : In-tree backend paths: .
INFO     : backend_caller.py : Hook args: ['/usr/src/RPM/BUILD/python3-module-pbr-6.1.1/dist']
INFO     : backend_caller.py : Hook kwargs: {'config_settings': None}
/usr/lib64/python3/site-packages/setuptools/_distutils/cmd.py:90: DevelopDeprecationWarning: develop command is deprecated.
!!

        ********************************************************************************
        Please avoid running ``setup.py`` and ``develop``.
        Instead, use standards-based tools like pip or uv.

        By 2025-Oct-31, you need to update your project and remove deprecated calls
        or your builds will no longer be supported.

        See https://github.com/pypa/setuptools/issues/917 for details.
        ********************************************************************************

!!
  self.initialize_options()
/usr/lib64/python3/site-packages/setuptools/dist.py:761: SetuptoolsDeprecationWarning: License classifiers are deprecated.
!!

        ********************************************************************************
        Please consider removing the following classifiers in favor of a SPDX license expression:

        License :: OSI Approved :: Apache Software License

        See https://packaging.python.org/en/latest/guides/writing-pyproject-toml/#license for details.
        ********************************************************************************

!!
  self._finalize_license_expression()
INFO     : root : running bdist_wheel
/usr/lib64/python3/site-packages/setuptools/_distutils/cmd.py:135: SetuptoolsDeprecationWarning: bdist_wheel.universal is deprecated
!!

        ********************************************************************************
        With Python 2.7 end-of-life, support for building universal wheels
        (i.e., wheels that support both Python 2 and Python 3)
        is being obviated.
        Please discontinue using this option, or if you still need it,
        file an issue with pypa/setuptools describing your use case.

        By 2025-Aug-30, you need to update your project and remove deprecated calls
        or your builds will no longer be supported.
        ********************************************************************************

!!
  self.finalize_options()
INFO     : root : running build
INFO     : root : running build_py
INFO     : root : creating build/lib/pbr/cmd
INFO     : root : copying pbr/cmd/main.py -> build/lib/pbr/cmd
INFO     : root : copying pbr/cmd/__init__.py -> build/lib/pbr/cmd
INFO     : root : creating build/lib/pbr/tests
INFO     : root : copying pbr/tests/util.py -> build/lib/pbr/tests
INFO     : root : copying pbr/tests/test_wsgi.py -> build/lib/pbr/tests
INFO     : root : copying pbr/tests/test_version.py -> build/lib/pbr/tests
INFO     : root : copying pbr/tests/test_util.py -> build/lib/pbr/tests
INFO     : root : copying pbr/tests/test_setup.py -> build/lib/pbr/tests
INFO     : root : copying pbr/tests/test_pbr_json.py -> build/lib/pbr/tests
INFO     : root : copying pbr/tests/test_packaging.py -> build/lib/pbr/tests
INFO     : root : copying pbr/tests/test_integration.py -> build/lib/pbr/tests
INFO     : root : copying pbr/tests/test_hooks.py -> build/lib/pbr/tests
INFO     : root : copying pbr/tests/test_files.py -> build/lib/pbr/tests
INFO     : root : copying pbr/tests/test_core.py -> build/lib/pbr/tests
INFO     : root : copying pbr/tests/test_commands.py -> build/lib/pbr/tests
INFO     : root : copying pbr/tests/base.py -> build/lib/pbr/tests
INFO     : root : copying pbr/tests/__init__.py -> build/lib/pbr/tests
INFO     : root : creating build/lib/pbr/hooks
INFO     : root : copying pbr/hooks/metadata.py -> build/lib/pbr/hooks
INFO     : root : copying pbr/hooks/files.py -> build/lib/pbr/hooks
INFO     : root : copying pbr/hooks/commands.py -> build/lib/pbr/hooks
INFO     : root : copying pbr/hooks/base.py -> build/lib/pbr/hooks
INFO     : root : copying pbr/hooks/backwards.py -> build/lib/pbr/hooks
INFO     : root : copying pbr/hooks/__init__.py -> build/lib/pbr/hooks
INFO     : root : copying pbr/version.py -> build/lib/pbr
INFO     : root : copying pbr/util.py -> build/lib/pbr
INFO     : root : copying pbr/testr_command.py -> build/lib/pbr
INFO     : root : copying pbr/sphinxext.py -> build/lib/pbr
INFO     : root : copying pbr/pbr_json.py -> build/lib/pbr
INFO     : root : copying pbr/packaging.py -> build/lib/pbr
INFO     : root : copying pbr/options.py -> build/lib/pbr
INFO     : root : copying pbr/git.py -> build/lib/pbr
INFO     : root : copying pbr/find_package.py -> build/lib/pbr
INFO     : root : copying pbr/extra_files.py -> build/lib/pbr
INFO     : root : copying pbr/core.py -> build/lib/pbr
INFO     : root : copying pbr/build.py -> build/lib/pbr
INFO     : root : copying pbr/__init__.py -> build/lib/pbr
INFO     : root : running egg_info
INFO     : root : creating pbr.egg-info
INFO     : root : writing pbr.egg-info/PKG-INFO
INFO     : root : writing dependency_links to pbr.egg-info/dependency_links.txt
INFO     : root : writing entry points to pbr.egg-info/entry_points.txt
INFO     : root : writing top-level names to pbr.egg-info/top_level.txt
INFO     : root : [pbr] Processing SOURCES.txt
INFO     : root : writing manifest file 'pbr.egg-info/SOURCES.txt'
WARNING  : root : warning: no files found matching 'AUTHORS'
WARNING  : root : warning: no files found matching 'ChangeLog'
WARNING  : root : warning: no previously-included files found matching '.gitignore'
WARNING  : root : warning: no previously-included files found matching '.gitreview'
WARNING  : root : warning: no previously-included files matching '*.pyc' found anywhere in distribution
INFO     : root : adding license file 'LICENSE'
INFO     : root : writing manifest file 'pbr.egg-info/SOURCES.txt'
INFO     : root : installing to build/bdist.linux-x86_64/wheel
INFO     : root : running install
INFO     : root : [pbr] Generating AUTHORS
INFO     : root : [pbr] AUTHORS complete (0.0s)
INFO     : root : running install_lib
INFO     : root : creating build/bdist.linux-x86_64/wheel
INFO     : root : creating build/bdist.linux-x86_64/wheel/pbr
INFO     : root : copying build/lib/pbr/__init__.py -> build/bdist.linux-x86_64/wheel/./pbr
INFO     : root : copying build/lib/pbr/build.py -> build/bdist.linux-x86_64/wheel/./pbr
INFO     : root : copying build/lib/pbr/core.py -> build/bdist.linux-x86_64/wheel/./pbr
INFO     : root : copying build/lib/pbr/extra_files.py -> build/bdist.linux-x86_64/wheel/./pbr
INFO     : root : copying build/lib/pbr/find_package.py -> build/bdist.linux-x86_64/wheel/./pbr
INFO     : root : copying build/lib/pbr/git.py -> build/bdist.linux-x86_64/wheel/./pbr
INFO     : root : copying build/lib/pbr/options.py -> build/bdist.linux-x86_64/wheel/./pbr
INFO     : root : copying build/lib/pbr/packaging.py -> build/bdist.linux-x86_64/wheel/./pbr
INFO     : root : copying build/lib/pbr/pbr_json.py -> build/bdist.linux-x86_64/wheel/./pbr
INFO     : root : copying build/lib/pbr/sphinxext.py -> build/bdist.linux-x86_64/wheel/./pbr
INFO     : root : copying build/lib/pbr/testr_command.py -> build/bdist.linux-x86_64/wheel/./pbr
INFO     : root : copying build/lib/pbr/util.py -> build/bdist.linux-x86_64/wheel/./pbr
INFO     : root : copying build/lib/pbr/version.py -> build/bdist.linux-x86_64/wheel/./pbr
INFO     : root : creating build/bdist.linux-x86_64/wheel/pbr/hooks
INFO     : root : copying build/lib/pbr/hooks/__init__.py -> build/bdist.linux-x86_64/wheel/./pbr/hooks
INFO     : root : copying build/lib/pbr/hooks/backwards.py -> build/bdist.linux-x86_64/wheel/./pbr/hooks
INFO     : root : copying build/lib/pbr/hooks/base.py -> build/bdist.linux-x86_64/wheel/./pbr/hooks
INFO     : root : copying build/lib/pbr/hooks/commands.py -> build/bdist.linux-x86_64/wheel/./pbr/hooks
INFO     : root : copying build/lib/pbr/hooks/files.py -> build/bdist.linux-x86_64/wheel/./pbr/hooks
INFO     : root : copying build/lib/pbr/hooks/metadata.py -> build/bdist.linux-x86_64/wheel/./pbr/hooks
INFO     : root : creating build/bdist.linux-x86_64/wheel/pbr/tests
INFO     : root : copying build/lib/pbr/tests/__init__.py -> build/bdist.linux-x86_64/wheel/./pbr/tests
INFO     : root : copying build/lib/pbr/tests/base.py -> build/bdist.linux-x86_64/wheel/./pbr/tests
INFO     : root : copying build/lib/pbr/tests/test_commands.py -> build/bdist.linux-x86_64/wheel/./pbr/tests
INFO     : root : copying build/lib/pbr/tests/test_core.py -> build/bdist.linux-x86_64/wheel/./pbr/tests
INFO     : root : copying build/lib/pbr/tests/test_files.py -> build/bdist.linux-x86_64/wheel/./pbr/tests
INFO     : root : copying build/lib/pbr/tests/test_hooks.py -> build/bdist.linux-x86_64/wheel/./pbr/tests
INFO     : root : copying build/lib/pbr/tests/test_integration.py -> build/bdist.linux-x86_64/wheel/./pbr/tests
INFO     : root : copying build/lib/pbr/tests/test_packaging.py -> build/bdist.linux-x86_64/wheel/./pbr/tests
INFO     : root : copying build/lib/pbr/tests/test_pbr_json.py -> build/bdist.linux-x86_64/wheel/./pbr/tests
INFO     : root : copying build/lib/pbr/tests/test_setup.py -> build/bdist.linux-x86_64/wheel/./pbr/tests
INFO     : root : copying build/lib/pbr/tests/test_util.py -> build/bdist.linux-x86_64/wheel/./pbr/tests
INFO     : root : copying build/lib/pbr/tests/test_version.py -> build/bdist.linux-x86_64/wheel/./pbr/tests
INFO     : root : copying build/lib/pbr/tests/test_wsgi.py -> build/bdist.linux-x86_64/wheel/./pbr/tests
INFO     : root : copying build/lib/pbr/tests/util.py -> build/bdist.linux-x86_64/wheel/./pbr/tests
INFO     : root : creating build/bdist.linux-x86_64/wheel/pbr/cmd
INFO     : root : copying build/lib/pbr/cmd/__init__.py -> build/bdist.linux-x86_64/wheel/./pbr/cmd
INFO     : root : copying build/lib/pbr/cmd/main.py -> build/bdist.linux-x86_64/wheel/./pbr/cmd
INFO     : root : running install_egg_info
INFO     : root : Copying pbr.egg-info to build/bdist.linux-x86_64/wheel/./pbr-6.1.1-py3.12.egg-info
INFO     : root : running install_scripts
/usr/src/RPM/BUILD/python3-module-pbr-6.1.1/pbr/packaging.py:492: SetuptoolsDeprecationWarning: easy_install module is deprecated
!!

        ********************************************************************************
        Avoid accessing attributes of setuptools.command.easy_install.

        By 2025-Oct-31, you need to update your project and remove deprecated calls
        or your builds will no longer be supported.

        See https://github.com/pypa/setuptools/issues/4976 for details.
        ********************************************************************************

!!
  bs_cmd, 'executable', easy_install.sys_executable)
/usr/src/RPM/BUILD/python3-module-pbr-6.1.1/pbr/packaging.py:465: SetuptoolsDeprecationWarning: easy_install module is deprecated
!!

        ********************************************************************************
        Avoid accessing attributes of setuptools.command.easy_install.

        By 2025-Oct-31, you need to update your project and remove deprecated calls
        or your builds will no longer be supported.

        See https://github.com/pypa/setuptools/issues/4976 for details.
        ********************************************************************************

!!
  header = easy_install.ScriptWriter.get_header("", executable)
INFO     : root : creating build/bdist.linux-x86_64/wheel/pbr-6.1.1.dist-info/WHEEL
INFO     : wheel : creating '/usr/src/RPM/BUILD/python3-module-pbr-6.1.1/dist/.tmp-km4u8xvg/pbr-6.1.1-py2.py3-none-any.whl' and adding 'build/bdist.linux-x86_64/wheel' to it
INFO     : wheel : adding 'pbr/__init__.py'
INFO     : wheel : adding 'pbr/build.py'
INFO     : wheel : adding 'pbr/core.py'
INFO     : wheel : adding 'pbr/extra_files.py'
INFO     : wheel : adding 'pbr/find_package.py'
INFO     : wheel : adding 'pbr/git.py'
INFO     : wheel : adding 'pbr/options.py'
INFO     : wheel : adding 'pbr/packaging.py'
INFO     : wheel : adding 'pbr/pbr_json.py'
INFO     : wheel : adding 'pbr/sphinxext.py'
INFO     : wheel : adding 'pbr/testr_command.py'
INFO     : wheel : adding 'pbr/util.py'
INFO     : wheel : adding 'pbr/version.py'
INFO     : wheel : adding 'pbr/cmd/__init__.py'
INFO     : wheel : adding 'pbr/cmd/main.py'
INFO     : wheel : adding 'pbr/hooks/__init__.py'
INFO     : wheel : adding 'pbr/hooks/backwards.py'
INFO     : wheel : adding 'pbr/hooks/base.py'
INFO     : wheel : adding 'pbr/hooks/commands.py'
INFO     : wheel : adding 'pbr/hooks/files.py'
INFO     : wheel : adding 'pbr/hooks/metadata.py'
INFO     : wheel : adding 'pbr/tests/__init__.py'
INFO     : wheel : adding 'pbr/tests/base.py'
INFO     : wheel : adding 'pbr/tests/test_commands.py'
INFO     : wheel : adding 'pbr/tests/test_core.py'
INFO     : wheel : adding 'pbr/tests/test_files.py'
INFO     : wheel : adding 'pbr/tests/test_hooks.py'
INFO     : wheel : adding 'pbr/tests/test_integration.py'
INFO     : wheel : adding 'pbr/tests/test_packaging.py'
INFO     : wheel : adding 'pbr/tests/test_pbr_json.py'
INFO     : wheel : adding 'pbr/tests/test_setup.py'
INFO     : wheel : adding 'pbr/tests/test_util.py'
INFO     : wheel : adding 'pbr/tests/test_version.py'
INFO     : wheel : adding 'pbr/tests/test_wsgi.py'
INFO     : wheel : adding 'pbr/tests/util.py'
INFO     : wheel : adding 'pbr-6.1.1.dist-info/licenses/LICENSE'
INFO     : wheel : adding 'pbr-6.1.1.dist-info/METADATA'
INFO     : wheel : adding 'pbr-6.1.1.dist-info/WHEEL'
INFO     : wheel : adding 'pbr-6.1.1.dist-info/entry_points.txt'
INFO     : wheel : adding 'pbr-6.1.1.dist-info/top_level.txt'
INFO     : wheel : adding 'pbr-6.1.1.dist-info/RECORD'
INFO     : root : removing build/bdist.linux-x86_64/wheel
INFO     : pyproject_installer.build_cmd._build : Built wheel: pbr-6.1.1-py2.py3-none-any.whl
+ exit 0
Executing(%install): /bin/sh -e /usr/src/tmp/rpm-tmp.56036
+ umask 022
+ /bin/mkdir -p /usr/src/RPM/BUILD
+ cd /usr/src/RPM/BUILD
+ /bin/chmod -Rf u+rwX -- /usr/src/tmp/python3-module-pbr-buildroot
+ :
+ /bin/rm -rf -- /usr/src/tmp/python3-module-pbr-buildroot
+ PATH=/usr/libexec/rpm-build:/usr/src/bin:/usr/bin:/bin:/usr/local/bin:/usr/games
+ cd python3-module-pbr-6.1.1
+ export PBR_VERSION=6.1.1
+ PBR_VERSION=6.1.1
+ /usr/bin/python3 -m pyproject_installer -v install --destdir=/usr/src/tmp/python3-module-pbr-buildroot
INFO     : pyproject_installer.install_cmd._install : Installing wheel
INFO     : pyproject_installer.install_cmd._install : Wheel directory: /usr/src/RPM/BUILD/python3-module-pbr-6.1.1/dist
INFO     : pyproject_installer.install_cmd._install : Wheel filename: pbr-6.1.1-py2.py3-none-any.whl
INFO     : pyproject_installer.install_cmd._install : Destination: /usr/src/tmp/python3-module-pbr-buildroot
DEBUG    : pyproject_installer.lib.wheel : Parsing wheel filename
DEBUG    : pyproject_installer.lib.wheel : Validating wheel file
DEBUG    : pyproject_installer.lib.wheel : Validating wheel spec version
DEBUG    : pyproject_installer.lib.wheel : Parsing wheel spec metadata
DEBUG    : pyproject_installer.lib.wheel : Validating RECORD
INFO     : pyproject_installer.install_cmd._install : Wheel installation root: /usr/src/tmp/python3-module-pbr-buildroot/usr/lib/python3/site-packages
INFO     : pyproject_installer.install_cmd._install : Extracting wheel
DEBUG    : pyproject_installer.install_cmd._install : Filtering out not allowed file: pbr-6.1.1.dist-info/licenses/LICENSE
DEBUG    : pyproject_installer.install_cmd._install : Filtering out not allowed file: pbr-6.1.1.dist-info/WHEEL
DEBUG    : pyproject_installer.install_cmd._install : Filtering out not allowed file: pbr-6.1.1.dist-info/top_level.txt
DEBUG    : pyproject_installer.install_cmd._install : Filtering out not allowed file: pbr-6.1.1.dist-info/RECORD
INFO     : pyproject_installer.install_cmd._install : Generating entrypoints scripts
DEBUG    : pyproject_installer.lib.scripts : Installing console script: pbr
INFO     : pyproject_installer.install_cmd._install : Wheel was installed
+ rm -rv /usr/src/tmp/python3-module-pbr-buildroot/usr/lib/python3/site-packages/pbr/tests
removed '/usr/src/tmp/python3-module-pbr-buildroot/usr/lib/python3/site-packages/pbr/tests/util.py'
removed '/usr/src/tmp/python3-module-pbr-buildroot/usr/lib/python3/site-packages/pbr/tests/test_wsgi.py'
removed '/usr/src/tmp/python3-module-pbr-buildroot/usr/lib/python3/site-packages/pbr/tests/test_version.py'
removed '/usr/src/tmp/python3-module-pbr-buildroot/usr/lib/python3/site-packages/pbr/tests/test_util.py'
removed '/usr/src/tmp/python3-module-pbr-buildroot/usr/lib/python3/site-packages/pbr/tests/test_setup.py'
removed '/usr/src/tmp/python3-module-pbr-buildroot/usr/lib/python3/site-packages/pbr/tests/test_pbr_json.py'
removed '/usr/src/tmp/python3-module-pbr-buildroot/usr/lib/python3/site-packages/pbr/tests/test_packaging.py'
removed '/usr/src/tmp/python3-module-pbr-buildroot/usr/lib/python3/site-packages/pbr/tests/test_integration.py'
removed '/usr/src/tmp/python3-module-pbr-buildroot/usr/lib/python3/site-packages/pbr/tests/test_hooks.py'
removed '/usr/src/tmp/python3-module-pbr-buildroot/usr/lib/python3/site-packages/pbr/tests/test_files.py'
removed '/usr/src/tmp/python3-module-pbr-buildroot/usr/lib/python3/site-packages/pbr/tests/test_core.py'
removed '/usr/src/tmp/python3-module-pbr-buildroot/usr/lib/python3/site-packages/pbr/tests/test_commands.py'
removed '/usr/src/tmp/python3-module-pbr-buildroot/usr/lib/python3/site-packages/pbr/tests/base.py'
removed '/usr/src/tmp/python3-module-pbr-buildroot/usr/lib/python3/site-packages/pbr/tests/__init__.py'
removed directory '/usr/src/tmp/python3-module-pbr-buildroot/usr/lib/python3/site-packages/pbr/tests'
+ rm -fv /usr/src/tmp/python3-module-pbr-buildroot/usr/lib/python3/site-packages/pbr/sphinxext.py
removed '/usr/src/tmp/python3-module-pbr-buildroot/usr/lib/python3/site-packages/pbr/sphinxext.py'
+ /usr/lib/rpm/brp-alt
Cleaning files in /usr/src/tmp/python3-module-pbr-buildroot (auto)
Verifying and fixing files in /usr/src/tmp/python3-module-pbr-buildroot (binconfig,pkgconfig,libtool,desktop,gnuconfig)
Checking contents of files in /usr/src/tmp/python3-module-pbr-buildroot/ (default)
Compressing files in /usr/src/tmp/python3-module-pbr-buildroot (auto)
Adjusting library links in /usr/src/tmp/python3-module-pbr-buildroot
./usr/lib: (from <cmdline>:0)
Verifying ELF objects in /usr/src/tmp/python3-module-pbr-buildroot (arch=normal,fhs=normal,lfs=relaxed,lint=relaxed,rpath=normal,stack=normal,textrel=normal,unresolved=normal)
Splitting links to aliased files under /{,s}bin in /usr/src/tmp/python3-module-pbr-buildroot
Bytecompiling python3 modules in /usr/src/tmp/python3-module-pbr-buildroot using /usr/bin/python3
compile /usr/src/tmp/python3-module-pbr-buildroot/usr/lib/python3/site-packages/pbr/cmd/__init__.py
compile /usr/src/tmp/python3-module-pbr-buildroot/usr/lib/python3/site-packages/pbr/cmd/main.py
compile /usr/src/tmp/python3-module-pbr-buildroot/usr/lib/python3/site-packages/pbr/hooks/__init__.py
compile /usr/src/tmp/python3-module-pbr-buildroot/usr/lib/python3/site-packages/pbr/hooks/backwards.py
compile /usr/src/tmp/python3-module-pbr-buildroot/usr/lib/python3/site-packages/pbr/hooks/base.py
compile /usr/src/tmp/python3-module-pbr-buildroot/usr/lib/python3/site-packages/pbr/hooks/commands.py
compile /usr/src/tmp/python3-module-pbr-buildroot/usr/lib/python3/site-packages/pbr/hooks/files.py
compile /usr/src/tmp/python3-module-pbr-buildroot/usr/lib/python3/site-packages/pbr/hooks/metadata.py
compile /usr/src/tmp/python3-module-pbr-buildroot/usr/lib/python3/site-packages/pbr/__init__.py
compile /usr/src/tmp/python3-module-pbr-buildroot/usr/lib/python3/site-packages/pbr/build.py
compile /usr/src/tmp/python3-module-pbr-buildroot/usr/lib/python3/site-packages/pbr/core.py
compile /usr/src/tmp/python3-module-pbr-buildroot/usr/lib/python3/site-packages/pbr/extra_files.py
compile /usr/src/tmp/python3-module-pbr-buildroot/usr/lib/python3/site-packages/pbr/find_package.py
compile /usr/src/tmp/python3-module-pbr-buildroot/usr/lib/python3/site-packages/pbr/git.py
compile /usr/src/tmp/python3-module-pbr-buildroot/usr/lib/python3/site-packages/pbr/options.py
compile /usr/src/tmp/python3-module-pbr-buildroot/usr/lib/python3/site-packages/pbr/packaging.py
compile /usr/src/tmp/python3-module-pbr-buildroot/usr/lib/python3/site-packages/pbr/pbr_json.py
compile /usr/src/tmp/python3-module-pbr-buildroot/usr/lib/python3/site-packages/pbr/testr_command.py
compile /usr/src/tmp/python3-module-pbr-buildroot/usr/lib/python3/site-packages/pbr/util.py
compile /usr/src/tmp/python3-module-pbr-buildroot/usr/lib/python3/site-packages/pbr/version.py
Bytecompiling python3 modules with optimization in /usr/src/tmp/python3-module-pbr-buildroot using /usr/bin/python3 -O
compile /usr/src/tmp/python3-module-pbr-buildroot/usr/lib/python3/site-packages/pbr/cmd/__init__.py
compile /usr/src/tmp/python3-module-pbr-buildroot/usr/lib/python3/site-packages/pbr/cmd/main.py
compile /usr/src/tmp/python3-module-pbr-buildroot/usr/lib/python3/site-packages/pbr/hooks/__init__.py
compile /usr/src/tmp/python3-module-pbr-buildroot/usr/lib/python3/site-packages/pbr/hooks/backwards.py
compile /usr/src/tmp/python3-module-pbr-buildroot/usr/lib/python3/site-packages/pbr/hooks/base.py
compile /usr/src/tmp/python3-module-pbr-buildroot/usr/lib/python3/site-packages/pbr/hooks/commands.py
compile /usr/src/tmp/python3-module-pbr-buildroot/usr/lib/python3/site-packages/pbr/hooks/files.py
compile /usr/src/tmp/python3-module-pbr-buildroot/usr/lib/python3/site-packages/pbr/hooks/metadata.py
compile /usr/src/tmp/python3-module-pbr-buildroot/usr/lib/python3/site-packages/pbr/__init__.py
compile /usr/src/tmp/python3-module-pbr-buildroot/usr/lib/python3/site-packages/pbr/build.py
compile /usr/src/tmp/python3-module-pbr-buildroot/usr/lib/python3/site-packages/pbr/core.py
compile /usr/src/tmp/python3-module-pbr-buildroot/usr/lib/python3/site-packages/pbr/extra_files.py
compile /usr/src/tmp/python3-module-pbr-buildroot/usr/lib/python3/site-packages/pbr/find_package.py
compile /usr/src/tmp/python3-module-pbr-buildroot/usr/lib/python3/site-packages/pbr/git.py
compile /usr/src/tmp/python3-module-pbr-buildroot/usr/lib/python3/site-packages/pbr/options.py
compile /usr/src/tmp/python3-module-pbr-buildroot/usr/lib/python3/site-packages/pbr/packaging.py
compile /usr/src/tmp/python3-module-pbr-buildroot/usr/lib/python3/site-packages/pbr/pbr_json.py
compile /usr/src/tmp/python3-module-pbr-buildroot/usr/lib/python3/site-packages/pbr/testr_command.py
compile /usr/src/tmp/python3-module-pbr-buildroot/usr/lib/python3/site-packages/pbr/util.py
compile /usr/src/tmp/python3-module-pbr-buildroot/usr/lib/python3/site-packages/pbr/version.py
Bytecompiling python3 modules with optimization-2 in /usr/src/tmp/python3-module-pbr-buildroot using /usr/bin/python3 -OO
compile /usr/src/tmp/python3-module-pbr-buildroot/usr/lib/python3/site-packages/pbr/cmd/__init__.py
compile /usr/src/tmp/python3-module-pbr-buildroot/usr/lib/python3/site-packages/pbr/cmd/main.py
compile /usr/src/tmp/python3-module-pbr-buildroot/usr/lib/python3/site-packages/pbr/hooks/__init__.py
compile /usr/src/tmp/python3-module-pbr-buildroot/usr/lib/python3/site-packages/pbr/hooks/backwards.py
compile /usr/src/tmp/python3-module-pbr-buildroot/usr/lib/python3/site-packages/pbr/hooks/base.py
compile /usr/src/tmp/python3-module-pbr-buildroot/usr/lib/python3/site-packages/pbr/hooks/commands.py
compile /usr/src/tmp/python3-module-pbr-buildroot/usr/lib/python3/site-packages/pbr/hooks/files.py
compile /usr/src/tmp/python3-module-pbr-buildroot/usr/lib/python3/site-packages/pbr/hooks/metadata.py
compile /usr/src/tmp/python3-module-pbr-buildroot/usr/lib/python3/site-packages/pbr/__init__.py
compile /usr/src/tmp/python3-module-pbr-buildroot/usr/lib/python3/site-packages/pbr/build.py
compile /usr/src/tmp/python3-module-pbr-buildroot/usr/lib/python3/site-packages/pbr/core.py
compile /usr/src/tmp/python3-module-pbr-buildroot/usr/lib/python3/site-packages/pbr/extra_files.py
compile /usr/src/tmp/python3-module-pbr-buildroot/usr/lib/python3/site-packages/pbr/find_package.py
compile /usr/src/tmp/python3-module-pbr-buildroot/usr/lib/python3/site-packages/pbr/git.py
compile /usr/src/tmp/python3-module-pbr-buildroot/usr/lib/python3/site-packages/pbr/options.py
compile /usr/src/tmp/python3-module-pbr-buildroot/usr/lib/python3/site-packages/pbr/packaging.py
compile /usr/src/tmp/python3-module-pbr-buildroot/usr/lib/python3/site-packages/pbr/pbr_json.py
compile /usr/src/tmp/python3-module-pbr-buildroot/usr/lib/python3/site-packages/pbr/testr_command.py
compile /usr/src/tmp/python3-module-pbr-buildroot/usr/lib/python3/site-packages/pbr/util.py
compile /usr/src/tmp/python3-module-pbr-buildroot/usr/lib/python3/site-packages/pbr/version.py
Hardlinking identical .pyc and .opt-?.pyc files
'./usr/lib/python3/site-packages/pbr/__pycache__/__init__.cpython-312.opt-1.pyc' => './usr/lib/python3/site-packages/pbr/__pycache__/__init__.cpython-312.pyc'
'./usr/lib/python3/site-packages/pbr/__pycache__/__init__.cpython-312.opt-2.pyc' => './usr/lib/python3/site-packages/pbr/__pycache__/__init__.cpython-312.opt-1.pyc'
'./usr/lib/python3/site-packages/pbr/__pycache__/build.cpython-312.opt-1.pyc' => './usr/lib/python3/site-packages/pbr/__pycache__/build.cpython-312.pyc'
'./usr/lib/python3/site-packages/pbr/__pycache__/core.cpython-312.opt-1.pyc' => './usr/lib/python3/site-packages/pbr/__pycache__/core.cpython-312.pyc'
'./usr/lib/python3/site-packages/pbr/__pycache__/extra_files.cpython-312.opt-1.pyc' => './usr/lib/python3/site-packages/pbr/__pycache__/extra_files.cpython-312.pyc'
'./usr/lib/python3/site-packages/pbr/__pycache__/extra_files.cpython-312.opt-2.pyc' => './usr/lib/python3/site-packages/pbr/__pycache__/extra_files.cpython-312.opt-1.pyc'
'./usr/lib/python3/site-packages/pbr/__pycache__/find_package.cpython-312.opt-1.pyc' => './usr/lib/python3/site-packages/pbr/__pycache__/find_package.cpython-312.pyc'
'./usr/lib/python3/site-packages/pbr/__pycache__/git.cpython-312.opt-1.pyc' => './usr/lib/python3/site-packages/pbr/__pycache__/git.cpython-312.pyc'
'./usr/lib/python3/site-packages/pbr/__pycache__/options.cpython-312.opt-1.pyc' => './usr/lib/python3/site-packages/pbr/__pycache__/options.cpython-312.pyc'
'./usr/lib/python3/site-packages/pbr/__pycache__/options.cpython-312.opt-2.pyc' => './usr/lib/python3/site-packages/pbr/__pycache__/options.cpython-312.opt-1.pyc'
'./usr/lib/python3/site-packages/pbr/__pycache__/packaging.cpython-312.opt-1.pyc' => './usr/lib/python3/site-packages/pbr/__pycache__/packaging.cpython-312.pyc'
'./usr/lib/python3/site-packages/pbr/__pycache__/pbr_json.cpython-312.opt-1.pyc' => './usr/lib/python3/site-packages/pbr/__pycache__/pbr_json.cpython-312.pyc'
'./usr/lib/python3/site-packages/pbr/__pycache__/pbr_json.cpython-312.opt-2.pyc' => './usr/lib/python3/site-packages/pbr/__pycache__/pbr_json.cpython-312.opt-1.pyc'
'./usr/lib/python3/site-packages/pbr/__pycache__/testr_command.cpython-312.opt-1.pyc' => './usr/lib/python3/site-packages/pbr/__pycache__/testr_command.cpython-312.pyc'
'./usr/lib/python3/site-packages/pbr/__pycache__/util.cpython-312.opt-1.pyc' => './usr/lib/python3/site-packages/pbr/__pycache__/util.cpython-312.pyc'
'./usr/lib/python3/site-packages/pbr/__pycache__/version.cpython-312.opt-1.pyc' => './usr/lib/python3/site-packages/pbr/__pycache__/version.cpython-312.pyc'
'./usr/lib/python3/site-packages/pbr/cmd/__pycache__/__init__.cpython-312.opt-1.pyc' => './usr/lib/python3/site-packages/pbr/cmd/__pycache__/__init__.cpython-312.pyc'
'./usr/lib/python3/site-packages/pbr/cmd/__pycache__/__init__.cpython-312.opt-2.pyc' => './usr/lib/python3/site-packages/pbr/cmd/__pycache__/__init__.cpython-312.opt-1.pyc'
'./usr/lib/python3/site-packages/pbr/cmd/__pycache__/main.cpython-312.opt-1.pyc' => './usr/lib/python3/site-packages/pbr/cmd/__pycache__/main.cpython-312.pyc'
'./usr/lib/python3/site-packages/pbr/cmd/__pycache__/main.cpython-312.opt-2.pyc' => './usr/lib/python3/site-packages/pbr/cmd/__pycache__/main.cpython-312.opt-1.pyc'
'./usr/lib/python3/site-packages/pbr/hooks/__pycache__/__init__.cpython-312.opt-1.pyc' => './usr/lib/python3/site-packages/pbr/hooks/__pycache__/__init__.cpython-312.pyc'
'./usr/lib/python3/site-packages/pbr/hooks/__pycache__/backwards.cpython-312.opt-1.pyc' => './usr/lib/python3/site-packages/pbr/hooks/__pycache__/backwards.cpython-312.pyc'
'./usr/lib/python3/site-packages/pbr/hooks/__pycache__/backwards.cpython-312.opt-2.pyc' => './usr/lib/python3/site-packages/pbr/hooks/__pycache__/backwards.cpython-312.opt-1.pyc'
'./usr/lib/python3/site-packages/pbr/hooks/__pycache__/base.cpython-312.opt-1.pyc' => './usr/lib/python3/site-packages/pbr/hooks/__pycache__/base.cpython-312.pyc'
'./usr/lib/python3/site-packages/pbr/hooks/__pycache__/base.cpython-312.opt-2.pyc' => './usr/lib/python3/site-packages/pbr/hooks/__pycache__/base.cpython-312.opt-1.pyc'
'./usr/lib/python3/site-packages/pbr/hooks/__pycache__/commands.cpython-312.opt-1.pyc' => './usr/lib/python3/site-packages/pbr/hooks/__pycache__/commands.cpython-312.pyc'
'./usr/lib/python3/site-packages/pbr/hooks/__pycache__/commands.cpython-312.opt-2.pyc' => './usr/lib/python3/site-packages/pbr/hooks/__pycache__/commands.cpython-312.opt-1.pyc'
'./usr/lib/python3/site-packages/pbr/hooks/__pycache__/files.cpython-312.opt-1.pyc' => './usr/lib/python3/site-packages/pbr/hooks/__pycache__/files.cpython-312.pyc'
'./usr/lib/python3/site-packages/pbr/hooks/__pycache__/files.cpython-312.opt-2.pyc' => './usr/lib/python3/site-packages/pbr/hooks/__pycache__/files.cpython-312.opt-1.pyc'
'./usr/lib/python3/site-packages/pbr/hooks/__pycache__/metadata.cpython-312.opt-1.pyc' => './usr/lib/python3/site-packages/pbr/hooks/__pycache__/metadata.cpython-312.pyc'
'./usr/lib/python3/site-packages/pbr/hooks/__pycache__/metadata.cpython-312.opt-2.pyc' => './usr/lib/python3/site-packages/pbr/hooks/__pycache__/metadata.cpython-312.opt-1.pyc'
Executing(%check): /bin/sh -e /usr/src/tmp/rpm-tmp.11446
+ umask 022
+ /bin/mkdir -p /usr/src/RPM/BUILD
+ cd /usr/src/RPM/BUILD
+ cd python3-module-pbr-6.1.1
+ excluded_tests='test_requirement_parsing|test_pep_517_support|test_wsgi_script_run|test_with_argument'
++ cat ./dist/.wheeltracker
+ _tox_wheel=pbr-6.1.1-py2.py3-none-any.whl
+ export NO_INTERNET=YES
+ NO_INTERNET=YES
+ export PIP_NO_BUILD_ISOLATION=NO
+ PIP_NO_BUILD_ISOLATION=NO
+ export PIP_NO_INDEX=YES
+ PIP_NO_INDEX=YES
+ export TOXENV=py3
+ TOXENV=py3
+ export TOX_TESTENV_PASSENV=NO_INTERNET
+ TOX_TESTENV_PASSENV=NO_INTERNET
+ export VIRTUALENV_SYSTEM_SITE_PACKAGES=YES
+ VIRTUALENV_SYSTEM_SITE_PACKAGES=YES
+ /usr/bin/tox.py3 --sitepackages -vr -s false --no-deps --console-scripts --installpkg=./dist/pbr-6.1.1-py2.py3-none-any.whl -- --exclude-regex 'test_requirement_parsing|test_pep_517_support|test_wsgi_script_run|test_with_argument'
py3: relaxing dependencies for test env: py3
py3: passing additional environment variables for test env py3: NO_INTERNET
pep8: relaxing dependencies for test env: pep8
pep8: passing additional environment variables for test env pep8: NO_INTERNET
docs: relaxing dependencies for test env: docs
docs: passing additional environment variables for test env docs: NO_INTERNET
py36: relaxing dependencies for test env: py36
py36: passing additional environment variables for test env py36: NO_INTERNET
releasenotes: relaxing dependencies for test env: releasenotes
releasenotes: passing additional environment variables for test env releasenotes: NO_INTERNET
venv: relaxing dependencies for test env: venv
venv: passing additional environment variables for test env venv: NO_INTERNET
cover: relaxing dependencies for test env: cover
cover: passing additional environment variables for test env cover: NO_INTERNET
.pkg_external: remove tox env folder /usr/src/RPM/BUILD/python3-module-pbr-6.1.1/.tox/.pkg_external
.pkg_external_sdist_meta: remove tox env folder /usr/src/RPM/BUILD/python3-module-pbr-6.1.1/.tox/.pkg_external_sdist_meta
py3: find interpreter for spec PythonSpec(major=3, free_threaded=False)
py3: proposed PythonInfo(spec=CPython3.12.10.final.0-64, exe=/usr/bin/python3, platform=linux, version='3.12.10 (main, Apr 16 2025, 11:02:44) [GCC 14.2.1 20241028 (ALT Sisyphus 14.2.1-alt1)]', encoding_fs_io=utf-8-utf-8)
py3: create virtual environment via CPython3Posix(dest=/usr/src/RPM/BUILD/python3-module-pbr-6.1.1/.tox/py3, clear=False, no_vcs_ignore=False, global=True)
py3: add seed packages via FromAppData(download=False, pip=bundle, via=copy, app_data_dir=/usr/src/.local/share/virtualenv)
py3: add activators for Bash, CShell, Fish, Nushell, PowerShell, Python
py3: installing console scripts
py3: generating console scripts of system packages
py3: generating console scripts of user packages
.pkg_external: find interpreter for spec PythonSpec(path=/usr/bin/python3)
.pkg_external: proposed PythonInfo(spec=CPython3.12.10.final.0-64, exe=/usr/bin/python3, platform=linux, version='3.12.10 (main, Apr 16 2025, 11:02:44) [GCC 14.2.1 20241028 (ALT Sisyphus 14.2.1-alt1)]', encoding_fs_io=utf-8-utf-8)
.pkg_external: create virtual environment via CPython3Posix(dest=/usr/src/RPM/BUILD/python3-module-pbr-6.1.1/.tox/.pkg_external, clear=False, no_vcs_ignore=False, global=True)
.pkg_external: add seed packages via FromAppData(download=False, pip=bundle, via=copy, app_data_dir=/usr/src/.local/share/virtualenv)
.pkg_external: add activators for Bash, CShell, Fish, Nushell, PowerShell, Python
py3: install_package> python -I -m pip install --force-reinstall --no-deps /usr/src/RPM/BUILD/python3-module-pbr-6.1.1/dist/pbr-6.1.1-py2.py3-none-any.whl
py3: exit 0 (0.75 seconds) /usr/src/RPM/BUILD/python3-module-pbr-6.1.1> python -I -m pip install --force-reinstall --no-deps /usr/src/RPM/BUILD/python3-module-pbr-6.1.1/dist/pbr-6.1.1-py2.py3-none-any.whl pid=1601065
py3: commands[0]> stestr run --serial --suppress-attachments --exclude-regex 'test_requirement_parsing|test_pep_517_support|test_wsgi_script_run|test_with_argument'
{0} pbr.tests.test_commands.TestCommands.test_custom_build_py_command [0.221900s] ... ok
{0} pbr.tests.test_commands.TestCommands.test_custom_deb_version_py_command [0.220782s] ... ok
{0} pbr.tests.test_commands.TestCommands.test_custom_rpm_version_py_command [0.225233s] ... ok
{0} pbr.tests.test_commands.TestCommands.test_freeze_command [0.138127s] ... ok
{0} pbr.tests.test_core.TestCore.test_console_script_develop [0.996434s] ... FAILED

Captured traceback:
~~~~~~~~~~~~~~~~~~~
    Traceback (most recent call last):

      File "/usr/src/RPM/BUILD/python3-module-pbr-6.1.1/pbr/tests/test_core.py", line 129, in test_console_script_develop
    self.check_script_install(stdout)

      File "/usr/src/RPM/BUILD/python3-module-pbr-6.1.1/pbr/tests/test_core.py", line 59, in check_script_install
    self.assertIn(install_txt, install_stdout)

      File "/usr/lib/python3/site-packages/testtools/testcase.py", line 425, in assertIn
    self.assertThat(haystack, Contains(needle), message)

      File "/usr/lib/python3/site-packages/testtools/testcase.py", line 509, in assertThat
    raise mismatch_error

    testtools.matchers._impl.MismatchError: 'Installing pbr_test_cmd script to /usr/src/tmp/tmpvqkenexv/tmpiuam0_4t' not in "running develop\nObtaining file:///usr/src/tmp/tmpvqkenexv/tmpiuam0_4t/testpackage\n  Checking if build backend supports build_editable: started\n  Checking if build backend supports build_editable: finished with status 'done'\n  Preparing editable metadata (pyproject.toml): started\n  Preparing editable metadata (pyproject.toml): finished with status 'done'\nINFO: pip is looking at multiple versions of pbr-testpackage to determine which version is compatible with other requirements. This could take a while."


Captured stdout:
~~~~~~~~~~~~~~~~
    Running /usr/src/RPM/BUILD/python3-module-pbr-6.1.1/.tox/py3/bin/python setup.py develop --install-dir=/usr/src/tmp/tmpvqkenexv/tmpiuam0_4t
STDOUT:
running develop
Obtaining file:///usr/src/tmp/tmpvqkenexv/tmpiuam0_4t/testpackage
  Checking if build backend supports build_editable: started
  Checking if build backend supports build_editable: finished with status 'done'
  Preparing editable metadata (pyproject.toml): started
  Preparing editable metadata (pyproject.toml): finished with status 'done'
INFO: pip is looking at multiple versions of pbr-testpackage to determine which version is compatible with other requirements. This could take a while.
STDERR:
/usr/lib64/python3/site-packages/setuptools/dist.py:761: SetuptoolsDeprecationWarning: License classifiers are deprecated.
!!

        ********************************************************************************
        Please consider removing the following classifiers in favor of a SPDX license expression:

        License :: OSI Approved :: BSD License

        See https://packaging.python.org/en/latest/guides/writing-pyproject-toml/#license for details.
        ********************************************************************************

!!
  self._finalize_license_expression()
/usr/lib64/python3/site-packages/setuptools/__init__.py:94: _DeprecatedInstaller: setuptools.installer and fetch_build_eggs are deprecated.
!!

        ********************************************************************************
        Requirements should be satisfied by a PEP 517 installer.
        If you are using pip, you can try `pip install --use-pep517`.
        ********************************************************************************

!!
  dist.fetch_build_eggs(dist.setup_requires)
/usr/lib64/python3/site-packages/setuptools/_distutils/cmd.py:90: DevelopDeprecationWarning: develop command is deprecated.
!!

        ********************************************************************************
        Please avoid running ``setup.py`` and ``develop``.
        Instead, use standards-based tools like pip or uv.

        By 2025-Oct-31, you need to update your project and remove deprecated calls
        or your builds will no longer be supported.

        See https://github.com/pypa/setuptools/issues/917 for details.
        ********************************************************************************

!!
  self.initialize_options()
/usr/lib64/python3/site-packages/setuptools/_distutils/cmd.py:90: SetuptoolsDeprecationWarning: setup.py install is deprecated.
!!

        ********************************************************************************
        Please avoid running ``setup.py`` directly.
        Instead, use pypa/build, pypa/installer or other
        standards-based tools.

        By 2025-Oct-31, you need to update your project and remove deprecated calls
        or your builds will no longer be supported.

        See https://blog.ganssle.io/articles/2021/10/setup-py-deprecated.html for details.
        ********************************************************************************

!!
  self.initialize_options()
/usr/src/RPM/BUILD/python3-module-pbr-6.1.1/.tox/py3/lib/python3/site-packages/pbr/core.py:140: UserWarning: Unknown distribution option: 'tests_require'
  warnings.warn(msg)
/usr/lib64/python3/site-packages/setuptools/dist.py:761: SetuptoolsDeprecationWarning: License classifiers are deprecated.
!!

        ********************************************************************************
        Please consider removing the following classifiers in favor of a SPDX license expression:

        License :: OSI Approved :: BSD License

        See https://packaging.python.org/en/latest/guides/writing-pyproject-toml/#license for details.
        ********************************************************************************

!!
  self._finalize_license_expression()
ERROR: Could not find a version that satisfies the requirement setuptools (from pbr-testpackage) (from versions: none)
ERROR: No matching distribution found for setuptools
Traceback
     (most recent call last):
  File "/usr/src/tmp/tmpvqkenexv/tmpiuam0_4t/testpackage/setup.py", line 18, in <module>
    setuptools.setup(
  File "/usr/lib64/python3/site-packages/setuptools/__init__.py", line 117, in setup
    return distutils.core.setup(**attrs)
           ^^^^^^^^^^^^^^^^^^^^^^^^^^^^^
  File "/usr/lib64/python3/site-packages/setuptools/_distutils/core.py", line 186, in setup
    return run_commands(dist)
           ^^^^^^^^^^^^^^^^^^
  File "/usr/lib64/python3/site-packages/setuptools/_distutils/core.py", line 202, in run_commands
    dist.run_commands()
  File "/usr/lib64/python3/site-packages/setuptools/_distutils/dist.py", line 1002, in run_commands
    self.run_command(cmd)
  File "/usr/lib64/python3/site-packages/setuptools/dist.py", line 1106, in run_command
    super().run_command(command)
  File "/usr/lib64/python3/site-packages/setuptools/_distutils/dist.py", line 1021, in run_command
    cmd_obj.run()
  File "/usr/lib64/python3/site-packages/setuptools/command/develop.py", line 39, in run
    subprocess.check_call(cmd)
  File "/usr/lib64/python3.12/subprocess.py", line 413, in check_call
    raise CalledProcessError(retcode, cmd)
subprocess.CalledProcessError: Command '['/usr/src/RPM/BUILD/python3-module-pbr-6.1.1/.tox/py3/bin/python', '-m', 'pip', 'install', '-e', '.', '--use-pep517', '--target', '/usr/src/tmp/tmpvqkenexv/tmpiuam0_4t']' returned non-zero exit status 1.

{0} pbr.tests.test_core.TestCore.test_console_script_install [0.368770s] ... ok
{0} pbr.tests.test_core.TestCore.test_sdist_extra_files [0.337955s] ... ok
{0} pbr.tests.test_core.TestCore.test_setup_py_keywords [0.472187s] ... ok
{0} pbr.tests.test_core.TestGitSDist.test_sdist_git_extra_files [0.342690s] ... ok
{0} pbr.tests.test_files.FilesConfigTest.test_auto_package [0.006191s] ... ok
{0} pbr.tests.test_files.FilesConfigTest.test_data_files_globbing [0.006054s] ... ok
{0} pbr.tests.test_files.FilesConfigTest.test_data_files_globbing_source_prefix_in_directory_name [0.005832s] ... ok
{0} pbr.tests.test_files.FilesConfigTest.test_data_files_with_spaces [0.006239s] ... ok
{0} pbr.tests.test_files.FilesConfigTest.test_data_files_with_spaces_quoted_components [0.006178s] ... ok
{0} pbr.tests.test_files.FilesConfigTest.test_data_files_with_spaces_subdirectories [0.006584s] ... ok
{0} pbr.tests.test_files.FilesConfigTest.test_implicit_auto_package [0.006106s] ... ok
{0} pbr.tests.test_hooks.TestHooks.test_custom_commands_known ... SKIPPED: testrepository not available
{0} pbr.tests.test_hooks.TestHooks.test_global_setup_hooks [0.243028s] ... ok
{0} pbr.tests.test_integration.TestInstallWithoutPbr.test_install_without_pbr ... SKIPPED: integration tests not enabled
{0} pbr.tests.test_integration.TestIntegration.test_integration ... SKIPPED: integration tests not enabled
{0} pbr.tests.test_integration.TestLTSSupport.test_lts_venv_default_versions(Noble) ... SKIPPED: integration tests not enabled
{0} pbr.tests.test_integration.TestMarkersPip.test_pip_versions(pip-latest) ... SKIPPED: integration tests not enabled
{0} pbr.tests.test_integration.TestMarkersPip.test_pip_versions(Noble) ... SKIPPED: integration tests not enabled
{0} pbr.tests.test_packaging.ParseDependencyLinksTest.test_parse_dependency_normal [0.006469s] ... ok
{0} pbr.tests.test_packaging.ParseDependencyLinksTest.test_parse_dependency_with_git_egg_url [0.005508s] ... ok
{0} pbr.tests.test_packaging.ParseRequirementsTest.test_default_requirements [0.006168s] ... ok
{0} pbr.tests.test_packaging.ParseRequirementsTest.test_empty_requirements [0.005159s] ... ok
{0} pbr.tests.test_packaging.ParseRequirementsTest.test_index_present [0.005608s] ... ok
{0} pbr.tests.test_packaging.ParseRequirementsTest.test_nested_requirements [0.005390s] ... ok
{0} pbr.tests.test_packaging.ParseRequirementsTest.test_override_with_env [0.005409s] ... ok
{0} pbr.tests.test_packaging.ParseRequirementsTest.test_override_with_env_multiple_files [0.005674s] ... ok
{0} pbr.tests.test_packaging.ParseRequirementsTestScenarios.test_parse_requirements(normal) [0.005330s] ... ok
{0} pbr.tests.test_packaging.ParseRequirementsTestScenarios.test_parse_requirements(normal_with_comments) [0.005440s] ... ok
{0} pbr.tests.test_packaging.ParseRequirementsTestScenarios.test_parse_requirements(removes_index_lines) [0.005426s] ... ok
{0} pbr.tests.test_packaging.ParseRequirementsTestScenarios.test_parse_requirements(ssh_egg_url,non-versioned,non-subdirectory) [0.006013s] ... ok
{0} pbr.tests.test_packaging.ParseRequirementsTestScenarios.test_parse_requirements(ssh_egg_url,non-versioned,has-subdirectory) [0.005849s] ... ok
{0} pbr.tests.test_packaging.ParseRequirementsTestScenarios.test_parse_requirements(ssh_egg_url,versioned,non-subdirectory) [0.005307s] ... ok
{0} pbr.tests.test_packaging.ParseRequirementsTestScenarios.test_parse_requirements(ssh_egg_url,versioned,has-subdirectory) [0.005326s] ... ok
{0} pbr.tests.test_packaging.ParseRequirementsTestScenarios.test_parse_requirements(git_https_egg_url,non-versioned,non-subdirectory) [0.005359s] ... ok
{0} pbr.tests.test_packaging.ParseRequirementsTestScenarios.test_parse_requirements(git_https_egg_url,non-versioned,has-subdirectory) [0.005353s] ... ok
{0} pbr.tests.test_packaging.ParseRequirementsTestScenarios.test_parse_requirements(git_https_egg_url,versioned,non-subdirectory) [0.005212s] ... ok
{0} pbr.tests.test_packaging.ParseRequirementsTestScenarios.test_parse_requirements(git_https_egg_url,versioned,has-subdirectory) [0.005492s] ... ok
{0} pbr.tests.test_packaging.ParseRequirementsTestScenarios.test_parse_requirements(http_egg_url,non-versioned,non-subdirectory) [0.005242s] ... ok
{0} pbr.tests.test_packaging.ParseRequirementsTestScenarios.test_parse_requirements(http_egg_url,non-versioned,has-subdirectory) [0.005210s] ... ok
{0} pbr.tests.test_packaging.ParseRequirementsTestScenarios.test_parse_requirements(http_egg_url,versioned,non-subdirectory) [0.005469s] ... ok
{0} pbr.tests.test_packaging.ParseRequirementsTestScenarios.test_parse_requirements(http_egg_url,versioned,has-subdirectory) [0.005333s] ... ok
{0} pbr.tests.test_packaging.ParseRequirementsTestScenarios.test_parse_requirements(git_egg_url,non-editable,non-versioned,non-subdirectory) [0.005213s] ... ok
{0} pbr.tests.test_packaging.ParseRequirementsTestScenarios.test_parse_requirements(git_egg_url,non-editable,non-versioned,has-subdirectory) [0.005598s] ... ok
{0} pbr.tests.test_packaging.ParseRequirementsTestScenarios.test_parse_requirements(git_egg_url,non-editable,versioned,non-subdirectory) [0.005192s] ... ok
{0} pbr.tests.test_packaging.ParseRequirementsTestScenarios.test_parse_requirements(git_egg_url,non-editable,versioned,has-subdirectory) [0.005386s] ... ok
{0} pbr.tests.test_packaging.ParseRequirementsTestScenarios.test_parse_requirements(git_egg_url,editable,non-versioned,non-subdirectory) [0.005480s] ... ok
{0} pbr.tests.test_packaging.ParseRequirementsTestScenarios.test_parse_requirements(git_egg_url,editable,non-versioned,has-subdirectory) [0.005314s] ... ok
{0} pbr.tests.test_packaging.ParseRequirementsTestScenarios.test_parse_requirements(git_egg_url,editable,versioned,non-subdirectory) [0.005424s] ... ok
{0} pbr.tests.test_packaging.ParseRequirementsTestScenarios.test_parse_requirements(git_egg_url,editable,versioned,has-subdirectory) [0.005400s] ... ok
{0} pbr.tests.test_packaging.TestExtrafileInstallation.test_install_glob [0.465409s] ... ok
{0} pbr.tests.test_packaging.TestPackagingHelpers.test_generate_script [0.000079s] ... ok
{0} pbr.tests.test_packaging.TestPackagingHelpers.test_generate_script_validates_expectations [0.000158s] ... ok
{0} pbr.tests.test_packaging.TestPackagingInGitRepoWithCommit.test_authors(preversioned) [0.371515s] ... ok
{0} pbr.tests.test_packaging.TestPackagingInGitRepoWithCommit.test_authors(postversioned) [0.382811s] ... ok
{0} pbr.tests.test_packaging.TestPackagingInGitRepoWithCommit.test_changelog(preversioned) [0.612627s] ... ok
{0} pbr.tests.test_packaging.TestPackagingInGitRepoWithCommit.test_changelog(postversioned) [0.801317s] ... ok
{0} pbr.tests.test_packaging.TestPackagingInGitRepoWithCommit.test_changelog_handles_astrisk(preversioned) [0.759696s] ... ok
{0} pbr.tests.test_packaging.TestPackagingInGitRepoWithCommit.test_changelog_handles_astrisk(postversioned) [0.688031s] ... ok
{0} pbr.tests.test_packaging.TestPackagingInGitRepoWithCommit.test_changelog_handles_backticks(preversioned) [0.890555s] ... ok
{0} pbr.tests.test_packaging.TestPackagingInGitRepoWithCommit.test_changelog_handles_backticks(postversioned) [0.808502s] ... ok
{0} pbr.tests.test_packaging.TestPackagingInGitRepoWithCommit.test_changelog_handles_dead_links_in_commit(preversioned) [0.617732s] ... ok
{0} pbr.tests.test_packaging.TestPackagingInGitRepoWithCommit.test_changelog_handles_dead_links_in_commit(postversioned) [0.580022s] ... ok
{0} pbr.tests.test_packaging.TestPackagingInGitRepoWithCommit.test_install_writes_changelog(preversioned) [0.661359s] ... ok
{0} pbr.tests.test_packaging.TestPackagingInGitRepoWithCommit.test_install_writes_changelog(postversioned) [0.819454s] ... ok
{0} pbr.tests.test_packaging.TestPackagingInGitRepoWithCommit.test_manifest_exclude_honoured(preversioned) [0.605537s] ... ok
{0} pbr.tests.test_packaging.TestPackagingInGitRepoWithCommit.test_manifest_exclude_honoured(postversioned) [0.651025s] ... ok
{0} pbr.tests.test_packaging.TestPackagingInGitRepoWithoutCommit.test_authors [0.667447s] ... ok
{0} pbr.tests.test_packaging.TestPackagingInGitRepoWithoutCommit.test_changelog [0.674347s] ... ok
{0} pbr.tests.test_packaging.TestPackagingInPlainDirectory.test_authors [0.581034s] ... ok
{0} pbr.tests.test_packaging.TestPackagingInPlainDirectory.test_changelog [0.602874s] ... ok
{0} pbr.tests.test_packaging.TestPackagingInPlainDirectory.test_install_no_ChangeLog [0.788062s] ... ok
{0} pbr.tests.test_packaging.TestPackagingWheels.test_data_directory_has_wsgi_scripts [1.014968s] ... ok
{0} pbr.tests.test_packaging.TestPackagingWheels.test_generates_c_extensions [0.858016s] ... ok
{0} pbr.tests.test_packaging.TestPackagingWheels.test_metadata_directory_has_pbr_json [0.947138s] ... ok
{0} pbr.tests.test_packaging.TestPresenceOfGit.testGitIsInstalled [0.011546s] ... ok
{0} pbr.tests.test_packaging.TestPresenceOfGit.testGitIsNotInstalled [0.009446s] ... ok
{0} pbr.tests.test_packaging.TestRepositoryURLDependencies.test_egg_fragment [0.010530s] ... ok
{0} pbr.tests.test_packaging.TestRepositoryURLDependencies.test_parse_repo_url_dependency_links [0.009398s] ... ok
{0} pbr.tests.test_packaging.TestRepositoryURLDependencies.test_parse_repo_url_requirements [0.011394s] ... ok
{0} pbr.tests.test_packaging.TestVersions.test_capitalized_headers(preversioned) [0.393656s] ... ok
{0} pbr.tests.test_packaging.TestVersions.test_capitalized_headers(postversioned) [0.355214s] ... ok
{0} pbr.tests.test_packaging.TestVersions.test_capitalized_headers_partial(preversioned) [0.453952s] ... ok
{0} pbr.tests.test_packaging.TestVersions.test_capitalized_headers_partial(postversioned) [0.340788s] ... ok
{0} pbr.tests.test_packaging.TestVersions.test_email_parsing_errors_are_handled(preversioned) [0.551345s] ... ok
{0} pbr.tests.test_packaging.TestVersions.test_email_parsing_errors_are_handled(postversioned) [0.718918s] ... ok
{0} pbr.tests.test_packaging.TestVersions.test_get_kwargs_corner_cases(preversioned) [0.738352s] ... ok
{0} pbr.tests.test_packaging.TestVersions.test_get_kwargs_corner_cases(postversioned) [0.719582s] ... ok
{0} pbr.tests.test_packaging.TestVersions.test_invalid_tag_ignored(preversioned) [0.911040s] ... ok
{0} pbr.tests.test_packaging.TestVersions.test_invalid_tag_ignored(postversioned) [0.876953s] ... ok
{0} pbr.tests.test_packaging.TestVersions.test_leading_characters_symbol_not_found(preversioned) [0.265871s] ... ok
{0} pbr.tests.test_packaging.TestVersions.test_leading_characters_symbol_not_found(postversioned) [0.463067s] ... ok
{0} pbr.tests.test_packaging.TestVersions.test_leading_space(preversioned) [0.509599s] ... ok
{0} pbr.tests.test_packaging.TestVersions.test_leading_space(postversioned) [0.406292s] ... ok
{0} pbr.tests.test_packaging.TestVersions.test_leading_space_multiline(preversioned) [0.366990s] ... ok
{0} pbr.tests.test_packaging.TestVersions.test_leading_space_multiline(postversioned) [0.491005s] ... ok
{0} pbr.tests.test_packaging.TestVersions.test_multi_inline_symbols_no_space(preversioned) [0.369707s] ... ok
{0} pbr.tests.test_packaging.TestVersions.test_multi_inline_symbols_no_space(postversioned) [0.215423s] ... ok
{0} pbr.tests.test_packaging.TestVersions.test_multi_inline_symbols_reversed(preversioned) [0.450744s] ... ok
{0} pbr.tests.test_packaging.TestVersions.test_multi_inline_symbols_reversed(postversioned) [0.680120s] ... ok
{0} pbr.tests.test_packaging.TestVersions.test_multi_inline_symbols_spaced(preversioned) [0.357681s] ... ok
{0} pbr.tests.test_packaging.TestVersions.test_multi_inline_symbols_spaced(postversioned) [0.248585s] ... ok
{0} pbr.tests.test_packaging.TestVersions.test_non_canonical_tagged_version_bump(preversioned) [0.354617s] ... ok
{0} pbr.tests.test_packaging.TestVersions.test_non_canonical_tagged_version_bump(postversioned) [0.557051s] ... ok
{0} pbr.tests.test_packaging.TestVersions.test_preversion_too_low_semver_headers(preversioned) [0.557941s] ... ok
{0} pbr.tests.test_packaging.TestVersions.test_preversion_too_low_semver_headers(postversioned) [0.687317s] ... ok
{0} pbr.tests.test_packaging.TestVersions.test_preversion_too_low_simple(preversioned) [0.366022s] ... ok
{0} pbr.tests.test_packaging.TestVersions.test_preversion_too_low_simple(postversioned) [0.479318s] ... ok
{0} pbr.tests.test_packaging.TestVersions.test_skip_write_git_changelog(preversioned) [0.230960s] ... ok
{0} pbr.tests.test_packaging.TestVersions.test_skip_write_git_changelog(postversioned) [0.650050s] ... ok
{0} pbr.tests.test_packaging.TestVersions.test_tagged_version_has_tag_version(preversioned) [0.956915s] ... ok
{0} pbr.tests.test_packaging.TestVersions.test_tagged_version_has_tag_version(postversioned) [0.464509s] ... ok
{0} pbr.tests.test_packaging.TestVersions.test_tagged_version_with_semver_compliant_prerelease(preversioned) [0.711272s] ... ok
{0} pbr.tests.test_packaging.TestVersions.test_tagged_version_with_semver_compliant_prerelease(postversioned) [0.306459s] ... ok
{0} pbr.tests.test_packaging.TestVersions.test_untagged_pre_release_has_pre_dev_version_postversion(preversioned) [0.605442s] ... ok
{0} pbr.tests.test_packaging.TestVersions.test_untagged_pre_release_has_pre_dev_version_postversion(postversioned) [0.546263s] ... ok
{0} pbr.tests.test_packaging.TestVersions.test_untagged_version_after_pre_has_dev_version_preversion(preversioned) [0.149943s] ... ok
{0} pbr.tests.test_packaging.TestVersions.test_untagged_version_after_pre_has_dev_version_preversion(postversioned) [0.451202s] ... ok
{0} pbr.tests.test_packaging.TestVersions.test_untagged_version_after_rc_has_dev_version_preversion(preversioned) [0.200208s] ... ok
{0} pbr.tests.test_packaging.TestVersions.test_untagged_version_after_rc_has_dev_version_preversion(postversioned) [0.253481s] ... ok
{0} pbr.tests.test_packaging.TestVersions.test_untagged_version_after_semver_compliant_prerelease_tag(preversioned) [0.326823s] ... ok
{0} pbr.tests.test_packaging.TestVersions.test_untagged_version_after_semver_compliant_prerelease_tag(postversioned) [0.172891s] ... ok
{0} pbr.tests.test_packaging.TestVersions.test_untagged_version_has_dev_version_postversion(preversioned) [0.232428s] ... ok
{0} pbr.tests.test_packaging.TestVersions.test_untagged_version_has_dev_version_postversion(postversioned) [0.548383s] ... ok
{0} pbr.tests.test_packaging.TestVersions.test_untagged_version_has_dev_version_preversion(preversioned) [0.256581s] ... ok
{0} pbr.tests.test_packaging.TestVersions.test_untagged_version_has_dev_version_preversion(postversioned) [0.118125s] ... ok
{0} pbr.tests.test_packaging.TestVersions.test_untagged_version_major_bump(preversioned) [0.115086s] ... ok
{0} pbr.tests.test_packaging.TestVersions.test_untagged_version_major_bump(postversioned) [0.763363s] ... ok
{0} pbr.tests.test_packaging.TestVersions.test_untagged_version_minor_bump(preversioned) [0.252871s] ... ok
{0} pbr.tests.test_packaging.TestVersions.test_untagged_version_minor_bump(postversioned) [0.181778s] ... ok
{0} pbr.tests.test_packaging.TestVersions.test_valid_tag_honoured(preversioned) [0.130427s] ... ok
{0} pbr.tests.test_packaging.TestVersions.test_valid_tag_honoured(postversioned) [0.165340s] ... ok
{0} pbr.tests.test_pbr_json.TestJsonContent.test_content [0.005722s] ... ok
{0} pbr.tests.test_setup.GitLogsTest.test_generate_authors(pre1.8.3) [0.005612s] ... ok
{0} pbr.tests.test_setup.GitLogsTest.test_generate_authors(post1.8.3) [0.005404s] ... ok
{0} pbr.tests.test_setup.GitLogsTest.test_write_git_changelog(pre1.8.3) [0.005672s] ... ok
{0} pbr.tests.test_setup.GitLogsTest.test_write_git_changelog(post1.8.3) [0.005526s] ... ok
{0} pbr.tests.test_setup.SkipFileWrites.test_skip(changelog_option_true) ... SKIPPED: /usr/src/tmp/tmpdhmdknxl/tmpeqw6ipiw/testpackage/.git is missing; skipping git-related checks
{0} pbr.tests.test_setup.SkipFileWrites.test_skip(changelog_option_false) ... SKIPPED: /usr/src/tmp/tmpjewzeax6/tmpfa234rpb/testpackage/.git is missing; skipping git-related checks
{0} pbr.tests.test_setup.SkipFileWrites.test_skip(changelog_env_true) ... SKIPPED: /usr/src/tmp/tmpt0_8pxwx/tmp_h1eezqv/testpackage/.git is missing; skipping git-related checks
{0} pbr.tests.test_setup.SkipFileWrites.test_skip(changelog_both_true) ... SKIPPED: /usr/src/tmp/tmplgbup9bi/tmp04auyk0a/testpackage/.git is missing; skipping git-related checks
{0} pbr.tests.test_setup.SkipFileWrites.test_skip(authors_option_true) ... SKIPPED: /usr/src/tmp/tmptc19kt4s/tmpdqzo2pqn/testpackage/.git is missing; skipping git-related checks
{0} pbr.tests.test_setup.SkipFileWrites.test_skip(authors_option_false) ... SKIPPED: /usr/src/tmp/tmpi31zf6b5/tmpatgn7hle/testpackage/.git is missing; skipping git-related checks
{0} pbr.tests.test_setup.SkipFileWrites.test_skip(authors_env_true) ... SKIPPED: /usr/src/tmp/tmpn1ivyd3j/tmpsx9hunow/testpackage/.git is missing; skipping git-related checks
{0} pbr.tests.test_setup.SkipFileWrites.test_skip(authors_both_true) ... SKIPPED: /usr/src/tmp/tmp5yiliqlc/tmp5b2px1pz/testpackage/.git is missing; skipping git-related checks
{0} pbr.tests.test_util.TestBasics.test_basics [0.006134s] ... ok
{0} pbr.tests.test_util.TestDataFilesParsing.test_handling_of_whitespace_in_data_files(data_files) [0.005153s] ... ok
{0} pbr.tests.test_util.TestExtrasRequireParsingScenarios.test_extras_parsing(simple_extras) [0.005845s] ... ok
{0} pbr.tests.test_util.TestExtrasRequireParsingScenarios.test_extras_parsing(with_markers) [0.005796s] ... ok
{0} pbr.tests.test_util.TestExtrasRequireParsingScenarios.test_extras_parsing(no_extras) [0.005073s] ... ok
{0} pbr.tests.test_util.TestInvalidMarkers.test_invalid_marker_raises_error [0.005198s] ... ok
{0} pbr.tests.test_util.TestKeywordsParsingScenarios.test_keywords_parsing(keywords_list) [0.005100s] ... ok
{0} pbr.tests.test_util.TestKeywordsParsingScenarios.test_keywords_parsing(inline_keywords) [0.005284s] ... ok
{0} pbr.tests.test_util.TestMapFieldsParsingScenarios.test_project_url_parsing(simple_project_urls) [0.005071s] ... ok
{0} pbr.tests.test_util.TestMapFieldsParsingScenarios.test_project_url_parsing(query_parameters) [0.005144s] ... ok
{0} pbr.tests.test_util.TestProvidesExtras.test_provides_extras [0.005225s] ... ok
{0} pbr.tests.test_util.TestUTF8DescriptionFile.test_utf8_description_file [0.005212s] ... ok
{0} pbr.tests.test_version.TestSemanticVersion.test_alpha_default_version [0.004997s] ... ok
{0} pbr.tests.test_version.TestSemanticVersion.test_alpha_dev_version [0.005542s] ... ok
{0} pbr.tests.test_version.TestSemanticVersion.test_alpha_major_zero_version [0.005331s] ... ok
{0} pbr.tests.test_version.TestSemanticVersion.test_alpha_version [0.005188s] ... ok
{0} pbr.tests.test_version.TestSemanticVersion.test_alpha_zero_version [0.005601s] ... ok
{0} pbr.tests.test_version.TestSemanticVersion.test_beta_dev_version [0.005210s] ... ok
{0} pbr.tests.test_version.TestSemanticVersion.test_beta_version [0.005201s] ... ok
{0} pbr.tests.test_version.TestSemanticVersion.test_decrement_nonrelease [0.005456s] ... ok
{0} pbr.tests.test_version.TestSemanticVersion.test_decrement_nonrelease_zero [0.005127s] ... ok
{0} pbr.tests.test_version.TestSemanticVersion.test_decrement_release [0.005230s] ... ok
{0} pbr.tests.test_version.TestSemanticVersion.test_dev_no_git_version [0.005530s] ... ok
{0} pbr.tests.test_version.TestSemanticVersion.test_dev_version [0.005221s] ... ok
{0} pbr.tests.test_version.TestSemanticVersion.test_dev_zero_version [0.005201s] ... ok
{0} pbr.tests.test_version.TestSemanticVersion.test_final_version [0.005429s] ... ok
{0} pbr.tests.test_version.TestSemanticVersion.test_from_pip_string_legacy_alpha [0.005678s] ... ok
{0} pbr.tests.test_version.TestSemanticVersion.test_from_pip_string_legacy_no_0_prerelease [0.005228s] ... ok
{0} pbr.tests.test_version.TestSemanticVersion.test_from_pip_string_legacy_no_0_prerelease_2 [0.005231s] ... ok
{0} pbr.tests.test_version.TestSemanticVersion.test_from_pip_string_legacy_non_440_beta [0.005100s] ... ok
{0} pbr.tests.test_version.TestSemanticVersion.test_from_pip_string_legacy_nonzero_lead_in [0.005020s] ... ok
{0} pbr.tests.test_version.TestSemanticVersion.test_from_pip_string_legacy_postN [0.005186s] ... ok
{0} pbr.tests.test_version.TestSemanticVersion.test_from_pip_string_legacy_short_nonzero_lead_in [0.005155s] ... ok
{0} pbr.tests.test_version.TestSemanticVersion.test_from_pip_string_non_digit_start [0.005053s] ... ok
{0} pbr.tests.test_version.TestSemanticVersion.test_from_pip_string_pure_git_hash [0.005334s] ... ok
{0} pbr.tests.test_version.TestSemanticVersion.test_from_pip_string_v_version [0.005226s] ... ok
{0} pbr.tests.test_version.TestSemanticVersion.test_increment_nonrelease [0.005099s] ... ok
{0} pbr.tests.test_version.TestSemanticVersion.test_increment_release [0.005374s] ... ok
{0} pbr.tests.test_version.TestSemanticVersion.test_ordering [0.006505s] ... ok
{0} pbr.tests.test_version.TestSemanticVersion.test_parsing_short_forms [0.005420s] ... ok
{0} pbr.tests.test_version.TestSemanticVersion.test_rc_dev_version [0.005569s] ... ok
{0} pbr.tests.test_version.TestSemanticVersion.test_rc_version [0.005022s] ... ok
{0} pbr.tests.test_version.TestSemanticVersion.test_to_dev [0.005076s] ... ok
{0} pbr.tests.test_wsgi.TestWsgiScripts.test_wsgi_script_install [0.403196s] ... ok

==============================
Failed 1 tests - output below:
==============================

pbr.tests.test_core.TestCore.test_console_script_develop
--------------------------------------------------------

Captured traceback:
~~~~~~~~~~~~~~~~~~~
    Traceback (most recent call last):

      File "/usr/src/RPM/BUILD/python3-module-pbr-6.1.1/pbr/tests/test_core.py", line 129, in test_console_script_develop
    self.check_script_install(stdout)

      File "/usr/src/RPM/BUILD/python3-module-pbr-6.1.1/pbr/tests/test_core.py", line 59, in check_script_install
    self.assertIn(install_txt, install_stdout)

      File "/usr/lib/python3/site-packages/testtools/testcase.py", line 425, in assertIn
    self.assertThat(haystack, Contains(needle), message)

      File "/usr/lib/python3/site-packages/testtools/testcase.py", line 509, in assertThat
    raise mismatch_error

    testtools.matchers._impl.MismatchError: 'Installing pbr_test_cmd script to /usr/src/tmp/tmpvqkenexv/tmpiuam0_4t' not in "running develop\nObtaining file:///usr/src/tmp/tmpvqkenexv/tmpiuam0_4t/testpackage\n  Checking if build backend supports build_editable: started\n  Checking if build backend supports build_editable: finished with status 'done'\n  Preparing editable metadata (pyproject.toml): started\n  Preparing editable metadata (pyproject.toml): finished with status 'done'\nINFO: pip is looking at multiple versions of pbr-testpackage to determine which version is compatible with other requirements. This could take a while."


Captured stdout:
~~~~~~~~~~~~~~~~
    Running /usr/src/RPM/BUILD/python3-module-pbr-6.1.1/.tox/py3/bin/python setup.py develop --install-dir=/usr/src/tmp/tmpvqkenexv/tmpiuam0_4t
STDOUT:
running develop
Obtaining file:///usr/src/tmp/tmpvqkenexv/tmpiuam0_4t/testpackage
  Checking if build backend supports build_editable: started
  Checking if build backend supports build_editable: finished with status 'done'
  Preparing editable metadata (pyproject.toml): started
  Preparing editable metadata (pyproject.toml): finished with status 'done'
INFO: pip is looking at multiple versions of pbr-testpackage to determine which version is compatible with other requirements. This could take a while.
STDERR:
/usr/lib64/python3/site-packages/setuptools/dist.py:761: SetuptoolsDeprecationWarning: License classifiers are deprecated.
!!

        ********************************************************************************
        Please consider removing the following classifiers in favor of a SPDX license expression:

        License :: OSI Approved :: BSD License

        See https://packaging.python.org/en/latest/guides/writing-pyproject-toml/#license for details.
        ********************************************************************************

!!
  self._finalize_license_expression()
/usr/lib64/python3/site-packages/setuptools/__init__.py:94: _DeprecatedInstaller: setuptools.installer and fetch_build_eggs are deprecated.
!!

        ********************************************************************************
        Requirements should be satisfied by a PEP 517 installer.
        If you are using pip, you can try `pip install --use-pep517`.
        ********************************************************************************

!!
  dist.fetch_build_eggs(dist.setup_requires)
/usr/lib64/python3/site-packages/setuptools/_distutils/cmd.py:90: DevelopDeprecationWarning: develop command is deprecated.
!!

        ********************************************************************************
        Please avoid running ``setup.py`` and ``develop``.
        Instead, use standards-based tools like pip or uv.

        By 2025-Oct-31, you need to update your project and remove deprecated calls
        or your builds will no longer be supported.

        See https://github.com/pypa/setuptools/issues/917 for details.
        ********************************************************************************

!!
  self.initialize_options()
/usr/lib64/python3/site-packages/setuptools/_distutils/cmd.py:90: SetuptoolsDeprecationWarning: setup.py install is deprecated.
!!

        ********************************************************************************
        Please avoid running ``setup.py`` directly.
        Instead, use pypa/build, pypa/installer or other
        standards-based tools.

        By 2025-Oct-31, you need to update your project and remove deprecated calls
        or your builds will no longer be supported.

        See https://blog.ganssle.io/articles/2021/10/setup-py-deprecated.html for details.
        ********************************************************************************

!!
  self.initialize_options()
/usr/src/RPM/BUILD/python3-module-pbr-6.1.1/.tox/py3/lib/python3/site-packages/pbr/core.py:140: UserWarning: Unknown distribution option: 'tests_require'
  warnings.warn(msg)
/usr/lib64/python3/site-packages/setuptools/dist.py:761: SetuptoolsDeprecationWarning: License classifiers are deprecated.
!!

        ********************************************************************************
        Please consider removing the following classifiers in favor of a SPDX license expression:

        License :: OSI Approved :: BSD License

        See https://packaging.python.org/en/latest/guides/writing-pyproject-toml/#license for details.
        ********************************************************************************

!!
  self._finalize_license_expression()
ERROR: Could not find a version that satisfies the requirement setuptools (from pbr-testpackage) (from versions: none)
ERROR: No matching distribution found for setuptools
Traceback
     (most recent call last):
  File "/usr/src/tmp/tmpvqkenexv/tmpiuam0_4t/testpackage/setup.py", line 18, in <module>
    setuptools.setup(
  File "/usr/lib64/python3/site-packages/setuptools/__init__.py", line 117, in setup
    return distutils.core.setup(**attrs)
           ^^^^^^^^^^^^^^^^^^^^^^^^^^^^^
  File "/usr/lib64/python3/site-packages/setuptools/_distutils/core.py", line 186, in setup
    return run_commands(dist)
           ^^^^^^^^^^^^^^^^^^
  File "/usr/lib64/python3/site-packages/setuptools/_distutils/core.py", line 202, in run_commands
    dist.run_commands()
  File "/usr/lib64/python3/site-packages/setuptools/_distutils/dist.py", line 1002, in run_commands
    self.run_command(cmd)
  File "/usr/lib64/python3/site-packages/setuptools/dist.py", line 1106, in run_command
    super().run_command(command)
  File "/usr/lib64/python3/site-packages/setuptools/_distutils/dist.py", line 1021, in run_command
    cmd_obj.run()
  File "/usr/lib64/python3/site-packages/setuptools/command/develop.py", line 39, in run
    subprocess.check_call(cmd)
  File "/usr/lib64/python3.12/subprocess.py", line 413, in check_call
    raise CalledProcessError(retcode, cmd)
subprocess.CalledProcessError: Command '['/usr/src/RPM/BUILD/python3-module-pbr-6.1.1/.tox/py3/bin/python', '-m', 'pip', 'install', '-e', '.', '--use-pep517', '--target', '/usr/src/tmp/tmpvqkenexv/tmpiuam0_4t']' returned non-zero exit status 1.



======
Totals
======
Ran: 193 tests in 43.1655 sec.
 - Passed: 178
 - Skipped: 14
 - Expected Fail: 0
 - Unexpected Success: 0
 - Failed: 1
Sum of execute time for each test: 43.0511 sec.

==============
Worker Balance
==============
 - Worker 0 (193 tests) => 0:00:43.165548
py3: exit 1 (44.07 seconds) /usr/src/RPM/BUILD/python3-module-pbr-6.1.1> stestr run --serial --suppress-attachments --exclude-regex 'test_requirement_parsing|test_pep_517_support|test_wsgi_script_run|test_with_argument' pid=1605520
  py3: FAIL code 1 (45.04=setup[0.97]+cmd[44.07] seconds)
  evaluation failed :( (45.12 seconds)
error: Bad exit status from /usr/src/tmp/rpm-tmp.11446 (%check)


RPM build errors:
    Bad exit status from /usr/src/tmp/rpm-tmp.11446 (%check)
Command exited with non-zero status 1
34.25user 8.28system 0:46.75elapsed 90%CPU (0avgtext+0avgdata 47564maxresident)k
0inputs+0outputs (0major+820033minor)pagefaults 0swaps
hsh-rebuild: rebuild of `python3-module-pbr-6.1.1-alt1.src.rpm' failed.
Command exited with non-zero status 1
5.18user 3.64system 1:03.74elapsed 13%CPU (0avgtext+0avgdata 141528maxresident)k
0inputs+0outputs (0major+359535minor)pagefaults 0swaps
