<86>May 16 02:27:49 userdel[3628972]: delete user 'rooter'
<86>May 16 02:27:49 userdel[3628972]: removed group 'rooter' owned by 'rooter'
<86>May 16 02:27:49 userdel[3628972]: removed shadow group 'rooter' owned by 'rooter'
<86>May 16 02:27:49 groupadd[3629032]: group added to /etc/group: name=rooter, GID=1838
<86>May 16 02:27:49 groupadd[3629032]: group added to /etc/gshadow: name=rooter
<86>May 16 02:27:49 groupadd[3629032]: new group: name=rooter, GID=1838
<86>May 16 02:27:49 useradd[3629097]: new user: name=rooter, UID=1838, GID=1838, home=/root, shell=/bin/bash, from=none
<86>May 16 02:27:49 userdel[3629168]: delete user 'builder'
<86>May 16 02:27:49 userdel[3629168]: removed group 'builder' owned by 'builder'
<86>May 16 02:27:49 userdel[3629168]: removed shadow group 'builder' owned by 'builder'
<86>May 16 02:27:49 groupadd[3629215]: group added to /etc/group: name=builder, GID=1839
<86>May 16 02:27:49 groupadd[3629215]: group added to /etc/gshadow: name=builder
<86>May 16 02:27:49 groupadd[3629215]: new group: name=builder, GID=1839
<86>May 16 02:27:49 useradd[3629251]: new user: name=builder, UID=1839, GID=1839, home=/usr/src, shell=/bin/bash, from=none
<13>May 16 02:27:54 rpmi: libmpdec3-2.5.1-alt3 sisyphus+314490.500.5.1 1675432004 installed
<13>May 16 02:27:54 rpmi: libgdbm-1.8.3-alt10 sisyphus+346222.200.3.2 1716468404 installed
<13>May 16 02:27:54 rpmi: libexpat-2.7.1-alt1 sisyphus+379929.100.1.1 1743519381 installed
<13>May 16 02:27:54 rpmi: openssl-config-3.2.0-alt1 sisyphus+366659.140.4.1 1736956949 installed
<13>May 16 02:27:54 rpmi: libb2-0.98.1-alt1_1 sisyphus+291614.100.1.1 1638962877 installed
<13>May 16 02:27:54 rpmi: libp11-kit-1:0.25.5-alt1 sisyphus+352553.100.1.1 1720622573 installed
<13>May 16 02:27:54 rpmi: libtasn1-4.20.0-alt2 sisyphus+375829.100.1.1 1740299335 installed
<13>May 16 02:27:54 rpmi: rpm-macros-alternatives-0.5.3-alt1 sisyphus+371878.100.1.1 1737988822 installed
<13>May 16 02:27:54 rpmi: alternatives-0.5.3-alt1 sisyphus+371878.100.1.1 1737988822 installed
<13>May 16 02:27:54 rpmi: ca-certificates-2025.05.12-alt1 sisyphus+383903.200.2.1 1747060316 installed
<13>May 16 02:27:54 rpmi: ca-trust-0.2.0-alt1 sisyphus+344843.100.1.1 1712743326 installed
<13>May 16 02:27:54 rpmi: p11-kit-trust-1:0.25.5-alt1 sisyphus+352553.100.1.1 1720622573 installed
<13>May 16 02:27:54 rpmi: libcrypto3-3.3.3-alt1 sisyphus+374381.40.2.1 1739299401 installed
<13>May 16 02:27:55 rpmi: libssl3-3.3.3-alt1 sisyphus+374381.40.2.1 1739299401 installed
<13>May 16 02:27:55 rpmi: python3-3.12.10-alt1 sisyphus+381757.100.1.1 1744802808 installed
<13>May 16 02:27:55 rpmi: python3-base-3.12.10-alt1 sisyphus+381757.100.1.1 1744802808 installed
<13>May 16 02:27:55 rpmi: python3-module-py3dephell-0.3.1-alt1 sisyphus+365261.200.1.1 1734463433 installed
<13>May 16 02:27:55 rpmi: python3-module-pyproject-installer-0.5.5-alt2 sisyphus+366395.100.1.1 1735032014 installed
<13>May 16 02:27:55 rpmi: rpm-macros-pyproject-0.0.9-alt1 sisyphus+362541.300.2.1 1731671840 installed
<13>May 16 02:27:55 rpmi: tests-for-installed-python3-pkgs-0.1.28-alt1 sisyphus+375953.100.2.1 1740855713 installed
<13>May 16 02:27:55 rpmi: rpm-build-python3-0.1.28-alt1 sisyphus+375953.100.2.1 1740855713 installed
<13>May 16 02:27:55 rpmi: rpm-build-pyproject-0.0.9-alt1 sisyphus+362541.300.2.1 1731671840 installed
<13>May 16 02:27:59 rpmi: python3-module-more-itertools-10.6.0-alt1 sisyphus+369595.100.2.1 1737017267 installed
<13>May 16 02:27:59 rpmi: python3-module-markupsafe-1:3.0.2-alt1 sisyphus+360209.100.1.1 1729323052 installed
<13>May 16 02:27:59 rpmi: python3-module-werkzeug-3.1.3-alt1 sisyphus+361875.200.2.1 1731337173 installed
<13>May 16 02:27:59 rpmi: python3-module-jaraco.functools-4.1.0-alt1.1 sisyphus+376369.24200.10.1 1746632566 installed
<13>May 16 02:27:59 rpmi: python3-module-packaging-25.0-alt1 sisyphus+382195.100.1.1 1745223121 installed
<13>May 16 02:27:59 rpmi: python3-module-jinja2-3.1.6-alt1 sisyphus+377889.1500.2.1 1742249941 installed
<13>May 16 02:27:59 rpmi: python3-module-urllib3-2:2.4.0-alt1 sisyphus+381271.100.2.1 1744618213 installed
<13>May 16 02:27:59 rpmi: python3-module-pluggy-1.5.0-alt1 sisyphus+345632.100.2.1 1713864244 installed
<13>May 16 02:27:59 rpmi: python3-module-wheel-0.45.1-alt3 sisyphus+384059.500.2.1 1747240259 installed
<13>May 16 02:27:59 rpmi: python3-module-platformdirs-4.3.7-alt1 sisyphus+378659.100.2.1 1742562597 installed
<13>May 16 02:27:59 rpmi: python3-module-jaraco.context-6.0.1-alt1.1 sisyphus+376369.6200.10.1 1746628448 installed
<13>May 16 02:27:59 rpmi: python3-module-iniconfig-2.1.0-alt1 sisyphus+378658.100.2.1 1742493599 installed
<13>May 16 02:28:00 rpmi: python3-module-idna-3.10-alt1 sisyphus+358681.100.1.1 1727701241 installed
<13>May 16 02:28:00 rpmi: python3-module-six-1.17.0-alt1.1 sisyphus+373470.100.1.1 1738920023 installed
<13>May 16 02:28:00 rpmi: python3-module-psutil-7.0.0-alt1 sisyphus+378483.100.1.1 1742330008 installed
<13>May 16 02:28:00 rpmi: python3-module-objgraph-3.6.2-alt1 sisyphus+359468.100.1.1 1728573508 installed
<13>May 16 02:28:00 rpmi: python3-module-greenlet-3.2.2-alt1 sisyphus+383924.100.1.2 1747067810 installed
<13>May 16 02:28:00 rpmi: python3-module-itsdangerous-2.2.0-alt1 sisyphus+345793.200.2.1 1714032239 installed
<13>May 16 02:28:00 rpmi: python3-module-decorator-5.2.1-alt1 sisyphus+376067.100.1.1 1740491622 installed
<13>May 16 02:28:00 rpmi: python3-module-click-8.1.8-alt1 sisyphus+366297.100.1.1 1734946237 installed
<13>May 16 02:28:00 rpmi: python3-module-charset-normalizer-3.2.0-alt1 sisyphus+347396.200.2.1 1714733155 installed
<13>May 16 02:28:00 rpmi: python3-module-pycparser-2.22-alt1 sisyphus+378485.100.1.1 1742331206 installed
<13>May 16 02:28:00 rpmi: python3-module-cffi-1.17.1-alt1 sisyphus+357396.100.1.1 1726156476 installed
<13>May 16 02:28:00 rpmi: python3-module-brotlicffi-1.1.0.0-alt1 sisyphus+333513.57100.77.1 1704963683 installed
<13>May 16 02:28:00 rpmi: python3-module-blinker-1.9.0-alt1 sisyphus+362571.300.7.1 1734000808 installed
<13>May 16 02:28:00 rpmi: python3-module-flask-3.1.0-alt1 sisyphus+362571.400.7.1 1734000837 installed
<13>May 16 02:28:00 rpmi: python3-module-autocommand-2.2.2-alt1.1 sisyphus+339714.100.1.1 1706968174 installed
<13>May 16 02:28:00 rpmi: python3-module-jaraco.text-4.0.0-alt1.1 sisyphus+376369.7300.10.1 1746628739 installed
<13>May 16 02:28:00 rpmi: python3-module-pkg_resources-1:80.4.0-alt1 sisyphus+384059.100.2.1 1747240150 installed
<13>May 16 02:28:00 rpmi: libpython3-3.12.10-alt1 sisyphus+381757.100.1.1 1744802808 installed
<13>May 16 02:28:00 rpmi: libncurses6-6.3.20220618-alt4 sisyphus+327286.4600.14.1 1711486705 installed
<13>May 16 02:28:00 rpmi: libtinfo-devel-6.3.20220618-alt4 sisyphus+327286.4600.14.1 1711486705 installed
<13>May 16 02:28:00 rpmi: libncurses-devel-6.3.20220618-alt4 sisyphus+327286.4600.14.1 1711486705 installed
<13>May 16 02:28:01 rpmi: python3-dev-3.12.10-alt1 sisyphus+381757.100.1.1 1744802808 installed
<13>May 16 02:28:01 rpmi: python3-module-setuptools-1:80.4.0-alt1 sisyphus+384059.100.2.1 1747240150 installed
<13>May 16 02:28:01 rpmi: python3-module-httpbin-0.10.2-alt2 sisyphus+380088.100.1.1 1743681739 installed
<13>May 16 02:28:01 rpmi: python3-module-requests-2.32.3-alt1 sisyphus+349946.100.1.1 1717059877 installed
<13>May 16 02:28:01 rpmi: python3-module-pytest-8.3.5-alt2 sisyphus+383865.100.1.1 1747039699 installed
warning: File /usr/src/in/source/python3-module-pytest-httpbin-2.1.0-alt.patch is smaller than 8 bytes
Building target platforms: x86_64
Building for target x86_64
Wrote: /usr/src/in/nosrpm/python3-module-pytest-httpbin-2.1.0-alt1.nosrc.rpm (w1.gzdio)
warning: File /usr/src/RPM/SOURCES/python3-module-pytest-httpbin-2.1.0-alt.patch is smaller than 8 bytes
Installing python3-module-pytest-httpbin-2.1.0-alt1.src.rpm
Building target platforms: x86_64
Building for target x86_64
Executing(%prep): /bin/sh -e /usr/src/tmp/rpm-tmp.24170
+ umask 022
+ /bin/mkdir -p /usr/src/RPM/BUILD
+ cd /usr/src/RPM/BUILD
+ cd /usr/src/RPM/BUILD
+ rm -rf python3-module-pytest-httpbin-2.1.0
+ echo 'Source #0 (python3-module-pytest-httpbin-2.1.0.tar):'
Source #0 (python3-module-pytest-httpbin-2.1.0.tar):
+ /bin/tar -xf /usr/src/RPM/SOURCES/python3-module-pytest-httpbin-2.1.0.tar
+ cd python3-module-pytest-httpbin-2.1.0
+ /bin/chmod -c -Rf u+rwX,go-w .
+ echo 'Patch #0 (python3-module-pytest-httpbin-2.1.0-alt.patch):'
Patch #0 (python3-module-pytest-httpbin-2.1.0-alt.patch):
+ /usr/bin/patch -p1
+ /usr/bin/python3 -m pyproject_installer deps --depsconfig /usr/src/RPM/SOURCES/pyproject_deps.json show pep518
+ /usr/bin/python3 -m pyproject_installer deps --depsconfig /usr/src/RPM/SOURCES/pyproject_deps.json sync pep518 --verify --verify-exclude 'wheel$'
+ /usr/bin/python3 -m pyproject_installer deps --depsconfig /usr/src/RPM/SOURCES/pyproject_deps.json show pep517
+ /usr/bin/python3 -m pyproject_installer deps --depsconfig /usr/src/RPM/SOURCES/pyproject_deps.json sync pep517 --verify --verify-exclude 'wheel$'
+ /usr/bin/python3 -m pyproject_installer deps --depsconfig /usr/src/RPM/SOURCES/pyproject_deps.json show metadata
+ /usr/bin/python3 -m pyproject_installer deps --depsconfig /usr/src/RPM/SOURCES/pyproject_deps.json sync metadata --verify
INFO     : Building metadata
INFO     : Building metadata with prepare_metadata_for_build_wheel
INFO     : Source tree: /usr/src/RPM/BUILD/python3-module-pytest-httpbin-2.1.0
INFO     : Output dir: /usr/src/tmp/tmpevg7rbow
+ exit 0
Executing(%build): /bin/sh -e /usr/src/tmp/rpm-tmp.29064
+ umask 022
+ /bin/mkdir -p /usr/src/RPM/BUILD
+ cd /usr/src/RPM/BUILD
+ cd python3-module-pytest-httpbin-2.1.0
+ export 'CFLAGS=-pipe -frecord-gcc-switches -Wall -g -O2 -flto=auto'
+ CFLAGS='-pipe -frecord-gcc-switches -Wall -g -O2 -flto=auto'
+ export 'CXXFLAGS=-pipe -frecord-gcc-switches -Wall -g -O2 -flto=auto'
+ CXXFLAGS='-pipe -frecord-gcc-switches -Wall -g -O2 -flto=auto'
+ export 'FFLAGS=-pipe -frecord-gcc-switches -Wall -g -O2 -flto=auto'
+ FFLAGS='-pipe -frecord-gcc-switches -Wall -g -O2 -flto=auto'
+ /usr/bin/python3 -m pyproject_installer -v build
INFO     : pyproject_installer.build_cmd._build : Building wheel
INFO     : pyproject_installer.build_cmd._build : Source tree: /usr/src/RPM/BUILD/python3-module-pytest-httpbin-2.1.0
INFO     : pyproject_installer.build_cmd._build : Output dir: /usr/src/RPM/BUILD/python3-module-pytest-httpbin-2.1.0/dist
DEBUG    : pyproject_installer.lib.build_backend : Validating source path
DEBUG    : pyproject_installer.lib.build_backend : Checking for PEP517 spec
DEBUG    : pyproject_installer.lib.build_backend : Parsing configuration file: /usr/src/RPM/BUILD/python3-module-pytest-httpbin-2.1.0/pyproject.toml
INFO     : backend_caller.py : Calling hook build_wheel in subprocess
INFO     : backend_caller.py : Build backend: setuptools.build_meta
INFO     : backend_caller.py : Hook args: ['/usr/src/RPM/BUILD/python3-module-pytest-httpbin-2.1.0/dist']
INFO     : backend_caller.py : Hook kwargs: {'config_settings': None}
/usr/lib64/python3/site-packages/setuptools/config/_apply_pyprojecttoml.py:82: SetuptoolsDeprecationWarning: `project.license` as a TOML table is deprecated
!!

        ********************************************************************************
        Please use a simple string containing a SPDX expression for `project.license`. You can also use `project.license-files`. (Both options available on setuptools>=77.0.0).

        By 2026-Feb-18, you need to update your project and remove deprecated calls
        or your builds will no longer be supported.

        See https://packaging.python.org/en/latest/guides/writing-pyproject-toml/#license for details.
        ********************************************************************************

!!
  corresp(dist, value, root_dir)
/usr/lib64/python3/site-packages/setuptools/config/_apply_pyprojecttoml.py:61: SetuptoolsDeprecationWarning: License classifiers are deprecated.
!!

        ********************************************************************************
        Please consider removing the following classifiers in favor of a SPDX license expression:

        License :: OSI Approved :: MIT License

        See https://packaging.python.org/en/latest/guides/writing-pyproject-toml/#license for details.
        ********************************************************************************

!!
  dist._finalize_license_expression()
/usr/lib64/python3/site-packages/setuptools/dist.py:761: SetuptoolsDeprecationWarning: License classifiers are deprecated.
!!

        ********************************************************************************
        Please consider removing the following classifiers in favor of a SPDX license expression:

        License :: OSI Approved :: MIT License

        See https://packaging.python.org/en/latest/guides/writing-pyproject-toml/#license for details.
        ********************************************************************************

!!
  self._finalize_license_expression()
INFO     : root : running bdist_wheel
INFO     : root : running build
INFO     : root : running build_py
INFO     : root : creating build/lib/pytest_httpbin
INFO     : root : copying pytest_httpbin/version.py -> build/lib/pytest_httpbin
INFO     : root : copying pytest_httpbin/serve.py -> build/lib/pytest_httpbin
INFO     : root : copying pytest_httpbin/plugin.py -> build/lib/pytest_httpbin
INFO     : root : copying pytest_httpbin/certs.py -> build/lib/pytest_httpbin
INFO     : root : copying pytest_httpbin/__init__.py -> build/lib/pytest_httpbin
INFO     : root : running egg_info
INFO     : root : writing pytest_httpbin.egg-info/PKG-INFO
INFO     : root : writing dependency_links to pytest_httpbin.egg-info/dependency_links.txt
INFO     : root : writing entry points to pytest_httpbin.egg-info/entry_points.txt
INFO     : root : writing requirements to pytest_httpbin.egg-info/requires.txt
INFO     : root : writing top-level names to pytest_httpbin.egg-info/top_level.txt
INFO     : root : reading manifest file 'pytest_httpbin.egg-info/SOURCES.txt'
INFO     : root : reading manifest template 'MANIFEST.in'
INFO     : root : adding license file 'LICENSE'
INFO     : root : writing manifest file 'pytest_httpbin.egg-info/SOURCES.txt'
/usr/lib64/python3/site-packages/setuptools/command/build_py.py:212: _Warning: Package 'pytest_httpbin.certs' is absent from the `packages` configuration.
!!

        ********************************************************************************
        ############################
        # Package would be ignored #
        ############################
        Python recognizes 'pytest_httpbin.certs' as an importable package[^1],
        but it is absent from setuptools' `packages` configuration.

        This leads to an ambiguous overall configuration. If you want to distribute this
        package, please make sure that 'pytest_httpbin.certs' is explicitly added
        to the `packages` configuration field.

        Alternatively, you can also rely on setuptools' discovery methods
        (for example by using `find_namespace_packages(...)`/`find_namespace:`
        instead of `find_packages(...)`/`find:`).

        You can read more about "package discovery" on setuptools documentation page:

        - https://setuptools.pypa.io/en/latest/userguide/package_discovery.html

        If you don't want 'pytest_httpbin.certs' to be distributed and are
        already explicitly excluding 'pytest_httpbin.certs' via
        `find_namespace_packages(...)/find_namespace` or `find_packages(...)/find`,
        you can try to use `exclude_package_data`, or `include-package-data=False` in
        combination with a more fine grained `package-data` configuration.

        You can read more about "package data files" on setuptools documentation page:

        - https://setuptools.pypa.io/en/latest/userguide/datafiles.html


        [^1]: For Python, any directory (with suitable naming) can be imported,
              even if it does not contain any `.py` files.
              On the other hand, currently there is no concept of package data
              directory, all directories are treated like packages.
        ********************************************************************************

!!
  check.warn(importable)
INFO     : root : creating build/lib/pytest_httpbin/certs
INFO     : root : copying pytest_httpbin/certs/README.md -> build/lib/pytest_httpbin/certs
INFO     : root : copying pytest_httpbin/certs/client.pem -> build/lib/pytest_httpbin/certs
INFO     : root : copying pytest_httpbin/certs/server.key -> build/lib/pytest_httpbin/certs
INFO     : root : copying pytest_httpbin/certs/server.pem -> build/lib/pytest_httpbin/certs
INFO     : root : installing to build/bdist.linux-x86_64/wheel
INFO     : root : running install
INFO     : root : running install_lib
INFO     : root : creating build/bdist.linux-x86_64/wheel
INFO     : root : creating build/bdist.linux-x86_64/wheel/pytest_httpbin
INFO     : root : creating build/bdist.linux-x86_64/wheel/pytest_httpbin/certs
INFO     : root : copying build/lib/pytest_httpbin/certs/server.pem -> build/bdist.linux-x86_64/wheel/./pytest_httpbin/certs
INFO     : root : copying build/lib/pytest_httpbin/certs/server.key -> build/bdist.linux-x86_64/wheel/./pytest_httpbin/certs
INFO     : root : copying build/lib/pytest_httpbin/certs/client.pem -> build/bdist.linux-x86_64/wheel/./pytest_httpbin/certs
INFO     : root : copying build/lib/pytest_httpbin/certs/README.md -> build/bdist.linux-x86_64/wheel/./pytest_httpbin/certs
INFO     : root : copying build/lib/pytest_httpbin/__init__.py -> build/bdist.linux-x86_64/wheel/./pytest_httpbin
INFO     : root : copying build/lib/pytest_httpbin/certs.py -> build/bdist.linux-x86_64/wheel/./pytest_httpbin
INFO     : root : copying build/lib/pytest_httpbin/plugin.py -> build/bdist.linux-x86_64/wheel/./pytest_httpbin
INFO     : root : copying build/lib/pytest_httpbin/serve.py -> build/bdist.linux-x86_64/wheel/./pytest_httpbin
INFO     : root : copying build/lib/pytest_httpbin/version.py -> build/bdist.linux-x86_64/wheel/./pytest_httpbin
INFO     : root : running install_egg_info
INFO     : root : Copying pytest_httpbin.egg-info to build/bdist.linux-x86_64/wheel/./pytest_httpbin-2.1.0-py3.12.egg-info
INFO     : root : running install_scripts
INFO     : root : creating build/bdist.linux-x86_64/wheel/pytest_httpbin-2.1.0.dist-info/WHEEL
INFO     : wheel : creating '/usr/src/RPM/BUILD/python3-module-pytest-httpbin-2.1.0/dist/.tmp-iqvfgwg6/pytest_httpbin-2.1.0-py3-none-any.whl' and adding 'build/bdist.linux-x86_64/wheel' to it
INFO     : wheel : adding 'pytest_httpbin/__init__.py'
INFO     : wheel : adding 'pytest_httpbin/certs.py'
INFO     : wheel : adding 'pytest_httpbin/plugin.py'
INFO     : wheel : adding 'pytest_httpbin/serve.py'
INFO     : wheel : adding 'pytest_httpbin/version.py'
INFO     : wheel : adding 'pytest_httpbin/certs/README.md'
INFO     : wheel : adding 'pytest_httpbin/certs/client.pem'
INFO     : wheel : adding 'pytest_httpbin/certs/server.key'
INFO     : wheel : adding 'pytest_httpbin/certs/server.pem'
INFO     : wheel : adding 'pytest_httpbin-2.1.0.dist-info/licenses/LICENSE'
INFO     : wheel : adding 'pytest_httpbin-2.1.0.dist-info/METADATA'
INFO     : wheel : adding 'pytest_httpbin-2.1.0.dist-info/WHEEL'
INFO     : wheel : adding 'pytest_httpbin-2.1.0.dist-info/entry_points.txt'
INFO     : wheel : adding 'pytest_httpbin-2.1.0.dist-info/top_level.txt'
INFO     : wheel : adding 'pytest_httpbin-2.1.0.dist-info/RECORD'
INFO     : root : removing build/bdist.linux-x86_64/wheel
INFO     : pyproject_installer.build_cmd._build : Built wheel: pytest_httpbin-2.1.0-py3-none-any.whl
+ exit 0
Executing(%install): /bin/sh -e /usr/src/tmp/rpm-tmp.94256
+ umask 022
+ /bin/mkdir -p /usr/src/RPM/BUILD
+ cd /usr/src/RPM/BUILD
+ /bin/chmod -Rf u+rwX -- /usr/src/tmp/python3-module-pytest-httpbin-buildroot
+ :
+ /bin/rm -rf -- /usr/src/tmp/python3-module-pytest-httpbin-buildroot
+ PATH=/usr/libexec/rpm-build:/usr/src/bin:/usr/bin:/bin:/usr/local/bin:/usr/games
+ cd python3-module-pytest-httpbin-2.1.0
+ /usr/bin/python3 -m pyproject_installer -v install --destdir=/usr/src/tmp/python3-module-pytest-httpbin-buildroot
INFO     : pyproject_installer.install_cmd._install : Installing wheel
INFO     : pyproject_installer.install_cmd._install : Wheel directory: /usr/src/RPM/BUILD/python3-module-pytest-httpbin-2.1.0/dist
INFO     : pyproject_installer.install_cmd._install : Wheel filename: pytest_httpbin-2.1.0-py3-none-any.whl
INFO     : pyproject_installer.install_cmd._install : Destination: /usr/src/tmp/python3-module-pytest-httpbin-buildroot
DEBUG    : pyproject_installer.lib.wheel : Parsing wheel filename
DEBUG    : pyproject_installer.lib.wheel : Validating wheel file
DEBUG    : pyproject_installer.lib.wheel : Validating wheel spec version
DEBUG    : pyproject_installer.lib.wheel : Parsing wheel spec metadata
DEBUG    : pyproject_installer.lib.wheel : Validating RECORD
INFO     : pyproject_installer.install_cmd._install : Wheel installation root: /usr/src/tmp/python3-module-pytest-httpbin-buildroot/usr/lib/python3/site-packages
INFO     : pyproject_installer.install_cmd._install : Extracting wheel
DEBUG    : pyproject_installer.install_cmd._install : Filtering out not allowed file: pytest_httpbin-2.1.0.dist-info/licenses/LICENSE
DEBUG    : pyproject_installer.install_cmd._install : Filtering out not allowed file: pytest_httpbin-2.1.0.dist-info/WHEEL
DEBUG    : pyproject_installer.install_cmd._install : Filtering out not allowed file: pytest_httpbin-2.1.0.dist-info/top_level.txt
DEBUG    : pyproject_installer.install_cmd._install : Filtering out not allowed file: pytest_httpbin-2.1.0.dist-info/RECORD
INFO     : pyproject_installer.install_cmd._install : Generating entrypoints scripts
INFO     : pyproject_installer.install_cmd._install : Wheel was installed
+ /usr/lib/rpm/brp-alt
Cleaning files in /usr/src/tmp/python3-module-pytest-httpbin-buildroot (auto)
Verifying and fixing files in /usr/src/tmp/python3-module-pytest-httpbin-buildroot (binconfig,pkgconfig,libtool,desktop,gnuconfig)
Checking contents of files in /usr/src/tmp/python3-module-pytest-httpbin-buildroot/ (default)
Compressing files in /usr/src/tmp/python3-module-pytest-httpbin-buildroot (auto)
Adjusting library links in /usr/src/tmp/python3-module-pytest-httpbin-buildroot
./usr/lib: (from <cmdline>:0)
Verifying ELF objects in /usr/src/tmp/python3-module-pytest-httpbin-buildroot (arch=normal,fhs=normal,lfs=relaxed,lint=relaxed,rpath=normal,stack=normal,textrel=normal,unresolved=normal)
Splitting links to aliased files under /{,s}bin in /usr/src/tmp/python3-module-pytest-httpbin-buildroot
Bytecompiling python3 modules in /usr/src/tmp/python3-module-pytest-httpbin-buildroot using /usr/bin/python3
compile /usr/src/tmp/python3-module-pytest-httpbin-buildroot/usr/lib/python3/site-packages/pytest_httpbin/__init__.py
compile /usr/src/tmp/python3-module-pytest-httpbin-buildroot/usr/lib/python3/site-packages/pytest_httpbin/certs.py
compile /usr/src/tmp/python3-module-pytest-httpbin-buildroot/usr/lib/python3/site-packages/pytest_httpbin/plugin.py
compile /usr/src/tmp/python3-module-pytest-httpbin-buildroot/usr/lib/python3/site-packages/pytest_httpbin/serve.py
compile /usr/src/tmp/python3-module-pytest-httpbin-buildroot/usr/lib/python3/site-packages/pytest_httpbin/version.py
Bytecompiling python3 modules with optimization in /usr/src/tmp/python3-module-pytest-httpbin-buildroot using /usr/bin/python3 -O
compile /usr/src/tmp/python3-module-pytest-httpbin-buildroot/usr/lib/python3/site-packages/pytest_httpbin/__init__.py
compile /usr/src/tmp/python3-module-pytest-httpbin-buildroot/usr/lib/python3/site-packages/pytest_httpbin/certs.py
compile /usr/src/tmp/python3-module-pytest-httpbin-buildroot/usr/lib/python3/site-packages/pytest_httpbin/plugin.py
compile /usr/src/tmp/python3-module-pytest-httpbin-buildroot/usr/lib/python3/site-packages/pytest_httpbin/serve.py
compile /usr/src/tmp/python3-module-pytest-httpbin-buildroot/usr/lib/python3/site-packages/pytest_httpbin/version.py
Bytecompiling python3 modules with optimization-2 in /usr/src/tmp/python3-module-pytest-httpbin-buildroot using /usr/bin/python3 -OO
compile /usr/src/tmp/python3-module-pytest-httpbin-buildroot/usr/lib/python3/site-packages/pytest_httpbin/__init__.py
compile /usr/src/tmp/python3-module-pytest-httpbin-buildroot/usr/lib/python3/site-packages/pytest_httpbin/certs.py
compile /usr/src/tmp/python3-module-pytest-httpbin-buildroot/usr/lib/python3/site-packages/pytest_httpbin/plugin.py
compile /usr/src/tmp/python3-module-pytest-httpbin-buildroot/usr/lib/python3/site-packages/pytest_httpbin/serve.py
compile /usr/src/tmp/python3-module-pytest-httpbin-buildroot/usr/lib/python3/site-packages/pytest_httpbin/version.py
Hardlinking identical .pyc and .opt-?.pyc files
'./usr/lib/python3/site-packages/pytest_httpbin/__pycache__/__init__.cpython-312.opt-1.pyc' => './usr/lib/python3/site-packages/pytest_httpbin/__pycache__/__init__.cpython-312.pyc'
'./usr/lib/python3/site-packages/pytest_httpbin/__pycache__/__init__.cpython-312.opt-2.pyc' => './usr/lib/python3/site-packages/pytest_httpbin/__pycache__/__init__.cpython-312.opt-1.pyc'
'./usr/lib/python3/site-packages/pytest_httpbin/__pycache__/certs.cpython-312.opt-1.pyc' => './usr/lib/python3/site-packages/pytest_httpbin/__pycache__/certs.cpython-312.pyc'
'./usr/lib/python3/site-packages/pytest_httpbin/__pycache__/plugin.cpython-312.opt-1.pyc' => './usr/lib/python3/site-packages/pytest_httpbin/__pycache__/plugin.cpython-312.pyc'
'./usr/lib/python3/site-packages/pytest_httpbin/__pycache__/plugin.cpython-312.opt-2.pyc' => './usr/lib/python3/site-packages/pytest_httpbin/__pycache__/plugin.cpython-312.opt-1.pyc'
'./usr/lib/python3/site-packages/pytest_httpbin/__pycache__/serve.cpython-312.opt-1.pyc' => './usr/lib/python3/site-packages/pytest_httpbin/__pycache__/serve.cpython-312.pyc'
'./usr/lib/python3/site-packages/pytest_httpbin/__pycache__/version.cpython-312.opt-1.pyc' => './usr/lib/python3/site-packages/pytest_httpbin/__pycache__/version.cpython-312.pyc'
'./usr/lib/python3/site-packages/pytest_httpbin/__pycache__/version.cpython-312.opt-2.pyc' => './usr/lib/python3/site-packages/pytest_httpbin/__pycache__/version.cpython-312.opt-1.pyc'
Executing(%check): /bin/sh -e /usr/src/tmp/rpm-tmp.21814
+ umask 022
+ /bin/mkdir -p /usr/src/RPM/BUILD
+ cd /usr/src/RPM/BUILD
+ cd python3-module-pytest-httpbin-2.1.0
+ export 'CFLAGS=-pipe -frecord-gcc-switches -Wall -g -O2 -flto=auto'
+ CFLAGS='-pipe -frecord-gcc-switches -Wall -g -O2 -flto=auto'
+ export 'CXXFLAGS=-pipe -frecord-gcc-switches -Wall -g -O2 -flto=auto'
+ CXXFLAGS='-pipe -frecord-gcc-switches -Wall -g -O2 -flto=auto'
+ export 'FFLAGS=-pipe -frecord-gcc-switches -Wall -g -O2 -flto=auto'
+ FFLAGS='-pipe -frecord-gcc-switches -Wall -g -O2 -flto=auto'
+ export NO_INTERNET=YES
+ NO_INTERNET=YES
+ /usr/bin/python3 -m pyproject_installer run -- python3 -m pytest -ra -Wignore
INFO     : Creating venv
INFO     : Installing console scripts
INFO     : Installing package: /usr/src/RPM/BUILD/python3-module-pytest-httpbin-2.1.0/dist/pytest_httpbin-2.1.0-py3-none-any.whl
INFO     : Running command: ['/usr/src/RPM/BUILD/python3-module-pytest-httpbin-2.1.0/.run_venv/bin/python3', '-m', 'pyproject_installer', 'install', '/usr/src/RPM/BUILD/python3-module-pytest-httpbin-2.1.0/dist/pytest_httpbin-2.1.0-py3-none-any.whl']
INFO     : Running command: ['python3', '-m', 'pytest', '-ra', '-Wignore']
============================= test session starts ==============================
platform linux -- Python 3.12.10, pytest-8.3.5, pluggy-1.5.0
rootdir: /usr/src/RPM/BUILD/python3-module-pytest-httpbin-2.1.0
configfile: pyproject.toml
plugins: httpbin-2.1.0
collected 23 items

tests/test_httpbin.py ...............                                    [ 65%]
tests/test_server.py .127.0.0.1 - - [16/May/2025 02:28:10] "GET /headers HTTP/1.1" 200 156
...pytest-httpbin server hit an exception serving request: _ssl.c:993: The handshake operation timed out
attempting to ignore so the rest of the tests can run
F...                                            [100%]

=================================== FAILURES ===================================
_____________________ test_dont_crash_on_handshake_timeout _____________________

httpbin_secure = <pytest_httpbin.serve.SecureServer object at 0x7fed5c32da00>
capsys = <_pytest.capture.CaptureFixture object at 0x7fed5b88dbe0>

    def test_dont_crash_on_handshake_timeout(httpbin_secure, capsys):
        with socket.socket() as sock:
            sock.connect((httpbin_secure.host, httpbin_secure.port))
            # this request used to hang
            assert sock.recv(1) == b""
    
>       assert (
            re.match(
                r"pytest-httpbin server hit an exception serving request:.* The "
                "handshake operation timed out\nattempting to ignore so the rest "
                "of the tests can run\n",
                capsys.readouterr().out,
            )
            is not None
        )
E       AssertionError: assert None is not None
E        +  where None = <function match at 0x7fed5cf732e0>('pytest-httpbin server hit an exception serving request:.* The handshake operation timed out\nattempting to ignore so the rest of the tests can run\n', '')
E        +    where <function match at 0x7fed5cf732e0> = re.match
E        +    and   '' = CaptureResult(out='', err='').out
E        +      where CaptureResult(out='', err='') = readouterr()
E        +        where readouterr = <_pytest.capture.CaptureFixture object at 0x7fed5b88dbe0>.readouterr

tests/test_server.py:63: AssertionError
=========================== short test summary info ============================
FAILED tests/test_server.py::test_dont_crash_on_handshake_timeout - Assertion...
========================= 1 failed, 22 passed in 3.26s =========================
INFO     : Command's result: FAILURE
INFO     : Command's error: Command '['python3', '-m', 'pytest', '-ra', '-Wignore']' returned non-zero exit status 1.
error: Bad exit status from /usr/src/tmp/rpm-tmp.21814 (%check)


RPM build errors:
    File /usr/src/RPM/SOURCES/python3-module-pytest-httpbin-2.1.0-alt.patch is smaller than 8 bytes
    Bad exit status from /usr/src/tmp/rpm-tmp.21814 (%check)
Command exited with non-zero status 1
3.61user 1.16system 0:08.54elapsed 55%CPU (0avgtext+0avgdata 45468maxresident)k
0inputs+0outputs (0major+149281minor)pagefaults 0swaps
hsh-rebuild: rebuild of `python3-module-pytest-httpbin-2.1.0-alt1.src.rpm' failed.
Command exited with non-zero status 1
7.11user 3.60system 0:27.54elapsed 38%CPU (0avgtext+0avgdata 140884maxresident)k
864inputs+0outputs (0major+284859minor)pagefaults 0swaps
